[2025-06-09T09:56:11.409+0000] {taskinstance.py:1956} INFO - Dependencies all met for dep_context=non-requeueable deps ti=<TaskInstance: kafka_ecommerce_pipeline.run_kafka_producer scheduled__2025-06-09T09:55:00+00:00 [queued]>
[2025-06-09T09:56:11.414+0000] {taskinstance.py:1956} INFO - Dependencies all met for dep_context=requeueable deps ti=<TaskInstance: kafka_ecommerce_pipeline.run_kafka_producer scheduled__2025-06-09T09:55:00+00:00 [queued]>
[2025-06-09T09:56:11.414+0000] {taskinstance.py:2170} INFO - Starting attempt 1 of 3
[2025-06-09T09:56:11.421+0000] {taskinstance.py:2191} INFO - Executing <Task(BashOperator): run_kafka_producer> on 2025-06-09 09:55:00+00:00
[2025-06-09T09:56:11.425+0000] {standard_task_runner.py:60} INFO - Started process 906 to run task
[2025-06-09T09:56:11.432+0000] {standard_task_runner.py:87} INFO - Running: ['***', 'tasks', 'run', 'kafka_ecommerce_pipeline', 'run_kafka_producer', 'scheduled__2025-06-09T09:55:00+00:00', '--job-id', '76', '--raw', '--subdir', 'DAGS_FOLDER/kafka_data_pipeline.py', '--cfg-path', '/tmp/tmpz8gjm78b']
[2025-06-09T09:56:11.434+0000] {standard_task_runner.py:88} INFO - Job 76: Subtask run_kafka_producer
[2025-06-09T09:56:11.471+0000] {task_command.py:423} INFO - Running <TaskInstance: kafka_ecommerce_pipeline.run_kafka_producer scheduled__2025-06-09T09:55:00+00:00 [running]> on host e695025acf97
[2025-06-09T09:56:11.518+0000] {taskinstance.py:2480} INFO - Exporting env vars: AIRFLOW_CTX_DAG_OWNER='data-engineering-team' AIRFLOW_CTX_DAG_ID='kafka_ecommerce_pipeline' AIRFLOW_CTX_TASK_ID='run_kafka_producer' AIRFLOW_CTX_EXECUTION_DATE='2025-06-09T09:55:00+00:00' AIRFLOW_CTX_TRY_NUMBER='1' AIRFLOW_CTX_DAG_RUN_ID='scheduled__2025-06-09T09:55:00+00:00'
[2025-06-09T09:56:11.519+0000] {subprocess.py:63} INFO - Tmp dir root location: /tmp
[2025-06-09T09:56:11.520+0000] {subprocess.py:75} INFO - Running command: ['/usr/bin/bash', '-c', 'cd /opt/***/ecom_etl/ && python kafka_scripts/producer.py']
[2025-06-09T09:56:11.526+0000] {subprocess.py:86} INFO - Output:
[2025-06-09T09:56:11.790+0000] {subprocess.py:93} INFO - 🚀 Starting E-Commerce Event Producer
[2025-06-09T09:56:11.792+0000] {subprocess.py:93} INFO - 🔗 Kafka Bootstrap Servers: kafka:29092
[2025-06-09T09:56:11.792+0000] {subprocess.py:93} INFO - 🚀 Initializing Kafka producer with bootstrap servers: kafka:29092
[2025-06-09T09:56:11.814+0000] {subprocess.py:93} INFO - ⚠️ Error creating topics: [Error 36] TopicAlreadyExistsError: Request 'CreateTopicsRequest_v3(create_topic_requests=[(topic='ecommerce.product.views', num_partitions=3, replication_factor=1, replica_assignment=[], configs=[]), (topic='ecommerce.cart.add', num_partitions=3, replication_factor=1, replica_assignment=[], configs=[]), (topic='ecommerce.wishlist.add', num_partitions=3, replication_factor=1, replica_assignment=[], configs=[]), (topic='ecommerce.orders.completed', num_partitions=3, replication_factor=1, replica_assignment=[], configs=[])], timeout=30000, validate_only=False)' failed with response 'CreateTopicsResponse_v3(throttle_time_ms=0, topic_errors=[(topic='ecommerce.product.views', error_code=36, error_message="Topic 'ecommerce.product.views' already exists."), (topic='ecommerce.cart.add', error_code=36, error_message="Topic 'ecommerce.cart.add' already exists."), (topic='ecommerce.wishlist.add', error_code=36, error_message="Topic 'ecommerce.wishlist.add' already exists."), (topic='ecommerce.orders.completed', error_code=36, error_message="Topic 'ecommerce.orders.completed' already exists.")])'.
[2025-06-09T09:56:11.834+0000] {subprocess.py:93} INFO - ✅ Successfully connected to Kafka
[2025-06-09T09:56:11.834+0000] {subprocess.py:93} INFO - 📤 Sending 50 sample events...
[2025-06-09T09:56:11.933+0000] {subprocess.py:93} INFO - ✅ Sent to ecommerce.orders.completed: order_completed (partition: 1, offset: 11)
[2025-06-09T09:56:12.048+0000] {subprocess.py:93} INFO - ✅ Sent to ecommerce.product.views: product_view (partition: 1, offset: 87)
[2025-06-09T09:56:12.156+0000] {subprocess.py:93} INFO - ✅ Sent to ecommerce.product.views: product_view (partition: 1, offset: 88)
[2025-06-09T09:56:12.271+0000] {subprocess.py:93} INFO - ✅ Sent to ecommerce.cart.add: add_to_cart (partition: 1, offset: 38)
[2025-06-09T09:56:12.374+0000] {subprocess.py:93} INFO - ✅ Sent to ecommerce.product.views: product_view (partition: 0, offset: 73)
[2025-06-09T09:56:12.482+0000] {subprocess.py:93} INFO - ✅ Sent to ecommerce.product.views: product_view (partition: 0, offset: 74)
[2025-06-09T09:56:12.591+0000] {subprocess.py:93} INFO - ✅ Sent to ecommerce.cart.add: add_to_cart (partition: 0, offset: 40)
[2025-06-09T09:56:12.701+0000] {subprocess.py:93} INFO - ✅ Sent to ecommerce.wishlist.add: add_to_wishlist (partition: 2, offset: 29)
[2025-06-09T09:56:12.807+0000] {subprocess.py:93} INFO - ✅ Sent to ecommerce.product.views: product_view (partition: 2, offset: 90)
[2025-06-09T09:56:12.910+0000] {subprocess.py:93} INFO - ✅ Sent to ecommerce.cart.add: add_to_cart (partition: 1, offset: 39)
[2025-06-09T09:56:13.017+0000] {subprocess.py:93} INFO - 📊 Sent 10/50 events...
[2025-06-09T09:56:13.024+0000] {subprocess.py:93} INFO - ✅ Sent to ecommerce.orders.completed: order_completed (partition: 2, offset: 26)
[2025-06-09T09:56:13.134+0000] {subprocess.py:93} INFO - ✅ Sent to ecommerce.product.views: product_view (partition: 2, offset: 91)
[2025-06-09T09:56:13.244+0000] {subprocess.py:93} INFO - ✅ Sent to ecommerce.cart.add: add_to_cart (partition: 2, offset: 52)
[2025-06-09T09:56:13.348+0000] {subprocess.py:93} INFO - ✅ Sent to ecommerce.product.views: product_view (partition: 1, offset: 89)
[2025-06-09T09:56:13.450+0000] {subprocess.py:93} INFO - ✅ Sent to ecommerce.wishlist.add: add_to_wishlist (partition: 2, offset: 30)
[2025-06-09T09:56:13.559+0000] {subprocess.py:93} INFO - ✅ Sent to ecommerce.cart.add: add_to_cart (partition: 1, offset: 40)
[2025-06-09T09:56:13.672+0000] {subprocess.py:93} INFO - ✅ Sent to ecommerce.product.views: product_view (partition: 2, offset: 92)
[2025-06-09T09:56:13.777+0000] {subprocess.py:93} INFO - ✅ Sent to ecommerce.product.views: product_view (partition: 2, offset: 93)
[2025-06-09T09:56:13.881+0000] {subprocess.py:93} INFO - ✅ Sent to ecommerce.cart.add: add_to_cart (partition: 2, offset: 53)
[2025-06-09T09:56:14.001+0000] {subprocess.py:93} INFO - ✅ Sent to ecommerce.product.views: product_view (partition: 2, offset: 94)
[2025-06-09T09:56:14.101+0000] {subprocess.py:93} INFO - 📊 Sent 20/50 events...
[2025-06-09T09:56:14.106+0000] {subprocess.py:93} INFO - ✅ Sent to ecommerce.orders.completed: order_completed (partition: 1, offset: 12)
[2025-06-09T09:56:14.209+0000] {subprocess.py:93} INFO - ✅ Sent to ecommerce.wishlist.add: add_to_wishlist (partition: 2, offset: 31)
[2025-06-09T09:56:14.316+0000] {subprocess.py:93} INFO - ✅ Sent to ecommerce.product.views: product_view (partition: 2, offset: 95)
[2025-06-09T09:56:14.426+0000] {subprocess.py:93} INFO - ✅ Sent to ecommerce.product.views: product_view (partition: 2, offset: 96)
[2025-06-09T09:56:14.530+0000] {subprocess.py:93} INFO - ✅ Sent to ecommerce.cart.add: add_to_cart (partition: 2, offset: 54)
[2025-06-09T09:56:14.639+0000] {subprocess.py:93} INFO - ✅ Sent to ecommerce.product.views: product_view (partition: 1, offset: 90)
[2025-06-09T09:56:14.749+0000] {subprocess.py:93} INFO - ✅ Sent to ecommerce.product.views: product_view (partition: 0, offset: 75)
[2025-06-09T09:56:14.855+0000] {subprocess.py:93} INFO - ✅ Sent to ecommerce.cart.add: add_to_cart (partition: 1, offset: 41)
[2025-06-09T09:56:14.964+0000] {subprocess.py:93} INFO - ✅ Sent to ecommerce.wishlist.add: add_to_wishlist (partition: 0, offset: 21)
[2025-06-09T09:56:15.075+0000] {subprocess.py:93} INFO - ✅ Sent to ecommerce.product.views: product_view (partition: 0, offset: 76)
[2025-06-09T09:56:15.179+0000] {subprocess.py:93} INFO - 📊 Sent 30/50 events...
[2025-06-09T09:56:15.183+0000] {subprocess.py:93} INFO - ✅ Sent to ecommerce.orders.completed: order_completed (partition: 2, offset: 27)
[2025-06-09T09:56:15.295+0000] {subprocess.py:93} INFO - ✅ Sent to ecommerce.product.views: product_view (partition: 2, offset: 97)
[2025-06-09T09:56:15.406+0000] {subprocess.py:93} INFO - ✅ Sent to ecommerce.product.views: product_view (partition: 1, offset: 91)
[2025-06-09T09:56:15.515+0000] {subprocess.py:93} INFO - ✅ Sent to ecommerce.cart.add: add_to_cart (partition: 1, offset: 42)
[2025-06-09T09:56:15.627+0000] {subprocess.py:93} INFO - ✅ Sent to ecommerce.product.views: product_view (partition: 2, offset: 98)
[2025-06-09T09:56:15.735+0000] {subprocess.py:93} INFO - ✅ Sent to ecommerce.wishlist.add: add_to_wishlist (partition: 2, offset: 32)
[2025-06-09T09:56:15.847+0000] {subprocess.py:93} INFO - ✅ Sent to ecommerce.cart.add: add_to_cart (partition: 1, offset: 43)
[2025-06-09T09:56:15.951+0000] {subprocess.py:93} INFO - ✅ Sent to ecommerce.product.views: product_view (partition: 2, offset: 99)
[2025-06-09T09:56:16.059+0000] {subprocess.py:93} INFO - ✅ Sent to ecommerce.product.views: product_view (partition: 1, offset: 92)
[2025-06-09T09:56:16.162+0000] {subprocess.py:93} INFO - ✅ Sent to ecommerce.cart.add: add_to_cart (partition: 0, offset: 41)
[2025-06-09T09:56:16.267+0000] {subprocess.py:93} INFO - 📊 Sent 40/50 events...
[2025-06-09T09:56:16.270+0000] {subprocess.py:93} INFO - ✅ Sent to ecommerce.orders.completed: order_completed (partition: 2, offset: 28)
[2025-06-09T09:56:16.383+0000] {subprocess.py:93} INFO - ✅ Sent to ecommerce.product.views: product_view (partition: 2, offset: 100)
[2025-06-09T09:56:16.493+0000] {subprocess.py:93} INFO - ✅ Sent to ecommerce.wishlist.add: add_to_wishlist (partition: 1, offset: 20)
[2025-06-09T09:56:16.601+0000] {subprocess.py:93} INFO - ✅ Sent to ecommerce.product.views: product_view (partition: 2, offset: 101)
[2025-06-09T09:56:16.708+0000] {subprocess.py:93} INFO - ✅ Sent to ecommerce.product.views: product_view (partition: 1, offset: 93)
[2025-06-09T09:56:16.815+0000] {subprocess.py:93} INFO - ✅ Sent to ecommerce.cart.add: add_to_cart (partition: 1, offset: 44)
[2025-06-09T09:56:16.923+0000] {subprocess.py:93} INFO - ✅ Sent to ecommerce.product.views: product_view (partition: 2, offset: 102)
[2025-06-09T09:56:17.035+0000] {subprocess.py:93} INFO - ✅ Sent to ecommerce.product.views: product_view (partition: 2, offset: 103)
[2025-06-09T09:56:17.149+0000] {subprocess.py:93} INFO - ✅ Sent to ecommerce.cart.add: add_to_cart (partition: 0, offset: 42)
[2025-06-09T09:56:17.253+0000] {subprocess.py:93} INFO - ✅ Sent to ecommerce.wishlist.add: add_to_wishlist (partition: 0, offset: 22)
[2025-06-09T09:56:17.356+0000] {subprocess.py:93} INFO - 📊 Sent 50/50 events...
[2025-06-09T09:56:17.357+0000] {subprocess.py:93} INFO - ✅ Batch complete: 50 events sent successfully
[2025-06-09T09:56:17.358+0000] {subprocess.py:93} INFO - ✅ Producer closed successfully
[2025-06-09T09:56:17.459+0000] {subprocess.py:97} INFO - Command exited with return code 0
[2025-06-09T09:56:17.485+0000] {taskinstance.py:1138} INFO - Marking task as SUCCESS. dag_id=kafka_ecommerce_pipeline, task_id=run_kafka_producer, execution_date=20250609T095500, start_date=20250609T095611, end_date=20250609T095617
[2025-06-09T09:56:17.523+0000] {local_task_job_runner.py:234} INFO - Task exited with return code 0
[2025-06-09T09:56:17.550+0000] {taskinstance.py:3280} INFO - 1 downstream tasks scheduled from follow-on schedule check
