[2025-06-09T06:26:57.848+0000] {taskinstance.py:1956} INFO - Dependencies all met for dep_context=non-requeueable deps ti=<TaskInstance: kafka_ecommerce_pipeline.verify_pipeline_results scheduled__2025-06-09T06:20:00+00:00 [queued]>
[2025-06-09T06:26:57.853+0000] {taskinstance.py:1956} INFO - Dependencies all met for dep_context=requeueable deps ti=<TaskInstance: kafka_ecommerce_pipeline.verify_pipeline_results scheduled__2025-06-09T06:20:00+00:00 [queued]>
[2025-06-09T06:26:57.853+0000] {taskinstance.py:2170} INFO - Starting attempt 1 of 3
[2025-06-09T06:26:57.859+0000] {taskinstance.py:2191} INFO - Executing <Task(PythonOperator): verify_pipeline_results> on 2025-06-09 06:20:00+00:00
[2025-06-09T06:26:57.863+0000] {standard_task_runner.py:60} INFO - Started process 851 to run task
[2025-06-09T06:26:57.865+0000] {standard_task_runner.py:87} INFO - Running: ['***', 'tasks', 'run', 'kafka_ecommerce_pipeline', 'verify_pipeline_results', 'scheduled__2025-06-09T06:20:00+00:00', '--job-id', '43', '--raw', '--subdir', 'DAGS_FOLDER/kafka_data_pipeline.py', '--cfg-path', '/tmp/tmpdfk113_o']
[2025-06-09T06:26:57.867+0000] {standard_task_runner.py:88} INFO - Job 43: Subtask verify_pipeline_results
[2025-06-09T06:26:57.909+0000] {task_command.py:423} INFO - Running <TaskInstance: kafka_ecommerce_pipeline.verify_pipeline_results scheduled__2025-06-09T06:20:00+00:00 [running]> on host 214da608bc37
[2025-06-09T06:26:57.960+0000] {taskinstance.py:2480} INFO - Exporting env vars: AIRFLOW_CTX_DAG_OWNER='data-engineering-team' AIRFLOW_CTX_DAG_ID='kafka_ecommerce_pipeline' AIRFLOW_CTX_TASK_ID='verify_pipeline_results' AIRFLOW_CTX_EXECUTION_DATE='2025-06-09T06:20:00+00:00' AIRFLOW_CTX_TRY_NUMBER='1' AIRFLOW_CTX_DAG_RUN_ID='scheduled__2025-06-09T06:20:00+00:00'
[2025-06-09T06:26:57.964+0000] {kafka_data_pipeline.py:175} INFO - 📊 Pipeline Results:
[2025-06-09T06:26:57.964+0000] {kafka_data_pipeline.py:176} INFO -    👀 Total Views: 59
[2025-06-09T06:26:57.964+0000] {kafka_data_pipeline.py:177} INFO -    🛒 Total Cart Adds: 19
[2025-06-09T06:26:57.964+0000] {kafka_data_pipeline.py:178} INFO -    ❤️ Total Wishlist Adds: 11
[2025-06-09T06:26:57.964+0000] {kafka_data_pipeline.py:179} INFO -    📦 Total Orders: 11
[2025-06-09T06:26:57.965+0000] {kafka_data_pipeline.py:180} INFO -    💰 Total Revenue: $26089.65
[2025-06-09T06:26:57.965+0000] {kafka_data_pipeline.py:181} INFO -    🕐 Last Updated: 2025-06-09T06:26:53.978263
[2025-06-09T06:26:57.965+0000] {kafka_data_pipeline.py:186} INFO - 🔥 Recent Orders:
[2025-06-09T06:26:57.965+0000] {kafka_data_pipeline.py:189} INFO -    • order_52144: $199.99 (1 items)
[2025-06-09T06:26:57.965+0000] {kafka_data_pipeline.py:189} INFO -    • order_18455: $999.99 (1 items)
[2025-06-09T06:26:57.965+0000] {kafka_data_pipeline.py:189} INFO -    • order_73960: $389.97 (2 items)
[2025-06-09T06:26:57.965+0000] {kafka_data_pipeline.py:189} INFO -    • order_62597: $7999.95 (3 items)
[2025-06-09T06:26:57.965+0000] {kafka_data_pipeline.py:189} INFO -    • order_28547: $2489.93 (4 items)
[2025-06-09T06:26:57.966+0000] {kafka_data_pipeline.py:194} INFO - ✅ Pipeline completed successfully - Last activity: 2025-06-09T06:26:53.980601
[2025-06-09T06:26:57.966+0000] {python.py:201} INFO - Done. Returned value was: None
[2025-06-09T06:26:57.973+0000] {taskinstance.py:1138} INFO - Marking task as SUCCESS. dag_id=kafka_ecommerce_pipeline, task_id=verify_pipeline_results, execution_date=20250609T062000, start_date=20250609T062657, end_date=20250609T062657
[2025-06-09T06:26:58.009+0000] {local_task_job_runner.py:234} INFO - Task exited with return code 0
[2025-06-09T06:26:58.025+0000] {taskinstance.py:3280} INFO - 1 downstream tasks scheduled from follow-on schedule check
