[2025-06-09T09:44:51.218+0000] {taskinstance.py:1956} INFO - Dependencies all met for dep_context=non-requeueable deps ti=<TaskInstance: kafka_ecommerce_pipeline.verify_pipeline_results manual__2025-06-09T09:42:32.791092+00:00 [queued]>
[2025-06-09T09:44:51.223+0000] {taskinstance.py:1956} INFO - Dependencies all met for dep_context=requeueable deps ti=<TaskInstance: kafka_ecommerce_pipeline.verify_pipeline_results manual__2025-06-09T09:42:32.791092+00:00 [queued]>
[2025-06-09T09:44:51.223+0000] {taskinstance.py:2170} INFO - Starting attempt 1 of 3
[2025-06-09T09:44:51.229+0000] {taskinstance.py:2191} INFO - Executing <Task(PythonOperator): verify_pipeline_results> on 2025-06-09 09:42:32.791092+00:00
[2025-06-09T09:44:51.232+0000] {standard_task_runner.py:60} INFO - Started process 238 to run task
[2025-06-09T09:44:51.235+0000] {standard_task_runner.py:87} INFO - Running: ['***', 'tasks', 'run', 'kafka_ecommerce_pipeline', 'verify_pipeline_results', 'manual__2025-06-09T09:42:32.791092+00:00', '--job-id', '16', '--raw', '--subdir', 'DAGS_FOLDER/kafka_data_pipeline.py', '--cfg-path', '/tmp/tmparmagbi4']
[2025-06-09T09:44:51.236+0000] {standard_task_runner.py:88} INFO - Job 16: Subtask verify_pipeline_results
[2025-06-09T09:44:51.281+0000] {task_command.py:423} INFO - Running <TaskInstance: kafka_ecommerce_pipeline.verify_pipeline_results manual__2025-06-09T09:42:32.791092+00:00 [running]> on host e695025acf97
[2025-06-09T09:44:51.339+0000] {taskinstance.py:2480} INFO - Exporting env vars: AIRFLOW_CTX_DAG_OWNER='data-engineering-team' AIRFLOW_CTX_DAG_ID='kafka_ecommerce_pipeline' AIRFLOW_CTX_TASK_ID='verify_pipeline_results' AIRFLOW_CTX_EXECUTION_DATE='2025-06-09T09:42:32.791092+00:00' AIRFLOW_CTX_TRY_NUMBER='1' AIRFLOW_CTX_DAG_RUN_ID='manual__2025-06-09T09:42:32.791092+00:00'
[2025-06-09T09:44:51.342+0000] {kafka_data_pipeline.py:175} INFO - 📊 Pipeline Results:
[2025-06-09T09:44:51.342+0000] {kafka_data_pipeline.py:176} INFO -  👀 Total Views: 25
[2025-06-09T09:44:51.343+0000] {kafka_data_pipeline.py:177} INFO -  🛒 Total Cart Adds: 13
[2025-06-09T09:44:51.343+0000] {kafka_data_pipeline.py:178} INFO -  ❤️ Total Wishlist Adds: 7
[2025-06-09T09:44:51.343+0000] {kafka_data_pipeline.py:179} INFO -  📦 Total Orders: 5
[2025-06-09T09:44:51.343+0000] {kafka_data_pipeline.py:180} INFO -  💰 Total Revenue: $13529.75
[2025-06-09T09:44:51.343+0000] {kafka_data_pipeline.py:181} INFO -  🕐 Last Updated: 2025-06-09T09:44:39.806878
[2025-06-09T09:44:51.343+0000] {kafka_data_pipeline.py:186} INFO - 🔥 Recent Orders:
[2025-06-09T09:44:51.344+0000] {kafka_data_pipeline.py:189} INFO -  • order_32fcd990: $2299.96 (2 items)
[2025-06-09T09:44:51.344+0000] {kafka_data_pipeline.py:189} INFO -  • order_6c85d5a3: $2289.95 (3 items)
[2025-06-09T09:44:51.344+0000] {kafka_data_pipeline.py:189} INFO -  • order_f80e25f5: $5909.93 (4 items)
[2025-06-09T09:44:51.344+0000] {kafka_data_pipeline.py:189} INFO -  • order_ea2f97fc: $389.97 (2 items)
[2025-06-09T09:44:51.344+0000] {kafka_data_pipeline.py:189} INFO -  • order_7d7e3097: $2639.94 (4 items)
[2025-06-09T09:44:51.344+0000] {kafka_data_pipeline.py:194} INFO - ✅ Pipeline completed successfully - Last activity: 2025-06-09T09:44:39.823797
[2025-06-09T09:44:51.345+0000] {python.py:201} INFO - Done. Returned value was: None
[2025-06-09T09:44:51.352+0000] {taskinstance.py:1138} INFO - Marking task as SUCCESS. dag_id=kafka_ecommerce_pipeline, task_id=verify_pipeline_results, execution_date=20250609T094232, start_date=20250609T094451, end_date=20250609T094451
[2025-06-09T09:44:51.376+0000] {local_task_job_runner.py:234} INFO - Task exited with return code 0
[2025-06-09T09:44:51.390+0000] {taskinstance.py:3280} INFO - 1 downstream tasks scheduled from follow-on schedule check
