[2025-06-09T09:54:18.265+0000] {taskinstance.py:1956} INFO - Dependencies all met for dep_context=non-requeueable deps ti=<TaskInstance: kafka_ecommerce_pipeline.run_kafka_producer scheduled__2025-06-09T09:53:00+00:00 [queued]>
[2025-06-09T09:54:18.270+0000] {taskinstance.py:1956} INFO - Dependencies all met for dep_context=requeueable deps ti=<TaskInstance: kafka_ecommerce_pipeline.run_kafka_producer scheduled__2025-06-09T09:53:00+00:00 [queued]>
[2025-06-09T09:54:18.270+0000] {taskinstance.py:2170} INFO - Starting attempt 1 of 3
[2025-06-09T09:54:18.276+0000] {taskinstance.py:2191} INFO - Executing <Task(BashOperator): run_kafka_producer> on 2025-06-09 09:53:00+00:00
[2025-06-09T09:54:18.279+0000] {standard_task_runner.py:60} INFO - Started process 767 to run task
[2025-06-09T09:54:18.282+0000] {standard_task_runner.py:87} INFO - Running: ['***', 'tasks', 'run', 'kafka_ecommerce_pipeline', 'run_kafka_producer', 'scheduled__2025-06-09T09:53:00+00:00', '--job-id', '62', '--raw', '--subdir', 'DAGS_FOLDER/kafka_data_pipeline.py', '--cfg-path', '/tmp/tmpl0zx0boc']
[2025-06-09T09:54:18.283+0000] {standard_task_runner.py:88} INFO - Job 62: Subtask run_kafka_producer
[2025-06-09T09:54:18.384+0000] {task_command.py:423} INFO - Running <TaskInstance: kafka_ecommerce_pipeline.run_kafka_producer scheduled__2025-06-09T09:53:00+00:00 [running]> on host e695025acf97
[2025-06-09T09:54:18.469+0000] {taskinstance.py:2480} INFO - Exporting env vars: AIRFLOW_CTX_DAG_OWNER='data-engineering-team' AIRFLOW_CTX_DAG_ID='kafka_ecommerce_pipeline' AIRFLOW_CTX_TASK_ID='run_kafka_producer' AIRFLOW_CTX_EXECUTION_DATE='2025-06-09T09:53:00+00:00' AIRFLOW_CTX_TRY_NUMBER='1' AIRFLOW_CTX_DAG_RUN_ID='scheduled__2025-06-09T09:53:00+00:00'
[2025-06-09T09:54:18.471+0000] {subprocess.py:63} INFO - Tmp dir root location: /tmp
[2025-06-09T09:54:18.473+0000] {subprocess.py:75} INFO - Running command: ['/usr/bin/bash', '-c', 'cd /opt/***/ecom_etl/ && python kafka_scripts/producer.py']
[2025-06-09T09:54:18.493+0000] {subprocess.py:86} INFO - Output:
[2025-06-09T09:54:19.097+0000] {subprocess.py:93} INFO - 🚀 Starting E-Commerce Event Producer
[2025-06-09T09:54:19.104+0000] {subprocess.py:93} INFO - 🔗 Kafka Bootstrap Servers: kafka:29092
[2025-06-09T09:54:19.106+0000] {subprocess.py:93} INFO - 🚀 Initializing Kafka producer with bootstrap servers: kafka:29092
[2025-06-09T09:54:19.150+0000] {subprocess.py:93} INFO - ⚠️ Error creating topics: [Error 36] TopicAlreadyExistsError: Request 'CreateTopicsRequest_v3(create_topic_requests=[(topic='ecommerce.product.views', num_partitions=3, replication_factor=1, replica_assignment=[], configs=[]), (topic='ecommerce.cart.add', num_partitions=3, replication_factor=1, replica_assignment=[], configs=[]), (topic='ecommerce.wishlist.add', num_partitions=3, replication_factor=1, replica_assignment=[], configs=[]), (topic='ecommerce.orders.completed', num_partitions=3, replication_factor=1, replica_assignment=[], configs=[])], timeout=30000, validate_only=False)' failed with response 'CreateTopicsResponse_v3(throttle_time_ms=0, topic_errors=[(topic='ecommerce.product.views', error_code=36, error_message="Topic 'ecommerce.product.views' already exists."), (topic='ecommerce.cart.add', error_code=36, error_message="Topic 'ecommerce.cart.add' already exists."), (topic='ecommerce.wishlist.add', error_code=36, error_message="Topic 'ecommerce.wishlist.add' already exists."), (topic='ecommerce.orders.completed', error_code=36, error_message="Topic 'ecommerce.orders.completed' already exists.")])'.
[2025-06-09T09:54:19.202+0000] {subprocess.py:93} INFO - ✅ Successfully connected to Kafka
[2025-06-09T09:54:19.203+0000] {subprocess.py:93} INFO - 📤 Sending 50 sample events...
[2025-06-09T09:54:19.300+0000] {subprocess.py:93} INFO - ✅ Sent to ecommerce.orders.completed: order_completed (partition: 0, offset: 11)
[2025-06-09T09:54:19.414+0000] {subprocess.py:93} INFO - ✅ Sent to ecommerce.product.views: product_view (partition: 1, offset: 68)
[2025-06-09T09:54:19.520+0000] {subprocess.py:93} INFO - ✅ Sent to ecommerce.product.views: product_view (partition: 2, offset: 68)
[2025-06-09T09:54:19.625+0000] {subprocess.py:93} INFO - ✅ Sent to ecommerce.cart.add: add_to_cart (partition: 1, offset: 31)
[2025-06-09T09:54:19.733+0000] {subprocess.py:93} INFO - ✅ Sent to ecommerce.product.views: product_view (partition: 0, offset: 64)
[2025-06-09T09:54:19.848+0000] {subprocess.py:93} INFO - ✅ Sent to ecommerce.product.views: product_view (partition: 1, offset: 69)
[2025-06-09T09:54:19.961+0000] {subprocess.py:93} INFO - ✅ Sent to ecommerce.cart.add: add_to_cart (partition: 0, offset: 34)
[2025-06-09T09:54:20.073+0000] {subprocess.py:93} INFO - ✅ Sent to ecommerce.wishlist.add: add_to_wishlist (partition: 0, offset: 17)
[2025-06-09T09:54:20.181+0000] {subprocess.py:93} INFO - ✅ Sent to ecommerce.product.views: product_view (partition: 0, offset: 65)
[2025-06-09T09:54:20.288+0000] {subprocess.py:93} INFO - ✅ Sent to ecommerce.cart.add: add_to_cart (partition: 0, offset: 35)
[2025-06-09T09:54:20.391+0000] {subprocess.py:93} INFO - 📊 Sent 10/50 events...
[2025-06-09T09:54:20.419+0000] {subprocess.py:93} INFO - ✅ Sent to ecommerce.orders.completed: order_completed (partition: 2, offset: 21)
[2025-06-09T09:54:20.535+0000] {subprocess.py:93} INFO - ✅ Sent to ecommerce.product.views: product_view (partition: 1, offset: 70)
[2025-06-09T09:54:20.638+0000] {subprocess.py:93} INFO - ✅ Sent to ecommerce.cart.add: add_to_cart (partition: 0, offset: 36)
[2025-06-09T09:54:20.741+0000] {subprocess.py:93} INFO - ✅ Sent to ecommerce.product.views: product_view (partition: 2, offset: 69)
[2025-06-09T09:54:20.847+0000] {subprocess.py:93} INFO - ✅ Sent to ecommerce.wishlist.add: add_to_wishlist (partition: 2, offset: 24)
[2025-06-09T09:54:20.964+0000] {subprocess.py:93} INFO - ✅ Sent to ecommerce.cart.add: add_to_cart (partition: 2, offset: 39)
[2025-06-09T09:54:21.068+0000] {subprocess.py:93} INFO - ✅ Sent to ecommerce.product.views: product_view (partition: 1, offset: 71)
[2025-06-09T09:54:21.178+0000] {subprocess.py:93} INFO - ✅ Sent to ecommerce.product.views: product_view (partition: 0, offset: 66)
[2025-06-09T09:54:21.284+0000] {subprocess.py:93} INFO - ✅ Sent to ecommerce.cart.add: add_to_cart (partition: 2, offset: 40)
[2025-06-09T09:54:21.389+0000] {subprocess.py:93} INFO - ✅ Sent to ecommerce.product.views: product_view (partition: 1, offset: 72)
[2025-06-09T09:54:21.490+0000] {subprocess.py:93} INFO - 📊 Sent 20/50 events...
[2025-06-09T09:54:21.495+0000] {subprocess.py:93} INFO - ✅ Sent to ecommerce.orders.completed: order_completed (partition: 1, offset: 8)
[2025-06-09T09:54:21.602+0000] {subprocess.py:93} INFO - ✅ Sent to ecommerce.wishlist.add: add_to_wishlist (partition: 2, offset: 25)
[2025-06-09T09:54:21.707+0000] {subprocess.py:93} INFO - ✅ Sent to ecommerce.product.views: product_view (partition: 2, offset: 70)
[2025-06-09T09:54:21.812+0000] {subprocess.py:93} INFO - ✅ Sent to ecommerce.product.views: product_view (partition: 1, offset: 73)
[2025-06-09T09:54:21.921+0000] {subprocess.py:93} INFO - ✅ Sent to ecommerce.cart.add: add_to_cart (partition: 1, offset: 32)
[2025-06-09T09:54:22.028+0000] {subprocess.py:93} INFO - ✅ Sent to ecommerce.product.views: product_view (partition: 2, offset: 71)
[2025-06-09T09:54:22.132+0000] {subprocess.py:93} INFO - ✅ Sent to ecommerce.product.views: product_view (partition: 2, offset: 72)
[2025-06-09T09:54:22.237+0000] {subprocess.py:93} INFO - ✅ Sent to ecommerce.cart.add: add_to_cart (partition: 2, offset: 41)
[2025-06-09T09:54:22.345+0000] {subprocess.py:93} INFO - ✅ Sent to ecommerce.wishlist.add: add_to_wishlist (partition: 1, offset: 15)
[2025-06-09T09:54:22.450+0000] {subprocess.py:93} INFO - ✅ Sent to ecommerce.product.views: product_view (partition: 2, offset: 73)
[2025-06-09T09:54:22.554+0000] {subprocess.py:93} INFO - 📊 Sent 30/50 events...
[2025-06-09T09:54:22.559+0000] {subprocess.py:93} INFO - ✅ Sent to ecommerce.orders.completed: order_completed (partition: 1, offset: 9)
[2025-06-09T09:54:22.668+0000] {subprocess.py:93} INFO - ✅ Sent to ecommerce.product.views: product_view (partition: 2, offset: 74)
[2025-06-09T09:54:22.793+0000] {subprocess.py:93} INFO - ✅ Sent to ecommerce.product.views: product_view (partition: 2, offset: 75)
[2025-06-09T09:54:22.900+0000] {subprocess.py:93} INFO - ✅ Sent to ecommerce.cart.add: add_to_cart (partition: 2, offset: 42)
[2025-06-09T09:54:23.010+0000] {subprocess.py:93} INFO - ✅ Sent to ecommerce.product.views: product_view (partition: 0, offset: 67)
[2025-06-09T09:54:23.115+0000] {subprocess.py:93} INFO - ✅ Sent to ecommerce.wishlist.add: add_to_wishlist (partition: 0, offset: 18)
[2025-06-09T09:54:23.219+0000] {subprocess.py:93} INFO - ✅ Sent to ecommerce.cart.add: add_to_cart (partition: 2, offset: 43)
[2025-06-09T09:54:23.330+0000] {subprocess.py:93} INFO - ✅ Sent to ecommerce.product.views: product_view (partition: 2, offset: 76)
[2025-06-09T09:54:23.431+0000] {subprocess.py:93} INFO - ✅ Sent to ecommerce.product.views: product_view (partition: 1, offset: 74)
[2025-06-09T09:54:23.537+0000] {subprocess.py:93} INFO - ✅ Sent to ecommerce.cart.add: add_to_cart (partition: 2, offset: 44)
[2025-06-09T09:54:23.637+0000] {subprocess.py:93} INFO - 📊 Sent 40/50 events...
[2025-06-09T09:54:23.645+0000] {subprocess.py:93} INFO - ✅ Sent to ecommerce.orders.completed: order_completed (partition: 2, offset: 22)
[2025-06-09T09:54:23.751+0000] {subprocess.py:93} INFO - ✅ Sent to ecommerce.product.views: product_view (partition: 2, offset: 77)
[2025-06-09T09:54:23.911+0000] {subprocess.py:93} INFO - ✅ Sent to ecommerce.wishlist.add: add_to_wishlist (partition: 2, offset: 26)
[2025-06-09T09:54:24.015+0000] {subprocess.py:93} INFO - ✅ Sent to ecommerce.product.views: product_view (partition: 1, offset: 75)
[2025-06-09T09:54:24.118+0000] {subprocess.py:93} INFO - ✅ Sent to ecommerce.product.views: product_view (partition: 2, offset: 78)
[2025-06-09T09:54:24.222+0000] {subprocess.py:93} INFO - ✅ Sent to ecommerce.cart.add: add_to_cart (partition: 2, offset: 45)
[2025-06-09T09:54:24.343+0000] {subprocess.py:93} INFO - ✅ Sent to ecommerce.product.views: product_view (partition: 1, offset: 76)
[2025-06-09T09:54:24.449+0000] {subprocess.py:93} INFO - ✅ Sent to ecommerce.product.views: product_view (partition: 2, offset: 79)
[2025-06-09T09:54:24.559+0000] {subprocess.py:93} INFO - ✅ Sent to ecommerce.cart.add: add_to_cart (partition: 1, offset: 33)
[2025-06-09T09:54:24.667+0000] {subprocess.py:93} INFO - ✅ Sent to ecommerce.wishlist.add: add_to_wishlist (partition: 2, offset: 27)
[2025-06-09T09:54:24.771+0000] {subprocess.py:93} INFO - 📊 Sent 50/50 events...
[2025-06-09T09:54:24.773+0000] {subprocess.py:93} INFO - ✅ Batch complete: 50 events sent successfully
[2025-06-09T09:54:24.779+0000] {subprocess.py:93} INFO - ✅ Producer closed successfully
[2025-06-09T09:54:24.920+0000] {subprocess.py:97} INFO - Command exited with return code 0
[2025-06-09T09:54:24.970+0000] {taskinstance.py:1138} INFO - Marking task as SUCCESS. dag_id=kafka_ecommerce_pipeline, task_id=run_kafka_producer, execution_date=20250609T095300, start_date=20250609T095418, end_date=20250609T095424
[2025-06-09T09:54:25.044+0000] {local_task_job_runner.py:234} INFO - Task exited with return code 0
[2025-06-09T09:54:25.091+0000] {taskinstance.py:3280} INFO - 1 downstream tasks scheduled from follow-on schedule check
