[2025-06-09T09:05:25.674+0000] {taskinstance.py:1956} INFO - Dependencies all met for dep_context=non-requeueable deps ti=<TaskInstance: kafka_ecommerce_pipeline.verify_pipeline_results manual__2025-06-09T09:03:30.718220+00:00 [queued]>
[2025-06-09T09:05:25.682+0000] {taskinstance.py:1956} INFO - Dependencies all met for dep_context=requeueable deps ti=<TaskInstance: kafka_ecommerce_pipeline.verify_pipeline_results manual__2025-06-09T09:03:30.718220+00:00 [queued]>
[2025-06-09T09:05:25.682+0000] {taskinstance.py:2170} INFO - Starting attempt 1 of 3
[2025-06-09T09:05:25.690+0000] {taskinstance.py:2191} INFO - Executing <Task(PythonOperator): verify_pipeline_results> on 2025-06-09 09:03:30.718220+00:00
[2025-06-09T09:05:25.695+0000] {standard_task_runner.py:60} INFO - Started process 266 to run task
[2025-06-09T09:05:25.699+0000] {standard_task_runner.py:87} INFO - Running: ['***', 'tasks', 'run', 'kafka_ecommerce_pipeline', 'verify_pipeline_results', 'manual__2025-06-09T09:03:30.718220+00:00', '--job-id', '7', '--raw', '--subdir', 'DAGS_FOLDER/kafka_data_pipeline.py', '--cfg-path', '/tmp/tmp5utf2v39']
[2025-06-09T09:05:25.700+0000] {standard_task_runner.py:88} INFO - Job 7: Subtask verify_pipeline_results
[2025-06-09T09:05:25.745+0000] {task_command.py:423} INFO - Running <TaskInstance: kafka_ecommerce_pipeline.verify_pipeline_results manual__2025-06-09T09:03:30.718220+00:00 [running]> on host 93140bc61108
[2025-06-09T09:05:25.783+0000] {taskinstance.py:2480} INFO - Exporting env vars: AIRFLOW_CTX_DAG_OWNER='data-engineering-team' AIRFLOW_CTX_DAG_ID='kafka_ecommerce_pipeline' AIRFLOW_CTX_TASK_ID='verify_pipeline_results' AIRFLOW_CTX_EXECUTION_DATE='2025-06-09T09:03:30.718220+00:00' AIRFLOW_CTX_TRY_NUMBER='1' AIRFLOW_CTX_DAG_RUN_ID='manual__2025-06-09T09:03:30.718220+00:00'
[2025-06-09T09:05:25.788+0000] {kafka_data_pipeline.py:175} INFO - 📊 Pipeline Results:
[2025-06-09T09:05:25.788+0000] {kafka_data_pipeline.py:176} INFO -  👀 Total Views: 0
[2025-06-09T09:05:25.788+0000] {kafka_data_pipeline.py:177} INFO -  🛒 Total Cart Adds: 0
[2025-06-09T09:05:25.788+0000] {kafka_data_pipeline.py:178} INFO -  ❤️ Total Wishlist Adds: 0
[2025-06-09T09:05:25.788+0000] {kafka_data_pipeline.py:179} INFO -  📦 Total Orders: 0
[2025-06-09T09:05:25.788+0000] {kafka_data_pipeline.py:180} INFO -  💰 Total Revenue: $0.0
[2025-06-09T09:05:25.789+0000] {kafka_data_pipeline.py:181} INFO -  🕐 Last Updated: 2025-06-09T09:05:21.387890
[2025-06-09T09:05:25.789+0000] {kafka_data_pipeline.py:194} INFO - ✅ Pipeline completed successfully - Last activity: 2025-06-09T09:05:21.397543
[2025-06-09T09:05:25.790+0000] {python.py:201} INFO - Done. Returned value was: None
[2025-06-09T09:05:25.797+0000] {taskinstance.py:1138} INFO - Marking task as SUCCESS. dag_id=kafka_ecommerce_pipeline, task_id=verify_pipeline_results, execution_date=20250609T090330, start_date=20250609T090525, end_date=20250609T090525
[2025-06-09T09:05:25.839+0000] {local_task_job_runner.py:234} INFO - Task exited with return code 0
[2025-06-09T09:05:25.948+0000] {taskinstance.py:3280} INFO - 1 downstream tasks scheduled from follow-on schedule check
