[2025-06-09T06:35:19.508+0000] {taskinstance.py:1956} INFO - Dependencies all met for dep_context=non-requeueable deps ti=<TaskInstance: kafka_ecommerce_pipeline.run_kafka_consumer scheduled__2025-06-09T06:30:00+00:00 [queued]>
[2025-06-09T06:35:19.513+0000] {taskinstance.py:1956} INFO - Dependencies all met for dep_context=requeueable deps ti=<TaskInstance: kafka_ecommerce_pipeline.run_kafka_consumer scheduled__2025-06-09T06:30:00+00:00 [queued]>
[2025-06-09T06:35:19.513+0000] {taskinstance.py:2170} INFO - Starting attempt 1 of 3
[2025-06-09T06:35:19.519+0000] {taskinstance.py:2191} INFO - Executing <Task(BashOperator): run_kafka_consumer> on 2025-06-09 06:30:00+00:00
[2025-06-09T06:35:19.522+0000] {standard_task_runner.py:60} INFO - Started process 1164 to run task
[2025-06-09T06:35:19.531+0000] {standard_task_runner.py:87} INFO - Running: ['***', 'tasks', 'run', 'kafka_ecommerce_pipeline', 'run_kafka_consumer', 'scheduled__2025-06-09T06:30:00+00:00', '--job-id', '56', '--raw', '--subdir', 'DAGS_FOLDER/kafka_data_pipeline.py', '--cfg-path', '/tmp/tmp5neri7lj']
[2025-06-09T06:35:19.532+0000] {standard_task_runner.py:88} INFO - Job 56: Subtask run_kafka_consumer
[2025-06-09T06:35:19.568+0000] {task_command.py:423} INFO - Running <TaskInstance: kafka_ecommerce_pipeline.run_kafka_consumer scheduled__2025-06-09T06:30:00+00:00 [running]> on host 214da608bc37
[2025-06-09T06:35:19.629+0000] {taskinstance.py:2480} INFO - Exporting env vars: AIRFLOW_CTX_DAG_OWNER='data-engineering-team' AIRFLOW_CTX_DAG_ID='kafka_ecommerce_pipeline' AIRFLOW_CTX_TASK_ID='run_kafka_consumer' AIRFLOW_CTX_EXECUTION_DATE='2025-06-09T06:30:00+00:00' AIRFLOW_CTX_TRY_NUMBER='1' AIRFLOW_CTX_DAG_RUN_ID='scheduled__2025-06-09T06:30:00+00:00'
[2025-06-09T06:35:19.631+0000] {subprocess.py:63} INFO - Tmp dir root location: /tmp
[2025-06-09T06:35:19.632+0000] {subprocess.py:75} INFO - Running command: ['/usr/bin/bash', '-c', 'cd /opt/***/ecom_etl/ && python kafka_scripts/consumer.py']
[2025-06-09T06:35:19.641+0000] {subprocess.py:86} INFO - Output:
[2025-06-09T06:35:19.877+0000] {subprocess.py:93} INFO - 🚀 Starting E-Commerce Event Consumer
[2025-06-09T06:35:19.879+0000] {subprocess.py:93} INFO - 🔗 Kafka: kafka:29092
[2025-06-09T06:35:19.879+0000] {subprocess.py:93} INFO - 🔴 Redis: redis:6379
[2025-06-09T06:35:19.879+0000] {subprocess.py:93} INFO - 🚀 Initializing Kafka consumer with bootstrap servers: kafka:29092
[2025-06-09T06:35:19.879+0000] {subprocess.py:93} INFO - 🔌 Connecting to Redis at redis:6379
[2025-06-09T06:35:19.880+0000] {subprocess.py:93} INFO - 2025-06-09 06:35:19,879 - kafka.conn - INFO - <BrokerConnection client_id=kafka-python-2.2.11, node_id=bootstrap-0 host=kafka:29092 <connecting> [IPv4 ('172.18.0.5', 29092)]>: connecting to kafka:29092 [('172.18.0.5', 29092) IPv4]
[2025-06-09T06:35:19.894+0000] {subprocess.py:93} INFO - 2025-06-09 06:35:19,893 - kafka.conn - INFO - <BrokerConnection client_id=kafka-python-2.2.11, node_id=bootstrap-0 host=kafka:29092 <checking_api_versions_recv> [IPv4 ('172.18.0.5', 29092)]>: Broker version identified as 2.6
[2025-06-09T06:35:19.894+0000] {subprocess.py:93} INFO - 2025-06-09 06:35:19,893 - kafka.conn - INFO - <BrokerConnection client_id=kafka-python-2.2.11, node_id=bootstrap-0 host=kafka:29092 <connected> [IPv4 ('172.18.0.5', 29092)]>: Connection complete.
[2025-06-09T06:35:19.894+0000] {subprocess.py:93} INFO - 2025-06-09 06:35:19,893 - kafka.consumer.subscription_state - INFO - Updating subscribed topics to: ('ecommerce.product.views', 'ecommerce.cart.add', 'ecommerce.wishlist.add', 'ecommerce.orders.completed')
[2025-06-09T06:35:19.894+0000] {subprocess.py:93} INFO - ✅ Successfully connected to Kafka
[2025-06-09T06:35:19.895+0000] {subprocess.py:93} INFO - ✅ Successfully connected to Redis
[2025-06-09T06:35:19.895+0000] {subprocess.py:93} INFO - 📊 Loaded existing metrics: {'total_views': 68, 'total_cart_adds': 22, 'total_wishlist_adds': 13, 'total_orders': 17, 'total_revenue': 36259.46}
[2025-06-09T06:35:19.895+0000] {subprocess.py:93} INFO - 🚀 Starting Kafka consumer...
[2025-06-09T06:35:19.895+0000] {subprocess.py:93} INFO - 📊 Subscribed to Topics: {'ecommerce.cart.add', 'ecommerce.orders.completed', 'ecommerce.product.views', 'ecommerce.wishlist.add'}
[2025-06-09T06:35:19.895+0000] {subprocess.py:93} INFO - 🔍 Will process up to 100 messages or run for 90 seconds
[2025-06-09T06:35:19.898+0000] {subprocess.py:93} INFO - 2025-06-09 06:35:19,898 - kafka.conn - INFO - <BrokerConnection client_id=kafka-python-2.2.11, node_id=1 host=kafka:29092 <connecting> [IPv4 ('172.18.0.5', 29092)]>: connecting to kafka:29092 [('172.18.0.5', 29092) IPv4]
[2025-06-09T06:35:19.898+0000] {subprocess.py:93} INFO - 2025-06-09 06:35:19,898 - kafka.conn - INFO - <BrokerConnection client_id=kafka-python-2.2.11, node_id=1 host=kafka:29092 <connected> [IPv4 ('172.18.0.5', 29092)]>: Connection complete.
[2025-06-09T06:35:19.898+0000] {subprocess.py:93} INFO - 2025-06-09 06:35:19,898 - kafka.conn - INFO - <BrokerConnection client_id=kafka-python-2.2.11, node_id=bootstrap-0 host=kafka:29092 <connected> [IPv4 ('172.18.0.5', 29092)]>: Closing connection.
[2025-06-09T06:35:20.011+0000] {subprocess.py:93} INFO - 2025-06-09 06:35:20,011 - kafka.cluster - INFO - Coordinator for group/ecommerce-analytics-20250609 is BrokerMetadata(nodeId='coordinator-1', host='kafka', port=29092, rack=None)
[2025-06-09T06:35:20.012+0000] {subprocess.py:93} INFO - 2025-06-09 06:35:20,011 - kafka.coordinator - INFO - Discovered coordinator coordinator-1 for group ecommerce-analytics-20250609
[2025-06-09T06:35:20.012+0000] {subprocess.py:93} INFO - 2025-06-09 06:35:20,011 - kafka.coordinator.heartbeat - INFO - Starting new heartbeat thread
[2025-06-09T06:35:20.012+0000] {subprocess.py:93} INFO - 2025-06-09 06:35:20,012 - kafka.coordinator.consumer - INFO - Revoking previously assigned partitions set() for group ecommerce-analytics-20250609
[2025-06-09T06:35:20.013+0000] {subprocess.py:93} INFO - 2025-06-09 06:35:20,012 - kafka.coordinator - INFO - Failed to join group ecommerce-analytics-20250609: NodeNotReadyError: coordinator-1
[2025-06-09T06:35:20.013+0000] {subprocess.py:93} INFO - 2025-06-09 06:35:20,013 - kafka.conn - INFO - <BrokerConnection client_id=kafka-python-2.2.11, node_id=coordinator-1 host=kafka:29092 <connecting> [IPv4 ('172.18.0.5', 29092)]>: connecting to kafka:29092 [('172.18.0.5', 29092) IPv4]
[2025-06-09T06:35:20.013+0000] {subprocess.py:93} INFO - 2025-06-09 06:35:20,013 - kafka.conn - INFO - <BrokerConnection client_id=kafka-python-2.2.11, node_id=coordinator-1 host=kafka:29092 <connected> [IPv4 ('172.18.0.5', 29092)]>: Connection complete.
[2025-06-09T06:35:20.119+0000] {subprocess.py:93} INFO - 2025-06-09 06:35:20,118 - kafka.coordinator - INFO - (Re-)joining group ecommerce-analytics-20250609
[2025-06-09T06:35:20.125+0000] {subprocess.py:93} INFO - 2025-06-09 06:35:20,125 - kafka.coordinator - INFO - Received member id kafka-python-2.2.11-d93ee8f6-3aa7-4abd-bc94-8267b8a9bd87 for group ecommerce-analytics-20250609; will retry join-group
[2025-06-09T06:35:20.125+0000] {subprocess.py:93} INFO - 2025-06-09 06:35:20,125 - kafka.coordinator - INFO - Failed to join group ecommerce-analytics-20250609: [Error 79] MemberIdRequiredError
[2025-06-09T06:35:20.126+0000] {subprocess.py:93} INFO - 2025-06-09 06:35:20,125 - kafka.coordinator - INFO - (Re-)joining group ecommerce-analytics-20250609
[2025-06-09T06:35:23.147+0000] {subprocess.py:93} INFO - 2025-06-09 06:35:23,145 - kafka.coordinator - INFO - Successfully joined group ecommerce-analytics-20250609 <Generation 17 (member_id: kafka-python-2.2.11-d93ee8f6-3aa7-4abd-bc94-8267b8a9bd87, protocol: range)>
[2025-06-09T06:35:23.154+0000] {subprocess.py:93} INFO - 2025-06-09 06:35:23,145 - kafka.coordinator - INFO - Elected group leader -- performing partition assignments using range
[2025-06-09T06:35:23.166+0000] {subprocess.py:93} INFO - 2025-06-09 06:35:23,162 - kafka.consumer.subscription_state - INFO - Updated partition assignment: [TopicPartition(topic='ecommerce.cart.add', partition=0), TopicPartition(topic='ecommerce.orders.completed', partition=0), TopicPartition(topic='ecommerce.product.views', partition=0), TopicPartition(topic='ecommerce.wishlist.add', partition=0)]
[2025-06-09T06:35:23.167+0000] {subprocess.py:93} INFO - 2025-06-09 06:35:23,163 - kafka.coordinator.consumer - INFO - Setting newly assigned partitions {TopicPartition(topic='ecommerce.wishlist.add', partition=0), TopicPartition(topic='ecommerce.cart.add', partition=0), TopicPartition(topic='ecommerce.product.views', partition=0), TopicPartition(topic='ecommerce.orders.completed', partition=0)} for group ecommerce-analytics-20250609
[2025-06-09T06:35:23.177+0000] {subprocess.py:93} INFO - 👀 Product View: Adidas Sneakers by user_060
[2025-06-09T06:35:23.181+0000] {subprocess.py:93} INFO - kafka_scripts/consumer.py:280: DeprecationWarning: Redis.hmset() is deprecated. Use Redis.hset() instead.
[2025-06-09T06:35:23.182+0000] {subprocess.py:93} INFO -   self.redis_client.hmset("metrics:totals", {
[2025-06-09T06:35:23.182+0000] {subprocess.py:93} INFO - 👀 Product View: Coffee Maker by user_071
[2025-06-09T06:35:23.183+0000] {subprocess.py:93} INFO - 👀 Product View: Wireless Headphones by user_008
[2025-06-09T06:35:23.184+0000] {subprocess.py:93} INFO - 👀 Product View: Nike Air Max by user_075
[2025-06-09T06:35:23.184+0000] {subprocess.py:93} INFO - 👀 Product View: Samsung 4K TV by user_061
[2025-06-09T06:35:23.185+0000] {subprocess.py:93} INFO - 👀 Product View: Coffee Maker by user_046
[2025-06-09T06:35:23.186+0000] {subprocess.py:93} INFO - 👀 Product View: Samsung 4K TV by user_018
[2025-06-09T06:35:23.187+0000] {subprocess.py:93} INFO - 👀 Product View: MacBook Pro by user_030
[2025-06-09T06:35:23.188+0000] {subprocess.py:93} INFO - 👀 Product View: iPhone 15 Pro by user_050
[2025-06-09T06:35:23.188+0000] {subprocess.py:93} INFO - 👀 Product View: Levi's Jeans by user_061
[2025-06-09T06:35:23.189+0000] {subprocess.py:93} INFO - 📊 Processed 10 messages in 3.3 seconds
[2025-06-09T06:35:23.190+0000] {subprocess.py:93} INFO - 
[2025-06-09T06:35:23.190+0000] {subprocess.py:93} INFO - ============================================================
[2025-06-09T06:35:23.191+0000] {subprocess.py:93} INFO - 📊 REAL-TIME E-COMMERCE DASHBOARD
[2025-06-09T06:35:23.191+0000] {subprocess.py:93} INFO - ============================================================
[2025-06-09T06:35:23.191+0000] {subprocess.py:93} INFO - 👀 Total Views: 78
[2025-06-09T06:35:23.191+0000] {subprocess.py:93} INFO - 🛒 Total Cart Adds: 22
[2025-06-09T06:35:23.191+0000] {subprocess.py:93} INFO - ❤️  Total Wishlist Adds: 13
[2025-06-09T06:35:23.191+0000] {subprocess.py:93} INFO - 📦 Total Orders: 17
[2025-06-09T06:35:23.191+0000] {subprocess.py:93} INFO - 💰 Total Revenue: $36259.46
[2025-06-09T06:35:23.191+0000] {subprocess.py:93} INFO - 🕐 Last Updated: 2025-06-09T06:35:23.190749
[2025-06-09T06:35:23.191+0000] {subprocess.py:93} INFO - 
[2025-06-09T06:35:23.192+0000] {subprocess.py:93} INFO - 🔥 Recent Orders:
[2025-06-09T06:35:23.192+0000] {subprocess.py:93} INFO -   • order_24119: $1999.99 (1 items)
[2025-06-09T06:35:23.192+0000] {subprocess.py:93} INFO -   • order_17004: $299.98 (1 items)
[2025-06-09T06:35:23.192+0000] {subprocess.py:93} INFO -   • order_78370: $2299.96 (2 items)
[2025-06-09T06:35:23.192+0000] {subprocess.py:93} INFO -   • order_41744: $2399.97 (2 items)
[2025-06-09T06:35:23.192+0000] {subprocess.py:93} INFO -   • order_89656: $1339.95 (4 items)
[2025-06-09T06:35:23.192+0000] {subprocess.py:93} INFO - ============================================================
[2025-06-09T06:35:23.193+0000] {subprocess.py:93} INFO - 👀 Product View: Wireless Headphones by user_088
[2025-06-09T06:35:23.193+0000] {subprocess.py:93} INFO - 🛒 Cart Add: 3x Samsung 4K TV by user_092 ($2399.9700000000003)
[2025-06-09T06:35:23.193+0000] {subprocess.py:93} INFO - 🛒 Cart Add: 3x Coffee Maker by user_086 ($449.97)
[2025-06-09T06:35:23.193+0000] {subprocess.py:93} INFO - 🛒 Cart Add: 2x Samsung 4K TV by user_096 ($1599.98)
[2025-06-09T06:35:23.195+0000] {subprocess.py:93} INFO - 🛒 Cart Add: 1x iPhone 15 Pro by user_048 ($999.99)
[2025-06-09T06:35:23.196+0000] {subprocess.py:93} INFO - 🛒 Cart Add: 1x Samsung 4K TV by user_054 ($799.99)
[2025-06-09T06:35:23.197+0000] {subprocess.py:93} INFO - 🛒 Cart Add: 1x Samsung 4K TV by user_018 ($799.99)
[2025-06-09T06:35:23.198+0000] {subprocess.py:93} INFO - ❤️  Wishlist Add: Coffee Maker by user_098
[2025-06-09T06:35:23.199+0000] {subprocess.py:93} INFO - ❤️  Wishlist Add: MacBook Pro by user_093
[2025-06-09T06:35:23.199+0000] {subprocess.py:93} INFO - 💰 Order: order_89106 by user_064 - $559.96 (2 items)
[2025-06-09T06:35:23.201+0000] {subprocess.py:93} INFO - 📊 Processed 20 messages in 3.3 seconds
[2025-06-09T06:35:23.202+0000] {subprocess.py:93} INFO - 
[2025-06-09T06:35:23.202+0000] {subprocess.py:93} INFO - ============================================================
[2025-06-09T06:35:23.203+0000] {subprocess.py:93} INFO - 📊 REAL-TIME E-COMMERCE DASHBOARD
[2025-06-09T06:35:23.203+0000] {subprocess.py:93} INFO - ============================================================
[2025-06-09T06:35:23.203+0000] {subprocess.py:93} INFO - 👀 Total Views: 79
[2025-06-09T06:35:23.203+0000] {subprocess.py:93} INFO - 🛒 Total Cart Adds: 28
[2025-06-09T06:35:23.203+0000] {subprocess.py:93} INFO - ❤️  Total Wishlist Adds: 15
[2025-06-09T06:35:23.203+0000] {subprocess.py:93} INFO - 📦 Total Orders: 18
[2025-06-09T06:35:23.203+0000] {subprocess.py:93} INFO - 💰 Total Revenue: $36819.42
[2025-06-09T06:35:23.204+0000] {subprocess.py:93} INFO - 🕐 Last Updated: 2025-06-09T06:35:23.202741
[2025-06-09T06:35:23.204+0000] {subprocess.py:93} INFO - 
[2025-06-09T06:35:23.204+0000] {subprocess.py:93} INFO - 🔥 Recent Orders:
[2025-06-09T06:35:23.204+0000] {subprocess.py:93} INFO -   • order_89106: $559.96 (2 items)
[2025-06-09T06:35:23.204+0000] {subprocess.py:93} INFO -   • order_24119: $1999.99 (1 items)
[2025-06-09T06:35:23.204+0000] {subprocess.py:93} INFO -   • order_17004: $299.98 (1 items)
[2025-06-09T06:35:23.204+0000] {subprocess.py:93} INFO -   • order_78370: $2299.96 (2 items)
[2025-06-09T06:35:23.204+0000] {subprocess.py:93} INFO -   • order_41744: $2399.97 (2 items)
[2025-06-09T06:35:23.204+0000] {subprocess.py:93} INFO - ============================================================
[2025-06-09T06:35:43.213+0000] {subprocess.py:93} INFO - ⏸️ No messages for 15.0s, checking for completion...
[2025-06-09T06:35:43.220+0000] {subprocess.py:93} INFO - 
[2025-06-09T06:35:43.220+0000] {subprocess.py:93} INFO - ============================================================
[2025-06-09T06:35:43.221+0000] {subprocess.py:93} INFO - 📊 REAL-TIME E-COMMERCE DASHBOARD
[2025-06-09T06:35:43.221+0000] {subprocess.py:93} INFO - ============================================================
[2025-06-09T06:35:43.221+0000] {subprocess.py:93} INFO - 👀 Total Views: 79
[2025-06-09T06:35:43.222+0000] {subprocess.py:93} INFO - 🛒 Total Cart Adds: 28
[2025-06-09T06:35:43.222+0000] {subprocess.py:93} INFO - ❤️  Total Wishlist Adds: 15
[2025-06-09T06:35:43.223+0000] {subprocess.py:93} INFO - 📦 Total Orders: 18
[2025-06-09T06:35:43.223+0000] {subprocess.py:93} INFO - 💰 Total Revenue: $36819.42
[2025-06-09T06:35:43.224+0000] {subprocess.py:93} INFO - 🕐 Last Updated: 2025-06-09T06:35:43.215948
[2025-06-09T06:35:43.225+0000] {subprocess.py:93} INFO - 
[2025-06-09T06:35:43.226+0000] {subprocess.py:93} INFO - 🔥 Recent Orders:
[2025-06-09T06:35:43.227+0000] {subprocess.py:93} INFO -   • order_89106: $559.96 (2 items)
[2025-06-09T06:35:43.227+0000] {subprocess.py:93} INFO -   • order_24119: $1999.99 (1 items)
[2025-06-09T06:35:43.228+0000] {subprocess.py:93} INFO -   • order_17004: $299.98 (1 items)
[2025-06-09T06:35:43.228+0000] {subprocess.py:93} INFO -   • order_78370: $2299.96 (2 items)
[2025-06-09T06:35:43.228+0000] {subprocess.py:93} INFO -   • order_41744: $2399.97 (2 items)
[2025-06-09T06:35:43.229+0000] {subprocess.py:93} INFO - ============================================================
[2025-06-09T06:35:48.216+0000] {subprocess.py:93} INFO - ⏸️ No messages for 20.0s, checking for completion...
[2025-06-09T06:35:48.218+0000] {subprocess.py:93} INFO - 
[2025-06-09T06:35:48.219+0000] {subprocess.py:93} INFO - ============================================================
[2025-06-09T06:35:48.219+0000] {subprocess.py:93} INFO - 📊 REAL-TIME E-COMMERCE DASHBOARD
[2025-06-09T06:35:48.219+0000] {subprocess.py:93} INFO - ============================================================
[2025-06-09T06:35:48.220+0000] {subprocess.py:93} INFO - 👀 Total Views: 79
[2025-06-09T06:35:48.220+0000] {subprocess.py:93} INFO - 🛒 Total Cart Adds: 28
[2025-06-09T06:35:48.220+0000] {subprocess.py:93} INFO - ❤️  Total Wishlist Adds: 15
[2025-06-09T06:35:48.221+0000] {subprocess.py:93} INFO - 📦 Total Orders: 18
[2025-06-09T06:35:48.221+0000] {subprocess.py:93} INFO - 💰 Total Revenue: $36819.42
[2025-06-09T06:35:48.221+0000] {subprocess.py:93} INFO - 🕐 Last Updated: 2025-06-09T06:35:48.218777
[2025-06-09T06:35:48.221+0000] {subprocess.py:93} INFO - 
[2025-06-09T06:35:48.222+0000] {subprocess.py:93} INFO - 🔥 Recent Orders:
[2025-06-09T06:35:48.222+0000] {subprocess.py:93} INFO -   • order_89106: $559.96 (2 items)
[2025-06-09T06:35:48.222+0000] {subprocess.py:93} INFO -   • order_24119: $1999.99 (1 items)
[2025-06-09T06:35:48.222+0000] {subprocess.py:93} INFO -   • order_17004: $299.98 (1 items)
[2025-06-09T06:35:48.223+0000] {subprocess.py:93} INFO -   • order_78370: $2299.96 (2 items)
[2025-06-09T06:35:48.223+0000] {subprocess.py:93} INFO -   • order_41744: $2399.97 (2 items)
[2025-06-09T06:35:48.223+0000] {subprocess.py:93} INFO - ============================================================
[2025-06-09T06:35:53.224+0000] {subprocess.py:93} INFO - ⏸️ No messages for 25.0s, checking for completion...
[2025-06-09T06:35:53.233+0000] {subprocess.py:93} INFO - 
[2025-06-09T06:35:53.233+0000] {subprocess.py:93} INFO - ============================================================
[2025-06-09T06:35:53.233+0000] {subprocess.py:93} INFO - 📊 REAL-TIME E-COMMERCE DASHBOARD
[2025-06-09T06:35:53.234+0000] {subprocess.py:93} INFO - ============================================================
[2025-06-09T06:35:53.234+0000] {subprocess.py:93} INFO - 👀 Total Views: 79
[2025-06-09T06:35:53.234+0000] {subprocess.py:93} INFO - 🛒 Total Cart Adds: 28
[2025-06-09T06:35:53.235+0000] {subprocess.py:93} INFO - ❤️  Total Wishlist Adds: 15
[2025-06-09T06:35:53.235+0000] {subprocess.py:93} INFO - 📦 Total Orders: 18
[2025-06-09T06:35:53.235+0000] {subprocess.py:93} INFO - 💰 Total Revenue: $36819.42
[2025-06-09T06:35:53.235+0000] {subprocess.py:93} INFO - 🕐 Last Updated: 2025-06-09T06:35:53.228525
[2025-06-09T06:35:53.236+0000] {subprocess.py:93} INFO - 
[2025-06-09T06:35:53.236+0000] {subprocess.py:93} INFO - 🔥 Recent Orders:
[2025-06-09T06:35:53.236+0000] {subprocess.py:93} INFO -   • order_89106: $559.96 (2 items)
[2025-06-09T06:35:53.236+0000] {subprocess.py:93} INFO -   • order_24119: $1999.99 (1 items)
[2025-06-09T06:35:53.236+0000] {subprocess.py:93} INFO -   • order_17004: $299.98 (1 items)
[2025-06-09T06:35:53.237+0000] {subprocess.py:93} INFO -   • order_78370: $2299.96 (2 items)
[2025-06-09T06:35:53.237+0000] {subprocess.py:93} INFO -   • order_41744: $2399.97 (2 items)
[2025-06-09T06:35:53.237+0000] {subprocess.py:93} INFO - ============================================================
[2025-06-09T06:35:58.239+0000] {subprocess.py:93} INFO - ⏸️ No messages for 30.0s, checking for completion...
[2025-06-09T06:35:58.246+0000] {subprocess.py:93} INFO - 
[2025-06-09T06:35:58.247+0000] {subprocess.py:93} INFO - ============================================================
[2025-06-09T06:35:58.247+0000] {subprocess.py:93} INFO - 📊 REAL-TIME E-COMMERCE DASHBOARD
[2025-06-09T06:35:58.247+0000] {subprocess.py:93} INFO - ============================================================
[2025-06-09T06:35:58.247+0000] {subprocess.py:93} INFO - 👀 Total Views: 79
[2025-06-09T06:35:58.247+0000] {subprocess.py:93} INFO - 🛒 Total Cart Adds: 28
[2025-06-09T06:35:58.247+0000] {subprocess.py:93} INFO - ❤️  Total Wishlist Adds: 15
[2025-06-09T06:35:58.248+0000] {subprocess.py:93} INFO - 📦 Total Orders: 18
[2025-06-09T06:35:58.248+0000] {subprocess.py:93} INFO - 💰 Total Revenue: $36819.42
[2025-06-09T06:35:58.248+0000] {subprocess.py:93} INFO - 🕐 Last Updated: 2025-06-09T06:35:58.243300
[2025-06-09T06:35:58.248+0000] {subprocess.py:93} INFO - 
[2025-06-09T06:35:58.248+0000] {subprocess.py:93} INFO - 🔥 Recent Orders:
[2025-06-09T06:35:58.248+0000] {subprocess.py:93} INFO -   • order_89106: $559.96 (2 items)
[2025-06-09T06:35:58.248+0000] {subprocess.py:93} INFO -   • order_24119: $1999.99 (1 items)
[2025-06-09T06:35:58.248+0000] {subprocess.py:93} INFO -   • order_17004: $299.98 (1 items)
[2025-06-09T06:35:58.248+0000] {subprocess.py:93} INFO -   • order_78370: $2299.96 (2 items)
[2025-06-09T06:35:58.248+0000] {subprocess.py:93} INFO -   • order_41744: $2399.97 (2 items)
[2025-06-09T06:35:58.248+0000] {subprocess.py:93} INFO - ============================================================
[2025-06-09T06:36:03.247+0000] {subprocess.py:93} INFO - ⏸️ No messages for 35.0s, checking for completion...
[2025-06-09T06:36:03.257+0000] {subprocess.py:93} INFO - 
[2025-06-09T06:36:03.257+0000] {subprocess.py:93} INFO - ============================================================
[2025-06-09T06:36:03.258+0000] {subprocess.py:93} INFO - 📊 REAL-TIME E-COMMERCE DASHBOARD
[2025-06-09T06:36:03.258+0000] {subprocess.py:93} INFO - ============================================================
[2025-06-09T06:36:03.258+0000] {subprocess.py:93} INFO - 👀 Total Views: 79
[2025-06-09T06:36:03.258+0000] {subprocess.py:93} INFO - 🛒 Total Cart Adds: 28
[2025-06-09T06:36:03.258+0000] {subprocess.py:93} INFO - ❤️  Total Wishlist Adds: 15
[2025-06-09T06:36:03.258+0000] {subprocess.py:93} INFO - 📦 Total Orders: 18
[2025-06-09T06:36:03.259+0000] {subprocess.py:93} INFO - 💰 Total Revenue: $36819.42
[2025-06-09T06:36:03.259+0000] {subprocess.py:93} INFO - 🕐 Last Updated: 2025-06-09T06:36:03.250127
[2025-06-09T06:36:03.259+0000] {subprocess.py:93} INFO - 
[2025-06-09T06:36:03.259+0000] {subprocess.py:93} INFO - 🔥 Recent Orders:
[2025-06-09T06:36:03.259+0000] {subprocess.py:93} INFO -   • order_89106: $559.96 (2 items)
[2025-06-09T06:36:03.259+0000] {subprocess.py:93} INFO -   • order_24119: $1999.99 (1 items)
[2025-06-09T06:36:03.259+0000] {subprocess.py:93} INFO -   • order_17004: $299.98 (1 items)
[2025-06-09T06:36:03.260+0000] {subprocess.py:93} INFO -   • order_78370: $2299.96 (2 items)
[2025-06-09T06:36:03.260+0000] {subprocess.py:93} INFO -   • order_41744: $2399.97 (2 items)
[2025-06-09T06:36:03.260+0000] {subprocess.py:93} INFO - ============================================================
[2025-06-09T06:36:08.253+0000] {subprocess.py:93} INFO - ⏸️ No messages for 40.0s, checking for completion...
[2025-06-09T06:36:08.260+0000] {subprocess.py:93} INFO - 
[2025-06-09T06:36:08.260+0000] {subprocess.py:93} INFO - ============================================================
[2025-06-09T06:36:08.261+0000] {subprocess.py:93} INFO - 📊 REAL-TIME E-COMMERCE DASHBOARD
[2025-06-09T06:36:08.261+0000] {subprocess.py:93} INFO - ============================================================
[2025-06-09T06:36:08.262+0000] {subprocess.py:93} INFO - 👀 Total Views: 79
[2025-06-09T06:36:08.262+0000] {subprocess.py:93} INFO - 🛒 Total Cart Adds: 28
[2025-06-09T06:36:08.262+0000] {subprocess.py:93} INFO - ❤️  Total Wishlist Adds: 15
[2025-06-09T06:36:08.262+0000] {subprocess.py:93} INFO - 📦 Total Orders: 18
[2025-06-09T06:36:08.263+0000] {subprocess.py:93} INFO - 💰 Total Revenue: $36819.42
[2025-06-09T06:36:08.263+0000] {subprocess.py:93} INFO - 🕐 Last Updated: 2025-06-09T06:36:08.260080
[2025-06-09T06:36:08.263+0000] {subprocess.py:93} INFO - 
[2025-06-09T06:36:08.264+0000] {subprocess.py:93} INFO - 🔥 Recent Orders:
[2025-06-09T06:36:08.264+0000] {subprocess.py:93} INFO -   • order_89106: $559.96 (2 items)
[2025-06-09T06:36:08.264+0000] {subprocess.py:93} INFO -   • order_24119: $1999.99 (1 items)
[2025-06-09T06:36:08.265+0000] {subprocess.py:93} INFO -   • order_17004: $299.98 (1 items)
[2025-06-09T06:36:08.265+0000] {subprocess.py:93} INFO -   • order_78370: $2299.96 (2 items)
[2025-06-09T06:36:08.265+0000] {subprocess.py:93} INFO -   • order_41744: $2399.97 (2 items)
[2025-06-09T06:36:08.266+0000] {subprocess.py:93} INFO - ============================================================
[2025-06-09T06:36:13.261+0000] {subprocess.py:93} INFO - ⏸️ No messages for 45.1s, checking for completion...
[2025-06-09T06:36:13.265+0000] {subprocess.py:93} INFO - 
[2025-06-09T06:36:13.265+0000] {subprocess.py:93} INFO - ============================================================
[2025-06-09T06:36:13.265+0000] {subprocess.py:93} INFO - 📊 REAL-TIME E-COMMERCE DASHBOARD
[2025-06-09T06:36:13.265+0000] {subprocess.py:93} INFO - ============================================================
[2025-06-09T06:36:13.265+0000] {subprocess.py:93} INFO - 👀 Total Views: 79
[2025-06-09T06:36:13.266+0000] {subprocess.py:93} INFO - 🛒 Total Cart Adds: 28
[2025-06-09T06:36:13.266+0000] {subprocess.py:93} INFO - ❤️  Total Wishlist Adds: 15
[2025-06-09T06:36:13.266+0000] {subprocess.py:93} INFO - 📦 Total Orders: 18
[2025-06-09T06:36:13.266+0000] {subprocess.py:93} INFO - 💰 Total Revenue: $36819.42
[2025-06-09T06:36:13.266+0000] {subprocess.py:93} INFO - 🕐 Last Updated: 2025-06-09T06:36:13.263412
[2025-06-09T06:36:13.266+0000] {subprocess.py:93} INFO - 
[2025-06-09T06:36:13.266+0000] {subprocess.py:93} INFO - 🔥 Recent Orders:
[2025-06-09T06:36:13.266+0000] {subprocess.py:93} INFO -   • order_89106: $559.96 (2 items)
[2025-06-09T06:36:13.267+0000] {subprocess.py:93} INFO -   • order_24119: $1999.99 (1 items)
[2025-06-09T06:36:13.267+0000] {subprocess.py:93} INFO -   • order_17004: $299.98 (1 items)
[2025-06-09T06:36:13.267+0000] {subprocess.py:93} INFO -   • order_78370: $2299.96 (2 items)
[2025-06-09T06:36:13.267+0000] {subprocess.py:93} INFO -   • order_41744: $2399.97 (2 items)
[2025-06-09T06:36:13.267+0000] {subprocess.py:93} INFO - ============================================================
[2025-06-09T06:36:18.264+0000] {subprocess.py:93} INFO - ⏸️ No messages for 50.1s, checking for completion...
[2025-06-09T06:36:18.267+0000] {subprocess.py:93} INFO - 
[2025-06-09T06:36:18.268+0000] {subprocess.py:93} INFO - ============================================================
[2025-06-09T06:36:18.269+0000] {subprocess.py:93} INFO - 📊 REAL-TIME E-COMMERCE DASHBOARD
[2025-06-09T06:36:18.269+0000] {subprocess.py:93} INFO - ============================================================
[2025-06-09T06:36:18.270+0000] {subprocess.py:93} INFO - 👀 Total Views: 79
[2025-06-09T06:36:18.270+0000] {subprocess.py:93} INFO - 🛒 Total Cart Adds: 28
[2025-06-09T06:36:18.271+0000] {subprocess.py:93} INFO - ❤️  Total Wishlist Adds: 15
[2025-06-09T06:36:18.272+0000] {subprocess.py:93} INFO - 📦 Total Orders: 18
[2025-06-09T06:36:18.272+0000] {subprocess.py:93} INFO - 💰 Total Revenue: $36819.42
[2025-06-09T06:36:18.273+0000] {subprocess.py:93} INFO - 🕐 Last Updated: 2025-06-09T06:36:18.267824
[2025-06-09T06:36:18.273+0000] {subprocess.py:93} INFO - 
[2025-06-09T06:36:18.274+0000] {subprocess.py:93} INFO - 🔥 Recent Orders:
[2025-06-09T06:36:18.274+0000] {subprocess.py:93} INFO -   • order_89106: $559.96 (2 items)
[2025-06-09T06:36:18.275+0000] {subprocess.py:93} INFO -   • order_24119: $1999.99 (1 items)
[2025-06-09T06:36:18.275+0000] {subprocess.py:93} INFO -   • order_17004: $299.98 (1 items)
[2025-06-09T06:36:18.275+0000] {subprocess.py:93} INFO -   • order_78370: $2299.96 (2 items)
[2025-06-09T06:36:18.276+0000] {subprocess.py:93} INFO -   • order_41744: $2399.97 (2 items)
[2025-06-09T06:36:18.276+0000] {subprocess.py:93} INFO - ============================================================
[2025-06-09T06:36:23.271+0000] {subprocess.py:93} INFO - ⏸️ No messages for 55.1s, checking for completion...
[2025-06-09T06:36:23.277+0000] {subprocess.py:93} INFO - 
[2025-06-09T06:36:23.277+0000] {subprocess.py:93} INFO - ============================================================
[2025-06-09T06:36:23.277+0000] {subprocess.py:93} INFO - 📊 REAL-TIME E-COMMERCE DASHBOARD
[2025-06-09T06:36:23.278+0000] {subprocess.py:93} INFO - ============================================================
[2025-06-09T06:36:23.278+0000] {subprocess.py:93} INFO - 👀 Total Views: 79
[2025-06-09T06:36:23.278+0000] {subprocess.py:93} INFO - 🛒 Total Cart Adds: 28
[2025-06-09T06:36:23.278+0000] {subprocess.py:93} INFO - ❤️  Total Wishlist Adds: 15
[2025-06-09T06:36:23.278+0000] {subprocess.py:93} INFO - 📦 Total Orders: 18
[2025-06-09T06:36:23.279+0000] {subprocess.py:93} INFO - 💰 Total Revenue: $36819.42
[2025-06-09T06:36:23.279+0000] {subprocess.py:93} INFO - 🕐 Last Updated: 2025-06-09T06:36:23.274098
[2025-06-09T06:36:23.279+0000] {subprocess.py:93} INFO - 
[2025-06-09T06:36:23.279+0000] {subprocess.py:93} INFO - 🔥 Recent Orders:
[2025-06-09T06:36:23.279+0000] {subprocess.py:93} INFO -   • order_89106: $559.96 (2 items)
[2025-06-09T06:36:23.279+0000] {subprocess.py:93} INFO -   • order_24119: $1999.99 (1 items)
[2025-06-09T06:36:23.280+0000] {subprocess.py:93} INFO -   • order_17004: $299.98 (1 items)
[2025-06-09T06:36:23.280+0000] {subprocess.py:93} INFO -   • order_78370: $2299.96 (2 items)
[2025-06-09T06:36:23.280+0000] {subprocess.py:93} INFO -   • order_41744: $2399.97 (2 items)
[2025-06-09T06:36:23.280+0000] {subprocess.py:93} INFO - ============================================================
[2025-06-09T06:36:28.277+0000] {subprocess.py:93} INFO - ⏸️ No messages for 60.1s, checking for completion...
[2025-06-09T06:36:28.281+0000] {subprocess.py:93} INFO - 
[2025-06-09T06:36:28.281+0000] {subprocess.py:93} INFO - ============================================================
[2025-06-09T06:36:28.282+0000] {subprocess.py:93} INFO - 📊 REAL-TIME E-COMMERCE DASHBOARD
[2025-06-09T06:36:28.282+0000] {subprocess.py:93} INFO - ============================================================
[2025-06-09T06:36:28.283+0000] {subprocess.py:93} INFO - 👀 Total Views: 79
[2025-06-09T06:36:28.283+0000] {subprocess.py:93} INFO - 🛒 Total Cart Adds: 28
[2025-06-09T06:36:28.283+0000] {subprocess.py:93} INFO - ❤️  Total Wishlist Adds: 15
[2025-06-09T06:36:28.284+0000] {subprocess.py:93} INFO - 📦 Total Orders: 18
[2025-06-09T06:36:28.284+0000] {subprocess.py:93} INFO - 💰 Total Revenue: $36819.42
[2025-06-09T06:36:28.284+0000] {subprocess.py:93} INFO - 🕐 Last Updated: 2025-06-09T06:36:28.281068
[2025-06-09T06:36:28.284+0000] {subprocess.py:93} INFO - 
[2025-06-09T06:36:28.285+0000] {subprocess.py:93} INFO - 🔥 Recent Orders:
[2025-06-09T06:36:28.285+0000] {subprocess.py:93} INFO -   • order_89106: $559.96 (2 items)
[2025-06-09T06:36:28.285+0000] {subprocess.py:93} INFO -   • order_24119: $1999.99 (1 items)
[2025-06-09T06:36:28.285+0000] {subprocess.py:93} INFO -   • order_17004: $299.98 (1 items)
[2025-06-09T06:36:28.286+0000] {subprocess.py:93} INFO -   • order_78370: $2299.96 (2 items)
[2025-06-09T06:36:28.286+0000] {subprocess.py:93} INFO -   • order_41744: $2399.97 (2 items)
[2025-06-09T06:36:28.286+0000] {subprocess.py:93} INFO - ============================================================
[2025-06-09T06:36:33.290+0000] {subprocess.py:93} INFO - ⏸️ No messages for 65.1s, checking for completion...
[2025-06-09T06:36:33.302+0000] {subprocess.py:93} INFO - 
[2025-06-09T06:36:33.303+0000] {subprocess.py:93} INFO - ============================================================
[2025-06-09T06:36:33.303+0000] {subprocess.py:93} INFO - 📊 REAL-TIME E-COMMERCE DASHBOARD
[2025-06-09T06:36:33.304+0000] {subprocess.py:93} INFO - ============================================================
[2025-06-09T06:36:33.304+0000] {subprocess.py:93} INFO - 👀 Total Views: 79
[2025-06-09T06:36:33.305+0000] {subprocess.py:93} INFO - 🛒 Total Cart Adds: 28
[2025-06-09T06:36:33.305+0000] {subprocess.py:93} INFO - ❤️  Total Wishlist Adds: 15
[2025-06-09T06:36:33.306+0000] {subprocess.py:93} INFO - 📦 Total Orders: 18
[2025-06-09T06:36:33.306+0000] {subprocess.py:93} INFO - 💰 Total Revenue: $36819.42
[2025-06-09T06:36:33.306+0000] {subprocess.py:93} INFO - 🕐 Last Updated: 2025-06-09T06:36:33.293446
[2025-06-09T06:36:33.307+0000] {subprocess.py:93} INFO - 
[2025-06-09T06:36:33.307+0000] {subprocess.py:93} INFO - 🔥 Recent Orders:
[2025-06-09T06:36:33.307+0000] {subprocess.py:93} INFO -   • order_89106: $559.96 (2 items)
[2025-06-09T06:36:33.308+0000] {subprocess.py:93} INFO -   • order_24119: $1999.99 (1 items)
[2025-06-09T06:36:33.308+0000] {subprocess.py:93} INFO -   • order_17004: $299.98 (1 items)
[2025-06-09T06:36:33.308+0000] {subprocess.py:93} INFO -   • order_78370: $2299.96 (2 items)
[2025-06-09T06:36:33.309+0000] {subprocess.py:93} INFO -   • order_41744: $2399.97 (2 items)
[2025-06-09T06:36:33.309+0000] {subprocess.py:93} INFO - ============================================================
[2025-06-09T06:36:38.305+0000] {subprocess.py:93} INFO - ⏸️ No messages for 70.1s, checking for completion...
[2025-06-09T06:36:38.316+0000] {subprocess.py:93} INFO - 
[2025-06-09T06:36:38.316+0000] {subprocess.py:93} INFO - ============================================================
[2025-06-09T06:36:38.316+0000] {subprocess.py:93} INFO - 📊 REAL-TIME E-COMMERCE DASHBOARD
[2025-06-09T06:36:38.317+0000] {subprocess.py:93} INFO - ============================================================
[2025-06-09T06:36:38.317+0000] {subprocess.py:93} INFO - 👀 Total Views: 79
[2025-06-09T06:36:38.317+0000] {subprocess.py:93} INFO - 🛒 Total Cart Adds: 28
[2025-06-09T06:36:38.317+0000] {subprocess.py:93} INFO - ❤️  Total Wishlist Adds: 15
[2025-06-09T06:36:38.318+0000] {subprocess.py:93} INFO - 📦 Total Orders: 18
[2025-06-09T06:36:38.318+0000] {subprocess.py:93} INFO - 💰 Total Revenue: $36819.42
[2025-06-09T06:36:38.318+0000] {subprocess.py:93} INFO - 🕐 Last Updated: 2025-06-09T06:36:38.308959
[2025-06-09T06:36:38.319+0000] {subprocess.py:93} INFO - 
[2025-06-09T06:36:38.319+0000] {subprocess.py:93} INFO - 🔥 Recent Orders:
[2025-06-09T06:36:38.319+0000] {subprocess.py:93} INFO -   • order_89106: $559.96 (2 items)
[2025-06-09T06:36:38.320+0000] {subprocess.py:93} INFO -   • order_24119: $1999.99 (1 items)
[2025-06-09T06:36:38.320+0000] {subprocess.py:93} INFO -   • order_17004: $299.98 (1 items)
[2025-06-09T06:36:38.320+0000] {subprocess.py:93} INFO -   • order_78370: $2299.96 (2 items)
[2025-06-09T06:36:38.320+0000] {subprocess.py:93} INFO -   • order_41744: $2399.97 (2 items)
[2025-06-09T06:36:38.321+0000] {subprocess.py:93} INFO - ============================================================
[2025-06-09T06:36:43.310+0000] {subprocess.py:93} INFO - ⏸️ No messages for 75.1s, checking for completion...
[2025-06-09T06:36:43.317+0000] {subprocess.py:93} INFO - 
[2025-06-09T06:36:43.317+0000] {subprocess.py:93} INFO - ============================================================
[2025-06-09T06:36:43.317+0000] {subprocess.py:93} INFO - 📊 REAL-TIME E-COMMERCE DASHBOARD
[2025-06-09T06:36:43.318+0000] {subprocess.py:93} INFO - ============================================================
[2025-06-09T06:36:43.318+0000] {subprocess.py:93} INFO - 👀 Total Views: 79
[2025-06-09T06:36:43.318+0000] {subprocess.py:93} INFO - 🛒 Total Cart Adds: 28
[2025-06-09T06:36:43.318+0000] {subprocess.py:93} INFO - ❤️  Total Wishlist Adds: 15
[2025-06-09T06:36:43.318+0000] {subprocess.py:93} INFO - 📦 Total Orders: 18
[2025-06-09T06:36:43.318+0000] {subprocess.py:93} INFO - 💰 Total Revenue: $36819.42
[2025-06-09T06:36:43.318+0000] {subprocess.py:93} INFO - 🕐 Last Updated: 2025-06-09T06:36:43.314331
[2025-06-09T06:36:43.319+0000] {subprocess.py:93} INFO - 
[2025-06-09T06:36:43.319+0000] {subprocess.py:93} INFO - 🔥 Recent Orders:
[2025-06-09T06:36:43.319+0000] {subprocess.py:93} INFO -   • order_89106: $559.96 (2 items)
[2025-06-09T06:36:43.319+0000] {subprocess.py:93} INFO -   • order_24119: $1999.99 (1 items)
[2025-06-09T06:36:43.319+0000] {subprocess.py:93} INFO -   • order_17004: $299.98 (1 items)
[2025-06-09T06:36:43.319+0000] {subprocess.py:93} INFO -   • order_78370: $2299.96 (2 items)
[2025-06-09T06:36:43.320+0000] {subprocess.py:93} INFO -   • order_41744: $2399.97 (2 items)
[2025-06-09T06:36:43.320+0000] {subprocess.py:93} INFO - ============================================================
[2025-06-09T06:36:48.324+0000] {subprocess.py:93} INFO - ⏸️ No messages for 80.1s, checking for completion...
[2025-06-09T06:36:48.335+0000] {subprocess.py:93} INFO - 
[2025-06-09T06:36:48.335+0000] {subprocess.py:93} INFO - ============================================================
[2025-06-09T06:36:48.336+0000] {subprocess.py:93} INFO - 📊 REAL-TIME E-COMMERCE DASHBOARD
[2025-06-09T06:36:48.336+0000] {subprocess.py:93} INFO - ============================================================
[2025-06-09T06:36:48.337+0000] {subprocess.py:93} INFO - 👀 Total Views: 79
[2025-06-09T06:36:48.337+0000] {subprocess.py:93} INFO - 🛒 Total Cart Adds: 28
[2025-06-09T06:36:48.337+0000] {subprocess.py:93} INFO - ❤️  Total Wishlist Adds: 15
[2025-06-09T06:36:48.338+0000] {subprocess.py:93} INFO - 📦 Total Orders: 18
[2025-06-09T06:36:48.338+0000] {subprocess.py:93} INFO - 💰 Total Revenue: $36819.42
[2025-06-09T06:36:48.338+0000] {subprocess.py:93} INFO - 🕐 Last Updated: 2025-06-09T06:36:48.330146
[2025-06-09T06:36:48.339+0000] {subprocess.py:93} INFO - 
[2025-06-09T06:36:48.339+0000] {subprocess.py:93} INFO - 🔥 Recent Orders:
[2025-06-09T06:36:48.339+0000] {subprocess.py:93} INFO -   • order_89106: $559.96 (2 items)
[2025-06-09T06:36:48.340+0000] {subprocess.py:93} INFO -   • order_24119: $1999.99 (1 items)
[2025-06-09T06:36:48.340+0000] {subprocess.py:93} INFO -   • order_17004: $299.98 (1 items)
[2025-06-09T06:36:48.340+0000] {subprocess.py:93} INFO -   • order_78370: $2299.96 (2 items)
[2025-06-09T06:36:48.340+0000] {subprocess.py:93} INFO -   • order_41744: $2399.97 (2 items)
[2025-06-09T06:36:48.341+0000] {subprocess.py:93} INFO - ============================================================
[2025-06-09T06:36:53.342+0000] {subprocess.py:93} INFO - ⏸️ No messages for 85.1s, checking for completion...
[2025-06-09T06:36:53.363+0000] {subprocess.py:93} INFO - 
[2025-06-09T06:36:53.364+0000] {subprocess.py:93} INFO - ============================================================
[2025-06-09T06:36:53.365+0000] {subprocess.py:93} INFO - 📊 REAL-TIME E-COMMERCE DASHBOARD
[2025-06-09T06:36:53.366+0000] {subprocess.py:93} INFO - ============================================================
[2025-06-09T06:36:53.366+0000] {subprocess.py:93} INFO - 👀 Total Views: 79
[2025-06-09T06:36:53.367+0000] {subprocess.py:93} INFO - 🛒 Total Cart Adds: 28
[2025-06-09T06:36:53.367+0000] {subprocess.py:93} INFO - ❤️  Total Wishlist Adds: 15
[2025-06-09T06:36:53.368+0000] {subprocess.py:93} INFO - 📦 Total Orders: 18
[2025-06-09T06:36:53.368+0000] {subprocess.py:93} INFO - 💰 Total Revenue: $36819.42
[2025-06-09T06:36:53.369+0000] {subprocess.py:93} INFO - 🕐 Last Updated: 2025-06-09T06:36:53.352429
[2025-06-09T06:36:53.369+0000] {subprocess.py:93} INFO - 
[2025-06-09T06:36:53.369+0000] {subprocess.py:93} INFO - 🔥 Recent Orders:
[2025-06-09T06:36:53.370+0000] {subprocess.py:93} INFO -   • order_89106: $559.96 (2 items)
[2025-06-09T06:36:53.370+0000] {subprocess.py:93} INFO -   • order_24119: $1999.99 (1 items)
[2025-06-09T06:36:53.370+0000] {subprocess.py:93} INFO -   • order_17004: $299.98 (1 items)
[2025-06-09T06:36:53.370+0000] {subprocess.py:93} INFO -   • order_78370: $2299.96 (2 items)
[2025-06-09T06:36:53.371+0000] {subprocess.py:93} INFO -   • order_41744: $2399.97 (2 items)
[2025-06-09T06:36:53.371+0000] {subprocess.py:93} INFO - ============================================================
[2025-06-09T06:36:53.371+0000] {subprocess.py:93} INFO - ⏰ Timeout reached (90s), stopping consumer
[2025-06-09T06:36:53.371+0000] {subprocess.py:93} INFO - 2025-06-09 06:36:53,367 - kafka.coordinator.heartbeat - INFO - Stopping heartbeat thread
[2025-06-09T06:36:56.374+0000] {subprocess.py:93} INFO - 2025-06-09 06:36:56,373 - kafka.coordinator.heartbeat - WARNING - Heartbeat thread did not fully terminate during close
[2025-06-09T06:36:56.376+0000] {subprocess.py:93} INFO - 2025-06-09 06:36:56,375 - kafka.coordinator - INFO - Leaving consumer group (ecommerce-analytics-20250609).
[2025-06-09T06:36:56.392+0000] {subprocess.py:93} INFO - 2025-06-09 06:36:56,391 - kafka.coordinator - INFO - LeaveGroup request for group ecommerce-analytics-20250609 returned successfully
[2025-06-09T06:36:56.393+0000] {subprocess.py:93} INFO - 2025-06-09 06:36:56,392 - kafka.conn - INFO - <BrokerConnection client_id=kafka-python-2.2.11, node_id=1 host=kafka:29092 <connected> [IPv4 ('172.18.0.5', 29092)]>: Closing connection.
[2025-06-09T06:36:56.394+0000] {subprocess.py:93} INFO - 2025-06-09 06:36:56,393 - kafka.conn - INFO - <BrokerConnection client_id=kafka-python-2.2.11, node_id=coordinator-1 host=kafka:29092 <connected> [IPv4 ('172.18.0.5', 29092)]>: Closing connection.
[2025-06-09T06:36:56.395+0000] {subprocess.py:93} INFO - ✅ Kafka consumer closed
[2025-06-09T06:36:56.396+0000] {subprocess.py:93} INFO - ✅ Redis connection closed
[2025-06-09T06:36:56.397+0000] {subprocess.py:93} INFO - 👋 Consumer completed after processing 20 messages in 96.5 seconds
[2025-06-09T06:36:56.399+0000] {subprocess.py:93} INFO - 
[2025-06-09T06:36:56.401+0000] {subprocess.py:93} INFO - ============================================================
[2025-06-09T06:36:56.401+0000] {subprocess.py:93} INFO - 📊 REAL-TIME E-COMMERCE DASHBOARD
[2025-06-09T06:36:56.402+0000] {subprocess.py:93} INFO - ============================================================
[2025-06-09T06:36:56.402+0000] {subprocess.py:93} INFO - 👀 Total Views: 79
[2025-06-09T06:36:56.402+0000] {subprocess.py:93} INFO - 🛒 Total Cart Adds: 28
[2025-06-09T06:36:56.403+0000] {subprocess.py:93} INFO - ❤️  Total Wishlist Adds: 15
[2025-06-09T06:36:56.403+0000] {subprocess.py:93} INFO - 📦 Total Orders: 18
[2025-06-09T06:36:56.404+0000] {subprocess.py:93} INFO - 💰 Total Revenue: $36819.42
[2025-06-09T06:36:56.404+0000] {subprocess.py:93} INFO - 🕐 Last Updated: 2025-06-09T06:36:56.399821
[2025-06-09T06:36:56.404+0000] {subprocess.py:93} INFO - 
[2025-06-09T06:36:56.405+0000] {subprocess.py:93} INFO - 🔥 Recent Orders:
[2025-06-09T06:36:56.405+0000] {subprocess.py:93} INFO -   • order_89106: $559.96 (2 items)
[2025-06-09T06:36:56.405+0000] {subprocess.py:93} INFO -   • order_24119: $1999.99 (1 items)
[2025-06-09T06:36:56.406+0000] {subprocess.py:93} INFO -   • order_17004: $299.98 (1 items)
[2025-06-09T06:36:56.406+0000] {subprocess.py:93} INFO -   • order_78370: $2299.96 (2 items)
[2025-06-09T06:36:56.406+0000] {subprocess.py:93} INFO -   • order_41744: $2399.97 (2 items)
[2025-06-09T06:36:56.407+0000] {subprocess.py:93} INFO - ============================================================
[2025-06-09T06:36:56.505+0000] {subprocess.py:97} INFO - Command exited with return code 0
[2025-06-09T06:36:56.532+0000] {taskinstance.py:1138} INFO - Marking task as SUCCESS. dag_id=kafka_ecommerce_pipeline, task_id=run_kafka_consumer, execution_date=20250609T063000, start_date=20250609T063519, end_date=20250609T063656
[2025-06-09T06:36:56.569+0000] {local_task_job_runner.py:234} INFO - Task exited with return code 0
[2025-06-09T06:36:56.603+0000] {taskinstance.py:3280} INFO - 1 downstream tasks scheduled from follow-on schedule check
