[2025-06-09T08:47:03.012+0000] {taskinstance.py:1956} INFO - Dependencies all met for dep_context=non-requeueable deps ti=<TaskInstance: kafka_ecommerce_pipeline.run_kafka_producer scheduled__2025-06-09T08:40:00+00:00 [queued]>
[2025-06-09T08:47:03.015+0000] {taskinstance.py:1956} INFO - Dependencies all met for dep_context=requeueable deps ti=<TaskInstance: kafka_ecommerce_pipeline.run_kafka_producer scheduled__2025-06-09T08:40:00+00:00 [queued]>
[2025-06-09T08:47:03.016+0000] {taskinstance.py:2170} INFO - Starting attempt 1 of 3
[2025-06-09T08:47:03.021+0000] {taskinstance.py:2191} INFO - Executing <Task(BashOperator): run_kafka_producer> on 2025-06-09 08:40:00+00:00
[2025-06-09T08:47:03.023+0000] {standard_task_runner.py:60} INFO - Started process 414 to run task
[2025-06-09T08:47:03.026+0000] {standard_task_runner.py:87} INFO - Running: ['***', 'tasks', 'run', 'kafka_ecommerce_pipeline', 'run_kafka_producer', 'scheduled__2025-06-09T08:40:00+00:00', '--job-id', '28', '--raw', '--subdir', 'DAGS_FOLDER/kafka_data_pipeline.py', '--cfg-path', '/tmp/tmptq9bfcux']
[2025-06-09T08:47:03.027+0000] {standard_task_runner.py:88} INFO - Job 28: Subtask run_kafka_producer
[2025-06-09T08:47:03.052+0000] {task_command.py:423} INFO - Running <TaskInstance: kafka_ecommerce_pipeline.run_kafka_producer scheduled__2025-06-09T08:40:00+00:00 [running]> on host 1b1881543ac4
[2025-06-09T08:47:03.095+0000] {taskinstance.py:2480} INFO - Exporting env vars: AIRFLOW_CTX_DAG_OWNER='data-engineering-team' AIRFLOW_CTX_DAG_ID='kafka_ecommerce_pipeline' AIRFLOW_CTX_TASK_ID='run_kafka_producer' AIRFLOW_CTX_EXECUTION_DATE='2025-06-09T08:40:00+00:00' AIRFLOW_CTX_TRY_NUMBER='1' AIRFLOW_CTX_DAG_RUN_ID='scheduled__2025-06-09T08:40:00+00:00'
[2025-06-09T08:47:03.096+0000] {subprocess.py:63} INFO - Tmp dir root location: /tmp
[2025-06-09T08:47:03.101+0000] {subprocess.py:75} INFO - Running command: ['/usr/bin/bash', '-c', 'cd /opt/***/ecom_etl/ && python kafka_scripts/producer.py']
[2025-06-09T08:47:03.108+0000] {subprocess.py:86} INFO - Output:
[2025-06-09T08:47:03.298+0000] {subprocess.py:93} INFO - 🚀 Starting E-Commerce Event Producer
[2025-06-09T08:47:03.298+0000] {subprocess.py:93} INFO - 🔗 Kafka: kafka:29092
[2025-06-09T08:47:03.298+0000] {subprocess.py:93} INFO - 📊 Topics:
[2025-06-09T08:47:03.299+0000] {subprocess.py:93} INFO -    - ecommerce.product.views
[2025-06-09T08:47:03.299+0000] {subprocess.py:93} INFO -    - ecommerce.cart.add
[2025-06-09T08:47:03.299+0000] {subprocess.py:93} INFO -    - ecommerce.wishlist.add
[2025-06-09T08:47:03.299+0000] {subprocess.py:93} INFO -    - ecommerce.orders.completed
[2025-06-09T08:47:03.299+0000] {subprocess.py:93} INFO - 🚀 Initializing Kafka producer with bootstrap servers: kafka:29092
[2025-06-09T08:47:03.316+0000] {subprocess.py:93} INFO - ✅ Successfully connected to Kafka
[2025-06-09T08:47:03.317+0000] {subprocess.py:93} INFO - 
[2025-06-09T08:47:03.317+0000] {subprocess.py:93} INFO - 🔄 Starting e-commerce event simulation...
[2025-06-09T08:47:03.317+0000] {subprocess.py:93} INFO - 🚀 Starting simulation for 20 events at 2 events/second
[2025-06-09T08:47:03.409+0000] {subprocess.py:93} INFO - 💰 Sent order to ecommerce.orders.completed - Order: order_53738
[2025-06-09T08:47:03.514+0000] {subprocess.py:93} INFO - ✅ Sent product_view to ecommerce.product.views - Product: Coffee Maker
[2025-06-09T08:47:04.016+0000] {subprocess.py:93} INFO - ✅ Sent product_view to ecommerce.product.views - Product: MacBook Pro
[2025-06-09T08:47:04.020+0000] {subprocess.py:93} INFO - ❤️  Sent wishlist_add to ecommerce.wishlist.add - Product: Adidas Sneakers
[2025-06-09T08:47:04.532+0000] {subprocess.py:93} INFO - ✅ Sent product_view to ecommerce.product.views - Product: Adidas Sneakers
[2025-06-09T08:47:04.536+0000] {subprocess.py:93} INFO - 💰 Sent order to ecommerce.orders.completed - Order: order_25892
[2025-06-09T08:47:05.039+0000] {subprocess.py:93} INFO - 💰 Sent order to ecommerce.orders.completed - Order: order_12708
[2025-06-09T08:47:05.040+0000] {subprocess.py:93} INFO - ❤️  Sent wishlist_add to ecommerce.wishlist.add - Product: Coffee Maker
[2025-06-09T08:47:05.545+0000] {subprocess.py:93} INFO - ✅ Sent product_view to ecommerce.product.views - Product: Samsung 4K TV
[2025-06-09T08:47:05.546+0000] {subprocess.py:93} INFO - ✅ Sent product_view to ecommerce.product.views - Product: Levi's Jeans
[2025-06-09T08:47:05.547+0000] {subprocess.py:93} INFO - 📊 Progress: 10/20 events in 2.2 seconds
[2025-06-09T08:47:06.057+0000] {subprocess.py:93} INFO - 🛒 Sent add_to_cart to ecommerce.cart.add - Product: Wireless Headphones
[2025-06-09T08:47:06.058+0000] {subprocess.py:93} INFO - 🛒 Sent add_to_cart to ecommerce.cart.add - Product: Nike Air Max
[2025-06-09T08:47:06.561+0000] {subprocess.py:93} INFO - ✅ Sent product_view to ecommerce.product.views - Product: Levi's Jeans
[2025-06-09T08:47:06.563+0000] {subprocess.py:93} INFO - ✅ Sent product_view to ecommerce.product.views - Product: MacBook Pro
[2025-06-09T08:47:07.071+0000] {subprocess.py:93} INFO - ✅ Sent product_view to ecommerce.product.views - Product: Adidas Sneakers
[2025-06-09T08:47:07.077+0000] {subprocess.py:93} INFO - ✅ Sent product_view to ecommerce.product.views - Product: Wireless Headphones
[2025-06-09T08:47:07.576+0000] {subprocess.py:93} INFO - ❤️  Sent wishlist_add to ecommerce.wishlist.add - Product: Adidas Sneakers
[2025-06-09T08:47:07.577+0000] {subprocess.py:93} INFO - ✅ Sent product_view to ecommerce.product.views - Product: Adidas Sneakers
[2025-06-09T08:47:08.079+0000] {subprocess.py:93} INFO - ✅ Sent product_view to ecommerce.product.views - Product: iPhone 15 Pro
[2025-06-09T08:47:08.081+0000] {subprocess.py:93} INFO - ✅ Sent product_view to ecommerce.product.views - Product: Adidas Sneakers
[2025-06-09T08:47:08.082+0000] {subprocess.py:93} INFO - 📊 Progress: 20/20 events in 4.8 seconds
[2025-06-09T08:47:08.085+0000] {subprocess.py:93} INFO - 
[2025-06-09T08:47:08.086+0000] {subprocess.py:93} INFO - 📈 Simulation completed! Generated 20 events in 4.8 seconds
[2025-06-09T08:47:08.278+0000] {subprocess.py:97} INFO - Command exited with return code 0
[2025-06-09T08:47:08.374+0000] {taskinstance.py:1138} INFO - Marking task as SUCCESS. dag_id=kafka_ecommerce_pipeline, task_id=run_kafka_producer, execution_date=20250609T084000, start_date=20250609T084703, end_date=20250609T084708
[2025-06-09T08:47:08.515+0000] {local_task_job_runner.py:234} INFO - Task exited with return code 0
[2025-06-09T08:47:08.570+0000] {taskinstance.py:3280} INFO - 1 downstream tasks scheduled from follow-on schedule check
