[2025-05-14T05:02:52.873+0000] {taskinstance.py:1956} INFO - Dependencies all met for dep_context=non-requeueable deps ti=<TaskInstance: ecommerce_data_ingestion.wait_for_olist_sellers_dataset manual__2025-05-14T04:56:16+00:00 [queued]>
[2025-05-14T05:02:52.891+0000] {taskinstance.py:1956} INFO - Dependencies all met for dep_context=requeueable deps ti=<TaskInstance: ecommerce_data_ingestion.wait_for_olist_sellers_dataset manual__2025-05-14T04:56:16+00:00 [queued]>
[2025-05-14T05:02:52.891+0000] {taskinstance.py:2170} INFO - Starting attempt 2 of 2
[2025-05-14T05:02:52.914+0000] {taskinstance.py:2191} INFO - Executing <Task(FileSensor): wait_for_olist_sellers_dataset> on 2025-05-14 04:56:16+00:00
[2025-05-14T05:02:52.937+0000] {standard_task_runner.py:60} INFO - Started process 540 to run task
[2025-05-14T05:02:52.943+0000] {standard_task_runner.py:87} INFO - Running: ['***', 'tasks', 'run', 'ecommerce_data_ingestion', 'wait_for_olist_sellers_dataset', 'manual__2025-05-14T04:56:16+00:00', '--job-id', '56', '--raw', '--subdir', 'DAGS_FOLDER/ecommerce_etl_dag.py', '--cfg-path', '/tmp/tmpn2q2by80']
[2025-05-14T05:02:52.947+0000] {standard_task_runner.py:88} INFO - Job 56: Subtask wait_for_olist_sellers_dataset
[2025-05-14T05:02:53.078+0000] {task_command.py:423} INFO - Running <TaskInstance: ecommerce_data_ingestion.wait_for_olist_sellers_dataset manual__2025-05-14T04:56:16+00:00 [running]> on host 0a774477c13b
[2025-05-14T05:02:53.249+0000] {taskinstance.py:2480} INFO - Exporting env vars: AIRFLOW_CTX_DAG_OWNER='***' AIRFLOW_CTX_DAG_ID='ecommerce_data_ingestion' AIRFLOW_CTX_TASK_ID='wait_for_olist_sellers_dataset' AIRFLOW_CTX_EXECUTION_DATE='2025-05-14T04:56:16+00:00' AIRFLOW_CTX_TRY_NUMBER='2' AIRFLOW_CTX_DAG_RUN_ID='manual__2025-05-14T04:56:16+00:00'
[2025-05-14T05:02:53.305+0000] {taskinstance.py:2698} ERROR - Task failed with exception
Traceback (most recent call last):
  File "/home/airflow/.local/lib/python3.8/site-packages/airflow/models/taskinstance.py", line 433, in _execute_task
    result = execute_callable(context=context, **execute_callable_kwargs)
  File "/home/airflow/.local/lib/python3.8/site-packages/airflow/sensors/base.py", line 265, in execute
    raise e
  File "/home/airflow/.local/lib/python3.8/site-packages/airflow/sensors/base.py", line 247, in execute
    poke_return = self.poke(context)
  File "/home/airflow/.local/lib/python3.8/site-packages/airflow/sensors/filesystem.py", line 63, in poke
    hook = FSHook(self.fs_conn_id)
  File "/home/airflow/.local/lib/python3.8/site-packages/airflow/hooks/filesystem.py", line 64, in __init__
    conn = self.get_connection(fs_conn_id)
  File "/home/airflow/.local/lib/python3.8/site-packages/airflow/hooks/base.py", line 82, in get_connection
    conn = Connection.get_connection_from_secrets(conn_id)
  File "/home/airflow/.local/lib/python3.8/site-packages/airflow/models/connection.py", line 479, in get_connection_from_secrets
    raise AirflowNotFoundException(f"The conn_id `{conn_id}` isn't defined")
airflow.exceptions.AirflowNotFoundException: The conn_id `fs_default` isn't defined
[2025-05-14T05:02:53.334+0000] {taskinstance.py:1138} INFO - Marking task as FAILED. dag_id=ecommerce_data_ingestion, task_id=wait_for_olist_sellers_dataset, execution_date=20250514T045616, start_date=20250514T050252, end_date=20250514T050253
[2025-05-14T05:02:53.389+0000] {standard_task_runner.py:107} ERROR - Failed to execute job 56 for task wait_for_olist_sellers_dataset (The conn_id `fs_default` isn't defined; 540)
[2025-05-14T05:02:53.416+0000] {local_task_job_runner.py:234} INFO - Task exited with return code 1
[2025-05-14T05:02:53.507+0000] {taskinstance.py:3280} INFO - 0 downstream tasks scheduled from follow-on schedule check
