[2025-06-07T18:59:28.885+0000] {taskinstance.py:1956} INFO - Dependencies all met for dep_context=non-requeueable deps ti=<TaskInstance: drop_all_dag.drop_stg manual__2025-06-07T18:59:18.810693+00:00 [queued]>
[2025-06-07T18:59:28.890+0000] {taskinstance.py:1956} INFO - Dependencies all met for dep_context=requeueable deps ti=<TaskInstance: drop_all_dag.drop_stg manual__2025-06-07T18:59:18.810693+00:00 [queued]>
[2025-06-07T18:59:28.890+0000] {taskinstance.py:2170} INFO - Starting attempt 1 of 2
[2025-06-07T18:59:28.895+0000] {taskinstance.py:2191} INFO - Executing <Task(BashOperator): drop_stg> on 2025-06-07 18:59:18.810693+00:00
[2025-06-07T18:59:28.903+0000] {standard_task_runner.py:60} INFO - Started process 350 to run task
[2025-06-07T18:59:28.905+0000] {standard_task_runner.py:87} INFO - Running: ['***', 'tasks', 'run', 'drop_all_dag', 'drop_stg', 'manual__2025-06-07T18:59:18.810693+00:00', '--job-id', '44', '--raw', '--subdir', 'DAGS_FOLDER/drop_all_dag.py', '--cfg-path', '/tmp/tmp6h7uozug']
[2025-06-07T18:59:28.907+0000] {standard_task_runner.py:88} INFO - Job 44: Subtask drop_stg
[2025-06-07T18:59:28.936+0000] {task_command.py:423} INFO - Running <TaskInstance: drop_all_dag.drop_stg manual__2025-06-07T18:59:18.810693+00:00 [running]> on host c183c35f0e34
[2025-06-07T18:59:28.971+0000] {taskinstance.py:2480} INFO - Exporting env vars: AIRFLOW_CTX_DAG_OWNER='***' AIRFLOW_CTX_DAG_ID='drop_all_dag' AIRFLOW_CTX_TASK_ID='drop_stg' AIRFLOW_CTX_EXECUTION_DATE='2025-06-07T18:59:18.810693+00:00' AIRFLOW_CTX_TRY_NUMBER='1' AIRFLOW_CTX_DAG_RUN_ID='manual__2025-06-07T18:59:18.810693+00:00'
[2025-06-07T18:59:28.972+0000] {subprocess.py:63} INFO - Tmp dir root location: /tmp
[2025-06-07T18:59:28.973+0000] {subprocess.py:75} INFO - Running command: ['/usr/bin/bash', '-c', 'cd /opt/***/ecom_etl && python drop_stg.py']
[2025-06-07T18:59:28.978+0000] {subprocess.py:86} INFO - Output:
[2025-06-07T18:59:37.276+0000] {subprocess.py:93} INFO - 📍 Connected to ECOM_STG.PUBLIC schema
[2025-06-07T18:59:37.284+0000] {subprocess.py:93} INFO - ✅ Table 'STG_GEOLOCATION' dropped successfully.
[2025-06-07T18:59:37.285+0000] {subprocess.py:93} INFO - ✅ Table 'STG_CUSTOMERS' dropped successfully.
[2025-06-07T18:59:37.285+0000] {subprocess.py:93} INFO - ✅ Table 'STG_SELLERS' dropped successfully.
[2025-06-07T18:59:37.285+0000] {subprocess.py:93} INFO - ✅ Table 'STG_ORDERS' dropped successfully.
[2025-06-07T18:59:37.286+0000] {subprocess.py:93} INFO - ✅ Table 'STG_PRODUCTS' dropped successfully.
[2025-06-07T18:59:37.286+0000] {subprocess.py:93} INFO - ✅ Table 'STG_ORDER_ITEMS' dropped successfully.
[2025-06-07T18:59:37.286+0000] {subprocess.py:93} INFO - ✅ Table 'STG_ORDER_PAYMENTS' dropped successfully.
[2025-06-07T18:59:37.287+0000] {subprocess.py:93} INFO - ✅ Table 'STG_ORDER_REVIEWS' dropped successfully.
[2025-06-07T18:59:37.287+0000] {subprocess.py:93} INFO - ✅ Table 'STG_PRODUCT_CATEGORY_TRANSLATION' dropped successfully.
[2025-06-07T18:59:37.288+0000] {subprocess.py:93} INFO - 
[2025-06-07T18:59:37.289+0000] {subprocess.py:93} INFO - 🎯 Summary: 9/9 tables dropped successfully.
[2025-06-07T18:59:37.290+0000] {subprocess.py:93} INFO - 🔌 Connection closed.
[2025-06-07T18:59:37.415+0000] {subprocess.py:97} INFO - Command exited with return code 0
[2025-06-07T18:59:37.457+0000] {taskinstance.py:1138} INFO - Marking task as SUCCESS. dag_id=drop_all_dag, task_id=drop_stg, execution_date=20250607T185918, start_date=20250607T185928, end_date=20250607T185937
[2025-06-07T18:59:37.483+0000] {local_task_job_runner.py:234} INFO - Task exited with return code 0
[2025-06-07T18:59:37.505+0000] {taskinstance.py:3280} INFO - 1 downstream tasks scheduled from follow-on schedule check
