[2025-06-09T17:31:15.116+0000] {taskinstance.py:1956} INFO - Dependencies all met for dep_context=non-requeueable deps ti=<TaskInstance: kafka_ecommerce_pipeline.run_kafka_producer scheduled__2025-06-09T17:30:00+00:00 [queued]>
[2025-06-09T17:31:15.127+0000] {taskinstance.py:1956} INFO - Dependencies all met for dep_context=requeueable deps ti=<TaskInstance: kafka_ecommerce_pipeline.run_kafka_producer scheduled__2025-06-09T17:30:00+00:00 [queued]>
[2025-06-09T17:31:15.127+0000] {taskinstance.py:2170} INFO - Starting attempt 1 of 3
[2025-06-09T17:31:15.138+0000] {taskinstance.py:2191} INFO - Executing <Task(BashOperator): run_kafka_producer> on 2025-06-09 17:30:00+00:00
[2025-06-09T17:31:15.148+0000] {standard_task_runner.py:60} INFO - Started process 5536 to run task
[2025-06-09T17:31:15.157+0000] {standard_task_runner.py:87} INFO - Running: ['***', 'tasks', 'run', 'kafka_ecommerce_pipeline', 'run_kafka_producer', 'scheduled__2025-06-09T17:30:00+00:00', '--job-id', '613', '--raw', '--subdir', 'DAGS_FOLDER/kafka_data_pipeline.py', '--cfg-path', '/tmp/tmpjoisegej']
[2025-06-09T17:31:15.159+0000] {standard_task_runner.py:88} INFO - Job 613: Subtask run_kafka_producer
[2025-06-09T17:31:15.220+0000] {task_command.py:423} INFO - Running <TaskInstance: kafka_ecommerce_pipeline.run_kafka_producer scheduled__2025-06-09T17:30:00+00:00 [running]> on host ed7c78a1ebb0
[2025-06-09T17:31:15.292+0000] {taskinstance.py:2480} INFO - Exporting env vars: AIRFLOW_CTX_DAG_OWNER='data-engineering-team' AIRFLOW_CTX_DAG_ID='kafka_ecommerce_pipeline' AIRFLOW_CTX_TASK_ID='run_kafka_producer' AIRFLOW_CTX_EXECUTION_DATE='2025-06-09T17:30:00+00:00' AIRFLOW_CTX_TRY_NUMBER='1' AIRFLOW_CTX_DAG_RUN_ID='scheduled__2025-06-09T17:30:00+00:00'
[2025-06-09T17:31:15.294+0000] {subprocess.py:63} INFO - Tmp dir root location: /tmp
[2025-06-09T17:31:15.295+0000] {subprocess.py:75} INFO - Running command: ['/usr/bin/bash', '-c', 'python /app/kafka_scripts/producer.py']
[2025-06-09T17:31:15.310+0000] {subprocess.py:86} INFO - Output:
[2025-06-09T17:31:32.739+0000] {subprocess.py:93} INFO - 🚀 Starting E-Commerce Event Producer
[2025-06-09T17:31:32.748+0000] {subprocess.py:93} INFO - 🔗 Kafka Bootstrap Servers: kafka:29092
[2025-06-09T17:31:32.749+0000] {subprocess.py:93} INFO - 🚀 Initializing Kafka producer with bootstrap servers: kafka:29092
[2025-06-09T17:31:32.749+0000] {subprocess.py:93} INFO - ⚠️ Error creating topics: [Error 36] TopicAlreadyExistsError: Request 'CreateTopicsRequest_v3(create_topic_requests=[(topic='ecommerce.product.views', num_partitions=3, replication_factor=1, replica_assignment=[], configs=[]), (topic='ecommerce.cart.add', num_partitions=3, replication_factor=1, replica_assignment=[], configs=[]), (topic='ecommerce.wishlist.add', num_partitions=3, replication_factor=1, replica_assignment=[], configs=[]), (topic='ecommerce.orders.completed', num_partitions=3, replication_factor=1, replica_assignment=[], configs=[])], timeout=30000, validate_only=False)' failed with response 'CreateTopicsResponse_v3(throttle_time_ms=0, topic_errors=[(topic='ecommerce.product.views', error_code=36, error_message="Topic 'ecommerce.product.views' already exists."), (topic='ecommerce.cart.add', error_code=36, error_message="Topic 'ecommerce.cart.add' already exists."), (topic='ecommerce.wishlist.add', error_code=36, error_message="Topic 'ecommerce.wishlist.add' already exists."), (topic='ecommerce.orders.completed', error_code=36, error_message="Topic 'ecommerce.orders.completed' already exists.")])'.
[2025-06-09T17:31:32.750+0000] {subprocess.py:93} INFO - ✅ Successfully connected to Kafka
[2025-06-09T17:31:32.750+0000] {subprocess.py:93} INFO - 🚀 Starting traffic simulation for 60 seconds at 5 events/second
[2025-06-09T17:31:32.751+0000] {subprocess.py:93} INFO - ✅ Sent to ecommerce.product.views: product_view (partition: 0, offset: 15014)
[2025-06-09T17:31:32.751+0000] {subprocess.py:93} INFO - ✅ Sent to ecommerce.product.views: product_view (partition: 0, offset: 15015)
[2025-06-09T17:31:32.751+0000] {subprocess.py:93} INFO - ✅ Sent to ecommerce.product.views: product_view (partition: 0, offset: 15016)
[2025-06-09T17:31:32.752+0000] {subprocess.py:93} INFO - ✅ Sent to ecommerce.product.views: product_view (partition: 0, offset: 15017)
[2025-06-09T17:31:32.764+0000] {subprocess.py:93} INFO - ✅ Sent to ecommerce.product.views: product_view (partition: 0, offset: 15018)
[2025-06-09T17:31:32.768+0000] {subprocess.py:93} INFO - ✅ Sent to ecommerce.wishlist.add: add_to_wishlist (partition: 0, offset: 1649)
[2025-06-09T17:31:32.768+0000] {subprocess.py:93} INFO - ✅ Sent to ecommerce.product.views: product_view (partition: 0, offset: 15019)
[2025-06-09T17:31:32.768+0000] {subprocess.py:93} INFO - ✅ Sent to ecommerce.product.views: product_view (partition: 0, offset: 15020)
[2025-06-09T17:31:32.768+0000] {subprocess.py:93} INFO - ✅ Sent to ecommerce.product.views: product_view (partition: 0, offset: 15021)
[2025-06-09T17:31:32.769+0000] {subprocess.py:93} INFO - ✅ Sent to ecommerce.wishlist.add: add_to_wishlist (partition: 0, offset: 1650)
[2025-06-09T17:31:32.769+0000] {subprocess.py:93} INFO - ✅ Sent to ecommerce.product.views: product_view (partition: 0, offset: 15022)
[2025-06-09T17:31:32.769+0000] {subprocess.py:93} INFO - ✅ Sent to ecommerce.product.views: product_view (partition: 0, offset: 15023)
[2025-06-09T17:31:32.769+0000] {subprocess.py:93} INFO - ✅ Sent to ecommerce.product.views: product_view (partition: 0, offset: 15024)
[2025-06-09T17:31:32.769+0000] {subprocess.py:93} INFO - ✅ Sent to ecommerce.cart.add: add_to_cart (partition: 0, offset: 4283)
[2025-06-09T17:31:32.769+0000] {subprocess.py:93} INFO - ✅ Sent to ecommerce.product.views: product_view (partition: 0, offset: 15025)
[2025-06-09T17:31:32.770+0000] {subprocess.py:93} INFO - ✅ Sent to ecommerce.product.views: product_view (partition: 0, offset: 15026)
[2025-06-09T17:31:32.770+0000] {subprocess.py:93} INFO - ✅ Sent to ecommerce.cart.add: add_to_cart (partition: 0, offset: 4284)
[2025-06-09T17:31:32.770+0000] {subprocess.py:93} INFO - ✅ Sent to ecommerce.product.views: product_view (partition: 0, offset: 15027)
[2025-06-09T17:31:32.770+0000] {subprocess.py:93} INFO - ✅ Sent to ecommerce.product.views: product_view (partition: 0, offset: 15028)
[2025-06-09T17:31:32.770+0000] {subprocess.py:93} INFO - ✅ Sent to ecommerce.wishlist.add: add_to_wishlist (partition: 0, offset: 1651)
[2025-06-09T17:31:32.770+0000] {subprocess.py:93} INFO - ✅ Sent to ecommerce.product.views: product_view (partition: 0, offset: 15029)
[2025-06-09T17:31:32.770+0000] {subprocess.py:93} INFO - ✅ Sent to ecommerce.cart.add: add_to_cart (partition: 0, offset: 4285)
[2025-06-09T17:31:32.770+0000] {subprocess.py:93} INFO - ✅ Sent to ecommerce.product.views: product_view (partition: 0, offset: 15030)
[2025-06-09T17:31:32.771+0000] {subprocess.py:93} INFO - ✅ Sent to ecommerce.product.views: product_view (partition: 0, offset: 15031)
[2025-06-09T17:31:32.771+0000] {subprocess.py:93} INFO - ✅ Sent to ecommerce.product.views: product_view (partition: 0, offset: 15032)
[2025-06-09T17:31:32.771+0000] {subprocess.py:93} INFO - ✅ Sent to ecommerce.product.views: product_view (partition: 0, offset: 15033)
[2025-06-09T17:31:32.771+0000] {subprocess.py:93} INFO - ✅ Sent to ecommerce.product.views: product_view (partition: 0, offset: 15034)
[2025-06-09T17:31:32.771+0000] {subprocess.py:93} INFO - ✅ Sent to ecommerce.product.views: product_view (partition: 0, offset: 15035)
[2025-06-09T17:31:32.771+0000] {subprocess.py:93} INFO - ✅ Sent to ecommerce.wishlist.add: add_to_wishlist (partition: 0, offset: 1652)
[2025-06-09T17:31:32.771+0000] {subprocess.py:93} INFO - ✅ Sent to ecommerce.product.views: product_view (partition: 0, offset: 15036)
[2025-06-09T17:31:32.771+0000] {subprocess.py:93} INFO - ✅ Sent to ecommerce.product.views: product_view (partition: 0, offset: 15037)
[2025-06-09T17:31:32.772+0000] {subprocess.py:93} INFO - ✅ Sent to ecommerce.wishlist.add: add_to_wishlist (partition: 0, offset: 1653)
[2025-06-09T17:31:32.772+0000] {subprocess.py:93} INFO - ✅ Sent to ecommerce.cart.add: add_to_cart (partition: 0, offset: 4286)
[2025-06-09T17:31:32.772+0000] {subprocess.py:93} INFO - ✅ Sent to ecommerce.product.views: product_view (partition: 0, offset: 15038)
[2025-06-09T17:31:32.772+0000] {subprocess.py:93} INFO - ✅ Sent to ecommerce.product.views: product_view (partition: 0, offset: 15039)
[2025-06-09T17:31:32.773+0000] {subprocess.py:93} INFO - ✅ Sent to ecommerce.product.views: product_view (partition: 0, offset: 15040)
[2025-06-09T17:31:32.773+0000] {subprocess.py:93} INFO - ✅ Sent to ecommerce.product.views: product_view (partition: 0, offset: 15041)
[2025-06-09T17:31:32.773+0000] {subprocess.py:93} INFO - ✅ Sent to ecommerce.wishlist.add: add_to_wishlist (partition: 0, offset: 1654)
[2025-06-09T17:31:32.774+0000] {subprocess.py:93} INFO - ✅ Sent to ecommerce.cart.add: add_to_cart (partition: 0, offset: 4287)
[2025-06-09T17:31:32.774+0000] {subprocess.py:93} INFO - ✅ Sent to ecommerce.product.views: product_view (partition: 0, offset: 15042)
[2025-06-09T17:31:32.774+0000] {subprocess.py:93} INFO - ✅ Sent to ecommerce.product.views: product_view (partition: 0, offset: 15043)
[2025-06-09T17:31:32.774+0000] {subprocess.py:93} INFO - ✅ Sent to ecommerce.cart.add: add_to_cart (partition: 0, offset: 4288)
[2025-06-09T17:31:32.774+0000] {subprocess.py:93} INFO - ✅ Sent to ecommerce.product.views: product_view (partition: 0, offset: 15044)
[2025-06-09T17:31:32.774+0000] {subprocess.py:93} INFO - ✅ Sent to ecommerce.cart.add: add_to_cart (partition: 0, offset: 4289)
[2025-06-09T17:31:32.774+0000] {subprocess.py:93} INFO - ✅ Sent to ecommerce.product.views: product_view (partition: 0, offset: 15045)
[2025-06-09T17:31:32.774+0000] {subprocess.py:93} INFO - ✅ Sent to ecommerce.cart.add: add_to_cart (partition: 0, offset: 4290)
[2025-06-09T17:31:32.774+0000] {subprocess.py:93} INFO - ✅ Sent to ecommerce.product.views: product_view (partition: 0, offset: 15046)
[2025-06-09T17:31:32.774+0000] {subprocess.py:93} INFO - ✅ Sent to ecommerce.cart.add: add_to_cart (partition: 0, offset: 4291)
[2025-06-09T17:31:32.774+0000] {subprocess.py:93} INFO - ✅ Sent to ecommerce.product.views: product_view (partition: 0, offset: 15047)
[2025-06-09T17:31:32.774+0000] {subprocess.py:93} INFO - ✅ Sent to ecommerce.product.views: product_view (partition: 0, offset: 15048)
[2025-06-09T17:31:32.775+0000] {subprocess.py:93} INFO - 📊 Progress: 10s elapsed, 50 events sent (5.0 events/sec)
[2025-06-09T17:31:32.775+0000] {subprocess.py:93} INFO - ✅ Sent to ecommerce.cart.add: add_to_cart (partition: 0, offset: 4292)
[2025-06-09T17:31:32.775+0000] {subprocess.py:93} INFO - ✅ Sent to ecommerce.product.views: product_view (partition: 0, offset: 15049)
[2025-06-09T17:31:32.775+0000] {subprocess.py:93} INFO - ✅ Sent to ecommerce.product.views: product_view (partition: 0, offset: 15050)
[2025-06-09T17:31:32.775+0000] {subprocess.py:93} INFO - ✅ Sent to ecommerce.product.views: product_view (partition: 0, offset: 15051)
[2025-06-09T17:31:32.775+0000] {subprocess.py:93} INFO - ✅ Sent to ecommerce.product.views: product_view (partition: 0, offset: 15052)
[2025-06-09T17:31:32.775+0000] {subprocess.py:93} INFO - ✅ Sent to ecommerce.cart.add: add_to_cart (partition: 0, offset: 4293)
[2025-06-09T17:31:32.775+0000] {subprocess.py:93} INFO - ✅ Sent to ecommerce.product.views: product_view (partition: 0, offset: 15053)
[2025-06-09T17:31:32.775+0000] {subprocess.py:93} INFO - ✅ Sent to ecommerce.product.views: product_view (partition: 0, offset: 15054)
[2025-06-09T17:31:32.775+0000] {subprocess.py:93} INFO - ✅ Sent to ecommerce.wishlist.add: add_to_wishlist (partition: 0, offset: 1655)
[2025-06-09T17:31:32.775+0000] {subprocess.py:93} INFO - ✅ Sent to ecommerce.product.views: product_view (partition: 0, offset: 15055)
[2025-06-09T17:31:32.775+0000] {subprocess.py:93} INFO - ✅ Sent to ecommerce.product.views: product_view (partition: 0, offset: 15056)
[2025-06-09T17:31:32.776+0000] {subprocess.py:93} INFO - ✅ Sent to ecommerce.product.views: product_view (partition: 0, offset: 15057)
[2025-06-09T17:31:32.776+0000] {subprocess.py:93} INFO - ✅ Sent to ecommerce.wishlist.add: add_to_wishlist (partition: 0, offset: 1656)
[2025-06-09T17:31:32.776+0000] {subprocess.py:93} INFO - ✅ Sent to ecommerce.wishlist.add: add_to_wishlist (partition: 0, offset: 1657)
[2025-06-09T17:31:32.776+0000] {subprocess.py:93} INFO - ✅ Sent to ecommerce.product.views: product_view (partition: 0, offset: 15058)
[2025-06-09T17:31:32.776+0000] {subprocess.py:93} INFO - ✅ Sent to ecommerce.cart.add: add_to_cart (partition: 0, offset: 4294)
[2025-06-09T17:31:32.776+0000] {subprocess.py:93} INFO - ✅ Sent to ecommerce.product.views: product_view (partition: 0, offset: 15059)
[2025-06-09T17:31:32.776+0000] {subprocess.py:93} INFO - ✅ Sent to ecommerce.cart.add: add_to_cart (partition: 0, offset: 4295)
[2025-06-09T17:31:32.776+0000] {subprocess.py:93} INFO - ✅ Sent to ecommerce.cart.add: add_to_cart (partition: 0, offset: 4296)
[2025-06-09T17:31:32.776+0000] {subprocess.py:93} INFO - ✅ Sent to ecommerce.product.views: product_view (partition: 0, offset: 15060)
[2025-06-09T17:31:32.776+0000] {subprocess.py:93} INFO - ✅ Sent to ecommerce.product.views: product_view (partition: 0, offset: 15061)
[2025-06-09T17:31:32.776+0000] {subprocess.py:93} INFO - ✅ Sent to ecommerce.product.views: product_view (partition: 0, offset: 15062)
[2025-06-09T17:31:32.776+0000] {subprocess.py:93} INFO - ✅ Sent to ecommerce.product.views: product_view (partition: 0, offset: 15063)
[2025-06-09T17:31:32.776+0000] {subprocess.py:93} INFO - ✅ Sent to ecommerce.product.views: product_view (partition: 0, offset: 15064)
[2025-06-09T17:31:32.776+0000] {subprocess.py:93} INFO - ✅ Sent to ecommerce.product.views: product_view (partition: 0, offset: 15065)
[2025-06-09T17:31:32.777+0000] {subprocess.py:93} INFO - ✅ Sent to ecommerce.cart.add: add_to_cart (partition: 0, offset: 4297)
[2025-06-09T17:31:32.777+0000] {subprocess.py:93} INFO - ✅ Sent to ecommerce.product.views: product_view (partition: 0, offset: 15066)
[2025-06-09T17:31:32.777+0000] {subprocess.py:93} INFO - ✅ Sent to ecommerce.product.views: product_view (partition: 0, offset: 15067)
[2025-06-09T17:31:32.777+0000] {subprocess.py:93} INFO - ✅ Sent to ecommerce.product.views: product_view (partition: 0, offset: 15068)
[2025-06-09T17:31:32.777+0000] {subprocess.py:93} INFO - ✅ Sent to ecommerce.product.views: product_view (partition: 0, offset: 15069)
[2025-06-09T17:31:32.777+0000] {subprocess.py:93} INFO - ✅ Sent to ecommerce.product.views: product_view (partition: 0, offset: 15070)
[2025-06-09T17:31:32.777+0000] {subprocess.py:93} INFO - ✅ Sent to ecommerce.product.views: product_view (partition: 0, offset: 15071)
[2025-06-09T17:31:32.777+0000] {subprocess.py:93} INFO - ✅ Sent to ecommerce.wishlist.add: add_to_wishlist (partition: 0, offset: 1658)
[2025-06-09T17:31:32.777+0000] {subprocess.py:93} INFO - ✅ Sent to ecommerce.product.views: product_view (partition: 0, offset: 15072)
[2025-06-09T17:31:32.777+0000] {subprocess.py:93} INFO - ✅ Sent to ecommerce.cart.add: add_to_cart (partition: 0, offset: 4298)
[2025-06-09T17:31:52.805+0000] {subprocess.py:93} INFO - ✅ Sent to ecommerce.product.views: product_view (partition: 0, offset: 15073)
[2025-06-09T17:31:52.810+0000] {subprocess.py:93} INFO - ✅ Sent to ecommerce.product.views: product_view (partition: 0, offset: 15074)
[2025-06-09T17:31:52.811+0000] {subprocess.py:93} INFO - ✅ Sent to ecommerce.product.views: product_view (partition: 0, offset: 15075)
[2025-06-09T17:31:52.811+0000] {subprocess.py:93} INFO - ✅ Sent to ecommerce.cart.add: add_to_cart (partition: 0, offset: 4299)
[2025-06-09T17:31:52.811+0000] {subprocess.py:93} INFO - ✅ Sent to ecommerce.product.views: product_view (partition: 0, offset: 15076)
[2025-06-09T17:31:52.811+0000] {subprocess.py:93} INFO - ✅ Sent to ecommerce.product.views: product_view (partition: 0, offset: 15077)
[2025-06-09T17:31:52.811+0000] {subprocess.py:93} INFO - ✅ Sent to ecommerce.product.views: product_view (partition: 0, offset: 15078)
[2025-06-09T17:31:52.811+0000] {subprocess.py:93} INFO - ✅ Sent to ecommerce.product.views: product_view (partition: 0, offset: 15079)
[2025-06-09T17:31:52.812+0000] {subprocess.py:93} INFO - ✅ Sent to ecommerce.product.views: product_view (partition: 0, offset: 15080)
[2025-06-09T17:31:52.812+0000] {subprocess.py:93} INFO - ✅ Sent to ecommerce.product.views: product_view (partition: 0, offset: 15081)
[2025-06-09T17:31:52.812+0000] {subprocess.py:93} INFO - ✅ Sent to ecommerce.product.views: product_view (partition: 0, offset: 15082)
[2025-06-09T17:31:52.812+0000] {subprocess.py:93} INFO - ✅ Sent to ecommerce.cart.add: add_to_cart (partition: 0, offset: 4300)
[2025-06-09T17:31:52.812+0000] {subprocess.py:93} INFO - ✅ Sent to ecommerce.product.views: product_view (partition: 0, offset: 15083)
[2025-06-09T17:31:52.812+0000] {subprocess.py:93} INFO - ✅ Sent to ecommerce.orders.completed: order_completed (partition: 0, offset: 404)
[2025-06-09T17:31:52.813+0000] {subprocess.py:93} INFO - ✅ Sent to ecommerce.product.views: product_view (partition: 0, offset: 15084)
[2025-06-09T17:31:52.813+0000] {subprocess.py:93} INFO - 📊 Progress: 20s elapsed, 100 events sent (5.0 events/sec)
[2025-06-09T17:31:52.813+0000] {subprocess.py:93} INFO - ✅ Sent to ecommerce.product.views: product_view (partition: 0, offset: 15085)
[2025-06-09T17:31:52.813+0000] {subprocess.py:93} INFO - ✅ Sent to ecommerce.cart.add: add_to_cart (partition: 0, offset: 4301)
[2025-06-09T17:31:52.814+0000] {subprocess.py:93} INFO - ✅ Sent to ecommerce.product.views: product_view (partition: 0, offset: 15086)
[2025-06-09T17:31:52.814+0000] {subprocess.py:93} INFO - ✅ Sent to ecommerce.cart.add: add_to_cart (partition: 0, offset: 4302)
[2025-06-09T17:31:52.814+0000] {subprocess.py:93} INFO - ✅ Sent to ecommerce.product.views: product_view (partition: 0, offset: 15087)
[2025-06-09T17:31:52.814+0000] {subprocess.py:93} INFO - ✅ Sent to ecommerce.product.views: product_view (partition: 0, offset: 15088)
[2025-06-09T17:31:52.815+0000] {subprocess.py:93} INFO - ✅ Sent to ecommerce.product.views: product_view (partition: 0, offset: 15089)
[2025-06-09T17:31:52.815+0000] {subprocess.py:93} INFO - ✅ Sent to ecommerce.product.views: product_view (partition: 0, offset: 15090)
[2025-06-09T17:31:52.816+0000] {subprocess.py:93} INFO - ✅ Sent to ecommerce.cart.add: add_to_cart (partition: 0, offset: 4303)
[2025-06-09T17:31:52.816+0000] {subprocess.py:93} INFO - ✅ Sent to ecommerce.product.views: product_view (partition: 0, offset: 15091)
[2025-06-09T17:31:52.816+0000] {subprocess.py:93} INFO - ✅ Sent to ecommerce.cart.add: add_to_cart (partition: 0, offset: 4304)
[2025-06-09T17:31:52.816+0000] {subprocess.py:93} INFO - ✅ Sent to ecommerce.cart.add: add_to_cart (partition: 0, offset: 4305)
[2025-06-09T17:31:52.816+0000] {subprocess.py:93} INFO - ✅ Sent to ecommerce.product.views: product_view (partition: 0, offset: 15092)
[2025-06-09T17:31:52.816+0000] {subprocess.py:93} INFO - ✅ Sent to ecommerce.cart.add: add_to_cart (partition: 0, offset: 4306)
[2025-06-09T17:31:52.817+0000] {subprocess.py:93} INFO - ✅ Sent to ecommerce.wishlist.add: add_to_wishlist (partition: 0, offset: 1659)
[2025-06-09T17:31:52.817+0000] {subprocess.py:93} INFO - ✅ Sent to ecommerce.product.views: product_view (partition: 0, offset: 15093)
[2025-06-09T17:31:52.817+0000] {subprocess.py:93} INFO - ✅ Sent to ecommerce.product.views: product_view (partition: 0, offset: 15094)
[2025-06-09T17:31:52.817+0000] {subprocess.py:93} INFO - ✅ Sent to ecommerce.wishlist.add: add_to_wishlist (partition: 0, offset: 1660)
[2025-06-09T17:31:52.818+0000] {subprocess.py:93} INFO - ✅ Sent to ecommerce.product.views: product_view (partition: 0, offset: 15095)
[2025-06-09T17:31:52.818+0000] {subprocess.py:93} INFO - ✅ Sent to ecommerce.product.views: product_view (partition: 0, offset: 15096)
[2025-06-09T17:31:52.818+0000] {subprocess.py:93} INFO - ✅ Sent to ecommerce.product.views: product_view (partition: 0, offset: 15097)
[2025-06-09T17:31:52.818+0000] {subprocess.py:93} INFO - ✅ Sent to ecommerce.product.views: product_view (partition: 0, offset: 15098)
[2025-06-09T17:31:52.818+0000] {subprocess.py:93} INFO - ✅ Sent to ecommerce.product.views: product_view (partition: 0, offset: 15099)
[2025-06-09T17:31:52.819+0000] {subprocess.py:93} INFO - ✅ Sent to ecommerce.product.views: product_view (partition: 0, offset: 15100)
[2025-06-09T17:31:52.819+0000] {subprocess.py:93} INFO - ✅ Sent to ecommerce.orders.completed: order_completed (partition: 0, offset: 405)
[2025-06-09T17:31:52.819+0000] {subprocess.py:93} INFO - ✅ Sent to ecommerce.product.views: product_view (partition: 0, offset: 15101)
[2025-06-09T17:31:52.819+0000] {subprocess.py:93} INFO - ✅ Sent to ecommerce.product.views: product_view (partition: 0, offset: 15102)
[2025-06-09T17:31:52.819+0000] {subprocess.py:93} INFO - ✅ Sent to ecommerce.cart.add: add_to_cart (partition: 0, offset: 4307)
[2025-06-09T17:31:52.819+0000] {subprocess.py:93} INFO - ✅ Sent to ecommerce.product.views: product_view (partition: 0, offset: 15103)
[2025-06-09T17:31:52.819+0000] {subprocess.py:93} INFO - ✅ Sent to ecommerce.product.views: product_view (partition: 0, offset: 15104)
[2025-06-09T17:31:52.819+0000] {subprocess.py:93} INFO - ✅ Sent to ecommerce.product.views: product_view (partition: 0, offset: 15105)
[2025-06-09T17:31:52.819+0000] {subprocess.py:93} INFO - ✅ Sent to ecommerce.product.views: product_view (partition: 0, offset: 15106)
[2025-06-09T17:31:52.820+0000] {subprocess.py:93} INFO - ✅ Sent to ecommerce.product.views: product_view (partition: 0, offset: 15107)
[2025-06-09T17:31:52.820+0000] {subprocess.py:93} INFO - ✅ Sent to ecommerce.product.views: product_view (partition: 0, offset: 15108)
[2025-06-09T17:31:52.820+0000] {subprocess.py:93} INFO - ✅ Sent to ecommerce.product.views: product_view (partition: 0, offset: 15109)
[2025-06-09T17:31:52.820+0000] {subprocess.py:93} INFO - ✅ Sent to ecommerce.product.views: product_view (partition: 0, offset: 15110)
[2025-06-09T17:31:52.820+0000] {subprocess.py:93} INFO - ✅ Sent to ecommerce.cart.add: add_to_cart (partition: 0, offset: 4308)
[2025-06-09T17:31:52.820+0000] {subprocess.py:93} INFO - ✅ Sent to ecommerce.product.views: product_view (partition: 0, offset: 15111)
[2025-06-09T17:31:52.820+0000] {subprocess.py:93} INFO - ✅ Sent to ecommerce.product.views: product_view (partition: 0, offset: 15112)
[2025-06-09T17:31:52.820+0000] {subprocess.py:93} INFO - ✅ Sent to ecommerce.product.views: product_view (partition: 0, offset: 15113)
[2025-06-09T17:31:52.820+0000] {subprocess.py:93} INFO - ✅ Sent to ecommerce.product.views: product_view (partition: 0, offset: 15114)
[2025-06-09T17:31:52.820+0000] {subprocess.py:93} INFO - ✅ Sent to ecommerce.product.views: product_view (partition: 0, offset: 15115)
[2025-06-09T17:31:52.820+0000] {subprocess.py:93} INFO - ✅ Sent to ecommerce.product.views: product_view (partition: 0, offset: 15116)
[2025-06-09T17:31:52.820+0000] {subprocess.py:93} INFO - ✅ Sent to ecommerce.product.views: product_view (partition: 0, offset: 15117)
[2025-06-09T17:31:52.820+0000] {subprocess.py:93} INFO - ✅ Sent to ecommerce.product.views: product_view (partition: 0, offset: 15118)
[2025-06-09T17:31:52.820+0000] {subprocess.py:93} INFO - ✅ Sent to ecommerce.wishlist.add: add_to_wishlist (partition: 0, offset: 1661)
[2025-06-09T17:31:52.821+0000] {subprocess.py:93} INFO - ✅ Sent to ecommerce.product.views: product_view (partition: 0, offset: 15119)
[2025-06-09T17:31:52.821+0000] {subprocess.py:93} INFO - ✅ Sent to ecommerce.product.views: product_view (partition: 0, offset: 15120)
[2025-06-09T17:31:52.821+0000] {subprocess.py:93} INFO - ✅ Sent to ecommerce.cart.add: add_to_cart (partition: 0, offset: 4309)
[2025-06-09T17:31:52.821+0000] {subprocess.py:93} INFO - ✅ Sent to ecommerce.product.views: product_view (partition: 0, offset: 15121)
[2025-06-09T17:31:52.821+0000] {subprocess.py:93} INFO - 📊 Progress: 30s elapsed, 150 events sent (5.0 events/sec)
[2025-06-09T17:31:52.821+0000] {subprocess.py:93} INFO - ✅ Sent to ecommerce.cart.add: add_to_cart (partition: 0, offset: 4310)
[2025-06-09T17:31:52.821+0000] {subprocess.py:93} INFO - ✅ Sent to ecommerce.product.views: product_view (partition: 0, offset: 15122)
[2025-06-09T17:31:52.821+0000] {subprocess.py:93} INFO - ✅ Sent to ecommerce.product.views: product_view (partition: 0, offset: 15123)
[2025-06-09T17:31:52.821+0000] {subprocess.py:93} INFO - ✅ Sent to ecommerce.product.views: product_view (partition: 0, offset: 15124)
[2025-06-09T17:31:52.821+0000] {subprocess.py:93} INFO - ✅ Sent to ecommerce.product.views: product_view (partition: 0, offset: 15125)
[2025-06-09T17:31:52.821+0000] {subprocess.py:93} INFO - ✅ Sent to ecommerce.product.views: product_view (partition: 0, offset: 15126)
[2025-06-09T17:31:52.821+0000] {subprocess.py:93} INFO - ✅ Sent to ecommerce.cart.add: add_to_cart (partition: 0, offset: 4311)
[2025-06-09T17:31:52.821+0000] {subprocess.py:93} INFO - ✅ Sent to ecommerce.product.views: product_view (partition: 0, offset: 15127)
[2025-06-09T17:31:52.821+0000] {subprocess.py:93} INFO - ✅ Sent to ecommerce.product.views: product_view (partition: 0, offset: 15128)
[2025-06-09T17:31:52.822+0000] {subprocess.py:93} INFO - ✅ Sent to ecommerce.product.views: product_view (partition: 0, offset: 15129)
[2025-06-09T17:31:52.822+0000] {subprocess.py:93} INFO - ✅ Sent to ecommerce.cart.add: add_to_cart (partition: 0, offset: 4312)
[2025-06-09T17:31:52.822+0000] {subprocess.py:93} INFO - ✅ Sent to ecommerce.product.views: product_view (partition: 0, offset: 15130)
[2025-06-09T17:31:52.822+0000] {subprocess.py:93} INFO - ✅ Sent to ecommerce.product.views: product_view (partition: 0, offset: 15131)
[2025-06-09T17:31:52.822+0000] {subprocess.py:93} INFO - ✅ Sent to ecommerce.product.views: product_view (partition: 0, offset: 15132)
[2025-06-09T17:31:52.822+0000] {subprocess.py:93} INFO - ✅ Sent to ecommerce.product.views: product_view (partition: 0, offset: 15133)
[2025-06-09T17:31:52.822+0000] {subprocess.py:93} INFO - ✅ Sent to ecommerce.product.views: product_view (partition: 0, offset: 15134)
[2025-06-09T17:31:52.822+0000] {subprocess.py:93} INFO - ✅ Sent to ecommerce.product.views: product_view (partition: 0, offset: 15135)
[2025-06-09T17:31:52.822+0000] {subprocess.py:93} INFO - ✅ Sent to ecommerce.cart.add: add_to_cart (partition: 0, offset: 4313)
[2025-06-09T17:31:52.822+0000] {subprocess.py:93} INFO - ✅ Sent to ecommerce.cart.add: add_to_cart (partition: 0, offset: 4314)
[2025-06-09T17:31:52.822+0000] {subprocess.py:93} INFO - ✅ Sent to ecommerce.product.views: product_view (partition: 0, offset: 15136)
[2025-06-09T17:31:52.822+0000] {subprocess.py:93} INFO - ✅ Sent to ecommerce.cart.add: add_to_cart (partition: 0, offset: 4315)
[2025-06-09T17:31:52.822+0000] {subprocess.py:93} INFO - ✅ Sent to ecommerce.product.views: product_view (partition: 0, offset: 15137)
[2025-06-09T17:31:52.822+0000] {subprocess.py:93} INFO - ✅ Sent to ecommerce.product.views: product_view (partition: 0, offset: 15138)
[2025-06-09T17:31:52.822+0000] {subprocess.py:93} INFO - ✅ Sent to ecommerce.wishlist.add: add_to_wishlist (partition: 0, offset: 1662)
[2025-06-09T17:31:52.823+0000] {subprocess.py:93} INFO - ✅ Sent to ecommerce.product.views: product_view (partition: 0, offset: 15139)
[2025-06-09T17:31:52.823+0000] {subprocess.py:93} INFO - ✅ Sent to ecommerce.wishlist.add: add_to_wishlist (partition: 0, offset: 1663)
[2025-06-09T17:31:52.823+0000] {subprocess.py:93} INFO - ✅ Sent to ecommerce.product.views: product_view (partition: 0, offset: 15140)
[2025-06-09T17:31:52.823+0000] {subprocess.py:93} INFO - ✅ Sent to ecommerce.cart.add: add_to_cart (partition: 0, offset: 4316)
[2025-06-09T17:31:52.823+0000] {subprocess.py:93} INFO - ✅ Sent to ecommerce.product.views: product_view (partition: 0, offset: 15141)
[2025-06-09T17:31:52.823+0000] {subprocess.py:93} INFO - ✅ Sent to ecommerce.product.views: product_view (partition: 0, offset: 15142)
[2025-06-09T17:31:52.823+0000] {subprocess.py:93} INFO - ✅ Sent to ecommerce.product.views: product_view (partition: 0, offset: 15143)
[2025-06-09T17:31:52.823+0000] {subprocess.py:93} INFO - ✅ Sent to ecommerce.wishlist.add: add_to_wishlist (partition: 0, offset: 1664)
[2025-06-09T17:31:52.823+0000] {subprocess.py:93} INFO - ✅ Sent to ecommerce.product.views: product_view (partition: 0, offset: 15144)
[2025-06-09T17:31:52.823+0000] {subprocess.py:93} INFO - ✅ Sent to ecommerce.product.views: product_view (partition: 0, offset: 15145)
[2025-06-09T17:31:52.823+0000] {subprocess.py:93} INFO - ✅ Sent to ecommerce.product.views: product_view (partition: 0, offset: 15146)
[2025-06-09T17:31:52.823+0000] {subprocess.py:93} INFO - ✅ Sent to ecommerce.product.views: product_view (partition: 0, offset: 15147)
[2025-06-09T17:31:52.824+0000] {subprocess.py:93} INFO - ✅ Sent to ecommerce.product.views: product_view (partition: 0, offset: 15148)
