[2025-06-09T10:29:11.464+0000] {taskinstance.py:1956} INFO - Dependencies all met for dep_context=non-requeueable deps ti=<TaskInstance: kafka_ecommerce_pipeline.run_kafka_producer manual__2025-06-09T10:25:24.080349+00:00 [queued]>
[2025-06-09T10:29:11.471+0000] {taskinstance.py:1956} INFO - Dependencies all met for dep_context=requeueable deps ti=<TaskInstance: kafka_ecommerce_pipeline.run_kafka_producer manual__2025-06-09T10:25:24.080349+00:00 [queued]>
[2025-06-09T10:29:11.472+0000] {taskinstance.py:2170} INFO - Starting attempt 1 of 3
[2025-06-09T10:29:11.481+0000] {taskinstance.py:2191} INFO - Executing <Task(BashOperator): run_kafka_producer> on 2025-06-09 10:25:24.080349+00:00
[2025-06-09T10:29:11.485+0000] {standard_task_runner.py:60} INFO - Started process 274 to run task
[2025-06-09T10:29:11.487+0000] {standard_task_runner.py:87} INFO - Running: ['***', 'tasks', 'run', 'kafka_ecommerce_pipeline', 'run_kafka_producer', 'manual__2025-06-09T10:25:24.080349+00:00', '--job-id', '10', '--raw', '--subdir', 'DAGS_FOLDER/kafka_data_pipeline.py', '--cfg-path', '/tmp/tmpph5lmyh_']
[2025-06-09T10:29:11.489+0000] {standard_task_runner.py:88} INFO - Job 10: Subtask run_kafka_producer
[2025-06-09T10:29:11.523+0000] {task_command.py:423} INFO - Running <TaskInstance: kafka_ecommerce_pipeline.run_kafka_producer manual__2025-06-09T10:25:24.080349+00:00 [running]> on host 426c4f7e0cdd
[2025-06-09T10:29:11.579+0000] {taskinstance.py:2480} INFO - Exporting env vars: AIRFLOW_CTX_DAG_OWNER='data-engineering-team' AIRFLOW_CTX_DAG_ID='kafka_ecommerce_pipeline' AIRFLOW_CTX_TASK_ID='run_kafka_producer' AIRFLOW_CTX_EXECUTION_DATE='2025-06-09T10:25:24.080349+00:00' AIRFLOW_CTX_TRY_NUMBER='1' AIRFLOW_CTX_DAG_RUN_ID='manual__2025-06-09T10:25:24.080349+00:00'
[2025-06-09T10:29:11.581+0000] {subprocess.py:63} INFO - Tmp dir root location: /tmp
[2025-06-09T10:29:11.582+0000] {subprocess.py:75} INFO - Running command: ['/usr/bin/bash', '-c', 'python /app/kafka_scripts/producer.py']
[2025-06-09T10:29:11.590+0000] {subprocess.py:86} INFO - Output:
[2025-06-09T10:29:28.946+0000] {subprocess.py:93} INFO - 🚀 Starting E-Commerce Event Producer
[2025-06-09T10:29:28.961+0000] {subprocess.py:93} INFO - 🔗 Kafka Bootstrap Servers: kafka:29092
[2025-06-09T10:29:28.961+0000] {subprocess.py:93} INFO - 🚀 Initializing Kafka producer with bootstrap servers: kafka:29092
[2025-06-09T10:29:28.962+0000] {subprocess.py:93} INFO - ⚠️ Error creating topics: [Error 36] TopicAlreadyExistsError: Request 'CreateTopicsRequest_v3(create_topic_requests=[(topic='ecommerce.product.views', num_partitions=3, replication_factor=1, replica_assignment=[], configs=[]), (topic='ecommerce.cart.add', num_partitions=3, replication_factor=1, replica_assignment=[], configs=[]), (topic='ecommerce.wishlist.add', num_partitions=3, replication_factor=1, replica_assignment=[], configs=[]), (topic='ecommerce.orders.completed', num_partitions=3, replication_factor=1, replica_assignment=[], configs=[])], timeout=30000, validate_only=False)' failed with response 'CreateTopicsResponse_v3(throttle_time_ms=0, topic_errors=[(topic='ecommerce.product.views', error_code=36, error_message="Topic 'ecommerce.product.views' already exists."), (topic='ecommerce.cart.add', error_code=36, error_message="Topic 'ecommerce.cart.add' already exists."), (topic='ecommerce.wishlist.add', error_code=36, error_message="Topic 'ecommerce.wishlist.add' already exists."), (topic='ecommerce.orders.completed', error_code=36, error_message="Topic 'ecommerce.orders.completed' already exists.")])'.
[2025-06-09T10:29:28.963+0000] {subprocess.py:93} INFO - ✅ Successfully connected to Kafka
[2025-06-09T10:29:28.963+0000] {subprocess.py:93} INFO - 🚀 Starting traffic simulation for 60 seconds at 5 events/second
[2025-06-09T10:29:28.963+0000] {subprocess.py:93} INFO - ✅ Sent to ecommerce.product.views: product_view (partition: 2, offset: 69)
[2025-06-09T10:29:28.964+0000] {subprocess.py:93} INFO - ✅ Sent to ecommerce.product.views: product_view (partition: 1, offset: 66)
[2025-06-09T10:29:28.964+0000] {subprocess.py:93} INFO - ✅ Sent to ecommerce.product.views: product_view (partition: 2, offset: 70)
[2025-06-09T10:29:28.965+0000] {subprocess.py:93} INFO - ✅ Sent to ecommerce.wishlist.add: add_to_wishlist (partition: 2, offset: 6)
[2025-06-09T10:29:28.965+0000] {subprocess.py:93} INFO - ✅ Sent to ecommerce.cart.add: add_to_cart (partition: 2, offset: 26)
[2025-06-09T10:29:28.965+0000] {subprocess.py:93} INFO - ✅ Sent to ecommerce.product.views: product_view (partition: 1, offset: 67)
[2025-06-09T10:29:28.965+0000] {subprocess.py:93} INFO - ✅ Sent to ecommerce.wishlist.add: add_to_wishlist (partition: 2, offset: 7)
[2025-06-09T10:29:28.966+0000] {subprocess.py:93} INFO - ✅ Sent to ecommerce.product.views: product_view (partition: 2, offset: 71)
[2025-06-09T10:29:28.966+0000] {subprocess.py:93} INFO - ✅ Sent to ecommerce.cart.add: add_to_cart (partition: 0, offset: 27)
[2025-06-09T10:29:28.966+0000] {subprocess.py:93} INFO - ✅ Sent to ecommerce.wishlist.add: add_to_wishlist (partition: 1, offset: 7)
[2025-06-09T10:29:28.966+0000] {subprocess.py:93} INFO - ✅ Sent to ecommerce.product.views: product_view (partition: 1, offset: 68)
[2025-06-09T10:29:28.967+0000] {subprocess.py:93} INFO - ✅ Sent to ecommerce.product.views: product_view (partition: 1, offset: 69)
[2025-06-09T10:29:28.967+0000] {subprocess.py:93} INFO - ✅ Sent to ecommerce.wishlist.add: add_to_wishlist (partition: 2, offset: 8)
[2025-06-09T10:29:28.967+0000] {subprocess.py:93} INFO - ✅ Sent to ecommerce.product.views: product_view (partition: 0, offset: 69)
[2025-06-09T10:29:28.967+0000] {subprocess.py:93} INFO - ✅ Sent to ecommerce.product.views: product_view (partition: 2, offset: 72)
[2025-06-09T10:29:28.967+0000] {subprocess.py:93} INFO - ✅ Sent to ecommerce.cart.add: add_to_cart (partition: 1, offset: 13)
[2025-06-09T10:29:28.968+0000] {subprocess.py:93} INFO - ✅ Sent to ecommerce.product.views: product_view (partition: 0, offset: 70)
[2025-06-09T10:29:28.968+0000] {subprocess.py:93} INFO - ✅ Sent to ecommerce.product.views: product_view (partition: 0, offset: 71)
[2025-06-09T10:29:28.968+0000] {subprocess.py:93} INFO - ✅ Sent to ecommerce.product.views: product_view (partition: 0, offset: 72)
[2025-06-09T10:29:28.968+0000] {subprocess.py:93} INFO - ✅ Sent to ecommerce.product.views: product_view (partition: 2, offset: 73)
[2025-06-09T10:29:28.969+0000] {subprocess.py:93} INFO - ✅ Sent to ecommerce.product.views: product_view (partition: 1, offset: 70)
[2025-06-09T10:29:28.969+0000] {subprocess.py:93} INFO - ✅ Sent to ecommerce.wishlist.add: add_to_wishlist (partition: 1, offset: 8)
[2025-06-09T10:29:28.969+0000] {subprocess.py:93} INFO - ✅ Sent to ecommerce.cart.add: add_to_cart (partition: 2, offset: 27)
[2025-06-09T10:29:28.969+0000] {subprocess.py:93} INFO - ✅ Sent to ecommerce.product.views: product_view (partition: 0, offset: 73)
[2025-06-09T10:29:28.969+0000] {subprocess.py:93} INFO - ✅ Sent to ecommerce.product.views: product_view (partition: 1, offset: 71)
[2025-06-09T10:29:28.969+0000] {subprocess.py:93} INFO - ✅ Sent to ecommerce.product.views: product_view (partition: 2, offset: 74)
[2025-06-09T10:29:28.970+0000] {subprocess.py:93} INFO - ✅ Sent to ecommerce.product.views: product_view (partition: 0, offset: 74)
[2025-06-09T10:29:28.970+0000] {subprocess.py:93} INFO - ✅ Sent to ecommerce.product.views: product_view (partition: 1, offset: 72)
[2025-06-09T10:29:28.970+0000] {subprocess.py:93} INFO - ✅ Sent to ecommerce.product.views: product_view (partition: 0, offset: 75)
[2025-06-09T10:29:28.970+0000] {subprocess.py:93} INFO - ✅ Sent to ecommerce.product.views: product_view (partition: 1, offset: 73)
[2025-06-09T10:29:28.970+0000] {subprocess.py:93} INFO - ✅ Sent to ecommerce.product.views: product_view (partition: 0, offset: 76)
[2025-06-09T10:29:28.971+0000] {subprocess.py:93} INFO - ✅ Sent to ecommerce.product.views: product_view (partition: 1, offset: 74)
[2025-06-09T10:29:28.971+0000] {subprocess.py:93} INFO - ✅ Sent to ecommerce.product.views: product_view (partition: 0, offset: 77)
[2025-06-09T10:29:28.971+0000] {subprocess.py:93} INFO - ✅ Sent to ecommerce.cart.add: add_to_cart (partition: 2, offset: 28)
[2025-06-09T10:29:28.971+0000] {subprocess.py:93} INFO - ✅ Sent to ecommerce.cart.add: add_to_cart (partition: 0, offset: 28)
[2025-06-09T10:29:28.972+0000] {subprocess.py:93} INFO - ✅ Sent to ecommerce.product.views: product_view (partition: 1, offset: 75)
[2025-06-09T10:29:28.972+0000] {subprocess.py:93} INFO - ✅ Sent to ecommerce.product.views: product_view (partition: 1, offset: 76)
[2025-06-09T10:29:28.972+0000] {subprocess.py:93} INFO - ✅ Sent to ecommerce.product.views: product_view (partition: 0, offset: 78)
[2025-06-09T10:29:28.972+0000] {subprocess.py:93} INFO - ✅ Sent to ecommerce.product.views: product_view (partition: 0, offset: 79)
[2025-06-09T10:29:28.972+0000] {subprocess.py:93} INFO - ✅ Sent to ecommerce.wishlist.add: add_to_wishlist (partition: 2, offset: 9)
[2025-06-09T10:29:28.973+0000] {subprocess.py:93} INFO - ✅ Sent to ecommerce.product.views: product_view (partition: 2, offset: 75)
[2025-06-09T10:29:28.973+0000] {subprocess.py:93} INFO - ✅ Sent to ecommerce.cart.add: add_to_cart (partition: 1, offset: 14)
[2025-06-09T10:29:28.973+0000] {subprocess.py:93} INFO - ✅ Sent to ecommerce.wishlist.add: add_to_wishlist (partition: 1, offset: 9)
[2025-06-09T10:29:28.973+0000] {subprocess.py:93} INFO - ✅ Sent to ecommerce.product.views: product_view (partition: 2, offset: 76)
[2025-06-09T10:29:28.973+0000] {subprocess.py:93} INFO - ✅ Sent to ecommerce.product.views: product_view (partition: 1, offset: 77)
[2025-06-09T10:29:28.973+0000] {subprocess.py:93} INFO - ✅ Sent to ecommerce.product.views: product_view (partition: 2, offset: 77)
[2025-06-09T10:29:28.974+0000] {subprocess.py:93} INFO - ✅ Sent to ecommerce.cart.add: add_to_cart (partition: 2, offset: 29)
[2025-06-09T10:29:28.974+0000] {subprocess.py:93} INFO - ✅ Sent to ecommerce.cart.add: add_to_cart (partition: 2, offset: 30)
[2025-06-09T10:29:28.974+0000] {subprocess.py:93} INFO - ✅ Sent to ecommerce.product.views: product_view (partition: 2, offset: 78)
[2025-06-09T10:29:28.974+0000] {subprocess.py:93} INFO - ✅ Sent to ecommerce.product.views: product_view (partition: 1, offset: 78)
[2025-06-09T10:29:28.974+0000] {subprocess.py:93} INFO - 📊 Progress: 10s elapsed, 50 events sent (5.0 events/sec)
[2025-06-09T10:29:28.975+0000] {subprocess.py:93} INFO - ✅ Sent to ecommerce.product.views: product_view (partition: 1, offset: 79)
[2025-06-09T10:29:28.975+0000] {subprocess.py:93} INFO - ✅ Sent to ecommerce.product.views: product_view (partition: 2, offset: 79)
[2025-06-09T10:29:28.975+0000] {subprocess.py:93} INFO - ✅ Sent to ecommerce.product.views: product_view (partition: 2, offset: 80)
[2025-06-09T10:29:28.975+0000] {subprocess.py:93} INFO - ✅ Sent to ecommerce.product.views: product_view (partition: 1, offset: 80)
[2025-06-09T10:29:28.975+0000] {subprocess.py:93} INFO - ✅ Sent to ecommerce.product.views: product_view (partition: 2, offset: 81)
[2025-06-09T10:29:28.976+0000] {subprocess.py:93} INFO - ✅ Sent to ecommerce.cart.add: add_to_cart (partition: 2, offset: 31)
[2025-06-09T10:29:28.976+0000] {subprocess.py:93} INFO - ✅ Sent to ecommerce.product.views: product_view (partition: 2, offset: 82)
[2025-06-09T10:29:28.976+0000] {subprocess.py:93} INFO - ✅ Sent to ecommerce.cart.add: add_to_cart (partition: 0, offset: 29)
[2025-06-09T10:29:28.976+0000] {subprocess.py:93} INFO - ✅ Sent to ecommerce.orders.completed: order_completed (partition: 2, offset: 2)
[2025-06-09T10:29:28.976+0000] {subprocess.py:93} INFO - ✅ Sent to ecommerce.product.views: product_view (partition: 2, offset: 83)
[2025-06-09T10:29:28.977+0000] {subprocess.py:93} INFO - ✅ Sent to ecommerce.cart.add: add_to_cart (partition: 1, offset: 15)
[2025-06-09T10:29:28.977+0000] {subprocess.py:93} INFO - ✅ Sent to ecommerce.cart.add: add_to_cart (partition: 2, offset: 32)
[2025-06-09T10:29:28.977+0000] {subprocess.py:93} INFO - ✅ Sent to ecommerce.product.views: product_view (partition: 0, offset: 80)
[2025-06-09T10:29:28.977+0000] {subprocess.py:93} INFO - ✅ Sent to ecommerce.product.views: product_view (partition: 2, offset: 84)
[2025-06-09T10:29:28.977+0000] {subprocess.py:93} INFO - ✅ Sent to ecommerce.product.views: product_view (partition: 1, offset: 81)
[2025-06-09T10:29:28.978+0000] {subprocess.py:93} INFO - ✅ Sent to ecommerce.wishlist.add: add_to_wishlist (partition: 1, offset: 10)
[2025-06-09T10:29:28.978+0000] {subprocess.py:93} INFO - ✅ Sent to ecommerce.cart.add: add_to_cart (partition: 0, offset: 30)
[2025-06-09T10:29:28.978+0000] {subprocess.py:93} INFO - ✅ Sent to ecommerce.cart.add: add_to_cart (partition: 2, offset: 33)
[2025-06-09T10:29:28.978+0000] {subprocess.py:93} INFO - ✅ Sent to ecommerce.product.views: product_view (partition: 0, offset: 81)
[2025-06-09T10:29:28.978+0000] {subprocess.py:93} INFO - ✅ Sent to ecommerce.cart.add: add_to_cart (partition: 0, offset: 31)
[2025-06-09T10:29:28.978+0000] {subprocess.py:93} INFO - ✅ Sent to ecommerce.product.views: product_view (partition: 1, offset: 82)
[2025-06-09T10:29:28.979+0000] {subprocess.py:93} INFO - ✅ Sent to ecommerce.product.views: product_view (partition: 1, offset: 83)
[2025-06-09T10:29:28.979+0000] {subprocess.py:93} INFO - ✅ Sent to ecommerce.cart.add: add_to_cart (partition: 0, offset: 32)
[2025-06-09T10:29:28.979+0000] {subprocess.py:93} INFO - ✅ Sent to ecommerce.product.views: product_view (partition: 1, offset: 84)
[2025-06-09T10:29:28.979+0000] {subprocess.py:93} INFO - ✅ Sent to ecommerce.product.views: product_view (partition: 2, offset: 85)
[2025-06-09T10:29:28.979+0000] {subprocess.py:93} INFO - ✅ Sent to ecommerce.cart.add: add_to_cart (partition: 0, offset: 33)
[2025-06-09T10:29:28.979+0000] {subprocess.py:93} INFO - ✅ Sent to ecommerce.product.views: product_view (partition: 1, offset: 85)
[2025-06-09T10:29:28.980+0000] {subprocess.py:93} INFO - ✅ Sent to ecommerce.cart.add: add_to_cart (partition: 2, offset: 34)
[2025-06-09T10:29:28.980+0000] {subprocess.py:93} INFO - ✅ Sent to ecommerce.product.views: product_view (partition: 2, offset: 86)
[2025-06-09T10:29:28.980+0000] {subprocess.py:93} INFO - ✅ Sent to ecommerce.product.views: product_view (partition: 0, offset: 82)
[2025-06-09T10:29:28.980+0000] {subprocess.py:93} INFO - ✅ Sent to ecommerce.product.views: product_view (partition: 0, offset: 83)
[2025-06-09T10:29:28.980+0000] {subprocess.py:93} INFO - ✅ Sent to ecommerce.product.views: product_view (partition: 1, offset: 86)
[2025-06-09T10:29:28.980+0000] {subprocess.py:93} INFO - ✅ Sent to ecommerce.wishlist.add: add_to_wishlist (partition: 2, offset: 10)
[2025-06-09T10:29:28.981+0000] {subprocess.py:93} INFO - ✅ Sent to ecommerce.cart.add: add_to_cart (partition: 0, offset: 34)
[2025-06-09T10:29:28.981+0000] {subprocess.py:93} INFO - ✅ Sent to ecommerce.cart.add: add_to_cart (partition: 0, offset: 35)
[2025-06-09T10:29:28.981+0000] {subprocess.py:93} INFO - ✅ Sent to ecommerce.product.views: product_view (partition: 2, offset: 87)
[2025-06-09T10:29:28.981+0000] {subprocess.py:93} INFO - ✅ Sent to ecommerce.cart.add: add_to_cart (partition: 0, offset: 36)
[2025-06-09T10:29:28.981+0000] {subprocess.py:93} INFO - ✅ Sent to ecommerce.product.views: product_view (partition: 2, offset: 88)
[2025-06-09T10:29:28.981+0000] {subprocess.py:93} INFO - ✅ Sent to ecommerce.product.views: product_view (partition: 2, offset: 89)
[2025-06-09T10:29:49.984+0000] {subprocess.py:93} INFO - ✅ Sent to ecommerce.product.views: product_view (partition: 2, offset: 90)
[2025-06-09T10:29:49.988+0000] {subprocess.py:93} INFO - ✅ Sent to ecommerce.product.views: product_view (partition: 1, offset: 87)
[2025-06-09T10:29:49.989+0000] {subprocess.py:93} INFO - ✅ Sent to ecommerce.product.views: product_view (partition: 2, offset: 91)
[2025-06-09T10:29:49.989+0000] {subprocess.py:93} INFO - ✅ Sent to ecommerce.product.views: product_view (partition: 0, offset: 84)
[2025-06-09T10:29:49.989+0000] {subprocess.py:93} INFO - ✅ Sent to ecommerce.product.views: product_view (partition: 0, offset: 85)
[2025-06-09T10:29:49.989+0000] {subprocess.py:93} INFO - ✅ Sent to ecommerce.product.views: product_view (partition: 0, offset: 86)
[2025-06-09T10:29:49.989+0000] {subprocess.py:93} INFO - ✅ Sent to ecommerce.cart.add: add_to_cart (partition: 1, offset: 16)
[2025-06-09T10:29:49.990+0000] {subprocess.py:93} INFO - ✅ Sent to ecommerce.product.views: product_view (partition: 2, offset: 92)
[2025-06-09T10:29:49.990+0000] {subprocess.py:93} INFO - ✅ Sent to ecommerce.product.views: product_view (partition: 0, offset: 87)
[2025-06-09T10:29:49.990+0000] {subprocess.py:93} INFO - ✅ Sent to ecommerce.cart.add: add_to_cart (partition: 2, offset: 35)
[2025-06-09T10:29:49.990+0000] {subprocess.py:93} INFO - ✅ Sent to ecommerce.product.views: product_view (partition: 1, offset: 88)
[2025-06-09T10:29:49.990+0000] {subprocess.py:93} INFO - 📊 Progress: 20s elapsed, 100 events sent (5.0 events/sec)
[2025-06-09T10:29:49.990+0000] {subprocess.py:93} INFO - ✅ Sent to ecommerce.product.views: product_view (partition: 0, offset: 88)
[2025-06-09T10:29:49.990+0000] {subprocess.py:93} INFO - ✅ Sent to ecommerce.product.views: product_view (partition: 0, offset: 89)
[2025-06-09T10:29:49.991+0000] {subprocess.py:93} INFO - ✅ Sent to ecommerce.product.views: product_view (partition: 2, offset: 93)
[2025-06-09T10:29:49.991+0000] {subprocess.py:93} INFO - ✅ Sent to ecommerce.product.views: product_view (partition: 1, offset: 89)
[2025-06-09T10:29:49.991+0000] {subprocess.py:93} INFO - ✅ Sent to ecommerce.product.views: product_view (partition: 2, offset: 94)
[2025-06-09T10:29:49.991+0000] {subprocess.py:93} INFO - ✅ Sent to ecommerce.product.views: product_view (partition: 1, offset: 90)
[2025-06-09T10:29:49.991+0000] {subprocess.py:93} INFO - ✅ Sent to ecommerce.product.views: product_view (partition: 2, offset: 95)
[2025-06-09T10:29:49.991+0000] {subprocess.py:93} INFO - ✅ Sent to ecommerce.product.views: product_view (partition: 0, offset: 90)
[2025-06-09T10:29:49.991+0000] {subprocess.py:93} INFO - ✅ Sent to ecommerce.product.views: product_view (partition: 1, offset: 91)
[2025-06-09T10:29:49.991+0000] {subprocess.py:93} INFO - ✅ Sent to ecommerce.product.views: product_view (partition: 0, offset: 91)
[2025-06-09T10:29:49.992+0000] {subprocess.py:93} INFO - ✅ Sent to ecommerce.product.views: product_view (partition: 1, offset: 92)
[2025-06-09T10:29:49.992+0000] {subprocess.py:93} INFO - ✅ Sent to ecommerce.product.views: product_view (partition: 0, offset: 92)
[2025-06-09T10:29:49.992+0000] {subprocess.py:93} INFO - ✅ Sent to ecommerce.product.views: product_view (partition: 0, offset: 93)
[2025-06-09T10:29:49.992+0000] {subprocess.py:93} INFO - ✅ Sent to ecommerce.product.views: product_view (partition: 0, offset: 94)
[2025-06-09T10:29:49.992+0000] {subprocess.py:93} INFO - ✅ Sent to ecommerce.product.views: product_view (partition: 2, offset: 96)
[2025-06-09T10:29:49.992+0000] {subprocess.py:93} INFO - ✅ Sent to ecommerce.product.views: product_view (partition: 2, offset: 97)
[2025-06-09T10:29:49.992+0000] {subprocess.py:93} INFO - ✅ Sent to ecommerce.cart.add: add_to_cart (partition: 1, offset: 17)
[2025-06-09T10:29:49.992+0000] {subprocess.py:93} INFO - ✅ Sent to ecommerce.cart.add: add_to_cart (partition: 2, offset: 36)
[2025-06-09T10:29:49.993+0000] {subprocess.py:93} INFO - ✅ Sent to ecommerce.product.views: product_view (partition: 1, offset: 93)
[2025-06-09T10:29:49.993+0000] {subprocess.py:93} INFO - ✅ Sent to ecommerce.product.views: product_view (partition: 0, offset: 95)
[2025-06-09T10:29:49.993+0000] {subprocess.py:93} INFO - ✅ Sent to ecommerce.orders.completed: order_completed (partition: 0, offset: 2)
[2025-06-09T10:29:49.993+0000] {subprocess.py:93} INFO - ✅ Sent to ecommerce.cart.add: add_to_cart (partition: 2, offset: 37)
[2025-06-09T10:29:49.993+0000] {subprocess.py:93} INFO - ✅ Sent to ecommerce.product.views: product_view (partition: 0, offset: 96)
[2025-06-09T10:29:49.993+0000] {subprocess.py:93} INFO - ✅ Sent to ecommerce.product.views: product_view (partition: 0, offset: 97)
[2025-06-09T10:29:49.993+0000] {subprocess.py:93} INFO - ✅ Sent to ecommerce.product.views: product_view (partition: 2, offset: 98)
[2025-06-09T10:29:49.994+0000] {subprocess.py:93} INFO - ✅ Sent to ecommerce.product.views: product_view (partition: 2, offset: 99)
[2025-06-09T10:29:49.994+0000] {subprocess.py:93} INFO - ✅ Sent to ecommerce.product.views: product_view (partition: 0, offset: 98)
[2025-06-09T10:29:49.994+0000] {subprocess.py:93} INFO - ✅ Sent to ecommerce.cart.add: add_to_cart (partition: 1, offset: 18)
[2025-06-09T10:29:49.994+0000] {subprocess.py:93} INFO - ✅ Sent to ecommerce.product.views: product_view (partition: 2, offset: 100)
[2025-06-09T10:29:49.994+0000] {subprocess.py:93} INFO - ✅ Sent to ecommerce.product.views: product_view (partition: 2, offset: 101)
[2025-06-09T10:29:49.994+0000] {subprocess.py:93} INFO - ✅ Sent to ecommerce.product.views: product_view (partition: 2, offset: 102)
[2025-06-09T10:29:49.994+0000] {subprocess.py:93} INFO - ✅ Sent to ecommerce.product.views: product_view (partition: 0, offset: 99)
[2025-06-09T10:29:49.994+0000] {subprocess.py:93} INFO - ✅ Sent to ecommerce.product.views: product_view (partition: 2, offset: 103)
[2025-06-09T10:29:49.995+0000] {subprocess.py:93} INFO - ✅ Sent to ecommerce.wishlist.add: add_to_wishlist (partition: 2, offset: 11)
[2025-06-09T10:29:49.995+0000] {subprocess.py:93} INFO - ✅ Sent to ecommerce.cart.add: add_to_cart (partition: 0, offset: 37)
[2025-06-09T10:29:49.995+0000] {subprocess.py:93} INFO - ✅ Sent to ecommerce.product.views: product_view (partition: 1, offset: 94)
[2025-06-09T10:29:49.995+0000] {subprocess.py:93} INFO - ✅ Sent to ecommerce.product.views: product_view (partition: 0, offset: 100)
[2025-06-09T10:29:49.995+0000] {subprocess.py:93} INFO - ✅ Sent to ecommerce.cart.add: add_to_cart (partition: 0, offset: 38)
[2025-06-09T10:29:49.995+0000] {subprocess.py:93} INFO - ✅ Sent to ecommerce.product.views: product_view (partition: 2, offset: 104)
[2025-06-09T10:29:49.995+0000] {subprocess.py:93} INFO - ✅ Sent to ecommerce.product.views: product_view (partition: 0, offset: 101)
[2025-06-09T10:29:49.995+0000] {subprocess.py:93} INFO - ✅ Sent to ecommerce.product.views: product_view (partition: 1, offset: 95)
[2025-06-09T10:29:49.996+0000] {subprocess.py:93} INFO - ✅ Sent to ecommerce.product.views: product_view (partition: 2, offset: 105)
[2025-06-09T10:29:49.996+0000] {subprocess.py:93} INFO - ✅ Sent to ecommerce.product.views: product_view (partition: 0, offset: 102)
[2025-06-09T10:29:49.996+0000] {subprocess.py:93} INFO - ✅ Sent to ecommerce.product.views: product_view (partition: 2, offset: 106)
[2025-06-09T10:29:49.996+0000] {subprocess.py:93} INFO - ✅ Sent to ecommerce.cart.add: add_to_cart (partition: 0, offset: 39)
[2025-06-09T10:29:49.996+0000] {subprocess.py:93} INFO - ✅ Sent to ecommerce.product.views: product_view (partition: 2, offset: 107)
[2025-06-09T10:29:49.996+0000] {subprocess.py:93} INFO - ✅ Sent to ecommerce.cart.add: add_to_cart (partition: 0, offset: 40)
[2025-06-09T10:29:49.996+0000] {subprocess.py:93} INFO - ✅ Sent to ecommerce.product.views: product_view (partition: 0, offset: 103)
[2025-06-09T10:29:49.996+0000] {subprocess.py:93} INFO - ✅ Sent to ecommerce.product.views: product_view (partition: 0, offset: 104)
[2025-06-09T10:29:49.997+0000] {subprocess.py:93} INFO - ✅ Sent to ecommerce.product.views: product_view (partition: 0, offset: 105)
[2025-06-09T10:29:49.997+0000] {subprocess.py:93} INFO - 📊 Progress: 30s elapsed, 150 events sent (5.0 events/sec)
[2025-06-09T10:29:49.997+0000] {subprocess.py:93} INFO - ✅ Sent to ecommerce.wishlist.add: add_to_wishlist (partition: 2, offset: 12)
[2025-06-09T10:29:49.997+0000] {subprocess.py:93} INFO - ✅ Sent to ecommerce.wishlist.add: add_to_wishlist (partition: 0, offset: 10)
[2025-06-09T10:29:49.997+0000] {subprocess.py:93} INFO - ✅ Sent to ecommerce.product.views: product_view (partition: 0, offset: 106)
[2025-06-09T10:29:49.997+0000] {subprocess.py:93} INFO - ✅ Sent to ecommerce.product.views: product_view (partition: 0, offset: 107)
[2025-06-09T10:29:49.997+0000] {subprocess.py:93} INFO - ✅ Sent to ecommerce.cart.add: add_to_cart (partition: 2, offset: 38)
[2025-06-09T10:29:49.997+0000] {subprocess.py:93} INFO - ✅ Sent to ecommerce.product.views: product_view (partition: 0, offset: 108)
[2025-06-09T10:29:49.998+0000] {subprocess.py:93} INFO - ✅ Sent to ecommerce.product.views: product_view (partition: 2, offset: 108)
[2025-06-09T10:29:49.998+0000] {subprocess.py:93} INFO - ✅ Sent to ecommerce.cart.add: add_to_cart (partition: 1, offset: 19)
[2025-06-09T10:29:49.998+0000] {subprocess.py:93} INFO - ✅ Sent to ecommerce.cart.add: add_to_cart (partition: 2, offset: 39)
[2025-06-09T10:29:49.998+0000] {subprocess.py:93} INFO - ✅ Sent to ecommerce.product.views: product_view (partition: 1, offset: 96)
[2025-06-09T10:29:49.998+0000] {subprocess.py:93} INFO - ✅ Sent to ecommerce.product.views: product_view (partition: 0, offset: 109)
[2025-06-09T10:29:49.998+0000] {subprocess.py:93} INFO - ✅ Sent to ecommerce.cart.add: add_to_cart (partition: 2, offset: 40)
[2025-06-09T10:29:49.998+0000] {subprocess.py:93} INFO - ✅ Sent to ecommerce.product.views: product_view (partition: 2, offset: 109)
[2025-06-09T10:29:49.998+0000] {subprocess.py:93} INFO - ✅ Sent to ecommerce.cart.add: add_to_cart (partition: 1, offset: 20)
[2025-06-09T10:29:49.999+0000] {subprocess.py:93} INFO - ✅ Sent to ecommerce.wishlist.add: add_to_wishlist (partition: 0, offset: 11)
[2025-06-09T10:29:49.999+0000] {subprocess.py:93} INFO - ✅ Sent to ecommerce.product.views: product_view (partition: 0, offset: 110)
[2025-06-09T10:29:49.999+0000] {subprocess.py:93} INFO - ✅ Sent to ecommerce.wishlist.add: add_to_wishlist (partition: 1, offset: 11)
[2025-06-09T10:29:49.999+0000] {subprocess.py:93} INFO - ✅ Sent to ecommerce.product.views: product_view (partition: 0, offset: 111)
[2025-06-09T10:29:49.999+0000] {subprocess.py:93} INFO - ✅ Sent to ecommerce.product.views: product_view (partition: 1, offset: 97)
[2025-06-09T10:29:49.999+0000] {subprocess.py:93} INFO - ✅ Sent to ecommerce.product.views: product_view (partition: 1, offset: 98)
[2025-06-09T10:29:49.999+0000] {subprocess.py:93} INFO - ✅ Sent to ecommerce.cart.add: add_to_cart (partition: 2, offset: 41)
[2025-06-09T10:29:49.999+0000] {subprocess.py:93} INFO - ✅ Sent to ecommerce.product.views: product_view (partition: 0, offset: 112)
[2025-06-09T10:29:49.999+0000] {subprocess.py:93} INFO - ✅ Sent to ecommerce.cart.add: add_to_cart (partition: 2, offset: 42)
[2025-06-09T10:29:50.000+0000] {subprocess.py:93} INFO - ✅ Sent to ecommerce.product.views: product_view (partition: 0, offset: 113)
[2025-06-09T10:29:50.000+0000] {subprocess.py:93} INFO - ✅ Sent to ecommerce.product.views: product_view (partition: 0, offset: 114)
[2025-06-09T10:29:50.000+0000] {subprocess.py:93} INFO - ✅ Sent to ecommerce.product.views: product_view (partition: 0, offset: 115)
[2025-06-09T10:29:50.000+0000] {subprocess.py:93} INFO - ✅ Sent to ecommerce.product.views: product_view (partition: 0, offset: 116)
[2025-06-09T10:29:50.000+0000] {subprocess.py:93} INFO - ✅ Sent to ecommerce.wishlist.add: add_to_wishlist (partition: 2, offset: 13)
[2025-06-09T10:29:50.000+0000] {subprocess.py:93} INFO - ✅ Sent to ecommerce.product.views: product_view (partition: 0, offset: 117)
[2025-06-09T10:29:50.000+0000] {subprocess.py:93} INFO - ✅ Sent to ecommerce.product.views: product_view (partition: 0, offset: 118)
[2025-06-09T10:29:50.000+0000] {subprocess.py:93} INFO - ✅ Sent to ecommerce.product.views: product_view (partition: 0, offset: 119)
[2025-06-09T10:29:50.000+0000] {subprocess.py:93} INFO - ✅ Sent to ecommerce.product.views: product_view (partition: 1, offset: 99)
[2025-06-09T10:29:50.001+0000] {subprocess.py:93} INFO - ✅ Sent to ecommerce.cart.add: add_to_cart (partition: 0, offset: 41)
[2025-06-09T10:29:50.001+0000] {subprocess.py:93} INFO - ✅ Sent to ecommerce.product.views: product_view (partition: 1, offset: 100)
[2025-06-09T10:29:50.001+0000] {subprocess.py:93} INFO - ✅ Sent to ecommerce.product.views: product_view (partition: 1, offset: 101)
[2025-06-09T10:29:50.001+0000] {subprocess.py:93} INFO - ✅ Sent to ecommerce.cart.add: add_to_cart (partition: 1, offset: 21)
[2025-06-09T10:29:50.001+0000] {subprocess.py:93} INFO - ✅ Sent to ecommerce.product.views: product_view (partition: 2, offset: 110)
[2025-06-09T10:29:50.001+0000] {subprocess.py:93} INFO - ✅ Sent to ecommerce.product.views: product_view (partition: 2, offset: 111)
[2025-06-09T10:29:50.001+0000] {subprocess.py:93} INFO - ✅ Sent to ecommerce.product.views: product_view (partition: 0, offset: 120)
[2025-06-09T10:29:50.001+0000] {subprocess.py:93} INFO - ✅ Sent to ecommerce.product.views: product_view (partition: 0, offset: 121)
[2025-06-09T10:29:50.002+0000] {subprocess.py:93} INFO - ✅ Sent to ecommerce.product.views: product_view (partition: 2, offset: 112)
[2025-06-09T10:29:50.002+0000] {subprocess.py:93} INFO - ✅ Sent to ecommerce.product.views: product_view (partition: 2, offset: 113)
[2025-06-09T10:29:50.002+0000] {subprocess.py:93} INFO - ✅ Sent to ecommerce.product.views: product_view (partition: 1, offset: 102)
[2025-06-09T10:29:50.002+0000] {subprocess.py:93} INFO - ✅ Sent to ecommerce.product.views: product_view (partition: 0, offset: 122)
[2025-06-09T10:30:11.039+0000] {subprocess.py:93} INFO - ✅ Sent to ecommerce.product.views: product_view (partition: 1, offset: 103)
[2025-06-09T10:30:11.047+0000] {subprocess.py:93} INFO - ✅ Sent to ecommerce.product.views: product_view (partition: 0, offset: 123)
[2025-06-09T10:30:11.047+0000] {subprocess.py:93} INFO - ✅ Sent to ecommerce.product.views: product_view (partition: 2, offset: 114)
[2025-06-09T10:30:11.048+0000] {subprocess.py:93} INFO - ✅ Sent to ecommerce.product.views: product_view (partition: 1, offset: 104)
[2025-06-09T10:30:11.048+0000] {subprocess.py:93} INFO - ✅ Sent to ecommerce.cart.add: add_to_cart (partition: 0, offset: 42)
[2025-06-09T10:30:11.048+0000] {subprocess.py:93} INFO - ✅ Sent to ecommerce.product.views: product_view (partition: 2, offset: 115)
[2025-06-09T10:30:11.048+0000] {subprocess.py:93} INFO - 📊 Progress: 40s elapsed, 200 events sent (5.0 events/sec)
[2025-06-09T10:30:11.048+0000] {subprocess.py:93} INFO - ✅ Sent to ecommerce.cart.add: add_to_cart (partition: 2, offset: 43)
[2025-06-09T10:30:11.049+0000] {subprocess.py:93} INFO - ✅ Sent to ecommerce.product.views: product_view (partition: 1, offset: 105)
[2025-06-09T10:30:11.049+0000] {subprocess.py:93} INFO - ✅ Sent to ecommerce.product.views: product_view (partition: 0, offset: 124)
[2025-06-09T10:30:11.049+0000] {subprocess.py:93} INFO - ✅ Sent to ecommerce.product.views: product_view (partition: 2, offset: 116)
[2025-06-09T10:30:11.049+0000] {subprocess.py:93} INFO - ✅ Sent to ecommerce.product.views: product_view (partition: 2, offset: 117)
[2025-06-09T10:30:11.049+0000] {subprocess.py:93} INFO - ✅ Sent to ecommerce.product.views: product_view (partition: 1, offset: 106)
[2025-06-09T10:30:11.049+0000] {subprocess.py:93} INFO - ✅ Sent to ecommerce.product.views: product_view (partition: 2, offset: 118)
[2025-06-09T10:30:11.050+0000] {subprocess.py:93} INFO - ✅ Sent to ecommerce.cart.add: add_to_cart (partition: 2, offset: 44)
[2025-06-09T10:30:11.050+0000] {subprocess.py:93} INFO - ✅ Sent to ecommerce.wishlist.add: add_to_wishlist (partition: 1, offset: 12)
[2025-06-09T10:30:11.050+0000] {subprocess.py:93} INFO - ✅ Sent to ecommerce.product.views: product_view (partition: 1, offset: 107)
[2025-06-09T10:30:11.050+0000] {subprocess.py:93} INFO - ✅ Sent to ecommerce.product.views: product_view (partition: 0, offset: 125)
[2025-06-09T10:30:11.050+0000] {subprocess.py:93} INFO - ✅ Sent to ecommerce.product.views: product_view (partition: 2, offset: 119)
[2025-06-09T10:30:11.050+0000] {subprocess.py:93} INFO - ✅ Sent to ecommerce.product.views: product_view (partition: 0, offset: 126)
[2025-06-09T10:30:11.051+0000] {subprocess.py:93} INFO - ✅ Sent to ecommerce.product.views: product_view (partition: 1, offset: 108)
[2025-06-09T10:30:11.051+0000] {subprocess.py:93} INFO - ✅ Sent to ecommerce.product.views: product_view (partition: 1, offset: 109)
[2025-06-09T10:30:11.051+0000] {subprocess.py:93} INFO - ✅ Sent to ecommerce.product.views: product_view (partition: 0, offset: 127)
[2025-06-09T10:30:11.051+0000] {subprocess.py:93} INFO - ✅ Sent to ecommerce.product.views: product_view (partition: 0, offset: 128)
[2025-06-09T10:30:11.051+0000] {subprocess.py:93} INFO - ✅ Sent to ecommerce.product.views: product_view (partition: 1, offset: 110)
[2025-06-09T10:30:11.051+0000] {subprocess.py:93} INFO - ✅ Sent to ecommerce.product.views: product_view (partition: 2, offset: 120)
[2025-06-09T10:30:11.051+0000] {subprocess.py:93} INFO - ✅ Sent to ecommerce.cart.add: add_to_cart (partition: 2, offset: 45)
[2025-06-09T10:30:11.051+0000] {subprocess.py:93} INFO - ✅ Sent to ecommerce.product.views: product_view (partition: 0, offset: 129)
[2025-06-09T10:30:11.052+0000] {subprocess.py:93} INFO - ✅ Sent to ecommerce.product.views: product_view (partition: 0, offset: 130)
[2025-06-09T10:30:11.052+0000] {subprocess.py:93} INFO - ✅ Sent to ecommerce.product.views: product_view (partition: 2, offset: 121)
[2025-06-09T10:30:11.052+0000] {subprocess.py:93} INFO - ✅ Sent to ecommerce.cart.add: add_to_cart (partition: 2, offset: 46)
[2025-06-09T10:30:11.052+0000] {subprocess.py:93} INFO - ✅ Sent to ecommerce.cart.add: add_to_cart (partition: 2, offset: 47)
[2025-06-09T10:30:11.052+0000] {subprocess.py:93} INFO - ✅ Sent to ecommerce.wishlist.add: add_to_wishlist (partition: 0, offset: 12)
[2025-06-09T10:30:11.052+0000] {subprocess.py:93} INFO - ✅ Sent to ecommerce.cart.add: add_to_cart (partition: 1, offset: 22)
[2025-06-09T10:30:11.052+0000] {subprocess.py:93} INFO - ✅ Sent to ecommerce.product.views: product_view (partition: 2, offset: 122)
[2025-06-09T10:30:11.053+0000] {subprocess.py:93} INFO - ✅ Sent to ecommerce.product.views: product_view (partition: 1, offset: 111)
[2025-06-09T10:30:11.053+0000] {subprocess.py:93} INFO - ✅ Sent to ecommerce.cart.add: add_to_cart (partition: 0, offset: 43)
[2025-06-09T10:30:11.053+0000] {subprocess.py:93} INFO - ✅ Sent to ecommerce.product.views: product_view (partition: 1, offset: 112)
[2025-06-09T10:30:11.053+0000] {subprocess.py:93} INFO - ✅ Sent to ecommerce.product.views: product_view (partition: 2, offset: 123)
[2025-06-09T10:30:11.053+0000] {subprocess.py:93} INFO - ✅ Sent to ecommerce.cart.add: add_to_cart (partition: 2, offset: 48)
[2025-06-09T10:30:11.053+0000] {subprocess.py:93} INFO - ✅ Sent to ecommerce.product.views: product_view (partition: 0, offset: 131)
[2025-06-09T10:30:11.053+0000] {subprocess.py:93} INFO - ✅ Sent to ecommerce.orders.completed: order_completed (partition: 2, offset: 3)
[2025-06-09T10:30:11.054+0000] {subprocess.py:93} INFO - ✅ Sent to ecommerce.product.views: product_view (partition: 0, offset: 132)
[2025-06-09T10:30:11.054+0000] {subprocess.py:93} INFO - ✅ Sent to ecommerce.product.views: product_view (partition: 2, offset: 124)
[2025-06-09T10:30:11.054+0000] {subprocess.py:93} INFO - ✅ Sent to ecommerce.product.views: product_view (partition: 2, offset: 125)
[2025-06-09T10:30:11.054+0000] {subprocess.py:93} INFO - ✅ Sent to ecommerce.cart.add: add_to_cart (partition: 2, offset: 49)
[2025-06-09T10:30:11.054+0000] {subprocess.py:93} INFO - ✅ Sent to ecommerce.wishlist.add: add_to_wishlist (partition: 2, offset: 14)
[2025-06-09T10:30:11.054+0000] {subprocess.py:93} INFO - ✅ Sent to ecommerce.cart.add: add_to_cart (partition: 1, offset: 23)
[2025-06-09T10:30:11.054+0000] {subprocess.py:93} INFO - ✅ Sent to ecommerce.product.views: product_view (partition: 0, offset: 133)
[2025-06-09T10:30:11.054+0000] {subprocess.py:93} INFO - ✅ Sent to ecommerce.wishlist.add: add_to_wishlist (partition: 0, offset: 13)
[2025-06-09T10:30:11.054+0000] {subprocess.py:93} INFO - ✅ Sent to ecommerce.product.views: product_view (partition: 1, offset: 113)
[2025-06-09T10:30:11.055+0000] {subprocess.py:93} INFO - ✅ Sent to ecommerce.product.views: product_view (partition: 0, offset: 134)
[2025-06-09T10:30:11.055+0000] {subprocess.py:93} INFO - ✅ Sent to ecommerce.product.views: product_view (partition: 2, offset: 126)
[2025-06-09T10:30:11.055+0000] {subprocess.py:93} INFO - ✅ Sent to ecommerce.product.views: product_view (partition: 0, offset: 135)
[2025-06-09T10:30:11.055+0000] {subprocess.py:93} INFO - ✅ Sent to ecommerce.product.views: product_view (partition: 1, offset: 114)
[2025-06-09T10:30:11.055+0000] {subprocess.py:93} INFO - ✅ Sent to ecommerce.product.views: product_view (partition: 1, offset: 115)
[2025-06-09T10:30:11.055+0000] {subprocess.py:93} INFO - ✅ Sent to ecommerce.orders.completed: order_completed (partition: 2, offset: 4)
[2025-06-09T10:30:11.055+0000] {subprocess.py:93} INFO - 📊 Progress: 50s elapsed, 250 events sent (5.0 events/sec)
[2025-06-09T10:30:11.056+0000] {subprocess.py:93} INFO - ✅ Sent to ecommerce.product.views: product_view (partition: 2, offset: 127)
[2025-06-09T10:30:11.056+0000] {subprocess.py:93} INFO - ✅ Sent to ecommerce.wishlist.add: add_to_wishlist (partition: 2, offset: 15)
[2025-06-09T10:30:11.056+0000] {subprocess.py:93} INFO - ✅ Sent to ecommerce.product.views: product_view (partition: 0, offset: 136)
[2025-06-09T10:30:11.056+0000] {subprocess.py:93} INFO - ✅ Sent to ecommerce.cart.add: add_to_cart (partition: 1, offset: 24)
[2025-06-09T10:30:11.056+0000] {subprocess.py:93} INFO - ✅ Sent to ecommerce.product.views: product_view (partition: 2, offset: 128)
[2025-06-09T10:30:11.056+0000] {subprocess.py:93} INFO - ✅ Sent to ecommerce.product.views: product_view (partition: 2, offset: 129)
[2025-06-09T10:30:11.056+0000] {subprocess.py:93} INFO - ✅ Sent to ecommerce.product.views: product_view (partition: 1, offset: 116)
[2025-06-09T10:30:11.057+0000] {subprocess.py:93} INFO - ✅ Sent to ecommerce.product.views: product_view (partition: 0, offset: 137)
[2025-06-09T10:30:11.057+0000] {subprocess.py:93} INFO - ✅ Sent to ecommerce.wishlist.add: add_to_wishlist (partition: 2, offset: 16)
[2025-06-09T10:30:11.057+0000] {subprocess.py:93} INFO - ✅ Sent to ecommerce.cart.add: add_to_cart (partition: 1, offset: 25)
[2025-06-09T10:30:11.057+0000] {subprocess.py:93} INFO - ✅ Sent to ecommerce.product.views: product_view (partition: 2, offset: 130)
[2025-06-09T10:30:11.057+0000] {subprocess.py:93} INFO - ✅ Sent to ecommerce.product.views: product_view (partition: 2, offset: 131)
[2025-06-09T10:30:11.057+0000] {subprocess.py:93} INFO - ✅ Sent to ecommerce.product.views: product_view (partition: 0, offset: 138)
[2025-06-09T10:30:11.057+0000] {subprocess.py:93} INFO - ✅ Sent to ecommerce.product.views: product_view (partition: 2, offset: 132)
[2025-06-09T10:30:11.059+0000] {subprocess.py:93} INFO - ✅ Sent to ecommerce.product.views: product_view (partition: 0, offset: 139)
[2025-06-09T10:30:11.059+0000] {subprocess.py:93} INFO - ✅ Sent to ecommerce.product.views: product_view (partition: 0, offset: 140)
[2025-06-09T10:30:11.059+0000] {subprocess.py:93} INFO - ✅ Sent to ecommerce.product.views: product_view (partition: 1, offset: 117)
[2025-06-09T10:30:11.059+0000] {subprocess.py:93} INFO - ✅ Sent to ecommerce.wishlist.add: add_to_wishlist (partition: 1, offset: 13)
[2025-06-09T10:30:11.059+0000] {subprocess.py:93} INFO - ✅ Sent to ecommerce.product.views: product_view (partition: 2, offset: 133)
[2025-06-09T10:30:11.059+0000] {subprocess.py:93} INFO - ✅ Sent to ecommerce.product.views: product_view (partition: 0, offset: 141)
[2025-06-09T10:30:11.060+0000] {subprocess.py:93} INFO - ✅ Sent to ecommerce.product.views: product_view (partition: 1, offset: 118)
[2025-06-09T10:30:11.060+0000] {subprocess.py:93} INFO - ✅ Sent to ecommerce.product.views: product_view (partition: 1, offset: 119)
[2025-06-09T10:30:11.060+0000] {subprocess.py:93} INFO - ✅ Sent to ecommerce.product.views: product_view (partition: 0, offset: 142)
[2025-06-09T10:30:11.060+0000] {subprocess.py:93} INFO - ✅ Sent to ecommerce.product.views: product_view (partition: 0, offset: 143)
[2025-06-09T10:30:11.060+0000] {subprocess.py:93} INFO - ✅ Sent to ecommerce.product.views: product_view (partition: 0, offset: 144)
[2025-06-09T10:30:11.060+0000] {subprocess.py:93} INFO - ✅ Sent to ecommerce.product.views: product_view (partition: 2, offset: 134)
[2025-06-09T10:30:11.060+0000] {subprocess.py:93} INFO - ✅ Sent to ecommerce.product.views: product_view (partition: 2, offset: 135)
[2025-06-09T10:30:11.061+0000] {subprocess.py:93} INFO - ✅ Sent to ecommerce.cart.add: add_to_cart (partition: 0, offset: 44)
[2025-06-09T10:30:11.061+0000] {subprocess.py:93} INFO - ✅ Sent to ecommerce.product.views: product_view (partition: 1, offset: 120)
[2025-06-09T10:30:11.061+0000] {subprocess.py:93} INFO - ✅ Sent to ecommerce.product.views: product_view (partition: 0, offset: 145)
[2025-06-09T10:30:11.061+0000] {subprocess.py:93} INFO - ✅ Sent to ecommerce.cart.add: add_to_cart (partition: 1, offset: 26)
[2025-06-09T10:30:11.061+0000] {subprocess.py:93} INFO - ✅ Sent to ecommerce.product.views: product_view (partition: 0, offset: 146)
[2025-06-09T10:30:11.061+0000] {subprocess.py:93} INFO - ✅ Sent to ecommerce.product.views: product_view (partition: 0, offset: 147)
[2025-06-09T10:30:11.061+0000] {subprocess.py:93} INFO - ✅ Sent to ecommerce.product.views: product_view (partition: 0, offset: 148)
[2025-06-09T10:30:11.061+0000] {subprocess.py:93} INFO - ✅ Sent to ecommerce.product.views: product_view (partition: 2, offset: 136)
[2025-06-09T10:30:11.061+0000] {subprocess.py:93} INFO - ✅ Sent to ecommerce.product.views: product_view (partition: 0, offset: 149)
[2025-06-09T10:30:11.062+0000] {subprocess.py:93} INFO - ✅ Sent to ecommerce.cart.add: add_to_cart (partition: 0, offset: 45)
[2025-06-09T10:30:11.062+0000] {subprocess.py:93} INFO - ✅ Sent to ecommerce.product.views: product_view (partition: 2, offset: 137)
[2025-06-09T10:30:11.062+0000] {subprocess.py:93} INFO - ✅ Sent to ecommerce.product.views: product_view (partition: 1, offset: 121)
[2025-06-09T10:30:11.062+0000] {subprocess.py:93} INFO - ✅ Sent to ecommerce.wishlist.add: add_to_wishlist (partition: 1, offset: 14)
[2025-06-09T10:30:11.062+0000] {subprocess.py:93} INFO - ✅ Sent to ecommerce.product.views: product_view (partition: 0, offset: 150)
[2025-06-09T10:30:11.062+0000] {subprocess.py:93} INFO - ✅ Sent to ecommerce.product.views: product_view (partition: 2, offset: 138)
[2025-06-09T10:30:11.062+0000] {subprocess.py:93} INFO - ✅ Sent to ecommerce.product.views: product_view (partition: 2, offset: 139)
[2025-06-09T10:30:11.062+0000] {subprocess.py:93} INFO - ✅ Sent to ecommerce.product.views: product_view (partition: 0, offset: 151)
[2025-06-09T10:30:11.063+0000] {subprocess.py:93} INFO - ✅ Sent to ecommerce.cart.add: add_to_cart (partition: 2, offset: 50)
[2025-06-09T10:30:11.063+0000] {subprocess.py:93} INFO - ✅ Sent to ecommerce.product.views: product_view (partition: 2, offset: 140)
[2025-06-09T10:30:11.063+0000] {subprocess.py:93} INFO - ✅ Sent to ecommerce.product.views: product_view (partition: 1, offset: 122)
[2025-06-09T10:30:11.063+0000] {subprocess.py:93} INFO - ✅ Sent to ecommerce.product.views: product_view (partition: 2, offset: 141)
[2025-06-09T10:30:12.038+0000] {subprocess.py:93} INFO - ✅ Sent to ecommerce.product.views: product_view (partition: 2, offset: 142)
[2025-06-09T10:30:12.053+0000] {subprocess.py:93} INFO - ✅ Sent to ecommerce.product.views: product_view (partition: 1, offset: 123)
[2025-06-09T10:30:12.054+0000] {subprocess.py:93} INFO - 📊 Progress: 60s elapsed, 300 events sent (5.0 events/sec)
[2025-06-09T10:30:12.059+0000] {subprocess.py:93} INFO - 🏁 Simulation completed: 300 events in 60.2 seconds (5.0 events/sec)
[2025-06-09T10:30:12.066+0000] {subprocess.py:93} INFO - ✅ Producer closed successfully
[2025-06-09T10:30:12.146+0000] {subprocess.py:97} INFO - Command exited with return code 0
[2025-06-09T10:30:12.194+0000] {taskinstance.py:1138} INFO - Marking task as SUCCESS. dag_id=kafka_ecommerce_pipeline, task_id=run_kafka_producer, execution_date=20250609T102524, start_date=20250609T102911, end_date=20250609T103012
[2025-06-09T10:30:12.262+0000] {local_task_job_runner.py:234} INFO - Task exited with return code 0
[2025-06-09T10:30:12.309+0000] {taskinstance.py:3280} INFO - 1 downstream tasks scheduled from follow-on schedule check
