[2025-06-09T10:31:31.448+0000] {taskinstance.py:1956} INFO - Dependencies all met for dep_context=non-requeueable deps ti=<TaskInstance: kafka_ecommerce_pipeline.run_kafka_producer manual__2025-06-09T10:31:29.314970+00:00 [queued]>
[2025-06-09T10:31:31.457+0000] {taskinstance.py:1956} INFO - Dependencies all met for dep_context=requeueable deps ti=<TaskInstance: kafka_ecommerce_pipeline.run_kafka_producer manual__2025-06-09T10:31:29.314970+00:00 [queued]>
[2025-06-09T10:31:31.457+0000] {taskinstance.py:2170} INFO - Starting attempt 1 of 3
[2025-06-09T10:31:31.464+0000] {taskinstance.py:2191} INFO - Executing <Task(BashOperator): run_kafka_producer> on 2025-06-09 10:31:29.314970+00:00
[2025-06-09T10:31:31.468+0000] {standard_task_runner.py:60} INFO - Started process 364 to run task
[2025-06-09T10:31:31.477+0000] {standard_task_runner.py:87} INFO - Running: ['***', 'tasks', 'run', 'kafka_ecommerce_pipeline', 'run_kafka_producer', 'manual__2025-06-09T10:31:29.314970+00:00', '--job-id', '16', '--raw', '--subdir', 'DAGS_FOLDER/kafka_data_pipeline.py', '--cfg-path', '/tmp/tmpxqquwv3z']
[2025-06-09T10:31:31.478+0000] {standard_task_runner.py:88} INFO - Job 16: Subtask run_kafka_producer
[2025-06-09T10:31:31.578+0000] {task_command.py:423} INFO - Running <TaskInstance: kafka_ecommerce_pipeline.run_kafka_producer manual__2025-06-09T10:31:29.314970+00:00 [running]> on host 426c4f7e0cdd
[2025-06-09T10:31:31.657+0000] {taskinstance.py:2480} INFO - Exporting env vars: AIRFLOW_CTX_DAG_OWNER='data-engineering-team' AIRFLOW_CTX_DAG_ID='kafka_ecommerce_pipeline' AIRFLOW_CTX_TASK_ID='run_kafka_producer' AIRFLOW_CTX_EXECUTION_DATE='2025-06-09T10:31:29.314970+00:00' AIRFLOW_CTX_TRY_NUMBER='1' AIRFLOW_CTX_DAG_RUN_ID='manual__2025-06-09T10:31:29.314970+00:00'
[2025-06-09T10:31:31.658+0000] {subprocess.py:63} INFO - Tmp dir root location: /tmp
[2025-06-09T10:31:31.660+0000] {subprocess.py:75} INFO - Running command: ['/usr/bin/bash', '-c', 'python /app/kafka_scripts/producer.py']
[2025-06-09T10:31:31.671+0000] {subprocess.py:86} INFO - Output:
[2025-06-09T10:31:49.104+0000] {subprocess.py:93} INFO - 🚀 Starting E-Commerce Event Producer
[2025-06-09T10:31:49.107+0000] {subprocess.py:93} INFO - 🔗 Kafka Bootstrap Servers: kafka:29092
[2025-06-09T10:31:49.108+0000] {subprocess.py:93} INFO - 🚀 Initializing Kafka producer with bootstrap servers: kafka:29092
[2025-06-09T10:31:49.108+0000] {subprocess.py:93} INFO - ⚠️ Error creating topics: [Error 36] TopicAlreadyExistsError: Request 'CreateTopicsRequest_v3(create_topic_requests=[(topic='ecommerce.product.views', num_partitions=3, replication_factor=1, replica_assignment=[], configs=[]), (topic='ecommerce.cart.add', num_partitions=3, replication_factor=1, replica_assignment=[], configs=[]), (topic='ecommerce.wishlist.add', num_partitions=3, replication_factor=1, replica_assignment=[], configs=[]), (topic='ecommerce.orders.completed', num_partitions=3, replication_factor=1, replica_assignment=[], configs=[])], timeout=30000, validate_only=False)' failed with response 'CreateTopicsResponse_v3(throttle_time_ms=0, topic_errors=[(topic='ecommerce.product.views', error_code=36, error_message="Topic 'ecommerce.product.views' already exists."), (topic='ecommerce.cart.add', error_code=36, error_message="Topic 'ecommerce.cart.add' already exists."), (topic='ecommerce.wishlist.add', error_code=36, error_message="Topic 'ecommerce.wishlist.add' already exists."), (topic='ecommerce.orders.completed', error_code=36, error_message="Topic 'ecommerce.orders.completed' already exists.")])'.
[2025-06-09T10:31:49.108+0000] {subprocess.py:93} INFO - ✅ Successfully connected to Kafka
[2025-06-09T10:31:49.108+0000] {subprocess.py:93} INFO - 🚀 Starting traffic simulation for 60 seconds at 5 events/second
[2025-06-09T10:31:49.108+0000] {subprocess.py:93} INFO - ✅ Sent to ecommerce.product.views: product_view (partition: 2, offset: 143)
[2025-06-09T10:31:49.108+0000] {subprocess.py:93} INFO - ✅ Sent to ecommerce.product.views: product_view (partition: 1, offset: 124)
[2025-06-09T10:31:49.109+0000] {subprocess.py:93} INFO - ✅ Sent to ecommerce.product.views: product_view (partition: 1, offset: 125)
[2025-06-09T10:31:49.109+0000] {subprocess.py:93} INFO - ✅ Sent to ecommerce.wishlist.add: add_to_wishlist (partition: 1, offset: 15)
[2025-06-09T10:31:49.109+0000] {subprocess.py:93} INFO - ✅ Sent to ecommerce.product.views: product_view (partition: 2, offset: 144)
[2025-06-09T10:31:49.109+0000] {subprocess.py:93} INFO - ✅ Sent to ecommerce.product.views: product_view (partition: 0, offset: 152)
[2025-06-09T10:31:49.109+0000] {subprocess.py:93} INFO - ✅ Sent to ecommerce.product.views: product_view (partition: 0, offset: 153)
[2025-06-09T10:31:49.109+0000] {subprocess.py:93} INFO - ✅ Sent to ecommerce.product.views: product_view (partition: 2, offset: 145)
[2025-06-09T10:31:49.110+0000] {subprocess.py:93} INFO - ✅ Sent to ecommerce.cart.add: add_to_cart (partition: 2, offset: 51)
[2025-06-09T10:31:49.110+0000] {subprocess.py:93} INFO - ✅ Sent to ecommerce.product.views: product_view (partition: 1, offset: 126)
[2025-06-09T10:31:49.110+0000] {subprocess.py:93} INFO - ✅ Sent to ecommerce.product.views: product_view (partition: 0, offset: 154)
[2025-06-09T10:31:49.110+0000] {subprocess.py:93} INFO - ✅ Sent to ecommerce.product.views: product_view (partition: 0, offset: 155)
[2025-06-09T10:31:49.111+0000] {subprocess.py:93} INFO - ✅ Sent to ecommerce.cart.add: add_to_cart (partition: 2, offset: 52)
[2025-06-09T10:31:49.111+0000] {subprocess.py:93} INFO - ✅ Sent to ecommerce.product.views: product_view (partition: 2, offset: 146)
[2025-06-09T10:31:49.111+0000] {subprocess.py:93} INFO - ✅ Sent to ecommerce.product.views: product_view (partition: 0, offset: 156)
[2025-06-09T10:31:49.111+0000] {subprocess.py:93} INFO - ✅ Sent to ecommerce.product.views: product_view (partition: 1, offset: 127)
[2025-06-09T10:31:49.111+0000] {subprocess.py:93} INFO - ✅ Sent to ecommerce.product.views: product_view (partition: 1, offset: 128)
[2025-06-09T10:31:49.111+0000] {subprocess.py:93} INFO - ✅ Sent to ecommerce.product.views: product_view (partition: 0, offset: 157)
[2025-06-09T10:31:49.111+0000] {subprocess.py:93} INFO - ✅ Sent to ecommerce.cart.add: add_to_cart (partition: 0, offset: 46)
[2025-06-09T10:31:49.111+0000] {subprocess.py:93} INFO - ✅ Sent to ecommerce.product.views: product_view (partition: 0, offset: 158)
[2025-06-09T10:31:49.112+0000] {subprocess.py:93} INFO - ✅ Sent to ecommerce.product.views: product_view (partition: 0, offset: 159)
[2025-06-09T10:31:49.112+0000] {subprocess.py:93} INFO - ✅ Sent to ecommerce.product.views: product_view (partition: 1, offset: 129)
[2025-06-09T10:31:49.112+0000] {subprocess.py:93} INFO - ✅ Sent to ecommerce.cart.add: add_to_cart (partition: 2, offset: 53)
[2025-06-09T10:31:49.112+0000] {subprocess.py:93} INFO - ✅ Sent to ecommerce.product.views: product_view (partition: 1, offset: 130)
[2025-06-09T10:31:49.112+0000] {subprocess.py:93} INFO - ✅ Sent to ecommerce.product.views: product_view (partition: 0, offset: 160)
[2025-06-09T10:31:49.112+0000] {subprocess.py:93} INFO - ✅ Sent to ecommerce.product.views: product_view (partition: 1, offset: 131)
[2025-06-09T10:31:49.112+0000] {subprocess.py:93} INFO - ✅ Sent to ecommerce.product.views: product_view (partition: 2, offset: 147)
[2025-06-09T10:31:49.112+0000] {subprocess.py:93} INFO - ✅ Sent to ecommerce.product.views: product_view (partition: 0, offset: 161)
[2025-06-09T10:31:49.113+0000] {subprocess.py:93} INFO - ✅ Sent to ecommerce.orders.completed: order_completed (partition: 1, offset: 3)
[2025-06-09T10:31:49.113+0000] {subprocess.py:93} INFO - ✅ Sent to ecommerce.product.views: product_view (partition: 2, offset: 148)
[2025-06-09T10:31:49.113+0000] {subprocess.py:93} INFO - ✅ Sent to ecommerce.cart.add: add_to_cart (partition: 2, offset: 54)
[2025-06-09T10:31:49.113+0000] {subprocess.py:93} INFO - ✅ Sent to ecommerce.product.views: product_view (partition: 0, offset: 162)
[2025-06-09T10:31:49.113+0000] {subprocess.py:93} INFO - ✅ Sent to ecommerce.wishlist.add: add_to_wishlist (partition: 2, offset: 17)
[2025-06-09T10:31:49.113+0000] {subprocess.py:93} INFO - ✅ Sent to ecommerce.cart.add: add_to_cart (partition: 1, offset: 27)
[2025-06-09T10:31:49.113+0000] {subprocess.py:93} INFO - ✅ Sent to ecommerce.product.views: product_view (partition: 0, offset: 163)
[2025-06-09T10:31:49.114+0000] {subprocess.py:93} INFO - ✅ Sent to ecommerce.product.views: product_view (partition: 0, offset: 164)
[2025-06-09T10:31:49.114+0000] {subprocess.py:93} INFO - ✅ Sent to ecommerce.cart.add: add_to_cart (partition: 2, offset: 55)
[2025-06-09T10:31:49.114+0000] {subprocess.py:93} INFO - ✅ Sent to ecommerce.product.views: product_view (partition: 2, offset: 149)
[2025-06-09T10:31:49.114+0000] {subprocess.py:93} INFO - ✅ Sent to ecommerce.cart.add: add_to_cart (partition: 0, offset: 47)
[2025-06-09T10:31:49.114+0000] {subprocess.py:93} INFO - ✅ Sent to ecommerce.wishlist.add: add_to_wishlist (partition: 0, offset: 14)
[2025-06-09T10:31:49.114+0000] {subprocess.py:93} INFO - ✅ Sent to ecommerce.cart.add: add_to_cart (partition: 0, offset: 48)
[2025-06-09T10:31:49.114+0000] {subprocess.py:93} INFO - ✅ Sent to ecommerce.cart.add: add_to_cart (partition: 1, offset: 28)
[2025-06-09T10:31:49.114+0000] {subprocess.py:93} INFO - ✅ Sent to ecommerce.cart.add: add_to_cart (partition: 2, offset: 56)
[2025-06-09T10:31:49.114+0000] {subprocess.py:93} INFO - ✅ Sent to ecommerce.product.views: product_view (partition: 2, offset: 150)
[2025-06-09T10:31:49.114+0000] {subprocess.py:93} INFO - ✅ Sent to ecommerce.product.views: product_view (partition: 2, offset: 151)
[2025-06-09T10:31:49.115+0000] {subprocess.py:93} INFO - ✅ Sent to ecommerce.product.views: product_view (partition: 1, offset: 132)
[2025-06-09T10:31:49.115+0000] {subprocess.py:93} INFO - ✅ Sent to ecommerce.product.views: product_view (partition: 2, offset: 152)
[2025-06-09T10:31:49.115+0000] {subprocess.py:93} INFO - ✅ Sent to ecommerce.product.views: product_view (partition: 2, offset: 153)
[2025-06-09T10:31:49.115+0000] {subprocess.py:93} INFO - ✅ Sent to ecommerce.product.views: product_view (partition: 1, offset: 133)
[2025-06-09T10:31:49.115+0000] {subprocess.py:93} INFO - ✅ Sent to ecommerce.product.views: product_view (partition: 1, offset: 134)
[2025-06-09T10:31:49.115+0000] {subprocess.py:93} INFO - 📊 Progress: 10s elapsed, 50 events sent (5.0 events/sec)
[2025-06-09T10:31:49.115+0000] {subprocess.py:93} INFO - ✅ Sent to ecommerce.product.views: product_view (partition: 1, offset: 135)
[2025-06-09T10:31:49.115+0000] {subprocess.py:93} INFO - ✅ Sent to ecommerce.product.views: product_view (partition: 1, offset: 136)
[2025-06-09T10:31:49.115+0000] {subprocess.py:93} INFO - ✅ Sent to ecommerce.product.views: product_view (partition: 0, offset: 165)
[2025-06-09T10:31:49.115+0000] {subprocess.py:93} INFO - ✅ Sent to ecommerce.wishlist.add: add_to_wishlist (partition: 1, offset: 16)
[2025-06-09T10:31:49.115+0000] {subprocess.py:93} INFO - ✅ Sent to ecommerce.product.views: product_view (partition: 2, offset: 154)
[2025-06-09T10:31:49.115+0000] {subprocess.py:93} INFO - ✅ Sent to ecommerce.product.views: product_view (partition: 0, offset: 166)
[2025-06-09T10:31:49.116+0000] {subprocess.py:93} INFO - ✅ Sent to ecommerce.product.views: product_view (partition: 0, offset: 167)
[2025-06-09T10:31:49.116+0000] {subprocess.py:93} INFO - ✅ Sent to ecommerce.product.views: product_view (partition: 0, offset: 168)
[2025-06-09T10:31:49.116+0000] {subprocess.py:93} INFO - ✅ Sent to ecommerce.cart.add: add_to_cart (partition: 1, offset: 29)
[2025-06-09T10:31:49.116+0000] {subprocess.py:93} INFO - ✅ Sent to ecommerce.product.views: product_view (partition: 0, offset: 169)
[2025-06-09T10:31:49.116+0000] {subprocess.py:93} INFO - ✅ Sent to ecommerce.product.views: product_view (partition: 1, offset: 137)
[2025-06-09T10:31:49.116+0000] {subprocess.py:93} INFO - ✅ Sent to ecommerce.product.views: product_view (partition: 2, offset: 155)
[2025-06-09T10:31:49.116+0000] {subprocess.py:93} INFO - ✅ Sent to ecommerce.product.views: product_view (partition: 2, offset: 156)
[2025-06-09T10:31:49.116+0000] {subprocess.py:93} INFO - ✅ Sent to ecommerce.product.views: product_view (partition: 2, offset: 157)
[2025-06-09T10:31:49.116+0000] {subprocess.py:93} INFO - ✅ Sent to ecommerce.product.views: product_view (partition: 2, offset: 158)
[2025-06-09T10:31:49.116+0000] {subprocess.py:93} INFO - ✅ Sent to ecommerce.product.views: product_view (partition: 0, offset: 170)
[2025-06-09T10:31:49.117+0000] {subprocess.py:93} INFO - ✅ Sent to ecommerce.product.views: product_view (partition: 1, offset: 138)
[2025-06-09T10:31:49.117+0000] {subprocess.py:93} INFO - ✅ Sent to ecommerce.product.views: product_view (partition: 1, offset: 139)
[2025-06-09T10:31:49.117+0000] {subprocess.py:93} INFO - ✅ Sent to ecommerce.cart.add: add_to_cart (partition: 1, offset: 30)
[2025-06-09T10:31:49.117+0000] {subprocess.py:93} INFO - ✅ Sent to ecommerce.product.views: product_view (partition: 1, offset: 140)
[2025-06-09T10:31:49.117+0000] {subprocess.py:93} INFO - ✅ Sent to ecommerce.cart.add: add_to_cart (partition: 0, offset: 49)
[2025-06-09T10:31:49.117+0000] {subprocess.py:93} INFO - ✅ Sent to ecommerce.product.views: product_view (partition: 1, offset: 141)
[2025-06-09T10:31:49.117+0000] {subprocess.py:93} INFO - ✅ Sent to ecommerce.wishlist.add: add_to_wishlist (partition: 0, offset: 15)
[2025-06-09T10:31:49.117+0000] {subprocess.py:93} INFO - ✅ Sent to ecommerce.product.views: product_view (partition: 0, offset: 171)
[2025-06-09T10:31:49.117+0000] {subprocess.py:93} INFO - ✅ Sent to ecommerce.product.views: product_view (partition: 2, offset: 159)
[2025-06-09T10:31:49.117+0000] {subprocess.py:93} INFO - ✅ Sent to ecommerce.product.views: product_view (partition: 2, offset: 160)
[2025-06-09T10:31:49.117+0000] {subprocess.py:93} INFO - ✅ Sent to ecommerce.product.views: product_view (partition: 1, offset: 142)
[2025-06-09T10:31:49.118+0000] {subprocess.py:93} INFO - ✅ Sent to ecommerce.wishlist.add: add_to_wishlist (partition: 1, offset: 17)
[2025-06-09T10:31:49.118+0000] {subprocess.py:93} INFO - ✅ Sent to ecommerce.cart.add: add_to_cart (partition: 2, offset: 57)
[2025-06-09T10:31:49.118+0000] {subprocess.py:93} INFO - ✅ Sent to ecommerce.cart.add: add_to_cart (partition: 0, offset: 50)
[2025-06-09T10:31:49.118+0000] {subprocess.py:93} INFO - ✅ Sent to ecommerce.cart.add: add_to_cart (partition: 2, offset: 58)
[2025-06-09T10:31:49.118+0000] {subprocess.py:93} INFO - ✅ Sent to ecommerce.product.views: product_view (partition: 2, offset: 161)
[2025-06-09T10:31:49.118+0000] {subprocess.py:93} INFO - ✅ Sent to ecommerce.product.views: product_view (partition: 1, offset: 143)
[2025-06-09T10:31:49.118+0000] {subprocess.py:93} INFO - ✅ Sent to ecommerce.product.views: product_view (partition: 0, offset: 172)
[2025-06-09T10:31:49.118+0000] {subprocess.py:93} INFO - ✅ Sent to ecommerce.cart.add: add_to_cart (partition: 0, offset: 51)
[2025-06-09T10:31:49.118+0000] {subprocess.py:93} INFO - ✅ Sent to ecommerce.cart.add: add_to_cart (partition: 2, offset: 59)
[2025-06-09T10:31:49.118+0000] {subprocess.py:93} INFO - ✅ Sent to ecommerce.product.views: product_view (partition: 0, offset: 173)
[2025-06-09T10:31:49.118+0000] {subprocess.py:93} INFO - ✅ Sent to ecommerce.cart.add: add_to_cart (partition: 1, offset: 31)
[2025-06-09T10:32:10.176+0000] {subprocess.py:93} INFO - ✅ Sent to ecommerce.cart.add: add_to_cart (partition: 1, offset: 32)
[2025-06-09T10:32:10.183+0000] {subprocess.py:93} INFO - ✅ Sent to ecommerce.product.views: product_view (partition: 2, offset: 162)
[2025-06-09T10:32:10.183+0000] {subprocess.py:93} INFO - ✅ Sent to ecommerce.product.views: product_view (partition: 1, offset: 144)
[2025-06-09T10:32:10.184+0000] {subprocess.py:93} INFO - ✅ Sent to ecommerce.product.views: product_view (partition: 2, offset: 163)
[2025-06-09T10:32:10.184+0000] {subprocess.py:93} INFO - ✅ Sent to ecommerce.wishlist.add: add_to_wishlist (partition: 2, offset: 18)
[2025-06-09T10:32:10.185+0000] {subprocess.py:93} INFO - ✅ Sent to ecommerce.product.views: product_view (partition: 2, offset: 164)
[2025-06-09T10:32:10.185+0000] {subprocess.py:93} INFO - ✅ Sent to ecommerce.product.views: product_view (partition: 1, offset: 145)
[2025-06-09T10:32:10.185+0000] {subprocess.py:93} INFO - ✅ Sent to ecommerce.wishlist.add: add_to_wishlist (partition: 0, offset: 16)
[2025-06-09T10:32:10.185+0000] {subprocess.py:93} INFO - ✅ Sent to ecommerce.product.views: product_view (partition: 1, offset: 146)
[2025-06-09T10:32:10.186+0000] {subprocess.py:93} INFO - ✅ Sent to ecommerce.cart.add: add_to_cart (partition: 2, offset: 60)
[2025-06-09T10:32:10.186+0000] {subprocess.py:93} INFO - ✅ Sent to ecommerce.product.views: product_view (partition: 0, offset: 174)
[2025-06-09T10:32:10.186+0000] {subprocess.py:93} INFO - ✅ Sent to ecommerce.product.views: product_view (partition: 2, offset: 165)
[2025-06-09T10:32:10.187+0000] {subprocess.py:93} INFO - 📊 Progress: 20s elapsed, 100 events sent (5.0 events/sec)
[2025-06-09T10:32:10.187+0000] {subprocess.py:93} INFO - ✅ Sent to ecommerce.wishlist.add: add_to_wishlist (partition: 1, offset: 18)
[2025-06-09T10:32:10.187+0000] {subprocess.py:93} INFO - ✅ Sent to ecommerce.product.views: product_view (partition: 0, offset: 175)
[2025-06-09T10:32:10.188+0000] {subprocess.py:93} INFO - ✅ Sent to ecommerce.product.views: product_view (partition: 0, offset: 176)
[2025-06-09T10:32:10.188+0000] {subprocess.py:93} INFO - ✅ Sent to ecommerce.cart.add: add_to_cart (partition: 2, offset: 61)
[2025-06-09T10:32:10.188+0000] {subprocess.py:93} INFO - ✅ Sent to ecommerce.product.views: product_view (partition: 2, offset: 166)
[2025-06-09T10:32:10.188+0000] {subprocess.py:93} INFO - ✅ Sent to ecommerce.product.views: product_view (partition: 1, offset: 147)
[2025-06-09T10:32:10.189+0000] {subprocess.py:93} INFO - ✅ Sent to ecommerce.product.views: product_view (partition: 2, offset: 167)
[2025-06-09T10:32:10.189+0000] {subprocess.py:93} INFO - ✅ Sent to ecommerce.cart.add: add_to_cart (partition: 0, offset: 52)
[2025-06-09T10:32:10.189+0000] {subprocess.py:93} INFO - ✅ Sent to ecommerce.product.views: product_view (partition: 2, offset: 168)
[2025-06-09T10:32:10.189+0000] {subprocess.py:93} INFO - ✅ Sent to ecommerce.product.views: product_view (partition: 2, offset: 169)
[2025-06-09T10:32:10.189+0000] {subprocess.py:93} INFO - ✅ Sent to ecommerce.product.views: product_view (partition: 1, offset: 148)
[2025-06-09T10:32:10.190+0000] {subprocess.py:93} INFO - ✅ Sent to ecommerce.cart.add: add_to_cart (partition: 2, offset: 62)
[2025-06-09T10:32:10.190+0000] {subprocess.py:93} INFO - ✅ Sent to ecommerce.wishlist.add: add_to_wishlist (partition: 2, offset: 19)
[2025-06-09T10:32:10.190+0000] {subprocess.py:93} INFO - ✅ Sent to ecommerce.product.views: product_view (partition: 1, offset: 149)
[2025-06-09T10:32:10.190+0000] {subprocess.py:93} INFO - ✅ Sent to ecommerce.product.views: product_view (partition: 2, offset: 170)
[2025-06-09T10:32:10.190+0000] {subprocess.py:93} INFO - ✅ Sent to ecommerce.orders.completed: order_completed (partition: 0, offset: 3)
[2025-06-09T10:32:10.191+0000] {subprocess.py:93} INFO - ✅ Sent to ecommerce.product.views: product_view (partition: 2, offset: 171)
[2025-06-09T10:32:10.191+0000] {subprocess.py:93} INFO - ✅ Sent to ecommerce.cart.add: add_to_cart (partition: 0, offset: 53)
[2025-06-09T10:32:10.191+0000] {subprocess.py:93} INFO - ✅ Sent to ecommerce.cart.add: add_to_cart (partition: 1, offset: 33)
[2025-06-09T10:32:10.191+0000] {subprocess.py:93} INFO - ✅ Sent to ecommerce.product.views: product_view (partition: 1, offset: 150)
[2025-06-09T10:32:10.192+0000] {subprocess.py:93} INFO - ✅ Sent to ecommerce.product.views: product_view (partition: 0, offset: 177)
[2025-06-09T10:32:10.192+0000] {subprocess.py:93} INFO - ✅ Sent to ecommerce.product.views: product_view (partition: 0, offset: 178)
[2025-06-09T10:32:10.192+0000] {subprocess.py:93} INFO - ✅ Sent to ecommerce.cart.add: add_to_cart (partition: 1, offset: 34)
[2025-06-09T10:32:10.192+0000] {subprocess.py:93} INFO - ✅ Sent to ecommerce.product.views: product_view (partition: 0, offset: 179)
[2025-06-09T10:32:10.193+0000] {subprocess.py:93} INFO - ✅ Sent to ecommerce.product.views: product_view (partition: 0, offset: 180)
[2025-06-09T10:32:10.193+0000] {subprocess.py:93} INFO - ✅ Sent to ecommerce.cart.add: add_to_cart (partition: 2, offset: 63)
[2025-06-09T10:32:10.193+0000] {subprocess.py:93} INFO - ✅ Sent to ecommerce.product.views: product_view (partition: 2, offset: 172)
[2025-06-09T10:32:10.193+0000] {subprocess.py:93} INFO - ✅ Sent to ecommerce.product.views: product_view (partition: 0, offset: 181)
[2025-06-09T10:32:10.193+0000] {subprocess.py:93} INFO - ✅ Sent to ecommerce.product.views: product_view (partition: 2, offset: 173)
[2025-06-09T10:32:10.194+0000] {subprocess.py:93} INFO - ✅ Sent to ecommerce.wishlist.add: add_to_wishlist (partition: 1, offset: 19)
[2025-06-09T10:32:10.194+0000] {subprocess.py:93} INFO - ✅ Sent to ecommerce.wishlist.add: add_to_wishlist (partition: 1, offset: 20)
[2025-06-09T10:32:10.194+0000] {subprocess.py:93} INFO - ✅ Sent to ecommerce.cart.add: add_to_cart (partition: 1, offset: 35)
[2025-06-09T10:32:10.194+0000] {subprocess.py:93} INFO - ✅ Sent to ecommerce.product.views: product_view (partition: 2, offset: 174)
[2025-06-09T10:32:10.194+0000] {subprocess.py:93} INFO - ✅ Sent to ecommerce.product.views: product_view (partition: 0, offset: 182)
[2025-06-09T10:32:10.195+0000] {subprocess.py:93} INFO - ✅ Sent to ecommerce.product.views: product_view (partition: 1, offset: 151)
[2025-06-09T10:32:10.195+0000] {subprocess.py:93} INFO - ✅ Sent to ecommerce.wishlist.add: add_to_wishlist (partition: 1, offset: 21)
[2025-06-09T10:32:10.195+0000] {subprocess.py:93} INFO - ✅ Sent to ecommerce.product.views: product_view (partition: 2, offset: 175)
[2025-06-09T10:32:10.195+0000] {subprocess.py:93} INFO - ✅ Sent to ecommerce.product.views: product_view (partition: 2, offset: 176)
[2025-06-09T10:32:10.196+0000] {subprocess.py:93} INFO - ✅ Sent to ecommerce.product.views: product_view (partition: 1, offset: 152)
[2025-06-09T10:32:10.196+0000] {subprocess.py:93} INFO - ✅ Sent to ecommerce.product.views: product_view (partition: 0, offset: 183)
[2025-06-09T10:32:10.196+0000] {subprocess.py:93} INFO - ✅ Sent to ecommerce.product.views: product_view (partition: 2, offset: 177)
[2025-06-09T10:32:10.196+0000] {subprocess.py:93} INFO - ✅ Sent to ecommerce.cart.add: add_to_cart (partition: 2, offset: 64)
[2025-06-09T10:32:10.196+0000] {subprocess.py:93} INFO - ✅ Sent to ecommerce.product.views: product_view (partition: 2, offset: 178)
[2025-06-09T10:32:10.197+0000] {subprocess.py:93} INFO - ✅ Sent to ecommerce.cart.add: add_to_cart (partition: 1, offset: 36)
[2025-06-09T10:32:10.197+0000] {subprocess.py:93} INFO - ✅ Sent to ecommerce.product.views: product_view (partition: 2, offset: 179)
[2025-06-09T10:32:10.197+0000] {subprocess.py:93} INFO - ✅ Sent to ecommerce.wishlist.add: add_to_wishlist (partition: 0, offset: 17)
[2025-06-09T10:32:10.197+0000] {subprocess.py:93} INFO - ✅ Sent to ecommerce.product.views: product_view (partition: 2, offset: 180)
[2025-06-09T10:32:10.197+0000] {subprocess.py:93} INFO - ✅ Sent to ecommerce.product.views: product_view (partition: 2, offset: 181)
[2025-06-09T10:32:10.198+0000] {subprocess.py:93} INFO - ✅ Sent to ecommerce.product.views: product_view (partition: 0, offset: 184)
[2025-06-09T10:32:10.198+0000] {subprocess.py:93} INFO - ✅ Sent to ecommerce.product.views: product_view (partition: 1, offset: 153)
[2025-06-09T10:32:10.198+0000] {subprocess.py:93} INFO - 📊 Progress: 30s elapsed, 150 events sent (5.0 events/sec)
[2025-06-09T10:32:10.198+0000] {subprocess.py:93} INFO - ✅ Sent to ecommerce.product.views: product_view (partition: 2, offset: 182)
[2025-06-09T10:32:10.199+0000] {subprocess.py:93} INFO - ✅ Sent to ecommerce.product.views: product_view (partition: 1, offset: 154)
[2025-06-09T10:32:10.199+0000] {subprocess.py:93} INFO - ✅ Sent to ecommerce.product.views: product_view (partition: 0, offset: 185)
[2025-06-09T10:32:10.199+0000] {subprocess.py:93} INFO - ✅ Sent to ecommerce.product.views: product_view (partition: 0, offset: 186)
[2025-06-09T10:32:10.200+0000] {subprocess.py:93} INFO - ✅ Sent to ecommerce.product.views: product_view (partition: 0, offset: 187)
[2025-06-09T10:32:10.200+0000] {subprocess.py:93} INFO - ✅ Sent to ecommerce.cart.add: add_to_cart (partition: 2, offset: 65)
[2025-06-09T10:32:10.200+0000] {subprocess.py:93} INFO - ✅ Sent to ecommerce.product.views: product_view (partition: 0, offset: 188)
[2025-06-09T10:32:10.200+0000] {subprocess.py:93} INFO - ✅ Sent to ecommerce.cart.add: add_to_cart (partition: 1, offset: 37)
[2025-06-09T10:32:10.200+0000] {subprocess.py:93} INFO - ✅ Sent to ecommerce.product.views: product_view (partition: 1, offset: 155)
[2025-06-09T10:32:10.200+0000] {subprocess.py:93} INFO - ✅ Sent to ecommerce.wishlist.add: add_to_wishlist (partition: 2, offset: 20)
[2025-06-09T10:32:10.201+0000] {subprocess.py:93} INFO - ✅ Sent to ecommerce.cart.add: add_to_cart (partition: 0, offset: 54)
[2025-06-09T10:32:10.201+0000] {subprocess.py:93} INFO - ✅ Sent to ecommerce.product.views: product_view (partition: 1, offset: 156)
[2025-06-09T10:32:10.201+0000] {subprocess.py:93} INFO - ✅ Sent to ecommerce.product.views: product_view (partition: 2, offset: 183)
[2025-06-09T10:32:10.201+0000] {subprocess.py:93} INFO - ✅ Sent to ecommerce.product.views: product_view (partition: 2, offset: 184)
[2025-06-09T10:32:10.201+0000] {subprocess.py:93} INFO - ✅ Sent to ecommerce.wishlist.add: add_to_wishlist (partition: 0, offset: 18)
[2025-06-09T10:32:10.202+0000] {subprocess.py:93} INFO - ✅ Sent to ecommerce.product.views: product_view (partition: 1, offset: 157)
[2025-06-09T10:32:10.202+0000] {subprocess.py:93} INFO - ✅ Sent to ecommerce.cart.add: add_to_cart (partition: 1, offset: 38)
[2025-06-09T10:32:10.202+0000] {subprocess.py:93} INFO - ✅ Sent to ecommerce.cart.add: add_to_cart (partition: 0, offset: 55)
[2025-06-09T10:32:10.202+0000] {subprocess.py:93} INFO - ✅ Sent to ecommerce.product.views: product_view (partition: 2, offset: 185)
[2025-06-09T10:32:10.202+0000] {subprocess.py:93} INFO - ✅ Sent to ecommerce.product.views: product_view (partition: 0, offset: 189)
[2025-06-09T10:32:10.203+0000] {subprocess.py:93} INFO - ✅ Sent to ecommerce.wishlist.add: add_to_wishlist (partition: 0, offset: 19)
[2025-06-09T10:32:10.203+0000] {subprocess.py:93} INFO - ✅ Sent to ecommerce.product.views: product_view (partition: 2, offset: 186)
[2025-06-09T10:32:10.203+0000] {subprocess.py:93} INFO - ✅ Sent to ecommerce.product.views: product_view (partition: 0, offset: 190)
[2025-06-09T10:32:10.203+0000] {subprocess.py:93} INFO - ✅ Sent to ecommerce.product.views: product_view (partition: 2, offset: 187)
[2025-06-09T10:32:10.203+0000] {subprocess.py:93} INFO - ✅ Sent to ecommerce.product.views: product_view (partition: 2, offset: 188)
[2025-06-09T10:32:10.203+0000] {subprocess.py:93} INFO - ✅ Sent to ecommerce.cart.add: add_to_cart (partition: 2, offset: 66)
[2025-06-09T10:32:10.204+0000] {subprocess.py:93} INFO - ✅ Sent to ecommerce.product.views: product_view (partition: 0, offset: 191)
[2025-06-09T10:32:10.204+0000] {subprocess.py:93} INFO - ✅ Sent to ecommerce.cart.add: add_to_cart (partition: 0, offset: 56)
[2025-06-09T10:32:10.204+0000] {subprocess.py:93} INFO - ✅ Sent to ecommerce.product.views: product_view (partition: 2, offset: 189)
[2025-06-09T10:32:10.204+0000] {subprocess.py:93} INFO - ✅ Sent to ecommerce.product.views: product_view (partition: 1, offset: 158)
[2025-06-09T10:32:10.204+0000] {subprocess.py:93} INFO - ✅ Sent to ecommerce.product.views: product_view (partition: 1, offset: 159)
[2025-06-09T10:32:10.205+0000] {subprocess.py:93} INFO - ✅ Sent to ecommerce.product.views: product_view (partition: 2, offset: 190)
[2025-06-09T10:32:10.205+0000] {subprocess.py:93} INFO - ✅ Sent to ecommerce.product.views: product_view (partition: 0, offset: 192)
[2025-06-09T10:32:10.205+0000] {subprocess.py:93} INFO - ✅ Sent to ecommerce.product.views: product_view (partition: 2, offset: 191)
[2025-06-09T10:32:10.205+0000] {subprocess.py:93} INFO - ✅ Sent to ecommerce.wishlist.add: add_to_wishlist (partition: 0, offset: 20)
[2025-06-09T10:32:10.205+0000] {subprocess.py:93} INFO - ✅ Sent to ecommerce.product.views: product_view (partition: 2, offset: 192)
[2025-06-09T10:32:10.206+0000] {subprocess.py:93} INFO - ✅ Sent to ecommerce.product.views: product_view (partition: 2, offset: 193)
[2025-06-09T10:32:10.206+0000] {subprocess.py:93} INFO - ✅ Sent to ecommerce.product.views: product_view (partition: 1, offset: 160)
[2025-06-09T10:32:10.206+0000] {subprocess.py:93} INFO - ✅ Sent to ecommerce.cart.add: add_to_cart (partition: 0, offset: 57)
[2025-06-09T10:32:10.206+0000] {subprocess.py:93} INFO - ✅ Sent to ecommerce.product.views: product_view (partition: 2, offset: 194)
[2025-06-09T10:32:10.206+0000] {subprocess.py:93} INFO - ✅ Sent to ecommerce.product.views: product_view (partition: 2, offset: 195)
[2025-06-09T10:32:10.207+0000] {subprocess.py:93} INFO - ✅ Sent to ecommerce.cart.add: add_to_cart (partition: 0, offset: 58)
[2025-06-09T10:32:10.207+0000] {subprocess.py:93} INFO - ✅ Sent to ecommerce.product.views: product_view (partition: 0, offset: 193)
[2025-06-09T10:32:31.287+0000] {subprocess.py:93} INFO - ✅ Sent to ecommerce.cart.add: add_to_cart (partition: 2, offset: 67)
[2025-06-09T10:32:31.299+0000] {subprocess.py:93} INFO - ✅ Sent to ecommerce.product.views: product_view (partition: 2, offset: 196)
[2025-06-09T10:32:31.299+0000] {subprocess.py:93} INFO - ✅ Sent to ecommerce.product.views: product_view (partition: 0, offset: 194)
[2025-06-09T10:32:31.299+0000] {subprocess.py:93} INFO - ✅ Sent to ecommerce.orders.completed: order_completed (partition: 1, offset: 4)
[2025-06-09T10:32:31.300+0000] {subprocess.py:93} INFO - ✅ Sent to ecommerce.cart.add: add_to_cart (partition: 0, offset: 59)
[2025-06-09T10:32:31.300+0000] {subprocess.py:93} INFO - ✅ Sent to ecommerce.wishlist.add: add_to_wishlist (partition: 2, offset: 21)
[2025-06-09T10:32:31.300+0000] {subprocess.py:93} INFO - ✅ Sent to ecommerce.cart.add: add_to_cart (partition: 1, offset: 39)
[2025-06-09T10:32:31.300+0000] {subprocess.py:93} INFO - 📊 Progress: 40s elapsed, 200 events sent (5.0 events/sec)
[2025-06-09T10:32:31.300+0000] {subprocess.py:93} INFO - ✅ Sent to ecommerce.product.views: product_view (partition: 1, offset: 161)
[2025-06-09T10:32:31.301+0000] {subprocess.py:93} INFO - ✅ Sent to ecommerce.cart.add: add_to_cart (partition: 1, offset: 40)
[2025-06-09T10:32:31.301+0000] {subprocess.py:93} INFO - ✅ Sent to ecommerce.cart.add: add_to_cart (partition: 1, offset: 41)
[2025-06-09T10:32:31.301+0000] {subprocess.py:93} INFO - ✅ Sent to ecommerce.product.views: product_view (partition: 0, offset: 195)
[2025-06-09T10:32:31.301+0000] {subprocess.py:93} INFO - ✅ Sent to ecommerce.cart.add: add_to_cart (partition: 2, offset: 68)
[2025-06-09T10:32:31.301+0000] {subprocess.py:93} INFO - ✅ Sent to ecommerce.product.views: product_view (partition: 0, offset: 196)
[2025-06-09T10:32:31.302+0000] {subprocess.py:93} INFO - ✅ Sent to ecommerce.wishlist.add: add_to_wishlist (partition: 2, offset: 22)
[2025-06-09T10:32:31.302+0000] {subprocess.py:93} INFO - ✅ Sent to ecommerce.product.views: product_view (partition: 1, offset: 162)
[2025-06-09T10:32:31.302+0000] {subprocess.py:93} INFO - ✅ Sent to ecommerce.product.views: product_view (partition: 1, offset: 163)
[2025-06-09T10:32:31.302+0000] {subprocess.py:93} INFO - ✅ Sent to ecommerce.product.views: product_view (partition: 0, offset: 197)
[2025-06-09T10:32:31.303+0000] {subprocess.py:93} INFO - ✅ Sent to ecommerce.cart.add: add_to_cart (partition: 0, offset: 60)
[2025-06-09T10:32:31.303+0000] {subprocess.py:93} INFO - ✅ Sent to ecommerce.product.views: product_view (partition: 2, offset: 197)
[2025-06-09T10:32:31.303+0000] {subprocess.py:93} INFO - ✅ Sent to ecommerce.cart.add: add_to_cart (partition: 2, offset: 69)
[2025-06-09T10:32:31.303+0000] {subprocess.py:93} INFO - ✅ Sent to ecommerce.product.views: product_view (partition: 1, offset: 164)
[2025-06-09T10:32:31.303+0000] {subprocess.py:93} INFO - ✅ Sent to ecommerce.cart.add: add_to_cart (partition: 2, offset: 70)
[2025-06-09T10:32:31.304+0000] {subprocess.py:93} INFO - ✅ Sent to ecommerce.product.views: product_view (partition: 2, offset: 198)
[2025-06-09T10:32:31.304+0000] {subprocess.py:93} INFO - ✅ Sent to ecommerce.product.views: product_view (partition: 1, offset: 165)
[2025-06-09T10:32:31.304+0000] {subprocess.py:93} INFO - ✅ Sent to ecommerce.product.views: product_view (partition: 2, offset: 199)
[2025-06-09T10:32:31.304+0000] {subprocess.py:93} INFO - ✅ Sent to ecommerce.cart.add: add_to_cart (partition: 2, offset: 71)
[2025-06-09T10:32:31.304+0000] {subprocess.py:93} INFO - ✅ Sent to ecommerce.product.views: product_view (partition: 1, offset: 166)
[2025-06-09T10:32:31.304+0000] {subprocess.py:93} INFO - ✅ Sent to ecommerce.product.views: product_view (partition: 2, offset: 200)
[2025-06-09T10:32:31.305+0000] {subprocess.py:93} INFO - ✅ Sent to ecommerce.cart.add: add_to_cart (partition: 2, offset: 72)
[2025-06-09T10:32:31.305+0000] {subprocess.py:93} INFO - ✅ Sent to ecommerce.product.views: product_view (partition: 0, offset: 198)
[2025-06-09T10:32:31.305+0000] {subprocess.py:93} INFO - ✅ Sent to ecommerce.product.views: product_view (partition: 0, offset: 199)
[2025-06-09T10:32:31.305+0000] {subprocess.py:93} INFO - ✅ Sent to ecommerce.cart.add: add_to_cart (partition: 2, offset: 73)
[2025-06-09T10:32:31.305+0000] {subprocess.py:93} INFO - ✅ Sent to ecommerce.product.views: product_view (partition: 2, offset: 201)
[2025-06-09T10:32:31.305+0000] {subprocess.py:93} INFO - ✅ Sent to ecommerce.product.views: product_view (partition: 0, offset: 200)
[2025-06-09T10:32:31.305+0000] {subprocess.py:93} INFO - ✅ Sent to ecommerce.product.views: product_view (partition: 0, offset: 201)
[2025-06-09T10:32:31.305+0000] {subprocess.py:93} INFO - ✅ Sent to ecommerce.cart.add: add_to_cart (partition: 1, offset: 42)
[2025-06-09T10:32:31.306+0000] {subprocess.py:93} INFO - ✅ Sent to ecommerce.product.views: product_view (partition: 1, offset: 167)
[2025-06-09T10:32:31.306+0000] {subprocess.py:93} INFO - ✅ Sent to ecommerce.product.views: product_view (partition: 2, offset: 202)
[2025-06-09T10:32:31.306+0000] {subprocess.py:93} INFO - ✅ Sent to ecommerce.cart.add: add_to_cart (partition: 0, offset: 61)
[2025-06-09T10:32:31.306+0000] {subprocess.py:93} INFO - ✅ Sent to ecommerce.product.views: product_view (partition: 1, offset: 168)
[2025-06-09T10:32:31.306+0000] {subprocess.py:93} INFO - ✅ Sent to ecommerce.product.views: product_view (partition: 0, offset: 202)
[2025-06-09T10:32:31.306+0000] {subprocess.py:93} INFO - ✅ Sent to ecommerce.product.views: product_view (partition: 2, offset: 203)
[2025-06-09T10:32:31.307+0000] {subprocess.py:93} INFO - ✅ Sent to ecommerce.cart.add: add_to_cart (partition: 1, offset: 43)
[2025-06-09T10:32:31.307+0000] {subprocess.py:93} INFO - ✅ Sent to ecommerce.product.views: product_view (partition: 2, offset: 204)
[2025-06-09T10:32:31.307+0000] {subprocess.py:93} INFO - ✅ Sent to ecommerce.product.views: product_view (partition: 1, offset: 169)
[2025-06-09T10:32:31.307+0000] {subprocess.py:93} INFO - ✅ Sent to ecommerce.cart.add: add_to_cart (partition: 0, offset: 62)
[2025-06-09T10:32:31.307+0000] {subprocess.py:93} INFO - ✅ Sent to ecommerce.product.views: product_view (partition: 0, offset: 203)
[2025-06-09T10:32:31.307+0000] {subprocess.py:93} INFO - ✅ Sent to ecommerce.cart.add: add_to_cart (partition: 2, offset: 74)
[2025-06-09T10:32:31.307+0000] {subprocess.py:93} INFO - ✅ Sent to ecommerce.cart.add: add_to_cart (partition: 2, offset: 75)
[2025-06-09T10:32:31.307+0000] {subprocess.py:93} INFO - ✅ Sent to ecommerce.product.views: product_view (partition: 0, offset: 204)
[2025-06-09T10:32:31.308+0000] {subprocess.py:93} INFO - ✅ Sent to ecommerce.product.views: product_view (partition: 1, offset: 170)
[2025-06-09T10:32:31.308+0000] {subprocess.py:93} INFO - ✅ Sent to ecommerce.wishlist.add: add_to_wishlist (partition: 0, offset: 21)
[2025-06-09T10:32:31.308+0000] {subprocess.py:93} INFO - ✅ Sent to ecommerce.product.views: product_view (partition: 0, offset: 205)
[2025-06-09T10:32:31.308+0000] {subprocess.py:93} INFO - ✅ Sent to ecommerce.product.views: product_view (partition: 1, offset: 171)
[2025-06-09T10:32:31.308+0000] {subprocess.py:93} INFO - ✅ Sent to ecommerce.product.views: product_view (partition: 1, offset: 172)
[2025-06-09T10:32:31.308+0000] {subprocess.py:93} INFO - ✅ Sent to ecommerce.product.views: product_view (partition: 0, offset: 206)
[2025-06-09T10:32:31.308+0000] {subprocess.py:93} INFO - ✅ Sent to ecommerce.product.views: product_view (partition: 0, offset: 207)
[2025-06-09T10:32:31.308+0000] {subprocess.py:93} INFO - 📊 Progress: 50s elapsed, 250 events sent (5.0 events/sec)
[2025-06-09T10:32:31.309+0000] {subprocess.py:93} INFO - ✅ Sent to ecommerce.product.views: product_view (partition: 0, offset: 208)
[2025-06-09T10:32:31.309+0000] {subprocess.py:93} INFO - ✅ Sent to ecommerce.product.views: product_view (partition: 2, offset: 205)
[2025-06-09T10:32:31.309+0000] {subprocess.py:93} INFO - ✅ Sent to ecommerce.product.views: product_view (partition: 1, offset: 173)
[2025-06-09T10:32:31.309+0000] {subprocess.py:93} INFO - ✅ Sent to ecommerce.cart.add: add_to_cart (partition: 2, offset: 76)
[2025-06-09T10:32:31.309+0000] {subprocess.py:93} INFO - ✅ Sent to ecommerce.cart.add: add_to_cart (partition: 2, offset: 77)
[2025-06-09T10:32:31.309+0000] {subprocess.py:93} INFO - ✅ Sent to ecommerce.product.views: product_view (partition: 2, offset: 206)
[2025-06-09T10:32:31.310+0000] {subprocess.py:93} INFO - ✅ Sent to ecommerce.product.views: product_view (partition: 1, offset: 174)
[2025-06-09T10:32:31.310+0000] {subprocess.py:93} INFO - ✅ Sent to ecommerce.product.views: product_view (partition: 0, offset: 209)
[2025-06-09T10:32:31.310+0000] {subprocess.py:93} INFO - ✅ Sent to ecommerce.product.views: product_view (partition: 2, offset: 207)
[2025-06-09T10:32:31.310+0000] {subprocess.py:93} INFO - ✅ Sent to ecommerce.product.views: product_view (partition: 0, offset: 210)
[2025-06-09T10:32:31.310+0000] {subprocess.py:93} INFO - ✅ Sent to ecommerce.product.views: product_view (partition: 2, offset: 208)
[2025-06-09T10:32:31.310+0000] {subprocess.py:93} INFO - ✅ Sent to ecommerce.product.views: product_view (partition: 0, offset: 211)
[2025-06-09T10:32:31.310+0000] {subprocess.py:93} INFO - ✅ Sent to ecommerce.orders.completed: order_completed (partition: 0, offset: 4)
[2025-06-09T10:32:31.310+0000] {subprocess.py:93} INFO - ✅ Sent to ecommerce.product.views: product_view (partition: 0, offset: 212)
[2025-06-09T10:32:31.316+0000] {subprocess.py:93} INFO - ✅ Sent to ecommerce.product.views: product_view (partition: 0, offset: 213)
[2025-06-09T10:32:31.316+0000] {subprocess.py:93} INFO - ✅ Sent to ecommerce.product.views: product_view (partition: 0, offset: 214)
[2025-06-09T10:32:31.316+0000] {subprocess.py:93} INFO - ✅ Sent to ecommerce.product.views: product_view (partition: 1, offset: 175)
[2025-06-09T10:32:31.317+0000] {subprocess.py:93} INFO - ✅ Sent to ecommerce.wishlist.add: add_to_wishlist (partition: 2, offset: 23)
[2025-06-09T10:32:31.317+0000] {subprocess.py:93} INFO - ✅ Sent to ecommerce.product.views: product_view (partition: 1, offset: 176)
[2025-06-09T10:32:31.317+0000] {subprocess.py:93} INFO - ✅ Sent to ecommerce.cart.add: add_to_cart (partition: 0, offset: 63)
[2025-06-09T10:32:31.317+0000] {subprocess.py:93} INFO - ✅ Sent to ecommerce.product.views: product_view (partition: 0, offset: 215)
[2025-06-09T10:32:31.317+0000] {subprocess.py:93} INFO - ✅ Sent to ecommerce.product.views: product_view (partition: 2, offset: 209)
[2025-06-09T10:32:31.317+0000] {subprocess.py:93} INFO - ✅ Sent to ecommerce.product.views: product_view (partition: 1, offset: 177)
[2025-06-09T10:32:31.317+0000] {subprocess.py:93} INFO - ✅ Sent to ecommerce.cart.add: add_to_cart (partition: 2, offset: 78)
[2025-06-09T10:32:31.318+0000] {subprocess.py:93} INFO - ✅ Sent to ecommerce.product.views: product_view (partition: 1, offset: 178)
[2025-06-09T10:32:31.318+0000] {subprocess.py:93} INFO - ✅ Sent to ecommerce.wishlist.add: add_to_wishlist (partition: 0, offset: 22)
[2025-06-09T10:32:31.318+0000] {subprocess.py:93} INFO - ✅ Sent to ecommerce.product.views: product_view (partition: 1, offset: 179)
[2025-06-09T10:32:31.318+0000] {subprocess.py:93} INFO - ✅ Sent to ecommerce.wishlist.add: add_to_wishlist (partition: 0, offset: 23)
[2025-06-09T10:32:31.318+0000] {subprocess.py:93} INFO - ✅ Sent to ecommerce.product.views: product_view (partition: 2, offset: 210)
[2025-06-09T10:32:31.318+0000] {subprocess.py:93} INFO - ✅ Sent to ecommerce.product.views: product_view (partition: 0, offset: 216)
[2025-06-09T10:32:31.318+0000] {subprocess.py:93} INFO - ✅ Sent to ecommerce.product.views: product_view (partition: 2, offset: 211)
[2025-06-09T10:32:31.318+0000] {subprocess.py:93} INFO - ✅ Sent to ecommerce.product.views: product_view (partition: 1, offset: 180)
[2025-06-09T10:32:31.318+0000] {subprocess.py:93} INFO - ✅ Sent to ecommerce.cart.add: add_to_cart (partition: 2, offset: 79)
[2025-06-09T10:32:31.319+0000] {subprocess.py:93} INFO - ✅ Sent to ecommerce.product.views: product_view (partition: 2, offset: 212)
[2025-06-09T10:32:31.319+0000] {subprocess.py:93} INFO - ✅ Sent to ecommerce.product.views: product_view (partition: 0, offset: 217)
[2025-06-09T10:32:31.319+0000] {subprocess.py:93} INFO - ✅ Sent to ecommerce.wishlist.add: add_to_wishlist (partition: 1, offset: 22)
[2025-06-09T10:32:31.319+0000] {subprocess.py:93} INFO - ✅ Sent to ecommerce.product.views: product_view (partition: 1, offset: 181)
[2025-06-09T10:32:31.319+0000] {subprocess.py:93} INFO - ✅ Sent to ecommerce.product.views: product_view (partition: 0, offset: 218)
[2025-06-09T10:32:31.319+0000] {subprocess.py:93} INFO - ✅ Sent to ecommerce.product.views: product_view (partition: 0, offset: 219)
[2025-06-09T10:32:31.319+0000] {subprocess.py:93} INFO - ✅ Sent to ecommerce.wishlist.add: add_to_wishlist (partition: 0, offset: 24)
[2025-06-09T10:32:31.319+0000] {subprocess.py:93} INFO - ✅ Sent to ecommerce.cart.add: add_to_cart (partition: 0, offset: 64)
[2025-06-09T10:32:31.319+0000] {subprocess.py:93} INFO - ✅ Sent to ecommerce.product.views: product_view (partition: 1, offset: 182)
[2025-06-09T10:32:31.320+0000] {subprocess.py:93} INFO - ✅ Sent to ecommerce.product.views: product_view (partition: 2, offset: 213)
[2025-06-09T10:32:31.320+0000] {subprocess.py:93} INFO - ✅ Sent to ecommerce.product.views: product_view (partition: 0, offset: 220)
[2025-06-09T10:32:31.320+0000] {subprocess.py:93} INFO - ✅ Sent to ecommerce.product.views: product_view (partition: 1, offset: 183)
[2025-06-09T10:32:31.320+0000] {subprocess.py:93} INFO - ✅ Sent to ecommerce.product.views: product_view (partition: 1, offset: 184)
[2025-06-09T10:32:31.320+0000] {subprocess.py:93} INFO - ✅ Sent to ecommerce.cart.add: add_to_cart (partition: 2, offset: 80)
[2025-06-09T10:32:31.320+0000] {subprocess.py:93} INFO - ✅ Sent to ecommerce.product.views: product_view (partition: 1, offset: 185)
[2025-06-09T10:32:32.283+0000] {subprocess.py:93} INFO - ✅ Sent to ecommerce.product.views: product_view (partition: 2, offset: 214)
[2025-06-09T10:32:32.284+0000] {subprocess.py:93} INFO - ✅ Sent to ecommerce.product.views: product_view (partition: 2, offset: 215)
[2025-06-09T10:32:32.285+0000] {subprocess.py:93} INFO - 📊 Progress: 60s elapsed, 300 events sent (5.0 events/sec)
[2025-06-09T10:32:32.286+0000] {subprocess.py:93} INFO - 🏁 Simulation completed: 300 events in 60.2 seconds (5.0 events/sec)
[2025-06-09T10:32:32.287+0000] {subprocess.py:93} INFO - ✅ Producer closed successfully
[2025-06-09T10:32:32.397+0000] {subprocess.py:97} INFO - Command exited with return code 0
[2025-06-09T10:32:32.461+0000] {taskinstance.py:1138} INFO - Marking task as SUCCESS. dag_id=kafka_ecommerce_pipeline, task_id=run_kafka_producer, execution_date=20250609T103129, start_date=20250609T103131, end_date=20250609T103232
[2025-06-09T10:32:32.511+0000] {local_task_job_runner.py:234} INFO - Task exited with return code 0
[2025-06-09T10:32:32.667+0000] {taskinstance.py:3280} INFO - 1 downstream tasks scheduled from follow-on schedule check
