[2025-06-09T10:26:40.256+0000] {taskinstance.py:1956} INFO - Dependencies all met for dep_context=non-requeueable deps ti=<TaskInstance: kafka_ecommerce_pipeline.run_kafka_consumer scheduled__2025-06-09T10:24:00+00:00 [queued]>
[2025-06-09T10:26:40.260+0000] {taskinstance.py:1956} INFO - Dependencies all met for dep_context=requeueable deps ti=<TaskInstance: kafka_ecommerce_pipeline.run_kafka_consumer scheduled__2025-06-09T10:24:00+00:00 [queued]>
[2025-06-09T10:26:40.260+0000] {taskinstance.py:2170} INFO - Starting attempt 1 of 3
[2025-06-09T10:26:40.267+0000] {taskinstance.py:2191} INFO - Executing <Task(BashOperator): run_kafka_consumer> on 2025-06-09 10:24:00+00:00
[2025-06-09T10:26:40.270+0000] {standard_task_runner.py:60} INFO - Started process 189 to run task
[2025-06-09T10:26:40.272+0000] {standard_task_runner.py:87} INFO - Running: ['***', 'tasks', 'run', 'kafka_ecommerce_pipeline', 'run_kafka_consumer', 'scheduled__2025-06-09T10:24:00+00:00', '--job-id', '7', '--raw', '--subdir', 'DAGS_FOLDER/kafka_data_pipeline.py', '--cfg-path', '/tmp/tmp6wgy_mgn']
[2025-06-09T10:26:40.274+0000] {standard_task_runner.py:88} INFO - Job 7: Subtask run_kafka_consumer
[2025-06-09T10:26:40.304+0000] {task_command.py:423} INFO - Running <TaskInstance: kafka_ecommerce_pipeline.run_kafka_consumer scheduled__2025-06-09T10:24:00+00:00 [running]> on host 426c4f7e0cdd
[2025-06-09T10:26:40.342+0000] {taskinstance.py:2480} INFO - Exporting env vars: AIRFLOW_CTX_DAG_OWNER='data-engineering-team' AIRFLOW_CTX_DAG_ID='kafka_ecommerce_pipeline' AIRFLOW_CTX_TASK_ID='run_kafka_consumer' AIRFLOW_CTX_EXECUTION_DATE='2025-06-09T10:24:00+00:00' AIRFLOW_CTX_TRY_NUMBER='1' AIRFLOW_CTX_DAG_RUN_ID='scheduled__2025-06-09T10:24:00+00:00'
[2025-06-09T10:26:40.343+0000] {subprocess.py:63} INFO - Tmp dir root location: /tmp
[2025-06-09T10:26:40.344+0000] {subprocess.py:75} INFO - Running command: ['/usr/bin/bash', '-c', 'python /app/kafka_scripts/consumer.py']
[2025-06-09T10:26:40.352+0000] {subprocess.py:86} INFO - Output:
[2025-06-09T10:26:40.595+0000] {subprocess.py:93} INFO - 2025-06-09 10:26:40,594 - ecommerce-consumer - INFO - 🚀 Starting E-Commerce Event Consumer service
[2025-06-09T10:26:40.597+0000] {subprocess.py:93} INFO - 2025-06-09 10:26:40,595 - ecommerce-consumer - INFO - 🔗 Kafka: kafka:29092
[2025-06-09T10:26:40.598+0000] {subprocess.py:93} INFO - 2025-06-09 10:26:40,595 - ecommerce-consumer - INFO - 🔴 Redis: redis:6379
[2025-06-09T10:26:40.599+0000] {subprocess.py:93} INFO - 2025-06-09 10:26:40,595 - ecommerce-consumer - INFO - 🚀 Initializing Kafka consumer with bootstrap servers: kafka:29092
[2025-06-09T10:26:40.600+0000] {subprocess.py:93} INFO - 2025-06-09 10:26:40,595 - ecommerce-consumer - INFO - 🔌 Connecting to Redis at redis:6379
[2025-06-09T10:26:40.600+0000] {subprocess.py:93} INFO - 2025-06-09 10:26:40,595 - ecommerce-consumer - INFO - 🔄 Reset offset mode: False
[2025-06-09T10:26:40.601+0000] {subprocess.py:93} INFO - 2025-06-09 10:26:40,600 - ecommerce-consumer - INFO - ✅ Successfully connected to Redis
[2025-06-09T10:26:40.604+0000] {subprocess.py:93} INFO - 2025-06-09 10:26:40,604 - kafka.conn - INFO - <BrokerConnection client_id=kafka-python-2.2.11, node_id=bootstrap-0 host=kafka:29092 <connecting> [IPv4 ('172.18.0.5', 29092)]>: connecting to kafka:29092 [('172.18.0.5', 29092) IPv4]
[2025-06-09T10:26:40.621+0000] {subprocess.py:93} INFO - 2025-06-09 10:26:40,621 - kafka.conn - INFO - <BrokerConnection client_id=kafka-python-2.2.11, node_id=bootstrap-0 host=kafka:29092 <checking_api_versions_recv> [IPv4 ('172.18.0.5', 29092)]>: Broker version identified as 2.6
[2025-06-09T10:26:40.622+0000] {subprocess.py:93} INFO - 2025-06-09 10:26:40,621 - kafka.conn - INFO - <BrokerConnection client_id=kafka-python-2.2.11, node_id=bootstrap-0 host=kafka:29092 <connected> [IPv4 ('172.18.0.5', 29092)]>: Connection complete.
[2025-06-09T10:26:40.622+0000] {subprocess.py:93} INFO - 2025-06-09 10:26:40,621 - kafka.consumer.subscription_state - INFO - Updating subscribed topics to: ('ecommerce.product.views', 'ecommerce.cart.add', 'ecommerce.wishlist.add', 'ecommerce.orders.completed')
[2025-06-09T10:26:40.623+0000] {subprocess.py:93} INFO - 2025-06-09 10:26:40,621 - ecommerce-consumer - INFO - ✅ Successfully connected to Kafka
[2025-06-09T10:26:40.623+0000] {subprocess.py:93} INFO - 2025-06-09 10:26:40,622 - ecommerce-consumer - INFO - 📊 Loaded existing metrics: {'total_views': 0, 'total_cart_adds': 0, 'total_wishlist_adds': 0, 'total_orders': 0, 'total_revenue': 0.0}
[2025-06-09T10:26:40.624+0000] {subprocess.py:93} INFO - 2025-06-09 10:26:40,622 - ecommerce-consumer - INFO - 🚀 Starting Kafka consumer for continuous operation...
[2025-06-09T10:26:40.624+0000] {subprocess.py:93} INFO - 2025-06-09 10:26:40,622 - ecommerce-consumer - INFO - 📊 Subscribed to Topics: ['ecommerce.wishlist.add', 'ecommerce.product.views', 'ecommerce.cart.add', 'ecommerce.orders.completed']
[2025-06-09T10:26:40.624+0000] {subprocess.py:93} INFO - 2025-06-09 10:26:40,622 - ecommerce-consumer - INFO - ⏳ Waiting 3 seconds for messages to be produced (initial warmup)...
[2025-06-09T10:26:43.659+0000] {subprocess.py:93} INFO - 2025-06-09 10:26:43,651 - kafka.conn - INFO - <BrokerConnection client_id=kafka-python-2.2.11, node_id=1 host=kafka:29092 <connecting> [IPv4 ('172.18.0.5', 29092)]>: connecting to kafka:29092 [('172.18.0.5', 29092) IPv4]
[2025-06-09T10:26:43.666+0000] {subprocess.py:93} INFO - 2025-06-09 10:26:43,655 - kafka.conn - INFO - <BrokerConnection client_id=kafka-python-2.2.11, node_id=1 host=kafka:29092 <connected> [IPv4 ('172.18.0.5', 29092)]>: Connection complete.
[2025-06-09T10:26:43.666+0000] {subprocess.py:93} INFO - 2025-06-09 10:26:43,655 - kafka.conn - INFO - <BrokerConnection client_id=kafka-python-2.2.11, node_id=bootstrap-0 host=kafka:29092 <connected> [IPv4 ('172.18.0.5', 29092)]>: Closing connection.
[2025-06-09T10:26:44.530+0000] {subprocess.py:93} INFO - 2025-06-09 10:26:44,529 - kafka.cluster - INFO - Coordinator for group/ecommerce-analytics-group is BrokerMetadata(nodeId='coordinator-1', host='kafka', port=29092, rack=None)
[2025-06-09T10:26:44.531+0000] {subprocess.py:93} INFO - 2025-06-09 10:26:44,529 - kafka.coordinator - INFO - Discovered coordinator coordinator-1 for group ecommerce-analytics-group
[2025-06-09T10:26:44.532+0000] {subprocess.py:93} INFO - 2025-06-09 10:26:44,530 - kafka.coordinator.heartbeat - INFO - Starting new heartbeat thread
[2025-06-09T10:26:44.532+0000] {subprocess.py:93} INFO - 2025-06-09 10:26:44,531 - kafka.coordinator.consumer - INFO - Revoking previously assigned partitions set() for group ecommerce-analytics-group
[2025-06-09T10:26:44.532+0000] {subprocess.py:93} INFO - 2025-06-09 10:26:44,531 - kafka.coordinator - INFO - Failed to join group ecommerce-analytics-group: NodeNotReadyError: coordinator-1
[2025-06-09T10:26:44.533+0000] {subprocess.py:93} INFO - 2025-06-09 10:26:44,533 - kafka.conn - INFO - <BrokerConnection client_id=kafka-python-2.2.11, node_id=coordinator-1 host=kafka:29092 <connecting> [IPv4 ('172.18.0.5', 29092)]>: connecting to kafka:29092 [('172.18.0.5', 29092) IPv4]
[2025-06-09T10:26:44.533+0000] {subprocess.py:93} INFO - 2025-06-09 10:26:44,533 - kafka.conn - INFO - <BrokerConnection client_id=kafka-python-2.2.11, node_id=coordinator-1 host=kafka:29092 <connected> [IPv4 ('172.18.0.5', 29092)]>: Connection complete.
[2025-06-09T10:26:44.632+0000] {subprocess.py:93} INFO - 2025-06-09 10:26:44,631 - kafka.coordinator - INFO - (Re-)joining group ecommerce-analytics-group
[2025-06-09T10:26:44.654+0000] {subprocess.py:93} INFO - 2025-06-09 10:26:44,654 - kafka.coordinator - INFO - Received member id kafka-python-2.2.11-b7d24825-e0c3-4704-8ec7-3313715b7fe7 for group ecommerce-analytics-group; will retry join-group
[2025-06-09T10:26:44.655+0000] {subprocess.py:93} INFO - 2025-06-09 10:26:44,654 - kafka.coordinator - INFO - Failed to join group ecommerce-analytics-group: [Error 79] MemberIdRequiredError
[2025-06-09T10:26:44.655+0000] {subprocess.py:93} INFO - 2025-06-09 10:26:44,654 - kafka.coordinator - INFO - (Re-)joining group ecommerce-analytics-group
[2025-06-09T10:26:47.715+0000] {subprocess.py:93} INFO - 2025-06-09 10:26:47,713 - kafka.coordinator - INFO - Successfully joined group ecommerce-analytics-group <Generation 1 (member_id: kafka-python-2.2.11-b7d24825-e0c3-4704-8ec7-3313715b7fe7, protocol: range)>
[2025-06-09T10:26:47.720+0000] {subprocess.py:93} INFO - 2025-06-09 10:26:47,713 - kafka.coordinator - INFO - Elected group leader -- performing partition assignments using range
[2025-06-09T10:26:47.739+0000] {subprocess.py:93} INFO - 2025-06-09 10:26:47,738 - kafka.consumer.subscription_state - INFO - Updated partition assignment: [TopicPartition(topic='ecommerce.cart.add', partition=0), TopicPartition(topic='ecommerce.cart.add', partition=1), TopicPartition(topic='ecommerce.cart.add', partition=2), TopicPartition(topic='ecommerce.orders.completed', partition=0), TopicPartition(topic='ecommerce.orders.completed', partition=1), TopicPartition(topic='ecommerce.orders.completed', partition=2), TopicPartition(topic='ecommerce.product.views', partition=0), TopicPartition(topic='ecommerce.product.views', partition=1), TopicPartition(topic='ecommerce.product.views', partition=2), TopicPartition(topic='ecommerce.wishlist.add', partition=0), TopicPartition(topic='ecommerce.wishlist.add', partition=1), TopicPartition(topic='ecommerce.wishlist.add', partition=2)]
[2025-06-09T10:26:47.739+0000] {subprocess.py:93} INFO - 2025-06-09 10:26:47,739 - kafka.coordinator.consumer - INFO - Setting newly assigned partitions {TopicPartition(topic='ecommerce.product.views', partition=1), TopicPartition(topic='ecommerce.wishlist.add', partition=2), TopicPartition(topic='ecommerce.cart.add', partition=2), TopicPartition(topic='ecommerce.wishlist.add', partition=1), TopicPartition(topic='ecommerce.orders.completed', partition=0), TopicPartition(topic='ecommerce.product.views', partition=0), TopicPartition(topic='ecommerce.cart.add', partition=1), TopicPartition(topic='ecommerce.wishlist.add', partition=0), TopicPartition(topic='ecommerce.orders.completed', partition=2), TopicPartition(topic='ecommerce.cart.add', partition=0), TopicPartition(topic='ecommerce.product.views', partition=2), TopicPartition(topic='ecommerce.orders.completed', partition=1)} for group ecommerce-analytics-group
[2025-06-09T10:26:47.753+0000] {subprocess.py:93} INFO - 2025-06-09 10:26:47,752 - kafka.consumer.fetcher - INFO - Resetting offset for partition TopicPartition(topic='ecommerce.product.views', partition=1) to offset 66.
[2025-06-09T10:26:47.753+0000] {subprocess.py:93} INFO - 2025-06-09 10:26:47,752 - kafka.consumer.fetcher - INFO - Resetting offset for partition TopicPartition(topic='ecommerce.product.views', partition=0) to offset 69.
[2025-06-09T10:26:47.753+0000] {subprocess.py:93} INFO - 2025-06-09 10:26:47,753 - kafka.consumer.fetcher - INFO - Resetting offset for partition TopicPartition(topic='ecommerce.product.views', partition=2) to offset 69.
[2025-06-09T10:26:47.753+0000] {subprocess.py:93} INFO - 2025-06-09 10:26:47,753 - kafka.consumer.fetcher - INFO - Resetting offset for partition TopicPartition(topic='ecommerce.wishlist.add', partition=2) to offset 6.
[2025-06-09T10:26:47.753+0000] {subprocess.py:93} INFO - 2025-06-09 10:26:47,753 - kafka.consumer.fetcher - INFO - Resetting offset for partition TopicPartition(topic='ecommerce.wishlist.add', partition=1) to offset 7.
[2025-06-09T10:26:47.754+0000] {subprocess.py:93} INFO - 2025-06-09 10:26:47,753 - kafka.consumer.fetcher - INFO - Resetting offset for partition TopicPartition(topic='ecommerce.wishlist.add', partition=0) to offset 10.
[2025-06-09T10:26:47.754+0000] {subprocess.py:93} INFO - 2025-06-09 10:26:47,753 - kafka.consumer.fetcher - INFO - Resetting offset for partition TopicPartition(topic='ecommerce.cart.add', partition=2) to offset 26.
[2025-06-09T10:26:47.754+0000] {subprocess.py:93} INFO - 2025-06-09 10:26:47,753 - kafka.consumer.fetcher - INFO - Resetting offset for partition TopicPartition(topic='ecommerce.cart.add', partition=1) to offset 13.
[2025-06-09T10:26:47.754+0000] {subprocess.py:93} INFO - 2025-06-09 10:26:47,753 - kafka.consumer.fetcher - INFO - Resetting offset for partition TopicPartition(topic='ecommerce.cart.add', partition=0) to offset 27.
[2025-06-09T10:26:47.754+0000] {subprocess.py:93} INFO - 2025-06-09 10:26:47,753 - kafka.consumer.fetcher - INFO - Resetting offset for partition TopicPartition(topic='ecommerce.orders.completed', partition=0) to offset 2.
[2025-06-09T10:26:47.754+0000] {subprocess.py:93} INFO - 2025-06-09 10:26:47,753 - kafka.consumer.fetcher - INFO - Resetting offset for partition TopicPartition(topic='ecommerce.orders.completed', partition=2) to offset 2.
[2025-06-09T10:26:47.755+0000] {subprocess.py:93} INFO - 2025-06-09 10:26:47,753 - kafka.consumer.fetcher - INFO - Resetting offset for partition TopicPartition(topic='ecommerce.orders.completed', partition=1) to offset 3.
[2025-06-09T10:28:40.354+0000] {timeout.py:68} ERROR - Process timed out, PID: 189
[2025-06-09T10:28:40.375+0000] {subprocess.py:104} INFO - Sending SIGTERM signal to process group
[2025-06-09T10:28:40.429+0000] {taskinstance.py:2698} ERROR - Task failed with exception
Traceback (most recent call last):
  File "/home/airflow/.local/lib/python3.8/site-packages/airflow/models/taskinstance.py", line 428, in _execute_task
    result = execute_callable(context=context, **execute_callable_kwargs)
  File "/home/airflow/.local/lib/python3.8/site-packages/airflow/operators/bash.py", line 203, in execute
    result = self.subprocess_hook.run_command(
  File "/home/airflow/.local/lib/python3.8/site-packages/airflow/hooks/subprocess.py", line 91, in run_command
    for raw_line in iter(self.sub_process.stdout.readline, b""):
  File "/home/airflow/.local/lib/python3.8/site-packages/airflow/utils/timeout.py", line 69, in handle_timeout
    raise AirflowTaskTimeout(self.error_message)
airflow.exceptions.AirflowTaskTimeout: Timeout, PID: 189
[2025-06-09T10:28:40.439+0000] {taskinstance.py:1138} INFO - Marking task as UP_FOR_RETRY. dag_id=kafka_ecommerce_pipeline, task_id=run_kafka_consumer, execution_date=20250609T102400, start_date=20250609T102640, end_date=20250609T102840
[2025-06-09T10:28:40.466+0000] {standard_task_runner.py:107} ERROR - Failed to execute job 7 for task run_kafka_consumer (Timeout, PID: 189; 189)
[2025-06-09T10:28:40.506+0000] {local_task_job_runner.py:234} INFO - Task exited with return code 1
[2025-06-09T10:28:40.546+0000] {taskinstance.py:3280} INFO - 0 downstream tasks scheduled from follow-on schedule check
