[2025-06-09T08:42:37.729+0000] {taskinstance.py:1956} INFO - Dependencies all met for dep_context=non-requeueable deps ti=<TaskInstance: kafka_ecommerce_pipeline.run_kafka_producer scheduled__2025-06-09T08:35:00+00:00 [queued]>
[2025-06-09T08:42:37.746+0000] {taskinstance.py:1956} INFO - Dependencies all met for dep_context=requeueable deps ti=<TaskInstance: kafka_ecommerce_pipeline.run_kafka_producer scheduled__2025-06-09T08:35:00+00:00 [queued]>
[2025-06-09T08:42:37.746+0000] {taskinstance.py:2170} INFO - Starting attempt 1 of 3
[2025-06-09T08:42:37.759+0000] {taskinstance.py:2191} INFO - Executing <Task(BashOperator): run_kafka_producer> on 2025-06-09 08:35:00+00:00
[2025-06-09T08:42:37.766+0000] {standard_task_runner.py:60} INFO - Started process 209 to run task
[2025-06-09T08:42:37.770+0000] {standard_task_runner.py:87} INFO - Running: ['***', 'tasks', 'run', 'kafka_ecommerce_pipeline', 'run_kafka_producer', 'scheduled__2025-06-09T08:35:00+00:00', '--job-id', '14', '--raw', '--subdir', 'DAGS_FOLDER/kafka_data_pipeline.py', '--cfg-path', '/tmp/tmp27oo492x']
[2025-06-09T08:42:37.777+0000] {standard_task_runner.py:88} INFO - Job 14: Subtask run_kafka_producer
[2025-06-09T08:42:37.854+0000] {task_command.py:423} INFO - Running <TaskInstance: kafka_ecommerce_pipeline.run_kafka_producer scheduled__2025-06-09T08:35:00+00:00 [running]> on host 1b1881543ac4
[2025-06-09T08:42:38.044+0000] {taskinstance.py:2480} INFO - Exporting env vars: AIRFLOW_CTX_DAG_OWNER='data-engineering-team' AIRFLOW_CTX_DAG_ID='kafka_ecommerce_pipeline' AIRFLOW_CTX_TASK_ID='run_kafka_producer' AIRFLOW_CTX_EXECUTION_DATE='2025-06-09T08:35:00+00:00' AIRFLOW_CTX_TRY_NUMBER='1' AIRFLOW_CTX_DAG_RUN_ID='scheduled__2025-06-09T08:35:00+00:00'
[2025-06-09T08:42:38.048+0000] {subprocess.py:63} INFO - Tmp dir root location: /tmp
[2025-06-09T08:42:38.055+0000] {subprocess.py:75} INFO - Running command: ['/usr/bin/bash', '-c', 'cd /opt/***/ecom_etl/ && python kafka_scripts/producer.py']
[2025-06-09T08:42:38.088+0000] {subprocess.py:86} INFO - Output:
[2025-06-09T08:42:38.781+0000] {subprocess.py:93} INFO - 🚀 Starting E-Commerce Event Producer
[2025-06-09T08:42:38.788+0000] {subprocess.py:93} INFO - 🔗 Kafka: kafka:29092
[2025-06-09T08:42:38.788+0000] {subprocess.py:93} INFO - 📊 Topics:
[2025-06-09T08:42:38.788+0000] {subprocess.py:93} INFO -    - ecommerce.product.views
[2025-06-09T08:42:38.789+0000] {subprocess.py:93} INFO -    - ecommerce.cart.add
[2025-06-09T08:42:38.789+0000] {subprocess.py:93} INFO -    - ecommerce.wishlist.add
[2025-06-09T08:42:38.790+0000] {subprocess.py:93} INFO -    - ecommerce.orders.completed
[2025-06-09T08:42:38.790+0000] {subprocess.py:93} INFO - 🚀 Initializing Kafka producer with bootstrap servers: kafka:29092
[2025-06-09T08:42:38.851+0000] {subprocess.py:93} INFO - ✅ Successfully connected to Kafka
[2025-06-09T08:42:38.852+0000] {subprocess.py:93} INFO - 
[2025-06-09T08:42:38.852+0000] {subprocess.py:93} INFO - 🔄 Starting e-commerce event simulation...
[2025-06-09T08:42:38.852+0000] {subprocess.py:93} INFO - 🚀 Starting simulation for 20 events at 2 events/second
[2025-06-09T08:42:39.728+0000] {subprocess.py:93} INFO - ✅ Sent product_view to ecommerce.product.views - Product: Samsung 4K TV
[2025-06-09T08:42:39.738+0000] {subprocess.py:93} INFO - ✅ Sent product_view to ecommerce.product.views - Product: iPhone 15 Pro
[2025-06-09T08:42:40.233+0000] {subprocess.py:93} INFO - ✅ Sent product_view to ecommerce.product.views - Product: Coffee Maker
[2025-06-09T08:42:40.234+0000] {subprocess.py:93} INFO - ✅ Sent product_view to ecommerce.product.views - Product: Nike Air Max
[2025-06-09T08:42:40.905+0000] {subprocess.py:93} INFO - 🛒 Sent add_to_cart to ecommerce.cart.add - Product: Nike Air Max
[2025-06-09T08:42:40.910+0000] {subprocess.py:93} INFO - ✅ Sent product_view to ecommerce.product.views - Product: MacBook Pro
[2025-06-09T08:42:41.409+0000] {subprocess.py:93} INFO - 🛒 Sent add_to_cart to ecommerce.cart.add - Product: iPhone 15 Pro
[2025-06-09T08:42:41.548+0000] {subprocess.py:93} INFO - ❤️  Sent wishlist_add to ecommerce.wishlist.add - Product: Adidas Sneakers
[2025-06-09T08:42:42.186+0000] {subprocess.py:93} INFO - 💰 Sent order to ecommerce.orders.completed - Order: order_78135
[2025-06-09T08:42:42.186+0000] {subprocess.py:93} INFO - ✅ Sent product_view to ecommerce.product.views - Product: Levi's Jeans
[2025-06-09T08:42:42.187+0000] {subprocess.py:93} INFO - 📊 Progress: 10/20 events in 3.3 seconds
[2025-06-09T08:42:42.690+0000] {subprocess.py:93} INFO - ✅ Sent product_view to ecommerce.product.views - Product: Levi's Jeans
[2025-06-09T08:42:42.691+0000] {subprocess.py:93} INFO - 💰 Sent order to ecommerce.orders.completed - Order: order_40641
[2025-06-09T08:42:43.198+0000] {subprocess.py:93} INFO - ✅ Sent product_view to ecommerce.product.views - Product: Wireless Headphones
[2025-06-09T08:42:43.199+0000] {subprocess.py:93} INFO - 🛒 Sent add_to_cart to ecommerce.cart.add - Product: Nike Air Max
[2025-06-09T08:42:43.701+0000] {subprocess.py:93} INFO - ✅ Sent product_view to ecommerce.product.views - Product: Adidas Sneakers
[2025-06-09T08:42:43.702+0000] {subprocess.py:93} INFO - ✅ Sent product_view to ecommerce.product.views - Product: Samsung 4K TV
[2025-06-09T08:42:44.203+0000] {subprocess.py:93} INFO - 🛒 Sent add_to_cart to ecommerce.cart.add - Product: Nike Air Max
[2025-06-09T08:42:44.204+0000] {subprocess.py:93} INFO - 🛒 Sent add_to_cart to ecommerce.cart.add - Product: Wireless Headphones
[2025-06-09T08:42:44.708+0000] {subprocess.py:93} INFO - ✅ Sent product_view to ecommerce.product.views - Product: Adidas Sneakers
[2025-06-09T08:42:44.710+0000] {subprocess.py:93} INFO - ✅ Sent product_view to ecommerce.product.views - Product: Levi's Jeans
[2025-06-09T08:42:44.711+0000] {subprocess.py:93} INFO - 📊 Progress: 20/20 events in 5.9 seconds
[2025-06-09T08:42:44.720+0000] {subprocess.py:93} INFO - 
[2025-06-09T08:42:44.721+0000] {subprocess.py:93} INFO - 📈 Simulation completed! Generated 20 events in 5.9 seconds
[2025-06-09T08:42:44.796+0000] {subprocess.py:97} INFO - Command exited with return code 0
[2025-06-09T08:42:44.814+0000] {taskinstance.py:1138} INFO - Marking task as SUCCESS. dag_id=kafka_ecommerce_pipeline, task_id=run_kafka_producer, execution_date=20250609T083500, start_date=20250609T084237, end_date=20250609T084244
[2025-06-09T08:42:44.889+0000] {local_task_job_runner.py:234} INFO - Task exited with return code 0
[2025-06-09T08:42:44.921+0000] {taskinstance.py:3280} INFO - 1 downstream tasks scheduled from follow-on schedule check
