[2025-06-09T09:28:01.561+0000] {taskinstance.py:1956} INFO - Dependencies all met for dep_context=non-requeueable deps ti=<TaskInstance: kafka_ecommerce_pipeline.run_kafka_producer scheduled__2025-06-09T09:26:00+00:00 [queued]>
[2025-06-09T09:28:01.565+0000] {taskinstance.py:1956} INFO - Dependencies all met for dep_context=requeueable deps ti=<TaskInstance: kafka_ecommerce_pipeline.run_kafka_producer scheduled__2025-06-09T09:26:00+00:00 [queued]>
[2025-06-09T09:28:01.565+0000] {taskinstance.py:2170} INFO - Starting attempt 1 of 3
[2025-06-09T09:28:01.571+0000] {taskinstance.py:2191} INFO - Executing <Task(BashOperator): run_kafka_producer> on 2025-06-09 09:26:00+00:00
[2025-06-09T09:28:01.573+0000] {standard_task_runner.py:60} INFO - Started process 1284 to run task
[2025-06-09T09:28:01.576+0000] {standard_task_runner.py:87} INFO - Running: ['***', 'tasks', 'run', 'kafka_ecommerce_pipeline', 'run_kafka_producer', 'scheduled__2025-06-09T09:26:00+00:00', '--job-id', '74', '--raw', '--subdir', 'DAGS_FOLDER/kafka_data_pipeline.py', '--cfg-path', '/tmp/tmpyin5wi6q']
[2025-06-09T09:28:01.577+0000] {standard_task_runner.py:88} INFO - Job 74: Subtask run_kafka_producer
[2025-06-09T09:28:01.603+0000] {task_command.py:423} INFO - Running <TaskInstance: kafka_ecommerce_pipeline.run_kafka_producer scheduled__2025-06-09T09:26:00+00:00 [running]> on host 93140bc61108
[2025-06-09T09:28:01.645+0000] {taskinstance.py:2480} INFO - Exporting env vars: AIRFLOW_CTX_DAG_OWNER='data-engineering-team' AIRFLOW_CTX_DAG_ID='kafka_ecommerce_pipeline' AIRFLOW_CTX_TASK_ID='run_kafka_producer' AIRFLOW_CTX_EXECUTION_DATE='2025-06-09T09:26:00+00:00' AIRFLOW_CTX_TRY_NUMBER='1' AIRFLOW_CTX_DAG_RUN_ID='scheduled__2025-06-09T09:26:00+00:00'
[2025-06-09T09:28:01.645+0000] {subprocess.py:63} INFO - Tmp dir root location: /tmp
[2025-06-09T09:28:01.646+0000] {subprocess.py:75} INFO - Running command: ['/usr/bin/bash', '-c', 'cd /opt/***/ecom_etl/ && python kafka_scripts/producer.py']
[2025-06-09T09:28:01.655+0000] {subprocess.py:86} INFO - Output:
[2025-06-09T09:28:01.897+0000] {subprocess.py:93} INFO - 🚀 Starting E-Commerce Event Producer
[2025-06-09T09:28:01.899+0000] {subprocess.py:93} INFO - 🔗 Kafka Bootstrap Servers: kafka:29092
[2025-06-09T09:28:01.900+0000] {subprocess.py:93} INFO - 🚀 Initializing Kafka producer with bootstrap servers: kafka:29092
[2025-06-09T09:28:01.922+0000] {subprocess.py:93} INFO - ⚠️ Error creating topics: [Error 36] TopicAlreadyExistsError: Request 'CreateTopicsRequest_v3(create_topic_requests=[(topic='ecommerce.product.views', num_partitions=3, replication_factor=1, replica_assignment=[], configs=[]), (topic='ecommerce.cart.add', num_partitions=3, replication_factor=1, replica_assignment=[], configs=[]), (topic='ecommerce.wishlist.add', num_partitions=3, replication_factor=1, replica_assignment=[], configs=[]), (topic='ecommerce.orders.completed', num_partitions=3, replication_factor=1, replica_assignment=[], configs=[])], timeout=30000, validate_only=False)' failed with response 'CreateTopicsResponse_v3(throttle_time_ms=0, topic_errors=[(topic='ecommerce.product.views', error_code=36, error_message="Topic 'ecommerce.product.views' already exists."), (topic='ecommerce.cart.add', error_code=36, error_message="Topic 'ecommerce.cart.add' already exists."), (topic='ecommerce.wishlist.add', error_code=36, error_message="Topic 'ecommerce.wishlist.add' already exists."), (topic='ecommerce.orders.completed', error_code=36, error_message="Topic 'ecommerce.orders.completed' already exists.")])'.
[2025-06-09T09:28:01.951+0000] {subprocess.py:93} INFO - ✅ Successfully connected to Kafka
[2025-06-09T09:28:01.952+0000] {subprocess.py:93} INFO - 📤 Sending 50 sample events...
[2025-06-09T09:28:02.042+0000] {subprocess.py:93} INFO - ✅ Sent to ecommerce.orders.completed: order_completed (partition: 0, offset: 45)
[2025-06-09T09:28:02.150+0000] {subprocess.py:93} INFO - ✅ Sent to ecommerce.product.views: product_view (partition: 0, offset: 211)
[2025-06-09T09:28:02.263+0000] {subprocess.py:93} INFO - ✅ Sent to ecommerce.product.views: product_view (partition: 0, offset: 212)
[2025-06-09T09:28:02.367+0000] {subprocess.py:93} INFO - ✅ Sent to ecommerce.cart.add: add_to_cart (partition: 0, offset: 102)
[2025-06-09T09:28:02.473+0000] {subprocess.py:93} INFO - ✅ Sent to ecommerce.product.views: product_view (partition: 0, offset: 213)
[2025-06-09T09:28:02.580+0000] {subprocess.py:93} INFO - ✅ Sent to ecommerce.product.views: product_view (partition: 0, offset: 214)
[2025-06-09T09:28:02.686+0000] {subprocess.py:93} INFO - ✅ Sent to ecommerce.cart.add: add_to_cart (partition: 0, offset: 103)
[2025-06-09T09:28:02.798+0000] {subprocess.py:93} INFO - ✅ Sent to ecommerce.wishlist.add: add_to_wishlist (partition: 0, offset: 52)
[2025-06-09T09:28:02.901+0000] {subprocess.py:93} INFO - ✅ Sent to ecommerce.product.views: product_view (partition: 0, offset: 215)
[2025-06-09T09:28:03.005+0000] {subprocess.py:93} INFO - ✅ Sent to ecommerce.cart.add: add_to_cart (partition: 0, offset: 104)
[2025-06-09T09:28:03.106+0000] {subprocess.py:93} INFO - 📊 Sent 10/50 events...
[2025-06-09T09:28:03.110+0000] {subprocess.py:93} INFO - ✅ Sent to ecommerce.orders.completed: order_completed (partition: 0, offset: 46)
[2025-06-09T09:28:03.212+0000] {subprocess.py:93} INFO - ✅ Sent to ecommerce.product.views: product_view (partition: 0, offset: 216)
[2025-06-09T09:28:03.317+0000] {subprocess.py:93} INFO - ✅ Sent to ecommerce.cart.add: add_to_cart (partition: 0, offset: 105)
[2025-06-09T09:28:03.431+0000] {subprocess.py:93} INFO - ✅ Sent to ecommerce.product.views: product_view (partition: 0, offset: 217)
[2025-06-09T09:28:03.542+0000] {subprocess.py:93} INFO - ✅ Sent to ecommerce.wishlist.add: add_to_wishlist (partition: 0, offset: 53)
[2025-06-09T09:28:03.653+0000] {subprocess.py:93} INFO - ✅ Sent to ecommerce.cart.add: add_to_cart (partition: 0, offset: 106)
[2025-06-09T09:28:03.760+0000] {subprocess.py:93} INFO - ✅ Sent to ecommerce.product.views: product_view (partition: 0, offset: 218)
[2025-06-09T09:28:03.867+0000] {subprocess.py:93} INFO - ✅ Sent to ecommerce.product.views: product_view (partition: 0, offset: 219)
[2025-06-09T09:28:03.971+0000] {subprocess.py:93} INFO - ✅ Sent to ecommerce.cart.add: add_to_cart (partition: 0, offset: 107)
[2025-06-09T09:28:04.081+0000] {subprocess.py:93} INFO - ✅ Sent to ecommerce.product.views: product_view (partition: 0, offset: 220)
[2025-06-09T09:28:04.182+0000] {subprocess.py:93} INFO - 📊 Sent 20/50 events...
[2025-06-09T09:28:04.185+0000] {subprocess.py:93} INFO - ✅ Sent to ecommerce.orders.completed: order_completed (partition: 0, offset: 47)
[2025-06-09T09:28:04.288+0000] {subprocess.py:93} INFO - ✅ Sent to ecommerce.wishlist.add: add_to_wishlist (partition: 0, offset: 54)
[2025-06-09T09:28:04.391+0000] {subprocess.py:93} INFO - ✅ Sent to ecommerce.product.views: product_view (partition: 0, offset: 221)
[2025-06-09T09:28:04.511+0000] {subprocess.py:93} INFO - ✅ Sent to ecommerce.product.views: product_view (partition: 0, offset: 222)
[2025-06-09T09:28:04.619+0000] {subprocess.py:93} INFO - ✅ Sent to ecommerce.cart.add: add_to_cart (partition: 0, offset: 108)
[2025-06-09T09:28:04.726+0000] {subprocess.py:93} INFO - ✅ Sent to ecommerce.product.views: product_view (partition: 0, offset: 223)
[2025-06-09T09:28:04.834+0000] {subprocess.py:93} INFO - ✅ Sent to ecommerce.product.views: product_view (partition: 0, offset: 224)
[2025-06-09T09:28:04.944+0000] {subprocess.py:93} INFO - ✅ Sent to ecommerce.cart.add: add_to_cart (partition: 0, offset: 109)
[2025-06-09T09:28:05.047+0000] {subprocess.py:93} INFO - ✅ Sent to ecommerce.wishlist.add: add_to_wishlist (partition: 0, offset: 55)
[2025-06-09T09:28:05.158+0000] {subprocess.py:93} INFO - ✅ Sent to ecommerce.product.views: product_view (partition: 0, offset: 225)
[2025-06-09T09:28:05.259+0000] {subprocess.py:93} INFO - 📊 Sent 30/50 events...
[2025-06-09T09:28:05.264+0000] {subprocess.py:93} INFO - ✅ Sent to ecommerce.orders.completed: order_completed (partition: 0, offset: 48)
[2025-06-09T09:28:05.368+0000] {subprocess.py:93} INFO - ✅ Sent to ecommerce.product.views: product_view (partition: 0, offset: 226)
[2025-06-09T09:28:05.475+0000] {subprocess.py:93} INFO - ✅ Sent to ecommerce.product.views: product_view (partition: 0, offset: 227)
[2025-06-09T09:28:05.578+0000] {subprocess.py:93} INFO - ✅ Sent to ecommerce.cart.add: add_to_cart (partition: 0, offset: 110)
[2025-06-09T09:28:05.681+0000] {subprocess.py:93} INFO - ✅ Sent to ecommerce.product.views: product_view (partition: 0, offset: 228)
[2025-06-09T09:28:05.787+0000] {subprocess.py:93} INFO - ✅ Sent to ecommerce.wishlist.add: add_to_wishlist (partition: 0, offset: 56)
[2025-06-09T09:28:05.895+0000] {subprocess.py:93} INFO - ✅ Sent to ecommerce.cart.add: add_to_cart (partition: 0, offset: 111)
[2025-06-09T09:28:06.002+0000] {subprocess.py:93} INFO - ✅ Sent to ecommerce.product.views: product_view (partition: 0, offset: 229)
[2025-06-09T09:28:06.111+0000] {subprocess.py:93} INFO - ✅ Sent to ecommerce.product.views: product_view (partition: 0, offset: 230)
[2025-06-09T09:28:06.218+0000] {subprocess.py:93} INFO - ✅ Sent to ecommerce.cart.add: add_to_cart (partition: 0, offset: 112)
[2025-06-09T09:28:06.320+0000] {subprocess.py:93} INFO - 📊 Sent 40/50 events...
[2025-06-09T09:28:06.326+0000] {subprocess.py:93} INFO - ✅ Sent to ecommerce.orders.completed: order_completed (partition: 0, offset: 49)
[2025-06-09T09:28:06.430+0000] {subprocess.py:93} INFO - ✅ Sent to ecommerce.product.views: product_view (partition: 0, offset: 231)
[2025-06-09T09:28:06.539+0000] {subprocess.py:93} INFO - ✅ Sent to ecommerce.wishlist.add: add_to_wishlist (partition: 0, offset: 57)
[2025-06-09T09:28:06.645+0000] {subprocess.py:93} INFO - ✅ Sent to ecommerce.product.views: product_view (partition: 0, offset: 232)
[2025-06-09T09:28:06.751+0000] {subprocess.py:93} INFO - ✅ Sent to ecommerce.product.views: product_view (partition: 0, offset: 233)
[2025-06-09T09:28:06.856+0000] {subprocess.py:93} INFO - ✅ Sent to ecommerce.cart.add: add_to_cart (partition: 0, offset: 113)
[2025-06-09T09:28:06.964+0000] {subprocess.py:93} INFO - ✅ Sent to ecommerce.product.views: product_view (partition: 0, offset: 234)
[2025-06-09T09:28:07.068+0000] {subprocess.py:93} INFO - ✅ Sent to ecommerce.product.views: product_view (partition: 0, offset: 235)
[2025-06-09T09:28:07.177+0000] {subprocess.py:93} INFO - ✅ Sent to ecommerce.cart.add: add_to_cart (partition: 0, offset: 114)
[2025-06-09T09:28:07.284+0000] {subprocess.py:93} INFO - ✅ Sent to ecommerce.wishlist.add: add_to_wishlist (partition: 0, offset: 58)
[2025-06-09T09:28:07.385+0000] {subprocess.py:93} INFO - 📊 Sent 50/50 events...
[2025-06-09T09:28:07.386+0000] {subprocess.py:93} INFO - ✅ Batch complete: 50 events sent successfully
[2025-06-09T09:28:07.387+0000] {subprocess.py:93} INFO - ✅ Producer closed successfully
[2025-06-09T09:28:07.507+0000] {subprocess.py:97} INFO - Command exited with return code 0
[2025-06-09T09:28:07.528+0000] {taskinstance.py:1138} INFO - Marking task as SUCCESS. dag_id=kafka_ecommerce_pipeline, task_id=run_kafka_producer, execution_date=20250609T092600, start_date=20250609T092801, end_date=20250609T092807
[2025-06-09T09:28:07.571+0000] {local_task_job_runner.py:234} INFO - Task exited with return code 0
[2025-06-09T09:28:07.597+0000] {taskinstance.py:3280} INFO - 1 downstream tasks scheduled from follow-on schedule check
