[2025-06-09T05:59:07.127+0000] {taskinstance.py:1956} INFO - Dependencies all met for dep_context=non-requeueable deps ti=<TaskInstance: kafka_ecommerce_pipeline.verify_pipeline_results manual__2025-06-09T05:54:03.944803+00:00 [queued]>
[2025-06-09T05:59:07.133+0000] {taskinstance.py:1956} INFO - Dependencies all met for dep_context=requeueable deps ti=<TaskInstance: kafka_ecommerce_pipeline.verify_pipeline_results manual__2025-06-09T05:54:03.944803+00:00 [queued]>
[2025-06-09T05:59:07.133+0000] {taskinstance.py:2170} INFO - Starting attempt 1 of 3
[2025-06-09T05:59:07.140+0000] {taskinstance.py:2191} INFO - Executing <Task(PythonOperator): verify_pipeline_results> on 2025-06-09 05:54:03.944803+00:00
[2025-06-09T05:59:07.144+0000] {standard_task_runner.py:60} INFO - Started process 327 to run task
[2025-06-09T05:59:07.153+0000] {standard_task_runner.py:87} INFO - Running: ['***', 'tasks', 'run', 'kafka_ecommerce_pipeline', 'verify_pipeline_results', 'manual__2025-06-09T05:54:03.944803+00:00', '--job-id', '15', '--raw', '--subdir', 'DAGS_FOLDER/kafka_data_pipeline.py', '--cfg-path', '/tmp/tmph9lewqrx']
[2025-06-09T05:59:07.156+0000] {standard_task_runner.py:88} INFO - Job 15: Subtask verify_pipeline_results
[2025-06-09T05:59:07.198+0000] {task_command.py:423} INFO - Running <TaskInstance: kafka_ecommerce_pipeline.verify_pipeline_results manual__2025-06-09T05:54:03.944803+00:00 [running]> on host a66d86572bec
[2025-06-09T05:59:07.247+0000] {taskinstance.py:2480} INFO - Exporting env vars: AIRFLOW_CTX_DAG_OWNER='data-engineering-team' AIRFLOW_CTX_DAG_ID='kafka_ecommerce_pipeline' AIRFLOW_CTX_TASK_ID='verify_pipeline_results' AIRFLOW_CTX_EXECUTION_DATE='2025-06-09T05:54:03.944803+00:00' AIRFLOW_CTX_TRY_NUMBER='1' AIRFLOW_CTX_DAG_RUN_ID='manual__2025-06-09T05:54:03.944803+00:00'
[2025-06-09T05:59:07.253+0000] {kafka_data_pipeline.py:175} INFO - 📊 Pipeline Results:
[2025-06-09T05:59:07.253+0000] {kafka_data_pipeline.py:176} INFO -    👀 Total Views: 11
[2025-06-09T05:59:07.253+0000] {kafka_data_pipeline.py:177} INFO -    🛒 Total Cart Adds: 6
[2025-06-09T05:59:07.253+0000] {kafka_data_pipeline.py:178} INFO -    ❤️ Total Wishlist Adds: 1
[2025-06-09T05:59:07.254+0000] {kafka_data_pipeline.py:179} INFO -    📦 Total Orders: 2
[2025-06-09T05:59:07.254+0000] {kafka_data_pipeline.py:180} INFO -    💰 Total Revenue: $9259.85
[2025-06-09T05:59:07.254+0000] {kafka_data_pipeline.py:181} INFO -    🕐 Last Updated: 2025-06-09T05:59:02.025606
[2025-06-09T05:59:07.254+0000] {kafka_data_pipeline.py:186} INFO - 🔥 Recent Orders:
[2025-06-09T05:59:07.254+0000] {kafka_data_pipeline.py:189} INFO -    • order_84951: $859.93 (4 items)
[2025-06-09T05:59:07.254+0000] {kafka_data_pipeline.py:189} INFO -    • order_47742: $8399.92 (4 items)
[2025-06-09T05:59:07.255+0000] {kafka_data_pipeline.py:194} INFO - ✅ Pipeline completed successfully - Last activity: 2025-06-09T05:59:02.028454
[2025-06-09T05:59:07.255+0000] {python.py:201} INFO - Done. Returned value was: None
[2025-06-09T05:59:07.260+0000] {taskinstance.py:1138} INFO - Marking task as SUCCESS. dag_id=kafka_ecommerce_pipeline, task_id=verify_pipeline_results, execution_date=20250609T055403, start_date=20250609T055907, end_date=20250609T055907
[2025-06-09T05:59:07.297+0000] {local_task_job_runner.py:234} INFO - Task exited with return code 0
[2025-06-09T05:59:07.312+0000] {taskinstance.py:3280} INFO - 1 downstream tasks scheduled from follow-on schedule check
