[2025-06-09T06:17:44.559+0000] {taskinstance.py:1956} INFO - Dependencies all met for dep_context=non-requeueable deps ti=<TaskInstance: kafka_ecommerce_pipeline.run_kafka_consumer manual__2025-06-09T06:17:20.404493+00:00 [queued]>
[2025-06-09T06:17:44.571+0000] {taskinstance.py:1956} INFO - Dependencies all met for dep_context=requeueable deps ti=<TaskInstance: kafka_ecommerce_pipeline.run_kafka_consumer manual__2025-06-09T06:17:20.404493+00:00 [queued]>
[2025-06-09T06:17:44.572+0000] {taskinstance.py:2170} INFO - Starting attempt 1 of 3
[2025-06-09T06:17:44.584+0000] {taskinstance.py:2191} INFO - Executing <Task(BashOperator): run_kafka_consumer> on 2025-06-09 06:17:20.404493+00:00
[2025-06-09T06:17:44.602+0000] {standard_task_runner.py:60} INFO - Started process 506 to run task
[2025-06-09T06:17:44.609+0000] {standard_task_runner.py:87} INFO - Running: ['***', 'tasks', 'run', 'kafka_ecommerce_pipeline', 'run_kafka_consumer', 'manual__2025-06-09T06:17:20.404493+00:00', '--job-id', '28', '--raw', '--subdir', 'DAGS_FOLDER/kafka_data_pipeline.py', '--cfg-path', '/tmp/tmplxuog9dz']
[2025-06-09T06:17:44.617+0000] {standard_task_runner.py:88} INFO - Job 28: Subtask run_kafka_consumer
[2025-06-09T06:17:44.718+0000] {task_command.py:423} INFO - Running <TaskInstance: kafka_ecommerce_pipeline.run_kafka_consumer manual__2025-06-09T06:17:20.404493+00:00 [running]> on host 214da608bc37
[2025-06-09T06:17:44.862+0000] {taskinstance.py:2480} INFO - Exporting env vars: AIRFLOW_CTX_DAG_OWNER='data-engineering-team' AIRFLOW_CTX_DAG_ID='kafka_ecommerce_pipeline' AIRFLOW_CTX_TASK_ID='run_kafka_consumer' AIRFLOW_CTX_EXECUTION_DATE='2025-06-09T06:17:20.404493+00:00' AIRFLOW_CTX_TRY_NUMBER='1' AIRFLOW_CTX_DAG_RUN_ID='manual__2025-06-09T06:17:20.404493+00:00'
[2025-06-09T06:17:44.864+0000] {subprocess.py:63} INFO - Tmp dir root location: /tmp
[2025-06-09T06:17:44.866+0000] {subprocess.py:75} INFO - Running command: ['/usr/bin/bash', '-c', 'cd /opt/***/ecom_etl/ && python kafka_scripts/consumer.py']
[2025-06-09T06:17:44.890+0000] {subprocess.py:86} INFO - Output:
[2025-06-09T06:17:45.364+0000] {subprocess.py:93} INFO - 🚀 Starting E-Commerce Event Consumer
[2025-06-09T06:17:45.370+0000] {subprocess.py:93} INFO - 🔗 Kafka: kafka:29092
[2025-06-09T06:17:45.371+0000] {subprocess.py:93} INFO - 🔴 Redis: redis:6379
[2025-06-09T06:17:45.372+0000] {subprocess.py:93} INFO - 🚀 Initializing Kafka consumer with bootstrap servers: kafka:29092
[2025-06-09T06:17:45.373+0000] {subprocess.py:93} INFO - 🔌 Connecting to Redis at redis:6379
[2025-06-09T06:17:45.377+0000] {subprocess.py:93} INFO - 2025-06-09 06:17:45,376 - kafka.conn - INFO - <BrokerConnection client_id=kafka-python-2.2.11, node_id=bootstrap-0 host=kafka:29092 <connecting> [IPv4 ('172.18.0.5', 29092)]>: connecting to kafka:29092 [('172.18.0.5', 29092) IPv4]
[2025-06-09T06:17:45.415+0000] {subprocess.py:93} INFO - 2025-06-09 06:17:45,414 - kafka.conn - INFO - <BrokerConnection client_id=kafka-python-2.2.11, node_id=bootstrap-0 host=kafka:29092 <checking_api_versions_recv> [IPv4 ('172.18.0.5', 29092)]>: Broker version identified as 2.6
[2025-06-09T06:17:45.416+0000] {subprocess.py:93} INFO - 2025-06-09 06:17:45,414 - kafka.conn - INFO - <BrokerConnection client_id=kafka-python-2.2.11, node_id=bootstrap-0 host=kafka:29092 <connected> [IPv4 ('172.18.0.5', 29092)]>: Connection complete.
[2025-06-09T06:17:45.417+0000] {subprocess.py:93} INFO - 2025-06-09 06:17:45,415 - kafka.consumer.subscription_state - INFO - Updating subscribed topics to: ('ecommerce.product.views', 'ecommerce.cart.add', 'ecommerce.wishlist.add', 'ecommerce.orders.completed')
[2025-06-09T06:17:45.418+0000] {subprocess.py:93} INFO - ✅ Successfully connected to Kafka
[2025-06-09T06:17:45.420+0000] {subprocess.py:93} INFO - ✅ Successfully connected to Redis
[2025-06-09T06:17:45.421+0000] {subprocess.py:93} INFO - 📊 Loaded existing metrics: {'total_views': 10, 'total_cart_adds': 8, 'total_wishlist_adds': 1, 'total_orders': 1, 'total_revenue': 999.99}
[2025-06-09T06:17:45.421+0000] {subprocess.py:93} INFO - 🚀 Starting Kafka consumer...
[2025-06-09T06:17:45.421+0000] {subprocess.py:93} INFO - 📊 Subscribed to Topics: {'ecommerce.wishlist.add', 'ecommerce.product.views', 'ecommerce.cart.add', 'ecommerce.orders.completed'}
[2025-06-09T06:17:45.421+0000] {subprocess.py:93} INFO - 🔍 Will process up to 100 messages or run for 90 seconds
[2025-06-09T06:17:45.436+0000] {subprocess.py:93} INFO - 2025-06-09 06:17:45,436 - kafka.conn - INFO - <BrokerConnection client_id=kafka-python-2.2.11, node_id=1 host=kafka:29092 <connecting> [IPv4 ('172.18.0.5', 29092)]>: connecting to kafka:29092 [('172.18.0.5', 29092) IPv4]
[2025-06-09T06:17:45.437+0000] {subprocess.py:93} INFO - 2025-06-09 06:17:45,437 - kafka.conn - INFO - <BrokerConnection client_id=kafka-python-2.2.11, node_id=1 host=kafka:29092 <connected> [IPv4 ('172.18.0.5', 29092)]>: Connection complete.
[2025-06-09T06:17:45.438+0000] {subprocess.py:93} INFO - 2025-06-09 06:17:45,437 - kafka.conn - INFO - <BrokerConnection client_id=kafka-python-2.2.11, node_id=bootstrap-0 host=kafka:29092 <connected> [IPv4 ('172.18.0.5', 29092)]>: Closing connection.
[2025-06-09T06:17:45.546+0000] {subprocess.py:93} INFO - 2025-06-09 06:17:45,546 - kafka.cluster - INFO - Coordinator for group/ecommerce-analytics-20250609 is BrokerMetadata(nodeId='coordinator-1', host='kafka', port=29092, rack=None)
[2025-06-09T06:17:45.547+0000] {subprocess.py:93} INFO - 2025-06-09 06:17:45,546 - kafka.coordinator - INFO - Discovered coordinator coordinator-1 for group ecommerce-analytics-20250609
[2025-06-09T06:17:45.547+0000] {subprocess.py:93} INFO - 2025-06-09 06:17:45,547 - kafka.coordinator.heartbeat - INFO - Starting new heartbeat thread
[2025-06-09T06:17:45.548+0000] {subprocess.py:93} INFO - 2025-06-09 06:17:45,547 - kafka.coordinator.consumer - INFO - Revoking previously assigned partitions set() for group ecommerce-analytics-20250609
[2025-06-09T06:17:45.548+0000] {subprocess.py:93} INFO - 2025-06-09 06:17:45,547 - kafka.coordinator - INFO - Failed to join group ecommerce-analytics-20250609: NodeNotReadyError: coordinator-1
[2025-06-09T06:17:45.548+0000] {subprocess.py:93} INFO - 2025-06-09 06:17:45,548 - kafka.conn - INFO - <BrokerConnection client_id=kafka-python-2.2.11, node_id=coordinator-1 host=kafka:29092 <connecting> [IPv4 ('172.18.0.5', 29092)]>: connecting to kafka:29092 [('172.18.0.5', 29092) IPv4]
[2025-06-09T06:17:45.549+0000] {subprocess.py:93} INFO - 2025-06-09 06:17:45,549 - kafka.conn - INFO - <BrokerConnection client_id=kafka-python-2.2.11, node_id=coordinator-1 host=kafka:29092 <connected> [IPv4 ('172.18.0.5', 29092)]>: Connection complete.
[2025-06-09T06:17:45.653+0000] {subprocess.py:93} INFO - 2025-06-09 06:17:45,652 - kafka.coordinator - INFO - (Re-)joining group ecommerce-analytics-20250609
[2025-06-09T06:17:45.673+0000] {subprocess.py:93} INFO - 2025-06-09 06:17:45,673 - kafka.coordinator - INFO - Received member id kafka-python-2.2.11-484541cd-c1e3-4329-9d42-106f37cebc9c for group ecommerce-analytics-20250609; will retry join-group
[2025-06-09T06:17:45.674+0000] {subprocess.py:93} INFO - 2025-06-09 06:17:45,673 - kafka.coordinator - INFO - Failed to join group ecommerce-analytics-20250609: [Error 79] MemberIdRequiredError
[2025-06-09T06:17:45.674+0000] {subprocess.py:93} INFO - 2025-06-09 06:17:45,673 - kafka.coordinator - INFO - (Re-)joining group ecommerce-analytics-20250609
[2025-06-09T06:17:48.716+0000] {subprocess.py:93} INFO - 2025-06-09 06:17:48,713 - kafka.coordinator - INFO - Successfully joined group ecommerce-analytics-20250609 <Generation 9 (member_id: kafka-python-2.2.11-484541cd-c1e3-4329-9d42-106f37cebc9c, protocol: range)>
[2025-06-09T06:17:48.723+0000] {subprocess.py:93} INFO - 2025-06-09 06:17:48,714 - kafka.coordinator - INFO - Elected group leader -- performing partition assignments using range
[2025-06-09T06:17:48.739+0000] {subprocess.py:93} INFO - 2025-06-09 06:17:48,738 - kafka.consumer.subscription_state - INFO - Updated partition assignment: [TopicPartition(topic='ecommerce.cart.add', partition=0), TopicPartition(topic='ecommerce.orders.completed', partition=0), TopicPartition(topic='ecommerce.product.views', partition=0), TopicPartition(topic='ecommerce.wishlist.add', partition=0)]
[2025-06-09T06:17:48.740+0000] {subprocess.py:93} INFO - 2025-06-09 06:17:48,739 - kafka.coordinator.consumer - INFO - Setting newly assigned partitions {TopicPartition(topic='ecommerce.orders.completed', partition=0), TopicPartition(topic='ecommerce.wishlist.add', partition=0), TopicPartition(topic='ecommerce.product.views', partition=0), TopicPartition(topic='ecommerce.cart.add', partition=0)} for group ecommerce-analytics-20250609
[2025-06-09T06:17:48.767+0000] {subprocess.py:93} INFO - 🛒 Cart Add: 3x iPhone 15 Pro by user_015 ($2999.9700000000003)
[2025-06-09T06:17:48.772+0000] {subprocess.py:93} INFO - kafka_scripts/consumer.py:280: DeprecationWarning: Redis.hmset() is deprecated. Use Redis.hset() instead.
[2025-06-09T06:17:48.772+0000] {subprocess.py:93} INFO -   self.redis_client.hmset("metrics:totals", {
[2025-06-09T06:17:48.773+0000] {subprocess.py:93} INFO - 🛒 Cart Add: 2x MacBook Pro by user_016 ($3999.98)
[2025-06-09T06:17:48.775+0000] {subprocess.py:93} INFO - 🛒 Cart Add: 3x Adidas Sneakers by user_060 ($269.96999999999997)
[2025-06-09T06:17:48.777+0000] {subprocess.py:93} INFO - 🛒 Cart Add: 3x Adidas Sneakers by user_095 ($269.96999999999997)
[2025-06-09T06:17:48.779+0000] {subprocess.py:93} INFO - 🛒 Cart Add: 2x iPhone 15 Pro by user_047 ($1999.98)
[2025-06-09T06:17:48.780+0000] {subprocess.py:93} INFO - 🛒 Cart Add: 3x Coffee Maker by user_092 ($449.97)
[2025-06-09T06:17:48.782+0000] {subprocess.py:93} INFO - 💰 Order: order_23787 by user_078 - $5109.94 (4 items)
[2025-06-09T06:17:48.783+0000] {subprocess.py:93} INFO - 💰 Order: order_25114 by user_095 - $1999.99 (1 items)
[2025-06-09T06:17:48.784+0000] {subprocess.py:93} INFO - 💰 Order: order_85579 by user_017 - $279.98 (2 items)
[2025-06-09T06:17:48.785+0000] {subprocess.py:93} INFO - 💰 Order: order_85295 by user_013 - $3149.97 (3 items)
[2025-06-09T06:17:48.787+0000] {subprocess.py:93} INFO - 📊 Processed 10 messages in 3.4 seconds
[2025-06-09T06:17:48.788+0000] {subprocess.py:93} INFO - 
[2025-06-09T06:17:48.788+0000] {subprocess.py:93} INFO - ============================================================
[2025-06-09T06:17:48.788+0000] {subprocess.py:93} INFO - 📊 REAL-TIME E-COMMERCE DASHBOARD
[2025-06-09T06:17:48.788+0000] {subprocess.py:93} INFO - ============================================================
[2025-06-09T06:17:48.788+0000] {subprocess.py:93} INFO - 👀 Total Views: 10
[2025-06-09T06:17:48.788+0000] {subprocess.py:93} INFO - 🛒 Total Cart Adds: 14
[2025-06-09T06:17:48.788+0000] {subprocess.py:93} INFO - ❤️  Total Wishlist Adds: 1
[2025-06-09T06:17:48.788+0000] {subprocess.py:93} INFO - 📦 Total Orders: 5
[2025-06-09T06:17:48.789+0000] {subprocess.py:93} INFO - 💰 Total Revenue: $11539.869999999999
[2025-06-09T06:17:48.789+0000] {subprocess.py:93} INFO - 🕐 Last Updated: 2025-06-09T06:17:48.788092
[2025-06-09T06:17:48.789+0000] {subprocess.py:93} INFO - 
[2025-06-09T06:17:48.789+0000] {subprocess.py:93} INFO - 🔥 Recent Orders:
[2025-06-09T06:17:48.789+0000] {subprocess.py:93} INFO -   • order_85295: $3149.97 (3 items)
[2025-06-09T06:17:48.789+0000] {subprocess.py:93} INFO -   • order_85579: $279.98 (2 items)
[2025-06-09T06:17:48.789+0000] {subprocess.py:93} INFO -   • order_25114: $1999.99 (1 items)
[2025-06-09T06:17:48.789+0000] {subprocess.py:93} INFO -   • order_23787: $5109.94 (4 items)
[2025-06-09T06:17:48.789+0000] {subprocess.py:93} INFO -   • order_93976: $999.99 (1 items)
[2025-06-09T06:17:48.789+0000] {subprocess.py:93} INFO - ============================================================
[2025-06-09T06:17:48.790+0000] {subprocess.py:93} INFO - 💰 Order: order_33938 by user_058 - $2469.95 (4 items)
[2025-06-09T06:17:48.790+0000] {subprocess.py:93} INFO - 👀 Product View: Levi's Jeans by user_056
[2025-06-09T06:17:48.791+0000] {subprocess.py:93} INFO - 👀 Product View: Wireless Headphones by user_099
[2025-06-09T06:17:48.792+0000] {subprocess.py:93} INFO - 👀 Product View: Nike Air Max by user_011
[2025-06-09T06:17:48.793+0000] {subprocess.py:93} INFO - 👀 Product View: Samsung 4K TV by user_082
[2025-06-09T06:17:48.795+0000] {subprocess.py:93} INFO - 👀 Product View: Adidas Sneakers by user_057
[2025-06-09T06:17:48.796+0000] {subprocess.py:93} INFO - 👀 Product View: iPhone 15 Pro by user_040
[2025-06-09T06:17:48.797+0000] {subprocess.py:93} INFO - 👀 Product View: Samsung 4K TV by user_090
[2025-06-09T06:17:48.798+0000] {subprocess.py:93} INFO - 👀 Product View: Wireless Headphones by user_040
[2025-06-09T06:17:48.800+0000] {subprocess.py:93} INFO - 👀 Product View: MacBook Pro by user_001
[2025-06-09T06:17:48.801+0000] {subprocess.py:93} INFO - 📊 Processed 20 messages in 3.4 seconds
[2025-06-09T06:17:48.802+0000] {subprocess.py:93} INFO - 
[2025-06-09T06:17:48.802+0000] {subprocess.py:93} INFO - ============================================================
[2025-06-09T06:17:48.802+0000] {subprocess.py:93} INFO - 📊 REAL-TIME E-COMMERCE DASHBOARD
[2025-06-09T06:17:48.802+0000] {subprocess.py:93} INFO - ============================================================
[2025-06-09T06:17:48.802+0000] {subprocess.py:93} INFO - 👀 Total Views: 19
[2025-06-09T06:17:48.802+0000] {subprocess.py:93} INFO - 🛒 Total Cart Adds: 14
[2025-06-09T06:17:48.802+0000] {subprocess.py:93} INFO - ❤️  Total Wishlist Adds: 1
[2025-06-09T06:17:48.803+0000] {subprocess.py:93} INFO - 📦 Total Orders: 6
[2025-06-09T06:17:48.803+0000] {subprocess.py:93} INFO - 💰 Total Revenue: $14009.82
[2025-06-09T06:17:48.803+0000] {subprocess.py:93} INFO - 🕐 Last Updated: 2025-06-09T06:17:48.802162
[2025-06-09T06:17:48.803+0000] {subprocess.py:93} INFO - 
[2025-06-09T06:17:48.803+0000] {subprocess.py:93} INFO - 🔥 Recent Orders:
[2025-06-09T06:17:48.803+0000] {subprocess.py:93} INFO -   • order_33938: $2469.95 (4 items)
[2025-06-09T06:17:48.803+0000] {subprocess.py:93} INFO -   • order_85295: $3149.97 (3 items)
[2025-06-09T06:17:48.803+0000] {subprocess.py:93} INFO -   • order_85579: $279.98 (2 items)
[2025-06-09T06:17:48.803+0000] {subprocess.py:93} INFO -   • order_25114: $1999.99 (1 items)
[2025-06-09T06:17:48.804+0000] {subprocess.py:93} INFO -   • order_23787: $5109.94 (4 items)
[2025-06-09T06:17:48.804+0000] {subprocess.py:93} INFO - ============================================================
[2025-06-09T06:17:48.804+0000] {subprocess.py:93} INFO - 👀 Product View: Wireless Headphones by user_034
[2025-06-09T06:17:48.804+0000] {subprocess.py:93} INFO - 👀 Product View: Nike Air Max by user_096
[2025-06-09T06:17:48.804+0000] {subprocess.py:93} INFO - 👀 Product View: iPhone 15 Pro by user_049
[2025-06-09T06:17:48.806+0000] {subprocess.py:93} INFO - 👀 Product View: Levi's Jeans by user_089
[2025-06-09T06:17:48.807+0000] {subprocess.py:93} INFO - 👀 Product View: Nike Air Max by user_055
[2025-06-09T06:17:48.808+0000] {subprocess.py:93} INFO - 👀 Product View: Adidas Sneakers by user_040
[2025-06-09T06:17:48.809+0000] {subprocess.py:93} INFO - 👀 Product View: Adidas Sneakers by user_016
[2025-06-09T06:17:48.810+0000] {subprocess.py:93} INFO - 👀 Product View: iPhone 15 Pro by user_018
[2025-06-09T06:17:48.811+0000] {subprocess.py:93} INFO - 👀 Product View: Adidas Sneakers by user_083
[2025-06-09T06:17:48.812+0000] {subprocess.py:93} INFO - 👀 Product View: Coffee Maker by user_024
[2025-06-09T06:17:48.812+0000] {subprocess.py:93} INFO - 📊 Processed 30 messages in 3.4 seconds
[2025-06-09T06:17:48.813+0000] {subprocess.py:93} INFO - 
[2025-06-09T06:17:48.813+0000] {subprocess.py:93} INFO - ============================================================
[2025-06-09T06:17:48.813+0000] {subprocess.py:93} INFO - 📊 REAL-TIME E-COMMERCE DASHBOARD
[2025-06-09T06:17:48.813+0000] {subprocess.py:93} INFO - ============================================================
[2025-06-09T06:17:48.813+0000] {subprocess.py:93} INFO - 👀 Total Views: 29
[2025-06-09T06:17:48.813+0000] {subprocess.py:93} INFO - 🛒 Total Cart Adds: 14
[2025-06-09T06:17:48.813+0000] {subprocess.py:93} INFO - ❤️  Total Wishlist Adds: 1
[2025-06-09T06:17:48.814+0000] {subprocess.py:93} INFO - 📦 Total Orders: 6
[2025-06-09T06:17:48.814+0000] {subprocess.py:93} INFO - 💰 Total Revenue: $14009.82
[2025-06-09T06:17:48.814+0000] {subprocess.py:93} INFO - 🕐 Last Updated: 2025-06-09T06:17:48.813311
[2025-06-09T06:17:48.814+0000] {subprocess.py:93} INFO - 
[2025-06-09T06:17:48.814+0000] {subprocess.py:93} INFO - 🔥 Recent Orders:
[2025-06-09T06:17:48.814+0000] {subprocess.py:93} INFO -   • order_33938: $2469.95 (4 items)
[2025-06-09T06:17:48.814+0000] {subprocess.py:93} INFO -   • order_85295: $3149.97 (3 items)
[2025-06-09T06:17:48.814+0000] {subprocess.py:93} INFO -   • order_85579: $279.98 (2 items)
[2025-06-09T06:17:48.814+0000] {subprocess.py:93} INFO -   • order_25114: $1999.99 (1 items)
[2025-06-09T06:17:48.815+0000] {subprocess.py:93} INFO -   • order_23787: $5109.94 (4 items)
[2025-06-09T06:17:48.815+0000] {subprocess.py:93} INFO - ============================================================
[2025-06-09T06:17:48.815+0000] {subprocess.py:93} INFO - 👀 Product View: Levi's Jeans by user_089
[2025-06-09T06:17:48.815+0000] {subprocess.py:93} INFO - 👀 Product View: Wireless Headphones by user_077
[2025-06-09T06:17:48.815+0000] {subprocess.py:93} INFO - 👀 Product View: Levi's Jeans by user_009
[2025-06-09T06:17:48.816+0000] {subprocess.py:93} INFO - 👀 Product View: Wireless Headphones by user_041
[2025-06-09T06:17:48.818+0000] {subprocess.py:93} INFO - ❤️  Wishlist Add: iPhone 15 Pro by user_091
[2025-06-09T06:17:48.818+0000] {subprocess.py:93} INFO - ❤️  Wishlist Add: MacBook Pro by user_038
[2025-06-09T06:17:48.819+0000] {subprocess.py:93} INFO - ❤️  Wishlist Add: Coffee Maker by user_001
[2025-06-09T06:17:48.820+0000] {subprocess.py:93} INFO - ❤️  Wishlist Add: Nike Air Max by user_077
[2025-06-09T06:17:48.821+0000] {subprocess.py:93} INFO - ❤️  Wishlist Add: Coffee Maker by user_040
[2025-06-09T06:17:48.822+0000] {subprocess.py:93} INFO - ❤️  Wishlist Add: Adidas Sneakers by user_030
[2025-06-09T06:17:48.823+0000] {subprocess.py:93} INFO - 📊 Processed 40 messages in 3.4 seconds
[2025-06-09T06:17:48.823+0000] {subprocess.py:93} INFO - 
[2025-06-09T06:17:48.824+0000] {subprocess.py:93} INFO - ============================================================
[2025-06-09T06:17:48.824+0000] {subprocess.py:93} INFO - 📊 REAL-TIME E-COMMERCE DASHBOARD
[2025-06-09T06:17:48.824+0000] {subprocess.py:93} INFO - ============================================================
[2025-06-09T06:17:48.824+0000] {subprocess.py:93} INFO - 👀 Total Views: 33
[2025-06-09T06:17:48.824+0000] {subprocess.py:93} INFO - 🛒 Total Cart Adds: 14
[2025-06-09T06:17:48.824+0000] {subprocess.py:93} INFO - ❤️  Total Wishlist Adds: 7
[2025-06-09T06:17:48.824+0000] {subprocess.py:93} INFO - 📦 Total Orders: 6
[2025-06-09T06:17:48.825+0000] {subprocess.py:93} INFO - 💰 Total Revenue: $14009.82
[2025-06-09T06:17:48.825+0000] {subprocess.py:93} INFO - 🕐 Last Updated: 2025-06-09T06:17:48.823926
[2025-06-09T06:17:48.825+0000] {subprocess.py:93} INFO - 
[2025-06-09T06:17:48.825+0000] {subprocess.py:93} INFO - 🔥 Recent Orders:
[2025-06-09T06:17:48.825+0000] {subprocess.py:93} INFO -   • order_33938: $2469.95 (4 items)
[2025-06-09T06:17:48.825+0000] {subprocess.py:93} INFO -   • order_85295: $3149.97 (3 items)
[2025-06-09T06:17:48.825+0000] {subprocess.py:93} INFO -   • order_85579: $279.98 (2 items)
[2025-06-09T06:17:48.825+0000] {subprocess.py:93} INFO -   • order_25114: $1999.99 (1 items)
[2025-06-09T06:17:48.825+0000] {subprocess.py:93} INFO -   • order_23787: $5109.94 (4 items)
[2025-06-09T06:17:48.825+0000] {subprocess.py:93} INFO - ============================================================
[2025-06-09T06:18:08.832+0000] {subprocess.py:93} INFO - ⏸️ No messages for 15.0s, checking for completion...
[2025-06-09T06:18:08.840+0000] {subprocess.py:93} INFO - 
[2025-06-09T06:18:08.840+0000] {subprocess.py:93} INFO - ============================================================
[2025-06-09T06:18:08.840+0000] {subprocess.py:93} INFO - 📊 REAL-TIME E-COMMERCE DASHBOARD
[2025-06-09T06:18:08.840+0000] {subprocess.py:93} INFO - ============================================================
[2025-06-09T06:18:08.841+0000] {subprocess.py:93} INFO - 👀 Total Views: 33
[2025-06-09T06:18:08.841+0000] {subprocess.py:93} INFO - 🛒 Total Cart Adds: 14
[2025-06-09T06:18:08.841+0000] {subprocess.py:93} INFO - ❤️  Total Wishlist Adds: 7
[2025-06-09T06:18:08.841+0000] {subprocess.py:93} INFO - 📦 Total Orders: 6
[2025-06-09T06:18:08.841+0000] {subprocess.py:93} INFO - 💰 Total Revenue: $14009.82
[2025-06-09T06:18:08.841+0000] {subprocess.py:93} INFO - 🕐 Last Updated: 2025-06-09T06:18:08.836536
[2025-06-09T06:18:08.841+0000] {subprocess.py:93} INFO - 
[2025-06-09T06:18:08.841+0000] {subprocess.py:93} INFO - 🔥 Recent Orders:
[2025-06-09T06:18:08.841+0000] {subprocess.py:93} INFO -   • order_33938: $2469.95 (4 items)
[2025-06-09T06:18:08.842+0000] {subprocess.py:93} INFO -   • order_85295: $3149.97 (3 items)
[2025-06-09T06:18:08.842+0000] {subprocess.py:93} INFO -   • order_85579: $279.98 (2 items)
[2025-06-09T06:18:08.842+0000] {subprocess.py:93} INFO -   • order_25114: $1999.99 (1 items)
[2025-06-09T06:18:08.842+0000] {subprocess.py:93} INFO -   • order_23787: $5109.94 (4 items)
[2025-06-09T06:18:08.842+0000] {subprocess.py:93} INFO - ============================================================
[2025-06-09T06:18:13.839+0000] {subprocess.py:93} INFO - ⏸️ No messages for 20.0s, checking for completion...
[2025-06-09T06:18:13.845+0000] {subprocess.py:93} INFO - 
[2025-06-09T06:18:13.845+0000] {subprocess.py:93} INFO - ============================================================
[2025-06-09T06:18:13.845+0000] {subprocess.py:93} INFO - 📊 REAL-TIME E-COMMERCE DASHBOARD
[2025-06-09T06:18:13.846+0000] {subprocess.py:93} INFO - ============================================================
[2025-06-09T06:18:13.846+0000] {subprocess.py:93} INFO - 👀 Total Views: 33
[2025-06-09T06:18:13.846+0000] {subprocess.py:93} INFO - 🛒 Total Cart Adds: 14
[2025-06-09T06:18:13.847+0000] {subprocess.py:93} INFO - ❤️  Total Wishlist Adds: 7
[2025-06-09T06:18:13.847+0000] {subprocess.py:93} INFO - 📦 Total Orders: 6
[2025-06-09T06:18:13.847+0000] {subprocess.py:93} INFO - 💰 Total Revenue: $14009.82
[2025-06-09T06:18:13.848+0000] {subprocess.py:93} INFO - 🕐 Last Updated: 2025-06-09T06:18:13.842279
[2025-06-09T06:18:13.848+0000] {subprocess.py:93} INFO - 
[2025-06-09T06:18:13.848+0000] {subprocess.py:93} INFO - 🔥 Recent Orders:
[2025-06-09T06:18:13.848+0000] {subprocess.py:93} INFO -   • order_33938: $2469.95 (4 items)
[2025-06-09T06:18:13.849+0000] {subprocess.py:93} INFO -   • order_85295: $3149.97 (3 items)
[2025-06-09T06:18:13.849+0000] {subprocess.py:93} INFO -   • order_85579: $279.98 (2 items)
[2025-06-09T06:18:13.849+0000] {subprocess.py:93} INFO -   • order_25114: $1999.99 (1 items)
[2025-06-09T06:18:13.849+0000] {subprocess.py:93} INFO -   • order_23787: $5109.94 (4 items)
[2025-06-09T06:18:13.850+0000] {subprocess.py:93} INFO - ============================================================
[2025-06-09T06:18:18.851+0000] {subprocess.py:93} INFO - ⏸️ No messages for 25.0s, checking for completion...
[2025-06-09T06:18:18.856+0000] {subprocess.py:93} INFO - 
[2025-06-09T06:18:18.856+0000] {subprocess.py:93} INFO - ============================================================
[2025-06-09T06:18:18.857+0000] {subprocess.py:93} INFO - 📊 REAL-TIME E-COMMERCE DASHBOARD
[2025-06-09T06:18:18.857+0000] {subprocess.py:93} INFO - ============================================================
[2025-06-09T06:18:18.857+0000] {subprocess.py:93} INFO - 👀 Total Views: 33
[2025-06-09T06:18:18.857+0000] {subprocess.py:93} INFO - 🛒 Total Cart Adds: 14
[2025-06-09T06:18:18.857+0000] {subprocess.py:93} INFO - ❤️  Total Wishlist Adds: 7
[2025-06-09T06:18:18.858+0000] {subprocess.py:93} INFO - 📦 Total Orders: 6
[2025-06-09T06:18:18.858+0000] {subprocess.py:93} INFO - 💰 Total Revenue: $14009.82
[2025-06-09T06:18:18.858+0000] {subprocess.py:93} INFO - 🕐 Last Updated: 2025-06-09T06:18:18.853989
[2025-06-09T06:18:18.859+0000] {subprocess.py:93} INFO - 
[2025-06-09T06:18:18.859+0000] {subprocess.py:93} INFO - 🔥 Recent Orders:
[2025-06-09T06:18:18.859+0000] {subprocess.py:93} INFO -   • order_33938: $2469.95 (4 items)
[2025-06-09T06:18:18.859+0000] {subprocess.py:93} INFO -   • order_85295: $3149.97 (3 items)
[2025-06-09T06:18:18.859+0000] {subprocess.py:93} INFO -   • order_85579: $279.98 (2 items)
[2025-06-09T06:18:18.860+0000] {subprocess.py:93} INFO -   • order_25114: $1999.99 (1 items)
[2025-06-09T06:18:18.860+0000] {subprocess.py:93} INFO -   • order_23787: $5109.94 (4 items)
[2025-06-09T06:18:18.860+0000] {subprocess.py:93} INFO - ============================================================
[2025-06-09T06:18:23.857+0000] {subprocess.py:93} INFO - ⏸️ No messages for 30.0s, checking for completion...
[2025-06-09T06:18:23.864+0000] {subprocess.py:93} INFO - 
[2025-06-09T06:18:23.865+0000] {subprocess.py:93} INFO - ============================================================
[2025-06-09T06:18:23.865+0000] {subprocess.py:93} INFO - 📊 REAL-TIME E-COMMERCE DASHBOARD
[2025-06-09T06:18:23.865+0000] {subprocess.py:93} INFO - ============================================================
[2025-06-09T06:18:23.865+0000] {subprocess.py:93} INFO - 👀 Total Views: 33
[2025-06-09T06:18:23.866+0000] {subprocess.py:93} INFO - 🛒 Total Cart Adds: 14
[2025-06-09T06:18:23.866+0000] {subprocess.py:93} INFO - ❤️  Total Wishlist Adds: 7
[2025-06-09T06:18:23.866+0000] {subprocess.py:93} INFO - 📦 Total Orders: 6
[2025-06-09T06:18:23.867+0000] {subprocess.py:93} INFO - 💰 Total Revenue: $14009.82
[2025-06-09T06:18:23.867+0000] {subprocess.py:93} INFO - 🕐 Last Updated: 2025-06-09T06:18:23.862297
[2025-06-09T06:18:23.867+0000] {subprocess.py:93} INFO - 
[2025-06-09T06:18:23.867+0000] {subprocess.py:93} INFO - 🔥 Recent Orders:
[2025-06-09T06:18:23.868+0000] {subprocess.py:93} INFO -   • order_33938: $2469.95 (4 items)
[2025-06-09T06:18:23.868+0000] {subprocess.py:93} INFO -   • order_85295: $3149.97 (3 items)
[2025-06-09T06:18:23.869+0000] {subprocess.py:93} INFO -   • order_85579: $279.98 (2 items)
[2025-06-09T06:18:23.869+0000] {subprocess.py:93} INFO -   • order_25114: $1999.99 (1 items)
[2025-06-09T06:18:23.869+0000] {subprocess.py:93} INFO -   • order_23787: $5109.94 (4 items)
[2025-06-09T06:18:23.870+0000] {subprocess.py:93} INFO - ============================================================
[2025-06-09T06:18:28.866+0000] {subprocess.py:93} INFO - ⏸️ No messages for 35.0s, checking for completion...
[2025-06-09T06:18:28.881+0000] {subprocess.py:93} INFO - 
[2025-06-09T06:18:28.881+0000] {subprocess.py:93} INFO - ============================================================
[2025-06-09T06:18:28.882+0000] {subprocess.py:93} INFO - 📊 REAL-TIME E-COMMERCE DASHBOARD
[2025-06-09T06:18:28.882+0000] {subprocess.py:93} INFO - ============================================================
[2025-06-09T06:18:28.882+0000] {subprocess.py:93} INFO - 👀 Total Views: 33
[2025-06-09T06:18:28.883+0000] {subprocess.py:93} INFO - 🛒 Total Cart Adds: 14
[2025-06-09T06:18:28.883+0000] {subprocess.py:93} INFO - ❤️  Total Wishlist Adds: 7
[2025-06-09T06:18:28.883+0000] {subprocess.py:93} INFO - 📦 Total Orders: 6
[2025-06-09T06:18:28.883+0000] {subprocess.py:93} INFO - 💰 Total Revenue: $14009.82
[2025-06-09T06:18:28.884+0000] {subprocess.py:93} INFO - 🕐 Last Updated: 2025-06-09T06:18:28.871607
[2025-06-09T06:18:28.884+0000] {subprocess.py:93} INFO - 
[2025-06-09T06:18:28.884+0000] {subprocess.py:93} INFO - 🔥 Recent Orders:
[2025-06-09T06:18:28.885+0000] {subprocess.py:93} INFO -   • order_33938: $2469.95 (4 items)
[2025-06-09T06:18:28.885+0000] {subprocess.py:93} INFO -   • order_85295: $3149.97 (3 items)
[2025-06-09T06:18:28.885+0000] {subprocess.py:93} INFO -   • order_85579: $279.98 (2 items)
[2025-06-09T06:18:28.885+0000] {subprocess.py:93} INFO -   • order_25114: $1999.99 (1 items)
[2025-06-09T06:18:28.886+0000] {subprocess.py:93} INFO -   • order_23787: $5109.94 (4 items)
[2025-06-09T06:18:28.886+0000] {subprocess.py:93} INFO - ============================================================
[2025-06-09T06:18:33.877+0000] {subprocess.py:93} INFO - ⏸️ No messages for 40.0s, checking for completion...
[2025-06-09T06:18:33.883+0000] {subprocess.py:93} INFO - 
[2025-06-09T06:18:33.883+0000] {subprocess.py:93} INFO - ============================================================
[2025-06-09T06:18:33.884+0000] {subprocess.py:93} INFO - 📊 REAL-TIME E-COMMERCE DASHBOARD
[2025-06-09T06:18:33.884+0000] {subprocess.py:93} INFO - ============================================================
[2025-06-09T06:18:33.884+0000] {subprocess.py:93} INFO - 👀 Total Views: 33
[2025-06-09T06:18:33.884+0000] {subprocess.py:93} INFO - 🛒 Total Cart Adds: 14
[2025-06-09T06:18:33.884+0000] {subprocess.py:93} INFO - ❤️  Total Wishlist Adds: 7
[2025-06-09T06:18:33.885+0000] {subprocess.py:93} INFO - 📦 Total Orders: 6
[2025-06-09T06:18:33.885+0000] {subprocess.py:93} INFO - 💰 Total Revenue: $14009.82
[2025-06-09T06:18:33.885+0000] {subprocess.py:93} INFO - 🕐 Last Updated: 2025-06-09T06:18:33.880524
[2025-06-09T06:18:33.885+0000] {subprocess.py:93} INFO - 
[2025-06-09T06:18:33.886+0000] {subprocess.py:93} INFO - 🔥 Recent Orders:
[2025-06-09T06:18:33.886+0000] {subprocess.py:93} INFO -   • order_33938: $2469.95 (4 items)
[2025-06-09T06:18:33.886+0000] {subprocess.py:93} INFO -   • order_85295: $3149.97 (3 items)
[2025-06-09T06:18:33.886+0000] {subprocess.py:93} INFO -   • order_85579: $279.98 (2 items)
[2025-06-09T06:18:33.886+0000] {subprocess.py:93} INFO -   • order_25114: $1999.99 (1 items)
[2025-06-09T06:18:33.887+0000] {subprocess.py:93} INFO -   • order_23787: $5109.94 (4 items)
[2025-06-09T06:18:33.887+0000] {subprocess.py:93} INFO - ============================================================
[2025-06-09T06:18:38.889+0000] {subprocess.py:93} INFO - ⏸️ No messages for 45.1s, checking for completion...
[2025-06-09T06:18:38.897+0000] {subprocess.py:93} INFO - 
[2025-06-09T06:18:38.898+0000] {subprocess.py:93} INFO - ============================================================
[2025-06-09T06:18:38.898+0000] {subprocess.py:93} INFO - 📊 REAL-TIME E-COMMERCE DASHBOARD
[2025-06-09T06:18:38.899+0000] {subprocess.py:93} INFO - ============================================================
[2025-06-09T06:18:38.899+0000] {subprocess.py:93} INFO - 👀 Total Views: 33
[2025-06-09T06:18:38.899+0000] {subprocess.py:93} INFO - 🛒 Total Cart Adds: 14
[2025-06-09T06:18:38.900+0000] {subprocess.py:93} INFO - ❤️  Total Wishlist Adds: 7
[2025-06-09T06:18:38.900+0000] {subprocess.py:93} INFO - 📦 Total Orders: 6
[2025-06-09T06:18:38.900+0000] {subprocess.py:93} INFO - 💰 Total Revenue: $14009.82
[2025-06-09T06:18:38.901+0000] {subprocess.py:93} INFO - 🕐 Last Updated: 2025-06-09T06:18:38.893575
[2025-06-09T06:18:38.901+0000] {subprocess.py:93} INFO - 
[2025-06-09T06:18:38.902+0000] {subprocess.py:93} INFO - 🔥 Recent Orders:
[2025-06-09T06:18:38.902+0000] {subprocess.py:93} INFO -   • order_33938: $2469.95 (4 items)
[2025-06-09T06:18:38.902+0000] {subprocess.py:93} INFO -   • order_85295: $3149.97 (3 items)
[2025-06-09T06:18:38.903+0000] {subprocess.py:93} INFO -   • order_85579: $279.98 (2 items)
[2025-06-09T06:18:38.903+0000] {subprocess.py:93} INFO -   • order_25114: $1999.99 (1 items)
[2025-06-09T06:18:38.903+0000] {subprocess.py:93} INFO -   • order_23787: $5109.94 (4 items)
[2025-06-09T06:18:38.904+0000] {subprocess.py:93} INFO - ============================================================
[2025-06-09T06:18:43.902+0000] {subprocess.py:93} INFO - ⏸️ No messages for 50.1s, checking for completion...
[2025-06-09T06:18:43.905+0000] {subprocess.py:93} INFO - 
[2025-06-09T06:18:43.905+0000] {subprocess.py:93} INFO - ============================================================
[2025-06-09T06:18:43.906+0000] {subprocess.py:93} INFO - 📊 REAL-TIME E-COMMERCE DASHBOARD
[2025-06-09T06:18:43.906+0000] {subprocess.py:93} INFO - ============================================================
[2025-06-09T06:18:43.906+0000] {subprocess.py:93} INFO - 👀 Total Views: 33
[2025-06-09T06:18:43.906+0000] {subprocess.py:93} INFO - 🛒 Total Cart Adds: 14
[2025-06-09T06:18:43.906+0000] {subprocess.py:93} INFO - ❤️  Total Wishlist Adds: 7
[2025-06-09T06:18:43.906+0000] {subprocess.py:93} INFO - 📦 Total Orders: 6
[2025-06-09T06:18:43.907+0000] {subprocess.py:93} INFO - 💰 Total Revenue: $14009.82
[2025-06-09T06:18:43.907+0000] {subprocess.py:93} INFO - 🕐 Last Updated: 2025-06-09T06:18:43.903672
[2025-06-09T06:18:43.907+0000] {subprocess.py:93} INFO - 
[2025-06-09T06:18:43.907+0000] {subprocess.py:93} INFO - 🔥 Recent Orders:
[2025-06-09T06:18:43.907+0000] {subprocess.py:93} INFO -   • order_33938: $2469.95 (4 items)
[2025-06-09T06:18:43.907+0000] {subprocess.py:93} INFO -   • order_85295: $3149.97 (3 items)
[2025-06-09T06:18:43.907+0000] {subprocess.py:93} INFO -   • order_85579: $279.98 (2 items)
[2025-06-09T06:18:43.908+0000] {subprocess.py:93} INFO -   • order_25114: $1999.99 (1 items)
[2025-06-09T06:18:43.908+0000] {subprocess.py:93} INFO -   • order_23787: $5109.94 (4 items)
[2025-06-09T06:18:43.908+0000] {subprocess.py:93} INFO - ============================================================
[2025-06-09T06:18:48.905+0000] {subprocess.py:93} INFO - ⏸️ No messages for 55.1s, checking for completion...
[2025-06-09T06:18:48.908+0000] {subprocess.py:93} INFO - 
[2025-06-09T06:18:48.908+0000] {subprocess.py:93} INFO - ============================================================
[2025-06-09T06:18:48.908+0000] {subprocess.py:93} INFO - 📊 REAL-TIME E-COMMERCE DASHBOARD
[2025-06-09T06:18:48.908+0000] {subprocess.py:93} INFO - ============================================================
[2025-06-09T06:18:48.908+0000] {subprocess.py:93} INFO - 👀 Total Views: 33
[2025-06-09T06:18:48.908+0000] {subprocess.py:93} INFO - 🛒 Total Cart Adds: 14
[2025-06-09T06:18:48.909+0000] {subprocess.py:93} INFO - ❤️  Total Wishlist Adds: 7
[2025-06-09T06:18:48.909+0000] {subprocess.py:93} INFO - 📦 Total Orders: 6
[2025-06-09T06:18:48.909+0000] {subprocess.py:93} INFO - 💰 Total Revenue: $14009.82
[2025-06-09T06:18:48.909+0000] {subprocess.py:93} INFO - 🕐 Last Updated: 2025-06-09T06:18:48.906701
[2025-06-09T06:18:48.909+0000] {subprocess.py:93} INFO - 
[2025-06-09T06:18:48.909+0000] {subprocess.py:93} INFO - 🔥 Recent Orders:
[2025-06-09T06:18:48.909+0000] {subprocess.py:93} INFO -   • order_33938: $2469.95 (4 items)
[2025-06-09T06:18:48.909+0000] {subprocess.py:93} INFO -   • order_85295: $3149.97 (3 items)
[2025-06-09T06:18:48.909+0000] {subprocess.py:93} INFO -   • order_85579: $279.98 (2 items)
[2025-06-09T06:18:48.910+0000] {subprocess.py:93} INFO -   • order_25114: $1999.99 (1 items)
[2025-06-09T06:18:48.910+0000] {subprocess.py:93} INFO -   • order_23787: $5109.94 (4 items)
[2025-06-09T06:18:48.910+0000] {subprocess.py:93} INFO - ============================================================
[2025-06-09T06:18:53.908+0000] {subprocess.py:93} INFO - ⏸️ No messages for 60.1s, checking for completion...
[2025-06-09T06:18:53.917+0000] {subprocess.py:93} INFO - 
[2025-06-09T06:18:53.917+0000] {subprocess.py:93} INFO - ============================================================
[2025-06-09T06:18:53.918+0000] {subprocess.py:93} INFO - 📊 REAL-TIME E-COMMERCE DASHBOARD
[2025-06-09T06:18:53.918+0000] {subprocess.py:93} INFO - ============================================================
[2025-06-09T06:18:53.918+0000] {subprocess.py:93} INFO - 👀 Total Views: 33
[2025-06-09T06:18:53.918+0000] {subprocess.py:93} INFO - 🛒 Total Cart Adds: 14
[2025-06-09T06:18:53.918+0000] {subprocess.py:93} INFO - ❤️  Total Wishlist Adds: 7
[2025-06-09T06:18:53.918+0000] {subprocess.py:93} INFO - 📦 Total Orders: 6
[2025-06-09T06:18:53.918+0000] {subprocess.py:93} INFO - 💰 Total Revenue: $14009.82
[2025-06-09T06:18:53.918+0000] {subprocess.py:93} INFO - 🕐 Last Updated: 2025-06-09T06:18:53.912264
[2025-06-09T06:18:53.918+0000] {subprocess.py:93} INFO - 
[2025-06-09T06:18:53.919+0000] {subprocess.py:93} INFO - 🔥 Recent Orders:
[2025-06-09T06:18:53.919+0000] {subprocess.py:93} INFO -   • order_33938: $2469.95 (4 items)
[2025-06-09T06:18:53.919+0000] {subprocess.py:93} INFO -   • order_85295: $3149.97 (3 items)
[2025-06-09T06:18:53.919+0000] {subprocess.py:93} INFO -   • order_85579: $279.98 (2 items)
[2025-06-09T06:18:53.919+0000] {subprocess.py:93} INFO -   • order_25114: $1999.99 (1 items)
[2025-06-09T06:18:53.919+0000] {subprocess.py:93} INFO -   • order_23787: $5109.94 (4 items)
[2025-06-09T06:18:53.919+0000] {subprocess.py:93} INFO - ============================================================
[2025-06-09T06:18:58.915+0000] {subprocess.py:93} INFO - ⏸️ No messages for 65.1s, checking for completion...
[2025-06-09T06:18:58.921+0000] {subprocess.py:93} INFO - 
[2025-06-09T06:18:58.922+0000] {subprocess.py:93} INFO - ============================================================
[2025-06-09T06:18:58.922+0000] {subprocess.py:93} INFO - 📊 REAL-TIME E-COMMERCE DASHBOARD
[2025-06-09T06:18:58.922+0000] {subprocess.py:93} INFO - ============================================================
[2025-06-09T06:18:58.922+0000] {subprocess.py:93} INFO - 👀 Total Views: 33
[2025-06-09T06:18:58.923+0000] {subprocess.py:93} INFO - 🛒 Total Cart Adds: 14
[2025-06-09T06:18:58.923+0000] {subprocess.py:93} INFO - ❤️  Total Wishlist Adds: 7
[2025-06-09T06:18:58.923+0000] {subprocess.py:93} INFO - 📦 Total Orders: 6
[2025-06-09T06:18:58.923+0000] {subprocess.py:93} INFO - 💰 Total Revenue: $14009.82
[2025-06-09T06:18:58.923+0000] {subprocess.py:93} INFO - 🕐 Last Updated: 2025-06-09T06:18:58.917088
[2025-06-09T06:18:58.924+0000] {subprocess.py:93} INFO - 
[2025-06-09T06:18:58.924+0000] {subprocess.py:93} INFO - 🔥 Recent Orders:
[2025-06-09T06:18:58.924+0000] {subprocess.py:93} INFO -   • order_33938: $2469.95 (4 items)
[2025-06-09T06:18:58.924+0000] {subprocess.py:93} INFO -   • order_85295: $3149.97 (3 items)
[2025-06-09T06:18:58.924+0000] {subprocess.py:93} INFO -   • order_85579: $279.98 (2 items)
[2025-06-09T06:18:58.925+0000] {subprocess.py:93} INFO -   • order_25114: $1999.99 (1 items)
[2025-06-09T06:18:58.925+0000] {subprocess.py:93} INFO -   • order_23787: $5109.94 (4 items)
[2025-06-09T06:18:58.925+0000] {subprocess.py:93} INFO - ============================================================
[2025-06-09T06:19:03.921+0000] {subprocess.py:93} INFO - ⏸️ No messages for 70.1s, checking for completion...
[2025-06-09T06:19:03.929+0000] {subprocess.py:93} INFO - 
[2025-06-09T06:19:03.929+0000] {subprocess.py:93} INFO - ============================================================
[2025-06-09T06:19:03.929+0000] {subprocess.py:93} INFO - 📊 REAL-TIME E-COMMERCE DASHBOARD
[2025-06-09T06:19:03.929+0000] {subprocess.py:93} INFO - ============================================================
[2025-06-09T06:19:03.929+0000] {subprocess.py:93} INFO - 👀 Total Views: 33
[2025-06-09T06:19:03.929+0000] {subprocess.py:93} INFO - 🛒 Total Cart Adds: 14
[2025-06-09T06:19:03.929+0000] {subprocess.py:93} INFO - ❤️  Total Wishlist Adds: 7
[2025-06-09T06:19:03.930+0000] {subprocess.py:93} INFO - 📦 Total Orders: 6
[2025-06-09T06:19:03.930+0000] {subprocess.py:93} INFO - 💰 Total Revenue: $14009.82
[2025-06-09T06:19:03.930+0000] {subprocess.py:93} INFO - 🕐 Last Updated: 2025-06-09T06:19:03.926327
[2025-06-09T06:19:03.930+0000] {subprocess.py:93} INFO - 
[2025-06-09T06:19:03.930+0000] {subprocess.py:93} INFO - 🔥 Recent Orders:
[2025-06-09T06:19:03.930+0000] {subprocess.py:93} INFO -   • order_33938: $2469.95 (4 items)
[2025-06-09T06:19:03.930+0000] {subprocess.py:93} INFO -   • order_85295: $3149.97 (3 items)
[2025-06-09T06:19:03.931+0000] {subprocess.py:93} INFO -   • order_85579: $279.98 (2 items)
[2025-06-09T06:19:03.931+0000] {subprocess.py:93} INFO -   • order_25114: $1999.99 (1 items)
[2025-06-09T06:19:03.931+0000] {subprocess.py:93} INFO -   • order_23787: $5109.94 (4 items)
[2025-06-09T06:19:03.931+0000] {subprocess.py:93} INFO - ============================================================
[2025-06-09T06:19:08.929+0000] {subprocess.py:93} INFO - ⏸️ No messages for 75.1s, checking for completion...
[2025-06-09T06:19:08.936+0000] {subprocess.py:93} INFO - 
[2025-06-09T06:19:08.936+0000] {subprocess.py:93} INFO - ============================================================
[2025-06-09T06:19:08.936+0000] {subprocess.py:93} INFO - 📊 REAL-TIME E-COMMERCE DASHBOARD
[2025-06-09T06:19:08.936+0000] {subprocess.py:93} INFO - ============================================================
[2025-06-09T06:19:08.936+0000] {subprocess.py:93} INFO - 👀 Total Views: 33
[2025-06-09T06:19:08.937+0000] {subprocess.py:93} INFO - 🛒 Total Cart Adds: 14
[2025-06-09T06:19:08.937+0000] {subprocess.py:93} INFO - ❤️  Total Wishlist Adds: 7
[2025-06-09T06:19:08.937+0000] {subprocess.py:93} INFO - 📦 Total Orders: 6
[2025-06-09T06:19:08.937+0000] {subprocess.py:93} INFO - 💰 Total Revenue: $14009.82
[2025-06-09T06:19:08.937+0000] {subprocess.py:93} INFO - 🕐 Last Updated: 2025-06-09T06:19:08.932539
[2025-06-09T06:19:08.937+0000] {subprocess.py:93} INFO - 
[2025-06-09T06:19:08.937+0000] {subprocess.py:93} INFO - 🔥 Recent Orders:
[2025-06-09T06:19:08.937+0000] {subprocess.py:93} INFO -   • order_33938: $2469.95 (4 items)
[2025-06-09T06:19:08.937+0000] {subprocess.py:93} INFO -   • order_85295: $3149.97 (3 items)
[2025-06-09T06:19:08.937+0000] {subprocess.py:93} INFO -   • order_85579: $279.98 (2 items)
[2025-06-09T06:19:08.937+0000] {subprocess.py:93} INFO -   • order_25114: $1999.99 (1 items)
[2025-06-09T06:19:08.937+0000] {subprocess.py:93} INFO -   • order_23787: $5109.94 (4 items)
[2025-06-09T06:19:08.938+0000] {subprocess.py:93} INFO - ============================================================
[2025-06-09T06:19:13.935+0000] {subprocess.py:93} INFO - ⏸️ No messages for 80.1s, checking for completion...
[2025-06-09T06:19:13.946+0000] {subprocess.py:93} INFO - 
[2025-06-09T06:19:13.947+0000] {subprocess.py:93} INFO - ============================================================
[2025-06-09T06:19:13.947+0000] {subprocess.py:93} INFO - 📊 REAL-TIME E-COMMERCE DASHBOARD
[2025-06-09T06:19:13.948+0000] {subprocess.py:93} INFO - ============================================================
[2025-06-09T06:19:13.948+0000] {subprocess.py:93} INFO - 👀 Total Views: 33
[2025-06-09T06:19:13.948+0000] {subprocess.py:93} INFO - 🛒 Total Cart Adds: 14
[2025-06-09T06:19:13.949+0000] {subprocess.py:93} INFO - ❤️  Total Wishlist Adds: 7
[2025-06-09T06:19:13.949+0000] {subprocess.py:93} INFO - 📦 Total Orders: 6
[2025-06-09T06:19:13.949+0000] {subprocess.py:93} INFO - 💰 Total Revenue: $14009.82
[2025-06-09T06:19:13.949+0000] {subprocess.py:93} INFO - 🕐 Last Updated: 2025-06-09T06:19:13.939642
[2025-06-09T06:19:13.950+0000] {subprocess.py:93} INFO - 
[2025-06-09T06:19:13.950+0000] {subprocess.py:93} INFO - 🔥 Recent Orders:
[2025-06-09T06:19:13.950+0000] {subprocess.py:93} INFO -   • order_33938: $2469.95 (4 items)
[2025-06-09T06:19:13.951+0000] {subprocess.py:93} INFO -   • order_85295: $3149.97 (3 items)
[2025-06-09T06:19:13.951+0000] {subprocess.py:93} INFO -   • order_85579: $279.98 (2 items)
[2025-06-09T06:19:13.951+0000] {subprocess.py:93} INFO -   • order_25114: $1999.99 (1 items)
[2025-06-09T06:19:13.952+0000] {subprocess.py:93} INFO -   • order_23787: $5109.94 (4 items)
[2025-06-09T06:19:13.952+0000] {subprocess.py:93} INFO - ============================================================
[2025-06-09T06:19:18.942+0000] {subprocess.py:93} INFO - ⏸️ No messages for 85.1s, checking for completion...
[2025-06-09T06:19:18.949+0000] {subprocess.py:93} INFO - 
[2025-06-09T06:19:18.950+0000] {subprocess.py:93} INFO - ============================================================
[2025-06-09T06:19:18.950+0000] {subprocess.py:93} INFO - 📊 REAL-TIME E-COMMERCE DASHBOARD
[2025-06-09T06:19:18.951+0000] {subprocess.py:93} INFO - ============================================================
[2025-06-09T06:19:18.952+0000] {subprocess.py:93} INFO - 👀 Total Views: 33
[2025-06-09T06:19:18.952+0000] {subprocess.py:93} INFO - 🛒 Total Cart Adds: 14
[2025-06-09T06:19:18.953+0000] {subprocess.py:93} INFO - ❤️  Total Wishlist Adds: 7
[2025-06-09T06:19:18.953+0000] {subprocess.py:93} INFO - 📦 Total Orders: 6
[2025-06-09T06:19:18.953+0000] {subprocess.py:93} INFO - 💰 Total Revenue: $14009.82
[2025-06-09T06:19:18.954+0000] {subprocess.py:93} INFO - 🕐 Last Updated: 2025-06-09T06:19:18.945678
[2025-06-09T06:19:18.954+0000] {subprocess.py:93} INFO - 
[2025-06-09T06:19:18.955+0000] {subprocess.py:93} INFO - 🔥 Recent Orders:
[2025-06-09T06:19:18.955+0000] {subprocess.py:93} INFO -   • order_33938: $2469.95 (4 items)
[2025-06-09T06:19:18.955+0000] {subprocess.py:93} INFO -   • order_85295: $3149.97 (3 items)
[2025-06-09T06:19:18.956+0000] {subprocess.py:93} INFO -   • order_85579: $279.98 (2 items)
[2025-06-09T06:19:18.956+0000] {subprocess.py:93} INFO -   • order_25114: $1999.99 (1 items)
[2025-06-09T06:19:18.956+0000] {subprocess.py:93} INFO -   • order_23787: $5109.94 (4 items)
[2025-06-09T06:19:18.957+0000] {subprocess.py:93} INFO - ============================================================
[2025-06-09T06:19:18.958+0000] {subprocess.py:93} INFO - ⏰ Timeout reached (90s), stopping consumer
[2025-06-09T06:19:18.959+0000] {subprocess.py:93} INFO - 2025-06-09 06:19:18,954 - kafka.coordinator.heartbeat - INFO - Stopping heartbeat thread
[2025-06-09T06:19:21.985+0000] {subprocess.py:93} INFO - 2025-06-09 06:19:21,962 - kafka.coordinator.heartbeat - WARNING - Heartbeat thread did not fully terminate during close
[2025-06-09T06:19:21.999+0000] {subprocess.py:93} INFO - 2025-06-09 06:19:21,978 - kafka.coordinator - INFO - Leaving consumer group (ecommerce-analytics-20250609).
[2025-06-09T06:19:22.033+0000] {subprocess.py:93} INFO - 2025-06-09 06:19:22,032 - kafka.coordinator - INFO - LeaveGroup request for group ecommerce-analytics-20250609 returned successfully
[2025-06-09T06:19:22.035+0000] {subprocess.py:93} INFO - 2025-06-09 06:19:22,033 - kafka.conn - INFO - <BrokerConnection client_id=kafka-python-2.2.11, node_id=1 host=kafka:29092 <connected> [IPv4 ('172.18.0.5', 29092)]>: Closing connection.
[2025-06-09T06:19:22.038+0000] {subprocess.py:93} INFO - 2025-06-09 06:19:22,038 - kafka.conn - INFO - <BrokerConnection client_id=kafka-python-2.2.11, node_id=coordinator-1 host=kafka:29092 <connected> [IPv4 ('172.18.0.5', 29092)]>: Closing connection.
[2025-06-09T06:19:22.039+0000] {subprocess.py:93} INFO - ✅ Kafka consumer closed
[2025-06-09T06:19:22.039+0000] {subprocess.py:93} INFO - ✅ Redis connection closed
[2025-06-09T06:19:22.040+0000] {subprocess.py:93} INFO - 👋 Consumer completed after processing 40 messages in 96.6 seconds
[2025-06-09T06:19:22.047+0000] {subprocess.py:93} INFO - 
[2025-06-09T06:19:22.052+0000] {subprocess.py:93} INFO - ============================================================
[2025-06-09T06:19:22.053+0000] {subprocess.py:93} INFO - 📊 REAL-TIME E-COMMERCE DASHBOARD
[2025-06-09T06:19:22.053+0000] {subprocess.py:93} INFO - ============================================================
[2025-06-09T06:19:22.053+0000] {subprocess.py:93} INFO - 👀 Total Views: 33
[2025-06-09T06:19:22.054+0000] {subprocess.py:93} INFO - 🛒 Total Cart Adds: 14
[2025-06-09T06:19:22.054+0000] {subprocess.py:93} INFO - ❤️  Total Wishlist Adds: 7
[2025-06-09T06:19:22.058+0000] {subprocess.py:93} INFO - 📦 Total Orders: 6
[2025-06-09T06:19:22.059+0000] {subprocess.py:93} INFO - 💰 Total Revenue: $14009.82
[2025-06-09T06:19:22.060+0000] {subprocess.py:93} INFO - 🕐 Last Updated: 2025-06-09T06:19:22.047000
[2025-06-09T06:19:22.062+0000] {subprocess.py:93} INFO - 
[2025-06-09T06:19:22.063+0000] {subprocess.py:93} INFO - 🔥 Recent Orders:
[2025-06-09T06:19:22.065+0000] {subprocess.py:93} INFO -   • order_33938: $2469.95 (4 items)
[2025-06-09T06:19:22.066+0000] {subprocess.py:93} INFO -   • order_85295: $3149.97 (3 items)
[2025-06-09T06:19:22.066+0000] {subprocess.py:93} INFO -   • order_85579: $279.98 (2 items)
[2025-06-09T06:19:22.066+0000] {subprocess.py:93} INFO -   • order_25114: $1999.99 (1 items)
[2025-06-09T06:19:22.066+0000] {subprocess.py:93} INFO -   • order_23787: $5109.94 (4 items)
[2025-06-09T06:19:22.066+0000] {subprocess.py:93} INFO - ============================================================
[2025-06-09T06:19:22.132+0000] {subprocess.py:97} INFO - Command exited with return code 0
[2025-06-09T06:19:22.159+0000] {taskinstance.py:1138} INFO - Marking task as SUCCESS. dag_id=kafka_ecommerce_pipeline, task_id=run_kafka_consumer, execution_date=20250609T061720, start_date=20250609T061744, end_date=20250609T061922
[2025-06-09T06:19:22.189+0000] {local_task_job_runner.py:234} INFO - Task exited with return code 0
[2025-06-09T06:19:22.234+0000] {taskinstance.py:3280} INFO - 1 downstream tasks scheduled from follow-on schedule check
