[2025-06-09T09:46:23.926+0000] {taskinstance.py:1956} INFO - Dependencies all met for dep_context=non-requeueable deps ti=<TaskInstance: kafka_ecommerce_pipeline.run_kafka_producer scheduled__2025-06-09T09:45:00+00:00 [queued]>
[2025-06-09T09:46:23.930+0000] {taskinstance.py:1956} INFO - Dependencies all met for dep_context=requeueable deps ti=<TaskInstance: kafka_ecommerce_pipeline.run_kafka_producer scheduled__2025-06-09T09:45:00+00:00 [queued]>
[2025-06-09T09:46:23.931+0000] {taskinstance.py:2170} INFO - Starting attempt 1 of 3
[2025-06-09T09:46:23.936+0000] {taskinstance.py:2191} INFO - Executing <Task(BashOperator): run_kafka_producer> on 2025-06-09 09:45:00+00:00
[2025-06-09T09:46:23.939+0000] {standard_task_runner.py:60} INFO - Started process 348 to run task
[2025-06-09T09:46:23.942+0000] {standard_task_runner.py:87} INFO - Running: ['***', 'tasks', 'run', 'kafka_ecommerce_pipeline', 'run_kafka_producer', 'scheduled__2025-06-09T09:45:00+00:00', '--job-id', '27', '--raw', '--subdir', 'DAGS_FOLDER/kafka_data_pipeline.py', '--cfg-path', '/tmp/tmp1yew3s3p']
[2025-06-09T09:46:23.942+0000] {standard_task_runner.py:88} INFO - Job 27: Subtask run_kafka_producer
[2025-06-09T09:46:23.978+0000] {task_command.py:423} INFO - Running <TaskInstance: kafka_ecommerce_pipeline.run_kafka_producer scheduled__2025-06-09T09:45:00+00:00 [running]> on host e695025acf97
[2025-06-09T09:46:24.038+0000] {taskinstance.py:2480} INFO - Exporting env vars: AIRFLOW_CTX_DAG_OWNER='data-engineering-team' AIRFLOW_CTX_DAG_ID='kafka_ecommerce_pipeline' AIRFLOW_CTX_TASK_ID='run_kafka_producer' AIRFLOW_CTX_EXECUTION_DATE='2025-06-09T09:45:00+00:00' AIRFLOW_CTX_TRY_NUMBER='1' AIRFLOW_CTX_DAG_RUN_ID='scheduled__2025-06-09T09:45:00+00:00'
[2025-06-09T09:46:24.039+0000] {subprocess.py:63} INFO - Tmp dir root location: /tmp
[2025-06-09T09:46:24.040+0000] {subprocess.py:75} INFO - Running command: ['/usr/bin/bash', '-c', 'cd /opt/***/ecom_etl/ && python kafka_scripts/producer.py']
[2025-06-09T09:46:24.046+0000] {subprocess.py:86} INFO - Output:
[2025-06-09T09:46:24.323+0000] {subprocess.py:93} INFO - 🚀 Starting E-Commerce Event Producer
[2025-06-09T09:46:24.326+0000] {subprocess.py:93} INFO - 🔗 Kafka Bootstrap Servers: kafka:29092
[2025-06-09T09:46:24.327+0000] {subprocess.py:93} INFO - 🚀 Initializing Kafka producer with bootstrap servers: kafka:29092
[2025-06-09T09:46:24.373+0000] {subprocess.py:93} INFO - ⚠️ Error creating topics: [Error 36] TopicAlreadyExistsError: Request 'CreateTopicsRequest_v3(create_topic_requests=[(topic='ecommerce.product.views', num_partitions=3, replication_factor=1, replica_assignment=[], configs=[]), (topic='ecommerce.cart.add', num_partitions=3, replication_factor=1, replica_assignment=[], configs=[]), (topic='ecommerce.wishlist.add', num_partitions=3, replication_factor=1, replica_assignment=[], configs=[]), (topic='ecommerce.orders.completed', num_partitions=3, replication_factor=1, replica_assignment=[], configs=[])], timeout=30000, validate_only=False)' failed with response 'CreateTopicsResponse_v3(throttle_time_ms=0, topic_errors=[(topic='ecommerce.product.views', error_code=36, error_message="Topic 'ecommerce.product.views' already exists."), (topic='ecommerce.cart.add', error_code=36, error_message="Topic 'ecommerce.cart.add' already exists."), (topic='ecommerce.wishlist.add', error_code=36, error_message="Topic 'ecommerce.wishlist.add' already exists."), (topic='ecommerce.orders.completed', error_code=36, error_message="Topic 'ecommerce.orders.completed' already exists.")])'.
[2025-06-09T09:46:24.409+0000] {subprocess.py:93} INFO - ✅ Successfully connected to Kafka
[2025-06-09T09:46:24.409+0000] {subprocess.py:93} INFO - 📤 Sending 50 sample events...
[2025-06-09T09:46:24.500+0000] {subprocess.py:93} INFO - ✅ Sent to ecommerce.orders.completed: order_completed (partition: 2, offset: 9)
[2025-06-09T09:46:24.605+0000] {subprocess.py:93} INFO - ✅ Sent to ecommerce.product.views: product_view (partition: 1, offset: 23)
[2025-06-09T09:46:24.709+0000] {subprocess.py:93} INFO - ✅ Sent to ecommerce.product.views: product_view (partition: 0, offset: 23)
[2025-06-09T09:46:24.816+0000] {subprocess.py:93} INFO - ✅ Sent to ecommerce.cart.add: add_to_cart (partition: 2, offset: 13)
[2025-06-09T09:46:24.920+0000] {subprocess.py:93} INFO - ✅ Sent to ecommerce.product.views: product_view (partition: 0, offset: 24)
[2025-06-09T09:46:25.026+0000] {subprocess.py:93} INFO - ✅ Sent to ecommerce.product.views: product_view (partition: 1, offset: 24)
[2025-06-09T09:46:25.129+0000] {subprocess.py:93} INFO - ✅ Sent to ecommerce.cart.add: add_to_cart (partition: 2, offset: 14)
[2025-06-09T09:46:25.233+0000] {subprocess.py:93} INFO - ✅ Sent to ecommerce.wishlist.add: add_to_wishlist (partition: 2, offset: 8)
[2025-06-09T09:46:25.336+0000] {subprocess.py:93} INFO - ✅ Sent to ecommerce.product.views: product_view (partition: 1, offset: 25)
[2025-06-09T09:46:25.441+0000] {subprocess.py:93} INFO - ✅ Sent to ecommerce.cart.add: add_to_cart (partition: 2, offset: 15)
[2025-06-09T09:46:25.544+0000] {subprocess.py:93} INFO - 📊 Sent 10/50 events...
[2025-06-09T09:46:25.552+0000] {subprocess.py:93} INFO - ✅ Sent to ecommerce.orders.completed: order_completed (partition: 0, offset: 2)
[2025-06-09T09:46:25.670+0000] {subprocess.py:93} INFO - ✅ Sent to ecommerce.product.views: product_view (partition: 2, offset: 29)
[2025-06-09T09:46:25.786+0000] {subprocess.py:93} INFO - ✅ Sent to ecommerce.cart.add: add_to_cart (partition: 1, offset: 10)
[2025-06-09T09:46:25.891+0000] {subprocess.py:93} INFO - ✅ Sent to ecommerce.product.views: product_view (partition: 1, offset: 26)
[2025-06-09T09:46:25.996+0000] {subprocess.py:93} INFO - ✅ Sent to ecommerce.wishlist.add: add_to_wishlist (partition: 2, offset: 9)
[2025-06-09T09:46:26.120+0000] {subprocess.py:93} INFO - ✅ Sent to ecommerce.cart.add: add_to_cart (partition: 0, offset: 16)
[2025-06-09T09:46:26.229+0000] {subprocess.py:93} INFO - ✅ Sent to ecommerce.product.views: product_view (partition: 0, offset: 25)
[2025-06-09T09:46:26.334+0000] {subprocess.py:93} INFO - ✅ Sent to ecommerce.product.views: product_view (partition: 0, offset: 26)
[2025-06-09T09:46:26.441+0000] {subprocess.py:93} INFO - ✅ Sent to ecommerce.cart.add: add_to_cart (partition: 2, offset: 16)
[2025-06-09T09:46:26.548+0000] {subprocess.py:93} INFO - ✅ Sent to ecommerce.product.views: product_view (partition: 0, offset: 27)
[2025-06-09T09:46:26.651+0000] {subprocess.py:93} INFO - 📊 Sent 20/50 events...
[2025-06-09T09:46:26.660+0000] {subprocess.py:93} INFO - ✅ Sent to ecommerce.orders.completed: order_completed (partition: 1, offset: 4)
[2025-06-09T09:46:26.766+0000] {subprocess.py:93} INFO - ✅ Sent to ecommerce.wishlist.add: add_to_wishlist (partition: 2, offset: 10)
[2025-06-09T09:46:26.872+0000] {subprocess.py:93} INFO - ✅ Sent to ecommerce.product.views: product_view (partition: 1, offset: 27)
[2025-06-09T09:46:26.978+0000] {subprocess.py:93} INFO - ✅ Sent to ecommerce.product.views: product_view (partition: 0, offset: 28)
[2025-06-09T09:46:27.082+0000] {subprocess.py:93} INFO - ✅ Sent to ecommerce.cart.add: add_to_cart (partition: 1, offset: 11)
[2025-06-09T09:46:27.187+0000] {subprocess.py:93} INFO - ✅ Sent to ecommerce.product.views: product_view (partition: 0, offset: 29)
[2025-06-09T09:46:27.292+0000] {subprocess.py:93} INFO - ✅ Sent to ecommerce.product.views: product_view (partition: 0, offset: 30)
[2025-06-09T09:46:27.398+0000] {subprocess.py:93} INFO - ✅ Sent to ecommerce.cart.add: add_to_cart (partition: 1, offset: 12)
[2025-06-09T09:46:27.503+0000] {subprocess.py:93} INFO - ✅ Sent to ecommerce.wishlist.add: add_to_wishlist (partition: 2, offset: 11)
[2025-06-09T09:46:27.606+0000] {subprocess.py:93} INFO - ✅ Sent to ecommerce.product.views: product_view (partition: 0, offset: 31)
[2025-06-09T09:46:27.707+0000] {subprocess.py:93} INFO - 📊 Sent 30/50 events...
[2025-06-09T09:46:27.710+0000] {subprocess.py:93} INFO - ✅ Sent to ecommerce.orders.completed: order_completed (partition: 2, offset: 10)
[2025-06-09T09:46:27.814+0000] {subprocess.py:93} INFO - ✅ Sent to ecommerce.product.views: product_view (partition: 0, offset: 32)
[2025-06-09T09:46:27.918+0000] {subprocess.py:93} INFO - ✅ Sent to ecommerce.product.views: product_view (partition: 2, offset: 30)
[2025-06-09T09:46:28.022+0000] {subprocess.py:93} INFO - ✅ Sent to ecommerce.cart.add: add_to_cart (partition: 0, offset: 17)
[2025-06-09T09:46:28.126+0000] {subprocess.py:93} INFO - ✅ Sent to ecommerce.product.views: product_view (partition: 0, offset: 33)
[2025-06-09T09:46:28.230+0000] {subprocess.py:93} INFO - ✅ Sent to ecommerce.wishlist.add: add_to_wishlist (partition: 2, offset: 12)
[2025-06-09T09:46:28.335+0000] {subprocess.py:93} INFO - ✅ Sent to ecommerce.cart.add: add_to_cart (partition: 2, offset: 17)
[2025-06-09T09:46:28.438+0000] {subprocess.py:93} INFO - ✅ Sent to ecommerce.product.views: product_view (partition: 2, offset: 31)
[2025-06-09T09:46:28.542+0000] {subprocess.py:93} INFO - ✅ Sent to ecommerce.product.views: product_view (partition: 1, offset: 28)
[2025-06-09T09:46:28.653+0000] {subprocess.py:93} INFO - ✅ Sent to ecommerce.cart.add: add_to_cart (partition: 0, offset: 18)
[2025-06-09T09:46:28.753+0000] {subprocess.py:93} INFO - 📊 Sent 40/50 events...
[2025-06-09T09:46:28.758+0000] {subprocess.py:93} INFO - ✅ Sent to ecommerce.orders.completed: order_completed (partition: 0, offset: 3)
[2025-06-09T09:46:28.865+0000] {subprocess.py:93} INFO - ✅ Sent to ecommerce.product.views: product_view (partition: 1, offset: 29)
[2025-06-09T09:46:28.977+0000] {subprocess.py:93} INFO - ✅ Sent to ecommerce.wishlist.add: add_to_wishlist (partition: 0, offset: 5)
[2025-06-09T09:46:29.085+0000] {subprocess.py:93} INFO - ✅ Sent to ecommerce.product.views: product_view (partition: 1, offset: 30)
[2025-06-09T09:46:29.190+0000] {subprocess.py:93} INFO - ✅ Sent to ecommerce.product.views: product_view (partition: 1, offset: 31)
[2025-06-09T09:46:29.296+0000] {subprocess.py:93} INFO - ✅ Sent to ecommerce.cart.add: add_to_cart (partition: 1, offset: 13)
[2025-06-09T09:46:29.403+0000] {subprocess.py:93} INFO - ✅ Sent to ecommerce.product.views: product_view (partition: 1, offset: 32)
[2025-06-09T09:46:29.508+0000] {subprocess.py:93} INFO - ✅ Sent to ecommerce.product.views: product_view (partition: 0, offset: 34)
[2025-06-09T09:46:29.612+0000] {subprocess.py:93} INFO - ✅ Sent to ecommerce.cart.add: add_to_cart (partition: 2, offset: 18)
[2025-06-09T09:46:29.715+0000] {subprocess.py:93} INFO - ✅ Sent to ecommerce.wishlist.add: add_to_wishlist (partition: 2, offset: 13)
[2025-06-09T09:46:29.816+0000] {subprocess.py:93} INFO - 📊 Sent 50/50 events...
[2025-06-09T09:46:29.817+0000] {subprocess.py:93} INFO - ✅ Batch complete: 50 events sent successfully
[2025-06-09T09:46:29.818+0000] {subprocess.py:93} INFO - ✅ Producer closed successfully
[2025-06-09T09:46:29.868+0000] {subprocess.py:97} INFO - Command exited with return code 0
[2025-06-09T09:46:29.902+0000] {taskinstance.py:1138} INFO - Marking task as SUCCESS. dag_id=kafka_ecommerce_pipeline, task_id=run_kafka_producer, execution_date=20250609T094500, start_date=20250609T094623, end_date=20250609T094629
[2025-06-09T09:46:29.931+0000] {local_task_job_runner.py:234} INFO - Task exited with return code 0
[2025-06-09T09:46:29.974+0000] {taskinstance.py:3280} INFO - 1 downstream tasks scheduled from follow-on schedule check
