[2025-06-09T05:40:22.428+0000] {taskinstance.py:1956} INFO - Dependencies all met for dep_context=non-requeueable deps ti=<TaskInstance: kafka_ecommerce_pipeline.verify_pipeline_results scheduled__2025-06-09T05:30:00+00:00 [queued]>
[2025-06-09T05:40:22.433+0000] {taskinstance.py:1956} INFO - Dependencies all met for dep_context=requeueable deps ti=<TaskInstance: kafka_ecommerce_pipeline.verify_pipeline_results scheduled__2025-06-09T05:30:00+00:00 [queued]>
[2025-06-09T05:40:22.433+0000] {taskinstance.py:2170} INFO - Starting attempt 1 of 3
[2025-06-09T05:40:22.439+0000] {taskinstance.py:2191} INFO - Executing <Task(PythonOperator): verify_pipeline_results> on 2025-06-09 05:30:00+00:00
[2025-06-09T05:40:22.442+0000] {standard_task_runner.py:60} INFO - Started process 228 to run task
[2025-06-09T05:40:22.446+0000] {standard_task_runner.py:87} INFO - Running: ['***', 'tasks', 'run', 'kafka_ecommerce_pipeline', 'verify_pipeline_results', 'scheduled__2025-06-09T05:30:00+00:00', '--job-id', '7', '--raw', '--subdir', 'DAGS_FOLDER/kafka_data_pipeline.py', '--cfg-path', '/tmp/tmp28bsbyvc']
[2025-06-09T05:40:22.452+0000] {standard_task_runner.py:88} INFO - Job 7: Subtask verify_pipeline_results
[2025-06-09T05:40:22.488+0000] {task_command.py:423} INFO - Running <TaskInstance: kafka_ecommerce_pipeline.verify_pipeline_results scheduled__2025-06-09T05:30:00+00:00 [running]> on host 045789bdf773
[2025-06-09T05:40:22.528+0000] {taskinstance.py:2480} INFO - Exporting env vars: AIRFLOW_CTX_DAG_OWNER='data-engineering-team' AIRFLOW_CTX_DAG_ID='kafka_ecommerce_pipeline' AIRFLOW_CTX_TASK_ID='verify_pipeline_results' AIRFLOW_CTX_EXECUTION_DATE='2025-06-09T05:30:00+00:00' AIRFLOW_CTX_TRY_NUMBER='1' AIRFLOW_CTX_DAG_RUN_ID='scheduled__2025-06-09T05:30:00+00:00'
[2025-06-09T05:40:22.535+0000] {kafka_data_pipeline.py:175} INFO - 📊 Pipeline Results:
[2025-06-09T05:40:22.535+0000] {kafka_data_pipeline.py:176} INFO -    👀 Total Views: 0
[2025-06-09T05:40:22.535+0000] {kafka_data_pipeline.py:177} INFO -    🛒 Total Cart Adds: 0
[2025-06-09T05:40:22.535+0000] {kafka_data_pipeline.py:178} INFO -    ❤️ Total Wishlist Adds: 0
[2025-06-09T05:40:22.535+0000] {kafka_data_pipeline.py:179} INFO -    📦 Total Orders: 0
[2025-06-09T05:40:22.535+0000] {kafka_data_pipeline.py:180} INFO -    💰 Total Revenue: $0.0
[2025-06-09T05:40:22.536+0000] {kafka_data_pipeline.py:181} INFO -    🕐 Last Updated: 2025-06-09T05:40:18.386118
[2025-06-09T05:40:22.536+0000] {kafka_data_pipeline.py:194} INFO - ✅ Pipeline completed successfully - Last activity: 2025-06-09T05:40:18.403342
[2025-06-09T05:40:22.537+0000] {python.py:201} INFO - Done. Returned value was: None
[2025-06-09T05:40:22.544+0000] {taskinstance.py:1138} INFO - Marking task as SUCCESS. dag_id=kafka_ecommerce_pipeline, task_id=verify_pipeline_results, execution_date=20250609T053000, start_date=20250609T054022, end_date=20250609T054022
[2025-06-09T05:40:22.586+0000] {local_task_job_runner.py:234} INFO - Task exited with return code 0
[2025-06-09T05:40:22.603+0000] {taskinstance.py:3280} INFO - 1 downstream tasks scheduled from follow-on schedule check
