[2025-06-07T10:52:16.469+0000] {taskinstance.py:1956} INFO - Dependencies all met for dep_context=non-requeueable deps ti=<TaskInstance: ecommerce_data_ingestion.wait_for_olist_geolocation_dataset manual__2025-06-07T10:51:35.349075+00:00 [queued]>
[2025-06-07T10:52:16.569+0000] {taskinstance.py:1956} INFO - Dependencies all met for dep_context=requeueable deps ti=<TaskInstance: ecommerce_data_ingestion.wait_for_olist_geolocation_dataset manual__2025-06-07T10:51:35.349075+00:00 [queued]>
[2025-06-07T10:52:16.572+0000] {taskinstance.py:2170} INFO - Starting attempt 1 of 2
[2025-06-07T10:52:16.676+0000] {taskinstance.py:2191} INFO - Executing <Task(FileSensor): wait_for_olist_geolocation_dataset> on 2025-06-07 10:51:35.349075+00:00
[2025-06-07T10:52:16.883+0000] {standard_task_runner.py:60} INFO - Started process 289 to run task
[2025-06-07T10:52:16.945+0000] {standard_task_runner.py:87} INFO - Running: ['***', 'tasks', 'run', 'ecommerce_data_ingestion', 'wait_for_olist_geolocation_dataset', 'manual__2025-06-07T10:51:35.349075+00:00', '--job-id', '17', '--raw', '--subdir', 'DAGS_FOLDER/ecommerce_etl_dag.py', '--cfg-path', '/tmp/tmp9b8forx3']
[2025-06-07T10:52:17.033+0000] {standard_task_runner.py:88} INFO - Job 17: Subtask wait_for_olist_geolocation_dataset
[2025-06-07T10:52:18.131+0000] {task_command.py:423} INFO - Running <TaskInstance: ecommerce_data_ingestion.wait_for_olist_geolocation_dataset manual__2025-06-07T10:51:35.349075+00:00 [running]> on host ab0825485965
[2025-06-07T10:52:19.232+0000] {taskinstance.py:2480} INFO - Exporting env vars: AIRFLOW_CTX_DAG_OWNER='***' AIRFLOW_CTX_DAG_ID='ecommerce_data_ingestion' AIRFLOW_CTX_TASK_ID='wait_for_olist_geolocation_dataset' AIRFLOW_CTX_EXECUTION_DATE='2025-06-07T10:51:35.349075+00:00' AIRFLOW_CTX_TRY_NUMBER='1' AIRFLOW_CTX_DAG_RUN_ID='manual__2025-06-07T10:51:35.349075+00:00'
[2025-06-07T10:52:19.692+0000] {taskinstance.py:2698} ERROR - Task failed with exception
Traceback (most recent call last):
  File "/home/airflow/.local/lib/python3.8/site-packages/airflow/models/taskinstance.py", line 433, in _execute_task
    result = execute_callable(context=context, **execute_callable_kwargs)
  File "/home/airflow/.local/lib/python3.8/site-packages/airflow/sensors/base.py", line 265, in execute
    raise e
  File "/home/airflow/.local/lib/python3.8/site-packages/airflow/sensors/base.py", line 247, in execute
    poke_return = self.poke(context)
  File "/home/airflow/.local/lib/python3.8/site-packages/airflow/sensors/filesystem.py", line 63, in poke
    hook = FSHook(self.fs_conn_id)
  File "/home/airflow/.local/lib/python3.8/site-packages/airflow/hooks/filesystem.py", line 64, in __init__
    conn = self.get_connection(fs_conn_id)
  File "/home/airflow/.local/lib/python3.8/site-packages/airflow/hooks/base.py", line 82, in get_connection
    conn = Connection.get_connection_from_secrets(conn_id)
  File "/home/airflow/.local/lib/python3.8/site-packages/airflow/models/connection.py", line 479, in get_connection_from_secrets
    raise AirflowNotFoundException(f"The conn_id `{conn_id}` isn't defined")
airflow.exceptions.AirflowNotFoundException: The conn_id `fs_default` isn't defined
[2025-06-07T10:52:19.761+0000] {taskinstance.py:1138} INFO - Marking task as UP_FOR_RETRY. dag_id=ecommerce_data_ingestion, task_id=wait_for_olist_geolocation_dataset, execution_date=20250607T105135, start_date=20250607T105216, end_date=20250607T105219
[2025-06-07T10:52:19.858+0000] {standard_task_runner.py:107} ERROR - Failed to execute job 17 for task wait_for_olist_geolocation_dataset (The conn_id `fs_default` isn't defined; 289)
[2025-06-07T10:52:20.017+0000] {local_task_job_runner.py:234} INFO - Task exited with return code 1
[2025-06-07T10:52:20.823+0000] {taskinstance.py:3280} INFO - 0 downstream tasks scheduled from follow-on schedule check
