[2025-06-09T10:31:12.111+0000] {taskinstance.py:1956} INFO - Dependencies all met for dep_context=non-requeueable deps ti=<TaskInstance: kafka_ecommerce_pipeline.cleanup_and_complete manual__2025-06-09T10:25:24.080349+00:00 [queued]>
[2025-06-09T10:31:12.118+0000] {taskinstance.py:1956} INFO - Dependencies all met for dep_context=requeueable deps ti=<TaskInstance: kafka_ecommerce_pipeline.cleanup_and_complete manual__2025-06-09T10:25:24.080349+00:00 [queued]>
[2025-06-09T10:31:12.119+0000] {taskinstance.py:2170} INFO - Starting attempt 1 of 3
[2025-06-09T10:31:12.126+0000] {taskinstance.py:2191} INFO - Executing <Task(BashOperator): cleanup_and_complete> on 2025-06-09 10:25:24.080349+00:00
[2025-06-09T10:31:12.130+0000] {standard_task_runner.py:60} INFO - Started process 342 to run task
[2025-06-09T10:31:12.133+0000] {standard_task_runner.py:87} INFO - Running: ['***', 'tasks', 'run', 'kafka_ecommerce_pipeline', 'cleanup_and_complete', 'manual__2025-06-09T10:25:24.080349+00:00', '--job-id', '14', '--raw', '--subdir', 'DAGS_FOLDER/kafka_data_pipeline.py', '--cfg-path', '/tmp/tmpeugmwmw9']
[2025-06-09T10:31:12.137+0000] {standard_task_runner.py:88} INFO - Job 14: Subtask cleanup_and_complete
[2025-06-09T10:31:12.192+0000] {task_command.py:423} INFO - Running <TaskInstance: kafka_ecommerce_pipeline.cleanup_and_complete manual__2025-06-09T10:25:24.080349+00:00 [running]> on host 426c4f7e0cdd
[2025-06-09T10:31:12.260+0000] {taskinstance.py:2480} INFO - Exporting env vars: AIRFLOW_CTX_DAG_OWNER='data-engineering-team' AIRFLOW_CTX_DAG_ID='kafka_ecommerce_pipeline' AIRFLOW_CTX_TASK_ID='cleanup_and_complete' AIRFLOW_CTX_EXECUTION_DATE='2025-06-09T10:25:24.080349+00:00' AIRFLOW_CTX_TRY_NUMBER='1' AIRFLOW_CTX_DAG_RUN_ID='manual__2025-06-09T10:25:24.080349+00:00'
[2025-06-09T10:31:12.261+0000] {subprocess.py:63} INFO - Tmp dir root location: /tmp
[2025-06-09T10:31:12.262+0000] {subprocess.py:75} INFO - Running command: ['/usr/bin/bash', '-c', '\necho "🧹 Performing cleanup..."\necho "📈 Kafka E-commerce Pipeline completed successfully at $(date)"\necho "🎯 Check Redis for real-time analytics data (Consumer is always running)"\necho "✅ DAG execution finished"']
[2025-06-09T10:31:12.273+0000] {subprocess.py:86} INFO - Output:
[2025-06-09T10:31:12.276+0000] {subprocess.py:93} INFO - 🧹 Performing cleanup...
[2025-06-09T10:31:12.280+0000] {subprocess.py:93} INFO - 📈 Kafka E-commerce Pipeline completed successfully at Mon Jun  9 10:31:12 UTC 2025
[2025-06-09T10:31:12.280+0000] {subprocess.py:93} INFO - 🎯 Check Redis for real-time analytics data (Consumer is always running)
[2025-06-09T10:31:12.281+0000] {subprocess.py:93} INFO - ✅ DAG execution finished
[2025-06-09T10:31:12.281+0000] {subprocess.py:97} INFO - Command exited with return code 0
[2025-06-09T10:31:12.309+0000] {taskinstance.py:1138} INFO - Marking task as SUCCESS. dag_id=kafka_ecommerce_pipeline, task_id=cleanup_and_complete, execution_date=20250609T102524, start_date=20250609T103112, end_date=20250609T103112
[2025-06-09T10:31:12.362+0000] {local_task_job_runner.py:234} INFO - Task exited with return code 0
[2025-06-09T10:31:12.378+0000] {taskinstance.py:3280} INFO - 0 downstream tasks scheduled from follow-on schedule check
