[2025-06-09T05:16:09.144+0000] {taskinstance.py:1956} INFO - Dependencies all met for dep_context=non-requeueable deps ti=<TaskInstance: kafka_data_pipeline.run_kafka_producer scheduled__2025-06-09T05:12:00+00:00 [queued]>
[2025-06-09T05:16:09.150+0000] {taskinstance.py:1956} INFO - Dependencies all met for dep_context=requeueable deps ti=<TaskInstance: kafka_data_pipeline.run_kafka_producer scheduled__2025-06-09T05:12:00+00:00 [queued]>
[2025-06-09T05:16:09.150+0000] {taskinstance.py:2170} INFO - Starting attempt 1 of 3
[2025-06-09T05:16:09.163+0000] {taskinstance.py:2191} INFO - Executing <Task(BashOperator): run_kafka_producer> on 2025-06-09 05:12:00+00:00
[2025-06-09T05:16:09.170+0000] {standard_task_runner.py:60} INFO - Started process 495 to run task
[2025-06-09T05:16:09.172+0000] {standard_task_runner.py:87} INFO - Running: ['***', 'tasks', 'run', 'kafka_data_pipeline', 'run_kafka_producer', 'scheduled__2025-06-09T05:12:00+00:00', '--job-id', '3', '--raw', '--subdir', 'DAGS_FOLDER/kafka_data_pipeline.py', '--cfg-path', '/tmp/tmp3tkevl5o']
[2025-06-09T05:16:09.180+0000] {standard_task_runner.py:88} INFO - Job 3: Subtask run_kafka_producer
[2025-06-09T05:16:09.319+0000] {task_command.py:423} INFO - Running <TaskInstance: kafka_data_pipeline.run_kafka_producer scheduled__2025-06-09T05:12:00+00:00 [running]> on host 3f5e8dfaf78e
[2025-06-09T05:16:09.422+0000] {taskinstance.py:2480} INFO - Exporting env vars: AIRFLOW_CTX_DAG_OWNER='***' AIRFLOW_CTX_DAG_ID='kafka_data_pipeline' AIRFLOW_CTX_TASK_ID='run_kafka_producer' AIRFLOW_CTX_EXECUTION_DATE='2025-06-09T05:12:00+00:00' AIRFLOW_CTX_TRY_NUMBER='1' AIRFLOW_CTX_DAG_RUN_ID='scheduled__2025-06-09T05:12:00+00:00'
[2025-06-09T05:16:09.427+0000] {subprocess.py:63} INFO - Tmp dir root location: /tmp
[2025-06-09T05:16:09.430+0000] {subprocess.py:75} INFO - Running command: ['/usr/bin/bash', '-c', 'timeout 60 python /opt/***/ecom_etl/kafka_scripts/producer.py']
[2025-06-09T05:16:09.458+0000] {subprocess.py:86} INFO - Output:
[2025-06-09T05:16:47.948+0000] {subprocess.py:93} INFO - 🚀 Initializing Kafka producer with bootstrap servers: kafka:29092
[2025-06-09T05:16:47.956+0000] {subprocess.py:93} INFO - ✅ Successfully connected to Kafka
[2025-06-09T05:16:47.957+0000] {subprocess.py:93} INFO - Starting e-commerce event simulation...
[2025-06-09T05:16:47.957+0000] {subprocess.py:93} INFO - Press Ctrl+C to stop
[2025-06-09T05:16:47.957+0000] {subprocess.py:93} INFO - 
[2025-06-09T05:16:47.958+0000] {subprocess.py:93} INFO - 🚀 Starting e-commerce event simulation for 10 minutes...
[2025-06-09T05:16:47.958+0000] {subprocess.py:93} INFO - 📊 Generating ~3 events per second
[2025-06-09T05:16:47.958+0000] {subprocess.py:93} INFO - ✅ Sent add_to_cart to ecommerce.cart.add - Partition: 0, Offset: 0
[2025-06-09T05:16:47.959+0000] {subprocess.py:93} INFO - ✅ Sent add_to_wishlist to ecommerce.wishlist.add - Partition: 0, Offset: 0
[2025-06-09T05:16:47.959+0000] {subprocess.py:93} INFO - ✅ Sent product_view to ecommerce.product.views - Partition: 0, Offset: 0
[2025-06-09T05:16:47.959+0000] {subprocess.py:93} INFO - ✅ Sent product_view to ecommerce.product.views - Partition: 0, Offset: 1
[2025-06-09T05:16:47.959+0000] {subprocess.py:93} INFO - ✅ Sent add_to_cart to ecommerce.cart.add - Partition: 0, Offset: 1
[2025-06-09T05:16:47.959+0000] {subprocess.py:93} INFO - ✅ Sent product_view to ecommerce.product.views - Partition: 0, Offset: 2
[2025-06-09T05:16:47.960+0000] {subprocess.py:93} INFO - ✅ Sent product_view to ecommerce.product.views - Partition: 0, Offset: 3
[2025-06-09T05:16:47.960+0000] {subprocess.py:93} INFO - ✅ Sent add_to_cart to ecommerce.cart.add - Partition: 0, Offset: 2
[2025-06-09T05:16:47.960+0000] {subprocess.py:93} INFO - ✅ Sent product_view to ecommerce.product.views - Partition: 0, Offset: 4
[2025-06-09T05:16:47.960+0000] {subprocess.py:93} INFO - ✅ Sent product_view to ecommerce.product.views - Partition: 0, Offset: 5
[2025-06-09T05:16:47.960+0000] {subprocess.py:93} INFO - ✅ Sent add_to_cart to ecommerce.cart.add - Partition: 0, Offset: 3
[2025-06-09T05:16:47.961+0000] {subprocess.py:93} INFO - ✅ Sent add_to_cart to ecommerce.cart.add - Partition: 0, Offset: 4
[2025-06-09T05:16:47.961+0000] {subprocess.py:93} INFO - ✅ Sent add_to_wishlist to ecommerce.wishlist.add - Partition: 0, Offset: 1
[2025-06-09T05:16:47.961+0000] {subprocess.py:93} INFO - ✅ Sent product_view to ecommerce.product.views - Partition: 0, Offset: 6
[2025-06-09T05:16:47.961+0000] {subprocess.py:93} INFO - ✅ Sent product_view to ecommerce.product.views - Partition: 0, Offset: 7
[2025-06-09T05:16:47.961+0000] {subprocess.py:93} INFO - ✅ Sent product_view to ecommerce.product.views - Partition: 0, Offset: 8
[2025-06-09T05:16:47.962+0000] {subprocess.py:93} INFO - ✅ Sent product_view to ecommerce.product.views - Partition: 0, Offset: 9
[2025-06-09T05:16:47.962+0000] {subprocess.py:93} INFO - ✅ Sent product_view to ecommerce.product.views - Partition: 0, Offset: 10
[2025-06-09T05:16:47.962+0000] {subprocess.py:93} INFO - ✅ Sent order_completed to ecommerce.orders.completed - Partition: 0, Offset: 0
[2025-06-09T05:16:47.962+0000] {subprocess.py:93} INFO - ✅ Sent product_view to ecommerce.product.views - Partition: 0, Offset: 11
[2025-06-09T05:16:47.962+0000] {subprocess.py:93} INFO - ✅ Sent product_view to ecommerce.product.views - Partition: 0, Offset: 12
[2025-06-09T05:16:47.962+0000] {subprocess.py:93} INFO - ✅ Sent order_completed to ecommerce.orders.completed - Partition: 0, Offset: 1
[2025-06-09T05:16:47.963+0000] {subprocess.py:93} INFO - ✅ Sent add_to_wishlist to ecommerce.wishlist.add - Partition: 0, Offset: 2
[2025-06-09T05:16:47.963+0000] {subprocess.py:93} INFO - ✅ Sent add_to_cart to ecommerce.cart.add - Partition: 0, Offset: 5
[2025-06-09T05:16:47.963+0000] {subprocess.py:93} INFO - ✅ Sent product_view to ecommerce.product.views - Partition: 0, Offset: 13
[2025-06-09T05:16:47.963+0000] {subprocess.py:93} INFO - ✅ Sent product_view to ecommerce.product.views - Partition: 0, Offset: 14
[2025-06-09T05:16:47.963+0000] {subprocess.py:93} INFO - ✅ Sent add_to_wishlist to ecommerce.wishlist.add - Partition: 0, Offset: 3
[2025-06-09T05:16:47.964+0000] {subprocess.py:93} INFO - ✅ Sent product_view to ecommerce.product.views - Partition: 0, Offset: 15
[2025-06-09T05:16:47.964+0000] {subprocess.py:93} INFO - ✅ Sent product_view to ecommerce.product.views - Partition: 0, Offset: 16
[2025-06-09T05:16:47.964+0000] {subprocess.py:93} INFO - ✅ Sent product_view to ecommerce.product.views - Partition: 0, Offset: 17
[2025-06-09T05:16:47.964+0000] {subprocess.py:93} INFO - ✅ Sent product_view to ecommerce.product.views - Partition: 0, Offset: 18
[2025-06-09T05:16:47.964+0000] {subprocess.py:93} INFO - ✅ Sent order_completed to ecommerce.orders.completed - Partition: 0, Offset: 2
[2025-06-09T05:16:47.964+0000] {subprocess.py:93} INFO - ✅ Sent product_view to ecommerce.product.views - Partition: 0, Offset: 19
[2025-06-09T05:16:47.965+0000] {subprocess.py:93} INFO - ✅ Sent product_view to ecommerce.product.views - Partition: 0, Offset: 20
[2025-06-09T05:16:47.965+0000] {subprocess.py:93} INFO - ✅ Sent order_completed to ecommerce.orders.completed - Partition: 0, Offset: 3
[2025-06-09T05:16:47.965+0000] {subprocess.py:93} INFO - ✅ Sent product_view to ecommerce.product.views - Partition: 0, Offset: 21
[2025-06-09T05:16:47.965+0000] {subprocess.py:93} INFO - ✅ Sent product_view to ecommerce.product.views - Partition: 0, Offset: 22
[2025-06-09T05:16:47.965+0000] {subprocess.py:93} INFO - ✅ Sent add_to_cart to ecommerce.cart.add - Partition: 0, Offset: 6
[2025-06-09T05:16:47.966+0000] {subprocess.py:93} INFO - ✅ Sent product_view to ecommerce.product.views - Partition: 0, Offset: 23
[2025-06-09T05:16:47.966+0000] {subprocess.py:93} INFO - ✅ Sent product_view to ecommerce.product.views - Partition: 0, Offset: 24
[2025-06-09T05:16:47.966+0000] {subprocess.py:93} INFO - ✅ Sent add_to_wishlist to ecommerce.wishlist.add - Partition: 0, Offset: 4
[2025-06-09T05:16:47.967+0000] {subprocess.py:93} INFO - ✅ Sent add_to_wishlist to ecommerce.wishlist.add - Partition: 0, Offset: 5
[2025-06-09T05:16:47.967+0000] {subprocess.py:93} INFO - ✅ Sent add_to_wishlist to ecommerce.wishlist.add - Partition: 0, Offset: 6
[2025-06-09T05:16:47.967+0000] {subprocess.py:93} INFO - ✅ Sent product_view to ecommerce.product.views - Partition: 0, Offset: 25
[2025-06-09T05:16:47.967+0000] {subprocess.py:93} INFO - ✅ Sent add_to_cart to ecommerce.cart.add - Partition: 0, Offset: 7
[2025-06-09T05:16:47.968+0000] {subprocess.py:93} INFO - ✅ Sent product_view to ecommerce.product.views - Partition: 0, Offset: 26
[2025-06-09T05:16:47.968+0000] {subprocess.py:93} INFO - ✅ Sent add_to_wishlist to ecommerce.wishlist.add - Partition: 0, Offset: 7
[2025-06-09T05:16:47.968+0000] {subprocess.py:93} INFO - ✅ Sent product_view to ecommerce.product.views - Partition: 0, Offset: 27
[2025-06-09T05:16:47.968+0000] {subprocess.py:93} INFO - ✅ Sent product_view to ecommerce.product.views - Partition: 0, Offset: 28
[2025-06-09T05:16:47.968+0000] {subprocess.py:93} INFO - ✅ Sent add_to_cart to ecommerce.cart.add - Partition: 0, Offset: 8
[2025-06-09T05:16:47.969+0000] {subprocess.py:93} INFO - ✅ Sent product_view to ecommerce.product.views - Partition: 0, Offset: 29
[2025-06-09T05:16:47.969+0000] {subprocess.py:93} INFO - ✅ Sent add_to_wishlist to ecommerce.wishlist.add - Partition: 0, Offset: 8
[2025-06-09T05:16:47.969+0000] {subprocess.py:93} INFO - ✅ Sent product_view to ecommerce.product.views - Partition: 0, Offset: 30
[2025-06-09T05:16:47.969+0000] {subprocess.py:93} INFO - ✅ Sent product_view to ecommerce.product.views - Partition: 0, Offset: 31
[2025-06-09T05:16:47.970+0000] {subprocess.py:93} INFO - ✅ Sent product_view to ecommerce.product.views - Partition: 0, Offset: 32
[2025-06-09T05:16:47.970+0000] {subprocess.py:93} INFO - ✅ Sent add_to_wishlist to ecommerce.wishlist.add - Partition: 0, Offset: 9
[2025-06-09T05:16:47.970+0000] {subprocess.py:93} INFO - ✅ Sent add_to_wishlist to ecommerce.wishlist.add - Partition: 0, Offset: 10
[2025-06-09T05:16:47.970+0000] {subprocess.py:93} INFO - ✅ Sent product_view to ecommerce.product.views - Partition: 0, Offset: 33
[2025-06-09T05:16:47.970+0000] {subprocess.py:93} INFO - ✅ Sent product_view to ecommerce.product.views - Partition: 0, Offset: 34
[2025-06-09T05:16:47.971+0000] {subprocess.py:93} INFO - ✅ Sent product_view to ecommerce.product.views - Partition: 0, Offset: 35
[2025-06-09T05:16:47.971+0000] {subprocess.py:93} INFO - ✅ Sent product_view to ecommerce.product.views - Partition: 0, Offset: 36
[2025-06-09T05:16:47.971+0000] {subprocess.py:93} INFO - ✅ Sent product_view to ecommerce.product.views - Partition: 0, Offset: 37
[2025-06-09T05:16:47.971+0000] {subprocess.py:93} INFO - ✅ Sent product_view to ecommerce.product.views - Partition: 0, Offset: 38
[2025-06-09T05:16:47.972+0000] {subprocess.py:93} INFO - ✅ Sent product_view to ecommerce.product.views - Partition: 0, Offset: 39
[2025-06-09T05:16:47.972+0000] {subprocess.py:93} INFO - ✅ Sent add_to_wishlist to ecommerce.wishlist.add - Partition: 0, Offset: 11
[2025-06-09T05:16:47.972+0000] {subprocess.py:93} INFO - ✅ Sent order_completed to ecommerce.orders.completed - Partition: 0, Offset: 4
[2025-06-09T05:16:47.972+0000] {subprocess.py:93} INFO - ✅ Sent add_to_wishlist to ecommerce.wishlist.add - Partition: 0, Offset: 12
[2025-06-09T05:16:47.972+0000] {subprocess.py:93} INFO - ✅ Sent add_to_cart to ecommerce.cart.add - Partition: 0, Offset: 9
[2025-06-09T05:16:47.973+0000] {subprocess.py:93} INFO - ✅ Sent product_view to ecommerce.product.views - Partition: 0, Offset: 40
[2025-06-09T05:16:47.973+0000] {subprocess.py:93} INFO - ✅ Sent add_to_wishlist to ecommerce.wishlist.add - Partition: 0, Offset: 13
[2025-06-09T05:16:47.973+0000] {subprocess.py:93} INFO - ✅ Sent product_view to ecommerce.product.views - Partition: 0, Offset: 41
[2025-06-09T05:16:47.973+0000] {subprocess.py:93} INFO - ✅ Sent add_to_cart to ecommerce.cart.add - Partition: 0, Offset: 10
[2025-06-09T05:16:47.973+0000] {subprocess.py:93} INFO - ✅ Sent product_view to ecommerce.product.views - Partition: 0, Offset: 42
[2025-06-09T05:16:47.974+0000] {subprocess.py:93} INFO - ✅ Sent product_view to ecommerce.product.views - Partition: 0, Offset: 43
[2025-06-09T05:16:47.974+0000] {subprocess.py:93} INFO - ✅ Sent add_to_cart to ecommerce.cart.add - Partition: 0, Offset: 11
[2025-06-09T05:16:47.974+0000] {subprocess.py:93} INFO - ✅ Sent product_view to ecommerce.product.views - Partition: 0, Offset: 44
[2025-06-09T05:16:47.974+0000] {subprocess.py:93} INFO - ✅ Sent add_to_wishlist to ecommerce.wishlist.add - Partition: 0, Offset: 14
[2025-06-09T05:16:47.975+0000] {subprocess.py:93} INFO - ✅ Sent product_view to ecommerce.product.views - Partition: 0, Offset: 45
[2025-06-09T05:16:47.975+0000] {subprocess.py:93} INFO - ✅ Sent product_view to ecommerce.product.views - Partition: 0, Offset: 46
[2025-06-09T05:16:47.975+0000] {subprocess.py:93} INFO - ✅ Sent add_to_cart to ecommerce.cart.add - Partition: 0, Offset: 12
[2025-06-09T05:16:47.975+0000] {subprocess.py:93} INFO - ✅ Sent add_to_wishlist to ecommerce.wishlist.add - Partition: 0, Offset: 15
[2025-06-09T05:16:47.975+0000] {subprocess.py:93} INFO - ✅ Sent add_to_cart to ecommerce.cart.add - Partition: 0, Offset: 13
[2025-06-09T05:16:47.976+0000] {subprocess.py:93} INFO - ✅ Sent product_view to ecommerce.product.views - Partition: 0, Offset: 47
[2025-06-09T05:16:47.976+0000] {subprocess.py:93} INFO - ✅ Sent add_to_cart to ecommerce.cart.add - Partition: 0, Offset: 14
[2025-06-09T05:16:47.976+0000] {subprocess.py:93} INFO - ✅ Sent add_to_cart to ecommerce.cart.add - Partition: 0, Offset: 15
[2025-06-09T05:16:47.976+0000] {subprocess.py:93} INFO - ✅ Sent product_view to ecommerce.product.views - Partition: 0, Offset: 48
[2025-06-09T05:16:47.977+0000] {subprocess.py:93} INFO - ✅ Sent product_view to ecommerce.product.views - Partition: 0, Offset: 49
[2025-06-09T05:16:47.977+0000] {subprocess.py:93} INFO - ✅ Sent product_view to ecommerce.product.views - Partition: 0, Offset: 50
[2025-06-09T05:16:47.977+0000] {subprocess.py:93} INFO - ✅ Sent product_view to ecommerce.product.views - Partition: 0, Offset: 51
[2025-06-09T05:16:47.977+0000] {subprocess.py:93} INFO - ✅ Sent product_view to ecommerce.product.views - Partition: 0, Offset: 52
[2025-06-09T05:16:47.977+0000] {subprocess.py:93} INFO - ✅ Sent product_view to ecommerce.product.views - Partition: 0, Offset: 53
[2025-06-09T05:16:47.978+0000] {subprocess.py:93} INFO - ✅ Sent add_to_cart to ecommerce.cart.add - Partition: 0, Offset: 16
[2025-06-09T05:16:47.978+0000] {subprocess.py:93} INFO - ✅ Sent add_to_cart to ecommerce.cart.add - Partition: 0, Offset: 17
[2025-06-09T05:16:47.978+0000] {subprocess.py:93} INFO - ✅ Sent product_view to ecommerce.product.views - Partition: 0, Offset: 54
[2025-06-09T05:16:47.978+0000] {subprocess.py:93} INFO - ✅ Sent product_view to ecommerce.product.views - Partition: 0, Offset: 55
[2025-06-09T05:16:47.978+0000] {subprocess.py:93} INFO - ✅ Sent product_view to ecommerce.product.views - Partition: 0, Offset: 56
[2025-06-09T05:16:47.979+0000] {subprocess.py:93} INFO - ✅ Sent product_view to ecommerce.product.views - Partition: 0, Offset: 57
[2025-06-09T05:16:47.979+0000] {subprocess.py:93} INFO - ✅ Sent product_view to ecommerce.product.views - Partition: 0, Offset: 58
[2025-06-09T05:16:47.979+0000] {subprocess.py:93} INFO - ✅ Sent add_to_cart to ecommerce.cart.add - Partition: 0, Offset: 18
[2025-06-09T05:16:47.979+0000] {subprocess.py:93} INFO - ✅ Sent product_view to ecommerce.product.views - Partition: 0, Offset: 59
[2025-06-09T05:16:47.979+0000] {subprocess.py:93} INFO - ✅ Sent add_to_wishlist to ecommerce.wishlist.add - Partition: 0, Offset: 16
[2025-06-09T05:16:47.979+0000] {subprocess.py:93} INFO - ✅ Sent add_to_cart to ecommerce.cart.add - Partition: 0, Offset: 19
[2025-06-09T05:16:47.980+0000] {subprocess.py:93} INFO - ✅ Sent product_view to ecommerce.product.views - Partition: 0, Offset: 60
[2025-06-09T05:16:47.980+0000] {subprocess.py:93} INFO - ✅ Sent product_view to ecommerce.product.views - Partition: 0, Offset: 61
[2025-06-09T05:16:47.980+0000] {subprocess.py:93} INFO - ✅ Sent add_to_wishlist to ecommerce.wishlist.add - Partition: 0, Offset: 17
[2025-06-09T05:17:09.493+0000] {subprocess.py:97} INFO - Command exited with return code 124
[2025-06-09T05:17:09.531+0000] {taskinstance.py:2698} ERROR - Task failed with exception
Traceback (most recent call last):
  File "/home/airflow/.local/lib/python3.8/site-packages/airflow/models/taskinstance.py", line 428, in _execute_task
    result = execute_callable(context=context, **execute_callable_kwargs)
  File "/home/airflow/.local/lib/python3.8/site-packages/airflow/operators/bash.py", line 212, in execute
    raise AirflowException(
airflow.exceptions.AirflowException: Bash command failed. The command returned a non-zero exit code 124.
[2025-06-09T05:17:09.540+0000] {taskinstance.py:1138} INFO - Marking task as UP_FOR_RETRY. dag_id=kafka_data_pipeline, task_id=run_kafka_producer, execution_date=20250609T051200, start_date=20250609T051609, end_date=20250609T051709
[2025-06-09T05:17:09.567+0000] {standard_task_runner.py:107} ERROR - Failed to execute job 3 for task run_kafka_producer (Bash command failed. The command returned a non-zero exit code 124.; 495)
[2025-06-09T05:17:09.634+0000] {local_task_job_runner.py:234} INFO - Task exited with return code 1
[2025-06-09T05:17:09.711+0000] {taskinstance.py:3280} INFO - 0 downstream tasks scheduled from follow-on schedule check
