[2025-06-07T18:58:42.390+0000] {taskinstance.py:1956} INFO - Dependencies all met for dep_context=non-requeueable deps ti=<TaskInstance: etl_dag.run_truncate_stg manual__2025-06-07T18:48:29.247909+00:00 [queued]>
[2025-06-07T18:58:42.400+0000] {taskinstance.py:1956} INFO - Dependencies all met for dep_context=requeueable deps ti=<TaskInstance: etl_dag.run_truncate_stg manual__2025-06-07T18:48:29.247909+00:00 [queued]>
[2025-06-07T18:58:42.401+0000] {taskinstance.py:2170} INFO - Starting attempt 1 of 2
[2025-06-07T18:58:42.416+0000] {taskinstance.py:2191} INFO - Executing <Task(BashOperator): run_truncate_stg> on 2025-06-07 18:48:29.247909+00:00
[2025-06-07T18:58:42.426+0000] {standard_task_runner.py:60} INFO - Started process 310 to run task
[2025-06-07T18:58:42.434+0000] {standard_task_runner.py:87} INFO - Running: ['***', 'tasks', 'run', 'etl_dag', 'run_truncate_stg', 'manual__2025-06-07T18:48:29.247909+00:00', '--job-id', '42', '--raw', '--subdir', 'DAGS_FOLDER/etl_dag.py', '--cfg-path', '/tmp/tmprpk_ii2y']
[2025-06-07T18:58:42.436+0000] {standard_task_runner.py:88} INFO - Job 42: Subtask run_truncate_stg
[2025-06-07T18:58:42.513+0000] {task_command.py:423} INFO - Running <TaskInstance: etl_dag.run_truncate_stg manual__2025-06-07T18:48:29.247909+00:00 [running]> on host c183c35f0e34
[2025-06-07T18:58:42.578+0000] {taskinstance.py:2480} INFO - Exporting env vars: AIRFLOW_CTX_DAG_OWNER='***' AIRFLOW_CTX_DAG_ID='etl_dag' AIRFLOW_CTX_TASK_ID='run_truncate_stg' AIRFLOW_CTX_EXECUTION_DATE='2025-06-07T18:48:29.247909+00:00' AIRFLOW_CTX_TRY_NUMBER='1' AIRFLOW_CTX_DAG_RUN_ID='manual__2025-06-07T18:48:29.247909+00:00'
[2025-06-07T18:58:42.579+0000] {subprocess.py:63} INFO - Tmp dir root location: /tmp
[2025-06-07T18:58:42.581+0000] {subprocess.py:75} INFO - Running command: ['/usr/bin/bash', '-c', 'cd /opt/***/ecom_etl && python truncate_stg.py']
[2025-06-07T18:58:42.596+0000] {subprocess.py:86} INFO - Output:
[2025-06-07T18:58:50.046+0000] {subprocess.py:93} INFO - 📍 Connected to ECOM_STG.PUBLIC schema
[2025-06-07T18:58:50.051+0000] {subprocess.py:93} INFO - ✅ Table 'STG_GEOLOCATION' truncated successfully.
[2025-06-07T18:58:50.051+0000] {subprocess.py:93} INFO - ✅ Table 'STG_CUSTOMERS' truncated successfully.
[2025-06-07T18:58:50.052+0000] {subprocess.py:93} INFO - ✅ Table 'STG_SELLERS' truncated successfully.
[2025-06-07T18:58:50.052+0000] {subprocess.py:93} INFO - ✅ Table 'STG_ORDERS' truncated successfully.
[2025-06-07T18:58:50.052+0000] {subprocess.py:93} INFO - ✅ Table 'STG_PRODUCTS' truncated successfully.
[2025-06-07T18:58:50.053+0000] {subprocess.py:93} INFO - ✅ Table 'STG_ORDER_ITEMS' truncated successfully.
[2025-06-07T18:58:50.053+0000] {subprocess.py:93} INFO - ✅ Table 'STG_ORDER_PAYMENTS' truncated successfully.
[2025-06-07T18:58:50.053+0000] {subprocess.py:93} INFO - ✅ Table 'STG_ORDER_REVIEWS' truncated successfully.
[2025-06-07T18:58:50.053+0000] {subprocess.py:93} INFO - ✅ Table 'STG_PRODUCT_CATEGORY_TRANSLATION' truncated successfully.
[2025-06-07T18:58:50.054+0000] {subprocess.py:93} INFO - 
[2025-06-07T18:58:50.054+0000] {subprocess.py:93} INFO - 🎯 Summary: 9/9 tables truncated successfully.
[2025-06-07T18:58:50.054+0000] {subprocess.py:93} INFO - 🔌 Connection closed.
[2025-06-07T18:58:50.202+0000] {subprocess.py:97} INFO - Command exited with return code 0
[2025-06-07T18:58:50.277+0000] {taskinstance.py:1138} INFO - Marking task as SUCCESS. dag_id=etl_dag, task_id=run_truncate_stg, execution_date=20250607T184829, start_date=20250607T185842, end_date=20250607T185850
[2025-06-07T18:58:50.325+0000] {local_task_job_runner.py:234} INFO - Task exited with return code 0
[2025-06-07T18:58:50.357+0000] {taskinstance.py:3280} INFO - 0 downstream tasks scheduled from follow-on schedule check
