[2025-06-09T05:32:54.724+0000] {taskinstance.py:1956} INFO - Dependencies all met for dep_context=non-requeueable deps ti=<TaskInstance: kafka_data_pipeline.run_kafka_producer manual__2025-06-09T05:29:42.829927+00:00 [queued]>
[2025-06-09T05:32:54.737+0000] {taskinstance.py:1956} INFO - Dependencies all met for dep_context=requeueable deps ti=<TaskInstance: kafka_data_pipeline.run_kafka_producer manual__2025-06-09T05:29:42.829927+00:00 [queued]>
[2025-06-09T05:32:54.737+0000] {taskinstance.py:2170} INFO - Starting attempt 1 of 4
[2025-06-09T05:32:54.750+0000] {taskinstance.py:2191} INFO - Executing <Task(BashOperator): run_kafka_producer> on 2025-06-09 05:29:42.829927+00:00
[2025-06-09T05:32:54.776+0000] {standard_task_runner.py:60} INFO - Started process 591 to run task
[2025-06-09T05:32:54.788+0000] {standard_task_runner.py:87} INFO - Running: ['***', 'tasks', 'run', 'kafka_data_pipeline', 'run_kafka_producer', 'manual__2025-06-09T05:29:42.829927+00:00', '--job-id', '11', '--raw', '--subdir', 'DAGS_FOLDER/kafka_data_pipeline.py', '--cfg-path', '/tmp/tmpyi9706j7']
[2025-06-09T05:32:54.796+0000] {standard_task_runner.py:88} INFO - Job 11: Subtask run_kafka_producer
[2025-06-09T05:32:54.883+0000] {task_command.py:423} INFO - Running <TaskInstance: kafka_data_pipeline.run_kafka_producer manual__2025-06-09T05:29:42.829927+00:00 [running]> on host 8c411d6bf824
[2025-06-09T05:32:55.005+0000] {taskinstance.py:2480} INFO - Exporting env vars: AIRFLOW_CTX_DAG_OWNER='***' AIRFLOW_CTX_DAG_ID='kafka_data_pipeline' AIRFLOW_CTX_TASK_ID='run_kafka_producer' AIRFLOW_CTX_EXECUTION_DATE='2025-06-09T05:29:42.829927+00:00' AIRFLOW_CTX_TRY_NUMBER='1' AIRFLOW_CTX_DAG_RUN_ID='manual__2025-06-09T05:29:42.829927+00:00'
[2025-06-09T05:32:55.013+0000] {subprocess.py:63} INFO - Tmp dir root location: /tmp
[2025-06-09T05:32:55.022+0000] {subprocess.py:75} INFO - Running command: ['/usr/bin/bash', '-c', 'python /opt/***/ecom_etl/kafka_scripts/producer.py']
[2025-06-09T05:32:55.044+0000] {subprocess.py:86} INFO - Output:
[2025-06-09T05:32:55.523+0000] {subprocess.py:93} INFO - 🚀 Starting E-Commerce Event Producer
[2025-06-09T05:32:55.524+0000] {subprocess.py:93} INFO - 🔗 Kafka: kafka:29092
[2025-06-09T05:32:55.524+0000] {subprocess.py:93} INFO - 📊 Topics:
[2025-06-09T05:32:55.525+0000] {subprocess.py:93} INFO -    - ecommerce.product.views
[2025-06-09T05:32:55.525+0000] {subprocess.py:93} INFO -    - ecommerce.cart.add
[2025-06-09T05:32:55.525+0000] {subprocess.py:93} INFO -    - ecommerce.wishlist.add
[2025-06-09T05:32:55.525+0000] {subprocess.py:93} INFO -    - ecommerce.orders.completed
[2025-06-09T05:32:55.525+0000] {subprocess.py:93} INFO - 🚀 Initializing Kafka producer with bootstrap servers: kafka:29092
[2025-06-09T05:32:55.621+0000] {subprocess.py:93} INFO - ✅ Successfully connected to Kafka
[2025-06-09T05:32:55.624+0000] {subprocess.py:93} INFO - 
[2025-06-09T05:32:55.627+0000] {subprocess.py:93} INFO - 🔄 Starting e-commerce event simulation...
[2025-06-09T05:32:55.627+0000] {subprocess.py:93} INFO - 🚀 Starting simulation for 20 events at 2 events/second
[2025-06-09T05:32:55.695+0000] {subprocess.py:93} INFO - ❤️  Sent wishlist_add to ecommerce.wishlist.add - Product: Samsung 4K TV
[2025-06-09T05:32:55.802+0000] {subprocess.py:93} INFO - 🛒 Sent add_to_cart to ecommerce.cart.add - Product: Levi's Jeans
[2025-06-09T05:32:56.305+0000] {subprocess.py:93} INFO - ❤️  Sent wishlist_add to ecommerce.wishlist.add - Product: Coffee Maker
[2025-06-09T05:32:56.311+0000] {subprocess.py:93} INFO - ✅ Sent product_view to ecommerce.product.views - Product: Samsung 4K TV
[2025-06-09T05:32:56.822+0000] {subprocess.py:93} INFO - 🛒 Sent add_to_cart to ecommerce.cart.add - Product: Nike Air Max
[2025-06-09T05:32:56.827+0000] {subprocess.py:93} INFO - 🛒 Sent add_to_cart to ecommerce.cart.add - Product: Adidas Sneakers
[2025-06-09T05:32:57.323+0000] {subprocess.py:93} INFO - ✅ Sent product_view to ecommerce.product.views - Product: Levi's Jeans
[2025-06-09T05:32:57.331+0000] {subprocess.py:93} INFO - 💰 Sent order to ecommerce.orders.completed - Order: order_49561
[2025-06-09T05:32:57.834+0000] {subprocess.py:93} INFO - ✅ Sent product_view to ecommerce.product.views - Product: Levi's Jeans
[2025-06-09T05:32:57.835+0000] {subprocess.py:93} INFO - ✅ Sent product_view to ecommerce.product.views - Product: iPhone 15 Pro
[2025-06-09T05:32:57.836+0000] {subprocess.py:93} INFO - 📊 Progress: 10/20 events in 2.2 seconds
[2025-06-09T05:32:58.337+0000] {subprocess.py:93} INFO - ✅ Sent product_view to ecommerce.product.views - Product: Samsung 4K TV
[2025-06-09T05:32:58.341+0000] {subprocess.py:93} INFO - 🛒 Sent add_to_cart to ecommerce.cart.add - Product: iPhone 15 Pro
[2025-06-09T05:32:58.845+0000] {subprocess.py:93} INFO - ✅ Sent product_view to ecommerce.product.views - Product: Coffee Maker
[2025-06-09T05:32:58.852+0000] {subprocess.py:93} INFO - ❤️  Sent wishlist_add to ecommerce.wishlist.add - Product: Coffee Maker
[2025-06-09T05:32:59.348+0000] {subprocess.py:93} INFO - ✅ Sent product_view to ecommerce.product.views - Product: MacBook Pro
[2025-06-09T05:32:59.349+0000] {subprocess.py:93} INFO - ✅ Sent product_view to ecommerce.product.views - Product: Samsung 4K TV
[2025-06-09T05:32:59.882+0000] {subprocess.py:93} INFO - 💰 Sent order to ecommerce.orders.completed - Order: order_21032
[2025-06-09T05:32:59.893+0000] {subprocess.py:93} INFO - ❤️  Sent wishlist_add to ecommerce.wishlist.add - Product: Samsung 4K TV
[2025-06-09T05:33:00.409+0000] {subprocess.py:93} INFO - ✅ Sent product_view to ecommerce.product.views - Product: Wireless Headphones
[2025-06-09T05:33:00.434+0000] {subprocess.py:93} INFO - ✅ Sent product_view to ecommerce.product.views - Product: Nike Air Max
[2025-06-09T05:33:00.440+0000] {subprocess.py:93} INFO - 📊 Progress: 20/20 events in 4.8 seconds
[2025-06-09T05:33:00.640+0000] {subprocess.py:93} INFO - 
[2025-06-09T05:33:00.650+0000] {subprocess.py:93} INFO - 📈 Simulation completed! Generated 20 events in 5.0 seconds
[2025-06-09T05:33:01.485+0000] {subprocess.py:97} INFO - Command exited with return code 0
[2025-06-09T05:33:01.639+0000] {taskinstance.py:1138} INFO - Marking task as SUCCESS. dag_id=kafka_data_pipeline, task_id=run_kafka_producer, execution_date=20250609T052942, start_date=20250609T053254, end_date=20250609T053301
[2025-06-09T05:33:01.689+0000] {local_task_job_runner.py:234} INFO - Task exited with return code 0
[2025-06-09T05:33:01.809+0000] {taskinstance.py:3280} INFO - 1 downstream tasks scheduled from follow-on schedule check
