[2025-06-07T19:26:37.582+0000] {taskinstance.py:1956} INFO - Dependencies all met for dep_context=non-requeueable deps ti=<TaskInstance: drop_all_dag.drop_ods manual__2025-06-07T19:26:36.453797+00:00 [queued]>
[2025-06-07T19:26:37.593+0000] {taskinstance.py:1956} INFO - Dependencies all met for dep_context=requeueable deps ti=<TaskInstance: drop_all_dag.drop_ods manual__2025-06-07T19:26:36.453797+00:00 [queued]>
[2025-06-07T19:26:37.593+0000] {taskinstance.py:2170} INFO - Starting attempt 1 of 2
[2025-06-07T19:26:37.617+0000] {taskinstance.py:2191} INFO - Executing <Task(BashOperator): drop_ods> on 2025-06-07 19:26:36.453797+00:00
[2025-06-07T19:26:37.628+0000] {standard_task_runner.py:60} INFO - Started process 884 to run task
[2025-06-07T19:26:37.633+0000] {standard_task_runner.py:87} INFO - Running: ['***', 'tasks', 'run', 'drop_all_dag', 'drop_ods', 'manual__2025-06-07T19:26:36.453797+00:00', '--job-id', '51', '--raw', '--subdir', 'DAGS_FOLDER/drop_all_dag.py', '--cfg-path', '/tmp/tmpi6t0p8ji']
[2025-06-07T19:26:37.644+0000] {standard_task_runner.py:88} INFO - Job 51: Subtask drop_ods
[2025-06-07T19:26:37.751+0000] {task_command.py:423} INFO - Running <TaskInstance: drop_all_dag.drop_ods manual__2025-06-07T19:26:36.453797+00:00 [running]> on host c183c35f0e34
[2025-06-07T19:26:37.864+0000] {taskinstance.py:2480} INFO - Exporting env vars: AIRFLOW_CTX_DAG_OWNER='***' AIRFLOW_CTX_DAG_ID='drop_all_dag' AIRFLOW_CTX_TASK_ID='drop_ods' AIRFLOW_CTX_EXECUTION_DATE='2025-06-07T19:26:36.453797+00:00' AIRFLOW_CTX_TRY_NUMBER='1' AIRFLOW_CTX_DAG_RUN_ID='manual__2025-06-07T19:26:36.453797+00:00'
[2025-06-07T19:26:37.868+0000] {subprocess.py:63} INFO - Tmp dir root location: /tmp
[2025-06-07T19:26:37.874+0000] {subprocess.py:75} INFO - Running command: ['/usr/bin/bash', '-c', 'cd /opt/***/ecom_etl && python drop_ods.py']
[2025-06-07T19:26:37.918+0000] {subprocess.py:86} INFO - Output:
[2025-06-07T19:26:48.398+0000] {subprocess.py:93} INFO - 📍 Connected to ECOM_ODS.PUBLIC schema
[2025-06-07T19:26:48.402+0000] {subprocess.py:93} INFO - ✅ Table 'ODS_GEOLOCATION' dropped successfully.
[2025-06-07T19:26:48.403+0000] {subprocess.py:93} INFO - ✅ Table 'ODS_CUSTOMERS' dropped successfully.
[2025-06-07T19:26:48.403+0000] {subprocess.py:93} INFO - ✅ Table 'ODS_SELLERS' dropped successfully.
[2025-06-07T19:26:48.404+0000] {subprocess.py:93} INFO - ✅ Table 'ODS_ORDERS' dropped successfully.
[2025-06-07T19:26:48.404+0000] {subprocess.py:93} INFO - ✅ Table 'ODS_PRODUCTS' dropped successfully.
[2025-06-07T19:26:48.405+0000] {subprocess.py:93} INFO - ✅ Table 'ODS_ORDER_ITEMS' dropped successfully.
[2025-06-07T19:26:48.405+0000] {subprocess.py:93} INFO - ✅ Table 'ODS_ORDER_PAYMENTS' dropped successfully.
[2025-06-07T19:26:48.405+0000] {subprocess.py:93} INFO - ✅ Table 'ODS_ORDER_REVIEWS' dropped successfully.
[2025-06-07T19:26:48.406+0000] {subprocess.py:93} INFO - ✅ Table 'ODS_PRODUCT_CATEGORY_TRANSLATION' dropped successfully.
[2025-06-07T19:26:48.406+0000] {subprocess.py:93} INFO - 
[2025-06-07T19:26:48.406+0000] {subprocess.py:93} INFO - 🎯 Summary: 9/9 tables dropped successfully.
[2025-06-07T19:26:48.407+0000] {subprocess.py:93} INFO - 🔌 Connection closed.
[2025-06-07T19:26:48.535+0000] {subprocess.py:97} INFO - Command exited with return code 0
[2025-06-07T19:26:48.592+0000] {taskinstance.py:1138} INFO - Marking task as SUCCESS. dag_id=drop_all_dag, task_id=drop_ods, execution_date=20250607T192636, start_date=20250607T192637, end_date=20250607T192648
[2025-06-07T19:26:48.643+0000] {local_task_job_runner.py:234} INFO - Task exited with return code 0
[2025-06-07T19:26:48.680+0000] {taskinstance.py:3280} INFO - 1 downstream tasks scheduled from follow-on schedule check
