[2025-06-09T09:45:11.659+0000] {taskinstance.py:1956} INFO - Dependencies all met for dep_context=non-requeueable deps ti=<TaskInstance: kafka_ecommerce_pipeline.run_kafka_producer scheduled__2025-06-09T09:44:00+00:00 [queued]>
[2025-06-09T09:45:11.663+0000] {taskinstance.py:1956} INFO - Dependencies all met for dep_context=requeueable deps ti=<TaskInstance: kafka_ecommerce_pipeline.run_kafka_producer scheduled__2025-06-09T09:44:00+00:00 [queued]>
[2025-06-09T09:45:11.663+0000] {taskinstance.py:2170} INFO - Starting attempt 1 of 3
[2025-06-09T09:45:11.668+0000] {taskinstance.py:2191} INFO - Executing <Task(BashOperator): run_kafka_producer> on 2025-06-09 09:44:00+00:00
[2025-06-09T09:45:11.671+0000] {standard_task_runner.py:60} INFO - Started process 279 to run task
[2025-06-09T09:45:11.674+0000] {standard_task_runner.py:87} INFO - Running: ['***', 'tasks', 'run', 'kafka_ecommerce_pipeline', 'run_kafka_producer', 'scheduled__2025-06-09T09:44:00+00:00', '--job-id', '20', '--raw', '--subdir', 'DAGS_FOLDER/kafka_data_pipeline.py', '--cfg-path', '/tmp/tmp_ulcbqvf']
[2025-06-09T09:45:11.675+0000] {standard_task_runner.py:88} INFO - Job 20: Subtask run_kafka_producer
[2025-06-09T09:45:11.705+0000] {task_command.py:423} INFO - Running <TaskInstance: kafka_ecommerce_pipeline.run_kafka_producer scheduled__2025-06-09T09:44:00+00:00 [running]> on host e695025acf97
[2025-06-09T09:45:11.746+0000] {taskinstance.py:2480} INFO - Exporting env vars: AIRFLOW_CTX_DAG_OWNER='data-engineering-team' AIRFLOW_CTX_DAG_ID='kafka_ecommerce_pipeline' AIRFLOW_CTX_TASK_ID='run_kafka_producer' AIRFLOW_CTX_EXECUTION_DATE='2025-06-09T09:44:00+00:00' AIRFLOW_CTX_TRY_NUMBER='1' AIRFLOW_CTX_DAG_RUN_ID='scheduled__2025-06-09T09:44:00+00:00'
[2025-06-09T09:45:11.747+0000] {subprocess.py:63} INFO - Tmp dir root location: /tmp
[2025-06-09T09:45:11.748+0000] {subprocess.py:75} INFO - Running command: ['/usr/bin/bash', '-c', 'cd /opt/***/ecom_etl/ && python kafka_scripts/producer.py']
[2025-06-09T09:45:11.753+0000] {subprocess.py:86} INFO - Output:
[2025-06-09T09:45:11.973+0000] {subprocess.py:93} INFO - 🚀 Starting E-Commerce Event Producer
[2025-06-09T09:45:11.975+0000] {subprocess.py:93} INFO - 🔗 Kafka Bootstrap Servers: kafka:29092
[2025-06-09T09:45:11.975+0000] {subprocess.py:93} INFO - 🚀 Initializing Kafka producer with bootstrap servers: kafka:29092
[2025-06-09T09:45:11.982+0000] {subprocess.py:93} INFO - ⚠️ Error creating topics: [Error 36] TopicAlreadyExistsError: Request 'CreateTopicsRequest_v3(create_topic_requests=[(topic='ecommerce.product.views', num_partitions=3, replication_factor=1, replica_assignment=[], configs=[]), (topic='ecommerce.cart.add', num_partitions=3, replication_factor=1, replica_assignment=[], configs=[]), (topic='ecommerce.wishlist.add', num_partitions=3, replication_factor=1, replica_assignment=[], configs=[]), (topic='ecommerce.orders.completed', num_partitions=3, replication_factor=1, replica_assignment=[], configs=[])], timeout=30000, validate_only=False)' failed with response 'CreateTopicsResponse_v3(throttle_time_ms=0, topic_errors=[(topic='ecommerce.product.views', error_code=36, error_message="Topic 'ecommerce.product.views' already exists."), (topic='ecommerce.cart.add', error_code=36, error_message="Topic 'ecommerce.cart.add' already exists."), (topic='ecommerce.wishlist.add', error_code=36, error_message="Topic 'ecommerce.wishlist.add' already exists."), (topic='ecommerce.orders.completed', error_code=36, error_message="Topic 'ecommerce.orders.completed' already exists.")])'.
[2025-06-09T09:45:11.998+0000] {subprocess.py:93} INFO - ✅ Successfully connected to Kafka
[2025-06-09T09:45:11.998+0000] {subprocess.py:93} INFO - 📤 Sending 50 sample events...
[2025-06-09T09:45:12.097+0000] {subprocess.py:93} INFO - ✅ Sent to ecommerce.orders.completed: order_completed (partition: 2, offset: 5)
[2025-06-09T09:45:12.209+0000] {subprocess.py:93} INFO - ✅ Sent to ecommerce.product.views: product_view (partition: 0, offset: 15)
[2025-06-09T09:45:12.316+0000] {subprocess.py:93} INFO - ✅ Sent to ecommerce.product.views: product_view (partition: 1, offset: 15)
[2025-06-09T09:45:12.434+0000] {subprocess.py:93} INFO - ✅ Sent to ecommerce.cart.add: add_to_cart (partition: 0, offset: 10)
[2025-06-09T09:45:12.543+0000] {subprocess.py:93} INFO - ✅ Sent to ecommerce.product.views: product_view (partition: 1, offset: 16)
[2025-06-09T09:45:12.652+0000] {subprocess.py:93} INFO - ✅ Sent to ecommerce.product.views: product_view (partition: 1, offset: 17)
[2025-06-09T09:45:12.764+0000] {subprocess.py:93} INFO - ✅ Sent to ecommerce.cart.add: add_to_cart (partition: 0, offset: 11)
[2025-06-09T09:45:12.871+0000] {subprocess.py:93} INFO - ✅ Sent to ecommerce.wishlist.add: add_to_wishlist (partition: 2, offset: 7)
[2025-06-09T09:45:12.979+0000] {subprocess.py:93} INFO - ✅ Sent to ecommerce.product.views: product_view (partition: 2, offset: 20)
[2025-06-09T09:45:13.089+0000] {subprocess.py:93} INFO - ✅ Sent to ecommerce.cart.add: add_to_cart (partition: 0, offset: 12)
[2025-06-09T09:45:13.194+0000] {subprocess.py:93} INFO - 📊 Sent 10/50 events...
[2025-06-09T09:45:13.203+0000] {subprocess.py:93} INFO - ✅ Sent to ecommerce.orders.completed: order_completed (partition: 2, offset: 6)
[2025-06-09T09:45:13.307+0000] {subprocess.py:93} INFO - ✅ Sent to ecommerce.product.views: product_view (partition: 0, offset: 16)
[2025-06-09T09:45:13.412+0000] {subprocess.py:93} INFO - ✅ Sent to ecommerce.cart.add: add_to_cart (partition: 0, offset: 13)
[2025-06-09T09:45:13.521+0000] {subprocess.py:93} INFO - ✅ Sent to ecommerce.product.views: product_view (partition: 2, offset: 21)
[2025-06-09T09:45:13.630+0000] {subprocess.py:93} INFO - ✅ Sent to ecommerce.wishlist.add: add_to_wishlist (partition: 0, offset: 1)
[2025-06-09T09:45:13.735+0000] {subprocess.py:93} INFO - ✅ Sent to ecommerce.cart.add: add_to_cart (partition: 2, offset: 9)
[2025-06-09T09:45:13.843+0000] {subprocess.py:93} INFO - ✅ Sent to ecommerce.product.views: product_view (partition: 1, offset: 18)
[2025-06-09T09:45:13.952+0000] {subprocess.py:93} INFO - ✅ Sent to ecommerce.product.views: product_view (partition: 0, offset: 17)
[2025-06-09T09:45:14.063+0000] {subprocess.py:93} INFO - ✅ Sent to ecommerce.cart.add: add_to_cart (partition: 2, offset: 10)
[2025-06-09T09:45:14.168+0000] {subprocess.py:93} INFO - ✅ Sent to ecommerce.product.views: product_view (partition: 2, offset: 22)
[2025-06-09T09:45:14.270+0000] {subprocess.py:93} INFO - 📊 Sent 20/50 events...
[2025-06-09T09:45:14.275+0000] {subprocess.py:93} INFO - ✅ Sent to ecommerce.orders.completed: order_completed (partition: 2, offset: 7)
[2025-06-09T09:45:14.385+0000] {subprocess.py:93} INFO - ✅ Sent to ecommerce.wishlist.add: add_to_wishlist (partition: 0, offset: 2)
[2025-06-09T09:45:14.494+0000] {subprocess.py:93} INFO - ✅ Sent to ecommerce.product.views: product_view (partition: 1, offset: 19)
[2025-06-09T09:45:14.603+0000] {subprocess.py:93} INFO - ✅ Sent to ecommerce.product.views: product_view (partition: 0, offset: 18)
[2025-06-09T09:45:14.710+0000] {subprocess.py:93} INFO - ✅ Sent to ecommerce.cart.add: add_to_cart (partition: 2, offset: 11)
[2025-06-09T09:45:14.815+0000] {subprocess.py:93} INFO - ✅ Sent to ecommerce.product.views: product_view (partition: 0, offset: 19)
[2025-06-09T09:45:14.923+0000] {subprocess.py:93} INFO - ✅ Sent to ecommerce.product.views: product_view (partition: 1, offset: 20)
[2025-06-09T09:45:15.030+0000] {subprocess.py:93} INFO - ✅ Sent to ecommerce.cart.add: add_to_cart (partition: 1, offset: 7)
[2025-06-09T09:45:15.142+0000] {subprocess.py:93} INFO - ✅ Sent to ecommerce.wishlist.add: add_to_wishlist (partition: 1, offset: 6)
[2025-06-09T09:45:15.246+0000] {subprocess.py:93} INFO - ✅ Sent to ecommerce.product.views: product_view (partition: 2, offset: 23)
[2025-06-09T09:45:15.352+0000] {subprocess.py:93} INFO - 📊 Sent 30/50 events...
[2025-06-09T09:45:15.360+0000] {subprocess.py:93} INFO - ✅ Sent to ecommerce.orders.completed: order_completed (partition: 2, offset: 8)
[2025-06-09T09:45:15.470+0000] {subprocess.py:93} INFO - ✅ Sent to ecommerce.product.views: product_view (partition: 0, offset: 20)
[2025-06-09T09:45:15.583+0000] {subprocess.py:93} INFO - ✅ Sent to ecommerce.product.views: product_view (partition: 0, offset: 21)
[2025-06-09T09:45:15.695+0000] {subprocess.py:93} INFO - ✅ Sent to ecommerce.cart.add: add_to_cart (partition: 0, offset: 14)
[2025-06-09T09:45:15.803+0000] {subprocess.py:93} INFO - ✅ Sent to ecommerce.product.views: product_view (partition: 1, offset: 21)
[2025-06-09T09:45:15.913+0000] {subprocess.py:93} INFO - ✅ Sent to ecommerce.wishlist.add: add_to_wishlist (partition: 0, offset: 3)
[2025-06-09T09:45:16.026+0000] {subprocess.py:93} INFO - ✅ Sent to ecommerce.cart.add: add_to_cart (partition: 1, offset: 8)
[2025-06-09T09:45:16.134+0000] {subprocess.py:93} INFO - ✅ Sent to ecommerce.product.views: product_view (partition: 2, offset: 24)
[2025-06-09T09:45:16.238+0000] {subprocess.py:93} INFO - ✅ Sent to ecommerce.product.views: product_view (partition: 2, offset: 25)
[2025-06-09T09:45:16.344+0000] {subprocess.py:93} INFO - ✅ Sent to ecommerce.cart.add: add_to_cart (partition: 1, offset: 9)
[2025-06-09T09:45:16.445+0000] {subprocess.py:93} INFO - 📊 Sent 40/50 events...
[2025-06-09T09:45:16.450+0000] {subprocess.py:93} INFO - ✅ Sent to ecommerce.orders.completed: order_completed (partition: 0, offset: 1)
[2025-06-09T09:45:16.554+0000] {subprocess.py:93} INFO - ✅ Sent to ecommerce.product.views: product_view (partition: 0, offset: 22)
[2025-06-09T09:45:16.660+0000] {subprocess.py:93} INFO - ✅ Sent to ecommerce.wishlist.add: add_to_wishlist (partition: 0, offset: 4)
[2025-06-09T09:45:16.766+0000] {subprocess.py:93} INFO - ✅ Sent to ecommerce.product.views: product_view (partition: 2, offset: 26)
[2025-06-09T09:45:16.873+0000] {subprocess.py:93} INFO - ✅ Sent to ecommerce.product.views: product_view (partition: 2, offset: 27)
[2025-06-09T09:45:16.976+0000] {subprocess.py:93} INFO - ✅ Sent to ecommerce.cart.add: add_to_cart (partition: 2, offset: 12)
[2025-06-09T09:45:17.084+0000] {subprocess.py:93} INFO - ✅ Sent to ecommerce.product.views: product_view (partition: 1, offset: 22)
[2025-06-09T09:45:17.198+0000] {subprocess.py:93} INFO - ✅ Sent to ecommerce.product.views: product_view (partition: 2, offset: 28)
[2025-06-09T09:45:17.305+0000] {subprocess.py:93} INFO - ✅ Sent to ecommerce.cart.add: add_to_cart (partition: 0, offset: 15)
[2025-06-09T09:45:17.415+0000] {subprocess.py:93} INFO - ✅ Sent to ecommerce.wishlist.add: add_to_wishlist (partition: 1, offset: 7)
[2025-06-09T09:45:17.516+0000] {subprocess.py:93} INFO - 📊 Sent 50/50 events...
[2025-06-09T09:45:17.517+0000] {subprocess.py:93} INFO - ✅ Batch complete: 50 events sent successfully
[2025-06-09T09:45:17.517+0000] {subprocess.py:93} INFO - ✅ Producer closed successfully
[2025-06-09T09:45:17.575+0000] {subprocess.py:97} INFO - Command exited with return code 0
[2025-06-09T09:45:17.594+0000] {taskinstance.py:1138} INFO - Marking task as SUCCESS. dag_id=kafka_ecommerce_pipeline, task_id=run_kafka_producer, execution_date=20250609T094400, start_date=20250609T094511, end_date=20250609T094517
[2025-06-09T09:45:17.625+0000] {local_task_job_runner.py:234} INFO - Task exited with return code 0
[2025-06-09T09:45:17.645+0000] {taskinstance.py:3280} INFO - 1 downstream tasks scheduled from follow-on schedule check
