[2025-06-09T09:21:03.632+0000] {taskinstance.py:1956} INFO - Dependencies all met for dep_context=non-requeueable deps ti=<TaskInstance: kafka_ecommerce_pipeline.run_kafka_producer scheduled__2025-06-09T09:18:00+00:00 [queued]>
[2025-06-09T09:21:03.642+0000] {taskinstance.py:1956} INFO - Dependencies all met for dep_context=requeueable deps ti=<TaskInstance: kafka_ecommerce_pipeline.run_kafka_producer scheduled__2025-06-09T09:18:00+00:00 [queued]>
[2025-06-09T09:21:03.642+0000] {taskinstance.py:2170} INFO - Starting attempt 1 of 3
[2025-06-09T09:21:03.652+0000] {taskinstance.py:2191} INFO - Executing <Task(BashOperator): run_kafka_producer> on 2025-06-09 09:18:00+00:00
[2025-06-09T09:21:03.661+0000] {standard_task_runner.py:60} INFO - Started process 921 to run task
[2025-06-09T09:21:03.665+0000] {standard_task_runner.py:87} INFO - Running: ['***', 'tasks', 'run', 'kafka_ecommerce_pipeline', 'run_kafka_producer', 'scheduled__2025-06-09T09:18:00+00:00', '--job-id', '46', '--raw', '--subdir', 'DAGS_FOLDER/kafka_data_pipeline.py', '--cfg-path', '/tmp/tmprqn3cuza']
[2025-06-09T09:21:03.666+0000] {standard_task_runner.py:88} INFO - Job 46: Subtask run_kafka_producer
[2025-06-09T09:21:03.715+0000] {task_command.py:423} INFO - Running <TaskInstance: kafka_ecommerce_pipeline.run_kafka_producer scheduled__2025-06-09T09:18:00+00:00 [running]> on host 93140bc61108
[2025-06-09T09:21:03.782+0000] {taskinstance.py:2480} INFO - Exporting env vars: AIRFLOW_CTX_DAG_OWNER='data-engineering-team' AIRFLOW_CTX_DAG_ID='kafka_ecommerce_pipeline' AIRFLOW_CTX_TASK_ID='run_kafka_producer' AIRFLOW_CTX_EXECUTION_DATE='2025-06-09T09:18:00+00:00' AIRFLOW_CTX_TRY_NUMBER='1' AIRFLOW_CTX_DAG_RUN_ID='scheduled__2025-06-09T09:18:00+00:00'
[2025-06-09T09:21:03.784+0000] {subprocess.py:63} INFO - Tmp dir root location: /tmp
[2025-06-09T09:21:03.785+0000] {subprocess.py:75} INFO - Running command: ['/usr/bin/bash', '-c', 'cd /opt/***/ecom_etl/ && python kafka_scripts/producer.py']
[2025-06-09T09:21:03.792+0000] {subprocess.py:86} INFO - Output:
[2025-06-09T09:21:04.218+0000] {subprocess.py:93} INFO - 🚀 Starting E-Commerce Event Producer
[2025-06-09T09:21:04.221+0000] {subprocess.py:93} INFO - 🔗 Kafka Bootstrap Servers: kafka:29092
[2025-06-09T09:21:04.221+0000] {subprocess.py:93} INFO - 🚀 Initializing Kafka producer with bootstrap servers: kafka:29092
[2025-06-09T09:21:04.246+0000] {subprocess.py:93} INFO - ⚠️ Error creating topics: [Error 36] TopicAlreadyExistsError: Request 'CreateTopicsRequest_v3(create_topic_requests=[(topic='ecommerce.product.views', num_partitions=3, replication_factor=1, replica_assignment=[], configs=[]), (topic='ecommerce.cart.add', num_partitions=3, replication_factor=1, replica_assignment=[], configs=[]), (topic='ecommerce.wishlist.add', num_partitions=3, replication_factor=1, replica_assignment=[], configs=[]), (topic='ecommerce.orders.completed', num_partitions=3, replication_factor=1, replica_assignment=[], configs=[])], timeout=30000, validate_only=False)' failed with response 'CreateTopicsResponse_v3(throttle_time_ms=0, topic_errors=[(topic='ecommerce.product.views', error_code=36, error_message="Topic 'ecommerce.product.views' already exists."), (topic='ecommerce.cart.add', error_code=36, error_message="Topic 'ecommerce.cart.add' already exists."), (topic='ecommerce.wishlist.add', error_code=36, error_message="Topic 'ecommerce.wishlist.add' already exists."), (topic='ecommerce.orders.completed', error_code=36, error_message="Topic 'ecommerce.orders.completed' already exists.")])'.
[2025-06-09T09:21:04.264+0000] {subprocess.py:93} INFO - ✅ Successfully connected to Kafka
[2025-06-09T09:21:04.264+0000] {subprocess.py:93} INFO - 📤 Sending 50 sample events...
[2025-06-09T09:21:04.365+0000] {subprocess.py:93} INFO - ✅ Sent to ecommerce.orders.completed: order_completed (partition: 0, offset: 25)
[2025-06-09T09:21:04.475+0000] {subprocess.py:93} INFO - ✅ Sent to ecommerce.product.views: product_view (partition: 0, offset: 111)
[2025-06-09T09:21:04.579+0000] {subprocess.py:93} INFO - ✅ Sent to ecommerce.product.views: product_view (partition: 0, offset: 112)
[2025-06-09T09:21:04.685+0000] {subprocess.py:93} INFO - ✅ Sent to ecommerce.cart.add: add_to_cart (partition: 0, offset: 50)
[2025-06-09T09:21:04.793+0000] {subprocess.py:93} INFO - ✅ Sent to ecommerce.product.views: product_view (partition: 0, offset: 113)
[2025-06-09T09:21:04.897+0000] {subprocess.py:93} INFO - ✅ Sent to ecommerce.product.views: product_view (partition: 0, offset: 114)
[2025-06-09T09:21:05.005+0000] {subprocess.py:93} INFO - ✅ Sent to ecommerce.cart.add: add_to_cart (partition: 0, offset: 51)
[2025-06-09T09:21:05.117+0000] {subprocess.py:93} INFO - ✅ Sent to ecommerce.wishlist.add: add_to_wishlist (partition: 0, offset: 24)
[2025-06-09T09:21:05.223+0000] {subprocess.py:93} INFO - ✅ Sent to ecommerce.product.views: product_view (partition: 0, offset: 115)
[2025-06-09T09:21:05.328+0000] {subprocess.py:93} INFO - ✅ Sent to ecommerce.cart.add: add_to_cart (partition: 0, offset: 52)
[2025-06-09T09:21:05.431+0000] {subprocess.py:93} INFO - 📊 Sent 10/50 events...
[2025-06-09T09:21:05.436+0000] {subprocess.py:93} INFO - ✅ Sent to ecommerce.orders.completed: order_completed (partition: 0, offset: 26)
[2025-06-09T09:21:05.546+0000] {subprocess.py:93} INFO - ✅ Sent to ecommerce.product.views: product_view (partition: 0, offset: 116)
[2025-06-09T09:21:05.649+0000] {subprocess.py:93} INFO - ✅ Sent to ecommerce.cart.add: add_to_cart (partition: 0, offset: 53)
[2025-06-09T09:21:05.752+0000] {subprocess.py:93} INFO - ✅ Sent to ecommerce.product.views: product_view (partition: 0, offset: 117)
[2025-06-09T09:21:05.860+0000] {subprocess.py:93} INFO - ✅ Sent to ecommerce.wishlist.add: add_to_wishlist (partition: 0, offset: 25)
[2025-06-09T09:21:05.968+0000] {subprocess.py:93} INFO - ✅ Sent to ecommerce.cart.add: add_to_cart (partition: 0, offset: 54)
[2025-06-09T09:21:06.075+0000] {subprocess.py:93} INFO - ✅ Sent to ecommerce.product.views: product_view (partition: 0, offset: 118)
[2025-06-09T09:21:06.182+0000] {subprocess.py:93} INFO - ✅ Sent to ecommerce.product.views: product_view (partition: 0, offset: 119)
[2025-06-09T09:21:06.292+0000] {subprocess.py:93} INFO - ✅ Sent to ecommerce.cart.add: add_to_cart (partition: 0, offset: 55)
[2025-06-09T09:21:06.401+0000] {subprocess.py:93} INFO - ✅ Sent to ecommerce.product.views: product_view (partition: 0, offset: 120)
[2025-06-09T09:21:06.506+0000] {subprocess.py:93} INFO - 📊 Sent 20/50 events...
[2025-06-09T09:21:06.512+0000] {subprocess.py:93} INFO - ✅ Sent to ecommerce.orders.completed: order_completed (partition: 0, offset: 27)
[2025-06-09T09:21:06.621+0000] {subprocess.py:93} INFO - ✅ Sent to ecommerce.wishlist.add: add_to_wishlist (partition: 0, offset: 26)
[2025-06-09T09:21:06.731+0000] {subprocess.py:93} INFO - ✅ Sent to ecommerce.product.views: product_view (partition: 0, offset: 121)
[2025-06-09T09:21:06.839+0000] {subprocess.py:93} INFO - ✅ Sent to ecommerce.product.views: product_view (partition: 0, offset: 122)
[2025-06-09T09:21:06.944+0000] {subprocess.py:93} INFO - ✅ Sent to ecommerce.cart.add: add_to_cart (partition: 0, offset: 56)
[2025-06-09T09:21:07.050+0000] {subprocess.py:93} INFO - ✅ Sent to ecommerce.product.views: product_view (partition: 0, offset: 123)
[2025-06-09T09:21:07.158+0000] {subprocess.py:93} INFO - ✅ Sent to ecommerce.product.views: product_view (partition: 0, offset: 124)
[2025-06-09T09:21:07.269+0000] {subprocess.py:93} INFO - ✅ Sent to ecommerce.cart.add: add_to_cart (partition: 0, offset: 57)
[2025-06-09T09:21:07.377+0000] {subprocess.py:93} INFO - ✅ Sent to ecommerce.wishlist.add: add_to_wishlist (partition: 0, offset: 27)
[2025-06-09T09:21:07.482+0000] {subprocess.py:93} INFO - ✅ Sent to ecommerce.product.views: product_view (partition: 0, offset: 125)
[2025-06-09T09:21:07.583+0000] {subprocess.py:93} INFO - 📊 Sent 30/50 events...
[2025-06-09T09:21:07.591+0000] {subprocess.py:93} INFO - ✅ Sent to ecommerce.orders.completed: order_completed (partition: 0, offset: 28)
[2025-06-09T09:21:07.699+0000] {subprocess.py:93} INFO - ✅ Sent to ecommerce.product.views: product_view (partition: 0, offset: 126)
[2025-06-09T09:21:07.805+0000] {subprocess.py:93} INFO - ✅ Sent to ecommerce.product.views: product_view (partition: 0, offset: 127)
[2025-06-09T09:21:07.918+0000] {subprocess.py:93} INFO - ✅ Sent to ecommerce.cart.add: add_to_cart (partition: 0, offset: 58)
[2025-06-09T09:21:08.033+0000] {subprocess.py:93} INFO - ✅ Sent to ecommerce.product.views: product_view (partition: 0, offset: 128)
[2025-06-09T09:21:08.145+0000] {subprocess.py:93} INFO - ✅ Sent to ecommerce.wishlist.add: add_to_wishlist (partition: 0, offset: 28)
[2025-06-09T09:21:08.256+0000] {subprocess.py:93} INFO - ✅ Sent to ecommerce.cart.add: add_to_cart (partition: 0, offset: 59)
[2025-06-09T09:21:08.362+0000] {subprocess.py:93} INFO - ✅ Sent to ecommerce.product.views: product_view (partition: 0, offset: 129)
[2025-06-09T09:21:08.470+0000] {subprocess.py:93} INFO - ✅ Sent to ecommerce.product.views: product_view (partition: 0, offset: 130)
[2025-06-09T09:21:08.575+0000] {subprocess.py:93} INFO - ✅ Sent to ecommerce.cart.add: add_to_cart (partition: 0, offset: 60)
[2025-06-09T09:21:08.676+0000] {subprocess.py:93} INFO - 📊 Sent 40/50 events...
[2025-06-09T09:21:08.681+0000] {subprocess.py:93} INFO - ✅ Sent to ecommerce.orders.completed: order_completed (partition: 0, offset: 29)
[2025-06-09T09:21:08.785+0000] {subprocess.py:93} INFO - ✅ Sent to ecommerce.product.views: product_view (partition: 0, offset: 131)
[2025-06-09T09:21:08.888+0000] {subprocess.py:93} INFO - ✅ Sent to ecommerce.wishlist.add: add_to_wishlist (partition: 0, offset: 29)
[2025-06-09T09:21:08.992+0000] {subprocess.py:93} INFO - ✅ Sent to ecommerce.product.views: product_view (partition: 0, offset: 132)
[2025-06-09T09:21:09.099+0000] {subprocess.py:93} INFO - ✅ Sent to ecommerce.product.views: product_view (partition: 0, offset: 133)
[2025-06-09T09:21:09.202+0000] {subprocess.py:93} INFO - ✅ Sent to ecommerce.cart.add: add_to_cart (partition: 0, offset: 61)
[2025-06-09T09:21:09.305+0000] {subprocess.py:93} INFO - ✅ Sent to ecommerce.product.views: product_view (partition: 0, offset: 134)
[2025-06-09T09:21:09.410+0000] {subprocess.py:93} INFO - ✅ Sent to ecommerce.product.views: product_view (partition: 0, offset: 135)
[2025-06-09T09:21:09.516+0000] {subprocess.py:93} INFO - ✅ Sent to ecommerce.cart.add: add_to_cart (partition: 0, offset: 62)
[2025-06-09T09:21:09.620+0000] {subprocess.py:93} INFO - ✅ Sent to ecommerce.wishlist.add: add_to_wishlist (partition: 0, offset: 30)
[2025-06-09T09:21:09.722+0000] {subprocess.py:93} INFO - 📊 Sent 50/50 events...
[2025-06-09T09:21:09.725+0000] {subprocess.py:93} INFO - ✅ Batch complete: 50 events sent successfully
[2025-06-09T09:21:09.726+0000] {subprocess.py:93} INFO - ✅ Producer closed successfully
[2025-06-09T09:21:09.789+0000] {subprocess.py:97} INFO - Command exited with return code 0
[2025-06-09T09:21:09.815+0000] {taskinstance.py:1138} INFO - Marking task as SUCCESS. dag_id=kafka_ecommerce_pipeline, task_id=run_kafka_producer, execution_date=20250609T091800, start_date=20250609T092103, end_date=20250609T092109
[2025-06-09T09:21:09.883+0000] {local_task_job_runner.py:234} INFO - Task exited with return code 0
[2025-06-09T09:21:09.906+0000] {taskinstance.py:3280} INFO - 1 downstream tasks scheduled from follow-on schedule check
