[2025-06-09T06:13:56.108+0000] {taskinstance.py:1956} INFO - Dependencies all met for dep_context=non-requeueable deps ti=<TaskInstance: kafka_ecommerce_pipeline.run_kafka_producer manual__2025-06-09T06:09:04.378729+00:00 [queued]>
[2025-06-09T06:13:56.112+0000] {taskinstance.py:1956} INFO - Dependencies all met for dep_context=requeueable deps ti=<TaskInstance: kafka_ecommerce_pipeline.run_kafka_producer manual__2025-06-09T06:09:04.378729+00:00 [queued]>
[2025-06-09T06:13:56.113+0000] {taskinstance.py:2170} INFO - Starting attempt 1 of 3
[2025-06-09T06:13:56.119+0000] {taskinstance.py:2191} INFO - Executing <Task(BashOperator): run_kafka_producer> on 2025-06-09 06:09:04.378729+00:00
[2025-06-09T06:13:56.125+0000] {standard_task_runner.py:60} INFO - Started process 309 to run task
[2025-06-09T06:13:56.127+0000] {standard_task_runner.py:87} INFO - Running: ['***', 'tasks', 'run', 'kafka_ecommerce_pipeline', 'run_kafka_producer', 'manual__2025-06-09T06:09:04.378729+00:00', '--job-id', '12', '--raw', '--subdir', 'DAGS_FOLDER/kafka_data_pipeline.py', '--cfg-path', '/tmp/tmp4p_vxax0']
[2025-06-09T06:13:56.128+0000] {standard_task_runner.py:88} INFO - Job 12: Subtask run_kafka_producer
[2025-06-09T06:13:56.154+0000] {task_command.py:423} INFO - Running <TaskInstance: kafka_ecommerce_pipeline.run_kafka_producer manual__2025-06-09T06:09:04.378729+00:00 [running]> on host 214da608bc37
[2025-06-09T06:13:56.201+0000] {taskinstance.py:2480} INFO - Exporting env vars: AIRFLOW_CTX_DAG_OWNER='data-engineering-team' AIRFLOW_CTX_DAG_ID='kafka_ecommerce_pipeline' AIRFLOW_CTX_TASK_ID='run_kafka_producer' AIRFLOW_CTX_EXECUTION_DATE='2025-06-09T06:09:04.378729+00:00' AIRFLOW_CTX_TRY_NUMBER='1' AIRFLOW_CTX_DAG_RUN_ID='manual__2025-06-09T06:09:04.378729+00:00'
[2025-06-09T06:13:56.203+0000] {subprocess.py:63} INFO - Tmp dir root location: /tmp
[2025-06-09T06:13:56.204+0000] {subprocess.py:75} INFO - Running command: ['/usr/bin/bash', '-c', 'cd /opt/***/ecom_etl/ && python kafka_scripts/producer.py']
[2025-06-09T06:13:56.214+0000] {subprocess.py:86} INFO - Output:
[2025-06-09T06:13:56.740+0000] {subprocess.py:93} INFO - 🚀 Starting E-Commerce Event Producer
[2025-06-09T06:13:56.743+0000] {subprocess.py:93} INFO - 🔗 Kafka: kafka:29092
[2025-06-09T06:13:56.744+0000] {subprocess.py:93} INFO - 📊 Topics:
[2025-06-09T06:13:56.744+0000] {subprocess.py:93} INFO -    - ecommerce.product.views
[2025-06-09T06:13:56.744+0000] {subprocess.py:93} INFO -    - ecommerce.cart.add
[2025-06-09T06:13:56.744+0000] {subprocess.py:93} INFO -    - ecommerce.wishlist.add
[2025-06-09T06:13:56.745+0000] {subprocess.py:93} INFO -    - ecommerce.orders.completed
[2025-06-09T06:13:56.745+0000] {subprocess.py:93} INFO - 🚀 Initializing Kafka producer with bootstrap servers: kafka:29092
[2025-06-09T06:13:56.792+0000] {subprocess.py:93} INFO - ✅ Successfully connected to Kafka
[2025-06-09T06:13:56.793+0000] {subprocess.py:93} INFO - 
[2025-06-09T06:13:56.793+0000] {subprocess.py:93} INFO - 🔄 Starting e-commerce event simulation...
[2025-06-09T06:13:56.793+0000] {subprocess.py:93} INFO - 🚀 Starting simulation for 20 events at 2 events/second
[2025-06-09T06:13:56.879+0000] {subprocess.py:93} INFO - 🛒 Sent add_to_cart to ecommerce.cart.add - Product: iPhone 15 Pro
[2025-06-09T06:13:56.983+0000] {subprocess.py:93} INFO - ✅ Sent product_view to ecommerce.product.views - Product: Samsung 4K TV
[2025-06-09T06:13:57.485+0000] {subprocess.py:93} INFO - ✅ Sent product_view to ecommerce.product.views - Product: Levi's Jeans
[2025-06-09T06:13:57.486+0000] {subprocess.py:93} INFO - 🛒 Sent add_to_cart to ecommerce.cart.add - Product: Wireless Headphones
[2025-06-09T06:13:57.988+0000] {subprocess.py:93} INFO - ✅ Sent product_view to ecommerce.product.views - Product: Nike Air Max
[2025-06-09T06:13:57.992+0000] {subprocess.py:93} INFO - 💰 Sent order to ecommerce.orders.completed - Order: order_93976
[2025-06-09T06:13:58.497+0000] {subprocess.py:93} INFO - ✅ Sent product_view to ecommerce.product.views - Product: Nike Air Max
[2025-06-09T06:13:58.504+0000] {subprocess.py:93} INFO - 🛒 Sent add_to_cart to ecommerce.cart.add - Product: Adidas Sneakers
[2025-06-09T06:13:59.001+0000] {subprocess.py:93} INFO - 🛒 Sent add_to_cart to ecommerce.cart.add - Product: Samsung 4K TV
[2025-06-09T06:13:59.003+0000] {subprocess.py:93} INFO - ✅ Sent product_view to ecommerce.product.views - Product: Levi's Jeans
[2025-06-09T06:13:59.004+0000] {subprocess.py:93} INFO - 📊 Progress: 10/20 events in 2.2 seconds
[2025-06-09T06:13:59.513+0000] {subprocess.py:93} INFO - ✅ Sent product_view to ecommerce.product.views - Product: Adidas Sneakers
[2025-06-09T06:13:59.518+0000] {subprocess.py:93} INFO - 🛒 Sent add_to_cart to ecommerce.cart.add - Product: iPhone 15 Pro
[2025-06-09T06:14:00.020+0000] {subprocess.py:93} INFO - 🛒 Sent add_to_cart to ecommerce.cart.add - Product: Coffee Maker
[2025-06-09T06:14:00.021+0000] {subprocess.py:93} INFO - ✅ Sent product_view to ecommerce.product.views - Product: Samsung 4K TV
[2025-06-09T06:14:00.528+0000] {subprocess.py:93} INFO - ✅ Sent product_view to ecommerce.product.views - Product: Coffee Maker
[2025-06-09T06:14:00.534+0000] {subprocess.py:93} INFO - ❤️  Sent wishlist_add to ecommerce.wishlist.add - Product: iPhone 15 Pro
[2025-06-09T06:14:01.038+0000] {subprocess.py:93} INFO - 🛒 Sent add_to_cart to ecommerce.cart.add - Product: Coffee Maker
[2025-06-09T06:14:01.078+0000] {subprocess.py:93} INFO - ✅ Sent product_view to ecommerce.product.views - Product: Nike Air Max
[2025-06-09T06:14:01.557+0000] {subprocess.py:93} INFO - 🛒 Sent add_to_cart to ecommerce.cart.add - Product: Adidas Sneakers
[2025-06-09T06:14:01.559+0000] {subprocess.py:93} INFO - ✅ Sent product_view to ecommerce.product.views - Product: iPhone 15 Pro
[2025-06-09T06:14:01.559+0000] {subprocess.py:93} INFO - 📊 Progress: 20/20 events in 4.8 seconds
[2025-06-09T06:14:01.561+0000] {subprocess.py:93} INFO - 
[2025-06-09T06:14:01.562+0000] {subprocess.py:93} INFO - 📈 Simulation completed! Generated 20 events in 4.8 seconds
[2025-06-09T06:14:01.659+0000] {subprocess.py:97} INFO - Command exited with return code 0
[2025-06-09T06:14:01.704+0000] {taskinstance.py:1138} INFO - Marking task as SUCCESS. dag_id=kafka_ecommerce_pipeline, task_id=run_kafka_producer, execution_date=20250609T060904, start_date=20250609T061356, end_date=20250609T061401
[2025-06-09T06:14:01.754+0000] {local_task_job_runner.py:234} INFO - Task exited with return code 0
[2025-06-09T06:14:01.793+0000] {taskinstance.py:3280} INFO - 1 downstream tasks scheduled from follow-on schedule check
