[2025-06-09T06:40:02.121+0000] {taskinstance.py:1956} INFO - Dependencies all met for dep_context=non-requeueable deps ti=<TaskInstance: kafka_ecommerce_pipeline.run_kafka_producer scheduled__2025-06-09T06:35:00+00:00 [queued]>
[2025-06-09T06:40:02.125+0000] {taskinstance.py:1956} INFO - Dependencies all met for dep_context=requeueable deps ti=<TaskInstance: kafka_ecommerce_pipeline.run_kafka_producer scheduled__2025-06-09T06:35:00+00:00 [queued]>
[2025-06-09T06:40:02.125+0000] {taskinstance.py:2170} INFO - Starting attempt 1 of 3
[2025-06-09T06:40:02.130+0000] {taskinstance.py:2191} INFO - Executing <Task(BashOperator): run_kafka_producer> on 2025-06-09 06:35:00+00:00
[2025-06-09T06:40:02.133+0000] {standard_task_runner.py:60} INFO - Started process 1330 to run task
[2025-06-09T06:40:02.135+0000] {standard_task_runner.py:87} INFO - Running: ['***', 'tasks', 'run', 'kafka_ecommerce_pipeline', 'run_kafka_producer', 'scheduled__2025-06-09T06:35:00+00:00', '--job-id', '61', '--raw', '--subdir', 'DAGS_FOLDER/kafka_data_pipeline.py', '--cfg-path', '/tmp/tmp441qu3xz']
[2025-06-09T06:40:02.136+0000] {standard_task_runner.py:88} INFO - Job 61: Subtask run_kafka_producer
[2025-06-09T06:40:02.159+0000] {task_command.py:423} INFO - Running <TaskInstance: kafka_ecommerce_pipeline.run_kafka_producer scheduled__2025-06-09T06:35:00+00:00 [running]> on host 214da608bc37
[2025-06-09T06:40:02.221+0000] {taskinstance.py:2480} INFO - Exporting env vars: AIRFLOW_CTX_DAG_OWNER='data-engineering-team' AIRFLOW_CTX_DAG_ID='kafka_ecommerce_pipeline' AIRFLOW_CTX_TASK_ID='run_kafka_producer' AIRFLOW_CTX_EXECUTION_DATE='2025-06-09T06:35:00+00:00' AIRFLOW_CTX_TRY_NUMBER='1' AIRFLOW_CTX_DAG_RUN_ID='scheduled__2025-06-09T06:35:00+00:00'
[2025-06-09T06:40:02.222+0000] {subprocess.py:63} INFO - Tmp dir root location: /tmp
[2025-06-09T06:40:02.224+0000] {subprocess.py:75} INFO - Running command: ['/usr/bin/bash', '-c', 'cd /opt/***/ecom_etl/ && python kafka_scripts/producer.py']
[2025-06-09T06:40:02.236+0000] {subprocess.py:86} INFO - Output:
[2025-06-09T06:40:02.504+0000] {subprocess.py:93} INFO - 🚀 Starting E-Commerce Event Producer
[2025-06-09T06:40:02.505+0000] {subprocess.py:93} INFO - 🔗 Kafka: kafka:29092
[2025-06-09T06:40:02.505+0000] {subprocess.py:93} INFO - 📊 Topics:
[2025-06-09T06:40:02.505+0000] {subprocess.py:93} INFO -    - ecommerce.product.views
[2025-06-09T06:40:02.505+0000] {subprocess.py:93} INFO -    - ecommerce.cart.add
[2025-06-09T06:40:02.505+0000] {subprocess.py:93} INFO -    - ecommerce.wishlist.add
[2025-06-09T06:40:02.506+0000] {subprocess.py:93} INFO -    - ecommerce.orders.completed
[2025-06-09T06:40:02.506+0000] {subprocess.py:93} INFO - 🚀 Initializing Kafka producer with bootstrap servers: kafka:29092
[2025-06-09T06:40:02.528+0000] {subprocess.py:93} INFO - ✅ Successfully connected to Kafka
[2025-06-09T06:40:02.529+0000] {subprocess.py:93} INFO - 
[2025-06-09T06:40:02.529+0000] {subprocess.py:93} INFO - 🔄 Starting e-commerce event simulation...
[2025-06-09T06:40:02.529+0000] {subprocess.py:93} INFO - 🚀 Starting simulation for 20 events at 2 events/second
[2025-06-09T06:40:02.622+0000] {subprocess.py:93} INFO - 💰 Sent order to ecommerce.orders.completed - Order: order_12530
[2025-06-09T06:40:02.726+0000] {subprocess.py:93} INFO - 🛒 Sent add_to_cart to ecommerce.cart.add - Product: Nike Air Max
[2025-06-09T06:40:03.233+0000] {subprocess.py:93} INFO - ✅ Sent product_view to ecommerce.product.views - Product: Levi's Jeans
[2025-06-09T06:40:03.344+0000] {subprocess.py:93} INFO - ❤️  Sent wishlist_add to ecommerce.wishlist.add - Product: Adidas Sneakers
[2025-06-09T06:40:03.856+0000] {subprocess.py:93} INFO - 🛒 Sent add_to_cart to ecommerce.cart.add - Product: Wireless Headphones
[2025-06-09T06:40:03.858+0000] {subprocess.py:93} INFO - 💰 Sent order to ecommerce.orders.completed - Order: order_82764
[2025-06-09T06:40:04.364+0000] {subprocess.py:93} INFO - ✅ Sent product_view to ecommerce.product.views - Product: Samsung 4K TV
[2025-06-09T06:40:04.368+0000] {subprocess.py:93} INFO - 🛒 Sent add_to_cart to ecommerce.cart.add - Product: Samsung 4K TV
[2025-06-09T06:40:04.866+0000] {subprocess.py:93} INFO - ✅ Sent product_view to ecommerce.product.views - Product: Coffee Maker
[2025-06-09T06:40:04.871+0000] {subprocess.py:93} INFO - 🛒 Sent add_to_cart to ecommerce.cart.add - Product: Adidas Sneakers
[2025-06-09T06:40:04.872+0000] {subprocess.py:93} INFO - 📊 Progress: 10/20 events in 2.3 seconds
[2025-06-09T06:40:05.384+0000] {subprocess.py:93} INFO - 🛒 Sent add_to_cart to ecommerce.cart.add - Product: Levi's Jeans
[2025-06-09T06:40:05.386+0000] {subprocess.py:93} INFO - ❤️  Sent wishlist_add to ecommerce.wishlist.add - Product: Wireless Headphones
[2025-06-09T06:40:05.891+0000] {subprocess.py:93} INFO - ✅ Sent product_view to ecommerce.product.views - Product: Wireless Headphones
[2025-06-09T06:40:05.893+0000] {subprocess.py:93} INFO - 💰 Sent order to ecommerce.orders.completed - Order: order_42963
[2025-06-09T06:40:06.399+0000] {subprocess.py:93} INFO - ✅ Sent product_view to ecommerce.product.views - Product: Samsung 4K TV
[2025-06-09T06:40:06.400+0000] {subprocess.py:93} INFO - 💰 Sent order to ecommerce.orders.completed - Order: order_72719
[2025-06-09T06:40:06.905+0000] {subprocess.py:93} INFO - ✅ Sent product_view to ecommerce.product.views - Product: Nike Air Max
[2025-06-09T06:40:06.907+0000] {subprocess.py:93} INFO - ✅ Sent product_view to ecommerce.product.views - Product: Levi's Jeans
[2025-06-09T06:40:07.410+0000] {subprocess.py:93} INFO - ✅ Sent product_view to ecommerce.product.views - Product: Levi's Jeans
[2025-06-09T06:40:07.412+0000] {subprocess.py:93} INFO - 🛒 Sent add_to_cart to ecommerce.cart.add - Product: Samsung 4K TV
[2025-06-09T06:40:07.413+0000] {subprocess.py:93} INFO - 📊 Progress: 20/20 events in 4.9 seconds
[2025-06-09T06:40:07.413+0000] {subprocess.py:93} INFO - 
[2025-06-09T06:40:07.414+0000] {subprocess.py:93} INFO - 📈 Simulation completed! Generated 20 events in 4.9 seconds
[2025-06-09T06:40:07.530+0000] {subprocess.py:97} INFO - Command exited with return code 0
[2025-06-09T06:40:07.562+0000] {taskinstance.py:1138} INFO - Marking task as SUCCESS. dag_id=kafka_ecommerce_pipeline, task_id=run_kafka_producer, execution_date=20250609T063500, start_date=20250609T064002, end_date=20250609T064007
[2025-06-09T06:40:07.620+0000] {local_task_job_runner.py:234} INFO - Task exited with return code 0
[2025-06-09T06:40:07.654+0000] {taskinstance.py:3280} INFO - 1 downstream tasks scheduled from follow-on schedule check
