[2025-06-09T09:58:53.316+0000] {taskinstance.py:1956} INFO - Dependencies all met for dep_context=non-requeueable deps ti=<TaskInstance: kafka_ecommerce_pipeline.verify_pipeline_results scheduled__2025-06-09T09:57:00+00:00 [queued]>
[2025-06-09T09:58:53.321+0000] {taskinstance.py:1956} INFO - Dependencies all met for dep_context=requeueable deps ti=<TaskInstance: kafka_ecommerce_pipeline.verify_pipeline_results scheduled__2025-06-09T09:57:00+00:00 [queued]>
[2025-06-09T09:58:53.322+0000] {taskinstance.py:2170} INFO - Starting attempt 1 of 3
[2025-06-09T09:58:53.328+0000] {taskinstance.py:2191} INFO - Executing <Task(PythonOperator): verify_pipeline_results> on 2025-06-09 09:57:00+00:00
[2025-06-09T09:58:53.331+0000] {standard_task_runner.py:60} INFO - Started process 1071 to run task
[2025-06-09T09:58:53.334+0000] {standard_task_runner.py:87} INFO - Running: ['***', 'tasks', 'run', 'kafka_ecommerce_pipeline', 'verify_pipeline_results', 'scheduled__2025-06-09T09:57:00+00:00', '--job-id', '93', '--raw', '--subdir', 'DAGS_FOLDER/kafka_data_pipeline.py', '--cfg-path', '/tmp/tmpm86c5bqz']
[2025-06-09T09:58:53.335+0000] {standard_task_runner.py:88} INFO - Job 93: Subtask verify_pipeline_results
[2025-06-09T09:58:53.374+0000] {task_command.py:423} INFO - Running <TaskInstance: kafka_ecommerce_pipeline.verify_pipeline_results scheduled__2025-06-09T09:57:00+00:00 [running]> on host e695025acf97
[2025-06-09T09:58:53.417+0000] {taskinstance.py:2480} INFO - Exporting env vars: AIRFLOW_CTX_DAG_OWNER='data-engineering-team' AIRFLOW_CTX_DAG_ID='kafka_ecommerce_pipeline' AIRFLOW_CTX_TASK_ID='verify_pipeline_results' AIRFLOW_CTX_EXECUTION_DATE='2025-06-09T09:57:00+00:00' AIRFLOW_CTX_TRY_NUMBER='1' AIRFLOW_CTX_DAG_RUN_ID='scheduled__2025-06-09T09:57:00+00:00'
[2025-06-09T09:58:53.420+0000] {kafka_data_pipeline.py:175} INFO - 📊 Pipeline Results:
[2025-06-09T09:58:53.420+0000] {kafka_data_pipeline.py:176} INFO -  👀 Total Views: 300
[2025-06-09T09:58:53.420+0000] {kafka_data_pipeline.py:177} INFO -  🛒 Total Cart Adds: 156
[2025-06-09T09:58:53.420+0000] {kafka_data_pipeline.py:178} INFO -  ❤️ Total Wishlist Adds: 84
[2025-06-09T09:58:53.421+0000] {kafka_data_pipeline.py:179} INFO -  📦 Total Orders: 60
[2025-06-09T09:58:53.421+0000] {kafka_data_pipeline.py:180} INFO -  💰 Total Revenue: $170087.21
[2025-06-09T09:58:53.421+0000] {kafka_data_pipeline.py:181} INFO -  🕐 Last Updated: 2025-06-09T09:58:42.469311
[2025-06-09T09:58:53.421+0000] {kafka_data_pipeline.py:186} INFO - 🔥 Recent Orders:
[2025-06-09T09:58:53.421+0000] {kafka_data_pipeline.py:189} INFO -  • order_3b413334: $2379.96 (3 items)
[2025-06-09T09:58:53.421+0000] {kafka_data_pipeline.py:189} INFO -  • order_664d322f: $559.96 (2 items)
[2025-06-09T09:58:53.421+0000] {kafka_data_pipeline.py:189} INFO -  • order_90c261ee: $499.97 (2 items)
[2025-06-09T09:58:53.421+0000] {kafka_data_pipeline.py:189} INFO -  • order_ecfc2d9f: $2699.95 (3 items)
[2025-06-09T09:58:53.422+0000] {kafka_data_pipeline.py:189} INFO -  • order_78c1b60a: $159.98 (1 items)
[2025-06-09T09:58:53.422+0000] {kafka_data_pipeline.py:194} INFO - ✅ Pipeline completed successfully - Last activity: 2025-06-09T09:58:42.471675
[2025-06-09T09:58:53.422+0000] {python.py:201} INFO - Done. Returned value was: None
[2025-06-09T09:58:53.427+0000] {taskinstance.py:1138} INFO - Marking task as SUCCESS. dag_id=kafka_ecommerce_pipeline, task_id=verify_pipeline_results, execution_date=20250609T095700, start_date=20250609T095853, end_date=20250609T095853
[2025-06-09T09:58:53.472+0000] {local_task_job_runner.py:234} INFO - Task exited with return code 0
[2025-06-09T09:58:53.496+0000] {taskinstance.py:3280} INFO - 1 downstream tasks scheduled from follow-on schedule check
