[2025-06-09T09:22:09.613+0000] {taskinstance.py:1956} INFO - Dependencies all met for dep_context=non-requeueable deps ti=<TaskInstance: kafka_ecommerce_pipeline.verify_pipeline_results scheduled__2025-06-09T09:18:00+00:00 [queued]>
[2025-06-09T09:22:09.621+0000] {taskinstance.py:1956} INFO - Dependencies all met for dep_context=requeueable deps ti=<TaskInstance: kafka_ecommerce_pipeline.verify_pipeline_results scheduled__2025-06-09T09:18:00+00:00 [queued]>
[2025-06-09T09:22:09.622+0000] {taskinstance.py:2170} INFO - Starting attempt 1 of 3
[2025-06-09T09:22:09.634+0000] {taskinstance.py:2191} INFO - Executing <Task(PythonOperator): verify_pipeline_results> on 2025-06-09 09:18:00+00:00
[2025-06-09T09:22:09.651+0000] {standard_task_runner.py:60} INFO - Started process 964 to run task
[2025-06-09T09:22:09.654+0000] {standard_task_runner.py:87} INFO - Running: ['***', 'tasks', 'run', 'kafka_ecommerce_pipeline', 'verify_pipeline_results', 'scheduled__2025-06-09T09:18:00+00:00', '--job-id', '49', '--raw', '--subdir', 'DAGS_FOLDER/kafka_data_pipeline.py', '--cfg-path', '/tmp/tmp4h5w_lub']
[2025-06-09T09:22:09.655+0000] {standard_task_runner.py:88} INFO - Job 49: Subtask verify_pipeline_results
[2025-06-09T09:22:09.693+0000] {task_command.py:423} INFO - Running <TaskInstance: kafka_ecommerce_pipeline.verify_pipeline_results scheduled__2025-06-09T09:18:00+00:00 [running]> on host 93140bc61108
[2025-06-09T09:22:09.767+0000] {taskinstance.py:2480} INFO - Exporting env vars: AIRFLOW_CTX_DAG_OWNER='data-engineering-team' AIRFLOW_CTX_DAG_ID='kafka_ecommerce_pipeline' AIRFLOW_CTX_TASK_ID='verify_pipeline_results' AIRFLOW_CTX_EXECUTION_DATE='2025-06-09T09:18:00+00:00' AIRFLOW_CTX_TRY_NUMBER='1' AIRFLOW_CTX_DAG_RUN_ID='scheduled__2025-06-09T09:18:00+00:00'
[2025-06-09T09:22:09.774+0000] {kafka_data_pipeline.py:175} INFO - 📊 Pipeline Results:
[2025-06-09T09:22:09.775+0000] {kafka_data_pipeline.py:176} INFO -  👀 Total Views: 126
[2025-06-09T09:22:09.775+0000] {kafka_data_pipeline.py:177} INFO -  🛒 Total Cart Adds: 58
[2025-06-09T09:22:09.775+0000] {kafka_data_pipeline.py:178} INFO -  ❤️ Total Wishlist Adds: 30
[2025-06-09T09:22:09.775+0000] {kafka_data_pipeline.py:179} INFO -  📦 Total Orders: 26
[2025-06-09T09:22:09.775+0000] {kafka_data_pipeline.py:180} INFO -  💰 Total Revenue: $64088.85
[2025-06-09T09:22:09.775+0000] {kafka_data_pipeline.py:181} INFO -  🕐 Last Updated: 2025-06-09T09:21:58.579923
[2025-06-09T09:22:09.775+0000] {kafka_data_pipeline.py:186} INFO - 🔥 Recent Orders:
[2025-06-09T09:22:09.776+0000] {kafka_data_pipeline.py:189} INFO -  • order_972d77f4: $12169.92 (5 items)
[2025-06-09T09:22:09.776+0000] {kafka_data_pipeline.py:189} INFO -  • order_d6d420ac: $4999.97 (3 items)
[2025-06-09T09:22:09.776+0000] {kafka_data_pipeline.py:189} INFO -  • order_31e947bf: $1759.94 (4 items)
[2025-06-09T09:22:09.776+0000] {kafka_data_pipeline.py:189} INFO -  • order_4008bad9: $659.96 (2 items)
[2025-06-09T09:22:09.776+0000] {kafka_data_pipeline.py:189} INFO -  • order_75006a19: $2379.94 (4 items)
[2025-06-09T09:22:09.776+0000] {kafka_data_pipeline.py:194} INFO - ✅ Pipeline completed successfully - Last activity: 2025-06-09T09:21:58.588049
[2025-06-09T09:22:09.777+0000] {python.py:201} INFO - Done. Returned value was: None
[2025-06-09T09:22:09.784+0000] {taskinstance.py:1138} INFO - Marking task as SUCCESS. dag_id=kafka_ecommerce_pipeline, task_id=verify_pipeline_results, execution_date=20250609T091800, start_date=20250609T092209, end_date=20250609T092209
[2025-06-09T09:22:09.796+0000] {local_task_job_runner.py:234} INFO - Task exited with return code 0
[2025-06-09T09:22:09.812+0000] {taskinstance.py:3280} INFO - 1 downstream tasks scheduled from follow-on schedule check
