[2025-06-09T17:00:03.880+0000] {taskinstance.py:1956} INFO - Dependencies all met for dep_context=non-requeueable deps ti=<TaskInstance: kafka_ecommerce_pipeline.monitor_system_resources scheduled__2025-06-09T16:59:00+00:00 [queued]>
[2025-06-09T17:00:03.888+0000] {taskinstance.py:1956} INFO - Dependencies all met for dep_context=requeueable deps ti=<TaskInstance: kafka_ecommerce_pipeline.monitor_system_resources scheduled__2025-06-09T16:59:00+00:00 [queued]>
[2025-06-09T17:00:03.890+0000] {taskinstance.py:2170} INFO - Starting attempt 1 of 3
[2025-06-09T17:00:03.900+0000] {taskinstance.py:2191} INFO - Executing <Task(BashOperator): monitor_system_resources> on 2025-06-09 16:59:00+00:00
[2025-06-09T17:00:03.912+0000] {standard_task_runner.py:60} INFO - Started process 5340 to run task
[2025-06-09T17:00:03.919+0000] {standard_task_runner.py:87} INFO - Running: ['***', 'tasks', 'run', 'kafka_ecommerce_pipeline', 'monitor_system_resources', 'scheduled__2025-06-09T16:59:00+00:00', '--job-id', '588', '--raw', '--subdir', 'DAGS_FOLDER/kafka_data_pipeline.py', '--cfg-path', '/tmp/tmpxnw729np']
[2025-06-09T17:00:03.923+0000] {standard_task_runner.py:88} INFO - Job 588: Subtask monitor_system_resources
[2025-06-09T17:00:03.986+0000] {task_command.py:423} INFO - Running <TaskInstance: kafka_ecommerce_pipeline.monitor_system_resources scheduled__2025-06-09T16:59:00+00:00 [running]> on host ed7c78a1ebb0
[2025-06-09T17:00:04.049+0000] {taskinstance.py:2480} INFO - Exporting env vars: AIRFLOW_CTX_DAG_OWNER='data-engineering-team' AIRFLOW_CTX_DAG_ID='kafka_ecommerce_pipeline' AIRFLOW_CTX_TASK_ID='monitor_system_resources' AIRFLOW_CTX_EXECUTION_DATE='2025-06-09T16:59:00+00:00' AIRFLOW_CTX_TRY_NUMBER='1' AIRFLOW_CTX_DAG_RUN_ID='scheduled__2025-06-09T16:59:00+00:00'
[2025-06-09T17:00:04.051+0000] {subprocess.py:63} INFO - Tmp dir root location: /tmp
[2025-06-09T17:00:04.052+0000] {subprocess.py:75} INFO - Running command: ['/usr/bin/bash', '-c', '\necho "💻 System Resource Usage:"\necho "Memory: $(free -h | grep Mem | awk \'{print $3 "/" $2}\')"\necho "Disk: $(df -h / | tail -1 | awk \'{print $3 "/" $2 " (" $5 " used)"}\')"\necho "Load: $(uptime | awk -F\'load average:\' \'{print $2}\')"']
[2025-06-09T17:00:04.066+0000] {subprocess.py:86} INFO - Output:
[2025-06-09T17:00:04.069+0000] {subprocess.py:93} INFO - 💻 System Resource Usage:
[2025-06-09T17:00:04.069+0000] {subprocess.py:93} INFO - /usr/bin/bash: line 3: free: command not found
[2025-06-09T17:00:04.071+0000] {subprocess.py:93} INFO - Memory:
[2025-06-09T17:00:04.073+0000] {subprocess.py:93} INFO - Disk: 15G/1007G (2% used)
[2025-06-09T17:00:04.074+0000] {subprocess.py:93} INFO - /usr/bin/bash: line 5: uptime: command not found
[2025-06-09T17:00:04.075+0000] {subprocess.py:93} INFO - Load:
[2025-06-09T17:00:04.075+0000] {subprocess.py:97} INFO - Command exited with return code 0
[2025-06-09T17:00:04.096+0000] {taskinstance.py:1138} INFO - Marking task as SUCCESS. dag_id=kafka_ecommerce_pipeline, task_id=monitor_system_resources, execution_date=20250609T165900, start_date=20250609T170003, end_date=20250609T170004
[2025-06-09T17:00:04.138+0000] {local_task_job_runner.py:234} INFO - Task exited with return code 0
[2025-06-09T17:00:04.156+0000] {taskinstance.py:3280} INFO - 0 downstream tasks scheduled from follow-on schedule check
