[2025-06-09T05:42:23.924+0000] {taskinstance.py:1956} INFO - Dependencies all met for dep_context=non-requeueable deps ti=<TaskInstance: kafka_ecommerce_pipeline.cleanup_and_complete manual__2025-06-09T05:38:18.427205+00:00 [queued]>
[2025-06-09T05:42:23.930+0000] {taskinstance.py:1956} INFO - Dependencies all met for dep_context=requeueable deps ti=<TaskInstance: kafka_ecommerce_pipeline.cleanup_and_complete manual__2025-06-09T05:38:18.427205+00:00 [queued]>
[2025-06-09T05:42:23.930+0000] {taskinstance.py:2170} INFO - Starting attempt 1 of 3
[2025-06-09T05:42:23.937+0000] {taskinstance.py:2191} INFO - Executing <Task(BashOperator): cleanup_and_complete> on 2025-06-09 05:38:18.427205+00:00
[2025-06-09T05:42:23.942+0000] {standard_task_runner.py:60} INFO - Started process 343 to run task
[2025-06-09T05:42:23.949+0000] {standard_task_runner.py:87} INFO - Running: ['***', 'tasks', 'run', 'kafka_ecommerce_pipeline', 'cleanup_and_complete', 'manual__2025-06-09T05:38:18.427205+00:00', '--job-id', '16', '--raw', '--subdir', 'DAGS_FOLDER/kafka_data_pipeline.py', '--cfg-path', '/tmp/tmp282gcmds']
[2025-06-09T05:42:23.951+0000] {standard_task_runner.py:88} INFO - Job 16: Subtask cleanup_and_complete
[2025-06-09T05:42:24.008+0000] {task_command.py:423} INFO - Running <TaskInstance: kafka_ecommerce_pipeline.cleanup_and_complete manual__2025-06-09T05:38:18.427205+00:00 [running]> on host 045789bdf773
[2025-06-09T05:42:24.053+0000] {taskinstance.py:2480} INFO - Exporting env vars: AIRFLOW_CTX_DAG_OWNER='data-engineering-team' AIRFLOW_CTX_DAG_ID='kafka_ecommerce_pipeline' AIRFLOW_CTX_TASK_ID='cleanup_and_complete' AIRFLOW_CTX_EXECUTION_DATE='2025-06-09T05:38:18.427205+00:00' AIRFLOW_CTX_TRY_NUMBER='1' AIRFLOW_CTX_DAG_RUN_ID='manual__2025-06-09T05:38:18.427205+00:00'
[2025-06-09T05:42:24.054+0000] {subprocess.py:63} INFO - Tmp dir root location: /tmp
[2025-06-09T05:42:24.057+0000] {subprocess.py:75} INFO - Running command: ['/usr/bin/bash', '-c', '\n    echo "🧹 Performing cleanup..."\n    echo "📈 Kafka E-commerce Pipeline completed successfully at $(date)"\n    echo "🎯 Check Redis for real-time analytics data"\n    echo "✅ DAG execution finished"\n    ']
[2025-06-09T05:42:24.069+0000] {subprocess.py:86} INFO - Output:
[2025-06-09T05:42:24.071+0000] {subprocess.py:93} INFO - 🧹 Performing cleanup...
[2025-06-09T05:42:24.073+0000] {subprocess.py:93} INFO - 📈 Kafka E-commerce Pipeline completed successfully at Mon Jun  9 05:42:24 UTC 2025
[2025-06-09T05:42:24.073+0000] {subprocess.py:93} INFO - 🎯 Check Redis for real-time analytics data
[2025-06-09T05:42:24.073+0000] {subprocess.py:93} INFO - ✅ DAG execution finished
[2025-06-09T05:42:24.074+0000] {subprocess.py:97} INFO - Command exited with return code 0
[2025-06-09T05:42:24.090+0000] {taskinstance.py:1138} INFO - Marking task as SUCCESS. dag_id=kafka_ecommerce_pipeline, task_id=cleanup_and_complete, execution_date=20250609T053818, start_date=20250609T054223, end_date=20250609T054224
[2025-06-09T05:42:24.134+0000] {local_task_job_runner.py:234} INFO - Task exited with return code 0
[2025-06-09T05:42:24.149+0000] {taskinstance.py:3280} INFO - 0 downstream tasks scheduled from follow-on schedule check
