[2025-06-09T05:22:50.742+0000] {taskinstance.py:1956} INFO - Dependencies all met for dep_context=non-requeueable deps ti=<TaskInstance: kafka_data_pipeline.run_kafka_producer scheduled__2025-06-09T05:20:00+00:00 [queued]>
[2025-06-09T05:22:50.746+0000] {taskinstance.py:1956} INFO - Dependencies all met for dep_context=requeueable deps ti=<TaskInstance: kafka_data_pipeline.run_kafka_producer scheduled__2025-06-09T05:20:00+00:00 [queued]>
[2025-06-09T05:22:50.747+0000] {taskinstance.py:2170} INFO - Starting attempt 1 of 4
[2025-06-09T05:22:50.752+0000] {taskinstance.py:2191} INFO - Executing <Task(BashOperator): run_kafka_producer> on 2025-06-09 05:20:00+00:00
[2025-06-09T05:22:50.756+0000] {standard_task_runner.py:60} INFO - Started process 207 to run task
[2025-06-09T05:22:50.759+0000] {standard_task_runner.py:87} INFO - Running: ['***', 'tasks', 'run', 'kafka_data_pipeline', 'run_kafka_producer', 'scheduled__2025-06-09T05:20:00+00:00', '--job-id', '9', '--raw', '--subdir', 'DAGS_FOLDER/kafka_data_pipeline.py', '--cfg-path', '/tmp/tmpquxfj_vb']
[2025-06-09T05:22:50.760+0000] {standard_task_runner.py:88} INFO - Job 9: Subtask run_kafka_producer
[2025-06-09T05:22:50.784+0000] {task_command.py:423} INFO - Running <TaskInstance: kafka_data_pipeline.run_kafka_producer scheduled__2025-06-09T05:20:00+00:00 [running]> on host 8c411d6bf824
[2025-06-09T05:22:50.822+0000] {taskinstance.py:2480} INFO - Exporting env vars: AIRFLOW_CTX_DAG_OWNER='***' AIRFLOW_CTX_DAG_ID='kafka_data_pipeline' AIRFLOW_CTX_TASK_ID='run_kafka_producer' AIRFLOW_CTX_EXECUTION_DATE='2025-06-09T05:20:00+00:00' AIRFLOW_CTX_TRY_NUMBER='1' AIRFLOW_CTX_DAG_RUN_ID='scheduled__2025-06-09T05:20:00+00:00'
[2025-06-09T05:22:50.823+0000] {subprocess.py:63} INFO - Tmp dir root location: /tmp
[2025-06-09T05:22:50.824+0000] {subprocess.py:75} INFO - Running command: ['/usr/bin/bash', '-c', 'python /opt/***/ecom_etl/kafka_scripts/producer.py']
[2025-06-09T05:22:50.835+0000] {subprocess.py:86} INFO - Output:
[2025-06-09T05:22:51.071+0000] {subprocess.py:93} INFO - 🚀 Starting E-Commerce Event Producer
[2025-06-09T05:22:51.071+0000] {subprocess.py:93} INFO - 🔗 Kafka: kafka:29092
[2025-06-09T05:22:51.072+0000] {subprocess.py:93} INFO - 📊 Topics:
[2025-06-09T05:22:51.072+0000] {subprocess.py:93} INFO -    - ecommerce.product.views
[2025-06-09T05:22:51.072+0000] {subprocess.py:93} INFO -    - ecommerce.cart.add
[2025-06-09T05:22:51.072+0000] {subprocess.py:93} INFO -    - ecommerce.wishlist.add
[2025-06-09T05:22:51.072+0000] {subprocess.py:93} INFO -    - ecommerce.orders.completed
[2025-06-09T05:22:51.072+0000] {subprocess.py:93} INFO - 🚀 Initializing Kafka producer with bootstrap servers: kafka:29092
[2025-06-09T05:22:51.104+0000] {subprocess.py:93} INFO - ✅ Successfully connected to Kafka
[2025-06-09T05:22:51.104+0000] {subprocess.py:93} INFO - 
[2025-06-09T05:22:51.104+0000] {subprocess.py:93} INFO - 🔄 Starting e-commerce event simulation...
[2025-06-09T05:22:51.105+0000] {subprocess.py:93} INFO - 🚀 Starting simulation for 20 events at 2 events/second
[2025-06-09T05:22:51.202+0000] {subprocess.py:93} INFO - ✅ Sent product_view to ecommerce.product.views - Product: iPhone 15 Pro
[2025-06-09T05:22:51.203+0000] {subprocess.py:93} INFO - ✅ Sent product_view to ecommerce.product.views - Product: Samsung 4K TV
[2025-06-09T05:22:51.711+0000] {subprocess.py:93} INFO - ❤️  Sent wishlist_add to ecommerce.wishlist.add - Product: Adidas Sneakers
[2025-06-09T05:22:51.712+0000] {subprocess.py:93} INFO - ✅ Sent product_view to ecommerce.product.views - Product: Nike Air Max
[2025-06-09T05:22:52.216+0000] {subprocess.py:93} INFO - ✅ Sent product_view to ecommerce.product.views - Product: Adidas Sneakers
[2025-06-09T05:22:52.218+0000] {subprocess.py:93} INFO - ✅ Sent product_view to ecommerce.product.views - Product: Nike Air Max
[2025-06-09T05:22:52.724+0000] {subprocess.py:93} INFO - ✅ Sent product_view to ecommerce.product.views - Product: Samsung 4K TV
[2025-06-09T05:22:52.727+0000] {subprocess.py:93} INFO - ✅ Sent product_view to ecommerce.product.views - Product: Samsung 4K TV
[2025-06-09T05:22:53.226+0000] {subprocess.py:93} INFO - ✅ Sent product_view to ecommerce.product.views - Product: Samsung 4K TV
[2025-06-09T05:22:53.234+0000] {subprocess.py:93} INFO - 🛒 Sent add_to_cart to ecommerce.cart.add - Product: MacBook Pro
[2025-06-09T05:22:53.235+0000] {subprocess.py:93} INFO - 📊 Progress: 10/20 events in 2.1 seconds
[2025-06-09T05:22:53.738+0000] {subprocess.py:93} INFO - ❤️  Sent wishlist_add to ecommerce.wishlist.add - Product: Wireless Headphones
[2025-06-09T05:22:53.740+0000] {subprocess.py:93} INFO - 💰 Sent order to ecommerce.orders.completed - Order: order_85433
[2025-06-09T05:22:54.243+0000] {subprocess.py:93} INFO - ✅ Sent product_view to ecommerce.product.views - Product: Coffee Maker
[2025-06-09T05:22:54.245+0000] {subprocess.py:93} INFO - ✅ Sent product_view to ecommerce.product.views - Product: Samsung 4K TV
[2025-06-09T05:22:54.754+0000] {subprocess.py:93} INFO - ❤️  Sent wishlist_add to ecommerce.wishlist.add - Product: Coffee Maker
[2025-06-09T05:22:54.757+0000] {subprocess.py:93} INFO - 💰 Sent order to ecommerce.orders.completed - Order: order_96937
[2025-06-09T05:22:55.263+0000] {subprocess.py:93} INFO - ✅ Sent product_view to ecommerce.product.views - Product: Samsung 4K TV
[2025-06-09T05:22:55.265+0000] {subprocess.py:93} INFO - ❤️  Sent wishlist_add to ecommerce.wishlist.add - Product: iPhone 15 Pro
[2025-06-09T05:22:55.768+0000] {subprocess.py:93} INFO - 🛒 Sent add_to_cart to ecommerce.cart.add - Product: Nike Air Max
[2025-06-09T05:22:55.769+0000] {subprocess.py:93} INFO - 🛒 Sent add_to_cart to ecommerce.cart.add - Product: Levi's Jeans
[2025-06-09T05:22:55.770+0000] {subprocess.py:93} INFO - 📊 Progress: 20/20 events in 4.7 seconds
[2025-06-09T05:22:55.781+0000] {subprocess.py:93} INFO - 
[2025-06-09T05:22:55.782+0000] {subprocess.py:93} INFO - 📈 Simulation completed! Generated 20 events in 4.7 seconds
[2025-06-09T05:22:55.909+0000] {subprocess.py:97} INFO - Command exited with return code 0
[2025-06-09T05:22:55.949+0000] {taskinstance.py:1138} INFO - Marking task as SUCCESS. dag_id=kafka_data_pipeline, task_id=run_kafka_producer, execution_date=20250609T052000, start_date=20250609T052250, end_date=20250609T052255
[2025-06-09T05:22:55.996+0000] {local_task_job_runner.py:234} INFO - Task exited with return code 0
[2025-06-09T05:22:56.018+0000] {taskinstance.py:3280} INFO - 1 downstream tasks scheduled from follow-on schedule check
