[2025-05-14T05:07:49.373+0000] {taskinstance.py:1956} INFO - Dependencies all met for dep_context=non-requeueable deps ti=<TaskInstance: ecommerce_data_ingestion.wait_for_olist_orders_dataset manual__2025-05-14T05:07:34.806358+00:00 [queued]>
[2025-05-14T05:07:49.433+0000] {taskinstance.py:1956} INFO - Dependencies all met for dep_context=requeueable deps ti=<TaskInstance: ecommerce_data_ingestion.wait_for_olist_orders_dataset manual__2025-05-14T05:07:34.806358+00:00 [queued]>
[2025-05-14T05:07:49.437+0000] {taskinstance.py:2170} INFO - Starting attempt 1 of 2
[2025-05-14T05:07:49.791+0000] {taskinstance.py:2191} INFO - Executing <Task(FileSensor): wait_for_olist_orders_dataset> on 2025-05-14 05:07:34.806358+00:00
[2025-05-14T05:07:49.827+0000] {standard_task_runner.py:60} INFO - Started process 193 to run task
[2025-05-14T05:07:49.848+0000] {standard_task_runner.py:87} INFO - Running: ['***', 'tasks', 'run', 'ecommerce_data_ingestion', 'wait_for_olist_orders_dataset', 'manual__2025-05-14T05:07:34.806358+00:00', '--job-id', '82', '--raw', '--subdir', 'DAGS_FOLDER/ecommerce_etl_dag.py', '--cfg-path', '/tmp/tmp3ty45d63']
[2025-05-14T05:07:49.854+0000] {standard_task_runner.py:88} INFO - Job 82: Subtask wait_for_olist_orders_dataset
[2025-05-14T05:07:50.212+0000] {task_command.py:423} INFO - Running <TaskInstance: ecommerce_data_ingestion.wait_for_olist_orders_dataset manual__2025-05-14T05:07:34.806358+00:00 [running]> on host 7e6174e9cd01
[2025-05-14T05:07:50.755+0000] {taskinstance.py:2480} INFO - Exporting env vars: AIRFLOW_CTX_DAG_OWNER='***' AIRFLOW_CTX_DAG_ID='ecommerce_data_ingestion' AIRFLOW_CTX_TASK_ID='wait_for_olist_orders_dataset' AIRFLOW_CTX_EXECUTION_DATE='2025-05-14T05:07:34.806358+00:00' AIRFLOW_CTX_TRY_NUMBER='1' AIRFLOW_CTX_DAG_RUN_ID='manual__2025-05-14T05:07:34.806358+00:00'
[2025-05-14T05:07:50.787+0000] {connection.py:473} ERROR - Unable to retrieve connection from secrets backend (EnvironmentVariablesBackend). Checking subsequent secrets backend.
Traceback (most recent call last):
  File "/home/airflow/.local/lib/python3.8/site-packages/airflow/models/connection.py", line 468, in get_connection_from_secrets
    conn = secrets_backend.get_connection(conn_id=conn_id)
  File "/home/airflow/.local/lib/python3.8/site-packages/airflow/secrets/base_secrets.py", line 96, in get_connection
    value = self.get_conn_value(conn_id=conn_id)
  File "/home/airflow/.local/lib/python3.8/site-packages/airflow/secrets/environment_variables.py", line 51, in get_conn_value
    return os.environ.get(CONN_ENV_PREFIX + conn_id.upper())
AttributeError: 'NoneType' object has no attribute 'upper'
[2025-05-14T05:07:50.856+0000] {taskinstance.py:2698} ERROR - Task failed with exception
Traceback (most recent call last):
  File "/home/airflow/.local/lib/python3.8/site-packages/airflow/models/taskinstance.py", line 433, in _execute_task
    result = execute_callable(context=context, **execute_callable_kwargs)
  File "/home/airflow/.local/lib/python3.8/site-packages/airflow/sensors/base.py", line 265, in execute
    raise e
  File "/home/airflow/.local/lib/python3.8/site-packages/airflow/sensors/base.py", line 247, in execute
    poke_return = self.poke(context)
  File "/home/airflow/.local/lib/python3.8/site-packages/airflow/sensors/filesystem.py", line 63, in poke
    hook = FSHook(self.fs_conn_id)
  File "/home/airflow/.local/lib/python3.8/site-packages/airflow/hooks/filesystem.py", line 64, in __init__
    conn = self.get_connection(fs_conn_id)
  File "/home/airflow/.local/lib/python3.8/site-packages/airflow/hooks/base.py", line 82, in get_connection
    conn = Connection.get_connection_from_secrets(conn_id)
  File "/home/airflow/.local/lib/python3.8/site-packages/airflow/models/connection.py", line 479, in get_connection_from_secrets
    raise AirflowNotFoundException(f"The conn_id `{conn_id}` isn't defined")
airflow.exceptions.AirflowNotFoundException: The conn_id `None` isn't defined
[2025-05-14T05:07:50.865+0000] {taskinstance.py:1138} INFO - Marking task as UP_FOR_RETRY. dag_id=ecommerce_data_ingestion, task_id=wait_for_olist_orders_dataset, execution_date=20250514T050734, start_date=20250514T050749, end_date=20250514T050750
[2025-05-14T05:07:50.912+0000] {standard_task_runner.py:107} ERROR - Failed to execute job 82 for task wait_for_olist_orders_dataset (The conn_id `None` isn't defined; 193)
[2025-05-14T05:07:50.996+0000] {local_task_job_runner.py:234} INFO - Task exited with return code 1
[2025-05-14T05:07:51.179+0000] {taskinstance.py:3280} INFO - 0 downstream tasks scheduled from follow-on schedule check
