[2025-06-09T06:09:28.013+0000] {taskinstance.py:1956} INFO - Dependencies all met for dep_context=non-requeueable deps ti=<TaskInstance: kafka_ecommerce_pipeline.run_kafka_consumer scheduled__2025-06-09T06:00:00+00:00 [queued]>
[2025-06-09T06:09:28.018+0000] {taskinstance.py:1956} INFO - Dependencies all met for dep_context=requeueable deps ti=<TaskInstance: kafka_ecommerce_pipeline.run_kafka_consumer scheduled__2025-06-09T06:00:00+00:00 [queued]>
[2025-06-09T06:09:28.018+0000] {taskinstance.py:2170} INFO - Starting attempt 1 of 3
[2025-06-09T06:09:28.024+0000] {taskinstance.py:2191} INFO - Executing <Task(BashOperator): run_kafka_consumer> on 2025-06-09 06:00:00+00:00
[2025-06-09T06:09:28.028+0000] {standard_task_runner.py:60} INFO - Started process 179 to run task
[2025-06-09T06:09:28.030+0000] {standard_task_runner.py:87} INFO - Running: ['***', 'tasks', 'run', 'kafka_ecommerce_pipeline', 'run_kafka_consumer', 'scheduled__2025-06-09T06:00:00+00:00', '--job-id', '6', '--raw', '--subdir', 'DAGS_FOLDER/kafka_data_pipeline.py', '--cfg-path', '/tmp/tmpycsxgraa']
[2025-06-09T06:09:28.030+0000] {standard_task_runner.py:88} INFO - Job 6: Subtask run_kafka_consumer
[2025-06-09T06:09:28.062+0000] {task_command.py:423} INFO - Running <TaskInstance: kafka_ecommerce_pipeline.run_kafka_consumer scheduled__2025-06-09T06:00:00+00:00 [running]> on host 214da608bc37
[2025-06-09T06:09:28.100+0000] {taskinstance.py:2480} INFO - Exporting env vars: AIRFLOW_CTX_DAG_OWNER='data-engineering-team' AIRFLOW_CTX_DAG_ID='kafka_ecommerce_pipeline' AIRFLOW_CTX_TASK_ID='run_kafka_consumer' AIRFLOW_CTX_EXECUTION_DATE='2025-06-09T06:00:00+00:00' AIRFLOW_CTX_TRY_NUMBER='1' AIRFLOW_CTX_DAG_RUN_ID='scheduled__2025-06-09T06:00:00+00:00'
[2025-06-09T06:09:28.101+0000] {subprocess.py:63} INFO - Tmp dir root location: /tmp
[2025-06-09T06:09:28.101+0000] {subprocess.py:75} INFO - Running command: ['/usr/bin/bash', '-c', 'cd /opt/***/ecom_etl/ && python kafka_scripts/consumer.py']
[2025-06-09T06:09:28.107+0000] {subprocess.py:86} INFO - Output:
[2025-06-09T06:09:28.295+0000] {subprocess.py:93} INFO - 🚀 Starting E-Commerce Event Consumer
[2025-06-09T06:09:28.297+0000] {subprocess.py:93} INFO - 🔗 Kafka: kafka:29092
[2025-06-09T06:09:28.297+0000] {subprocess.py:93} INFO - 🔴 Redis: redis:6379
[2025-06-09T06:09:28.297+0000] {subprocess.py:93} INFO - 🚀 Initializing Kafka consumer with bootstrap servers: kafka:29092
[2025-06-09T06:09:28.297+0000] {subprocess.py:93} INFO - 🔌 Connecting to Redis at redis:6379
[2025-06-09T06:09:28.298+0000] {subprocess.py:93} INFO - 2025-06-09 06:09:28,298 - kafka.conn - INFO - <BrokerConnection client_id=kafka-python-2.2.11, node_id=bootstrap-0 host=kafka:29092 <connecting> [IPv4 ('172.18.0.5', 29092)]>: connecting to kafka:29092 [('172.18.0.5', 29092) IPv4]
[2025-06-09T06:09:28.315+0000] {subprocess.py:93} INFO - 2025-06-09 06:09:28,315 - kafka.conn - INFO - <BrokerConnection client_id=kafka-python-2.2.11, node_id=bootstrap-0 host=kafka:29092 <checking_api_versions_recv> [IPv4 ('172.18.0.5', 29092)]>: Broker version identified as 2.6
[2025-06-09T06:09:28.316+0000] {subprocess.py:93} INFO - 2025-06-09 06:09:28,315 - kafka.conn - INFO - <BrokerConnection client_id=kafka-python-2.2.11, node_id=bootstrap-0 host=kafka:29092 <connected> [IPv4 ('172.18.0.5', 29092)]>: Connection complete.
[2025-06-09T06:09:28.316+0000] {subprocess.py:93} INFO - 2025-06-09 06:09:28,316 - kafka.consumer.subscription_state - INFO - Updating subscribed topics to: ('ecommerce.product.views', 'ecommerce.cart.add', 'ecommerce.wishlist.add', 'ecommerce.orders.completed')
[2025-06-09T06:09:28.317+0000] {subprocess.py:93} INFO - ✅ Successfully connected to Kafka
[2025-06-09T06:09:28.318+0000] {subprocess.py:93} INFO - ✅ Successfully connected to Redis
[2025-06-09T06:09:28.319+0000] {subprocess.py:93} INFO - 📊 Loaded existing metrics: {'total_views': 0, 'total_cart_adds': 0, 'total_wishlist_adds': 0, 'total_orders': 0, 'total_revenue': 0.0}
[2025-06-09T06:09:28.319+0000] {subprocess.py:93} INFO - 🚀 Starting Kafka consumer...
[2025-06-09T06:09:28.320+0000] {subprocess.py:93} INFO - 📊 Subscribed to Topics: {'ecommerce.cart.add', 'ecommerce.product.views', 'ecommerce.wishlist.add', 'ecommerce.orders.completed'}
[2025-06-09T06:09:28.320+0000] {subprocess.py:93} INFO - 🔍 Will process up to 100 messages or run for 90 seconds
[2025-06-09T06:09:28.334+0000] {subprocess.py:93} INFO - 2025-06-09 06:09:28,333 - kafka.conn - INFO - <BrokerConnection client_id=kafka-python-2.2.11, node_id=1 host=kafka:29092 <connecting> [IPv4 ('172.18.0.5', 29092)]>: connecting to kafka:29092 [('172.18.0.5', 29092) IPv4]
[2025-06-09T06:09:28.334+0000] {subprocess.py:93} INFO - 2025-06-09 06:09:28,334 - kafka.conn - INFO - <BrokerConnection client_id=kafka-python-2.2.11, node_id=1 host=kafka:29092 <connected> [IPv4 ('172.18.0.5', 29092)]>: Connection complete.
[2025-06-09T06:09:28.335+0000] {subprocess.py:93} INFO - 2025-06-09 06:09:28,334 - kafka.conn - INFO - <BrokerConnection client_id=kafka-python-2.2.11, node_id=bootstrap-0 host=kafka:29092 <connected> [IPv4 ('172.18.0.5', 29092)]>: Closing connection.
[2025-06-09T06:09:29.053+0000] {subprocess.py:93} INFO - 2025-06-09 06:09:29,051 - kafka.cluster - INFO - Coordinator for group/ecommerce-analytics-20250609 is BrokerMetadata(nodeId='coordinator-1', host='kafka', port=29092, rack=None)
[2025-06-09T06:09:29.056+0000] {subprocess.py:93} INFO - 2025-06-09 06:09:29,052 - kafka.coordinator - INFO - Discovered coordinator coordinator-1 for group ecommerce-analytics-20250609
[2025-06-09T06:09:29.057+0000] {subprocess.py:93} INFO - 2025-06-09 06:09:29,052 - kafka.coordinator.heartbeat - INFO - Starting new heartbeat thread
[2025-06-09T06:09:29.057+0000] {subprocess.py:93} INFO - 2025-06-09 06:09:29,054 - kafka.coordinator.consumer - INFO - Revoking previously assigned partitions set() for group ecommerce-analytics-20250609
[2025-06-09T06:09:29.057+0000] {subprocess.py:93} INFO - 2025-06-09 06:09:29,054 - kafka.coordinator - INFO - Failed to join group ecommerce-analytics-20250609: NodeNotReadyError: coordinator-1
[2025-06-09T06:09:29.057+0000] {subprocess.py:93} INFO - 2025-06-09 06:09:29,057 - kafka.conn - INFO - <BrokerConnection client_id=kafka-python-2.2.11, node_id=coordinator-1 host=kafka:29092 <connecting> [IPv4 ('172.18.0.5', 29092)]>: connecting to kafka:29092 [('172.18.0.5', 29092) IPv4]
[2025-06-09T06:09:29.058+0000] {subprocess.py:93} INFO - 2025-06-09 06:09:29,057 - kafka.conn - INFO - <BrokerConnection client_id=kafka-python-2.2.11, node_id=coordinator-1 host=kafka:29092 <connected> [IPv4 ('172.18.0.5', 29092)]>: Connection complete.
[2025-06-09T06:09:29.162+0000] {subprocess.py:93} INFO - 2025-06-09 06:09:29,159 - kafka.coordinator - INFO - (Re-)joining group ecommerce-analytics-20250609
[2025-06-09T06:09:29.189+0000] {subprocess.py:93} INFO - 2025-06-09 06:09:29,189 - kafka.coordinator - INFO - Received member id kafka-python-2.2.11-168b8e10-3f93-4810-9720-9c3b4b47883c for group ecommerce-analytics-20250609; will retry join-group
[2025-06-09T06:09:29.189+0000] {subprocess.py:93} INFO - 2025-06-09 06:09:29,189 - kafka.coordinator - INFO - Failed to join group ecommerce-analytics-20250609: [Error 79] MemberIdRequiredError
[2025-06-09T06:09:29.190+0000] {subprocess.py:93} INFO - 2025-06-09 06:09:29,189 - kafka.coordinator - INFO - (Re-)joining group ecommerce-analytics-20250609
[2025-06-09T06:09:32.251+0000] {subprocess.py:93} INFO - 2025-06-09 06:09:32,249 - kafka.coordinator - INFO - Successfully joined group ecommerce-analytics-20250609 <Generation 1 (member_id: kafka-python-2.2.11-168b8e10-3f93-4810-9720-9c3b4b47883c, protocol: range)>
[2025-06-09T06:09:32.259+0000] {subprocess.py:93} INFO - 2025-06-09 06:09:32,250 - kafka.coordinator - INFO - Elected group leader -- performing partition assignments using range
[2025-06-09T06:09:32.282+0000] {subprocess.py:93} INFO - 2025-06-09 06:09:32,279 - kafka.consumer.subscription_state - INFO - Updated partition assignment: [TopicPartition(topic='ecommerce.cart.add', partition=0), TopicPartition(topic='ecommerce.orders.completed', partition=0), TopicPartition(topic='ecommerce.product.views', partition=0), TopicPartition(topic='ecommerce.wishlist.add', partition=0)]
[2025-06-09T06:09:32.283+0000] {subprocess.py:93} INFO - 2025-06-09 06:09:32,282 - kafka.coordinator.consumer - INFO - Setting newly assigned partitions {TopicPartition(topic='ecommerce.wishlist.add', partition=0), TopicPartition(topic='ecommerce.cart.add', partition=0), TopicPartition(topic='ecommerce.product.views', partition=0), TopicPartition(topic='ecommerce.orders.completed', partition=0)} for group ecommerce-analytics-20250609
[2025-06-09T06:09:32.303+0000] {subprocess.py:93} INFO - 2025-06-09 06:09:32,303 - kafka.consumer.fetcher - INFO - Resetting offset for partition TopicPartition(topic='ecommerce.wishlist.add', partition=0) to offset 2.
[2025-06-09T06:09:32.304+0000] {subprocess.py:93} INFO - 2025-06-09 06:09:32,303 - kafka.consumer.fetcher - INFO - Resetting offset for partition TopicPartition(topic='ecommerce.cart.add', partition=0) to offset 6.
[2025-06-09T06:09:32.304+0000] {subprocess.py:93} INFO - 2025-06-09 06:09:32,303 - kafka.consumer.fetcher - INFO - Resetting offset for partition TopicPartition(topic='ecommerce.product.views', partition=0) to offset 10.
[2025-06-09T06:09:32.304+0000] {subprocess.py:93} INFO - 2025-06-09 06:09:32,303 - kafka.consumer.fetcher - INFO - Resetting offset for partition TopicPartition(topic='ecommerce.orders.completed', partition=0) to offset 2.
[2025-06-09T06:09:48.331+0000] {subprocess.py:93} INFO - ⏸️ No messages for 15.0s, checking for completion...
[2025-06-09T06:09:48.346+0000] {subprocess.py:93} INFO - 
[2025-06-09T06:09:48.347+0000] {subprocess.py:93} INFO - ============================================================
[2025-06-09T06:09:48.347+0000] {subprocess.py:93} INFO - 📊 REAL-TIME E-COMMERCE DASHBOARD
[2025-06-09T06:09:48.348+0000] {subprocess.py:93} INFO - ============================================================
[2025-06-09T06:09:48.348+0000] {subprocess.py:93} INFO - 👀 Total Views: 0
[2025-06-09T06:09:48.348+0000] {subprocess.py:93} INFO - 🛒 Total Cart Adds: 0
[2025-06-09T06:09:48.348+0000] {subprocess.py:93} INFO - ❤️  Total Wishlist Adds: 0
[2025-06-09T06:09:48.348+0000] {subprocess.py:93} INFO - 📦 Total Orders: 0
[2025-06-09T06:09:48.348+0000] {subprocess.py:93} INFO - 💰 Total Revenue: $0.0
[2025-06-09T06:09:48.348+0000] {subprocess.py:93} INFO - 🕐 Last Updated: 2025-06-09T06:09:48.332484
[2025-06-09T06:09:48.349+0000] {subprocess.py:93} INFO - ============================================================
[2025-06-09T06:09:53.337+0000] {subprocess.py:93} INFO - ⏸️ No messages for 20.0s, checking for completion...
[2025-06-09T06:09:53.343+0000] {subprocess.py:93} INFO - 
[2025-06-09T06:09:53.343+0000] {subprocess.py:93} INFO - ============================================================
[2025-06-09T06:09:53.344+0000] {subprocess.py:93} INFO - 📊 REAL-TIME E-COMMERCE DASHBOARD
[2025-06-09T06:09:53.344+0000] {subprocess.py:93} INFO - ============================================================
[2025-06-09T06:09:53.344+0000] {subprocess.py:93} INFO - 👀 Total Views: 0
[2025-06-09T06:09:53.345+0000] {subprocess.py:93} INFO - 🛒 Total Cart Adds: 0
[2025-06-09T06:09:53.345+0000] {subprocess.py:93} INFO - ❤️  Total Wishlist Adds: 0
[2025-06-09T06:09:53.345+0000] {subprocess.py:93} INFO - 📦 Total Orders: 0
[2025-06-09T06:09:53.346+0000] {subprocess.py:93} INFO - 💰 Total Revenue: $0.0
[2025-06-09T06:09:53.350+0000] {subprocess.py:93} INFO - 🕐 Last Updated: 2025-06-09T06:09:53.338446
[2025-06-09T06:09:53.350+0000] {subprocess.py:93} INFO - ============================================================
[2025-06-09T06:09:58.340+0000] {subprocess.py:93} INFO - ⏸️ No messages for 25.0s, checking for completion...
[2025-06-09T06:09:58.349+0000] {subprocess.py:93} INFO - 
[2025-06-09T06:09:58.350+0000] {subprocess.py:93} INFO - ============================================================
[2025-06-09T06:09:58.350+0000] {subprocess.py:93} INFO - 📊 REAL-TIME E-COMMERCE DASHBOARD
[2025-06-09T06:09:58.350+0000] {subprocess.py:93} INFO - ============================================================
[2025-06-09T06:09:58.350+0000] {subprocess.py:93} INFO - 👀 Total Views: 0
[2025-06-09T06:09:58.350+0000] {subprocess.py:93} INFO - 🛒 Total Cart Adds: 0
[2025-06-09T06:09:58.351+0000] {subprocess.py:93} INFO - ❤️  Total Wishlist Adds: 0
[2025-06-09T06:09:58.351+0000] {subprocess.py:93} INFO - 📦 Total Orders: 0
[2025-06-09T06:09:58.351+0000] {subprocess.py:93} INFO - 💰 Total Revenue: $0.0
[2025-06-09T06:09:58.351+0000] {subprocess.py:93} INFO - 🕐 Last Updated: 2025-06-09T06:09:58.343496
[2025-06-09T06:09:58.351+0000] {subprocess.py:93} INFO - ============================================================
[2025-06-09T06:10:03.354+0000] {subprocess.py:93} INFO - ⏸️ No messages for 30.0s, checking for completion...
[2025-06-09T06:10:03.365+0000] {subprocess.py:93} INFO - 
[2025-06-09T06:10:03.365+0000] {subprocess.py:93} INFO - ============================================================
[2025-06-09T06:10:03.366+0000] {subprocess.py:93} INFO - 📊 REAL-TIME E-COMMERCE DASHBOARD
[2025-06-09T06:10:03.366+0000] {subprocess.py:93} INFO - ============================================================
[2025-06-09T06:10:03.366+0000] {subprocess.py:93} INFO - 👀 Total Views: 0
[2025-06-09T06:10:03.366+0000] {subprocess.py:93} INFO - 🛒 Total Cart Adds: 0
[2025-06-09T06:10:03.366+0000] {subprocess.py:93} INFO - ❤️  Total Wishlist Adds: 0
[2025-06-09T06:10:03.367+0000] {subprocess.py:93} INFO - 📦 Total Orders: 0
[2025-06-09T06:10:03.367+0000] {subprocess.py:93} INFO - 💰 Total Revenue: $0.0
[2025-06-09T06:10:03.367+0000] {subprocess.py:93} INFO - 🕐 Last Updated: 2025-06-09T06:10:03.358226
[2025-06-09T06:10:03.367+0000] {subprocess.py:93} INFO - ============================================================
[2025-06-09T06:10:08.359+0000] {subprocess.py:93} INFO - ⏸️ No messages for 35.0s, checking for completion...
[2025-06-09T06:10:08.363+0000] {subprocess.py:93} INFO - 
[2025-06-09T06:10:08.363+0000] {subprocess.py:93} INFO - ============================================================
[2025-06-09T06:10:08.363+0000] {subprocess.py:93} INFO - 📊 REAL-TIME E-COMMERCE DASHBOARD
[2025-06-09T06:10:08.363+0000] {subprocess.py:93} INFO - ============================================================
[2025-06-09T06:10:08.363+0000] {subprocess.py:93} INFO - 👀 Total Views: 0
[2025-06-09T06:10:08.364+0000] {subprocess.py:93} INFO - 🛒 Total Cart Adds: 0
[2025-06-09T06:10:08.364+0000] {subprocess.py:93} INFO - ❤️  Total Wishlist Adds: 0
[2025-06-09T06:10:08.364+0000] {subprocess.py:93} INFO - 📦 Total Orders: 0
[2025-06-09T06:10:08.364+0000] {subprocess.py:93} INFO - 💰 Total Revenue: $0.0
[2025-06-09T06:10:08.364+0000] {subprocess.py:93} INFO - 🕐 Last Updated: 2025-06-09T06:10:08.360967
[2025-06-09T06:10:08.364+0000] {subprocess.py:93} INFO - ============================================================
[2025-06-09T06:10:13.396+0000] {subprocess.py:93} INFO - ⏸️ No messages for 40.0s, checking for completion...
[2025-06-09T06:10:13.450+0000] {subprocess.py:93} INFO - 
[2025-06-09T06:10:13.456+0000] {subprocess.py:93} INFO - ============================================================
[2025-06-09T06:10:13.459+0000] {subprocess.py:93} INFO - 📊 REAL-TIME E-COMMERCE DASHBOARD
[2025-06-09T06:10:13.466+0000] {subprocess.py:93} INFO - ============================================================
[2025-06-09T06:10:13.467+0000] {subprocess.py:93} INFO - 👀 Total Views: 0
[2025-06-09T06:10:13.479+0000] {subprocess.py:93} INFO - 🛒 Total Cart Adds: 0
[2025-06-09T06:10:13.483+0000] {subprocess.py:93} INFO - ❤️  Total Wishlist Adds: 0
[2025-06-09T06:10:13.489+0000] {subprocess.py:93} INFO - 📦 Total Orders: 0
[2025-06-09T06:10:13.493+0000] {subprocess.py:93} INFO - 💰 Total Revenue: $0.0
[2025-06-09T06:10:13.496+0000] {subprocess.py:93} INFO - 🕐 Last Updated: 2025-06-09T06:10:13.394298
[2025-06-09T06:10:13.498+0000] {subprocess.py:93} INFO - ============================================================
[2025-06-09T06:10:18.498+0000] {subprocess.py:93} INFO - ⏸️ No messages for 45.1s, checking for completion...
[2025-06-09T06:10:18.640+0000] {subprocess.py:93} INFO - 
[2025-06-09T06:10:18.647+0000] {subprocess.py:93} INFO - ============================================================
[2025-06-09T06:10:18.651+0000] {subprocess.py:93} INFO - 📊 REAL-TIME E-COMMERCE DASHBOARD
[2025-06-09T06:10:18.655+0000] {subprocess.py:93} INFO - ============================================================
[2025-06-09T06:10:18.657+0000] {subprocess.py:93} INFO - 👀 Total Views: 0
[2025-06-09T06:10:18.659+0000] {subprocess.py:93} INFO - 🛒 Total Cart Adds: 0
[2025-06-09T06:10:18.660+0000] {subprocess.py:93} INFO - ❤️  Total Wishlist Adds: 0
[2025-06-09T06:10:18.663+0000] {subprocess.py:93} INFO - 📦 Total Orders: 0
[2025-06-09T06:10:18.665+0000] {subprocess.py:93} INFO - 💰 Total Revenue: $0.0
[2025-06-09T06:10:18.667+0000] {subprocess.py:93} INFO - 🕐 Last Updated: 2025-06-09T06:10:18.501466
[2025-06-09T06:10:18.674+0000] {subprocess.py:93} INFO - ============================================================
[2025-06-09T06:10:23.515+0000] {subprocess.py:93} INFO - ⏸️ No messages for 50.2s, checking for completion...
[2025-06-09T06:10:23.553+0000] {subprocess.py:93} INFO - 
[2025-06-09T06:10:23.565+0000] {subprocess.py:93} INFO - ============================================================
[2025-06-09T06:10:23.573+0000] {subprocess.py:93} INFO - 📊 REAL-TIME E-COMMERCE DASHBOARD
[2025-06-09T06:10:23.580+0000] {subprocess.py:93} INFO - ============================================================
[2025-06-09T06:10:23.584+0000] {subprocess.py:93} INFO - 👀 Total Views: 0
[2025-06-09T06:10:23.588+0000] {subprocess.py:93} INFO - 🛒 Total Cart Adds: 0
[2025-06-09T06:10:23.588+0000] {subprocess.py:93} INFO - ❤️  Total Wishlist Adds: 0
[2025-06-09T06:10:23.589+0000] {subprocess.py:93} INFO - 📦 Total Orders: 0
[2025-06-09T06:10:23.590+0000] {subprocess.py:93} INFO - 💰 Total Revenue: $0.0
[2025-06-09T06:10:23.591+0000] {subprocess.py:93} INFO - 🕐 Last Updated: 2025-06-09T06:10:23.552055
[2025-06-09T06:10:23.591+0000] {subprocess.py:93} INFO - ============================================================
[2025-06-09T06:10:28.557+0000] {subprocess.py:93} INFO - ⏸️ No messages for 55.2s, checking for completion...
[2025-06-09T06:10:28.567+0000] {subprocess.py:93} INFO - 
[2025-06-09T06:10:28.567+0000] {subprocess.py:93} INFO - ============================================================
[2025-06-09T06:10:28.568+0000] {subprocess.py:93} INFO - 📊 REAL-TIME E-COMMERCE DASHBOARD
[2025-06-09T06:10:28.568+0000] {subprocess.py:93} INFO - ============================================================
[2025-06-09T06:10:28.568+0000] {subprocess.py:93} INFO - 👀 Total Views: 0
[2025-06-09T06:10:28.569+0000] {subprocess.py:93} INFO - 🛒 Total Cart Adds: 0
[2025-06-09T06:10:28.569+0000] {subprocess.py:93} INFO - ❤️  Total Wishlist Adds: 0
[2025-06-09T06:10:28.570+0000] {subprocess.py:93} INFO - 📦 Total Orders: 0
[2025-06-09T06:10:28.571+0000] {subprocess.py:93} INFO - 💰 Total Revenue: $0.0
[2025-06-09T06:10:28.571+0000] {subprocess.py:93} INFO - 🕐 Last Updated: 2025-06-09T06:10:28.559623
[2025-06-09T06:10:28.571+0000] {subprocess.py:93} INFO - ============================================================
[2025-06-09T06:10:33.568+0000] {subprocess.py:93} INFO - ⏸️ No messages for 60.2s, checking for completion...
[2025-06-09T06:10:33.573+0000] {subprocess.py:93} INFO - 
[2025-06-09T06:10:33.573+0000] {subprocess.py:93} INFO - ============================================================
[2025-06-09T06:10:33.573+0000] {subprocess.py:93} INFO - 📊 REAL-TIME E-COMMERCE DASHBOARD
[2025-06-09T06:10:33.573+0000] {subprocess.py:93} INFO - ============================================================
[2025-06-09T06:10:33.574+0000] {subprocess.py:93} INFO - 👀 Total Views: 0
[2025-06-09T06:10:33.574+0000] {subprocess.py:93} INFO - 🛒 Total Cart Adds: 0
[2025-06-09T06:10:33.574+0000] {subprocess.py:93} INFO - ❤️  Total Wishlist Adds: 0
[2025-06-09T06:10:33.574+0000] {subprocess.py:93} INFO - 📦 Total Orders: 0
[2025-06-09T06:10:33.574+0000] {subprocess.py:93} INFO - 💰 Total Revenue: $0.0
[2025-06-09T06:10:33.575+0000] {subprocess.py:93} INFO - 🕐 Last Updated: 2025-06-09T06:10:33.569919
[2025-06-09T06:10:33.575+0000] {subprocess.py:93} INFO - ============================================================
[2025-06-09T06:10:38.576+0000] {subprocess.py:93} INFO - ⏸️ No messages for 65.3s, checking for completion...
[2025-06-09T06:10:38.592+0000] {subprocess.py:93} INFO - 
[2025-06-09T06:10:38.592+0000] {subprocess.py:93} INFO - ============================================================
[2025-06-09T06:10:38.593+0000] {subprocess.py:93} INFO - 📊 REAL-TIME E-COMMERCE DASHBOARD
[2025-06-09T06:10:38.593+0000] {subprocess.py:93} INFO - ============================================================
[2025-06-09T06:10:38.593+0000] {subprocess.py:93} INFO - 👀 Total Views: 0
[2025-06-09T06:10:38.593+0000] {subprocess.py:93} INFO - 🛒 Total Cart Adds: 0
[2025-06-09T06:10:38.594+0000] {subprocess.py:93} INFO - ❤️  Total Wishlist Adds: 0
[2025-06-09T06:10:38.594+0000] {subprocess.py:93} INFO - 📦 Total Orders: 0
[2025-06-09T06:10:38.594+0000] {subprocess.py:93} INFO - 💰 Total Revenue: $0.0
[2025-06-09T06:10:38.594+0000] {subprocess.py:93} INFO - 🕐 Last Updated: 2025-06-09T06:10:38.585208
[2025-06-09T06:10:38.594+0000] {subprocess.py:93} INFO - ============================================================
[2025-06-09T06:10:43.588+0000] {subprocess.py:93} INFO - ⏸️ No messages for 70.3s, checking for completion...
[2025-06-09T06:10:43.597+0000] {subprocess.py:93} INFO - 
[2025-06-09T06:10:43.597+0000] {subprocess.py:93} INFO - ============================================================
[2025-06-09T06:10:43.597+0000] {subprocess.py:93} INFO - 📊 REAL-TIME E-COMMERCE DASHBOARD
[2025-06-09T06:10:43.597+0000] {subprocess.py:93} INFO - ============================================================
[2025-06-09T06:10:43.597+0000] {subprocess.py:93} INFO - 👀 Total Views: 0
[2025-06-09T06:10:43.598+0000] {subprocess.py:93} INFO - 🛒 Total Cart Adds: 0
[2025-06-09T06:10:43.598+0000] {subprocess.py:93} INFO - ❤️  Total Wishlist Adds: 0
[2025-06-09T06:10:43.598+0000] {subprocess.py:93} INFO - 📦 Total Orders: 0
[2025-06-09T06:10:43.598+0000] {subprocess.py:93} INFO - 💰 Total Revenue: $0.0
[2025-06-09T06:10:43.598+0000] {subprocess.py:93} INFO - 🕐 Last Updated: 2025-06-09T06:10:43.589830
[2025-06-09T06:10:43.598+0000] {subprocess.py:93} INFO - ============================================================
[2025-06-09T06:10:48.593+0000] {subprocess.py:93} INFO - ⏸️ No messages for 75.3s, checking for completion...
[2025-06-09T06:10:48.600+0000] {subprocess.py:93} INFO - 
[2025-06-09T06:10:48.601+0000] {subprocess.py:93} INFO - ============================================================
[2025-06-09T06:10:48.601+0000] {subprocess.py:93} INFO - 📊 REAL-TIME E-COMMERCE DASHBOARD
[2025-06-09T06:10:48.601+0000] {subprocess.py:93} INFO - ============================================================
[2025-06-09T06:10:48.601+0000] {subprocess.py:93} INFO - 👀 Total Views: 0
[2025-06-09T06:10:48.601+0000] {subprocess.py:93} INFO - 🛒 Total Cart Adds: 0
[2025-06-09T06:10:48.601+0000] {subprocess.py:93} INFO - ❤️  Total Wishlist Adds: 0
[2025-06-09T06:10:48.602+0000] {subprocess.py:93} INFO - 📦 Total Orders: 0
[2025-06-09T06:10:48.602+0000] {subprocess.py:93} INFO - 💰 Total Revenue: $0.0
[2025-06-09T06:10:48.602+0000] {subprocess.py:93} INFO - 🕐 Last Updated: 2025-06-09T06:10:48.595794
[2025-06-09T06:10:48.602+0000] {subprocess.py:93} INFO - ============================================================
[2025-06-09T06:10:53.601+0000] {subprocess.py:93} INFO - ⏸️ No messages for 80.3s, checking for completion...
[2025-06-09T06:10:53.606+0000] {subprocess.py:93} INFO - 
[2025-06-09T06:10:53.607+0000] {subprocess.py:93} INFO - ============================================================
[2025-06-09T06:10:53.607+0000] {subprocess.py:93} INFO - 📊 REAL-TIME E-COMMERCE DASHBOARD
[2025-06-09T06:10:53.608+0000] {subprocess.py:93} INFO - ============================================================
[2025-06-09T06:10:53.608+0000] {subprocess.py:93} INFO - 👀 Total Views: 0
[2025-06-09T06:10:53.608+0000] {subprocess.py:93} INFO - 🛒 Total Cart Adds: 0
[2025-06-09T06:10:53.608+0000] {subprocess.py:93} INFO - ❤️  Total Wishlist Adds: 0
[2025-06-09T06:10:53.608+0000] {subprocess.py:93} INFO - 📦 Total Orders: 0
[2025-06-09T06:10:53.609+0000] {subprocess.py:93} INFO - 💰 Total Revenue: $0.0
[2025-06-09T06:10:53.609+0000] {subprocess.py:93} INFO - 🕐 Last Updated: 2025-06-09T06:10:53.602998
[2025-06-09T06:10:53.609+0000] {subprocess.py:93} INFO - ============================================================
[2025-06-09T06:10:58.624+0000] {subprocess.py:93} INFO - ⏸️ No messages for 85.3s, checking for completion...
[2025-06-09T06:10:58.673+0000] {subprocess.py:93} INFO - 
[2025-06-09T06:10:58.677+0000] {subprocess.py:93} INFO - ============================================================
[2025-06-09T06:10:58.679+0000] {subprocess.py:93} INFO - 📊 REAL-TIME E-COMMERCE DASHBOARD
[2025-06-09T06:10:58.681+0000] {subprocess.py:93} INFO - ============================================================
[2025-06-09T06:10:58.682+0000] {subprocess.py:93} INFO - 👀 Total Views: 0
[2025-06-09T06:10:58.685+0000] {subprocess.py:93} INFO - 🛒 Total Cart Adds: 0
[2025-06-09T06:10:58.686+0000] {subprocess.py:93} INFO - ❤️  Total Wishlist Adds: 0
[2025-06-09T06:10:58.690+0000] {subprocess.py:93} INFO - 📦 Total Orders: 0
[2025-06-09T06:10:58.692+0000] {subprocess.py:93} INFO - 💰 Total Revenue: $0.0
[2025-06-09T06:10:58.694+0000] {subprocess.py:93} INFO - 🕐 Last Updated: 2025-06-09T06:10:58.627339
[2025-06-09T06:10:58.698+0000] {subprocess.py:93} INFO - ============================================================
[2025-06-09T06:10:58.700+0000] {subprocess.py:93} INFO - ⏰ Timeout reached (90s), stopping consumer
[2025-06-09T06:10:58.702+0000] {subprocess.py:93} INFO - kafka_scripts/consumer.py:280: DeprecationWarning: Redis.hmset() is deprecated. Use Redis.hset() instead.
[2025-06-09T06:10:58.705+0000] {subprocess.py:93} INFO -   elif message.topic == TOPIC_WISHLIST_ADD:
[2025-06-09T06:10:58.859+0000] {subprocess.py:93} INFO - 2025-06-09 06:10:58,852 - kafka.coordinator.heartbeat - INFO - Stopping heartbeat thread
[2025-06-09T06:11:01.989+0000] {subprocess.py:93} INFO - 2025-06-09 06:11:01,933 - kafka.coordinator.heartbeat - WARNING - Heartbeat thread did not fully terminate during close
[2025-06-09T06:11:02.014+0000] {subprocess.py:93} INFO - 2025-06-09 06:11:01,980 - kafka.coordinator - INFO - Leaving consumer group (ecommerce-analytics-20250609).
[2025-06-09T06:11:02.364+0000] {subprocess.py:93} INFO - 2025-06-09 06:11:02,363 - kafka.coordinator - INFO - LeaveGroup request for group ecommerce-analytics-20250609 returned successfully
[2025-06-09T06:11:02.409+0000] {subprocess.py:93} INFO - 2025-06-09 06:11:02,369 - kafka.conn - INFO - <BrokerConnection client_id=kafka-python-2.2.11, node_id=1 host=kafka:29092 <connected> [IPv4 ('172.18.0.5', 29092)]>: Closing connection.
[2025-06-09T06:11:02.413+0000] {subprocess.py:93} INFO - 2025-06-09 06:11:02,375 - kafka.conn - INFO - <BrokerConnection client_id=kafka-python-2.2.11, node_id=coordinator-1 host=kafka:29092 <connected> [IPv4 ('172.18.0.5', 29092)]>: Closing connection.
[2025-06-09T06:11:02.414+0000] {subprocess.py:93} INFO - ✅ Kafka consumer closed
[2025-06-09T06:11:02.414+0000] {subprocess.py:93} INFO - ✅ Redis connection closed
[2025-06-09T06:11:02.415+0000] {subprocess.py:93} INFO - 👋 Consumer completed after processing 0 messages in 94.1 seconds
[2025-06-09T06:11:02.418+0000] {subprocess.py:93} INFO - 
[2025-06-09T06:11:02.419+0000] {subprocess.py:93} INFO - ============================================================
[2025-06-09T06:11:02.419+0000] {subprocess.py:93} INFO - 📊 REAL-TIME E-COMMERCE DASHBOARD
[2025-06-09T06:11:02.420+0000] {subprocess.py:93} INFO - ============================================================
[2025-06-09T06:11:02.422+0000] {subprocess.py:93} INFO - 👀 Total Views: 0
[2025-06-09T06:11:02.425+0000] {subprocess.py:93} INFO - 🛒 Total Cart Adds: 0
[2025-06-09T06:11:02.426+0000] {subprocess.py:93} INFO - ❤️  Total Wishlist Adds: 0
[2025-06-09T06:11:02.426+0000] {subprocess.py:93} INFO - 📦 Total Orders: 0
[2025-06-09T06:11:02.426+0000] {subprocess.py:93} INFO - 💰 Total Revenue: $0.0
[2025-06-09T06:11:02.426+0000] {subprocess.py:93} INFO - 🕐 Last Updated: 2025-06-09T06:11:02.397581
[2025-06-09T06:11:02.426+0000] {subprocess.py:93} INFO - ============================================================
[2025-06-09T06:11:02.818+0000] {subprocess.py:97} INFO - Command exited with return code 0
[2025-06-09T06:11:03.125+0000] {taskinstance.py:1138} INFO - Marking task as SUCCESS. dag_id=kafka_ecommerce_pipeline, task_id=run_kafka_consumer, execution_date=20250609T060000, start_date=20250609T060928, end_date=20250609T061103
[2025-06-09T06:11:03.423+0000] {local_task_job_runner.py:234} INFO - Task exited with return code 0
[2025-06-09T06:11:03.564+0000] {taskinstance.py:3280} INFO - 1 downstream tasks scheduled from follow-on schedule check
