[2025-06-09T15:46:38.885+0000] {taskinstance.py:1956} INFO - Dependencies all met for dep_context=non-requeueable deps ti=<TaskInstance: kafka_ecommerce_pipeline.cleanup_and_complete scheduled__2025-06-09T15:44:00+00:00 [queued]>
[2025-06-09T15:46:38.902+0000] {taskinstance.py:1956} INFO - Dependencies all met for dep_context=requeueable deps ti=<TaskInstance: kafka_ecommerce_pipeline.cleanup_and_complete scheduled__2025-06-09T15:44:00+00:00 [queued]>
[2025-06-09T15:46:38.903+0000] {taskinstance.py:2170} INFO - Starting attempt 1 of 3
[2025-06-09T15:46:38.917+0000] {taskinstance.py:2191} INFO - Executing <Task(BashOperator): cleanup_and_complete> on 2025-06-09 15:44:00+00:00
[2025-06-09T15:46:38.922+0000] {standard_task_runner.py:60} INFO - Started process 2438 to run task
[2025-06-09T15:46:38.935+0000] {standard_task_runner.py:87} INFO - Running: ['***', 'tasks', 'run', 'kafka_ecommerce_pipeline', 'cleanup_and_complete', 'scheduled__2025-06-09T15:44:00+00:00', '--job-id', '318', '--raw', '--subdir', 'DAGS_FOLDER/kafka_data_pipeline.py', '--cfg-path', '/tmp/tmpkd3gjoni']
[2025-06-09T15:46:38.937+0000] {standard_task_runner.py:88} INFO - Job 318: Subtask cleanup_and_complete
[2025-06-09T15:46:39.018+0000] {task_command.py:423} INFO - Running <TaskInstance: kafka_ecommerce_pipeline.cleanup_and_complete scheduled__2025-06-09T15:44:00+00:00 [running]> on host ed7c78a1ebb0
[2025-06-09T15:46:39.084+0000] {taskinstance.py:2480} INFO - Exporting env vars: AIRFLOW_CTX_DAG_OWNER='data-engineering-team' AIRFLOW_CTX_DAG_ID='kafka_ecommerce_pipeline' AIRFLOW_CTX_TASK_ID='cleanup_and_complete' AIRFLOW_CTX_EXECUTION_DATE='2025-06-09T15:44:00+00:00' AIRFLOW_CTX_TRY_NUMBER='1' AIRFLOW_CTX_DAG_RUN_ID='scheduled__2025-06-09T15:44:00+00:00'
[2025-06-09T15:46:39.086+0000] {subprocess.py:63} INFO - Tmp dir root location: /tmp
[2025-06-09T15:46:39.088+0000] {subprocess.py:75} INFO - Running command: ['/usr/bin/bash', '-c', '\necho "🧹 Performing cleanup..."\necho "📈 Kafka E-commerce Pipeline completed successfully at $(date)"\necho "🎯 Check Redis for real-time analytics data (Consumer is always running)"\necho "✅ DAG execution finished"']
[2025-06-09T15:46:39.097+0000] {subprocess.py:86} INFO - Output:
[2025-06-09T15:46:39.100+0000] {subprocess.py:93} INFO - 🧹 Performing cleanup...
[2025-06-09T15:46:39.102+0000] {subprocess.py:93} INFO - 📈 Kafka E-commerce Pipeline completed successfully at Mon Jun  9 15:46:39 UTC 2025
[2025-06-09T15:46:39.102+0000] {subprocess.py:93} INFO - 🎯 Check Redis for real-time analytics data (Consumer is always running)
[2025-06-09T15:46:39.102+0000] {subprocess.py:93} INFO - ✅ DAG execution finished
[2025-06-09T15:46:39.103+0000] {subprocess.py:97} INFO - Command exited with return code 0
[2025-06-09T15:46:39.120+0000] {taskinstance.py:1138} INFO - Marking task as SUCCESS. dag_id=kafka_ecommerce_pipeline, task_id=cleanup_and_complete, execution_date=20250609T154400, start_date=20250609T154638, end_date=20250609T154639
[2025-06-09T15:46:39.161+0000] {local_task_job_runner.py:234} INFO - Task exited with return code 0
[2025-06-09T15:46:39.171+0000] {taskinstance.py:3280} INFO - 0 downstream tasks scheduled from follow-on schedule check
