[2025-06-09T17:17:24.716+0000] {taskinstance.py:1956} INFO - Dependencies all met for dep_context=non-requeueable deps ti=<TaskInstance: kafka_ecommerce_pipeline.cleanup_and_complete scheduled__2025-06-09T16:59:00+00:00 [queued]>
[2025-06-09T17:17:24.728+0000] {taskinstance.py:1956} INFO - Dependencies all met for dep_context=requeueable deps ti=<TaskInstance: kafka_ecommerce_pipeline.cleanup_and_complete scheduled__2025-06-09T16:59:00+00:00 [queued]>
[2025-06-09T17:17:24.729+0000] {taskinstance.py:2170} INFO - Starting attempt 1 of 3
[2025-06-09T17:17:24.760+0000] {taskinstance.py:2191} INFO - Executing <Task(BashOperator): cleanup_and_complete> on 2025-06-09 16:59:00+00:00
[2025-06-09T17:17:24.768+0000] {standard_task_runner.py:60} INFO - Started process 5370 to run task
[2025-06-09T17:17:24.779+0000] {standard_task_runner.py:87} INFO - Running: ['***', 'tasks', 'run', 'kafka_ecommerce_pipeline', 'cleanup_and_complete', 'scheduled__2025-06-09T16:59:00+00:00', '--job-id', '592', '--raw', '--subdir', 'DAGS_FOLDER/kafka_data_pipeline.py', '--cfg-path', '/tmp/tmp45idg8qg']
[2025-06-09T17:17:24.782+0000] {standard_task_runner.py:88} INFO - Job 592: Subtask cleanup_and_complete
[2025-06-09T17:17:24.889+0000] {task_command.py:423} INFO - Running <TaskInstance: kafka_ecommerce_pipeline.cleanup_and_complete scheduled__2025-06-09T16:59:00+00:00 [running]> on host ed7c78a1ebb0
[2025-06-09T17:17:25.005+0000] {taskinstance.py:2480} INFO - Exporting env vars: AIRFLOW_CTX_DAG_OWNER='data-engineering-team' AIRFLOW_CTX_DAG_ID='kafka_ecommerce_pipeline' AIRFLOW_CTX_TASK_ID='cleanup_and_complete' AIRFLOW_CTX_EXECUTION_DATE='2025-06-09T16:59:00+00:00' AIRFLOW_CTX_TRY_NUMBER='1' AIRFLOW_CTX_DAG_RUN_ID='scheduled__2025-06-09T16:59:00+00:00'
[2025-06-09T17:17:25.010+0000] {subprocess.py:63} INFO - Tmp dir root location: /tmp
[2025-06-09T17:17:25.012+0000] {subprocess.py:75} INFO - Running command: ['/usr/bin/bash', '-c', '\necho "🧹 Performing cleanup..."\necho "📈 Kafka E-commerce Pipeline completed successfully at $(date)"\necho "🎯 Check Redis for real-time analytics data (Consumer is always running)"\necho "✅ DAG execution finished"']
[2025-06-09T17:17:25.027+0000] {subprocess.py:86} INFO - Output:
[2025-06-09T17:17:25.029+0000] {subprocess.py:93} INFO - 🧹 Performing cleanup...
[2025-06-09T17:17:25.032+0000] {subprocess.py:93} INFO - 📈 Kafka E-commerce Pipeline completed successfully at Mon Jun  9 17:17:25 UTC 2025
[2025-06-09T17:17:25.032+0000] {subprocess.py:93} INFO - 🎯 Check Redis for real-time analytics data (Consumer is always running)
[2025-06-09T17:17:25.033+0000] {subprocess.py:93} INFO - ✅ DAG execution finished
[2025-06-09T17:17:25.033+0000] {subprocess.py:97} INFO - Command exited with return code 0
[2025-06-09T17:17:25.053+0000] {taskinstance.py:1138} INFO - Marking task as SUCCESS. dag_id=kafka_ecommerce_pipeline, task_id=cleanup_and_complete, execution_date=20250609T165900, start_date=20250609T171724, end_date=20250609T171725
[2025-06-09T17:17:25.096+0000] {local_task_job_runner.py:234} INFO - Task exited with return code 0
[2025-06-09T17:17:25.122+0000] {taskinstance.py:3280} INFO - 0 downstream tasks scheduled from follow-on schedule check
