[2025-06-09T06:40:19.392+0000] {taskinstance.py:1956} INFO - Dependencies all met for dep_context=non-requeueable deps ti=<TaskInstance: kafka_ecommerce_pipeline.run_kafka_consumer scheduled__2025-06-09T06:35:00+00:00 [queued]>
[2025-06-09T06:40:19.405+0000] {taskinstance.py:1956} INFO - Dependencies all met for dep_context=requeueable deps ti=<TaskInstance: kafka_ecommerce_pipeline.run_kafka_consumer scheduled__2025-06-09T06:35:00+00:00 [queued]>
[2025-06-09T06:40:19.406+0000] {taskinstance.py:2170} INFO - Starting attempt 1 of 3
[2025-06-09T06:40:19.415+0000] {taskinstance.py:2191} INFO - Executing <Task(BashOperator): run_kafka_consumer> on 2025-06-09 06:35:00+00:00
[2025-06-09T06:40:19.419+0000] {standard_task_runner.py:60} INFO - Started process 1338 to run task
[2025-06-09T06:40:19.423+0000] {standard_task_runner.py:87} INFO - Running: ['***', 'tasks', 'run', 'kafka_ecommerce_pipeline', 'run_kafka_consumer', 'scheduled__2025-06-09T06:35:00+00:00', '--job-id', '63', '--raw', '--subdir', 'DAGS_FOLDER/kafka_data_pipeline.py', '--cfg-path', '/tmp/tmpruqkh_ou']
[2025-06-09T06:40:19.427+0000] {standard_task_runner.py:88} INFO - Job 63: Subtask run_kafka_consumer
[2025-06-09T06:40:19.459+0000] {task_command.py:423} INFO - Running <TaskInstance: kafka_ecommerce_pipeline.run_kafka_consumer scheduled__2025-06-09T06:35:00+00:00 [running]> on host 214da608bc37
[2025-06-09T06:40:19.510+0000] {taskinstance.py:2480} INFO - Exporting env vars: AIRFLOW_CTX_DAG_OWNER='data-engineering-team' AIRFLOW_CTX_DAG_ID='kafka_ecommerce_pipeline' AIRFLOW_CTX_TASK_ID='run_kafka_consumer' AIRFLOW_CTX_EXECUTION_DATE='2025-06-09T06:35:00+00:00' AIRFLOW_CTX_TRY_NUMBER='1' AIRFLOW_CTX_DAG_RUN_ID='scheduled__2025-06-09T06:35:00+00:00'
[2025-06-09T06:40:19.511+0000] {subprocess.py:63} INFO - Tmp dir root location: /tmp
[2025-06-09T06:40:19.512+0000] {subprocess.py:75} INFO - Running command: ['/usr/bin/bash', '-c', 'cd /opt/***/ecom_etl/ && python kafka_scripts/consumer.py']
[2025-06-09T06:40:19.519+0000] {subprocess.py:86} INFO - Output:
[2025-06-09T06:40:19.743+0000] {subprocess.py:93} INFO - 🚀 Starting E-Commerce Event Consumer
[2025-06-09T06:40:19.745+0000] {subprocess.py:93} INFO - 🔗 Kafka: kafka:29092
[2025-06-09T06:40:19.745+0000] {subprocess.py:93} INFO - 🔴 Redis: redis:6379
[2025-06-09T06:40:19.745+0000] {subprocess.py:93} INFO - 🚀 Initializing Kafka consumer with bootstrap servers: kafka:29092
[2025-06-09T06:40:19.746+0000] {subprocess.py:93} INFO - 🔌 Connecting to Redis at redis:6379
[2025-06-09T06:40:19.746+0000] {subprocess.py:93} INFO - 2025-06-09 06:40:19,745 - kafka.conn - INFO - <BrokerConnection client_id=kafka-python-2.2.11, node_id=bootstrap-0 host=kafka:29092 <connecting> [IPv4 ('172.18.0.5', 29092)]>: connecting to kafka:29092 [('172.18.0.5', 29092) IPv4]
[2025-06-09T06:40:19.747+0000] {subprocess.py:93} INFO - 2025-06-09 06:40:19,747 - kafka.conn - INFO - <BrokerConnection client_id=kafka-python-2.2.11, node_id=bootstrap-0 host=kafka:29092 <checking_api_versions_recv> [IPv4 ('172.18.0.5', 29092)]>: Broker version identified as 2.6
[2025-06-09T06:40:19.747+0000] {subprocess.py:93} INFO - 2025-06-09 06:40:19,747 - kafka.conn - INFO - <BrokerConnection client_id=kafka-python-2.2.11, node_id=bootstrap-0 host=kafka:29092 <connected> [IPv4 ('172.18.0.5', 29092)]>: Connection complete.
[2025-06-09T06:40:19.748+0000] {subprocess.py:93} INFO - 2025-06-09 06:40:19,747 - kafka.consumer.subscription_state - INFO - Updating subscribed topics to: ('ecommerce.product.views', 'ecommerce.cart.add', 'ecommerce.wishlist.add', 'ecommerce.orders.completed')
[2025-06-09T06:40:19.748+0000] {subprocess.py:93} INFO - ✅ Successfully connected to Kafka
[2025-06-09T06:40:19.748+0000] {subprocess.py:93} INFO - ✅ Successfully connected to Redis
[2025-06-09T06:40:19.749+0000] {subprocess.py:93} INFO - 📊 Loaded existing metrics: {'total_views': 79, 'total_cart_adds': 28, 'total_wishlist_adds': 15, 'total_orders': 18, 'total_revenue': 36819.42}
[2025-06-09T06:40:19.749+0000] {subprocess.py:93} INFO - 🚀 Starting Kafka consumer...
[2025-06-09T06:40:19.749+0000] {subprocess.py:93} INFO - 📊 Subscribed to Topics: {'ecommerce.wishlist.add', 'ecommerce.product.views', 'ecommerce.cart.add', 'ecommerce.orders.completed'}
[2025-06-09T06:40:19.749+0000] {subprocess.py:93} INFO - 🔍 Will process up to 100 messages or run for 90 seconds
[2025-06-09T06:40:19.750+0000] {subprocess.py:93} INFO - 2025-06-09 06:40:19,750 - kafka.conn - INFO - <BrokerConnection client_id=kafka-python-2.2.11, node_id=1 host=kafka:29092 <connecting> [IPv4 ('172.18.0.5', 29092)]>: connecting to kafka:29092 [('172.18.0.5', 29092) IPv4]
[2025-06-09T06:40:19.750+0000] {subprocess.py:93} INFO - 2025-06-09 06:40:19,750 - kafka.conn - INFO - <BrokerConnection client_id=kafka-python-2.2.11, node_id=1 host=kafka:29092 <connected> [IPv4 ('172.18.0.5', 29092)]>: Connection complete.
[2025-06-09T06:40:19.751+0000] {subprocess.py:93} INFO - 2025-06-09 06:40:19,750 - kafka.conn - INFO - <BrokerConnection client_id=kafka-python-2.2.11, node_id=bootstrap-0 host=kafka:29092 <connected> [IPv4 ('172.18.0.5', 29092)]>: Closing connection.
[2025-06-09T06:40:19.862+0000] {subprocess.py:93} INFO - 2025-06-09 06:40:19,861 - kafka.cluster - INFO - Coordinator for group/ecommerce-analytics-20250609 is BrokerMetadata(nodeId='coordinator-1', host='kafka', port=29092, rack=None)
[2025-06-09T06:40:19.863+0000] {subprocess.py:93} INFO - 2025-06-09 06:40:19,861 - kafka.coordinator - INFO - Discovered coordinator coordinator-1 for group ecommerce-analytics-20250609
[2025-06-09T06:40:19.863+0000] {subprocess.py:93} INFO - 2025-06-09 06:40:19,861 - kafka.coordinator.heartbeat - INFO - Starting new heartbeat thread
[2025-06-09T06:40:19.863+0000] {subprocess.py:93} INFO - 2025-06-09 06:40:19,862 - kafka.coordinator.consumer - INFO - Revoking previously assigned partitions set() for group ecommerce-analytics-20250609
[2025-06-09T06:40:19.863+0000] {subprocess.py:93} INFO - 2025-06-09 06:40:19,862 - kafka.coordinator - INFO - Failed to join group ecommerce-analytics-20250609: NodeNotReadyError: coordinator-1
[2025-06-09T06:40:19.864+0000] {subprocess.py:93} INFO - 2025-06-09 06:40:19,863 - kafka.conn - INFO - <BrokerConnection client_id=kafka-python-2.2.11, node_id=coordinator-1 host=kafka:29092 <connecting> [IPv4 ('172.18.0.5', 29092)]>: connecting to kafka:29092 [('172.18.0.5', 29092) IPv4]
[2025-06-09T06:40:19.864+0000] {subprocess.py:93} INFO - 2025-06-09 06:40:19,863 - kafka.conn - INFO - <BrokerConnection client_id=kafka-python-2.2.11, node_id=coordinator-1 host=kafka:29092 <connected> [IPv4 ('172.18.0.5', 29092)]>: Connection complete.
[2025-06-09T06:40:19.969+0000] {subprocess.py:93} INFO - 2025-06-09 06:40:19,968 - kafka.coordinator - INFO - (Re-)joining group ecommerce-analytics-20250609
[2025-06-09T06:40:19.982+0000] {subprocess.py:93} INFO - 2025-06-09 06:40:19,982 - kafka.coordinator - INFO - Received member id kafka-python-2.2.11-4ad91057-67ee-4969-b430-620fda782683 for group ecommerce-analytics-20250609; will retry join-group
[2025-06-09T06:40:19.982+0000] {subprocess.py:93} INFO - 2025-06-09 06:40:19,982 - kafka.coordinator - INFO - Failed to join group ecommerce-analytics-20250609: [Error 79] MemberIdRequiredError
[2025-06-09T06:40:19.983+0000] {subprocess.py:93} INFO - 2025-06-09 06:40:19,982 - kafka.coordinator - INFO - (Re-)joining group ecommerce-analytics-20250609
[2025-06-09T06:40:23.017+0000] {subprocess.py:93} INFO - 2025-06-09 06:40:23,012 - kafka.coordinator - INFO - Successfully joined group ecommerce-analytics-20250609 <Generation 19 (member_id: kafka-python-2.2.11-4ad91057-67ee-4969-b430-620fda782683, protocol: range)>
[2025-06-09T06:40:23.024+0000] {subprocess.py:93} INFO - 2025-06-09 06:40:23,016 - kafka.coordinator - INFO - Elected group leader -- performing partition assignments using range
[2025-06-09T06:40:23.032+0000] {subprocess.py:93} INFO - 2025-06-09 06:40:23,031 - kafka.consumer.subscription_state - INFO - Updated partition assignment: [TopicPartition(topic='ecommerce.cart.add', partition=0), TopicPartition(topic='ecommerce.orders.completed', partition=0), TopicPartition(topic='ecommerce.product.views', partition=0), TopicPartition(topic='ecommerce.wishlist.add', partition=0)]
[2025-06-09T06:40:23.032+0000] {subprocess.py:93} INFO - 2025-06-09 06:40:23,032 - kafka.coordinator.consumer - INFO - Setting newly assigned partitions {TopicPartition(topic='ecommerce.cart.add', partition=0), TopicPartition(topic='ecommerce.wishlist.add', partition=0), TopicPartition(topic='ecommerce.orders.completed', partition=0), TopicPartition(topic='ecommerce.product.views', partition=0)} for group ecommerce-analytics-20250609
[2025-06-09T06:40:23.051+0000] {subprocess.py:93} INFO - 💰 Order: order_12530 by user_084 - $259.98 (2 items)
[2025-06-09T06:40:23.057+0000] {subprocess.py:93} INFO - kafka_scripts/consumer.py:280: DeprecationWarning: Redis.hmset() is deprecated. Use Redis.hset() instead.
[2025-06-09T06:40:23.057+0000] {subprocess.py:93} INFO -   self.redis_client.hmset("metrics:totals", {
[2025-06-09T06:40:23.057+0000] {subprocess.py:93} INFO - 💰 Order: order_82764 by user_054 - $309.97 (2 items)
[2025-06-09T06:40:23.059+0000] {subprocess.py:93} INFO - 💰 Order: order_42963 by user_051 - $499.95 (3 items)
[2025-06-09T06:40:23.061+0000] {subprocess.py:93} INFO - 💰 Order: order_72719 by user_038 - $929.94 (4 items)
[2025-06-09T06:40:23.063+0000] {subprocess.py:93} INFO - 🛒 Cart Add: 3x Nike Air Max by user_004 ($389.97)
[2025-06-09T06:40:23.064+0000] {subprocess.py:93} INFO - 🛒 Cart Add: 2x Wireless Headphones by user_026 ($399.98)
[2025-06-09T06:40:23.065+0000] {subprocess.py:93} INFO - 🛒 Cart Add: 3x Samsung 4K TV by user_002 ($2399.9700000000003)
[2025-06-09T06:40:23.066+0000] {subprocess.py:93} INFO - 🛒 Cart Add: 1x Adidas Sneakers by user_006 ($89.99)
[2025-06-09T06:40:23.067+0000] {subprocess.py:93} INFO - 🛒 Cart Add: 1x Levi's Jeans by user_085 ($79.99)
[2025-06-09T06:40:23.068+0000] {subprocess.py:93} INFO - 🛒 Cart Add: 3x Samsung 4K TV by user_025 ($2399.9700000000003)
[2025-06-09T06:40:23.069+0000] {subprocess.py:93} INFO - 📊 Processed 10 messages in 3.3 seconds
[2025-06-09T06:40:23.070+0000] {subprocess.py:93} INFO - 
[2025-06-09T06:40:23.071+0000] {subprocess.py:93} INFO - ============================================================
[2025-06-09T06:40:23.071+0000] {subprocess.py:93} INFO - 📊 REAL-TIME E-COMMERCE DASHBOARD
[2025-06-09T06:40:23.071+0000] {subprocess.py:93} INFO - ============================================================
[2025-06-09T06:40:23.071+0000] {subprocess.py:93} INFO - 👀 Total Views: 79
[2025-06-09T06:40:23.071+0000] {subprocess.py:93} INFO - 🛒 Total Cart Adds: 34
[2025-06-09T06:40:23.071+0000] {subprocess.py:93} INFO - ❤️  Total Wishlist Adds: 15
[2025-06-09T06:40:23.071+0000] {subprocess.py:93} INFO - 📦 Total Orders: 22
[2025-06-09T06:40:23.072+0000] {subprocess.py:93} INFO - 💰 Total Revenue: $38819.26
[2025-06-09T06:40:23.072+0000] {subprocess.py:93} INFO - 🕐 Last Updated: 2025-06-09T06:40:23.070890
[2025-06-09T06:40:23.072+0000] {subprocess.py:93} INFO - 
[2025-06-09T06:40:23.072+0000] {subprocess.py:93} INFO - 🔥 Recent Orders:
[2025-06-09T06:40:23.072+0000] {subprocess.py:93} INFO -   • order_72719: $929.94 (4 items)
[2025-06-09T06:40:23.072+0000] {subprocess.py:93} INFO -   • order_42963: $499.95 (3 items)
[2025-06-09T06:40:23.072+0000] {subprocess.py:93} INFO -   • order_82764: $309.97 (2 items)
[2025-06-09T06:40:23.072+0000] {subprocess.py:93} INFO -   • order_12530: $259.98 (2 items)
[2025-06-09T06:40:23.073+0000] {subprocess.py:93} INFO -   • order_89106: $559.96 (2 items)
[2025-06-09T06:40:23.073+0000] {subprocess.py:93} INFO - ============================================================
[2025-06-09T06:40:23.073+0000] {subprocess.py:93} INFO - 👀 Product View: Levi's Jeans by user_027
[2025-06-09T06:40:23.073+0000] {subprocess.py:93} INFO - 👀 Product View: Samsung 4K TV by user_005
[2025-06-09T06:40:23.073+0000] {subprocess.py:93} INFO - 👀 Product View: Coffee Maker by user_057
[2025-06-09T06:40:23.074+0000] {subprocess.py:93} INFO - 👀 Product View: Wireless Headphones by user_048
[2025-06-09T06:40:23.076+0000] {subprocess.py:93} INFO - 👀 Product View: Samsung 4K TV by user_037
[2025-06-09T06:40:23.077+0000] {subprocess.py:93} INFO - 👀 Product View: Nike Air Max by user_060
[2025-06-09T06:40:23.078+0000] {subprocess.py:93} INFO - 👀 Product View: Levi's Jeans by user_036
[2025-06-09T06:40:23.079+0000] {subprocess.py:93} INFO - 👀 Product View: Levi's Jeans by user_018
[2025-06-09T06:40:23.081+0000] {subprocess.py:93} INFO - ❤️  Wishlist Add: Adidas Sneakers by user_032
[2025-06-09T06:40:23.081+0000] {subprocess.py:93} INFO - ❤️  Wishlist Add: Wireless Headphones by user_007
[2025-06-09T06:40:23.082+0000] {subprocess.py:93} INFO - 📊 Processed 20 messages in 3.3 seconds
[2025-06-09T06:40:23.083+0000] {subprocess.py:93} INFO - 
[2025-06-09T06:40:23.083+0000] {subprocess.py:93} INFO - ============================================================
[2025-06-09T06:40:23.083+0000] {subprocess.py:93} INFO - 📊 REAL-TIME E-COMMERCE DASHBOARD
[2025-06-09T06:40:23.084+0000] {subprocess.py:93} INFO - ============================================================
[2025-06-09T06:40:23.084+0000] {subprocess.py:93} INFO - 👀 Total Views: 87
[2025-06-09T06:40:23.084+0000] {subprocess.py:93} INFO - 🛒 Total Cart Adds: 34
[2025-06-09T06:40:23.084+0000] {subprocess.py:93} INFO - ❤️  Total Wishlist Adds: 17
[2025-06-09T06:40:23.084+0000] {subprocess.py:93} INFO - 📦 Total Orders: 22
[2025-06-09T06:40:23.084+0000] {subprocess.py:93} INFO - 💰 Total Revenue: $38819.26
[2025-06-09T06:40:23.084+0000] {subprocess.py:93} INFO - 🕐 Last Updated: 2025-06-09T06:40:23.083675
[2025-06-09T06:40:23.085+0000] {subprocess.py:93} INFO - 
[2025-06-09T06:40:23.085+0000] {subprocess.py:93} INFO - 🔥 Recent Orders:
[2025-06-09T06:40:23.085+0000] {subprocess.py:93} INFO -   • order_72719: $929.94 (4 items)
[2025-06-09T06:40:23.085+0000] {subprocess.py:93} INFO -   • order_42963: $499.95 (3 items)
[2025-06-09T06:40:23.085+0000] {subprocess.py:93} INFO -   • order_82764: $309.97 (2 items)
[2025-06-09T06:40:23.085+0000] {subprocess.py:93} INFO -   • order_12530: $259.98 (2 items)
[2025-06-09T06:40:23.085+0000] {subprocess.py:93} INFO -   • order_89106: $559.96 (2 items)
[2025-06-09T06:40:23.085+0000] {subprocess.py:93} INFO - ============================================================
[2025-06-09T06:40:43.095+0000] {subprocess.py:93} INFO - ⏸️ No messages for 15.0s, checking for completion...
[2025-06-09T06:40:43.102+0000] {subprocess.py:93} INFO - 
[2025-06-09T06:40:43.102+0000] {subprocess.py:93} INFO - ============================================================
[2025-06-09T06:40:43.102+0000] {subprocess.py:93} INFO - 📊 REAL-TIME E-COMMERCE DASHBOARD
[2025-06-09T06:40:43.103+0000] {subprocess.py:93} INFO - ============================================================
[2025-06-09T06:40:43.103+0000] {subprocess.py:93} INFO - 👀 Total Views: 87
[2025-06-09T06:40:43.103+0000] {subprocess.py:93} INFO - 🛒 Total Cart Adds: 34
[2025-06-09T06:40:43.104+0000] {subprocess.py:93} INFO - ❤️  Total Wishlist Adds: 17
[2025-06-09T06:40:43.104+0000] {subprocess.py:93} INFO - 📦 Total Orders: 22
[2025-06-09T06:40:43.104+0000] {subprocess.py:93} INFO - 💰 Total Revenue: $38819.26
[2025-06-09T06:40:43.105+0000] {subprocess.py:93} INFO - 🕐 Last Updated: 2025-06-09T06:40:43.097553
[2025-06-09T06:40:43.105+0000] {subprocess.py:93} INFO - 
[2025-06-09T06:40:43.105+0000] {subprocess.py:93} INFO - 🔥 Recent Orders:
[2025-06-09T06:40:43.105+0000] {subprocess.py:93} INFO -   • order_72719: $929.94 (4 items)
[2025-06-09T06:40:43.106+0000] {subprocess.py:93} INFO -   • order_42963: $499.95 (3 items)
[2025-06-09T06:40:43.106+0000] {subprocess.py:93} INFO -   • order_82764: $309.97 (2 items)
[2025-06-09T06:40:43.106+0000] {subprocess.py:93} INFO -   • order_12530: $259.98 (2 items)
[2025-06-09T06:40:43.106+0000] {subprocess.py:93} INFO -   • order_89106: $559.96 (2 items)
[2025-06-09T06:40:43.106+0000] {subprocess.py:93} INFO - ============================================================
[2025-06-09T06:40:48.100+0000] {subprocess.py:93} INFO - ⏸️ No messages for 20.0s, checking for completion...
[2025-06-09T06:40:48.115+0000] {subprocess.py:93} INFO - 
[2025-06-09T06:40:48.116+0000] {subprocess.py:93} INFO - ============================================================
[2025-06-09T06:40:48.118+0000] {subprocess.py:93} INFO - 📊 REAL-TIME E-COMMERCE DASHBOARD
[2025-06-09T06:40:48.119+0000] {subprocess.py:93} INFO - ============================================================
[2025-06-09T06:40:48.120+0000] {subprocess.py:93} INFO - 👀 Total Views: 87
[2025-06-09T06:40:48.120+0000] {subprocess.py:93} INFO - 🛒 Total Cart Adds: 34
[2025-06-09T06:40:48.121+0000] {subprocess.py:93} INFO - ❤️  Total Wishlist Adds: 17
[2025-06-09T06:40:48.121+0000] {subprocess.py:93} INFO - 📦 Total Orders: 22
[2025-06-09T06:40:48.121+0000] {subprocess.py:93} INFO - 💰 Total Revenue: $38819.26
[2025-06-09T06:40:48.121+0000] {subprocess.py:93} INFO - 🕐 Last Updated: 2025-06-09T06:40:48.112021
[2025-06-09T06:40:48.121+0000] {subprocess.py:93} INFO - 
[2025-06-09T06:40:48.122+0000] {subprocess.py:93} INFO - 🔥 Recent Orders:
[2025-06-09T06:40:48.122+0000] {subprocess.py:93} INFO -   • order_72719: $929.94 (4 items)
[2025-06-09T06:40:48.123+0000] {subprocess.py:93} INFO -   • order_42963: $499.95 (3 items)
[2025-06-09T06:40:48.123+0000] {subprocess.py:93} INFO -   • order_82764: $309.97 (2 items)
[2025-06-09T06:40:48.123+0000] {subprocess.py:93} INFO -   • order_12530: $259.98 (2 items)
[2025-06-09T06:40:48.124+0000] {subprocess.py:93} INFO -   • order_89106: $559.96 (2 items)
[2025-06-09T06:40:48.124+0000] {subprocess.py:93} INFO - ============================================================
[2025-06-09T06:40:53.121+0000] {subprocess.py:93} INFO - ⏸️ No messages for 25.0s, checking for completion...
[2025-06-09T06:40:53.125+0000] {subprocess.py:93} INFO - 
[2025-06-09T06:40:53.126+0000] {subprocess.py:93} INFO - ============================================================
[2025-06-09T06:40:53.126+0000] {subprocess.py:93} INFO - 📊 REAL-TIME E-COMMERCE DASHBOARD
[2025-06-09T06:40:53.126+0000] {subprocess.py:93} INFO - ============================================================
[2025-06-09T06:40:53.126+0000] {subprocess.py:93} INFO - 👀 Total Views: 87
[2025-06-09T06:40:53.126+0000] {subprocess.py:93} INFO - 🛒 Total Cart Adds: 34
[2025-06-09T06:40:53.127+0000] {subprocess.py:93} INFO - ❤️  Total Wishlist Adds: 17
[2025-06-09T06:40:53.127+0000] {subprocess.py:93} INFO - 📦 Total Orders: 22
[2025-06-09T06:40:53.127+0000] {subprocess.py:93} INFO - 💰 Total Revenue: $38819.26
[2025-06-09T06:40:53.127+0000] {subprocess.py:93} INFO - 🕐 Last Updated: 2025-06-09T06:40:53.121558
[2025-06-09T06:40:53.127+0000] {subprocess.py:93} INFO - 
[2025-06-09T06:40:53.127+0000] {subprocess.py:93} INFO - 🔥 Recent Orders:
[2025-06-09T06:40:53.128+0000] {subprocess.py:93} INFO -   • order_72719: $929.94 (4 items)
[2025-06-09T06:40:53.128+0000] {subprocess.py:93} INFO -   • order_42963: $499.95 (3 items)
[2025-06-09T06:40:53.128+0000] {subprocess.py:93} INFO -   • order_82764: $309.97 (2 items)
[2025-06-09T06:40:53.128+0000] {subprocess.py:93} INFO -   • order_12530: $259.98 (2 items)
[2025-06-09T06:40:53.128+0000] {subprocess.py:93} INFO -   • order_89106: $559.96 (2 items)
[2025-06-09T06:40:53.129+0000] {subprocess.py:93} INFO - ============================================================
[2025-06-09T06:40:58.125+0000] {subprocess.py:93} INFO - ⏸️ No messages for 30.0s, checking for completion...
[2025-06-09T06:40:58.139+0000] {subprocess.py:93} INFO - 
[2025-06-09T06:40:58.140+0000] {subprocess.py:93} INFO - ============================================================
[2025-06-09T06:40:58.140+0000] {subprocess.py:93} INFO - 📊 REAL-TIME E-COMMERCE DASHBOARD
[2025-06-09T06:40:58.140+0000] {subprocess.py:93} INFO - ============================================================
[2025-06-09T06:40:58.140+0000] {subprocess.py:93} INFO - 👀 Total Views: 87
[2025-06-09T06:40:58.140+0000] {subprocess.py:93} INFO - 🛒 Total Cart Adds: 34
[2025-06-09T06:40:58.140+0000] {subprocess.py:93} INFO - ❤️  Total Wishlist Adds: 17
[2025-06-09T06:40:58.141+0000] {subprocess.py:93} INFO - 📦 Total Orders: 22
[2025-06-09T06:40:58.141+0000] {subprocess.py:93} INFO - 💰 Total Revenue: $38819.26
[2025-06-09T06:40:58.141+0000] {subprocess.py:93} INFO - 🕐 Last Updated: 2025-06-09T06:40:58.130320
[2025-06-09T06:40:58.141+0000] {subprocess.py:93} INFO - 
[2025-06-09T06:40:58.141+0000] {subprocess.py:93} INFO - 🔥 Recent Orders:
[2025-06-09T06:40:58.141+0000] {subprocess.py:93} INFO -   • order_72719: $929.94 (4 items)
[2025-06-09T06:40:58.141+0000] {subprocess.py:93} INFO -   • order_42963: $499.95 (3 items)
[2025-06-09T06:40:58.141+0000] {subprocess.py:93} INFO -   • order_82764: $309.97 (2 items)
[2025-06-09T06:40:58.141+0000] {subprocess.py:93} INFO -   • order_12530: $259.98 (2 items)
[2025-06-09T06:40:58.142+0000] {subprocess.py:93} INFO -   • order_89106: $559.96 (2 items)
[2025-06-09T06:40:58.142+0000] {subprocess.py:93} INFO - ============================================================
[2025-06-09T06:41:03.135+0000] {subprocess.py:93} INFO - ⏸️ No messages for 35.0s, checking for completion...
[2025-06-09T06:41:03.144+0000] {subprocess.py:93} INFO - 
[2025-06-09T06:41:03.144+0000] {subprocess.py:93} INFO - ============================================================
[2025-06-09T06:41:03.144+0000] {subprocess.py:93} INFO - 📊 REAL-TIME E-COMMERCE DASHBOARD
[2025-06-09T06:41:03.145+0000] {subprocess.py:93} INFO - ============================================================
[2025-06-09T06:41:03.145+0000] {subprocess.py:93} INFO - 👀 Total Views: 87
[2025-06-09T06:41:03.145+0000] {subprocess.py:93} INFO - 🛒 Total Cart Adds: 34
[2025-06-09T06:41:03.145+0000] {subprocess.py:93} INFO - ❤️  Total Wishlist Adds: 17
[2025-06-09T06:41:03.145+0000] {subprocess.py:93} INFO - 📦 Total Orders: 22
[2025-06-09T06:41:03.146+0000] {subprocess.py:93} INFO - 💰 Total Revenue: $38819.26
[2025-06-09T06:41:03.146+0000] {subprocess.py:93} INFO - 🕐 Last Updated: 2025-06-09T06:41:03.137909
[2025-06-09T06:41:03.146+0000] {subprocess.py:93} INFO - 
[2025-06-09T06:41:03.146+0000] {subprocess.py:93} INFO - 🔥 Recent Orders:
[2025-06-09T06:41:03.146+0000] {subprocess.py:93} INFO -   • order_72719: $929.94 (4 items)
[2025-06-09T06:41:03.146+0000] {subprocess.py:93} INFO -   • order_42963: $499.95 (3 items)
[2025-06-09T06:41:03.147+0000] {subprocess.py:93} INFO -   • order_82764: $309.97 (2 items)
[2025-06-09T06:41:03.147+0000] {subprocess.py:93} INFO -   • order_12530: $259.98 (2 items)
[2025-06-09T06:41:03.147+0000] {subprocess.py:93} INFO -   • order_89106: $559.96 (2 items)
[2025-06-09T06:41:03.147+0000] {subprocess.py:93} INFO - ============================================================
[2025-06-09T06:41:08.143+0000] {subprocess.py:93} INFO - ⏸️ No messages for 40.1s, checking for completion...
[2025-06-09T06:41:08.149+0000] {subprocess.py:93} INFO - 
[2025-06-09T06:41:08.149+0000] {subprocess.py:93} INFO - ============================================================
[2025-06-09T06:41:08.150+0000] {subprocess.py:93} INFO - 📊 REAL-TIME E-COMMERCE DASHBOARD
[2025-06-09T06:41:08.150+0000] {subprocess.py:93} INFO - ============================================================
[2025-06-09T06:41:08.150+0000] {subprocess.py:93} INFO - 👀 Total Views: 87
[2025-06-09T06:41:08.150+0000] {subprocess.py:93} INFO - 🛒 Total Cart Adds: 34
[2025-06-09T06:41:08.150+0000] {subprocess.py:93} INFO - ❤️  Total Wishlist Adds: 17
[2025-06-09T06:41:08.150+0000] {subprocess.py:93} INFO - 📦 Total Orders: 22
[2025-06-09T06:41:08.150+0000] {subprocess.py:93} INFO - 💰 Total Revenue: $38819.26
[2025-06-09T06:41:08.150+0000] {subprocess.py:93} INFO - 🕐 Last Updated: 2025-06-09T06:41:08.147928
[2025-06-09T06:41:08.151+0000] {subprocess.py:93} INFO - 
[2025-06-09T06:41:08.151+0000] {subprocess.py:93} INFO - 🔥 Recent Orders:
[2025-06-09T06:41:08.151+0000] {subprocess.py:93} INFO -   • order_72719: $929.94 (4 items)
[2025-06-09T06:41:08.152+0000] {subprocess.py:93} INFO -   • order_42963: $499.95 (3 items)
[2025-06-09T06:41:08.152+0000] {subprocess.py:93} INFO -   • order_82764: $309.97 (2 items)
[2025-06-09T06:41:08.153+0000] {subprocess.py:93} INFO -   • order_12530: $259.98 (2 items)
[2025-06-09T06:41:08.153+0000] {subprocess.py:93} INFO -   • order_89106: $559.96 (2 items)
[2025-06-09T06:41:08.153+0000] {subprocess.py:93} INFO - ============================================================
[2025-06-09T06:41:13.155+0000] {subprocess.py:93} INFO - ⏸️ No messages for 45.1s, checking for completion...
[2025-06-09T06:41:13.168+0000] {subprocess.py:93} INFO - 
[2025-06-09T06:41:13.171+0000] {subprocess.py:93} INFO - ============================================================
[2025-06-09T06:41:13.172+0000] {subprocess.py:93} INFO - 📊 REAL-TIME E-COMMERCE DASHBOARD
[2025-06-09T06:41:13.173+0000] {subprocess.py:93} INFO - ============================================================
[2025-06-09T06:41:13.174+0000] {subprocess.py:93} INFO - 👀 Total Views: 87
[2025-06-09T06:41:13.176+0000] {subprocess.py:93} INFO - 🛒 Total Cart Adds: 34
[2025-06-09T06:41:13.178+0000] {subprocess.py:93} INFO - ❤️  Total Wishlist Adds: 17
[2025-06-09T06:41:13.180+0000] {subprocess.py:93} INFO - 📦 Total Orders: 22
[2025-06-09T06:41:13.181+0000] {subprocess.py:93} INFO - 💰 Total Revenue: $38819.26
[2025-06-09T06:41:13.183+0000] {subprocess.py:93} INFO - 🕐 Last Updated: 2025-06-09T06:41:13.163143
[2025-06-09T06:41:13.187+0000] {subprocess.py:93} INFO - 
[2025-06-09T06:41:13.188+0000] {subprocess.py:93} INFO - 🔥 Recent Orders:
[2025-06-09T06:41:13.188+0000] {subprocess.py:93} INFO -   • order_72719: $929.94 (4 items)
[2025-06-09T06:41:13.189+0000] {subprocess.py:93} INFO -   • order_42963: $499.95 (3 items)
[2025-06-09T06:41:13.189+0000] {subprocess.py:93} INFO -   • order_82764: $309.97 (2 items)
[2025-06-09T06:41:13.189+0000] {subprocess.py:93} INFO -   • order_12530: $259.98 (2 items)
[2025-06-09T06:41:13.190+0000] {subprocess.py:93} INFO -   • order_89106: $559.96 (2 items)
[2025-06-09T06:41:13.190+0000] {subprocess.py:93} INFO - ============================================================
[2025-06-09T06:41:18.167+0000] {subprocess.py:93} INFO - ⏸️ No messages for 50.1s, checking for completion...
[2025-06-09T06:41:18.180+0000] {subprocess.py:93} INFO - 
[2025-06-09T06:41:18.180+0000] {subprocess.py:93} INFO - ============================================================
[2025-06-09T06:41:18.180+0000] {subprocess.py:93} INFO - 📊 REAL-TIME E-COMMERCE DASHBOARD
[2025-06-09T06:41:18.180+0000] {subprocess.py:93} INFO - ============================================================
[2025-06-09T06:41:18.180+0000] {subprocess.py:93} INFO - 👀 Total Views: 87
[2025-06-09T06:41:18.180+0000] {subprocess.py:93} INFO - 🛒 Total Cart Adds: 34
[2025-06-09T06:41:18.180+0000] {subprocess.py:93} INFO - ❤️  Total Wishlist Adds: 17
[2025-06-09T06:41:18.181+0000] {subprocess.py:93} INFO - 📦 Total Orders: 22
[2025-06-09T06:41:18.181+0000] {subprocess.py:93} INFO - 💰 Total Revenue: $38819.26
[2025-06-09T06:41:18.181+0000] {subprocess.py:93} INFO - 🕐 Last Updated: 2025-06-09T06:41:18.173146
[2025-06-09T06:41:18.181+0000] {subprocess.py:93} INFO - 
[2025-06-09T06:41:18.181+0000] {subprocess.py:93} INFO - 🔥 Recent Orders:
[2025-06-09T06:41:18.181+0000] {subprocess.py:93} INFO -   • order_72719: $929.94 (4 items)
[2025-06-09T06:41:18.181+0000] {subprocess.py:93} INFO -   • order_42963: $499.95 (3 items)
[2025-06-09T06:41:18.181+0000] {subprocess.py:93} INFO -   • order_82764: $309.97 (2 items)
[2025-06-09T06:41:18.181+0000] {subprocess.py:93} INFO -   • order_12530: $259.98 (2 items)
[2025-06-09T06:41:18.181+0000] {subprocess.py:93} INFO -   • order_89106: $559.96 (2 items)
[2025-06-09T06:41:18.181+0000] {subprocess.py:93} INFO - ============================================================
[2025-06-09T06:41:23.184+0000] {subprocess.py:93} INFO - ⏸️ No messages for 55.1s, checking for completion...
[2025-06-09T06:41:23.206+0000] {subprocess.py:93} INFO - 
[2025-06-09T06:41:23.206+0000] {subprocess.py:93} INFO - ============================================================
[2025-06-09T06:41:23.207+0000] {subprocess.py:93} INFO - 📊 REAL-TIME E-COMMERCE DASHBOARD
[2025-06-09T06:41:23.207+0000] {subprocess.py:93} INFO - ============================================================
[2025-06-09T06:41:23.208+0000] {subprocess.py:93} INFO - 👀 Total Views: 87
[2025-06-09T06:41:23.208+0000] {subprocess.py:93} INFO - 🛒 Total Cart Adds: 34
[2025-06-09T06:41:23.209+0000] {subprocess.py:93} INFO - ❤️  Total Wishlist Adds: 17
[2025-06-09T06:41:23.209+0000] {subprocess.py:93} INFO - 📦 Total Orders: 22
[2025-06-09T06:41:23.210+0000] {subprocess.py:93} INFO - 💰 Total Revenue: $38819.26
[2025-06-09T06:41:23.210+0000] {subprocess.py:93} INFO - 🕐 Last Updated: 2025-06-09T06:41:23.192568
[2025-06-09T06:41:23.211+0000] {subprocess.py:93} INFO - 
[2025-06-09T06:41:23.211+0000] {subprocess.py:93} INFO - 🔥 Recent Orders:
[2025-06-09T06:41:23.212+0000] {subprocess.py:93} INFO -   • order_72719: $929.94 (4 items)
[2025-06-09T06:41:23.212+0000] {subprocess.py:93} INFO -   • order_42963: $499.95 (3 items)
[2025-06-09T06:41:23.213+0000] {subprocess.py:93} INFO -   • order_82764: $309.97 (2 items)
[2025-06-09T06:41:23.213+0000] {subprocess.py:93} INFO -   • order_12530: $259.98 (2 items)
[2025-06-09T06:41:23.215+0000] {subprocess.py:93} INFO -   • order_89106: $559.96 (2 items)
[2025-06-09T06:41:23.216+0000] {subprocess.py:93} INFO - ============================================================
[2025-06-09T06:41:28.200+0000] {subprocess.py:93} INFO - ⏸️ No messages for 60.1s, checking for completion...
[2025-06-09T06:41:28.207+0000] {subprocess.py:93} INFO - 
[2025-06-09T06:41:28.208+0000] {subprocess.py:93} INFO - ============================================================
[2025-06-09T06:41:28.208+0000] {subprocess.py:93} INFO - 📊 REAL-TIME E-COMMERCE DASHBOARD
[2025-06-09T06:41:28.208+0000] {subprocess.py:93} INFO - ============================================================
[2025-06-09T06:41:28.208+0000] {subprocess.py:93} INFO - 👀 Total Views: 87
[2025-06-09T06:41:28.208+0000] {subprocess.py:93} INFO - 🛒 Total Cart Adds: 34
[2025-06-09T06:41:28.208+0000] {subprocess.py:93} INFO - ❤️  Total Wishlist Adds: 17
[2025-06-09T06:41:28.208+0000] {subprocess.py:93} INFO - 📦 Total Orders: 22
[2025-06-09T06:41:28.209+0000] {subprocess.py:93} INFO - 💰 Total Revenue: $38819.26
[2025-06-09T06:41:28.209+0000] {subprocess.py:93} INFO - 🕐 Last Updated: 2025-06-09T06:41:28.202658
[2025-06-09T06:41:28.209+0000] {subprocess.py:93} INFO - 
[2025-06-09T06:41:28.209+0000] {subprocess.py:93} INFO - 🔥 Recent Orders:
[2025-06-09T06:41:28.209+0000] {subprocess.py:93} INFO -   • order_72719: $929.94 (4 items)
[2025-06-09T06:41:28.209+0000] {subprocess.py:93} INFO -   • order_42963: $499.95 (3 items)
[2025-06-09T06:41:28.209+0000] {subprocess.py:93} INFO -   • order_82764: $309.97 (2 items)
[2025-06-09T06:41:28.209+0000] {subprocess.py:93} INFO -   • order_12530: $259.98 (2 items)
[2025-06-09T06:41:28.209+0000] {subprocess.py:93} INFO -   • order_89106: $559.96 (2 items)
[2025-06-09T06:41:28.209+0000] {subprocess.py:93} INFO - ============================================================
[2025-06-09T06:41:33.212+0000] {subprocess.py:93} INFO - ⏸️ No messages for 65.1s, checking for completion...
[2025-06-09T06:41:33.229+0000] {subprocess.py:93} INFO - 
[2025-06-09T06:41:33.229+0000] {subprocess.py:93} INFO - ============================================================
[2025-06-09T06:41:33.230+0000] {subprocess.py:93} INFO - 📊 REAL-TIME E-COMMERCE DASHBOARD
[2025-06-09T06:41:33.230+0000] {subprocess.py:93} INFO - ============================================================
[2025-06-09T06:41:33.230+0000] {subprocess.py:93} INFO - 👀 Total Views: 87
[2025-06-09T06:41:33.231+0000] {subprocess.py:93} INFO - 🛒 Total Cart Adds: 34
[2025-06-09T06:41:33.231+0000] {subprocess.py:93} INFO - ❤️  Total Wishlist Adds: 17
[2025-06-09T06:41:33.232+0000] {subprocess.py:93} INFO - 📦 Total Orders: 22
[2025-06-09T06:41:33.232+0000] {subprocess.py:93} INFO - 💰 Total Revenue: $38819.26
[2025-06-09T06:41:33.232+0000] {subprocess.py:93} INFO - 🕐 Last Updated: 2025-06-09T06:41:33.222767
[2025-06-09T06:41:33.233+0000] {subprocess.py:93} INFO - 
[2025-06-09T06:41:33.233+0000] {subprocess.py:93} INFO - 🔥 Recent Orders:
[2025-06-09T06:41:33.233+0000] {subprocess.py:93} INFO -   • order_72719: $929.94 (4 items)
[2025-06-09T06:41:33.233+0000] {subprocess.py:93} INFO -   • order_42963: $499.95 (3 items)
[2025-06-09T06:41:33.234+0000] {subprocess.py:93} INFO -   • order_82764: $309.97 (2 items)
[2025-06-09T06:41:33.234+0000] {subprocess.py:93} INFO -   • order_12530: $259.98 (2 items)
[2025-06-09T06:41:33.234+0000] {subprocess.py:93} INFO -   • order_89106: $559.96 (2 items)
[2025-06-09T06:41:33.234+0000] {subprocess.py:93} INFO - ============================================================
[2025-06-09T06:41:38.232+0000] {subprocess.py:93} INFO - ⏸️ No messages for 70.1s, checking for completion...
[2025-06-09T06:41:38.246+0000] {subprocess.py:93} INFO - 
[2025-06-09T06:41:38.246+0000] {subprocess.py:93} INFO - ============================================================
[2025-06-09T06:41:38.247+0000] {subprocess.py:93} INFO - 📊 REAL-TIME E-COMMERCE DASHBOARD
[2025-06-09T06:41:38.247+0000] {subprocess.py:93} INFO - ============================================================
[2025-06-09T06:41:38.247+0000] {subprocess.py:93} INFO - 👀 Total Views: 87
[2025-06-09T06:41:38.247+0000] {subprocess.py:93} INFO - 🛒 Total Cart Adds: 34
[2025-06-09T06:41:38.247+0000] {subprocess.py:93} INFO - ❤️  Total Wishlist Adds: 17
[2025-06-09T06:41:38.247+0000] {subprocess.py:93} INFO - 📦 Total Orders: 22
[2025-06-09T06:41:38.248+0000] {subprocess.py:93} INFO - 💰 Total Revenue: $38819.26
[2025-06-09T06:41:38.248+0000] {subprocess.py:93} INFO - 🕐 Last Updated: 2025-06-09T06:41:38.233383
[2025-06-09T06:41:38.248+0000] {subprocess.py:93} INFO - 
[2025-06-09T06:41:38.248+0000] {subprocess.py:93} INFO - 🔥 Recent Orders:
[2025-06-09T06:41:38.248+0000] {subprocess.py:93} INFO -   • order_72719: $929.94 (4 items)
[2025-06-09T06:41:38.248+0000] {subprocess.py:93} INFO -   • order_42963: $499.95 (3 items)
[2025-06-09T06:41:38.249+0000] {subprocess.py:93} INFO -   • order_82764: $309.97 (2 items)
[2025-06-09T06:41:38.249+0000] {subprocess.py:93} INFO -   • order_12530: $259.98 (2 items)
[2025-06-09T06:41:38.249+0000] {subprocess.py:93} INFO -   • order_89106: $559.96 (2 items)
[2025-06-09T06:41:38.249+0000] {subprocess.py:93} INFO - ============================================================
[2025-06-09T06:41:43.239+0000] {subprocess.py:93} INFO - ⏸️ No messages for 75.2s, checking for completion...
[2025-06-09T06:41:43.252+0000] {subprocess.py:93} INFO - 
[2025-06-09T06:41:43.252+0000] {subprocess.py:93} INFO - ============================================================
[2025-06-09T06:41:43.252+0000] {subprocess.py:93} INFO - 📊 REAL-TIME E-COMMERCE DASHBOARD
[2025-06-09T06:41:43.253+0000] {subprocess.py:93} INFO - ============================================================
[2025-06-09T06:41:43.253+0000] {subprocess.py:93} INFO - 👀 Total Views: 87
[2025-06-09T06:41:43.253+0000] {subprocess.py:93} INFO - 🛒 Total Cart Adds: 34
[2025-06-09T06:41:43.253+0000] {subprocess.py:93} INFO - ❤️  Total Wishlist Adds: 17
[2025-06-09T06:41:43.253+0000] {subprocess.py:93} INFO - 📦 Total Orders: 22
[2025-06-09T06:41:43.254+0000] {subprocess.py:93} INFO - 💰 Total Revenue: $38819.26
[2025-06-09T06:41:43.254+0000] {subprocess.py:93} INFO - 🕐 Last Updated: 2025-06-09T06:41:43.241260
[2025-06-09T06:41:43.254+0000] {subprocess.py:93} INFO - 
[2025-06-09T06:41:43.254+0000] {subprocess.py:93} INFO - 🔥 Recent Orders:
[2025-06-09T06:41:43.254+0000] {subprocess.py:93} INFO -   • order_72719: $929.94 (4 items)
[2025-06-09T06:41:43.254+0000] {subprocess.py:93} INFO -   • order_42963: $499.95 (3 items)
[2025-06-09T06:41:43.255+0000] {subprocess.py:93} INFO -   • order_82764: $309.97 (2 items)
[2025-06-09T06:41:43.255+0000] {subprocess.py:93} INFO -   • order_12530: $259.98 (2 items)
[2025-06-09T06:41:43.255+0000] {subprocess.py:93} INFO -   • order_89106: $559.96 (2 items)
[2025-06-09T06:41:43.255+0000] {subprocess.py:93} INFO - ============================================================
[2025-06-09T06:41:48.260+0000] {subprocess.py:93} INFO - ⏸️ No messages for 80.2s, checking for completion...
[2025-06-09T06:41:48.287+0000] {subprocess.py:93} INFO - 
[2025-06-09T06:41:48.287+0000] {subprocess.py:93} INFO - ============================================================
[2025-06-09T06:41:48.287+0000] {subprocess.py:93} INFO - 📊 REAL-TIME E-COMMERCE DASHBOARD
[2025-06-09T06:41:48.288+0000] {subprocess.py:93} INFO - ============================================================
[2025-06-09T06:41:48.288+0000] {subprocess.py:93} INFO - 👀 Total Views: 87
[2025-06-09T06:41:48.288+0000] {subprocess.py:93} INFO - 🛒 Total Cart Adds: 34
[2025-06-09T06:41:48.288+0000] {subprocess.py:93} INFO - ❤️  Total Wishlist Adds: 17
[2025-06-09T06:41:48.288+0000] {subprocess.py:93} INFO - 📦 Total Orders: 22
[2025-06-09T06:41:48.288+0000] {subprocess.py:93} INFO - 💰 Total Revenue: $38819.26
[2025-06-09T06:41:48.288+0000] {subprocess.py:93} INFO - 🕐 Last Updated: 2025-06-09T06:41:48.265037
[2025-06-09T06:41:48.289+0000] {subprocess.py:93} INFO - 
[2025-06-09T06:41:48.289+0000] {subprocess.py:93} INFO - 🔥 Recent Orders:
[2025-06-09T06:41:48.289+0000] {subprocess.py:93} INFO -   • order_72719: $929.94 (4 items)
[2025-06-09T06:41:48.289+0000] {subprocess.py:93} INFO -   • order_42963: $499.95 (3 items)
[2025-06-09T06:41:48.289+0000] {subprocess.py:93} INFO -   • order_82764: $309.97 (2 items)
[2025-06-09T06:41:48.289+0000] {subprocess.py:93} INFO -   • order_12530: $259.98 (2 items)
[2025-06-09T06:41:48.289+0000] {subprocess.py:93} INFO -   • order_89106: $559.96 (2 items)
[2025-06-09T06:41:48.289+0000] {subprocess.py:93} INFO - ============================================================
[2025-06-09T06:41:53.269+0000] {subprocess.py:93} INFO - ⏸️ No messages for 85.2s, checking for completion...
[2025-06-09T06:41:53.285+0000] {subprocess.py:93} INFO - 
[2025-06-09T06:41:53.286+0000] {subprocess.py:93} INFO - ============================================================
[2025-06-09T06:41:53.286+0000] {subprocess.py:93} INFO - 📊 REAL-TIME E-COMMERCE DASHBOARD
[2025-06-09T06:41:53.287+0000] {subprocess.py:93} INFO - ============================================================
[2025-06-09T06:41:53.287+0000] {subprocess.py:93} INFO - 👀 Total Views: 87
[2025-06-09T06:41:53.287+0000] {subprocess.py:93} INFO - 🛒 Total Cart Adds: 34
[2025-06-09T06:41:53.288+0000] {subprocess.py:93} INFO - ❤️  Total Wishlist Adds: 17
[2025-06-09T06:41:53.288+0000] {subprocess.py:93} INFO - 📦 Total Orders: 22
[2025-06-09T06:41:53.288+0000] {subprocess.py:93} INFO - 💰 Total Revenue: $38819.26
[2025-06-09T06:41:53.289+0000] {subprocess.py:93} INFO - 🕐 Last Updated: 2025-06-09T06:41:53.274988
[2025-06-09T06:41:53.289+0000] {subprocess.py:93} INFO - 
[2025-06-09T06:41:53.289+0000] {subprocess.py:93} INFO - 🔥 Recent Orders:
[2025-06-09T06:41:53.289+0000] {subprocess.py:93} INFO -   • order_72719: $929.94 (4 items)
[2025-06-09T06:41:53.290+0000] {subprocess.py:93} INFO -   • order_42963: $499.95 (3 items)
[2025-06-09T06:41:53.290+0000] {subprocess.py:93} INFO -   • order_82764: $309.97 (2 items)
[2025-06-09T06:41:53.290+0000] {subprocess.py:93} INFO -   • order_12530: $259.98 (2 items)
[2025-06-09T06:41:53.290+0000] {subprocess.py:93} INFO -   • order_89106: $559.96 (2 items)
[2025-06-09T06:41:53.290+0000] {subprocess.py:93} INFO - ============================================================
[2025-06-09T06:41:53.291+0000] {subprocess.py:93} INFO - ⏰ Timeout reached (90s), stopping consumer
[2025-06-09T06:41:53.291+0000] {subprocess.py:93} INFO - 2025-06-09 06:41:53,288 - kafka.coordinator.heartbeat - INFO - Stopping heartbeat thread
[2025-06-09T06:41:56.297+0000] {subprocess.py:93} INFO - 2025-06-09 06:41:56,294 - kafka.coordinator.heartbeat - WARNING - Heartbeat thread did not fully terminate during close
[2025-06-09T06:41:56.306+0000] {subprocess.py:93} INFO - 2025-06-09 06:41:56,298 - kafka.coordinator - INFO - Leaving consumer group (ecommerce-analytics-20250609).
[2025-06-09T06:41:56.332+0000] {subprocess.py:93} INFO - 2025-06-09 06:41:56,331 - kafka.coordinator - INFO - LeaveGroup request for group ecommerce-analytics-20250609 returned successfully
[2025-06-09T06:41:56.333+0000] {subprocess.py:93} INFO - 2025-06-09 06:41:56,333 - kafka.conn - INFO - <BrokerConnection client_id=kafka-python-2.2.11, node_id=1 host=kafka:29092 <connected> [IPv4 ('172.18.0.5', 29092)]>: Closing connection.
[2025-06-09T06:41:56.334+0000] {subprocess.py:93} INFO - 2025-06-09 06:41:56,334 - kafka.conn - INFO - <BrokerConnection client_id=kafka-python-2.2.11, node_id=coordinator-1 host=kafka:29092 <connected> [IPv4 ('172.18.0.5', 29092)]>: Closing connection.
[2025-06-09T06:41:56.335+0000] {subprocess.py:93} INFO - ✅ Kafka consumer closed
[2025-06-09T06:41:56.335+0000] {subprocess.py:93} INFO - ✅ Redis connection closed
[2025-06-09T06:41:56.336+0000] {subprocess.py:93} INFO - 👋 Consumer completed after processing 20 messages in 96.6 seconds
[2025-06-09T06:41:56.342+0000] {subprocess.py:93} INFO - 
[2025-06-09T06:41:56.342+0000] {subprocess.py:93} INFO - ============================================================
[2025-06-09T06:41:56.342+0000] {subprocess.py:93} INFO - 📊 REAL-TIME E-COMMERCE DASHBOARD
[2025-06-09T06:41:56.342+0000] {subprocess.py:93} INFO - ============================================================
[2025-06-09T06:41:56.343+0000] {subprocess.py:93} INFO - 👀 Total Views: 87
[2025-06-09T06:41:56.343+0000] {subprocess.py:93} INFO - 🛒 Total Cart Adds: 34
[2025-06-09T06:41:56.343+0000] {subprocess.py:93} INFO - ❤️  Total Wishlist Adds: 17
[2025-06-09T06:41:56.343+0000] {subprocess.py:93} INFO - 📦 Total Orders: 22
[2025-06-09T06:41:56.343+0000] {subprocess.py:93} INFO - 💰 Total Revenue: $38819.26
[2025-06-09T06:41:56.343+0000] {subprocess.py:93} INFO - 🕐 Last Updated: 2025-06-09T06:41:56.342293
[2025-06-09T06:41:56.344+0000] {subprocess.py:93} INFO - 
[2025-06-09T06:41:56.344+0000] {subprocess.py:93} INFO - 🔥 Recent Orders:
[2025-06-09T06:41:56.344+0000] {subprocess.py:93} INFO -   • order_72719: $929.94 (4 items)
[2025-06-09T06:41:56.344+0000] {subprocess.py:93} INFO -   • order_42963: $499.95 (3 items)
[2025-06-09T06:41:56.344+0000] {subprocess.py:93} INFO -   • order_82764: $309.97 (2 items)
[2025-06-09T06:41:56.344+0000] {subprocess.py:93} INFO -   • order_12530: $259.98 (2 items)
[2025-06-09T06:41:56.344+0000] {subprocess.py:93} INFO -   • order_89106: $559.96 (2 items)
[2025-06-09T06:41:56.344+0000] {subprocess.py:93} INFO - ============================================================
[2025-06-09T06:41:56.428+0000] {subprocess.py:97} INFO - Command exited with return code 0
[2025-06-09T06:41:56.494+0000] {taskinstance.py:1138} INFO - Marking task as SUCCESS. dag_id=kafka_ecommerce_pipeline, task_id=run_kafka_consumer, execution_date=20250609T063500, start_date=20250609T064019, end_date=20250609T064156
[2025-06-09T06:41:56.590+0000] {local_task_job_runner.py:234} INFO - Task exited with return code 0
[2025-06-09T06:41:56.661+0000] {taskinstance.py:3280} INFO - 1 downstream tasks scheduled from follow-on schedule check
