[2025-06-09T09:48:11.207+0000] {taskinstance.py:1956} INFO - Dependencies all met for dep_context=non-requeueable deps ti=<TaskInstance: kafka_ecommerce_pipeline.verify_pipeline_results scheduled__2025-06-09T09:46:00+00:00 [queued]>
[2025-06-09T09:48:11.211+0000] {taskinstance.py:1956} INFO - Dependencies all met for dep_context=requeueable deps ti=<TaskInstance: kafka_ecommerce_pipeline.verify_pipeline_results scheduled__2025-06-09T09:46:00+00:00 [queued]>
[2025-06-09T09:48:11.212+0000] {taskinstance.py:2170} INFO - Starting attempt 1 of 3
[2025-06-09T09:48:11.219+0000] {taskinstance.py:2191} INFO - Executing <Task(PythonOperator): verify_pipeline_results> on 2025-06-09 09:46:00+00:00
[2025-06-09T09:48:11.225+0000] {standard_task_runner.py:60} INFO - Started process 460 to run task
[2025-06-09T09:48:11.229+0000] {standard_task_runner.py:87} INFO - Running: ['***', 'tasks', 'run', 'kafka_ecommerce_pipeline', 'verify_pipeline_results', 'scheduled__2025-06-09T09:46:00+00:00', '--job-id', '37', '--raw', '--subdir', 'DAGS_FOLDER/kafka_data_pipeline.py', '--cfg-path', '/tmp/tmpgjjpvop7']
[2025-06-09T09:48:11.231+0000] {standard_task_runner.py:88} INFO - Job 37: Subtask verify_pipeline_results
[2025-06-09T09:48:11.268+0000] {task_command.py:423} INFO - Running <TaskInstance: kafka_ecommerce_pipeline.verify_pipeline_results scheduled__2025-06-09T09:46:00+00:00 [running]> on host e695025acf97
[2025-06-09T09:48:11.324+0000] {taskinstance.py:2480} INFO - Exporting env vars: AIRFLOW_CTX_DAG_OWNER='data-engineering-team' AIRFLOW_CTX_DAG_ID='kafka_ecommerce_pipeline' AIRFLOW_CTX_TASK_ID='verify_pipeline_results' AIRFLOW_CTX_EXECUTION_DATE='2025-06-09T09:46:00+00:00' AIRFLOW_CTX_TRY_NUMBER='1' AIRFLOW_CTX_DAG_RUN_ID='scheduled__2025-06-09T09:46:00+00:00'
[2025-06-09T09:48:11.328+0000] {kafka_data_pipeline.py:175} INFO - 📊 Pipeline Results:
[2025-06-09T09:48:11.328+0000] {kafka_data_pipeline.py:176} INFO -  👀 Total Views: 100
[2025-06-09T09:48:11.329+0000] {kafka_data_pipeline.py:177} INFO -  🛒 Total Cart Adds: 52
[2025-06-09T09:48:11.329+0000] {kafka_data_pipeline.py:178} INFO -  ❤️ Total Wishlist Adds: 28
[2025-06-09T09:48:11.329+0000] {kafka_data_pipeline.py:179} INFO -  📦 Total Orders: 20
[2025-06-09T09:48:11.329+0000] {kafka_data_pipeline.py:180} INFO -  💰 Total Revenue: $64338.98
[2025-06-09T09:48:11.329+0000] {kafka_data_pipeline.py:181} INFO -  🕐 Last Updated: 2025-06-09T09:48:00.453079
[2025-06-09T09:48:11.329+0000] {kafka_data_pipeline.py:186} INFO - 🔥 Recent Orders:
[2025-06-09T09:48:11.329+0000] {kafka_data_pipeline.py:189} INFO -  • order_b2d497ef: $2359.94 (3 items)
[2025-06-09T09:48:11.329+0000] {kafka_data_pipeline.py:189} INFO -  • order_a7c62d4d: $1999.94 (4 items)
[2025-06-09T09:48:11.329+0000] {kafka_data_pipeline.py:189} INFO -  • order_c2ad7cef: $1569.93 (5 items)
[2025-06-09T09:48:11.330+0000] {kafka_data_pipeline.py:189} INFO -  • order_22b801a0: $4259.92 (5 items)
[2025-06-09T09:48:11.330+0000] {kafka_data_pipeline.py:189} INFO -  • order_e244a477: $399.98 (1 items)
[2025-06-09T09:48:11.330+0000] {kafka_data_pipeline.py:194} INFO - ✅ Pipeline completed successfully - Last activity: 2025-06-09T09:48:00.454659
[2025-06-09T09:48:11.330+0000] {python.py:201} INFO - Done. Returned value was: None
[2025-06-09T09:48:11.337+0000] {taskinstance.py:1138} INFO - Marking task as SUCCESS. dag_id=kafka_ecommerce_pipeline, task_id=verify_pipeline_results, execution_date=20250609T094600, start_date=20250609T094811, end_date=20250609T094811
[2025-06-09T09:48:11.371+0000] {local_task_job_runner.py:234} INFO - Task exited with return code 0
[2025-06-09T09:48:11.390+0000] {taskinstance.py:3280} INFO - 1 downstream tasks scheduled from follow-on schedule check
