[2025-06-07T20:13:24.443+0000] {taskinstance.py:1956} INFO - Dependencies all met for dep_context=non-requeueable deps ti=<TaskInstance: etl_dag.run_truncate_stg manual__2025-06-07T20:10:59.867406+00:00 [queued]>
[2025-06-07T20:13:24.448+0000] {taskinstance.py:1956} INFO - Dependencies all met for dep_context=requeueable deps ti=<TaskInstance: etl_dag.run_truncate_stg manual__2025-06-07T20:10:59.867406+00:00 [queued]>
[2025-06-07T20:13:24.448+0000] {taskinstance.py:2170} INFO - Starting attempt 1 of 2
[2025-06-07T20:13:24.454+0000] {taskinstance.py:2191} INFO - Executing <Task(BashOperator): run_truncate_stg> on 2025-06-07 20:10:59.867406+00:00
[2025-06-07T20:13:24.457+0000] {standard_task_runner.py:60} INFO - Started process 1967 to run task
[2025-06-07T20:13:24.462+0000] {standard_task_runner.py:87} INFO - Running: ['***', 'tasks', 'run', 'etl_dag', 'run_truncate_stg', 'manual__2025-06-07T20:10:59.867406+00:00', '--job-id', '68', '--raw', '--subdir', 'DAGS_FOLDER/etl_dag.py', '--cfg-path', '/tmp/tmphfxq8m6k']
[2025-06-07T20:13:24.464+0000] {standard_task_runner.py:88} INFO - Job 68: Subtask run_truncate_stg
[2025-06-07T20:13:24.502+0000] {task_command.py:423} INFO - Running <TaskInstance: etl_dag.run_truncate_stg manual__2025-06-07T20:10:59.867406+00:00 [running]> on host c183c35f0e34
[2025-06-07T20:13:24.546+0000] {taskinstance.py:2480} INFO - Exporting env vars: AIRFLOW_CTX_DAG_OWNER='***' AIRFLOW_CTX_DAG_ID='etl_dag' AIRFLOW_CTX_TASK_ID='run_truncate_stg' AIRFLOW_CTX_EXECUTION_DATE='2025-06-07T20:10:59.867406+00:00' AIRFLOW_CTX_TRY_NUMBER='1' AIRFLOW_CTX_DAG_RUN_ID='manual__2025-06-07T20:10:59.867406+00:00'
[2025-06-07T20:13:24.547+0000] {subprocess.py:63} INFO - Tmp dir root location: /tmp
[2025-06-07T20:13:24.548+0000] {subprocess.py:75} INFO - Running command: ['/usr/bin/bash', '-c', 'cd /opt/***/ecom_etl && python truncate_stg.py']
[2025-06-07T20:13:24.554+0000] {subprocess.py:86} INFO - Output:
[2025-06-07T20:13:33.241+0000] {subprocess.py:93} INFO - 📍 Connected to ECOM_STG.PUBLIC schema
[2025-06-07T20:13:33.249+0000] {subprocess.py:93} INFO - ✅ Table 'STG_GEOLOCATION' truncated successfully.
[2025-06-07T20:13:33.249+0000] {subprocess.py:93} INFO - ✅ Table 'STG_CUSTOMERS' truncated successfully.
[2025-06-07T20:13:33.250+0000] {subprocess.py:93} INFO - ✅ Table 'STG_SELLERS' truncated successfully.
[2025-06-07T20:13:33.250+0000] {subprocess.py:93} INFO - ✅ Table 'STG_ORDERS' truncated successfully.
[2025-06-07T20:13:33.250+0000] {subprocess.py:93} INFO - ✅ Table 'STG_PRODUCTS' truncated successfully.
[2025-06-07T20:13:33.250+0000] {subprocess.py:93} INFO - ✅ Table 'STG_ORDER_ITEMS' truncated successfully.
[2025-06-07T20:13:33.250+0000] {subprocess.py:93} INFO - ✅ Table 'STG_ORDER_PAYMENTS' truncated successfully.
[2025-06-07T20:13:33.251+0000] {subprocess.py:93} INFO - ✅ Table 'STG_ORDER_REVIEWS' truncated successfully.
[2025-06-07T20:13:33.251+0000] {subprocess.py:93} INFO - ✅ Table 'STG_PRODUCT_CATEGORY_TRANSLATION' truncated successfully.
[2025-06-07T20:13:33.251+0000] {subprocess.py:93} INFO - 
[2025-06-07T20:13:33.251+0000] {subprocess.py:93} INFO - 🎯 Summary: 9/9 tables truncated successfully.
[2025-06-07T20:13:33.252+0000] {subprocess.py:93} INFO - 🔌 Connection closed.
[2025-06-07T20:13:33.421+0000] {subprocess.py:97} INFO - Command exited with return code 0
[2025-06-07T20:13:33.483+0000] {taskinstance.py:1138} INFO - Marking task as SUCCESS. dag_id=etl_dag, task_id=run_truncate_stg, execution_date=20250607T201059, start_date=20250607T201324, end_date=20250607T201333
[2025-06-07T20:13:33.530+0000] {local_task_job_runner.py:234} INFO - Task exited with return code 0
[2025-06-07T20:13:33.549+0000] {taskinstance.py:3280} INFO - 0 downstream tasks scheduled from follow-on schedule check
