[2025-06-09T09:05:52.673+0000] {taskinstance.py:1956} INFO - Dependencies all met for dep_context=non-requeueable deps ti=<TaskInstance: kafka_ecommerce_pipeline.run_kafka_consumer scheduled__2025-06-09T09:00:00+00:00 [queued]>
[2025-06-09T09:05:52.679+0000] {taskinstance.py:1956} INFO - Dependencies all met for dep_context=requeueable deps ti=<TaskInstance: kafka_ecommerce_pipeline.run_kafka_consumer scheduled__2025-06-09T09:00:00+00:00 [queued]>
[2025-06-09T09:05:52.679+0000] {taskinstance.py:2170} INFO - Starting attempt 1 of 3
[2025-06-09T09:05:52.684+0000] {taskinstance.py:2191} INFO - Executing <Task(BashOperator): run_kafka_consumer> on 2025-06-09 09:00:00+00:00
[2025-06-09T09:05:52.687+0000] {standard_task_runner.py:60} INFO - Started process 315 to run task
[2025-06-09T09:05:52.689+0000] {standard_task_runner.py:87} INFO - Running: ['***', 'tasks', 'run', 'kafka_ecommerce_pipeline', 'run_kafka_consumer', 'scheduled__2025-06-09T09:00:00+00:00', '--job-id', '13', '--raw', '--subdir', 'DAGS_FOLDER/kafka_data_pipeline.py', '--cfg-path', '/tmp/tmpazhw5zx4']
[2025-06-09T09:05:52.690+0000] {standard_task_runner.py:88} INFO - Job 13: Subtask run_kafka_consumer
[2025-06-09T09:05:52.715+0000] {task_command.py:423} INFO - Running <TaskInstance: kafka_ecommerce_pipeline.run_kafka_consumer scheduled__2025-06-09T09:00:00+00:00 [running]> on host 93140bc61108
[2025-06-09T09:05:52.753+0000] {taskinstance.py:2480} INFO - Exporting env vars: AIRFLOW_CTX_DAG_OWNER='data-engineering-team' AIRFLOW_CTX_DAG_ID='kafka_ecommerce_pipeline' AIRFLOW_CTX_TASK_ID='run_kafka_consumer' AIRFLOW_CTX_EXECUTION_DATE='2025-06-09T09:00:00+00:00' AIRFLOW_CTX_TRY_NUMBER='1' AIRFLOW_CTX_DAG_RUN_ID='scheduled__2025-06-09T09:00:00+00:00'
[2025-06-09T09:05:52.754+0000] {subprocess.py:63} INFO - Tmp dir root location: /tmp
[2025-06-09T09:05:52.754+0000] {subprocess.py:75} INFO - Running command: ['/usr/bin/bash', '-c', 'cd /opt/***/ecom_etl/ && python kafka_scripts/consumer.py']
[2025-06-09T09:05:52.760+0000] {subprocess.py:86} INFO - Output:
[2025-06-09T09:05:52.971+0000] {subprocess.py:93} INFO - 🚀 Starting E-Commerce Event Consumer
[2025-06-09T09:05:52.972+0000] {subprocess.py:93} INFO - 🔗 Kafka: kafka:29092
[2025-06-09T09:05:52.973+0000] {subprocess.py:93} INFO - 🔴 Redis: redis:6379
[2025-06-09T09:05:52.974+0000] {subprocess.py:93} INFO - 🚀 Initializing Kafka consumer with bootstrap servers: kafka:29092
[2025-06-09T09:05:52.974+0000] {subprocess.py:93} INFO - 🔌 Connecting to Redis at redis:6379
[2025-06-09T09:05:52.974+0000] {subprocess.py:93} INFO - 2025-06-09 09:05:52,973 - kafka.conn - INFO - <BrokerConnection client_id=kafka-python-2.2.11, node_id=bootstrap-0 host=kafka:29092 <connecting> [IPv4 ('172.18.0.5', 29092)]>: connecting to kafka:29092 [('172.18.0.5', 29092) IPv4]
[2025-06-09T09:05:52.979+0000] {subprocess.py:93} INFO - 2025-06-09 09:05:52,979 - kafka.conn - INFO - <BrokerConnection client_id=kafka-python-2.2.11, node_id=bootstrap-0 host=kafka:29092 <checking_api_versions_recv> [IPv4 ('172.18.0.5', 29092)]>: Broker version identified as 2.6
[2025-06-09T09:05:52.980+0000] {subprocess.py:93} INFO - 2025-06-09 09:05:52,979 - kafka.conn - INFO - <BrokerConnection client_id=kafka-python-2.2.11, node_id=bootstrap-0 host=kafka:29092 <connected> [IPv4 ('172.18.0.5', 29092)]>: Connection complete.
[2025-06-09T09:05:52.980+0000] {subprocess.py:93} INFO - 2025-06-09 09:05:52,979 - kafka.consumer.subscription_state - INFO - Updating subscribed topics to: ('ecommerce.product.views', 'ecommerce.cart.add', 'ecommerce.wishlist.add', 'ecommerce.orders.completed')
[2025-06-09T09:05:52.981+0000] {subprocess.py:93} INFO - ✅ Successfully connected to Kafka
[2025-06-09T09:05:52.981+0000] {subprocess.py:93} INFO - ✅ Successfully connected to Redis
[2025-06-09T09:05:52.981+0000] {subprocess.py:93} INFO - 📊 Loaded existing metrics: {'total_views': 0, 'total_cart_adds': 0, 'total_wishlist_adds': 0, 'total_orders': 0, 'total_revenue': 0.0}
[2025-06-09T09:05:52.984+0000] {subprocess.py:93} INFO - 🚀 Starting Kafka consumer...
[2025-06-09T09:05:52.985+0000] {subprocess.py:93} INFO - 📊 Subscribed to Topics: {'ecommerce.product.views', 'ecommerce.orders.completed', 'ecommerce.wishlist.add', 'ecommerce.cart.add'}
[2025-06-09T09:05:52.985+0000] {subprocess.py:93} INFO - 🔍 Will process up to 100 messages or run for 90 seconds
[2025-06-09T09:05:52.986+0000] {subprocess.py:93} INFO - 2025-06-09 09:05:52,986 - kafka.conn - INFO - <BrokerConnection client_id=kafka-python-2.2.11, node_id=1 host=kafka:29092 <connecting> [IPv4 ('172.18.0.5', 29092)]>: connecting to kafka:29092 [('172.18.0.5', 29092) IPv4]
[2025-06-09T09:05:52.987+0000] {subprocess.py:93} INFO - 2025-06-09 09:05:52,986 - kafka.conn - INFO - <BrokerConnection client_id=kafka-python-2.2.11, node_id=1 host=kafka:29092 <connected> [IPv4 ('172.18.0.5', 29092)]>: Connection complete.
[2025-06-09T09:05:52.987+0000] {subprocess.py:93} INFO - 2025-06-09 09:05:52,987 - kafka.conn - INFO - <BrokerConnection client_id=kafka-python-2.2.11, node_id=bootstrap-0 host=kafka:29092 <connected> [IPv4 ('172.18.0.5', 29092)]>: Closing connection.
[2025-06-09T09:05:53.095+0000] {subprocess.py:93} INFO - 2025-06-09 09:05:53,095 - kafka.cluster - INFO - Coordinator for group/ecommerce-analytics-20250609 is BrokerMetadata(nodeId='coordinator-1', host='kafka', port=29092, rack=None)
[2025-06-09T09:05:53.095+0000] {subprocess.py:93} INFO - 2025-06-09 09:05:53,095 - kafka.coordinator - INFO - Discovered coordinator coordinator-1 for group ecommerce-analytics-20250609
[2025-06-09T09:05:53.096+0000] {subprocess.py:93} INFO - 2025-06-09 09:05:53,095 - kafka.coordinator.heartbeat - INFO - Starting new heartbeat thread
[2025-06-09T09:05:53.096+0000] {subprocess.py:93} INFO - 2025-06-09 09:05:53,095 - kafka.coordinator.consumer - INFO - Revoking previously assigned partitions set() for group ecommerce-analytics-20250609
[2025-06-09T09:05:53.096+0000] {subprocess.py:93} INFO - 2025-06-09 09:05:53,096 - kafka.coordinator - INFO - Failed to join group ecommerce-analytics-20250609: NodeNotReadyError: coordinator-1
[2025-06-09T09:05:53.096+0000] {subprocess.py:93} INFO - 2025-06-09 09:05:53,096 - kafka.conn - INFO - <BrokerConnection client_id=kafka-python-2.2.11, node_id=coordinator-1 host=kafka:29092 <connecting> [IPv4 ('172.18.0.5', 29092)]>: connecting to kafka:29092 [('172.18.0.5', 29092) IPv4]
[2025-06-09T09:05:53.097+0000] {subprocess.py:93} INFO - 2025-06-09 09:05:53,097 - kafka.conn - INFO - <BrokerConnection client_id=kafka-python-2.2.11, node_id=coordinator-1 host=kafka:29092 <connected> [IPv4 ('172.18.0.5', 29092)]>: Connection complete.
[2025-06-09T09:05:53.203+0000] {subprocess.py:93} INFO - 2025-06-09 09:05:53,202 - kafka.coordinator - INFO - (Re-)joining group ecommerce-analytics-20250609
[2025-06-09T09:05:53.213+0000] {subprocess.py:93} INFO - 2025-06-09 09:05:53,213 - kafka.coordinator - INFO - Received member id kafka-python-2.2.11-93ce0ea9-47c7-4b43-99a8-af8c6516d2e1 for group ecommerce-analytics-20250609; will retry join-group
[2025-06-09T09:05:53.214+0000] {subprocess.py:93} INFO - 2025-06-09 09:05:53,213 - kafka.coordinator - INFO - Failed to join group ecommerce-analytics-20250609: [Error 79] MemberIdRequiredError
[2025-06-09T09:05:53.214+0000] {subprocess.py:93} INFO - 2025-06-09 09:05:53,213 - kafka.coordinator - INFO - (Re-)joining group ecommerce-analytics-20250609
[2025-06-09T09:05:56.234+0000] {subprocess.py:93} INFO - 2025-06-09 09:05:56,231 - kafka.coordinator - INFO - Successfully joined group ecommerce-analytics-20250609 <Generation 3 (member_id: kafka-python-2.2.11-93ce0ea9-47c7-4b43-99a8-af8c6516d2e1, protocol: range)>
[2025-06-09T09:05:56.238+0000] {subprocess.py:93} INFO - 2025-06-09 09:05:56,232 - kafka.coordinator - INFO - Elected group leader -- performing partition assignments using range
[2025-06-09T09:05:56.250+0000] {subprocess.py:93} INFO - 2025-06-09 09:05:56,249 - kafka.consumer.subscription_state - INFO - Updated partition assignment: [TopicPartition(topic='ecommerce.cart.add', partition=0), TopicPartition(topic='ecommerce.orders.completed', partition=0), TopicPartition(topic='ecommerce.product.views', partition=0), TopicPartition(topic='ecommerce.wishlist.add', partition=0)]
[2025-06-09T09:05:56.251+0000] {subprocess.py:93} INFO - 2025-06-09 09:05:56,249 - kafka.coordinator.consumer - INFO - Setting newly assigned partitions {TopicPartition(topic='ecommerce.orders.completed', partition=0), TopicPartition(topic='ecommerce.wishlist.add', partition=0), TopicPartition(topic='ecommerce.cart.add', partition=0), TopicPartition(topic='ecommerce.product.views', partition=0)} for group ecommerce-analytics-20250609
[2025-06-09T09:05:56.280+0000] {subprocess.py:93} INFO - 🛒 Cart Add: 3x iPhone 15 Pro by user_034 ($2999.9700000000003)
[2025-06-09T09:05:56.283+0000] {subprocess.py:93} INFO - kafka_scripts/consumer.py:281: DeprecationWarning: Redis.hmset() is deprecated. Use Redis.hset() instead.
[2025-06-09T09:05:56.283+0000] {subprocess.py:93} INFO -   self.redis_client.hmset("metrics:totals", {
[2025-06-09T09:05:56.283+0000] {subprocess.py:93} INFO - 🛒 Cart Add: 2x Levi's Jeans by user_088 ($159.98)
[2025-06-09T09:05:56.285+0000] {subprocess.py:93} INFO - 🛒 Cart Add: 1x iPhone 15 Pro by user_067 ($999.99)
[2025-06-09T09:05:56.286+0000] {subprocess.py:93} INFO - 💰 Order: order_90562 by user_063 - $219.98 (2 items)
[2025-06-09T09:05:56.287+0000] {subprocess.py:93} INFO - 💰 Order: order_35076 by user_013 - $399.98 (1 items)
[2025-06-09T09:05:56.289+0000] {subprocess.py:93} INFO - 💰 Order: order_82279 by user_016 - $449.97 (2 items)
[2025-06-09T09:05:56.291+0000] {subprocess.py:93} INFO - ❤️ Wishlist Add: Adidas Sneakers by user_004
[2025-06-09T09:05:56.292+0000] {subprocess.py:93} INFO - 👀 Product View: Levi's Jeans by user_024
[2025-06-09T09:05:56.293+0000] {subprocess.py:93} INFO - 👀 Product View: MacBook Pro by user_083
[2025-06-09T09:05:56.295+0000] {subprocess.py:93} INFO - 👀 Product View: Nike Air Max by user_026
[2025-06-09T09:05:56.296+0000] {subprocess.py:93} INFO - 📊 Processed 10 messages in 3.3 seconds
[2025-06-09T09:05:56.297+0000] {subprocess.py:93} INFO - 
[2025-06-09T09:05:56.297+0000] {subprocess.py:93} INFO - ============================================================
[2025-06-09T09:05:56.297+0000] {subprocess.py:93} INFO - 📊 REAL-TIME E-COMMERCE DASHBOARD
[2025-06-09T09:05:56.297+0000] {subprocess.py:93} INFO - ============================================================
[2025-06-09T09:05:56.297+0000] {subprocess.py:93} INFO - 👀 Total Views: 3
[2025-06-09T09:05:56.297+0000] {subprocess.py:93} INFO - 🛒 Total Cart Adds: 3
[2025-06-09T09:05:56.297+0000] {subprocess.py:93} INFO - ❤️ Total Wishlist Adds: 1
[2025-06-09T09:05:56.298+0000] {subprocess.py:93} INFO - 📦 Total Orders: 3
[2025-06-09T09:05:56.298+0000] {subprocess.py:93} INFO - 💰 Total Revenue: $1069.93
[2025-06-09T09:05:56.298+0000] {subprocess.py:93} INFO - 🕐 Last Updated: 2025-06-09T09:05:56.297035
[2025-06-09T09:05:56.298+0000] {subprocess.py:93} INFO - 
[2025-06-09T09:05:56.298+0000] {subprocess.py:93} INFO - 🔥 Recent Orders:
[2025-06-09T09:05:56.298+0000] {subprocess.py:93} INFO -  • order_82279: $449.97 (2 items)
[2025-06-09T09:05:56.298+0000] {subprocess.py:93} INFO -  • order_35076: $399.98 (1 items)
[2025-06-09T09:05:56.298+0000] {subprocess.py:93} INFO -  • order_90562: $219.98 (2 items)
[2025-06-09T09:05:56.299+0000] {subprocess.py:93} INFO - ============================================================
[2025-06-09T09:05:56.299+0000] {subprocess.py:93} INFO - 👀 Product View: MacBook Pro by user_035
[2025-06-09T09:05:56.299+0000] {subprocess.py:93} INFO - 👀 Product View: MacBook Pro by user_033
[2025-06-09T09:05:56.299+0000] {subprocess.py:93} INFO - 👀 Product View: iPhone 15 Pro by user_003
[2025-06-09T09:05:56.299+0000] {subprocess.py:93} INFO - 👀 Product View: Samsung 4K TV by user_094
[2025-06-09T09:05:56.300+0000] {subprocess.py:93} INFO - 👀 Product View: MacBook Pro by user_015
[2025-06-09T09:05:56.301+0000] {subprocess.py:93} INFO - 👀 Product View: Coffee Maker by user_039
[2025-06-09T09:05:56.302+0000] {subprocess.py:93} INFO - 👀 Product View: Levi's Jeans by user_018
[2025-06-09T09:05:56.303+0000] {subprocess.py:93} INFO - 👀 Product View: iPhone 15 Pro by user_032
[2025-06-09T09:05:56.304+0000] {subprocess.py:93} INFO - 👀 Product View: Adidas Sneakers by user_038
[2025-06-09T09:05:56.305+0000] {subprocess.py:93} INFO - 👀 Product View: Samsung 4K TV by user_008
[2025-06-09T09:05:56.306+0000] {subprocess.py:93} INFO - 📊 Processed 20 messages in 3.3 seconds
[2025-06-09T09:05:56.306+0000] {subprocess.py:93} INFO - 
[2025-06-09T09:05:56.306+0000] {subprocess.py:93} INFO - ============================================================
[2025-06-09T09:05:56.307+0000] {subprocess.py:93} INFO - 📊 REAL-TIME E-COMMERCE DASHBOARD
[2025-06-09T09:05:56.307+0000] {subprocess.py:93} INFO - ============================================================
[2025-06-09T09:05:56.307+0000] {subprocess.py:93} INFO - 👀 Total Views: 13
[2025-06-09T09:05:56.307+0000] {subprocess.py:93} INFO - 🛒 Total Cart Adds: 3
[2025-06-09T09:05:56.307+0000] {subprocess.py:93} INFO - ❤️ Total Wishlist Adds: 1
[2025-06-09T09:05:56.307+0000] {subprocess.py:93} INFO - 📦 Total Orders: 3
[2025-06-09T09:05:56.307+0000] {subprocess.py:93} INFO - 💰 Total Revenue: $1069.93
[2025-06-09T09:05:56.307+0000] {subprocess.py:93} INFO - 🕐 Last Updated: 2025-06-09T09:05:56.306833
[2025-06-09T09:05:56.308+0000] {subprocess.py:93} INFO - 
[2025-06-09T09:05:56.308+0000] {subprocess.py:93} INFO - 🔥 Recent Orders:
[2025-06-09T09:05:56.308+0000] {subprocess.py:93} INFO -  • order_82279: $449.97 (2 items)
[2025-06-09T09:05:56.308+0000] {subprocess.py:93} INFO -  • order_35076: $399.98 (1 items)
[2025-06-09T09:05:56.308+0000] {subprocess.py:93} INFO -  • order_90562: $219.98 (2 items)
[2025-06-09T09:05:56.308+0000] {subprocess.py:93} INFO - ============================================================
[2025-06-09T09:06:16.316+0000] {subprocess.py:93} INFO - ⏸️ No messages for 15.0s, checking for completion...
[2025-06-09T09:06:16.322+0000] {subprocess.py:93} INFO - 
[2025-06-09T09:06:16.323+0000] {subprocess.py:93} INFO - ============================================================
[2025-06-09T09:06:16.323+0000] {subprocess.py:93} INFO - 📊 REAL-TIME E-COMMERCE DASHBOARD
[2025-06-09T09:06:16.324+0000] {subprocess.py:93} INFO - ============================================================
[2025-06-09T09:06:16.324+0000] {subprocess.py:93} INFO - 👀 Total Views: 13
[2025-06-09T09:06:16.324+0000] {subprocess.py:93} INFO - 🛒 Total Cart Adds: 3
[2025-06-09T09:06:16.325+0000] {subprocess.py:93} INFO - ❤️ Total Wishlist Adds: 1
[2025-06-09T09:06:16.325+0000] {subprocess.py:93} INFO - 📦 Total Orders: 3
[2025-06-09T09:06:16.325+0000] {subprocess.py:93} INFO - 💰 Total Revenue: $1069.93
[2025-06-09T09:06:16.326+0000] {subprocess.py:93} INFO - 🕐 Last Updated: 2025-06-09T09:06:16.321133
[2025-06-09T09:06:16.326+0000] {subprocess.py:93} INFO - 
[2025-06-09T09:06:16.326+0000] {subprocess.py:93} INFO - 🔥 Recent Orders:
[2025-06-09T09:06:16.327+0000] {subprocess.py:93} INFO -  • order_82279: $449.97 (2 items)
[2025-06-09T09:06:16.327+0000] {subprocess.py:93} INFO -  • order_35076: $399.98 (1 items)
[2025-06-09T09:06:16.327+0000] {subprocess.py:93} INFO -  • order_90562: $219.98 (2 items)
[2025-06-09T09:06:16.327+0000] {subprocess.py:93} INFO - ============================================================
[2025-06-09T09:06:21.325+0000] {subprocess.py:93} INFO - ⏸️ No messages for 20.0s, checking for completion...
[2025-06-09T09:06:21.335+0000] {subprocess.py:93} INFO - 
[2025-06-09T09:06:21.336+0000] {subprocess.py:93} INFO - ============================================================
[2025-06-09T09:06:21.336+0000] {subprocess.py:93} INFO - 📊 REAL-TIME E-COMMERCE DASHBOARD
[2025-06-09T09:06:21.336+0000] {subprocess.py:93} INFO - ============================================================
[2025-06-09T09:06:21.336+0000] {subprocess.py:93} INFO - 👀 Total Views: 13
[2025-06-09T09:06:21.337+0000] {subprocess.py:93} INFO - 🛒 Total Cart Adds: 3
[2025-06-09T09:06:21.337+0000] {subprocess.py:93} INFO - ❤️ Total Wishlist Adds: 1
[2025-06-09T09:06:21.337+0000] {subprocess.py:93} INFO - 📦 Total Orders: 3
[2025-06-09T09:06:21.337+0000] {subprocess.py:93} INFO - 💰 Total Revenue: $1069.93
[2025-06-09T09:06:21.337+0000] {subprocess.py:93} INFO - 🕐 Last Updated: 2025-06-09T09:06:21.332327
[2025-06-09T09:06:21.338+0000] {subprocess.py:93} INFO - 
[2025-06-09T09:06:21.338+0000] {subprocess.py:93} INFO - 🔥 Recent Orders:
[2025-06-09T09:06:21.338+0000] {subprocess.py:93} INFO -  • order_82279: $449.97 (2 items)
[2025-06-09T09:06:21.338+0000] {subprocess.py:93} INFO -  • order_35076: $399.98 (1 items)
[2025-06-09T09:06:21.338+0000] {subprocess.py:93} INFO -  • order_90562: $219.98 (2 items)
[2025-06-09T09:06:21.339+0000] {subprocess.py:93} INFO - ============================================================
[2025-06-09T09:06:26.338+0000] {subprocess.py:93} INFO - ⏸️ No messages for 25.0s, checking for completion...
[2025-06-09T09:06:26.347+0000] {subprocess.py:93} INFO - 
[2025-06-09T09:06:26.348+0000] {subprocess.py:93} INFO - ============================================================
[2025-06-09T09:06:26.348+0000] {subprocess.py:93} INFO - 📊 REAL-TIME E-COMMERCE DASHBOARD
[2025-06-09T09:06:26.349+0000] {subprocess.py:93} INFO - ============================================================
[2025-06-09T09:06:26.349+0000] {subprocess.py:93} INFO - 👀 Total Views: 13
[2025-06-09T09:06:26.349+0000] {subprocess.py:93} INFO - 🛒 Total Cart Adds: 3
[2025-06-09T09:06:26.350+0000] {subprocess.py:93} INFO - ❤️ Total Wishlist Adds: 1
[2025-06-09T09:06:26.350+0000] {subprocess.py:93} INFO - 📦 Total Orders: 3
[2025-06-09T09:06:26.351+0000] {subprocess.py:93} INFO - 💰 Total Revenue: $1069.93
[2025-06-09T09:06:26.351+0000] {subprocess.py:93} INFO - 🕐 Last Updated: 2025-06-09T09:06:26.340388
[2025-06-09T09:06:26.351+0000] {subprocess.py:93} INFO - 
[2025-06-09T09:06:26.352+0000] {subprocess.py:93} INFO - 🔥 Recent Orders:
[2025-06-09T09:06:26.352+0000] {subprocess.py:93} INFO -  • order_82279: $449.97 (2 items)
[2025-06-09T09:06:26.352+0000] {subprocess.py:93} INFO -  • order_35076: $399.98 (1 items)
[2025-06-09T09:06:26.353+0000] {subprocess.py:93} INFO -  • order_90562: $219.98 (2 items)
[2025-06-09T09:06:26.353+0000] {subprocess.py:93} INFO - ============================================================
[2025-06-09T09:06:31.343+0000] {subprocess.py:93} INFO - ⏸️ No messages for 30.0s, checking for completion...
[2025-06-09T09:06:31.346+0000] {subprocess.py:93} INFO - 
[2025-06-09T09:06:31.347+0000] {subprocess.py:93} INFO - ============================================================
[2025-06-09T09:06:31.347+0000] {subprocess.py:93} INFO - 📊 REAL-TIME E-COMMERCE DASHBOARD
[2025-06-09T09:06:31.348+0000] {subprocess.py:93} INFO - ============================================================
[2025-06-09T09:06:31.348+0000] {subprocess.py:93} INFO - 👀 Total Views: 13
[2025-06-09T09:06:31.348+0000] {subprocess.py:93} INFO - 🛒 Total Cart Adds: 3
[2025-06-09T09:06:31.349+0000] {subprocess.py:93} INFO - ❤️ Total Wishlist Adds: 1
[2025-06-09T09:06:31.350+0000] {subprocess.py:93} INFO - 📦 Total Orders: 3
[2025-06-09T09:06:31.351+0000] {subprocess.py:93} INFO - 💰 Total Revenue: $1069.93
[2025-06-09T09:06:31.351+0000] {subprocess.py:93} INFO - 🕐 Last Updated: 2025-06-09T09:06:31.346857
[2025-06-09T09:06:31.352+0000] {subprocess.py:93} INFO - 
[2025-06-09T09:06:31.352+0000] {subprocess.py:93} INFO - 🔥 Recent Orders:
[2025-06-09T09:06:31.353+0000] {subprocess.py:93} INFO -  • order_82279: $449.97 (2 items)
[2025-06-09T09:06:31.353+0000] {subprocess.py:93} INFO -  • order_35076: $399.98 (1 items)
[2025-06-09T09:06:31.353+0000] {subprocess.py:93} INFO -  • order_90562: $219.98 (2 items)
[2025-06-09T09:06:31.354+0000] {subprocess.py:93} INFO - ============================================================
[2025-06-09T09:06:36.352+0000] {subprocess.py:93} INFO - ⏸️ No messages for 35.0s, checking for completion...
[2025-06-09T09:06:36.355+0000] {subprocess.py:93} INFO - 
[2025-06-09T09:06:36.356+0000] {subprocess.py:93} INFO - ============================================================
[2025-06-09T09:06:36.356+0000] {subprocess.py:93} INFO - 📊 REAL-TIME E-COMMERCE DASHBOARD
[2025-06-09T09:06:36.357+0000] {subprocess.py:93} INFO - ============================================================
[2025-06-09T09:06:36.357+0000] {subprocess.py:93} INFO - 👀 Total Views: 13
[2025-06-09T09:06:36.358+0000] {subprocess.py:93} INFO - 🛒 Total Cart Adds: 3
[2025-06-09T09:06:36.358+0000] {subprocess.py:93} INFO - ❤️ Total Wishlist Adds: 1
[2025-06-09T09:06:36.358+0000] {subprocess.py:93} INFO - 📦 Total Orders: 3
[2025-06-09T09:06:36.358+0000] {subprocess.py:93} INFO - 💰 Total Revenue: $1069.93
[2025-06-09T09:06:36.359+0000] {subprocess.py:93} INFO - 🕐 Last Updated: 2025-06-09T09:06:36.354571
[2025-06-09T09:06:36.360+0000] {subprocess.py:93} INFO - 
[2025-06-09T09:06:36.360+0000] {subprocess.py:93} INFO - 🔥 Recent Orders:
[2025-06-09T09:06:36.361+0000] {subprocess.py:93} INFO -  • order_82279: $449.97 (2 items)
[2025-06-09T09:06:36.361+0000] {subprocess.py:93} INFO -  • order_35076: $399.98 (1 items)
[2025-06-09T09:06:36.361+0000] {subprocess.py:93} INFO -  • order_90562: $219.98 (2 items)
[2025-06-09T09:06:36.361+0000] {subprocess.py:93} INFO - ============================================================
[2025-06-09T09:06:41.356+0000] {subprocess.py:93} INFO - ⏸️ No messages for 40.0s, checking for completion...
[2025-06-09T09:06:41.359+0000] {subprocess.py:93} INFO - 
[2025-06-09T09:06:41.360+0000] {subprocess.py:93} INFO - ============================================================
[2025-06-09T09:06:41.360+0000] {subprocess.py:93} INFO - 📊 REAL-TIME E-COMMERCE DASHBOARD
[2025-06-09T09:06:41.361+0000] {subprocess.py:93} INFO - ============================================================
[2025-06-09T09:06:41.361+0000] {subprocess.py:93} INFO - 👀 Total Views: 13
[2025-06-09T09:06:41.361+0000] {subprocess.py:93} INFO - 🛒 Total Cart Adds: 3
[2025-06-09T09:06:41.362+0000] {subprocess.py:93} INFO - ❤️ Total Wishlist Adds: 1
[2025-06-09T09:06:41.362+0000] {subprocess.py:93} INFO - 📦 Total Orders: 3
[2025-06-09T09:06:41.362+0000] {subprocess.py:93} INFO - 💰 Total Revenue: $1069.93
[2025-06-09T09:06:41.363+0000] {subprocess.py:93} INFO - 🕐 Last Updated: 2025-06-09T09:06:41.359577
[2025-06-09T09:06:41.363+0000] {subprocess.py:93} INFO - 
[2025-06-09T09:06:41.363+0000] {subprocess.py:93} INFO - 🔥 Recent Orders:
[2025-06-09T09:06:41.364+0000] {subprocess.py:93} INFO -  • order_82279: $449.97 (2 items)
[2025-06-09T09:06:41.364+0000] {subprocess.py:93} INFO -  • order_35076: $399.98 (1 items)
[2025-06-09T09:06:41.364+0000] {subprocess.py:93} INFO -  • order_90562: $219.98 (2 items)
[2025-06-09T09:06:41.365+0000] {subprocess.py:93} INFO - ============================================================
[2025-06-09T09:06:46.378+0000] {subprocess.py:93} INFO - ⏸️ No messages for 45.1s, checking for completion...
[2025-06-09T09:06:46.383+0000] {subprocess.py:93} INFO - 
[2025-06-09T09:06:46.383+0000] {subprocess.py:93} INFO - ============================================================
[2025-06-09T09:06:46.384+0000] {subprocess.py:93} INFO - 📊 REAL-TIME E-COMMERCE DASHBOARD
[2025-06-09T09:06:46.384+0000] {subprocess.py:93} INFO - ============================================================
[2025-06-09T09:06:46.384+0000] {subprocess.py:93} INFO - 👀 Total Views: 13
[2025-06-09T09:06:46.384+0000] {subprocess.py:93} INFO - 🛒 Total Cart Adds: 3
[2025-06-09T09:06:46.384+0000] {subprocess.py:93} INFO - ❤️ Total Wishlist Adds: 1
[2025-06-09T09:06:46.385+0000] {subprocess.py:93} INFO - 📦 Total Orders: 3
[2025-06-09T09:06:46.385+0000] {subprocess.py:93} INFO - 💰 Total Revenue: $1069.93
[2025-06-09T09:06:46.385+0000] {subprocess.py:93} INFO - 🕐 Last Updated: 2025-06-09T09:06:46.382607
[2025-06-09T09:06:46.385+0000] {subprocess.py:93} INFO - 
[2025-06-09T09:06:46.385+0000] {subprocess.py:93} INFO - 🔥 Recent Orders:
[2025-06-09T09:06:46.385+0000] {subprocess.py:93} INFO -  • order_82279: $449.97 (2 items)
[2025-06-09T09:06:46.386+0000] {subprocess.py:93} INFO -  • order_35076: $399.98 (1 items)
[2025-06-09T09:06:46.386+0000] {subprocess.py:93} INFO -  • order_90562: $219.98 (2 items)
[2025-06-09T09:06:46.386+0000] {subprocess.py:93} INFO - ============================================================
[2025-06-09T09:06:51.384+0000] {subprocess.py:93} INFO - ⏸️ No messages for 50.1s, checking for completion...
[2025-06-09T09:06:51.387+0000] {subprocess.py:93} INFO - 
[2025-06-09T09:06:51.387+0000] {subprocess.py:93} INFO - ============================================================
[2025-06-09T09:06:51.387+0000] {subprocess.py:93} INFO - 📊 REAL-TIME E-COMMERCE DASHBOARD
[2025-06-09T09:06:51.387+0000] {subprocess.py:93} INFO - ============================================================
[2025-06-09T09:06:51.387+0000] {subprocess.py:93} INFO - 👀 Total Views: 13
[2025-06-09T09:06:51.388+0000] {subprocess.py:93} INFO - 🛒 Total Cart Adds: 3
[2025-06-09T09:06:51.388+0000] {subprocess.py:93} INFO - ❤️ Total Wishlist Adds: 1
[2025-06-09T09:06:51.388+0000] {subprocess.py:93} INFO - 📦 Total Orders: 3
[2025-06-09T09:06:51.389+0000] {subprocess.py:93} INFO - 💰 Total Revenue: $1069.93
[2025-06-09T09:06:51.389+0000] {subprocess.py:93} INFO - 🕐 Last Updated: 2025-06-09T09:06:51.385339
[2025-06-09T09:06:51.389+0000] {subprocess.py:93} INFO - 
[2025-06-09T09:06:51.389+0000] {subprocess.py:93} INFO - 🔥 Recent Orders:
[2025-06-09T09:06:51.390+0000] {subprocess.py:93} INFO -  • order_82279: $449.97 (2 items)
[2025-06-09T09:06:51.390+0000] {subprocess.py:93} INFO -  • order_35076: $399.98 (1 items)
[2025-06-09T09:06:51.390+0000] {subprocess.py:93} INFO -  • order_90562: $219.98 (2 items)
[2025-06-09T09:06:51.391+0000] {subprocess.py:93} INFO - ============================================================
[2025-06-09T09:06:56.388+0000] {subprocess.py:93} INFO - ⏸️ No messages for 55.1s, checking for completion...
[2025-06-09T09:06:56.395+0000] {subprocess.py:93} INFO - 
[2025-06-09T09:06:56.396+0000] {subprocess.py:93} INFO - ============================================================
[2025-06-09T09:06:56.396+0000] {subprocess.py:93} INFO - 📊 REAL-TIME E-COMMERCE DASHBOARD
[2025-06-09T09:06:56.396+0000] {subprocess.py:93} INFO - ============================================================
[2025-06-09T09:06:56.397+0000] {subprocess.py:93} INFO - 👀 Total Views: 13
[2025-06-09T09:06:56.397+0000] {subprocess.py:93} INFO - 🛒 Total Cart Adds: 3
[2025-06-09T09:06:56.398+0000] {subprocess.py:93} INFO - ❤️ Total Wishlist Adds: 1
[2025-06-09T09:06:56.398+0000] {subprocess.py:93} INFO - 📦 Total Orders: 3
[2025-06-09T09:06:56.398+0000] {subprocess.py:93} INFO - 💰 Total Revenue: $1069.93
[2025-06-09T09:06:56.399+0000] {subprocess.py:93} INFO - 🕐 Last Updated: 2025-06-09T09:06:56.393451
[2025-06-09T09:06:56.399+0000] {subprocess.py:93} INFO - 
[2025-06-09T09:06:56.399+0000] {subprocess.py:93} INFO - 🔥 Recent Orders:
[2025-06-09T09:06:56.400+0000] {subprocess.py:93} INFO -  • order_82279: $449.97 (2 items)
[2025-06-09T09:06:56.400+0000] {subprocess.py:93} INFO -  • order_35076: $399.98 (1 items)
[2025-06-09T09:06:56.400+0000] {subprocess.py:93} INFO -  • order_90562: $219.98 (2 items)
[2025-06-09T09:06:56.400+0000] {subprocess.py:93} INFO - ============================================================
[2025-06-09T09:07:01.408+0000] {subprocess.py:93} INFO - ⏸️ No messages for 60.1s, checking for completion...
[2025-06-09T09:07:01.413+0000] {subprocess.py:93} INFO - 
[2025-06-09T09:07:01.413+0000] {subprocess.py:93} INFO - ============================================================
[2025-06-09T09:07:01.413+0000] {subprocess.py:93} INFO - 📊 REAL-TIME E-COMMERCE DASHBOARD
[2025-06-09T09:07:01.413+0000] {subprocess.py:93} INFO - ============================================================
[2025-06-09T09:07:01.413+0000] {subprocess.py:93} INFO - 👀 Total Views: 13
[2025-06-09T09:07:01.414+0000] {subprocess.py:93} INFO - 🛒 Total Cart Adds: 3
[2025-06-09T09:07:01.414+0000] {subprocess.py:93} INFO - ❤️ Total Wishlist Adds: 1
[2025-06-09T09:07:01.414+0000] {subprocess.py:93} INFO - 📦 Total Orders: 3
[2025-06-09T09:07:01.414+0000] {subprocess.py:93} INFO - 💰 Total Revenue: $1069.93
[2025-06-09T09:07:01.414+0000] {subprocess.py:93} INFO - 🕐 Last Updated: 2025-06-09T09:07:01.411386
[2025-06-09T09:07:01.414+0000] {subprocess.py:93} INFO - 
[2025-06-09T09:07:01.415+0000] {subprocess.py:93} INFO - 🔥 Recent Orders:
[2025-06-09T09:07:01.415+0000] {subprocess.py:93} INFO -  • order_82279: $449.97 (2 items)
[2025-06-09T09:07:01.415+0000] {subprocess.py:93} INFO -  • order_35076: $399.98 (1 items)
[2025-06-09T09:07:01.415+0000] {subprocess.py:93} INFO -  • order_90562: $219.98 (2 items)
[2025-06-09T09:07:01.415+0000] {subprocess.py:93} INFO - ============================================================
[2025-06-09T09:07:06.415+0000] {subprocess.py:93} INFO - ⏸️ No messages for 65.1s, checking for completion...
[2025-06-09T09:07:06.424+0000] {subprocess.py:93} INFO - 
[2025-06-09T09:07:06.424+0000] {subprocess.py:93} INFO - ============================================================
[2025-06-09T09:07:06.425+0000] {subprocess.py:93} INFO - 📊 REAL-TIME E-COMMERCE DASHBOARD
[2025-06-09T09:07:06.425+0000] {subprocess.py:93} INFO - ============================================================
[2025-06-09T09:07:06.426+0000] {subprocess.py:93} INFO - 👀 Total Views: 13
[2025-06-09T09:07:06.426+0000] {subprocess.py:93} INFO - 🛒 Total Cart Adds: 3
[2025-06-09T09:07:06.427+0000] {subprocess.py:93} INFO - ❤️ Total Wishlist Adds: 1
[2025-06-09T09:07:06.427+0000] {subprocess.py:93} INFO - 📦 Total Orders: 3
[2025-06-09T09:07:06.427+0000] {subprocess.py:93} INFO - 💰 Total Revenue: $1069.93
[2025-06-09T09:07:06.428+0000] {subprocess.py:93} INFO - 🕐 Last Updated: 2025-06-09T09:07:06.420645
[2025-06-09T09:07:06.429+0000] {subprocess.py:93} INFO - 
[2025-06-09T09:07:06.429+0000] {subprocess.py:93} INFO - 🔥 Recent Orders:
[2025-06-09T09:07:06.429+0000] {subprocess.py:93} INFO -  • order_82279: $449.97 (2 items)
[2025-06-09T09:07:06.430+0000] {subprocess.py:93} INFO -  • order_35076: $399.98 (1 items)
[2025-06-09T09:07:06.430+0000] {subprocess.py:93} INFO -  • order_90562: $219.98 (2 items)
[2025-06-09T09:07:06.430+0000] {subprocess.py:93} INFO - ============================================================
[2025-06-09T09:07:11.425+0000] {subprocess.py:93} INFO - ⏸️ No messages for 70.1s, checking for completion...
[2025-06-09T09:07:11.430+0000] {subprocess.py:93} INFO - 
[2025-06-09T09:07:11.430+0000] {subprocess.py:93} INFO - ============================================================
[2025-06-09T09:07:11.431+0000] {subprocess.py:93} INFO - 📊 REAL-TIME E-COMMERCE DASHBOARD
[2025-06-09T09:07:11.431+0000] {subprocess.py:93} INFO - ============================================================
[2025-06-09T09:07:11.431+0000] {subprocess.py:93} INFO - 👀 Total Views: 13
[2025-06-09T09:07:11.432+0000] {subprocess.py:93} INFO - 🛒 Total Cart Adds: 3
[2025-06-09T09:07:11.432+0000] {subprocess.py:93} INFO - ❤️ Total Wishlist Adds: 1
[2025-06-09T09:07:11.433+0000] {subprocess.py:93} INFO - 📦 Total Orders: 3
[2025-06-09T09:07:11.433+0000] {subprocess.py:93} INFO - 💰 Total Revenue: $1069.93
[2025-06-09T09:07:11.434+0000] {subprocess.py:93} INFO - 🕐 Last Updated: 2025-06-09T09:07:11.430089
[2025-06-09T09:07:11.438+0000] {subprocess.py:93} INFO - 
[2025-06-09T09:07:11.438+0000] {subprocess.py:93} INFO - 🔥 Recent Orders:
[2025-06-09T09:07:11.439+0000] {subprocess.py:93} INFO -  • order_82279: $449.97 (2 items)
[2025-06-09T09:07:11.439+0000] {subprocess.py:93} INFO -  • order_35076: $399.98 (1 items)
[2025-06-09T09:07:11.440+0000] {subprocess.py:93} INFO -  • order_90562: $219.98 (2 items)
[2025-06-09T09:07:11.440+0000] {subprocess.py:93} INFO - ============================================================
[2025-06-09T09:07:16.437+0000] {subprocess.py:93} INFO - ⏸️ No messages for 75.1s, checking for completion...
[2025-06-09T09:07:16.447+0000] {subprocess.py:93} INFO - 
[2025-06-09T09:07:16.448+0000] {subprocess.py:93} INFO - ============================================================
[2025-06-09T09:07:16.448+0000] {subprocess.py:93} INFO - 📊 REAL-TIME E-COMMERCE DASHBOARD
[2025-06-09T09:07:16.449+0000] {subprocess.py:93} INFO - ============================================================
[2025-06-09T09:07:16.449+0000] {subprocess.py:93} INFO - 👀 Total Views: 13
[2025-06-09T09:07:16.449+0000] {subprocess.py:93} INFO - 🛒 Total Cart Adds: 3
[2025-06-09T09:07:16.450+0000] {subprocess.py:93} INFO - ❤️ Total Wishlist Adds: 1
[2025-06-09T09:07:16.450+0000] {subprocess.py:93} INFO - 📦 Total Orders: 3
[2025-06-09T09:07:16.450+0000] {subprocess.py:93} INFO - 💰 Total Revenue: $1069.93
[2025-06-09T09:07:16.451+0000] {subprocess.py:93} INFO - 🕐 Last Updated: 2025-06-09T09:07:16.441620
[2025-06-09T09:07:16.451+0000] {subprocess.py:93} INFO - 
[2025-06-09T09:07:16.452+0000] {subprocess.py:93} INFO - 🔥 Recent Orders:
[2025-06-09T09:07:16.452+0000] {subprocess.py:93} INFO -  • order_82279: $449.97 (2 items)
[2025-06-09T09:07:16.452+0000] {subprocess.py:93} INFO -  • order_35076: $399.98 (1 items)
[2025-06-09T09:07:16.453+0000] {subprocess.py:93} INFO -  • order_90562: $219.98 (2 items)
[2025-06-09T09:07:16.453+0000] {subprocess.py:93} INFO - ============================================================
[2025-06-09T09:07:21.443+0000] {subprocess.py:93} INFO - ⏸️ No messages for 80.1s, checking for completion...
[2025-06-09T09:07:21.446+0000] {subprocess.py:93} INFO - 
[2025-06-09T09:07:21.446+0000] {subprocess.py:93} INFO - ============================================================
[2025-06-09T09:07:21.446+0000] {subprocess.py:93} INFO - 📊 REAL-TIME E-COMMERCE DASHBOARD
[2025-06-09T09:07:21.447+0000] {subprocess.py:93} INFO - ============================================================
[2025-06-09T09:07:21.447+0000] {subprocess.py:93} INFO - 👀 Total Views: 13
[2025-06-09T09:07:21.447+0000] {subprocess.py:93} INFO - 🛒 Total Cart Adds: 3
[2025-06-09T09:07:21.447+0000] {subprocess.py:93} INFO - ❤️ Total Wishlist Adds: 1
[2025-06-09T09:07:21.447+0000] {subprocess.py:93} INFO - 📦 Total Orders: 3
[2025-06-09T09:07:21.447+0000] {subprocess.py:93} INFO - 💰 Total Revenue: $1069.93
[2025-06-09T09:07:21.447+0000] {subprocess.py:93} INFO - 🕐 Last Updated: 2025-06-09T09:07:21.444870
[2025-06-09T09:07:21.448+0000] {subprocess.py:93} INFO - 
[2025-06-09T09:07:21.448+0000] {subprocess.py:93} INFO - 🔥 Recent Orders:
[2025-06-09T09:07:21.448+0000] {subprocess.py:93} INFO -  • order_82279: $449.97 (2 items)
[2025-06-09T09:07:21.448+0000] {subprocess.py:93} INFO -  • order_35076: $399.98 (1 items)
[2025-06-09T09:07:21.448+0000] {subprocess.py:93} INFO -  • order_90562: $219.98 (2 items)
[2025-06-09T09:07:21.448+0000] {subprocess.py:93} INFO - ============================================================
[2025-06-09T09:07:26.446+0000] {subprocess.py:93} INFO - ⏸️ No messages for 85.1s, checking for completion...
[2025-06-09T09:07:26.450+0000] {subprocess.py:93} INFO - 
[2025-06-09T09:07:26.451+0000] {subprocess.py:93} INFO - ============================================================
[2025-06-09T09:07:26.451+0000] {subprocess.py:93} INFO - 📊 REAL-TIME E-COMMERCE DASHBOARD
[2025-06-09T09:07:26.452+0000] {subprocess.py:93} INFO - ============================================================
[2025-06-09T09:07:26.452+0000] {subprocess.py:93} INFO - 👀 Total Views: 13
[2025-06-09T09:07:26.453+0000] {subprocess.py:93} INFO - 🛒 Total Cart Adds: 3
[2025-06-09T09:07:26.453+0000] {subprocess.py:93} INFO - ❤️ Total Wishlist Adds: 1
[2025-06-09T09:07:26.454+0000] {subprocess.py:93} INFO - 📦 Total Orders: 3
[2025-06-09T09:07:26.454+0000] {subprocess.py:93} INFO - 💰 Total Revenue: $1069.93
[2025-06-09T09:07:26.455+0000] {subprocess.py:93} INFO - 🕐 Last Updated: 2025-06-09T09:07:26.450302
[2025-06-09T09:07:26.455+0000] {subprocess.py:93} INFO - 
[2025-06-09T09:07:26.456+0000] {subprocess.py:93} INFO - 🔥 Recent Orders:
[2025-06-09T09:07:26.456+0000] {subprocess.py:93} INFO -  • order_82279: $449.97 (2 items)
[2025-06-09T09:07:26.457+0000] {subprocess.py:93} INFO -  • order_35076: $399.98 (1 items)
[2025-06-09T09:07:26.457+0000] {subprocess.py:93} INFO -  • order_90562: $219.98 (2 items)
[2025-06-09T09:07:26.458+0000] {subprocess.py:93} INFO - ============================================================
[2025-06-09T09:07:26.458+0000] {subprocess.py:93} INFO - ⏰ Timeout reached (90s), stopping consumer
[2025-06-09T09:07:26.458+0000] {subprocess.py:93} INFO - 2025-06-09 09:07:26,456 - kafka.coordinator.heartbeat - INFO - Stopping heartbeat thread
[2025-06-09T09:07:29.463+0000] {subprocess.py:93} INFO - 2025-06-09 09:07:29,461 - kafka.coordinator.heartbeat - WARNING - Heartbeat thread did not fully terminate during close
[2025-06-09T09:07:29.477+0000] {subprocess.py:93} INFO - 2025-06-09 09:07:29,473 - kafka.coordinator - INFO - Leaving consumer group (ecommerce-analytics-20250609).
[2025-06-09T09:07:29.506+0000] {subprocess.py:93} INFO - 2025-06-09 09:07:29,506 - kafka.coordinator - INFO - LeaveGroup request for group ecommerce-analytics-20250609 returned successfully
[2025-06-09T09:07:29.507+0000] {subprocess.py:93} INFO - 2025-06-09 09:07:29,507 - kafka.conn - INFO - <BrokerConnection client_id=kafka-python-2.2.11, node_id=1 host=kafka:29092 <connected> [IPv4 ('172.18.0.5', 29092)]>: Closing connection.
[2025-06-09T09:07:29.507+0000] {subprocess.py:93} INFO - 2025-06-09 09:07:29,507 - kafka.conn - INFO - <BrokerConnection client_id=kafka-python-2.2.11, node_id=coordinator-1 host=kafka:29092 <connected> [IPv4 ('172.18.0.5', 29092)]>: Closing connection.
[2025-06-09T09:07:29.508+0000] {subprocess.py:93} INFO - ✅ Kafka consumer closed
[2025-06-09T09:07:29.508+0000] {subprocess.py:93} INFO - ✅ Redis connection closed
[2025-06-09T09:07:29.509+0000] {subprocess.py:93} INFO - 👋 Consumer completed after processing 20 messages in 96.5 seconds
[2025-06-09T09:07:29.511+0000] {subprocess.py:93} INFO - 
[2025-06-09T09:07:29.512+0000] {subprocess.py:93} INFO - ============================================================
[2025-06-09T09:07:29.513+0000] {subprocess.py:93} INFO - 📊 REAL-TIME E-COMMERCE DASHBOARD
[2025-06-09T09:07:29.513+0000] {subprocess.py:93} INFO - ============================================================
[2025-06-09T09:07:29.513+0000] {subprocess.py:93} INFO - 👀 Total Views: 13
[2025-06-09T09:07:29.514+0000] {subprocess.py:93} INFO - 🛒 Total Cart Adds: 3
[2025-06-09T09:07:29.514+0000] {subprocess.py:93} INFO - ❤️ Total Wishlist Adds: 1
[2025-06-09T09:07:29.515+0000] {subprocess.py:93} INFO - 📦 Total Orders: 3
[2025-06-09T09:07:29.515+0000] {subprocess.py:93} INFO - 💰 Total Revenue: $1069.93
[2025-06-09T09:07:29.515+0000] {subprocess.py:93} INFO - 🕐 Last Updated: 2025-06-09T09:07:29.511950
[2025-06-09T09:07:29.516+0000] {subprocess.py:93} INFO - 
[2025-06-09T09:07:29.516+0000] {subprocess.py:93} INFO - 🔥 Recent Orders:
[2025-06-09T09:07:29.516+0000] {subprocess.py:93} INFO -  • order_82279: $449.97 (2 items)
[2025-06-09T09:07:29.517+0000] {subprocess.py:93} INFO -  • order_35076: $399.98 (1 items)
[2025-06-09T09:07:29.517+0000] {subprocess.py:93} INFO -  • order_90562: $219.98 (2 items)
[2025-06-09T09:07:29.517+0000] {subprocess.py:93} INFO - ============================================================
[2025-06-09T09:07:29.568+0000] {subprocess.py:97} INFO - Command exited with return code 0
[2025-06-09T09:07:29.591+0000] {taskinstance.py:1138} INFO - Marking task as SUCCESS. dag_id=kafka_ecommerce_pipeline, task_id=run_kafka_consumer, execution_date=20250609T090000, start_date=20250609T090552, end_date=20250609T090729
[2025-06-09T09:07:29.662+0000] {local_task_job_runner.py:234} INFO - Task exited with return code 0
[2025-06-09T09:07:29.688+0000] {taskinstance.py:3280} INFO - 0 downstream tasks scheduled from follow-on schedule check
