[2025-05-14 03:38:17,625] {taskinstance.py:1159} INFO - Dependencies all met for <TaskInstance: ecommerce_data_ingestion.wait_for_add_to_carts scheduled__2025-05-13T01:00:00+00:00 [queued]>
[2025-05-14 03:38:17,764] {taskinstance.py:1159} INFO - Dependencies all met for <TaskInstance: ecommerce_data_ingestion.wait_for_add_to_carts scheduled__2025-05-13T01:00:00+00:00 [queued]>
[2025-05-14 03:38:17,772] {taskinstance.py:1356} INFO - 
--------------------------------------------------------------------------------
[2025-05-14 03:38:17,776] {taskinstance.py:1357} INFO - Starting attempt 2 of 2
[2025-05-14 03:38:17,778] {taskinstance.py:1358} INFO - 
--------------------------------------------------------------------------------
[2025-05-14 03:38:17,859] {taskinstance.py:1377} INFO - Executing <Task(FileSensor): wait_for_add_to_carts> on 2025-05-13 01:00:00+00:00
[2025-05-14 03:38:17,920] {standard_task_runner.py:52} INFO - Started process 236 to run task
[2025-05-14 03:38:17,965] {standard_task_runner.py:79} INFO - Running: ['***', 'tasks', 'run', 'ecommerce_data_ingestion', 'wait_for_add_to_carts', 'scheduled__2025-05-13T01:00:00+00:00', '--job-id', '52', '--raw', '--subdir', 'DAGS_FOLDER/ecommerce_etl_dag.py', '--cfg-path', '/tmp/tmp0c7jj_j1', '--error-file', '/tmp/tmpiw52fqtv']
[2025-05-14 03:38:17,971] {standard_task_runner.py:80} INFO - Job 52: Subtask wait_for_add_to_carts
[2025-05-14 03:38:18,479] {task_command.py:369} INFO - Running <TaskInstance: ecommerce_data_ingestion.wait_for_add_to_carts scheduled__2025-05-13T01:00:00+00:00 [running]> on host 3360c9d70daf
[2025-05-14 03:38:19,166] {taskinstance.py:1569} INFO - Exporting the following env vars:
AIRFLOW_CTX_DAG_OWNER=***
AIRFLOW_CTX_DAG_ID=ecommerce_data_ingestion
AIRFLOW_CTX_TASK_ID=wait_for_add_to_carts
AIRFLOW_CTX_EXECUTION_DATE=2025-05-13T01:00:00+00:00
AIRFLOW_CTX_TRY_NUMBER=2
AIRFLOW_CTX_DAG_RUN_ID=scheduled__2025-05-13T01:00:00+00:00
[2025-05-14 03:38:19,891] {taskinstance.py:1889} ERROR - Task failed with exception
Traceback (most recent call last):
  File "/home/airflow/.local/lib/python3.8/site-packages/airflow/sensors/base.py", line 277, in execute
    poke_return = self.poke(context)
  File "/home/airflow/.local/lib/python3.8/site-packages/airflow/sensors/filesystem.py", line 55, in poke
    hook = FSHook(self.fs_conn_id)
  File "/home/airflow/.local/lib/python3.8/site-packages/airflow/hooks/filesystem.py", line 38, in __init__
    conn = self.get_connection(conn_id)
  File "/home/airflow/.local/lib/python3.8/site-packages/airflow/hooks/base.py", line 67, in get_connection
    conn = Connection.get_connection_from_secrets(conn_id)
  File "/home/airflow/.local/lib/python3.8/site-packages/airflow/models/connection.py", line 430, in get_connection_from_secrets
    raise AirflowNotFoundException(f"The conn_id `{conn_id}` isn't defined")
airflow.exceptions.AirflowNotFoundException: The conn_id `fs_default` isn't defined
[2025-05-14 03:38:20,149] {taskinstance.py:1395} INFO - Marking task as FAILED. dag_id=ecommerce_data_ingestion, task_id=wait_for_add_to_carts, execution_date=20250513T010000, start_date=20250514T033817, end_date=20250514T033820
[2025-05-14 03:38:20,390] {local_task_job.py:84} ERROR - Received SIGTERM. Terminating subprocesses
[2025-05-14 03:38:20,523] {standard_task_runner.py:92} ERROR - Failed to execute job 52 for task wait_for_add_to_carts (The conn_id `fs_default` isn't defined; 236)
[2025-05-14 03:38:20,555] {process_utils.py:125} INFO - Sending Signals.SIGTERM to group 236. PIDs of all processes in the group: [236]
[2025-05-14 03:38:20,565] {process_utils.py:80} INFO - Sending the signal Signals.SIGTERM to group 236
[2025-05-14 03:38:20,575] {taskinstance.py:1541} ERROR - Received SIGTERM. Terminating subprocesses.
[2025-05-14 03:38:20,631] {process_utils.py:75} INFO - Process psutil.Process(pid=236, status='terminated', exitcode=1, started='03:38:17') (236) terminated with exit code 1
[2025-05-14 03:38:20,636] {local_task_job.py:156} INFO - Task exited with return code 143
[2025-05-14 03:38:21,027] {local_task_job.py:273} INFO - 0 downstream tasks scheduled from follow-on schedule check
