[2025-06-09T09:16:54.381+0000] {taskinstance.py:1956} INFO - Dependencies all met for dep_context=non-requeueable deps ti=<TaskInstance: kafka_ecommerce_pipeline.verify_pipeline_results scheduled__2025-06-09T09:10:00+00:00 [queued]>
[2025-06-09T09:16:54.385+0000] {taskinstance.py:1956} INFO - Dependencies all met for dep_context=requeueable deps ti=<TaskInstance: kafka_ecommerce_pipeline.verify_pipeline_results scheduled__2025-06-09T09:10:00+00:00 [queued]>
[2025-06-09T09:16:54.385+0000] {taskinstance.py:2170} INFO - Starting attempt 1 of 3
[2025-06-09T09:16:54.393+0000] {taskinstance.py:2191} INFO - Executing <Task(PythonOperator): verify_pipeline_results> on 2025-06-09 09:10:00+00:00
[2025-06-09T09:16:54.395+0000] {standard_task_runner.py:60} INFO - Started process 736 to run task
[2025-06-09T09:16:54.398+0000] {standard_task_runner.py:87} INFO - Running: ['***', 'tasks', 'run', 'kafka_ecommerce_pipeline', 'verify_pipeline_results', 'scheduled__2025-06-09T09:10:00+00:00', '--job-id', '35', '--raw', '--subdir', 'DAGS_FOLDER/kafka_data_pipeline.py', '--cfg-path', '/tmp/tmp6l8ynkt5']
[2025-06-09T09:16:54.398+0000] {standard_task_runner.py:88} INFO - Job 35: Subtask verify_pipeline_results
[2025-06-09T09:16:54.424+0000] {task_command.py:423} INFO - Running <TaskInstance: kafka_ecommerce_pipeline.verify_pipeline_results scheduled__2025-06-09T09:10:00+00:00 [running]> on host 93140bc61108
[2025-06-09T09:16:54.467+0000] {taskinstance.py:2480} INFO - Exporting env vars: AIRFLOW_CTX_DAG_OWNER='data-engineering-team' AIRFLOW_CTX_DAG_ID='kafka_ecommerce_pipeline' AIRFLOW_CTX_TASK_ID='verify_pipeline_results' AIRFLOW_CTX_EXECUTION_DATE='2025-06-09T09:10:00+00:00' AIRFLOW_CTX_TRY_NUMBER='1' AIRFLOW_CTX_DAG_RUN_ID='scheduled__2025-06-09T09:10:00+00:00'
[2025-06-09T09:16:54.470+0000] {kafka_data_pipeline.py:175} INFO - 📊 Pipeline Results:
[2025-06-09T09:16:54.470+0000] {kafka_data_pipeline.py:176} INFO -  👀 Total Views: 76
[2025-06-09T09:16:54.471+0000] {kafka_data_pipeline.py:177} INFO -  🛒 Total Cart Adds: 32
[2025-06-09T09:16:54.471+0000] {kafka_data_pipeline.py:178} INFO -  ❤️ Total Wishlist Adds: 16
[2025-06-09T09:16:54.471+0000] {kafka_data_pipeline.py:179} INFO -  📦 Total Orders: 16
[2025-06-09T09:16:54.471+0000] {kafka_data_pipeline.py:180} INFO -  💰 Total Revenue: $36239.31
[2025-06-09T09:16:54.471+0000] {kafka_data_pipeline.py:181} INFO -  🕐 Last Updated: 2025-06-09T09:16:43.170427
[2025-06-09T09:16:54.471+0000] {kafka_data_pipeline.py:186} INFO - 🔥 Recent Orders:
[2025-06-09T09:16:54.471+0000] {kafka_data_pipeline.py:189} INFO -  • order_27ea8b83: $259.98 (1 items)
[2025-06-09T09:16:54.471+0000] {kafka_data_pipeline.py:189} INFO -  • order_0cff85e4: $2199.97 (2 items)
[2025-06-09T09:16:54.472+0000] {kafka_data_pipeline.py:189} INFO -  • order_f24353f3: $5439.92 (5 items)
[2025-06-09T09:16:54.472+0000] {kafka_data_pipeline.py:189} INFO -  • order_1c792776: $1319.94 (4 items)
[2025-06-09T09:16:54.472+0000] {kafka_data_pipeline.py:189} INFO -  • order_ba04d38b: $4699.92 (5 items)
[2025-06-09T09:16:54.472+0000] {kafka_data_pipeline.py:194} INFO - ✅ Pipeline completed successfully - Last activity: 2025-06-09T09:16:43.172906
[2025-06-09T09:16:54.472+0000] {python.py:201} INFO - Done. Returned value was: None
[2025-06-09T09:16:54.478+0000] {taskinstance.py:1138} INFO - Marking task as SUCCESS. dag_id=kafka_ecommerce_pipeline, task_id=verify_pipeline_results, execution_date=20250609T091000, start_date=20250609T091654, end_date=20250609T091654
[2025-06-09T09:16:54.496+0000] {local_task_job_runner.py:234} INFO - Task exited with return code 0
[2025-06-09T09:16:54.513+0000] {taskinstance.py:3280} INFO - 1 downstream tasks scheduled from follow-on schedule check
