[2025-06-09T16:24:11.814+0000] {taskinstance.py:1956} INFO - Dependencies all met for dep_context=non-requeueable deps ti=<TaskInstance: kafka_ecommerce_pipeline.run_kafka_producer scheduled__2025-06-09T16:23:00+00:00 [queued]>
[2025-06-09T16:24:11.824+0000] {taskinstance.py:1956} INFO - Dependencies all met for dep_context=requeueable deps ti=<TaskInstance: kafka_ecommerce_pipeline.run_kafka_producer scheduled__2025-06-09T16:23:00+00:00 [queued]>
[2025-06-09T16:24:11.827+0000] {taskinstance.py:2170} INFO - Starting attempt 1 of 3
[2025-06-09T16:24:11.836+0000] {taskinstance.py:2191} INFO - Executing <Task(BashOperator): run_kafka_producer> on 2025-06-09 16:23:00+00:00
[2025-06-09T16:24:11.842+0000] {standard_task_runner.py:60} INFO - Started process 4498 to run task
[2025-06-09T16:24:11.845+0000] {standard_task_runner.py:87} INFO - Running: ['***', 'tasks', 'run', 'kafka_ecommerce_pipeline', 'run_kafka_producer', 'scheduled__2025-06-09T16:23:00+00:00', '--job-id', '504', '--raw', '--subdir', 'DAGS_FOLDER/kafka_data_pipeline.py', '--cfg-path', '/tmp/tmpiu779dck']
[2025-06-09T16:24:11.847+0000] {standard_task_runner.py:88} INFO - Job 504: Subtask run_kafka_producer
[2025-06-09T16:24:11.901+0000] {task_command.py:423} INFO - Running <TaskInstance: kafka_ecommerce_pipeline.run_kafka_producer scheduled__2025-06-09T16:23:00+00:00 [running]> on host ed7c78a1ebb0
[2025-06-09T16:24:11.954+0000] {taskinstance.py:2480} INFO - Exporting env vars: AIRFLOW_CTX_DAG_OWNER='data-engineering-team' AIRFLOW_CTX_DAG_ID='kafka_ecommerce_pipeline' AIRFLOW_CTX_TASK_ID='run_kafka_producer' AIRFLOW_CTX_EXECUTION_DATE='2025-06-09T16:23:00+00:00' AIRFLOW_CTX_TRY_NUMBER='1' AIRFLOW_CTX_DAG_RUN_ID='scheduled__2025-06-09T16:23:00+00:00'
[2025-06-09T16:24:11.956+0000] {subprocess.py:63} INFO - Tmp dir root location: /tmp
[2025-06-09T16:24:11.956+0000] {subprocess.py:75} INFO - Running command: ['/usr/bin/bash', '-c', 'python /app/kafka_scripts/producer.py']
[2025-06-09T16:24:11.963+0000] {subprocess.py:86} INFO - Output:
[2025-06-09T16:24:29.313+0000] {subprocess.py:93} INFO - 🚀 Starting E-Commerce Event Producer
[2025-06-09T16:24:29.325+0000] {subprocess.py:93} INFO - 🔗 Kafka Bootstrap Servers: kafka:29092
[2025-06-09T16:24:29.325+0000] {subprocess.py:93} INFO - 🚀 Initializing Kafka producer with bootstrap servers: kafka:29092
[2025-06-09T16:24:29.325+0000] {subprocess.py:93} INFO - ⚠️ Error creating topics: [Error 36] TopicAlreadyExistsError: Request 'CreateTopicsRequest_v3(create_topic_requests=[(topic='ecommerce.product.views', num_partitions=3, replication_factor=1, replica_assignment=[], configs=[]), (topic='ecommerce.cart.add', num_partitions=3, replication_factor=1, replica_assignment=[], configs=[]), (topic='ecommerce.wishlist.add', num_partitions=3, replication_factor=1, replica_assignment=[], configs=[]), (topic='ecommerce.orders.completed', num_partitions=3, replication_factor=1, replica_assignment=[], configs=[])], timeout=30000, validate_only=False)' failed with response 'CreateTopicsResponse_v3(throttle_time_ms=0, topic_errors=[(topic='ecommerce.product.views', error_code=36, error_message="Topic 'ecommerce.product.views' already exists."), (topic='ecommerce.cart.add', error_code=36, error_message="Topic 'ecommerce.cart.add' already exists."), (topic='ecommerce.wishlist.add', error_code=36, error_message="Topic 'ecommerce.wishlist.add' already exists."), (topic='ecommerce.orders.completed', error_code=36, error_message="Topic 'ecommerce.orders.completed' already exists.")])'.
[2025-06-09T16:24:29.325+0000] {subprocess.py:93} INFO - ✅ Successfully connected to Kafka
[2025-06-09T16:24:29.326+0000] {subprocess.py:93} INFO - 🚀 Starting traffic simulation for 60 seconds at 5 events/second
[2025-06-09T16:24:29.326+0000] {subprocess.py:93} INFO - ✅ Sent to ecommerce.product.views: product_view (partition: 0, offset: 12433)
[2025-06-09T16:24:29.326+0000] {subprocess.py:93} INFO - ✅ Sent to ecommerce.product.views: product_view (partition: 0, offset: 12434)
[2025-06-09T16:24:29.326+0000] {subprocess.py:93} INFO - ✅ Sent to ecommerce.product.views: product_view (partition: 0, offset: 12435)
[2025-06-09T16:24:29.327+0000] {subprocess.py:93} INFO - ✅ Sent to ecommerce.product.views: product_view (partition: 0, offset: 12436)
[2025-06-09T16:24:29.327+0000] {subprocess.py:93} INFO - ✅ Sent to ecommerce.cart.add: add_to_cart (partition: 0, offset: 3564)
[2025-06-09T16:24:29.327+0000] {subprocess.py:93} INFO - ✅ Sent to ecommerce.product.views: product_view (partition: 0, offset: 12437)
[2025-06-09T16:24:29.327+0000] {subprocess.py:93} INFO - ✅ Sent to ecommerce.product.views: product_view (partition: 0, offset: 12438)
[2025-06-09T16:24:29.327+0000] {subprocess.py:93} INFO - ✅ Sent to ecommerce.product.views: product_view (partition: 0, offset: 12439)
[2025-06-09T16:24:29.327+0000] {subprocess.py:93} INFO - ✅ Sent to ecommerce.product.views: product_view (partition: 0, offset: 12440)
[2025-06-09T16:24:29.328+0000] {subprocess.py:93} INFO - ✅ Sent to ecommerce.product.views: product_view (partition: 0, offset: 12441)
[2025-06-09T16:24:29.328+0000] {subprocess.py:93} INFO - ✅ Sent to ecommerce.cart.add: add_to_cart (partition: 0, offset: 3565)
[2025-06-09T16:24:29.328+0000] {subprocess.py:93} INFO - ✅ Sent to ecommerce.product.views: product_view (partition: 0, offset: 12442)
[2025-06-09T16:24:29.328+0000] {subprocess.py:93} INFO - ✅ Sent to ecommerce.product.views: product_view (partition: 0, offset: 12443)
[2025-06-09T16:24:29.329+0000] {subprocess.py:93} INFO - ✅ Sent to ecommerce.wishlist.add: add_to_wishlist (partition: 0, offset: 1367)
[2025-06-09T16:24:29.329+0000] {subprocess.py:93} INFO - ✅ Sent to ecommerce.product.views: product_view (partition: 0, offset: 12444)
[2025-06-09T16:24:29.329+0000] {subprocess.py:93} INFO - ✅ Sent to ecommerce.product.views: product_view (partition: 0, offset: 12445)
[2025-06-09T16:24:29.329+0000] {subprocess.py:93} INFO - ✅ Sent to ecommerce.product.views: product_view (partition: 0, offset: 12446)
[2025-06-09T16:24:29.330+0000] {subprocess.py:93} INFO - ✅ Sent to ecommerce.product.views: product_view (partition: 0, offset: 12447)
[2025-06-09T16:24:29.330+0000] {subprocess.py:93} INFO - ✅ Sent to ecommerce.product.views: product_view (partition: 0, offset: 12448)
[2025-06-09T16:24:29.331+0000] {subprocess.py:93} INFO - ✅ Sent to ecommerce.wishlist.add: add_to_wishlist (partition: 0, offset: 1368)
[2025-06-09T16:24:29.331+0000] {subprocess.py:93} INFO - ✅ Sent to ecommerce.product.views: product_view (partition: 0, offset: 12449)
[2025-06-09T16:24:29.331+0000] {subprocess.py:93} INFO - ✅ Sent to ecommerce.product.views: product_view (partition: 0, offset: 12450)
[2025-06-09T16:24:29.331+0000] {subprocess.py:93} INFO - ✅ Sent to ecommerce.product.views: product_view (partition: 0, offset: 12451)
[2025-06-09T16:24:29.331+0000] {subprocess.py:93} INFO - ✅ Sent to ecommerce.cart.add: add_to_cart (partition: 0, offset: 3566)
[2025-06-09T16:24:29.331+0000] {subprocess.py:93} INFO - ✅ Sent to ecommerce.product.views: product_view (partition: 0, offset: 12452)
[2025-06-09T16:24:29.332+0000] {subprocess.py:93} INFO - ✅ Sent to ecommerce.cart.add: add_to_cart (partition: 0, offset: 3567)
[2025-06-09T16:24:29.332+0000] {subprocess.py:93} INFO - ✅ Sent to ecommerce.product.views: product_view (partition: 0, offset: 12453)
[2025-06-09T16:24:29.332+0000] {subprocess.py:93} INFO - ✅ Sent to ecommerce.orders.completed: order_completed (partition: 0, offset: 336)
[2025-06-09T16:24:29.332+0000] {subprocess.py:93} INFO - ✅ Sent to ecommerce.cart.add: add_to_cart (partition: 0, offset: 3568)
[2025-06-09T16:24:29.332+0000] {subprocess.py:93} INFO - ✅ Sent to ecommerce.product.views: product_view (partition: 0, offset: 12454)
[2025-06-09T16:24:29.332+0000] {subprocess.py:93} INFO - ✅ Sent to ecommerce.product.views: product_view (partition: 0, offset: 12455)
[2025-06-09T16:24:29.332+0000] {subprocess.py:93} INFO - ✅ Sent to ecommerce.cart.add: add_to_cart (partition: 0, offset: 3569)
[2025-06-09T16:24:29.333+0000] {subprocess.py:93} INFO - ✅ Sent to ecommerce.cart.add: add_to_cart (partition: 0, offset: 3570)
[2025-06-09T16:24:29.333+0000] {subprocess.py:93} INFO - ✅ Sent to ecommerce.product.views: product_view (partition: 0, offset: 12456)
[2025-06-09T16:24:29.333+0000] {subprocess.py:93} INFO - ✅ Sent to ecommerce.wishlist.add: add_to_wishlist (partition: 0, offset: 1369)
[2025-06-09T16:24:29.333+0000] {subprocess.py:93} INFO - ✅ Sent to ecommerce.product.views: product_view (partition: 0, offset: 12457)
[2025-06-09T16:24:29.333+0000] {subprocess.py:93} INFO - ✅ Sent to ecommerce.product.views: product_view (partition: 0, offset: 12458)
[2025-06-09T16:24:29.333+0000] {subprocess.py:93} INFO - ✅ Sent to ecommerce.wishlist.add: add_to_wishlist (partition: 0, offset: 1370)
[2025-06-09T16:24:29.333+0000] {subprocess.py:93} INFO - ✅ Sent to ecommerce.product.views: product_view (partition: 0, offset: 12459)
[2025-06-09T16:24:29.334+0000] {subprocess.py:93} INFO - ✅ Sent to ecommerce.product.views: product_view (partition: 0, offset: 12460)
[2025-06-09T16:24:29.334+0000] {subprocess.py:93} INFO - ✅ Sent to ecommerce.wishlist.add: add_to_wishlist (partition: 0, offset: 1371)
[2025-06-09T16:24:29.334+0000] {subprocess.py:93} INFO - ✅ Sent to ecommerce.product.views: product_view (partition: 0, offset: 12461)
[2025-06-09T16:24:29.334+0000] {subprocess.py:93} INFO - ✅ Sent to ecommerce.product.views: product_view (partition: 0, offset: 12462)
[2025-06-09T16:24:29.334+0000] {subprocess.py:93} INFO - ✅ Sent to ecommerce.product.views: product_view (partition: 0, offset: 12463)
[2025-06-09T16:24:29.334+0000] {subprocess.py:93} INFO - ✅ Sent to ecommerce.product.views: product_view (partition: 0, offset: 12464)
[2025-06-09T16:24:29.334+0000] {subprocess.py:93} INFO - ✅ Sent to ecommerce.product.views: product_view (partition: 0, offset: 12465)
[2025-06-09T16:24:29.334+0000] {subprocess.py:93} INFO - ✅ Sent to ecommerce.product.views: product_view (partition: 0, offset: 12466)
[2025-06-09T16:24:29.335+0000] {subprocess.py:93} INFO - ✅ Sent to ecommerce.cart.add: add_to_cart (partition: 0, offset: 3571)
[2025-06-09T16:24:29.335+0000] {subprocess.py:93} INFO - ✅ Sent to ecommerce.product.views: product_view (partition: 0, offset: 12467)
[2025-06-09T16:24:29.335+0000] {subprocess.py:93} INFO - ✅ Sent to ecommerce.product.views: product_view (partition: 0, offset: 12468)
[2025-06-09T16:24:29.335+0000] {subprocess.py:93} INFO - 📊 Progress: 10s elapsed, 50 events sent (5.0 events/sec)
[2025-06-09T16:24:29.335+0000] {subprocess.py:93} INFO - ✅ Sent to ecommerce.product.views: product_view (partition: 0, offset: 12469)
[2025-06-09T16:24:29.335+0000] {subprocess.py:93} INFO - ✅ Sent to ecommerce.cart.add: add_to_cart (partition: 0, offset: 3572)
[2025-06-09T16:24:29.335+0000] {subprocess.py:93} INFO - ✅ Sent to ecommerce.product.views: product_view (partition: 0, offset: 12470)
[2025-06-09T16:24:29.335+0000] {subprocess.py:93} INFO - ✅ Sent to ecommerce.product.views: product_view (partition: 0, offset: 12471)
[2025-06-09T16:24:29.336+0000] {subprocess.py:93} INFO - ✅ Sent to ecommerce.cart.add: add_to_cart (partition: 0, offset: 3573)
[2025-06-09T16:24:29.336+0000] {subprocess.py:93} INFO - ✅ Sent to ecommerce.wishlist.add: add_to_wishlist (partition: 0, offset: 1372)
[2025-06-09T16:24:29.336+0000] {subprocess.py:93} INFO - ✅ Sent to ecommerce.product.views: product_view (partition: 0, offset: 12472)
[2025-06-09T16:24:29.336+0000] {subprocess.py:93} INFO - ✅ Sent to ecommerce.cart.add: add_to_cart (partition: 0, offset: 3574)
[2025-06-09T16:24:29.336+0000] {subprocess.py:93} INFO - ✅ Sent to ecommerce.product.views: product_view (partition: 0, offset: 12473)
[2025-06-09T16:24:29.336+0000] {subprocess.py:93} INFO - ✅ Sent to ecommerce.cart.add: add_to_cart (partition: 0, offset: 3575)
[2025-06-09T16:24:29.337+0000] {subprocess.py:93} INFO - ✅ Sent to ecommerce.product.views: product_view (partition: 0, offset: 12474)
[2025-06-09T16:24:29.337+0000] {subprocess.py:93} INFO - ✅ Sent to ecommerce.product.views: product_view (partition: 0, offset: 12475)
[2025-06-09T16:24:29.337+0000] {subprocess.py:93} INFO - ✅ Sent to ecommerce.product.views: product_view (partition: 0, offset: 12476)
[2025-06-09T16:24:29.337+0000] {subprocess.py:93} INFO - ✅ Sent to ecommerce.product.views: product_view (partition: 0, offset: 12477)
[2025-06-09T16:24:29.337+0000] {subprocess.py:93} INFO - ✅ Sent to ecommerce.cart.add: add_to_cart (partition: 0, offset: 3576)
[2025-06-09T16:24:29.338+0000] {subprocess.py:93} INFO - ✅ Sent to ecommerce.cart.add: add_to_cart (partition: 0, offset: 3577)
[2025-06-09T16:24:29.338+0000] {subprocess.py:93} INFO - ✅ Sent to ecommerce.cart.add: add_to_cart (partition: 0, offset: 3578)
[2025-06-09T16:24:29.338+0000] {subprocess.py:93} INFO - ✅ Sent to ecommerce.product.views: product_view (partition: 0, offset: 12478)
[2025-06-09T16:24:29.338+0000] {subprocess.py:93} INFO - ✅ Sent to ecommerce.cart.add: add_to_cart (partition: 0, offset: 3579)
[2025-06-09T16:24:29.338+0000] {subprocess.py:93} INFO - ✅ Sent to ecommerce.product.views: product_view (partition: 0, offset: 12479)
[2025-06-09T16:24:29.339+0000] {subprocess.py:93} INFO - ✅ Sent to ecommerce.cart.add: add_to_cart (partition: 0, offset: 3580)
[2025-06-09T16:24:29.339+0000] {subprocess.py:93} INFO - ✅ Sent to ecommerce.product.views: product_view (partition: 0, offset: 12480)
[2025-06-09T16:24:29.339+0000] {subprocess.py:93} INFO - ✅ Sent to ecommerce.product.views: product_view (partition: 0, offset: 12481)
[2025-06-09T16:24:29.339+0000] {subprocess.py:93} INFO - ✅ Sent to ecommerce.product.views: product_view (partition: 0, offset: 12482)
[2025-06-09T16:24:29.339+0000] {subprocess.py:93} INFO - ✅ Sent to ecommerce.wishlist.add: add_to_wishlist (partition: 0, offset: 1373)
[2025-06-09T16:24:29.340+0000] {subprocess.py:93} INFO - ✅ Sent to ecommerce.product.views: product_view (partition: 0, offset: 12483)
[2025-06-09T16:24:29.340+0000] {subprocess.py:93} INFO - ✅ Sent to ecommerce.product.views: product_view (partition: 0, offset: 12484)
[2025-06-09T16:24:29.340+0000] {subprocess.py:93} INFO - ✅ Sent to ecommerce.product.views: product_view (partition: 0, offset: 12485)
[2025-06-09T16:24:29.340+0000] {subprocess.py:93} INFO - ✅ Sent to ecommerce.product.views: product_view (partition: 0, offset: 12486)
[2025-06-09T16:24:29.341+0000] {subprocess.py:93} INFO - ✅ Sent to ecommerce.product.views: product_view (partition: 0, offset: 12487)
[2025-06-09T16:24:29.341+0000] {subprocess.py:93} INFO - ✅ Sent to ecommerce.cart.add: add_to_cart (partition: 0, offset: 3581)
[2025-06-09T16:24:29.341+0000] {subprocess.py:93} INFO - ✅ Sent to ecommerce.product.views: product_view (partition: 0, offset: 12488)
[2025-06-09T16:24:29.341+0000] {subprocess.py:93} INFO - ✅ Sent to ecommerce.orders.completed: order_completed (partition: 0, offset: 337)
[2025-06-09T16:24:29.341+0000] {subprocess.py:93} INFO - ✅ Sent to ecommerce.product.views: product_view (partition: 0, offset: 12489)
[2025-06-09T16:24:29.341+0000] {subprocess.py:93} INFO - ✅ Sent to ecommerce.cart.add: add_to_cart (partition: 0, offset: 3582)
[2025-06-09T16:24:49.384+0000] {subprocess.py:93} INFO - ✅ Sent to ecommerce.product.views: product_view (partition: 0, offset: 12490)
[2025-06-09T16:24:49.388+0000] {subprocess.py:93} INFO - ✅ Sent to ecommerce.product.views: product_view (partition: 0, offset: 12491)
[2025-06-09T16:24:49.388+0000] {subprocess.py:93} INFO - ✅ Sent to ecommerce.product.views: product_view (partition: 0, offset: 12492)
[2025-06-09T16:24:49.389+0000] {subprocess.py:93} INFO - ✅ Sent to ecommerce.product.views: product_view (partition: 0, offset: 12493)
[2025-06-09T16:24:49.389+0000] {subprocess.py:93} INFO - ✅ Sent to ecommerce.product.views: product_view (partition: 0, offset: 12494)
[2025-06-09T16:24:49.389+0000] {subprocess.py:93} INFO - ✅ Sent to ecommerce.product.views: product_view (partition: 0, offset: 12495)
[2025-06-09T16:24:49.389+0000] {subprocess.py:93} INFO - ✅ Sent to ecommerce.product.views: product_view (partition: 0, offset: 12496)
[2025-06-09T16:24:49.389+0000] {subprocess.py:93} INFO - ✅ Sent to ecommerce.cart.add: add_to_cart (partition: 0, offset: 3583)
[2025-06-09T16:24:49.389+0000] {subprocess.py:93} INFO - ✅ Sent to ecommerce.product.views: product_view (partition: 0, offset: 12497)
[2025-06-09T16:24:49.389+0000] {subprocess.py:93} INFO - ✅ Sent to ecommerce.product.views: product_view (partition: 0, offset: 12498)
[2025-06-09T16:24:49.390+0000] {subprocess.py:93} INFO - ✅ Sent to ecommerce.product.views: product_view (partition: 0, offset: 12499)
[2025-06-09T16:24:49.390+0000] {subprocess.py:93} INFO - ✅ Sent to ecommerce.product.views: product_view (partition: 0, offset: 12500)
[2025-06-09T16:24:49.390+0000] {subprocess.py:93} INFO - ✅ Sent to ecommerce.product.views: product_view (partition: 0, offset: 12501)
[2025-06-09T16:24:49.390+0000] {subprocess.py:93} INFO - ✅ Sent to ecommerce.product.views: product_view (partition: 0, offset: 12502)
[2025-06-09T16:24:49.390+0000] {subprocess.py:93} INFO - ✅ Sent to ecommerce.product.views: product_view (partition: 0, offset: 12503)
[2025-06-09T16:24:49.390+0000] {subprocess.py:93} INFO - 📊 Progress: 20s elapsed, 100 events sent (5.0 events/sec)
[2025-06-09T16:24:49.390+0000] {subprocess.py:93} INFO - ✅ Sent to ecommerce.product.views: product_view (partition: 0, offset: 12504)
[2025-06-09T16:24:49.391+0000] {subprocess.py:93} INFO - ✅ Sent to ecommerce.product.views: product_view (partition: 0, offset: 12505)
[2025-06-09T16:24:49.391+0000] {subprocess.py:93} INFO - ✅ Sent to ecommerce.product.views: product_view (partition: 0, offset: 12506)
[2025-06-09T16:24:49.391+0000] {subprocess.py:93} INFO - ✅ Sent to ecommerce.product.views: product_view (partition: 0, offset: 12507)
[2025-06-09T16:24:49.391+0000] {subprocess.py:93} INFO - ✅ Sent to ecommerce.product.views: product_view (partition: 0, offset: 12508)
[2025-06-09T16:24:49.391+0000] {subprocess.py:93} INFO - ✅ Sent to ecommerce.product.views: product_view (partition: 0, offset: 12509)
[2025-06-09T16:24:49.391+0000] {subprocess.py:93} INFO - ✅ Sent to ecommerce.product.views: product_view (partition: 0, offset: 12510)
[2025-06-09T16:24:49.391+0000] {subprocess.py:93} INFO - ✅ Sent to ecommerce.product.views: product_view (partition: 0, offset: 12511)
[2025-06-09T16:24:49.391+0000] {subprocess.py:93} INFO - ✅ Sent to ecommerce.product.views: product_view (partition: 0, offset: 12512)
[2025-06-09T16:24:49.392+0000] {subprocess.py:93} INFO - ✅ Sent to ecommerce.product.views: product_view (partition: 0, offset: 12513)
[2025-06-09T16:24:49.392+0000] {subprocess.py:93} INFO - ✅ Sent to ecommerce.wishlist.add: add_to_wishlist (partition: 0, offset: 1374)
[2025-06-09T16:24:49.392+0000] {subprocess.py:93} INFO - ✅ Sent to ecommerce.cart.add: add_to_cart (partition: 0, offset: 3584)
[2025-06-09T16:24:49.392+0000] {subprocess.py:93} INFO - ✅ Sent to ecommerce.product.views: product_view (partition: 0, offset: 12514)
[2025-06-09T16:24:49.392+0000] {subprocess.py:93} INFO - ✅ Sent to ecommerce.product.views: product_view (partition: 0, offset: 12515)
[2025-06-09T16:24:49.392+0000] {subprocess.py:93} INFO - ✅ Sent to ecommerce.product.views: product_view (partition: 0, offset: 12516)
[2025-06-09T16:24:49.393+0000] {subprocess.py:93} INFO - ✅ Sent to ecommerce.product.views: product_view (partition: 0, offset: 12517)
[2025-06-09T16:24:49.393+0000] {subprocess.py:93} INFO - ✅ Sent to ecommerce.product.views: product_view (partition: 0, offset: 12518)
[2025-06-09T16:24:49.393+0000] {subprocess.py:93} INFO - ✅ Sent to ecommerce.product.views: product_view (partition: 0, offset: 12519)
[2025-06-09T16:24:49.393+0000] {subprocess.py:93} INFO - ✅ Sent to ecommerce.cart.add: add_to_cart (partition: 0, offset: 3585)
[2025-06-09T16:24:49.393+0000] {subprocess.py:93} INFO - ✅ Sent to ecommerce.cart.add: add_to_cart (partition: 0, offset: 3586)
[2025-06-09T16:24:49.393+0000] {subprocess.py:93} INFO - ✅ Sent to ecommerce.product.views: product_view (partition: 0, offset: 12520)
[2025-06-09T16:24:49.393+0000] {subprocess.py:93} INFO - ✅ Sent to ecommerce.cart.add: add_to_cart (partition: 0, offset: 3587)
[2025-06-09T16:24:49.393+0000] {subprocess.py:93} INFO - ✅ Sent to ecommerce.product.views: product_view (partition: 0, offset: 12521)
[2025-06-09T16:24:49.394+0000] {subprocess.py:93} INFO - ✅ Sent to ecommerce.product.views: product_view (partition: 0, offset: 12522)
[2025-06-09T16:24:49.394+0000] {subprocess.py:93} INFO - ✅ Sent to ecommerce.product.views: product_view (partition: 0, offset: 12523)
[2025-06-09T16:24:49.394+0000] {subprocess.py:93} INFO - ✅ Sent to ecommerce.product.views: product_view (partition: 0, offset: 12524)
[2025-06-09T16:24:49.394+0000] {subprocess.py:93} INFO - ✅ Sent to ecommerce.cart.add: add_to_cart (partition: 0, offset: 3588)
[2025-06-09T16:24:49.394+0000] {subprocess.py:93} INFO - ✅ Sent to ecommerce.wishlist.add: add_to_wishlist (partition: 0, offset: 1375)
[2025-06-09T16:24:49.394+0000] {subprocess.py:93} INFO - ✅ Sent to ecommerce.product.views: product_view (partition: 0, offset: 12525)
[2025-06-09T16:24:49.394+0000] {subprocess.py:93} INFO - ✅ Sent to ecommerce.cart.add: add_to_cart (partition: 0, offset: 3589)
[2025-06-09T16:24:49.394+0000] {subprocess.py:93} INFO - ✅ Sent to ecommerce.product.views: product_view (partition: 0, offset: 12526)
[2025-06-09T16:24:49.394+0000] {subprocess.py:93} INFO - ✅ Sent to ecommerce.product.views: product_view (partition: 0, offset: 12527)
[2025-06-09T16:24:49.395+0000] {subprocess.py:93} INFO - ✅ Sent to ecommerce.cart.add: add_to_cart (partition: 0, offset: 3590)
[2025-06-09T16:24:49.395+0000] {subprocess.py:93} INFO - ✅ Sent to ecommerce.cart.add: add_to_cart (partition: 0, offset: 3591)
[2025-06-09T16:24:49.395+0000] {subprocess.py:93} INFO - ✅ Sent to ecommerce.cart.add: add_to_cart (partition: 0, offset: 3592)
[2025-06-09T16:24:49.395+0000] {subprocess.py:93} INFO - ✅ Sent to ecommerce.wishlist.add: add_to_wishlist (partition: 0, offset: 1376)
[2025-06-09T16:24:49.395+0000] {subprocess.py:93} INFO - ✅ Sent to ecommerce.cart.add: add_to_cart (partition: 0, offset: 3593)
[2025-06-09T16:24:49.395+0000] {subprocess.py:93} INFO - ✅ Sent to ecommerce.product.views: product_view (partition: 0, offset: 12528)
[2025-06-09T16:24:49.395+0000] {subprocess.py:93} INFO - ✅ Sent to ecommerce.product.views: product_view (partition: 0, offset: 12529)
[2025-06-09T16:24:49.395+0000] {subprocess.py:93} INFO - ✅ Sent to ecommerce.product.views: product_view (partition: 0, offset: 12530)
[2025-06-09T16:24:49.395+0000] {subprocess.py:93} INFO - ✅ Sent to ecommerce.cart.add: add_to_cart (partition: 0, offset: 3594)
[2025-06-09T16:24:49.395+0000] {subprocess.py:93} INFO - ✅ Sent to ecommerce.cart.add: add_to_cart (partition: 0, offset: 3595)
[2025-06-09T16:24:49.396+0000] {subprocess.py:93} INFO - ✅ Sent to ecommerce.cart.add: add_to_cart (partition: 0, offset: 3596)
[2025-06-09T16:24:49.396+0000] {subprocess.py:93} INFO - ✅ Sent to ecommerce.product.views: product_view (partition: 0, offset: 12531)
[2025-06-09T16:24:49.396+0000] {subprocess.py:93} INFO - ✅ Sent to ecommerce.product.views: product_view (partition: 0, offset: 12532)
[2025-06-09T16:24:49.396+0000] {subprocess.py:93} INFO - ✅ Sent to ecommerce.cart.add: add_to_cart (partition: 0, offset: 3597)
[2025-06-09T16:24:49.396+0000] {subprocess.py:93} INFO - ✅ Sent to ecommerce.product.views: product_view (partition: 0, offset: 12533)
[2025-06-09T16:24:49.396+0000] {subprocess.py:93} INFO - ✅ Sent to ecommerce.product.views: product_view (partition: 0, offset: 12534)
[2025-06-09T16:24:49.396+0000] {subprocess.py:93} INFO - ✅ Sent to ecommerce.product.views: product_view (partition: 0, offset: 12535)
[2025-06-09T16:24:49.396+0000] {subprocess.py:93} INFO - ✅ Sent to ecommerce.cart.add: add_to_cart (partition: 0, offset: 3598)
[2025-06-09T16:24:49.396+0000] {subprocess.py:93} INFO - 📊 Progress: 30s elapsed, 150 events sent (5.0 events/sec)
[2025-06-09T16:24:49.397+0000] {subprocess.py:93} INFO - ✅ Sent to ecommerce.wishlist.add: add_to_wishlist (partition: 0, offset: 1377)
[2025-06-09T16:24:49.397+0000] {subprocess.py:93} INFO - ✅ Sent to ecommerce.product.views: product_view (partition: 0, offset: 12536)
[2025-06-09T16:24:49.397+0000] {subprocess.py:93} INFO - ✅ Sent to ecommerce.orders.completed: order_completed (partition: 0, offset: 338)
[2025-06-09T16:24:49.397+0000] {subprocess.py:93} INFO - ✅ Sent to ecommerce.cart.add: add_to_cart (partition: 0, offset: 3599)
[2025-06-09T16:24:49.397+0000] {subprocess.py:93} INFO - ✅ Sent to ecommerce.cart.add: add_to_cart (partition: 0, offset: 3600)
[2025-06-09T16:24:49.397+0000] {subprocess.py:93} INFO - ✅ Sent to ecommerce.product.views: product_view (partition: 0, offset: 12537)
[2025-06-09T16:24:49.397+0000] {subprocess.py:93} INFO - ✅ Sent to ecommerce.product.views: product_view (partition: 0, offset: 12538)
[2025-06-09T16:24:49.397+0000] {subprocess.py:93} INFO - ✅ Sent to ecommerce.cart.add: add_to_cart (partition: 0, offset: 3601)
[2025-06-09T16:24:49.398+0000] {subprocess.py:93} INFO - ✅ Sent to ecommerce.product.views: product_view (partition: 0, offset: 12539)
[2025-06-09T16:24:49.398+0000] {subprocess.py:93} INFO - ✅ Sent to ecommerce.product.views: product_view (partition: 0, offset: 12540)
[2025-06-09T16:24:49.398+0000] {subprocess.py:93} INFO - ✅ Sent to ecommerce.product.views: product_view (partition: 0, offset: 12541)
[2025-06-09T16:24:49.398+0000] {subprocess.py:93} INFO - ✅ Sent to ecommerce.product.views: product_view (partition: 0, offset: 12542)
[2025-06-09T16:24:49.398+0000] {subprocess.py:93} INFO - ✅ Sent to ecommerce.cart.add: add_to_cart (partition: 0, offset: 3602)
[2025-06-09T16:24:49.398+0000] {subprocess.py:93} INFO - ✅ Sent to ecommerce.product.views: product_view (partition: 0, offset: 12543)
[2025-06-09T16:24:49.398+0000] {subprocess.py:93} INFO - ✅ Sent to ecommerce.product.views: product_view (partition: 0, offset: 12544)
[2025-06-09T16:24:49.398+0000] {subprocess.py:93} INFO - ✅ Sent to ecommerce.product.views: product_view (partition: 0, offset: 12545)
[2025-06-09T16:24:49.398+0000] {subprocess.py:93} INFO - ✅ Sent to ecommerce.cart.add: add_to_cart (partition: 0, offset: 3603)
[2025-06-09T16:24:49.398+0000] {subprocess.py:93} INFO - ✅ Sent to ecommerce.product.views: product_view (partition: 0, offset: 12546)
[2025-06-09T16:24:49.399+0000] {subprocess.py:93} INFO - ✅ Sent to ecommerce.orders.completed: order_completed (partition: 0, offset: 339)
[2025-06-09T16:24:49.399+0000] {subprocess.py:93} INFO - ✅ Sent to ecommerce.product.views: product_view (partition: 0, offset: 12547)
[2025-06-09T16:24:49.399+0000] {subprocess.py:93} INFO - ✅ Sent to ecommerce.cart.add: add_to_cart (partition: 0, offset: 3604)
[2025-06-09T16:24:49.399+0000] {subprocess.py:93} INFO - ✅ Sent to ecommerce.cart.add: add_to_cart (partition: 0, offset: 3605)
[2025-06-09T16:24:49.399+0000] {subprocess.py:93} INFO - ✅ Sent to ecommerce.product.views: product_view (partition: 0, offset: 12548)
[2025-06-09T16:24:49.399+0000] {subprocess.py:93} INFO - ✅ Sent to ecommerce.product.views: product_view (partition: 0, offset: 12549)
[2025-06-09T16:24:49.399+0000] {subprocess.py:93} INFO - ✅ Sent to ecommerce.product.views: product_view (partition: 0, offset: 12550)
[2025-06-09T16:24:49.399+0000] {subprocess.py:93} INFO - ✅ Sent to ecommerce.product.views: product_view (partition: 0, offset: 12551)
[2025-06-09T16:24:49.399+0000] {subprocess.py:93} INFO - ✅ Sent to ecommerce.product.views: product_view (partition: 0, offset: 12552)
[2025-06-09T16:24:49.400+0000] {subprocess.py:93} INFO - ✅ Sent to ecommerce.product.views: product_view (partition: 0, offset: 12553)
[2025-06-09T16:24:49.400+0000] {subprocess.py:93} INFO - ✅ Sent to ecommerce.product.views: product_view (partition: 0, offset: 12554)
[2025-06-09T16:24:49.400+0000] {subprocess.py:93} INFO - ✅ Sent to ecommerce.product.views: product_view (partition: 0, offset: 12555)
[2025-06-09T16:24:49.400+0000] {subprocess.py:93} INFO - ✅ Sent to ecommerce.product.views: product_view (partition: 0, offset: 12556)
[2025-06-09T16:24:49.400+0000] {subprocess.py:93} INFO - ✅ Sent to ecommerce.product.views: product_view (partition: 0, offset: 12557)
[2025-06-09T16:24:49.400+0000] {subprocess.py:93} INFO - ✅ Sent to ecommerce.product.views: product_view (partition: 0, offset: 12558)
[2025-06-09T16:24:49.400+0000] {subprocess.py:93} INFO - ✅ Sent to ecommerce.product.views: product_view (partition: 0, offset: 12559)
[2025-06-09T16:24:49.400+0000] {subprocess.py:93} INFO - ✅ Sent to ecommerce.cart.add: add_to_cart (partition: 0, offset: 3606)
[2025-06-09T16:24:49.400+0000] {subprocess.py:93} INFO - ✅ Sent to ecommerce.product.views: product_view (partition: 0, offset: 12560)
[2025-06-09T16:24:49.401+0000] {subprocess.py:93} INFO - ✅ Sent to ecommerce.cart.add: add_to_cart (partition: 0, offset: 3607)
[2025-06-09T16:25:09.471+0000] {subprocess.py:93} INFO - ✅ Sent to ecommerce.product.views: product_view (partition: 0, offset: 12561)
[2025-06-09T16:25:09.483+0000] {subprocess.py:93} INFO - ✅ Sent to ecommerce.product.views: product_view (partition: 0, offset: 12562)
[2025-06-09T16:25:09.485+0000] {subprocess.py:93} INFO - ✅ Sent to ecommerce.product.views: product_view (partition: 0, offset: 12563)
[2025-06-09T16:25:09.487+0000] {subprocess.py:93} INFO - ✅ Sent to ecommerce.cart.add: add_to_cart (partition: 0, offset: 3608)
[2025-06-09T16:25:09.492+0000] {subprocess.py:93} INFO - ✅ Sent to ecommerce.wishlist.add: add_to_wishlist (partition: 0, offset: 1378)
[2025-06-09T16:25:09.493+0000] {subprocess.py:93} INFO - ✅ Sent to ecommerce.product.views: product_view (partition: 0, offset: 12564)
[2025-06-09T16:25:09.493+0000] {subprocess.py:93} INFO - ✅ Sent to ecommerce.product.views: product_view (partition: 0, offset: 12565)
[2025-06-09T16:25:09.493+0000] {subprocess.py:93} INFO - ✅ Sent to ecommerce.cart.add: add_to_cart (partition: 0, offset: 3609)
[2025-06-09T16:25:09.494+0000] {subprocess.py:93} INFO - ✅ Sent to ecommerce.product.views: product_view (partition: 0, offset: 12566)
[2025-06-09T16:25:09.497+0000] {subprocess.py:93} INFO - ✅ Sent to ecommerce.cart.add: add_to_cart (partition: 0, offset: 3610)
[2025-06-09T16:25:09.498+0000] {subprocess.py:93} INFO - ✅ Sent to ecommerce.product.views: product_view (partition: 0, offset: 12567)
[2025-06-09T16:25:09.499+0000] {subprocess.py:93} INFO - ✅ Sent to ecommerce.product.views: product_view (partition: 0, offset: 12568)
[2025-06-09T16:25:09.500+0000] {subprocess.py:93} INFO - ✅ Sent to ecommerce.wishlist.add: add_to_wishlist (partition: 0, offset: 1379)
[2025-06-09T16:25:09.501+0000] {subprocess.py:93} INFO - 📊 Progress: 40s elapsed, 200 events sent (5.0 events/sec)
[2025-06-09T16:25:09.502+0000] {subprocess.py:93} INFO - ✅ Sent to ecommerce.cart.add: add_to_cart (partition: 0, offset: 3611)
[2025-06-09T16:25:09.502+0000] {subprocess.py:93} INFO - ✅ Sent to ecommerce.product.views: product_view (partition: 0, offset: 12569)
[2025-06-09T16:25:09.503+0000] {subprocess.py:93} INFO - ✅ Sent to ecommerce.product.views: product_view (partition: 0, offset: 12570)
[2025-06-09T16:25:09.503+0000] {subprocess.py:93} INFO - ✅ Sent to ecommerce.product.views: product_view (partition: 0, offset: 12571)
[2025-06-09T16:25:09.504+0000] {subprocess.py:93} INFO - ✅ Sent to ecommerce.product.views: product_view (partition: 0, offset: 12572)
[2025-06-09T16:25:09.504+0000] {subprocess.py:93} INFO - ✅ Sent to ecommerce.wishlist.add: add_to_wishlist (partition: 0, offset: 1380)
[2025-06-09T16:25:09.504+0000] {subprocess.py:93} INFO - ✅ Sent to ecommerce.wishlist.add: add_to_wishlist (partition: 0, offset: 1381)
[2025-06-09T16:25:09.504+0000] {subprocess.py:93} INFO - ✅ Sent to ecommerce.product.views: product_view (partition: 0, offset: 12573)
[2025-06-09T16:25:09.505+0000] {subprocess.py:93} INFO - ✅ Sent to ecommerce.product.views: product_view (partition: 0, offset: 12574)
[2025-06-09T16:25:09.505+0000] {subprocess.py:93} INFO - ✅ Sent to ecommerce.cart.add: add_to_cart (partition: 0, offset: 3612)
[2025-06-09T16:25:09.505+0000] {subprocess.py:93} INFO - ✅ Sent to ecommerce.product.views: product_view (partition: 0, offset: 12575)
[2025-06-09T16:25:09.505+0000] {subprocess.py:93} INFO - ✅ Sent to ecommerce.wishlist.add: add_to_wishlist (partition: 0, offset: 1382)
[2025-06-09T16:25:09.509+0000] {subprocess.py:93} INFO - ✅ Sent to ecommerce.product.views: product_view (partition: 0, offset: 12576)
[2025-06-09T16:25:09.509+0000] {subprocess.py:93} INFO - ✅ Sent to ecommerce.product.views: product_view (partition: 0, offset: 12577)
[2025-06-09T16:25:09.510+0000] {subprocess.py:93} INFO - ✅ Sent to ecommerce.wishlist.add: add_to_wishlist (partition: 0, offset: 1383)
[2025-06-09T16:25:09.510+0000] {subprocess.py:93} INFO - ✅ Sent to ecommerce.product.views: product_view (partition: 0, offset: 12578)
[2025-06-09T16:25:09.510+0000] {subprocess.py:93} INFO - ✅ Sent to ecommerce.product.views: product_view (partition: 0, offset: 12579)
[2025-06-09T16:25:09.510+0000] {subprocess.py:93} INFO - ✅ Sent to ecommerce.product.views: product_view (partition: 0, offset: 12580)
[2025-06-09T16:25:09.510+0000] {subprocess.py:93} INFO - ✅ Sent to ecommerce.product.views: product_view (partition: 0, offset: 12581)
[2025-06-09T16:25:09.510+0000] {subprocess.py:93} INFO - ✅ Sent to ecommerce.wishlist.add: add_to_wishlist (partition: 0, offset: 1384)
[2025-06-09T16:25:09.510+0000] {subprocess.py:93} INFO - ✅ Sent to ecommerce.product.views: product_view (partition: 0, offset: 12582)
[2025-06-09T16:25:09.510+0000] {subprocess.py:93} INFO - ✅ Sent to ecommerce.product.views: product_view (partition: 0, offset: 12583)
[2025-06-09T16:25:09.511+0000] {subprocess.py:93} INFO - ✅ Sent to ecommerce.wishlist.add: add_to_wishlist (partition: 0, offset: 1385)
[2025-06-09T16:25:09.511+0000] {subprocess.py:93} INFO - ✅ Sent to ecommerce.product.views: product_view (partition: 0, offset: 12584)
[2025-06-09T16:25:09.511+0000] {subprocess.py:93} INFO - ✅ Sent to ecommerce.product.views: product_view (partition: 0, offset: 12585)
[2025-06-09T16:25:09.511+0000] {subprocess.py:93} INFO - ✅ Sent to ecommerce.product.views: product_view (partition: 0, offset: 12586)
[2025-06-09T16:25:09.511+0000] {subprocess.py:93} INFO - ✅ Sent to ecommerce.cart.add: add_to_cart (partition: 0, offset: 3613)
[2025-06-09T16:25:09.511+0000] {subprocess.py:93} INFO - ✅ Sent to ecommerce.product.views: product_view (partition: 0, offset: 12587)
[2025-06-09T16:25:09.511+0000] {subprocess.py:93} INFO - ✅ Sent to ecommerce.product.views: product_view (partition: 0, offset: 12588)
[2025-06-09T16:25:09.512+0000] {subprocess.py:93} INFO - ✅ Sent to ecommerce.product.views: product_view (partition: 0, offset: 12589)
[2025-06-09T16:25:09.512+0000] {subprocess.py:93} INFO - ✅ Sent to ecommerce.product.views: product_view (partition: 0, offset: 12590)
[2025-06-09T16:25:09.512+0000] {subprocess.py:93} INFO - ✅ Sent to ecommerce.cart.add: add_to_cart (partition: 0, offset: 3614)
[2025-06-09T16:25:09.512+0000] {subprocess.py:93} INFO - ✅ Sent to ecommerce.cart.add: add_to_cart (partition: 0, offset: 3615)
[2025-06-09T16:25:09.512+0000] {subprocess.py:93} INFO - ✅ Sent to ecommerce.cart.add: add_to_cart (partition: 0, offset: 3616)
[2025-06-09T16:25:09.512+0000] {subprocess.py:93} INFO - ✅ Sent to ecommerce.product.views: product_view (partition: 0, offset: 12591)
[2025-06-09T16:25:09.512+0000] {subprocess.py:93} INFO - ✅ Sent to ecommerce.cart.add: add_to_cart (partition: 0, offset: 3617)
[2025-06-09T16:25:09.513+0000] {subprocess.py:93} INFO - ✅ Sent to ecommerce.product.views: product_view (partition: 0, offset: 12592)
[2025-06-09T16:25:09.513+0000] {subprocess.py:93} INFO - ✅ Sent to ecommerce.product.views: product_view (partition: 0, offset: 12593)
[2025-06-09T16:25:09.513+0000] {subprocess.py:93} INFO - ✅ Sent to ecommerce.product.views: product_view (partition: 0, offset: 12594)
[2025-06-09T16:25:09.513+0000] {subprocess.py:93} INFO - ✅ Sent to ecommerce.product.views: product_view (partition: 0, offset: 12595)
[2025-06-09T16:25:09.516+0000] {subprocess.py:93} INFO - ✅ Sent to ecommerce.wishlist.add: add_to_wishlist (partition: 0, offset: 1386)
[2025-06-09T16:25:09.518+0000] {subprocess.py:93} INFO - ✅ Sent to ecommerce.wishlist.add: add_to_wishlist (partition: 0, offset: 1387)
[2025-06-09T16:25:09.518+0000] {subprocess.py:93} INFO - ✅ Sent to ecommerce.cart.add: add_to_cart (partition: 0, offset: 3618)
[2025-06-09T16:25:09.521+0000] {subprocess.py:93} INFO - ✅ Sent to ecommerce.product.views: product_view (partition: 0, offset: 12596)
[2025-06-09T16:25:09.522+0000] {subprocess.py:93} INFO - ✅ Sent to ecommerce.product.views: product_view (partition: 0, offset: 12597)
[2025-06-09T16:25:09.522+0000] {subprocess.py:93} INFO - ✅ Sent to ecommerce.wishlist.add: add_to_wishlist (partition: 0, offset: 1388)
[2025-06-09T16:25:09.522+0000] {subprocess.py:93} INFO - ✅ Sent to ecommerce.product.views: product_view (partition: 0, offset: 12598)
[2025-06-09T16:25:09.522+0000] {subprocess.py:93} INFO - ✅ Sent to ecommerce.cart.add: add_to_cart (partition: 0, offset: 3619)
[2025-06-09T16:25:09.523+0000] {subprocess.py:93} INFO - ✅ Sent to ecommerce.product.views: product_view (partition: 0, offset: 12599)
[2025-06-09T16:25:09.523+0000] {subprocess.py:93} INFO - ✅ Sent to ecommerce.cart.add: add_to_cart (partition: 0, offset: 3620)
[2025-06-09T16:25:09.523+0000] {subprocess.py:93} INFO - 📊 Progress: 50s elapsed, 250 events sent (5.0 events/sec)
[2025-06-09T16:25:09.523+0000] {subprocess.py:93} INFO - ✅ Sent to ecommerce.product.views: product_view (partition: 0, offset: 12600)
[2025-06-09T16:25:09.526+0000] {subprocess.py:93} INFO - ✅ Sent to ecommerce.product.views: product_view (partition: 0, offset: 12601)
[2025-06-09T16:25:09.527+0000] {subprocess.py:93} INFO - ✅ Sent to ecommerce.wishlist.add: add_to_wishlist (partition: 0, offset: 1389)
[2025-06-09T16:25:09.527+0000] {subprocess.py:93} INFO - ✅ Sent to ecommerce.product.views: product_view (partition: 0, offset: 12602)
[2025-06-09T16:25:09.527+0000] {subprocess.py:93} INFO - ✅ Sent to ecommerce.product.views: product_view (partition: 0, offset: 12603)
[2025-06-09T16:25:09.528+0000] {subprocess.py:93} INFO - ✅ Sent to ecommerce.product.views: product_view (partition: 0, offset: 12604)
[2025-06-09T16:25:09.528+0000] {subprocess.py:93} INFO - ✅ Sent to ecommerce.product.views: product_view (partition: 0, offset: 12605)
[2025-06-09T16:25:09.528+0000] {subprocess.py:93} INFO - ✅ Sent to ecommerce.wishlist.add: add_to_wishlist (partition: 0, offset: 1390)
[2025-06-09T16:25:09.529+0000] {subprocess.py:93} INFO - ✅ Sent to ecommerce.product.views: product_view (partition: 0, offset: 12606)
[2025-06-09T16:25:09.530+0000] {subprocess.py:93} INFO - ✅ Sent to ecommerce.wishlist.add: add_to_wishlist (partition: 0, offset: 1391)
[2025-06-09T16:25:09.532+0000] {subprocess.py:93} INFO - ✅ Sent to ecommerce.product.views: product_view (partition: 0, offset: 12607)
[2025-06-09T16:25:09.532+0000] {subprocess.py:93} INFO - ✅ Sent to ecommerce.cart.add: add_to_cart (partition: 0, offset: 3621)
[2025-06-09T16:25:09.533+0000] {subprocess.py:93} INFO - ✅ Sent to ecommerce.product.views: product_view (partition: 0, offset: 12608)
[2025-06-09T16:25:09.533+0000] {subprocess.py:93} INFO - ✅ Sent to ecommerce.product.views: product_view (partition: 0, offset: 12609)
[2025-06-09T16:25:09.541+0000] {subprocess.py:93} INFO - ✅ Sent to ecommerce.product.views: product_view (partition: 0, offset: 12610)
[2025-06-09T16:25:09.545+0000] {subprocess.py:93} INFO - ✅ Sent to ecommerce.wishlist.add: add_to_wishlist (partition: 0, offset: 1392)
[2025-06-09T16:25:09.549+0000] {subprocess.py:93} INFO - ✅ Sent to ecommerce.product.views: product_view (partition: 0, offset: 12611)
[2025-06-09T16:25:09.550+0000] {subprocess.py:93} INFO - ✅ Sent to ecommerce.cart.add: add_to_cart (partition: 0, offset: 3622)
[2025-06-09T16:25:09.551+0000] {subprocess.py:93} INFO - ✅ Sent to ecommerce.product.views: product_view (partition: 0, offset: 12612)
[2025-06-09T16:25:09.554+0000] {subprocess.py:93} INFO - ✅ Sent to ecommerce.product.views: product_view (partition: 0, offset: 12613)
[2025-06-09T16:25:09.554+0000] {subprocess.py:93} INFO - ✅ Sent to ecommerce.product.views: product_view (partition: 0, offset: 12614)
[2025-06-09T16:25:09.554+0000] {subprocess.py:93} INFO - ✅ Sent to ecommerce.product.views: product_view (partition: 0, offset: 12615)
[2025-06-09T16:25:09.555+0000] {subprocess.py:93} INFO - ✅ Sent to ecommerce.cart.add: add_to_cart (partition: 0, offset: 3623)
[2025-06-09T16:25:09.555+0000] {subprocess.py:93} INFO - ✅ Sent to ecommerce.wishlist.add: add_to_wishlist (partition: 0, offset: 1393)
[2025-06-09T16:25:09.555+0000] {subprocess.py:93} INFO - ✅ Sent to ecommerce.wishlist.add: add_to_wishlist (partition: 0, offset: 1394)
[2025-06-09T16:25:09.555+0000] {subprocess.py:93} INFO - ✅ Sent to ecommerce.product.views: product_view (partition: 0, offset: 12616)
[2025-06-09T16:25:09.556+0000] {subprocess.py:93} INFO - ✅ Sent to ecommerce.cart.add: add_to_cart (partition: 0, offset: 3624)
[2025-06-09T16:25:09.556+0000] {subprocess.py:93} INFO - ✅ Sent to ecommerce.product.views: product_view (partition: 0, offset: 12617)
[2025-06-09T16:25:09.557+0000] {subprocess.py:93} INFO - ✅ Sent to ecommerce.orders.completed: order_completed (partition: 0, offset: 340)
[2025-06-09T16:25:09.557+0000] {subprocess.py:93} INFO - ✅ Sent to ecommerce.cart.add: add_to_cart (partition: 0, offset: 3625)
[2025-06-09T16:25:09.557+0000] {subprocess.py:93} INFO - ✅ Sent to ecommerce.product.views: product_view (partition: 0, offset: 12618)
[2025-06-09T16:25:09.557+0000] {subprocess.py:93} INFO - ✅ Sent to ecommerce.product.views: product_view (partition: 0, offset: 12619)
[2025-06-09T16:25:09.558+0000] {subprocess.py:93} INFO - ✅ Sent to ecommerce.cart.add: add_to_cart (partition: 0, offset: 3626)
[2025-06-09T16:25:09.558+0000] {subprocess.py:93} INFO - ✅ Sent to ecommerce.product.views: product_view (partition: 0, offset: 12620)
[2025-06-09T16:25:09.559+0000] {subprocess.py:93} INFO - ✅ Sent to ecommerce.product.views: product_view (partition: 0, offset: 12621)
[2025-06-09T16:25:09.559+0000] {subprocess.py:93} INFO - ✅ Sent to ecommerce.product.views: product_view (partition: 0, offset: 12622)
[2025-06-09T16:25:09.559+0000] {subprocess.py:93} INFO - ✅ Sent to ecommerce.cart.add: add_to_cart (partition: 0, offset: 3627)
[2025-06-09T16:25:09.560+0000] {subprocess.py:93} INFO - ✅ Sent to ecommerce.product.views: product_view (partition: 0, offset: 12623)
[2025-06-09T16:25:09.560+0000] {subprocess.py:93} INFO - ✅ Sent to ecommerce.product.views: product_view (partition: 0, offset: 12624)
[2025-06-09T16:25:12.472+0000] {subprocess.py:93} INFO - ✅ Sent to ecommerce.cart.add: add_to_cart (partition: 0, offset: 3628)
[2025-06-09T16:25:12.478+0000] {subprocess.py:93} INFO - ✅ Sent to ecommerce.product.views: product_view (partition: 0, offset: 12625)
[2025-06-09T16:25:12.478+0000] {subprocess.py:93} INFO - ✅ Sent to ecommerce.cart.add: add_to_cart (partition: 0, offset: 3629)
[2025-06-09T16:25:12.479+0000] {subprocess.py:93} INFO - ✅ Sent to ecommerce.product.views: product_view (partition: 0, offset: 12626)
[2025-06-09T16:25:12.479+0000] {subprocess.py:93} INFO - ✅ Sent to ecommerce.product.views: product_view (partition: 0, offset: 12627)
[2025-06-09T16:25:12.479+0000] {subprocess.py:93} INFO - ✅ Sent to ecommerce.product.views: product_view (partition: 0, offset: 12628)
[2025-06-09T16:25:12.479+0000] {subprocess.py:93} INFO - ✅ Sent to ecommerce.product.views: product_view (partition: 0, offset: 12629)
[2025-06-09T16:25:12.480+0000] {subprocess.py:93} INFO - ✅ Sent to ecommerce.cart.add: add_to_cart (partition: 0, offset: 3630)
[2025-06-09T16:25:12.480+0000] {subprocess.py:93} INFO - ✅ Sent to ecommerce.product.views: product_view (partition: 0, offset: 12630)
[2025-06-09T16:25:12.480+0000] {subprocess.py:93} INFO - ✅ Sent to ecommerce.product.views: product_view (partition: 0, offset: 12631)
[2025-06-09T16:25:12.481+0000] {subprocess.py:93} INFO - ✅ Sent to ecommerce.product.views: product_view (partition: 0, offset: 12632)
[2025-06-09T16:25:12.481+0000] {subprocess.py:93} INFO - 📊 Progress: 60s elapsed, 300 events sent (5.0 events/sec)
[2025-06-09T16:25:12.482+0000] {subprocess.py:93} INFO - 🏁 Simulation completed: 300 events in 60.2 seconds (5.0 events/sec)
[2025-06-09T16:25:12.483+0000] {subprocess.py:93} INFO - ✅ Producer closed successfully
[2025-06-09T16:25:12.577+0000] {subprocess.py:97} INFO - Command exited with return code 0
[2025-06-09T16:25:12.666+0000] {taskinstance.py:1138} INFO - Marking task as SUCCESS. dag_id=kafka_ecommerce_pipeline, task_id=run_kafka_producer, execution_date=20250609T162300, start_date=20250609T162411, end_date=20250609T162512
[2025-06-09T16:25:12.716+0000] {local_task_job_runner.py:234} INFO - Task exited with return code 0
[2025-06-09T16:25:12.783+0000] {taskinstance.py:3280} INFO - 0 downstream tasks scheduled from follow-on schedule check
