[2025-06-09T06:36:57.310+0000] {taskinstance.py:1956} INFO - Dependencies all met for dep_context=non-requeueable deps ti=<TaskInstance: kafka_ecommerce_pipeline.verify_pipeline_results scheduled__2025-06-09T06:30:00+00:00 [queued]>
[2025-06-09T06:36:57.315+0000] {taskinstance.py:1956} INFO - Dependencies all met for dep_context=requeueable deps ti=<TaskInstance: kafka_ecommerce_pipeline.verify_pipeline_results scheduled__2025-06-09T06:30:00+00:00 [queued]>
[2025-06-09T06:36:57.315+0000] {taskinstance.py:2170} INFO - Starting attempt 1 of 3
[2025-06-09T06:36:57.321+0000] {taskinstance.py:2191} INFO - Executing <Task(PythonOperator): verify_pipeline_results> on 2025-06-09 06:30:00+00:00
[2025-06-09T06:36:57.326+0000] {standard_task_runner.py:60} INFO - Started process 1214 to run task
[2025-06-09T06:36:57.333+0000] {standard_task_runner.py:87} INFO - Running: ['***', 'tasks', 'run', 'kafka_ecommerce_pipeline', 'verify_pipeline_results', 'scheduled__2025-06-09T06:30:00+00:00', '--job-id', '57', '--raw', '--subdir', 'DAGS_FOLDER/kafka_data_pipeline.py', '--cfg-path', '/tmp/tmpl9wbgaq3']
[2025-06-09T06:36:57.337+0000] {standard_task_runner.py:88} INFO - Job 57: Subtask verify_pipeline_results
[2025-06-09T06:36:57.388+0000] {task_command.py:423} INFO - Running <TaskInstance: kafka_ecommerce_pipeline.verify_pipeline_results scheduled__2025-06-09T06:30:00+00:00 [running]> on host 214da608bc37
[2025-06-09T06:36:57.444+0000] {taskinstance.py:2480} INFO - Exporting env vars: AIRFLOW_CTX_DAG_OWNER='data-engineering-team' AIRFLOW_CTX_DAG_ID='kafka_ecommerce_pipeline' AIRFLOW_CTX_TASK_ID='verify_pipeline_results' AIRFLOW_CTX_EXECUTION_DATE='2025-06-09T06:30:00+00:00' AIRFLOW_CTX_TRY_NUMBER='1' AIRFLOW_CTX_DAG_RUN_ID='scheduled__2025-06-09T06:30:00+00:00'
[2025-06-09T06:36:57.446+0000] {kafka_data_pipeline.py:175} INFO - 📊 Pipeline Results:
[2025-06-09T06:36:57.446+0000] {kafka_data_pipeline.py:176} INFO -    👀 Total Views: 79
[2025-06-09T06:36:57.446+0000] {kafka_data_pipeline.py:177} INFO -    🛒 Total Cart Adds: 28
[2025-06-09T06:36:57.446+0000] {kafka_data_pipeline.py:178} INFO -    ❤️ Total Wishlist Adds: 15
[2025-06-09T06:36:57.447+0000] {kafka_data_pipeline.py:179} INFO -    📦 Total Orders: 18
[2025-06-09T06:36:57.447+0000] {kafka_data_pipeline.py:180} INFO -    💰 Total Revenue: $36819.42
[2025-06-09T06:36:57.447+0000] {kafka_data_pipeline.py:181} INFO -    🕐 Last Updated: 2025-06-09T06:36:53.353460
[2025-06-09T06:36:57.447+0000] {kafka_data_pipeline.py:186} INFO - 🔥 Recent Orders:
[2025-06-09T06:36:57.447+0000] {kafka_data_pipeline.py:189} INFO -    • order_89106: $559.96 (2 items)
[2025-06-09T06:36:57.447+0000] {kafka_data_pipeline.py:189} INFO -    • order_24119: $1999.99 (1 items)
[2025-06-09T06:36:57.447+0000] {kafka_data_pipeline.py:189} INFO -    • order_17004: $299.98 (1 items)
[2025-06-09T06:36:57.447+0000] {kafka_data_pipeline.py:189} INFO -    • order_78370: $2299.96 (2 items)
[2025-06-09T06:36:57.447+0000] {kafka_data_pipeline.py:189} INFO -    • order_41744: $2399.97 (2 items)
[2025-06-09T06:36:57.448+0000] {kafka_data_pipeline.py:194} INFO - ✅ Pipeline completed successfully - Last activity: 2025-06-09T06:36:53.357828
[2025-06-09T06:36:57.448+0000] {python.py:201} INFO - Done. Returned value was: None
[2025-06-09T06:36:57.453+0000] {taskinstance.py:1138} INFO - Marking task as SUCCESS. dag_id=kafka_ecommerce_pipeline, task_id=verify_pipeline_results, execution_date=20250609T063000, start_date=20250609T063657, end_date=20250609T063657
[2025-06-09T06:36:57.479+0000] {local_task_job_runner.py:234} INFO - Task exited with return code 0
[2025-06-09T06:36:57.494+0000] {taskinstance.py:3280} INFO - 1 downstream tasks scheduled from follow-on schedule check
