[2025-06-09T16:19:00.837+0000] {taskinstance.py:1956} INFO - Dependencies all met for dep_context=non-requeueable deps ti=<TaskInstance: kafka_ecommerce_pipeline.cleanup_and_complete scheduled__2025-06-09T16:16:00+00:00 [queued]>
[2025-06-09T16:19:00.843+0000] {taskinstance.py:1956} INFO - Dependencies all met for dep_context=requeueable deps ti=<TaskInstance: kafka_ecommerce_pipeline.cleanup_and_complete scheduled__2025-06-09T16:16:00+00:00 [queued]>
[2025-06-09T16:19:00.843+0000] {taskinstance.py:2170} INFO - Starting attempt 1 of 3
[2025-06-09T16:19:00.850+0000] {taskinstance.py:2191} INFO - Executing <Task(BashOperator): cleanup_and_complete> on 2025-06-09 16:16:00+00:00
[2025-06-09T16:19:00.856+0000] {standard_task_runner.py:60} INFO - Started process 4220 to run task
[2025-06-09T16:19:00.862+0000] {standard_task_runner.py:87} INFO - Running: ['***', 'tasks', 'run', 'kafka_ecommerce_pipeline', 'cleanup_and_complete', 'scheduled__2025-06-09T16:16:00+00:00', '--job-id', '478', '--raw', '--subdir', 'DAGS_FOLDER/kafka_data_pipeline.py', '--cfg-path', '/tmp/tmp3dmngil7']
[2025-06-09T16:19:00.866+0000] {standard_task_runner.py:88} INFO - Job 478: Subtask cleanup_and_complete
[2025-06-09T16:19:01.032+0000] {task_command.py:423} INFO - Running <TaskInstance: kafka_ecommerce_pipeline.cleanup_and_complete scheduled__2025-06-09T16:16:00+00:00 [running]> on host ed7c78a1ebb0
[2025-06-09T16:19:01.146+0000] {taskinstance.py:2480} INFO - Exporting env vars: AIRFLOW_CTX_DAG_OWNER='data-engineering-team' AIRFLOW_CTX_DAG_ID='kafka_ecommerce_pipeline' AIRFLOW_CTX_TASK_ID='cleanup_and_complete' AIRFLOW_CTX_EXECUTION_DATE='2025-06-09T16:16:00+00:00' AIRFLOW_CTX_TRY_NUMBER='1' AIRFLOW_CTX_DAG_RUN_ID='scheduled__2025-06-09T16:16:00+00:00'
[2025-06-09T16:19:01.148+0000] {subprocess.py:63} INFO - Tmp dir root location: /tmp
[2025-06-09T16:19:01.151+0000] {subprocess.py:75} INFO - Running command: ['/usr/bin/bash', '-c', '\necho "🧹 Performing cleanup..."\necho "📈 Kafka E-commerce Pipeline completed successfully at $(date)"\necho "🎯 Check Redis for real-time analytics data (Consumer is always running)"\necho "✅ DAG execution finished"']
[2025-06-09T16:19:01.170+0000] {subprocess.py:86} INFO - Output:
[2025-06-09T16:19:01.174+0000] {subprocess.py:93} INFO - 🧹 Performing cleanup...
[2025-06-09T16:19:01.178+0000] {subprocess.py:93} INFO - 📈 Kafka E-commerce Pipeline completed successfully at Mon Jun  9 16:19:01 UTC 2025
[2025-06-09T16:19:01.179+0000] {subprocess.py:93} INFO - 🎯 Check Redis for real-time analytics data (Consumer is always running)
[2025-06-09T16:19:01.179+0000] {subprocess.py:93} INFO - ✅ DAG execution finished
[2025-06-09T16:19:01.180+0000] {subprocess.py:97} INFO - Command exited with return code 0
[2025-06-09T16:19:01.231+0000] {taskinstance.py:1138} INFO - Marking task as SUCCESS. dag_id=kafka_ecommerce_pipeline, task_id=cleanup_and_complete, execution_date=20250609T161600, start_date=20250609T161900, end_date=20250609T161901
[2025-06-09T16:19:01.304+0000] {local_task_job_runner.py:234} INFO - Task exited with return code 0
[2025-06-09T16:19:01.322+0000] {taskinstance.py:3280} INFO - 0 downstream tasks scheduled from follow-on schedule check
