[2025-06-09T09:05:26.301+0000] {taskinstance.py:1956} INFO - Dependencies all met for dep_context=non-requeueable deps ti=<TaskInstance: kafka_ecommerce_pipeline.monitor_system_resources manual__2025-06-09T09:03:30.718220+00:00 [queued]>
[2025-06-09T09:05:26.307+0000] {taskinstance.py:1956} INFO - Dependencies all met for dep_context=requeueable deps ti=<TaskInstance: kafka_ecommerce_pipeline.monitor_system_resources manual__2025-06-09T09:03:30.718220+00:00 [queued]>
[2025-06-09T09:05:26.307+0000] {taskinstance.py:2170} INFO - Starting attempt 1 of 3
[2025-06-09T09:05:26.314+0000] {taskinstance.py:2191} INFO - Executing <Task(BashOperator): monitor_system_resources> on 2025-06-09 09:03:30.718220+00:00
[2025-06-09T09:05:26.317+0000] {standard_task_runner.py:60} INFO - Started process 268 to run task
[2025-06-09T09:05:26.320+0000] {standard_task_runner.py:87} INFO - Running: ['***', 'tasks', 'run', 'kafka_ecommerce_pipeline', 'monitor_system_resources', 'manual__2025-06-09T09:03:30.718220+00:00', '--job-id', '8', '--raw', '--subdir', 'DAGS_FOLDER/kafka_data_pipeline.py', '--cfg-path', '/tmp/tmp3hp_s8_s']
[2025-06-09T09:05:26.321+0000] {standard_task_runner.py:88} INFO - Job 8: Subtask monitor_system_resources
[2025-06-09T09:05:26.352+0000] {task_command.py:423} INFO - Running <TaskInstance: kafka_ecommerce_pipeline.monitor_system_resources manual__2025-06-09T09:03:30.718220+00:00 [running]> on host 93140bc61108
[2025-06-09T09:05:26.412+0000] {taskinstance.py:2480} INFO - Exporting env vars: AIRFLOW_CTX_DAG_OWNER='data-engineering-team' AIRFLOW_CTX_DAG_ID='kafka_ecommerce_pipeline' AIRFLOW_CTX_TASK_ID='monitor_system_resources' AIRFLOW_CTX_EXECUTION_DATE='2025-06-09T09:03:30.718220+00:00' AIRFLOW_CTX_TRY_NUMBER='1' AIRFLOW_CTX_DAG_RUN_ID='manual__2025-06-09T09:03:30.718220+00:00'
[2025-06-09T09:05:26.414+0000] {subprocess.py:63} INFO - Tmp dir root location: /tmp
[2025-06-09T09:05:26.418+0000] {subprocess.py:75} INFO - Running command: ['/usr/bin/bash', '-c', '\necho "💻 System Resource Usage:"\necho "Memory: $(free -h | grep Mem | awk \'{print $3 "/" $2}\')"\necho "Disk: $(df -h / | tail -1 | awk \'{print $3 "/" $2 " (" $5 " used)"}\')"\necho "Load: $(uptime | awk -F\'load average:\' \'{print $2}\')"']
[2025-06-09T09:05:26.439+0000] {subprocess.py:86} INFO - Output:
[2025-06-09T09:05:26.451+0000] {subprocess.py:93} INFO - 💻 System Resource Usage:
[2025-06-09T09:05:26.456+0000] {subprocess.py:93} INFO - /usr/bin/bash: line 3: free: command not found
[2025-06-09T09:05:26.458+0000] {subprocess.py:93} INFO - Memory:
[2025-06-09T09:05:26.464+0000] {subprocess.py:93} INFO - Disk: 9.4G/1007G (1% used)
[2025-06-09T09:05:26.466+0000] {subprocess.py:93} INFO - /usr/bin/bash: line 5: uptime: command not found
[2025-06-09T09:05:26.468+0000] {subprocess.py:93} INFO - Load:
[2025-06-09T09:05:26.469+0000] {subprocess.py:97} INFO - Command exited with return code 0
[2025-06-09T09:05:26.488+0000] {taskinstance.py:1138} INFO - Marking task as SUCCESS. dag_id=kafka_ecommerce_pipeline, task_id=monitor_system_resources, execution_date=20250609T090330, start_date=20250609T090526, end_date=20250609T090526
[2025-06-09T09:05:26.503+0000] {local_task_job_runner.py:234} INFO - Task exited with return code 0
[2025-06-09T09:05:26.518+0000] {taskinstance.py:3280} INFO - 1 downstream tasks scheduled from follow-on schedule check
