[2025-06-09T09:57:07.547+0000] {taskinstance.py:1956} INFO - Dependencies all met for dep_context=non-requeueable deps ti=<TaskInstance: kafka_ecommerce_pipeline.run_kafka_producer scheduled__2025-06-09T09:56:00+00:00 [queued]>
[2025-06-09T09:57:07.554+0000] {taskinstance.py:1956} INFO - Dependencies all met for dep_context=requeueable deps ti=<TaskInstance: kafka_ecommerce_pipeline.run_kafka_producer scheduled__2025-06-09T09:56:00+00:00 [queued]>
[2025-06-09T09:57:07.555+0000] {taskinstance.py:2170} INFO - Starting attempt 1 of 3
[2025-06-09T09:57:07.564+0000] {taskinstance.py:2191} INFO - Executing <Task(BashOperator): run_kafka_producer> on 2025-06-09 09:56:00+00:00
[2025-06-09T09:57:07.575+0000] {standard_task_runner.py:60} INFO - Started process 975 to run task
[2025-06-09T09:57:07.581+0000] {standard_task_runner.py:87} INFO - Running: ['***', 'tasks', 'run', 'kafka_ecommerce_pipeline', 'run_kafka_producer', 'scheduled__2025-06-09T09:56:00+00:00', '--job-id', '83', '--raw', '--subdir', 'DAGS_FOLDER/kafka_data_pipeline.py', '--cfg-path', '/tmp/tmphp58mc4o']
[2025-06-09T09:57:07.583+0000] {standard_task_runner.py:88} INFO - Job 83: Subtask run_kafka_producer
[2025-06-09T09:57:07.650+0000] {task_command.py:423} INFO - Running <TaskInstance: kafka_ecommerce_pipeline.run_kafka_producer scheduled__2025-06-09T09:56:00+00:00 [running]> on host e695025acf97
[2025-06-09T09:57:07.749+0000] {taskinstance.py:2480} INFO - Exporting env vars: AIRFLOW_CTX_DAG_OWNER='data-engineering-team' AIRFLOW_CTX_DAG_ID='kafka_ecommerce_pipeline' AIRFLOW_CTX_TASK_ID='run_kafka_producer' AIRFLOW_CTX_EXECUTION_DATE='2025-06-09T09:56:00+00:00' AIRFLOW_CTX_TRY_NUMBER='1' AIRFLOW_CTX_DAG_RUN_ID='scheduled__2025-06-09T09:56:00+00:00'
[2025-06-09T09:57:07.751+0000] {subprocess.py:63} INFO - Tmp dir root location: /tmp
[2025-06-09T09:57:07.752+0000] {subprocess.py:75} INFO - Running command: ['/usr/bin/bash', '-c', 'cd /opt/***/ecom_etl/ && python kafka_scripts/producer.py']
[2025-06-09T09:57:07.764+0000] {subprocess.py:86} INFO - Output:
[2025-06-09T09:57:08.096+0000] {subprocess.py:93} INFO - 🚀 Starting E-Commerce Event Producer
[2025-06-09T09:57:08.097+0000] {subprocess.py:93} INFO - 🔗 Kafka Bootstrap Servers: kafka:29092
[2025-06-09T09:57:08.098+0000] {subprocess.py:93} INFO - 🚀 Initializing Kafka producer with bootstrap servers: kafka:29092
[2025-06-09T09:57:08.127+0000] {subprocess.py:93} INFO - ⚠️ Error creating topics: [Error 36] TopicAlreadyExistsError: Request 'CreateTopicsRequest_v3(create_topic_requests=[(topic='ecommerce.product.views', num_partitions=3, replication_factor=1, replica_assignment=[], configs=[]), (topic='ecommerce.cart.add', num_partitions=3, replication_factor=1, replica_assignment=[], configs=[]), (topic='ecommerce.wishlist.add', num_partitions=3, replication_factor=1, replica_assignment=[], configs=[]), (topic='ecommerce.orders.completed', num_partitions=3, replication_factor=1, replica_assignment=[], configs=[])], timeout=30000, validate_only=False)' failed with response 'CreateTopicsResponse_v3(throttle_time_ms=0, topic_errors=[(topic='ecommerce.product.views', error_code=36, error_message="Topic 'ecommerce.product.views' already exists."), (topic='ecommerce.cart.add', error_code=36, error_message="Topic 'ecommerce.cart.add' already exists."), (topic='ecommerce.wishlist.add', error_code=36, error_message="Topic 'ecommerce.wishlist.add' already exists."), (topic='ecommerce.orders.completed', error_code=36, error_message="Topic 'ecommerce.orders.completed' already exists.")])'.
[2025-06-09T09:57:08.153+0000] {subprocess.py:93} INFO - ✅ Successfully connected to Kafka
[2025-06-09T09:57:08.153+0000] {subprocess.py:93} INFO - 📤 Sending 50 sample events...
[2025-06-09T09:57:08.243+0000] {subprocess.py:93} INFO - ✅ Sent to ecommerce.orders.completed: order_completed (partition: 2, offset: 29)
[2025-06-09T09:57:08.350+0000] {subprocess.py:93} INFO - ✅ Sent to ecommerce.product.views: product_view (partition: 2, offset: 104)
[2025-06-09T09:57:08.460+0000] {subprocess.py:93} INFO - ✅ Sent to ecommerce.product.views: product_view (partition: 1, offset: 94)
[2025-06-09T09:57:08.568+0000] {subprocess.py:93} INFO - ✅ Sent to ecommerce.cart.add: add_to_cart (partition: 1, offset: 45)
[2025-06-09T09:57:08.675+0000] {subprocess.py:93} INFO - ✅ Sent to ecommerce.product.views: product_view (partition: 0, offset: 77)
[2025-06-09T09:57:08.780+0000] {subprocess.py:93} INFO - ✅ Sent to ecommerce.product.views: product_view (partition: 1, offset: 95)
[2025-06-09T09:57:08.884+0000] {subprocess.py:93} INFO - ✅ Sent to ecommerce.cart.add: add_to_cart (partition: 0, offset: 43)
[2025-06-09T09:57:09.003+0000] {subprocess.py:93} INFO - ✅ Sent to ecommerce.wishlist.add: add_to_wishlist (partition: 2, offset: 33)
[2025-06-09T09:57:09.106+0000] {subprocess.py:93} INFO - ✅ Sent to ecommerce.product.views: product_view (partition: 2, offset: 105)
[2025-06-09T09:57:09.212+0000] {subprocess.py:93} INFO - ✅ Sent to ecommerce.cart.add: add_to_cart (partition: 0, offset: 44)
[2025-06-09T09:57:09.313+0000] {subprocess.py:93} INFO - 📊 Sent 10/50 events...
[2025-06-09T09:57:09.315+0000] {subprocess.py:93} INFO - ✅ Sent to ecommerce.orders.completed: order_completed (partition: 2, offset: 30)
[2025-06-09T09:57:09.420+0000] {subprocess.py:93} INFO - ✅ Sent to ecommerce.product.views: product_view (partition: 1, offset: 96)
[2025-06-09T09:57:09.526+0000] {subprocess.py:93} INFO - ✅ Sent to ecommerce.cart.add: add_to_cart (partition: 0, offset: 45)
[2025-06-09T09:57:09.636+0000] {subprocess.py:93} INFO - ✅ Sent to ecommerce.product.views: product_view (partition: 1, offset: 97)
[2025-06-09T09:57:09.745+0000] {subprocess.py:93} INFO - ✅ Sent to ecommerce.wishlist.add: add_to_wishlist (partition: 1, offset: 21)
[2025-06-09T09:57:09.853+0000] {subprocess.py:93} INFO - ✅ Sent to ecommerce.cart.add: add_to_cart (partition: 0, offset: 46)
[2025-06-09T09:57:09.958+0000] {subprocess.py:93} INFO - ✅ Sent to ecommerce.product.views: product_view (partition: 0, offset: 78)
[2025-06-09T09:57:10.063+0000] {subprocess.py:93} INFO - ✅ Sent to ecommerce.product.views: product_view (partition: 2, offset: 106)
[2025-06-09T09:57:10.166+0000] {subprocess.py:93} INFO - ✅ Sent to ecommerce.cart.add: add_to_cart (partition: 0, offset: 47)
[2025-06-09T09:57:10.276+0000] {subprocess.py:93} INFO - ✅ Sent to ecommerce.product.views: product_view (partition: 2, offset: 107)
[2025-06-09T09:57:10.377+0000] {subprocess.py:93} INFO - 📊 Sent 20/50 events...
[2025-06-09T09:57:10.384+0000] {subprocess.py:93} INFO - ✅ Sent to ecommerce.orders.completed: order_completed (partition: 0, offset: 13)
[2025-06-09T09:57:10.488+0000] {subprocess.py:93} INFO - ✅ Sent to ecommerce.wishlist.add: add_to_wishlist (partition: 0, offset: 23)
[2025-06-09T09:57:10.593+0000] {subprocess.py:93} INFO - ✅ Sent to ecommerce.product.views: product_view (partition: 0, offset: 79)
[2025-06-09T09:57:10.696+0000] {subprocess.py:93} INFO - ✅ Sent to ecommerce.product.views: product_view (partition: 0, offset: 80)
[2025-06-09T09:57:10.802+0000] {subprocess.py:93} INFO - ✅ Sent to ecommerce.cart.add: add_to_cart (partition: 2, offset: 55)
[2025-06-09T09:57:10.907+0000] {subprocess.py:93} INFO - ✅ Sent to ecommerce.product.views: product_view (partition: 1, offset: 98)
[2025-06-09T09:57:11.014+0000] {subprocess.py:93} INFO - ✅ Sent to ecommerce.product.views: product_view (partition: 0, offset: 81)
[2025-06-09T09:57:11.122+0000] {subprocess.py:93} INFO - ✅ Sent to ecommerce.cart.add: add_to_cart (partition: 2, offset: 56)
[2025-06-09T09:57:11.228+0000] {subprocess.py:93} INFO - ✅ Sent to ecommerce.wishlist.add: add_to_wishlist (partition: 1, offset: 22)
[2025-06-09T09:57:11.336+0000] {subprocess.py:93} INFO - ✅ Sent to ecommerce.product.views: product_view (partition: 2, offset: 108)
[2025-06-09T09:57:11.438+0000] {subprocess.py:93} INFO - 📊 Sent 30/50 events...
[2025-06-09T09:57:11.447+0000] {subprocess.py:93} INFO - ✅ Sent to ecommerce.orders.completed: order_completed (partition: 1, offset: 13)
[2025-06-09T09:57:11.558+0000] {subprocess.py:93} INFO - ✅ Sent to ecommerce.product.views: product_view (partition: 1, offset: 99)
[2025-06-09T09:57:11.667+0000] {subprocess.py:93} INFO - ✅ Sent to ecommerce.product.views: product_view (partition: 0, offset: 82)
[2025-06-09T09:57:11.774+0000] {subprocess.py:93} INFO - ✅ Sent to ecommerce.cart.add: add_to_cart (partition: 1, offset: 46)
[2025-06-09T09:57:11.881+0000] {subprocess.py:93} INFO - ✅ Sent to ecommerce.product.views: product_view (partition: 0, offset: 83)
[2025-06-09T09:57:11.984+0000] {subprocess.py:93} INFO - ✅ Sent to ecommerce.wishlist.add: add_to_wishlist (partition: 1, offset: 23)
[2025-06-09T09:57:12.089+0000] {subprocess.py:93} INFO - ✅ Sent to ecommerce.cart.add: add_to_cart (partition: 2, offset: 57)
[2025-06-09T09:57:12.194+0000] {subprocess.py:93} INFO - ✅ Sent to ecommerce.product.views: product_view (partition: 0, offset: 84)
[2025-06-09T09:57:12.299+0000] {subprocess.py:93} INFO - ✅ Sent to ecommerce.product.views: product_view (partition: 2, offset: 109)
[2025-06-09T09:57:12.404+0000] {subprocess.py:93} INFO - ✅ Sent to ecommerce.cart.add: add_to_cart (partition: 0, offset: 48)
[2025-06-09T09:57:12.507+0000] {subprocess.py:93} INFO - 📊 Sent 40/50 events...
[2025-06-09T09:57:12.514+0000] {subprocess.py:93} INFO - ✅ Sent to ecommerce.orders.completed: order_completed (partition: 0, offset: 14)
[2025-06-09T09:57:12.621+0000] {subprocess.py:93} INFO - ✅ Sent to ecommerce.product.views: product_view (partition: 1, offset: 100)
[2025-06-09T09:57:12.724+0000] {subprocess.py:93} INFO - ✅ Sent to ecommerce.wishlist.add: add_to_wishlist (partition: 0, offset: 24)
[2025-06-09T09:57:12.829+0000] {subprocess.py:93} INFO - ✅ Sent to ecommerce.product.views: product_view (partition: 2, offset: 110)
[2025-06-09T09:57:12.934+0000] {subprocess.py:93} INFO - ✅ Sent to ecommerce.product.views: product_view (partition: 2, offset: 111)
[2025-06-09T09:57:13.038+0000] {subprocess.py:93} INFO - ✅ Sent to ecommerce.cart.add: add_to_cart (partition: 2, offset: 58)
[2025-06-09T09:57:13.146+0000] {subprocess.py:93} INFO - ✅ Sent to ecommerce.product.views: product_view (partition: 0, offset: 85)
[2025-06-09T09:57:13.251+0000] {subprocess.py:93} INFO - ✅ Sent to ecommerce.product.views: product_view (partition: 0, offset: 86)
[2025-06-09T09:57:13.356+0000] {subprocess.py:93} INFO - ✅ Sent to ecommerce.cart.add: add_to_cart (partition: 2, offset: 59)
[2025-06-09T09:57:13.460+0000] {subprocess.py:93} INFO - ✅ Sent to ecommerce.wishlist.add: add_to_wishlist (partition: 1, offset: 24)
[2025-06-09T09:57:13.561+0000] {subprocess.py:93} INFO - 📊 Sent 50/50 events...
[2025-06-09T09:57:13.563+0000] {subprocess.py:93} INFO - ✅ Batch complete: 50 events sent successfully
[2025-06-09T09:57:13.565+0000] {subprocess.py:93} INFO - ✅ Producer closed successfully
[2025-06-09T09:57:13.659+0000] {subprocess.py:97} INFO - Command exited with return code 0
[2025-06-09T09:57:13.688+0000] {taskinstance.py:1138} INFO - Marking task as SUCCESS. dag_id=kafka_ecommerce_pipeline, task_id=run_kafka_producer, execution_date=20250609T095600, start_date=20250609T095707, end_date=20250609T095713
[2025-06-09T09:57:13.747+0000] {local_task_job_runner.py:234} INFO - Task exited with return code 0
[2025-06-09T09:57:13.778+0000] {taskinstance.py:3280} INFO - 1 downstream tasks scheduled from follow-on schedule check
