[2025-06-07T20:09:13.162+0000] {taskinstance.py:1956} INFO - Dependencies all met for dep_context=non-requeueable deps ti=<TaskInstance: drop_all_dag.drop_ods manual__2025-06-07T20:09:11.982670+00:00 [queued]>
[2025-06-07T20:09:13.173+0000] {taskinstance.py:1956} INFO - Dependencies all met for dep_context=requeueable deps ti=<TaskInstance: drop_all_dag.drop_ods manual__2025-06-07T20:09:11.982670+00:00 [queued]>
[2025-06-07T20:09:13.173+0000] {taskinstance.py:2170} INFO - Starting attempt 1 of 2
[2025-06-07T20:09:13.181+0000] {taskinstance.py:2191} INFO - Executing <Task(BashOperator): drop_ods> on 2025-06-07 20:09:11.982670+00:00
[2025-06-07T20:09:13.186+0000] {standard_task_runner.py:60} INFO - Started process 1832 to run task
[2025-06-07T20:09:13.197+0000] {standard_task_runner.py:87} INFO - Running: ['***', 'tasks', 'run', 'drop_all_dag', 'drop_ods', 'manual__2025-06-07T20:09:11.982670+00:00', '--job-id', '62', '--raw', '--subdir', 'DAGS_FOLDER/drop_all_dag.py', '--cfg-path', '/tmp/tmp5sngl9jw']
[2025-06-07T20:09:13.199+0000] {standard_task_runner.py:88} INFO - Job 62: Subtask drop_ods
[2025-06-07T20:09:13.266+0000] {task_command.py:423} INFO - Running <TaskInstance: drop_all_dag.drop_ods manual__2025-06-07T20:09:11.982670+00:00 [running]> on host c183c35f0e34
[2025-06-07T20:09:13.331+0000] {taskinstance.py:2480} INFO - Exporting env vars: AIRFLOW_CTX_DAG_OWNER='***' AIRFLOW_CTX_DAG_ID='drop_all_dag' AIRFLOW_CTX_TASK_ID='drop_ods' AIRFLOW_CTX_EXECUTION_DATE='2025-06-07T20:09:11.982670+00:00' AIRFLOW_CTX_TRY_NUMBER='1' AIRFLOW_CTX_DAG_RUN_ID='manual__2025-06-07T20:09:11.982670+00:00'
[2025-06-07T20:09:13.333+0000] {subprocess.py:63} INFO - Tmp dir root location: /tmp
[2025-06-07T20:09:13.335+0000] {subprocess.py:75} INFO - Running command: ['/usr/bin/bash', '-c', 'cd /opt/***/ecom_etl && python drop_ods.py']
[2025-06-07T20:09:13.342+0000] {subprocess.py:86} INFO - Output:
[2025-06-07T20:09:21.852+0000] {subprocess.py:93} INFO - 📍 Connected to ECOM_ODS.PUBLIC schema
[2025-06-07T20:09:21.860+0000] {subprocess.py:93} INFO - ✅ Table 'ODS_GEOLOCATION' dropped successfully.
[2025-06-07T20:09:21.860+0000] {subprocess.py:93} INFO - ✅ Table 'ODS_CUSTOMERS' dropped successfully.
[2025-06-07T20:09:21.860+0000] {subprocess.py:93} INFO - ✅ Table 'ODS_SELLERS' dropped successfully.
[2025-06-07T20:09:21.861+0000] {subprocess.py:93} INFO - ✅ Table 'ODS_ORDERS' dropped successfully.
[2025-06-07T20:09:21.861+0000] {subprocess.py:93} INFO - ✅ Table 'ODS_PRODUCTS' dropped successfully.
[2025-06-07T20:09:21.861+0000] {subprocess.py:93} INFO - ✅ Table 'ODS_ORDER_ITEMS' dropped successfully.
[2025-06-07T20:09:21.861+0000] {subprocess.py:93} INFO - ✅ Table 'ODS_ORDER_PAYMENTS' dropped successfully.
[2025-06-07T20:09:21.861+0000] {subprocess.py:93} INFO - ✅ Table 'ODS_ORDER_REVIEWS' dropped successfully.
[2025-06-07T20:09:21.862+0000] {subprocess.py:93} INFO - ✅ Table 'ODS_PRODUCT_CATEGORY_TRANSLATION' dropped successfully.
[2025-06-07T20:09:21.862+0000] {subprocess.py:93} INFO - 
[2025-06-07T20:09:21.862+0000] {subprocess.py:93} INFO - 🎯 Summary: 9/9 tables dropped successfully.
[2025-06-07T20:09:21.862+0000] {subprocess.py:93} INFO - 🔌 Connection closed.
[2025-06-07T20:09:22.036+0000] {subprocess.py:97} INFO - Command exited with return code 0
[2025-06-07T20:09:22.087+0000] {taskinstance.py:1138} INFO - Marking task as SUCCESS. dag_id=drop_all_dag, task_id=drop_ods, execution_date=20250607T200911, start_date=20250607T200913, end_date=20250607T200922
[2025-06-07T20:09:22.119+0000] {local_task_job_runner.py:234} INFO - Task exited with return code 0
[2025-06-07T20:09:22.160+0000] {taskinstance.py:3280} INFO - 1 downstream tasks scheduled from follow-on schedule check
