[2025-06-09T05:38:47.957+0000] {taskinstance.py:1956} INFO - Dependencies all met for dep_context=non-requeueable deps ti=<TaskInstance: kafka_ecommerce_pipeline.run_kafka_consumer scheduled__2025-06-09T05:30:00+00:00 [queued]>
[2025-06-09T05:38:47.962+0000] {taskinstance.py:1956} INFO - Dependencies all met for dep_context=requeueable deps ti=<TaskInstance: kafka_ecommerce_pipeline.run_kafka_consumer scheduled__2025-06-09T05:30:00+00:00 [queued]>
[2025-06-09T05:38:47.962+0000] {taskinstance.py:2170} INFO - Starting attempt 1 of 3
[2025-06-09T05:38:47.967+0000] {taskinstance.py:2191} INFO - Executing <Task(BashOperator): run_kafka_consumer> on 2025-06-09 05:30:00+00:00
[2025-06-09T05:38:47.970+0000] {standard_task_runner.py:60} INFO - Started process 178 to run task
[2025-06-09T05:38:47.972+0000] {standard_task_runner.py:87} INFO - Running: ['***', 'tasks', 'run', 'kafka_ecommerce_pipeline', 'run_kafka_consumer', 'scheduled__2025-06-09T05:30:00+00:00', '--job-id', '6', '--raw', '--subdir', 'DAGS_FOLDER/kafka_data_pipeline.py', '--cfg-path', '/tmp/tmpqn3e1d_e']
[2025-06-09T05:38:47.973+0000] {standard_task_runner.py:88} INFO - Job 6: Subtask run_kafka_consumer
[2025-06-09T05:38:48.002+0000] {task_command.py:423} INFO - Running <TaskInstance: kafka_ecommerce_pipeline.run_kafka_consumer scheduled__2025-06-09T05:30:00+00:00 [running]> on host 045789bdf773
[2025-06-09T05:38:48.039+0000] {taskinstance.py:2480} INFO - Exporting env vars: AIRFLOW_CTX_DAG_OWNER='data-engineering-team' AIRFLOW_CTX_DAG_ID='kafka_ecommerce_pipeline' AIRFLOW_CTX_TASK_ID='run_kafka_consumer' AIRFLOW_CTX_EXECUTION_DATE='2025-06-09T05:30:00+00:00' AIRFLOW_CTX_TRY_NUMBER='1' AIRFLOW_CTX_DAG_RUN_ID='scheduled__2025-06-09T05:30:00+00:00'
[2025-06-09T05:38:48.040+0000] {subprocess.py:63} INFO - Tmp dir root location: /tmp
[2025-06-09T05:38:48.041+0000] {subprocess.py:75} INFO - Running command: ['/usr/bin/bash', '-c', 'cd /opt/***/ecom_etl/ && python kafka_scripts/consumer.py']
[2025-06-09T05:38:48.049+0000] {subprocess.py:86} INFO - Output:
[2025-06-09T05:38:48.252+0000] {subprocess.py:93} INFO - 🚀 Starting E-Commerce Event Consumer
[2025-06-09T05:38:48.253+0000] {subprocess.py:93} INFO - 🔗 Kafka: kafka:29092
[2025-06-09T05:38:48.254+0000] {subprocess.py:93} INFO - 🔴 Redis: redis:6379
[2025-06-09T05:38:48.255+0000] {subprocess.py:93} INFO - 🚀 Initializing Kafka consumer with bootstrap servers: kafka:29092
[2025-06-09T05:38:48.255+0000] {subprocess.py:93} INFO - 🔌 Connecting to Redis at redis:6379
[2025-06-09T05:38:48.255+0000] {subprocess.py:93} INFO - 2025-06-09 05:38:48,254 - kafka.conn - INFO - <BrokerConnection client_id=kafka-python-2.2.11, node_id=bootstrap-0 host=kafka:29092 <connecting> [IPv4 ('172.18.0.6', 29092)]>: connecting to kafka:29092 [('172.18.0.6', 29092) IPv4]
[2025-06-09T05:38:48.266+0000] {subprocess.py:93} INFO - 2025-06-09 05:38:48,266 - kafka.conn - INFO - <BrokerConnection client_id=kafka-python-2.2.11, node_id=bootstrap-0 host=kafka:29092 <checking_api_versions_recv> [IPv4 ('172.18.0.6', 29092)]>: Broker version identified as 2.6
[2025-06-09T05:38:48.268+0000] {subprocess.py:93} INFO - 2025-06-09 05:38:48,266 - kafka.conn - INFO - <BrokerConnection client_id=kafka-python-2.2.11, node_id=bootstrap-0 host=kafka:29092 <connected> [IPv4 ('172.18.0.6', 29092)]>: Connection complete.
[2025-06-09T05:38:48.268+0000] {subprocess.py:93} INFO - 2025-06-09 05:38:48,266 - kafka.consumer.subscription_state - INFO - Updating subscribed topics to: ('ecommerce.product.views', 'ecommerce.cart.add', 'ecommerce.wishlist.add', 'ecommerce.orders.completed')
[2025-06-09T05:38:48.268+0000] {subprocess.py:93} INFO - ✅ Successfully connected to Kafka
[2025-06-09T05:38:48.269+0000] {subprocess.py:93} INFO - ✅ Successfully connected to Redis
[2025-06-09T05:38:48.270+0000] {subprocess.py:93} INFO - 📊 Loaded existing metrics: {'total_views': 0, 'total_cart_adds': 0, 'total_wishlist_adds': 0, 'total_orders': 0, 'total_revenue': 0.0}
[2025-06-09T05:38:48.270+0000] {subprocess.py:93} INFO - 🚀 Starting Kafka consumer...
[2025-06-09T05:38:48.270+0000] {subprocess.py:93} INFO - 📊 Topics: {'ecommerce.wishlist.add', 'ecommerce.product.views', 'ecommerce.cart.add', 'ecommerce.orders.completed'}
[2025-06-09T05:38:48.271+0000] {subprocess.py:93} INFO - 🔍 Will process up to 100 messages or run for 90 seconds
[2025-06-09T05:38:48.279+0000] {subprocess.py:93} INFO - 2025-06-09 05:38:48,278 - kafka.conn - INFO - <BrokerConnection client_id=kafka-python-2.2.11, node_id=1 host=kafka:29092 <connecting> [IPv4 ('172.18.0.6', 29092)]>: connecting to kafka:29092 [('172.18.0.6', 29092) IPv4]
[2025-06-09T05:38:48.280+0000] {subprocess.py:93} INFO - 2025-06-09 05:38:48,279 - kafka.conn - INFO - <BrokerConnection client_id=kafka-python-2.2.11, node_id=1 host=kafka:29092 <connected> [IPv4 ('172.18.0.6', 29092)]>: Connection complete.
[2025-06-09T05:38:48.280+0000] {subprocess.py:93} INFO - 2025-06-09 05:38:48,279 - kafka.conn - INFO - <BrokerConnection client_id=kafka-python-2.2.11, node_id=bootstrap-0 host=kafka:29092 <connected> [IPv4 ('172.18.0.6', 29092)]>: Closing connection.
[2025-06-09T05:38:48.397+0000] {subprocess.py:93} INFO - 2025-06-09 05:38:48,397 - kafka.cluster - INFO - Coordinator for group/ecommerce-analytics-20250609 is BrokerMetadata(nodeId='coordinator-1', host='kafka', port=29092, rack=None)
[2025-06-09T05:38:48.398+0000] {subprocess.py:93} INFO - 2025-06-09 05:38:48,397 - kafka.coordinator - INFO - Discovered coordinator coordinator-1 for group ecommerce-analytics-20250609
[2025-06-09T05:38:48.398+0000] {subprocess.py:93} INFO - 2025-06-09 05:38:48,397 - kafka.coordinator.heartbeat - INFO - Starting new heartbeat thread
[2025-06-09T05:38:48.399+0000] {subprocess.py:93} INFO - 2025-06-09 05:38:48,398 - kafka.coordinator.consumer - INFO - Revoking previously assigned partitions set() for group ecommerce-analytics-20250609
[2025-06-09T05:38:48.399+0000] {subprocess.py:93} INFO - 2025-06-09 05:38:48,398 - kafka.coordinator - INFO - Failed to join group ecommerce-analytics-20250609: NodeNotReadyError: coordinator-1
[2025-06-09T05:38:48.399+0000] {subprocess.py:93} INFO - 2025-06-09 05:38:48,399 - kafka.conn - INFO - <BrokerConnection client_id=kafka-python-2.2.11, node_id=coordinator-1 host=kafka:29092 <connecting> [IPv4 ('172.18.0.6', 29092)]>: connecting to kafka:29092 [('172.18.0.6', 29092) IPv4]
[2025-06-09T05:38:48.400+0000] {subprocess.py:93} INFO - 2025-06-09 05:38:48,400 - kafka.conn - INFO - <BrokerConnection client_id=kafka-python-2.2.11, node_id=coordinator-1 host=kafka:29092 <connected> [IPv4 ('172.18.0.6', 29092)]>: Connection complete.
[2025-06-09T05:38:48.505+0000] {subprocess.py:93} INFO - 2025-06-09 05:38:48,504 - kafka.coordinator - INFO - (Re-)joining group ecommerce-analytics-20250609
[2025-06-09T05:38:48.566+0000] {subprocess.py:93} INFO - 2025-06-09 05:38:48,566 - kafka.coordinator - INFO - Received member id kafka-python-2.2.11-06b91e2e-a3a3-4000-9875-b52062a07d95 for group ecommerce-analytics-20250609; will retry join-group
[2025-06-09T05:38:48.566+0000] {subprocess.py:93} INFO - 2025-06-09 05:38:48,566 - kafka.coordinator - INFO - Failed to join group ecommerce-analytics-20250609: [Error 79] MemberIdRequiredError
[2025-06-09T05:38:48.567+0000] {subprocess.py:93} INFO - 2025-06-09 05:38:48,566 - kafka.coordinator - INFO - (Re-)joining group ecommerce-analytics-20250609
[2025-06-09T05:38:51.648+0000] {subprocess.py:93} INFO - 2025-06-09 05:38:51,645 - kafka.coordinator - INFO - Successfully joined group ecommerce-analytics-20250609 <Generation 1 (member_id: kafka-python-2.2.11-06b91e2e-a3a3-4000-9875-b52062a07d95, protocol: range)>
[2025-06-09T05:38:51.655+0000] {subprocess.py:93} INFO - 2025-06-09 05:38:51,645 - kafka.coordinator - INFO - Elected group leader -- performing partition assignments using range
[2025-06-09T05:38:51.685+0000] {subprocess.py:93} INFO - 2025-06-09 05:38:51,684 - kafka.consumer.subscription_state - INFO - Updated partition assignment: [TopicPartition(topic='ecommerce.cart.add', partition=0), TopicPartition(topic='ecommerce.orders.completed', partition=0), TopicPartition(topic='ecommerce.product.views', partition=0), TopicPartition(topic='ecommerce.wishlist.add', partition=0)]
[2025-06-09T05:38:51.685+0000] {subprocess.py:93} INFO - 2025-06-09 05:38:51,684 - kafka.coordinator.consumer - INFO - Setting newly assigned partitions {TopicPartition(topic='ecommerce.orders.completed', partition=0), TopicPartition(topic='ecommerce.product.views', partition=0), TopicPartition(topic='ecommerce.wishlist.add', partition=0), TopicPartition(topic='ecommerce.cart.add', partition=0)} for group ecommerce-analytics-20250609
[2025-06-09T05:38:51.713+0000] {subprocess.py:93} INFO - 2025-06-09 05:38:51,712 - kafka.consumer.fetcher - INFO - Resetting offset for partition TopicPartition(topic='ecommerce.orders.completed', partition=0) to offset 1.
[2025-06-09T05:38:51.714+0000] {subprocess.py:93} INFO - 2025-06-09 05:38:51,713 - kafka.consumer.fetcher - INFO - Resetting offset for partition TopicPartition(topic='ecommerce.product.views', partition=0) to offset 12.
[2025-06-09T05:38:51.714+0000] {subprocess.py:93} INFO - 2025-06-09 05:38:51,713 - kafka.consumer.fetcher - INFO - Resetting offset for partition TopicPartition(topic='ecommerce.wishlist.add', partition=0) to offset 2.
[2025-06-09T05:38:51.715+0000] {subprocess.py:93} INFO - 2025-06-09 05:38:51,713 - kafka.consumer.fetcher - INFO - Resetting offset for partition TopicPartition(topic='ecommerce.cart.add', partition=0) to offset 5.
[2025-06-09T05:39:08.279+0000] {subprocess.py:93} INFO - ⏸️  No messages for 15.0s, checking for completion...
[2025-06-09T05:39:08.292+0000] {subprocess.py:93} INFO - 
[2025-06-09T05:39:08.293+0000] {subprocess.py:93} INFO - ============================================================
[2025-06-09T05:39:08.295+0000] {subprocess.py:93} INFO - 📊 REAL-TIME E-COMMERCE DASHBOARD
[2025-06-09T05:39:08.295+0000] {subprocess.py:93} INFO - ============================================================
[2025-06-09T05:39:08.296+0000] {subprocess.py:93} INFO - 👀 Total Views: 0
[2025-06-09T05:39:08.296+0000] {subprocess.py:93} INFO - 🛒 Total Cart Adds: 0
[2025-06-09T05:39:08.296+0000] {subprocess.py:93} INFO - ❤️  Total Wishlist Adds: 0
[2025-06-09T05:39:08.296+0000] {subprocess.py:93} INFO - 📦 Total Orders: 0
[2025-06-09T05:39:08.296+0000] {subprocess.py:93} INFO - 💰 Total Revenue: $0.0
[2025-06-09T05:39:08.297+0000] {subprocess.py:93} INFO - 🕐 Last Updated: 2025-06-09T05:39:08.285408
[2025-06-09T05:39:08.297+0000] {subprocess.py:93} INFO - ============================================================
[2025-06-09T05:39:13.291+0000] {subprocess.py:93} INFO - ⏸️  No messages for 20.0s, checking for completion...
[2025-06-09T05:39:13.305+0000] {subprocess.py:93} INFO - 
[2025-06-09T05:39:13.305+0000] {subprocess.py:93} INFO - ============================================================
[2025-06-09T05:39:13.306+0000] {subprocess.py:93} INFO - 📊 REAL-TIME E-COMMERCE DASHBOARD
[2025-06-09T05:39:13.306+0000] {subprocess.py:93} INFO - ============================================================
[2025-06-09T05:39:13.306+0000] {subprocess.py:93} INFO - 👀 Total Views: 0
[2025-06-09T05:39:13.307+0000] {subprocess.py:93} INFO - 🛒 Total Cart Adds: 0
[2025-06-09T05:39:13.307+0000] {subprocess.py:93} INFO - ❤️  Total Wishlist Adds: 0
[2025-06-09T05:39:13.307+0000] {subprocess.py:93} INFO - 📦 Total Orders: 0
[2025-06-09T05:39:13.307+0000] {subprocess.py:93} INFO - 💰 Total Revenue: $0.0
[2025-06-09T05:39:13.308+0000] {subprocess.py:93} INFO - 🕐 Last Updated: 2025-06-09T05:39:13.292373
[2025-06-09T05:39:13.308+0000] {subprocess.py:93} INFO - ============================================================
[2025-06-09T05:39:18.301+0000] {subprocess.py:93} INFO - ⏸️  No messages for 25.0s, checking for completion...
[2025-06-09T05:39:18.307+0000] {subprocess.py:93} INFO - 
[2025-06-09T05:39:18.307+0000] {subprocess.py:93} INFO - ============================================================
[2025-06-09T05:39:18.307+0000] {subprocess.py:93} INFO - 📊 REAL-TIME E-COMMERCE DASHBOARD
[2025-06-09T05:39:18.307+0000] {subprocess.py:93} INFO - ============================================================
[2025-06-09T05:39:18.307+0000] {subprocess.py:93} INFO - 👀 Total Views: 0
[2025-06-09T05:39:18.307+0000] {subprocess.py:93} INFO - 🛒 Total Cart Adds: 0
[2025-06-09T05:39:18.307+0000] {subprocess.py:93} INFO - ❤️  Total Wishlist Adds: 0
[2025-06-09T05:39:18.308+0000] {subprocess.py:93} INFO - 📦 Total Orders: 0
[2025-06-09T05:39:18.308+0000] {subprocess.py:93} INFO - 💰 Total Revenue: $0.0
[2025-06-09T05:39:18.308+0000] {subprocess.py:93} INFO - 🕐 Last Updated: 2025-06-09T05:39:18.301993
[2025-06-09T05:39:18.308+0000] {subprocess.py:93} INFO - ============================================================
[2025-06-09T05:39:23.306+0000] {subprocess.py:93} INFO - ⏸️  No messages for 30.0s, checking for completion...
[2025-06-09T05:39:23.312+0000] {subprocess.py:93} INFO - 
[2025-06-09T05:39:23.313+0000] {subprocess.py:93} INFO - ============================================================
[2025-06-09T05:39:23.313+0000] {subprocess.py:93} INFO - 📊 REAL-TIME E-COMMERCE DASHBOARD
[2025-06-09T05:39:23.313+0000] {subprocess.py:93} INFO - ============================================================
[2025-06-09T05:39:23.313+0000] {subprocess.py:93} INFO - 👀 Total Views: 0
[2025-06-09T05:39:23.313+0000] {subprocess.py:93} INFO - 🛒 Total Cart Adds: 0
[2025-06-09T05:39:23.314+0000] {subprocess.py:93} INFO - ❤️  Total Wishlist Adds: 0
[2025-06-09T05:39:23.314+0000] {subprocess.py:93} INFO - 📦 Total Orders: 0
[2025-06-09T05:39:23.314+0000] {subprocess.py:93} INFO - 💰 Total Revenue: $0.0
[2025-06-09T05:39:23.314+0000] {subprocess.py:93} INFO - 🕐 Last Updated: 2025-06-09T05:39:23.308876
[2025-06-09T05:39:23.314+0000] {subprocess.py:93} INFO - ============================================================
[2025-06-09T05:39:28.314+0000] {subprocess.py:93} INFO - ⏸️  No messages for 35.0s, checking for completion...
[2025-06-09T05:39:28.318+0000] {subprocess.py:93} INFO - 
[2025-06-09T05:39:28.318+0000] {subprocess.py:93} INFO - ============================================================
[2025-06-09T05:39:28.318+0000] {subprocess.py:93} INFO - 📊 REAL-TIME E-COMMERCE DASHBOARD
[2025-06-09T05:39:28.319+0000] {subprocess.py:93} INFO - ============================================================
[2025-06-09T05:39:28.319+0000] {subprocess.py:93} INFO - 👀 Total Views: 0
[2025-06-09T05:39:28.319+0000] {subprocess.py:93} INFO - 🛒 Total Cart Adds: 0
[2025-06-09T05:39:28.319+0000] {subprocess.py:93} INFO - ❤️  Total Wishlist Adds: 0
[2025-06-09T05:39:28.319+0000] {subprocess.py:93} INFO - 📦 Total Orders: 0
[2025-06-09T05:39:28.319+0000] {subprocess.py:93} INFO - 💰 Total Revenue: $0.0
[2025-06-09T05:39:28.320+0000] {subprocess.py:93} INFO - 🕐 Last Updated: 2025-06-09T05:39:28.317384
[2025-06-09T05:39:28.320+0000] {subprocess.py:93} INFO - ============================================================
[2025-06-09T05:39:33.321+0000] {subprocess.py:93} INFO - ⏸️  No messages for 40.0s, checking for completion...
[2025-06-09T05:39:33.326+0000] {subprocess.py:93} INFO - 
[2025-06-09T05:39:33.326+0000] {subprocess.py:93} INFO - ============================================================
[2025-06-09T05:39:33.326+0000] {subprocess.py:93} INFO - 📊 REAL-TIME E-COMMERCE DASHBOARD
[2025-06-09T05:39:33.326+0000] {subprocess.py:93} INFO - ============================================================
[2025-06-09T05:39:33.326+0000] {subprocess.py:93} INFO - 👀 Total Views: 0
[2025-06-09T05:39:33.327+0000] {subprocess.py:93} INFO - 🛒 Total Cart Adds: 0
[2025-06-09T05:39:33.327+0000] {subprocess.py:93} INFO - ❤️  Total Wishlist Adds: 0
[2025-06-09T05:39:33.327+0000] {subprocess.py:93} INFO - 📦 Total Orders: 0
[2025-06-09T05:39:33.327+0000] {subprocess.py:93} INFO - 💰 Total Revenue: $0.0
[2025-06-09T05:39:33.327+0000] {subprocess.py:93} INFO - 🕐 Last Updated: 2025-06-09T05:39:33.322962
[2025-06-09T05:39:33.327+0000] {subprocess.py:93} INFO - ============================================================
[2025-06-09T05:39:38.325+0000] {subprocess.py:93} INFO - ⏸️  No messages for 45.1s, checking for completion...
[2025-06-09T05:39:38.332+0000] {subprocess.py:93} INFO - 
[2025-06-09T05:39:38.333+0000] {subprocess.py:93} INFO - ============================================================
[2025-06-09T05:39:38.333+0000] {subprocess.py:93} INFO - 📊 REAL-TIME E-COMMERCE DASHBOARD
[2025-06-09T05:39:38.333+0000] {subprocess.py:93} INFO - ============================================================
[2025-06-09T05:39:38.333+0000] {subprocess.py:93} INFO - 👀 Total Views: 0
[2025-06-09T05:39:38.334+0000] {subprocess.py:93} INFO - 🛒 Total Cart Adds: 0
[2025-06-09T05:39:38.334+0000] {subprocess.py:93} INFO - ❤️  Total Wishlist Adds: 0
[2025-06-09T05:39:38.334+0000] {subprocess.py:93} INFO - 📦 Total Orders: 0
[2025-06-09T05:39:38.334+0000] {subprocess.py:93} INFO - 💰 Total Revenue: $0.0
[2025-06-09T05:39:38.334+0000] {subprocess.py:93} INFO - 🕐 Last Updated: 2025-06-09T05:39:38.328127
[2025-06-09T05:39:38.334+0000] {subprocess.py:93} INFO - ============================================================
[2025-06-09T05:39:43.329+0000] {subprocess.py:93} INFO - ⏸️  No messages for 50.1s, checking for completion...
[2025-06-09T05:39:43.342+0000] {subprocess.py:93} INFO - 
[2025-06-09T05:39:43.343+0000] {subprocess.py:93} INFO - ============================================================
[2025-06-09T05:39:43.343+0000] {subprocess.py:93} INFO - 📊 REAL-TIME E-COMMERCE DASHBOARD
[2025-06-09T05:39:43.343+0000] {subprocess.py:93} INFO - ============================================================
[2025-06-09T05:39:43.343+0000] {subprocess.py:93} INFO - 👀 Total Views: 0
[2025-06-09T05:39:43.343+0000] {subprocess.py:93} INFO - 🛒 Total Cart Adds: 0
[2025-06-09T05:39:43.343+0000] {subprocess.py:93} INFO - ❤️  Total Wishlist Adds: 0
[2025-06-09T05:39:43.344+0000] {subprocess.py:93} INFO - 📦 Total Orders: 0
[2025-06-09T05:39:43.344+0000] {subprocess.py:93} INFO - 💰 Total Revenue: $0.0
[2025-06-09T05:39:43.344+0000] {subprocess.py:93} INFO - 🕐 Last Updated: 2025-06-09T05:39:43.330969
[2025-06-09T05:39:43.344+0000] {subprocess.py:93} INFO - ============================================================
[2025-06-09T05:39:48.335+0000] {subprocess.py:93} INFO - ⏸️  No messages for 55.1s, checking for completion...
[2025-06-09T05:39:48.341+0000] {subprocess.py:93} INFO - 
[2025-06-09T05:39:48.341+0000] {subprocess.py:93} INFO - ============================================================
[2025-06-09T05:39:48.341+0000] {subprocess.py:93} INFO - 📊 REAL-TIME E-COMMERCE DASHBOARD
[2025-06-09T05:39:48.341+0000] {subprocess.py:93} INFO - ============================================================
[2025-06-09T05:39:48.342+0000] {subprocess.py:93} INFO - 👀 Total Views: 0
[2025-06-09T05:39:48.342+0000] {subprocess.py:93} INFO - 🛒 Total Cart Adds: 0
[2025-06-09T05:39:48.342+0000] {subprocess.py:93} INFO - ❤️  Total Wishlist Adds: 0
[2025-06-09T05:39:48.342+0000] {subprocess.py:93} INFO - 📦 Total Orders: 0
[2025-06-09T05:39:48.343+0000] {subprocess.py:93} INFO - 💰 Total Revenue: $0.0
[2025-06-09T05:39:48.343+0000] {subprocess.py:93} INFO - 🕐 Last Updated: 2025-06-09T05:39:48.337575
[2025-06-09T05:39:48.343+0000] {subprocess.py:93} INFO - ============================================================
[2025-06-09T05:39:53.342+0000] {subprocess.py:93} INFO - ⏸️  No messages for 60.1s, checking for completion...
[2025-06-09T05:39:53.362+0000] {subprocess.py:93} INFO - 
[2025-06-09T05:39:53.363+0000] {subprocess.py:93} INFO - ============================================================
[2025-06-09T05:39:53.363+0000] {subprocess.py:93} INFO - 📊 REAL-TIME E-COMMERCE DASHBOARD
[2025-06-09T05:39:53.363+0000] {subprocess.py:93} INFO - ============================================================
[2025-06-09T05:39:53.364+0000] {subprocess.py:93} INFO - 👀 Total Views: 0
[2025-06-09T05:39:53.364+0000] {subprocess.py:93} INFO - 🛒 Total Cart Adds: 0
[2025-06-09T05:39:53.364+0000] {subprocess.py:93} INFO - ❤️  Total Wishlist Adds: 0
[2025-06-09T05:39:53.365+0000] {subprocess.py:93} INFO - 📦 Total Orders: 0
[2025-06-09T05:39:53.365+0000] {subprocess.py:93} INFO - 💰 Total Revenue: $0.0
[2025-06-09T05:39:53.365+0000] {subprocess.py:93} INFO - 🕐 Last Updated: 2025-06-09T05:39:53.347178
[2025-06-09T05:39:53.366+0000] {subprocess.py:93} INFO - ============================================================
[2025-06-09T05:39:58.350+0000] {subprocess.py:93} INFO - ⏸️  No messages for 65.1s, checking for completion...
[2025-06-09T05:39:58.361+0000] {subprocess.py:93} INFO - 
[2025-06-09T05:39:58.361+0000] {subprocess.py:93} INFO - ============================================================
[2025-06-09T05:39:58.361+0000] {subprocess.py:93} INFO - 📊 REAL-TIME E-COMMERCE DASHBOARD
[2025-06-09T05:39:58.361+0000] {subprocess.py:93} INFO - ============================================================
[2025-06-09T05:39:58.361+0000] {subprocess.py:93} INFO - 👀 Total Views: 0
[2025-06-09T05:39:58.362+0000] {subprocess.py:93} INFO - 🛒 Total Cart Adds: 0
[2025-06-09T05:39:58.362+0000] {subprocess.py:93} INFO - ❤️  Total Wishlist Adds: 0
[2025-06-09T05:39:58.362+0000] {subprocess.py:93} INFO - 📦 Total Orders: 0
[2025-06-09T05:39:58.362+0000] {subprocess.py:93} INFO - 💰 Total Revenue: $0.0
[2025-06-09T05:39:58.362+0000] {subprocess.py:93} INFO - 🕐 Last Updated: 2025-06-09T05:39:58.352476
[2025-06-09T05:39:58.362+0000] {subprocess.py:93} INFO - ============================================================
[2025-06-09T05:40:03.362+0000] {subprocess.py:93} INFO - ⏸️  No messages for 70.1s, checking for completion...
[2025-06-09T05:40:03.373+0000] {subprocess.py:93} INFO - 
[2025-06-09T05:40:03.373+0000] {subprocess.py:93} INFO - ============================================================
[2025-06-09T05:40:03.374+0000] {subprocess.py:93} INFO - 📊 REAL-TIME E-COMMERCE DASHBOARD
[2025-06-09T05:40:03.374+0000] {subprocess.py:93} INFO - ============================================================
[2025-06-09T05:40:03.374+0000] {subprocess.py:93} INFO - 👀 Total Views: 0
[2025-06-09T05:40:03.374+0000] {subprocess.py:93} INFO - 🛒 Total Cart Adds: 0
[2025-06-09T05:40:03.375+0000] {subprocess.py:93} INFO - ❤️  Total Wishlist Adds: 0
[2025-06-09T05:40:03.375+0000] {subprocess.py:93} INFO - 📦 Total Orders: 0
[2025-06-09T05:40:03.375+0000] {subprocess.py:93} INFO - 💰 Total Revenue: $0.0
[2025-06-09T05:40:03.375+0000] {subprocess.py:93} INFO - 🕐 Last Updated: 2025-06-09T05:40:03.364664
[2025-06-09T05:40:03.375+0000] {subprocess.py:93} INFO - ============================================================
[2025-06-09T05:40:08.371+0000] {subprocess.py:93} INFO - ⏸️  No messages for 75.1s, checking for completion...
[2025-06-09T05:40:08.380+0000] {subprocess.py:93} INFO - 
[2025-06-09T05:40:08.381+0000] {subprocess.py:93} INFO - ============================================================
[2025-06-09T05:40:08.381+0000] {subprocess.py:93} INFO - 📊 REAL-TIME E-COMMERCE DASHBOARD
[2025-06-09T05:40:08.381+0000] {subprocess.py:93} INFO - ============================================================
[2025-06-09T05:40:08.382+0000] {subprocess.py:93} INFO - 👀 Total Views: 0
[2025-06-09T05:40:08.382+0000] {subprocess.py:93} INFO - 🛒 Total Cart Adds: 0
[2025-06-09T05:40:08.382+0000] {subprocess.py:93} INFO - ❤️  Total Wishlist Adds: 0
[2025-06-09T05:40:08.382+0000] {subprocess.py:93} INFO - 📦 Total Orders: 0
[2025-06-09T05:40:08.382+0000] {subprocess.py:93} INFO - 💰 Total Revenue: $0.0
[2025-06-09T05:40:08.383+0000] {subprocess.py:93} INFO - 🕐 Last Updated: 2025-06-09T05:40:08.373352
[2025-06-09T05:40:08.383+0000] {subprocess.py:93} INFO - ============================================================
[2025-06-09T05:40:13.374+0000] {subprocess.py:93} INFO - ⏸️  No messages for 80.1s, checking for completion...
[2025-06-09T05:40:13.379+0000] {subprocess.py:93} INFO - 
[2025-06-09T05:40:13.380+0000] {subprocess.py:93} INFO - ============================================================
[2025-06-09T05:40:13.382+0000] {subprocess.py:93} INFO - 📊 REAL-TIME E-COMMERCE DASHBOARD
[2025-06-09T05:40:13.382+0000] {subprocess.py:93} INFO - ============================================================
[2025-06-09T05:40:13.382+0000] {subprocess.py:93} INFO - 👀 Total Views: 0
[2025-06-09T05:40:13.383+0000] {subprocess.py:93} INFO - 🛒 Total Cart Adds: 0
[2025-06-09T05:40:13.384+0000] {subprocess.py:93} INFO - ❤️  Total Wishlist Adds: 0
[2025-06-09T05:40:13.384+0000] {subprocess.py:93} INFO - 📦 Total Orders: 0
[2025-06-09T05:40:13.384+0000] {subprocess.py:93} INFO - 💰 Total Revenue: $0.0
[2025-06-09T05:40:13.384+0000] {subprocess.py:93} INFO - 🕐 Last Updated: 2025-06-09T05:40:13.375989
[2025-06-09T05:40:13.384+0000] {subprocess.py:93} INFO - ============================================================
[2025-06-09T05:40:18.383+0000] {subprocess.py:93} INFO - ⏸️  No messages for 85.1s, checking for completion...
[2025-06-09T05:40:18.399+0000] {subprocess.py:93} INFO - 
[2025-06-09T05:40:18.400+0000] {subprocess.py:93} INFO - ============================================================
[2025-06-09T05:40:18.400+0000] {subprocess.py:93} INFO - 📊 REAL-TIME E-COMMERCE DASHBOARD
[2025-06-09T05:40:18.400+0000] {subprocess.py:93} INFO - ============================================================
[2025-06-09T05:40:18.401+0000] {subprocess.py:93} INFO - 👀 Total Views: 0
[2025-06-09T05:40:18.401+0000] {subprocess.py:93} INFO - 🛒 Total Cart Adds: 0
[2025-06-09T05:40:18.401+0000] {subprocess.py:93} INFO - ❤️  Total Wishlist Adds: 0
[2025-06-09T05:40:18.402+0000] {subprocess.py:93} INFO - 📦 Total Orders: 0
[2025-06-09T05:40:18.402+0000] {subprocess.py:93} INFO - 💰 Total Revenue: $0.0
[2025-06-09T05:40:18.402+0000] {subprocess.py:93} INFO - 🕐 Last Updated: 2025-06-09T05:40:18.385290
[2025-06-09T05:40:18.403+0000] {subprocess.py:93} INFO - ============================================================
[2025-06-09T05:40:18.403+0000] {subprocess.py:93} INFO - ⏰ Timeout reached (90s), stopping consumer
[2025-06-09T05:40:18.404+0000] {subprocess.py:93} INFO - kafka_scripts/consumer.py:282: DeprecationWarning: Redis.hmset() is deprecated. Use Redis.hset() instead.
[2025-06-09T05:40:18.404+0000] {subprocess.py:93} INFO -   self.redis_client.hmset("metrics:totals", {
[2025-06-09T05:40:18.410+0000] {subprocess.py:93} INFO - 2025-06-09 05:40:18,409 - kafka.coordinator.heartbeat - INFO - Stopping heartbeat thread
[2025-06-09T05:40:21.414+0000] {subprocess.py:93} INFO - 2025-06-09 05:40:21,413 - kafka.coordinator.heartbeat - WARNING - Heartbeat thread did not fully terminate during close
[2025-06-09T05:40:21.418+0000] {subprocess.py:93} INFO - 2025-06-09 05:40:21,416 - kafka.coordinator - INFO - Leaving consumer group (ecommerce-analytics-20250609).
[2025-06-09T05:40:21.471+0000] {subprocess.py:93} INFO - 2025-06-09 05:40:21,471 - kafka.coordinator - INFO - LeaveGroup request for group ecommerce-analytics-20250609 returned successfully
[2025-06-09T05:40:21.473+0000] {subprocess.py:93} INFO - 2025-06-09 05:40:21,472 - kafka.conn - INFO - <BrokerConnection client_id=kafka-python-2.2.11, node_id=1 host=kafka:29092 <connected> [IPv4 ('172.18.0.6', 29092)]>: Closing connection.
[2025-06-09T05:40:21.474+0000] {subprocess.py:93} INFO - 2025-06-09 05:40:21,472 - kafka.conn - INFO - <BrokerConnection client_id=kafka-python-2.2.11, node_id=coordinator-1 host=kafka:29092 <connected> [IPv4 ('172.18.0.6', 29092)]>: Closing connection.
[2025-06-09T05:40:21.475+0000] {subprocess.py:93} INFO - ✅ Kafka consumer closed
[2025-06-09T05:40:21.476+0000] {subprocess.py:93} INFO - ✅ Redis connection closed
[2025-06-09T05:40:21.476+0000] {subprocess.py:93} INFO - 👋 Consumer completed after processing 0 messages in 93.2 seconds
[2025-06-09T05:40:21.477+0000] {subprocess.py:93} INFO - 
[2025-06-09T05:40:21.478+0000] {subprocess.py:93} INFO - ============================================================
[2025-06-09T05:40:21.478+0000] {subprocess.py:93} INFO - 📊 REAL-TIME E-COMMERCE DASHBOARD
[2025-06-09T05:40:21.478+0000] {subprocess.py:93} INFO - ============================================================
[2025-06-09T05:40:21.479+0000] {subprocess.py:93} INFO - 👀 Total Views: 0
[2025-06-09T05:40:21.479+0000] {subprocess.py:93} INFO - 🛒 Total Cart Adds: 0
[2025-06-09T05:40:21.479+0000] {subprocess.py:93} INFO - ❤️  Total Wishlist Adds: 0
[2025-06-09T05:40:21.479+0000] {subprocess.py:93} INFO - 📦 Total Orders: 0
[2025-06-09T05:40:21.479+0000] {subprocess.py:93} INFO - 💰 Total Revenue: $0.0
[2025-06-09T05:40:21.480+0000] {subprocess.py:93} INFO - 🕐 Last Updated: 2025-06-09T05:40:21.477839
[2025-06-09T05:40:21.480+0000] {subprocess.py:93} INFO - ============================================================
[2025-06-09T05:40:21.543+0000] {subprocess.py:97} INFO - Command exited with return code 0
[2025-06-09T05:40:21.576+0000] {taskinstance.py:1138} INFO - Marking task as SUCCESS. dag_id=kafka_ecommerce_pipeline, task_id=run_kafka_consumer, execution_date=20250609T053000, start_date=20250609T053847, end_date=20250609T054021
[2025-06-09T05:40:21.647+0000] {local_task_job_runner.py:234} INFO - Task exited with return code 0
[2025-06-09T05:40:21.676+0000] {taskinstance.py:3280} INFO - 1 downstream tasks scheduled from follow-on schedule check
