[2025-05-14 03:38:17,980] {taskinstance.py:1159} INFO - Dependencies all met for <TaskInstance: ecommerce_data_ingestion.wait_for_olist_geolocation_dataset scheduled__2025-05-13T01:00:00+00:00 [queued]>
[2025-05-14 03:38:18,048] {taskinstance.py:1159} INFO - Dependencies all met for <TaskInstance: ecommerce_data_ingestion.wait_for_olist_geolocation_dataset scheduled__2025-05-13T01:00:00+00:00 [queued]>
[2025-05-14 03:38:18,058] {taskinstance.py:1356} INFO - 
--------------------------------------------------------------------------------
[2025-05-14 03:38:18,059] {taskinstance.py:1357} INFO - Starting attempt 2 of 2
[2025-05-14 03:38:18,060] {taskinstance.py:1358} INFO - 
--------------------------------------------------------------------------------
[2025-05-14 03:38:18,172] {taskinstance.py:1377} INFO - Executing <Task(FileSensor): wait_for_olist_geolocation_dataset> on 2025-05-13 01:00:00+00:00
[2025-05-14 03:38:18,289] {standard_task_runner.py:79} INFO - Running: ['***', 'tasks', 'run', 'ecommerce_data_ingestion', 'wait_for_olist_geolocation_dataset', 'scheduled__2025-05-13T01:00:00+00:00', '--job-id', '54', '--raw', '--subdir', 'DAGS_FOLDER/ecommerce_etl_dag.py', '--cfg-path', '/tmp/tmpl7ktlu1w', '--error-file', '/tmp/tmpqsw2lyxn']
[2025-05-14 03:38:18,297] {standard_task_runner.py:80} INFO - Job 54: Subtask wait_for_olist_geolocation_dataset
[2025-05-14 03:38:18,273] {standard_task_runner.py:52} INFO - Started process 237 to run task
[2025-05-14 03:38:18,784] {task_command.py:369} INFO - Running <TaskInstance: ecommerce_data_ingestion.wait_for_olist_geolocation_dataset scheduled__2025-05-13T01:00:00+00:00 [running]> on host 3360c9d70daf
[2025-05-14 03:38:19,789] {taskinstance.py:1569} INFO - Exporting the following env vars:
AIRFLOW_CTX_DAG_OWNER=***
AIRFLOW_CTX_DAG_ID=ecommerce_data_ingestion
AIRFLOW_CTX_TASK_ID=wait_for_olist_geolocation_dataset
AIRFLOW_CTX_EXECUTION_DATE=2025-05-13T01:00:00+00:00
AIRFLOW_CTX_TRY_NUMBER=2
AIRFLOW_CTX_DAG_RUN_ID=scheduled__2025-05-13T01:00:00+00:00
[2025-05-14 03:38:20,308] {local_task_job.py:84} ERROR - Received SIGTERM. Terminating subprocesses
[2025-05-14 03:38:20,571] {process_utils.py:125} INFO - Sending Signals.SIGTERM to group 237. PIDs of all processes in the group: [237]
[2025-05-14 03:38:20,576] {process_utils.py:80} INFO - Sending the signal Signals.SIGTERM to group 237
[2025-05-14 03:38:20,592] {taskinstance.py:1541} ERROR - Received SIGTERM. Terminating subprocesses.
[2025-05-14 03:38:20,637] {standard_task_runner.py:92} ERROR - Failed to execute job 54 for task wait_for_olist_geolocation_dataset (Task received SIGTERM signal; 237)
[2025-05-14 03:38:20,678] {process_utils.py:75} INFO - Process psutil.Process(pid=237, status='terminated', exitcode=1, started='03:38:17') (237) terminated with exit code 1
[2025-05-14 03:38:20,690] {local_task_job.py:156} INFO - Task exited with return code 143
[2025-05-14 03:38:20,851] {taskinstance.py:1395} INFO - Marking task as FAILED. dag_id=ecommerce_data_ingestion, task_id=wait_for_olist_geolocation_dataset, execution_date=20250513T010000, start_date=20250514T033817, end_date=20250514T033820
[2025-05-14 03:38:21,264] {local_task_job.py:273} INFO - 0 downstream tasks scheduled from follow-on schedule check
