[2025-06-09T09:53:21.936+0000] {taskinstance.py:1956} INFO - Dependencies all met for dep_context=non-requeueable deps ti=<TaskInstance: kafka_ecommerce_pipeline.run_kafka_producer scheduled__2025-06-09T09:52:00+00:00 [queued]>
[2025-06-09T09:53:21.940+0000] {taskinstance.py:1956} INFO - Dependencies all met for dep_context=requeueable deps ti=<TaskInstance: kafka_ecommerce_pipeline.run_kafka_producer scheduled__2025-06-09T09:52:00+00:00 [queued]>
[2025-06-09T09:53:21.941+0000] {taskinstance.py:2170} INFO - Starting attempt 1 of 3
[2025-06-09T09:53:21.947+0000] {taskinstance.py:2191} INFO - Executing <Task(BashOperator): run_kafka_producer> on 2025-06-09 09:52:00+00:00
[2025-06-09T09:53:21.951+0000] {standard_task_runner.py:60} INFO - Started process 714 to run task
[2025-06-09T09:53:21.953+0000] {standard_task_runner.py:87} INFO - Running: ['***', 'tasks', 'run', 'kafka_ecommerce_pipeline', 'run_kafka_producer', 'scheduled__2025-06-09T09:52:00+00:00', '--job-id', '55', '--raw', '--subdir', 'DAGS_FOLDER/kafka_data_pipeline.py', '--cfg-path', '/tmp/tmpz7yrllin']
[2025-06-09T09:53:21.954+0000] {standard_task_runner.py:88} INFO - Job 55: Subtask run_kafka_producer
[2025-06-09T09:53:21.978+0000] {task_command.py:423} INFO - Running <TaskInstance: kafka_ecommerce_pipeline.run_kafka_producer scheduled__2025-06-09T09:52:00+00:00 [running]> on host e695025acf97
[2025-06-09T09:53:22.037+0000] {taskinstance.py:2480} INFO - Exporting env vars: AIRFLOW_CTX_DAG_OWNER='data-engineering-team' AIRFLOW_CTX_DAG_ID='kafka_ecommerce_pipeline' AIRFLOW_CTX_TASK_ID='run_kafka_producer' AIRFLOW_CTX_EXECUTION_DATE='2025-06-09T09:52:00+00:00' AIRFLOW_CTX_TRY_NUMBER='1' AIRFLOW_CTX_DAG_RUN_ID='scheduled__2025-06-09T09:52:00+00:00'
[2025-06-09T09:53:22.039+0000] {subprocess.py:63} INFO - Tmp dir root location: /tmp
[2025-06-09T09:53:22.041+0000] {subprocess.py:75} INFO - Running command: ['/usr/bin/bash', '-c', 'cd /opt/***/ecom_etl/ && python kafka_scripts/producer.py']
[2025-06-09T09:53:22.050+0000] {subprocess.py:86} INFO - Output:
[2025-06-09T09:53:22.266+0000] {subprocess.py:93} INFO - 🚀 Starting E-Commerce Event Producer
[2025-06-09T09:53:22.268+0000] {subprocess.py:93} INFO - 🔗 Kafka Bootstrap Servers: kafka:29092
[2025-06-09T09:53:22.268+0000] {subprocess.py:93} INFO - 🚀 Initializing Kafka producer with bootstrap servers: kafka:29092
[2025-06-09T09:53:22.298+0000] {subprocess.py:93} INFO - ⚠️ Error creating topics: [Error 36] TopicAlreadyExistsError: Request 'CreateTopicsRequest_v3(create_topic_requests=[(topic='ecommerce.product.views', num_partitions=3, replication_factor=1, replica_assignment=[], configs=[]), (topic='ecommerce.cart.add', num_partitions=3, replication_factor=1, replica_assignment=[], configs=[]), (topic='ecommerce.wishlist.add', num_partitions=3, replication_factor=1, replica_assignment=[], configs=[]), (topic='ecommerce.orders.completed', num_partitions=3, replication_factor=1, replica_assignment=[], configs=[])], timeout=30000, validate_only=False)' failed with response 'CreateTopicsResponse_v3(throttle_time_ms=0, topic_errors=[(topic='ecommerce.product.views', error_code=36, error_message="Topic 'ecommerce.product.views' already exists."), (topic='ecommerce.cart.add', error_code=36, error_message="Topic 'ecommerce.cart.add' already exists."), (topic='ecommerce.wishlist.add', error_code=36, error_message="Topic 'ecommerce.wishlist.add' already exists."), (topic='ecommerce.orders.completed', error_code=36, error_message="Topic 'ecommerce.orders.completed' already exists.")])'.
[2025-06-09T09:53:22.324+0000] {subprocess.py:93} INFO - ✅ Successfully connected to Kafka
[2025-06-09T09:53:22.324+0000] {subprocess.py:93} INFO - 📤 Sending 50 sample events...
[2025-06-09T09:53:22.421+0000] {subprocess.py:93} INFO - ✅ Sent to ecommerce.orders.completed: order_completed (partition: 2, offset: 18)
[2025-06-09T09:53:22.528+0000] {subprocess.py:93} INFO - ✅ Sent to ecommerce.product.views: product_view (partition: 2, offset: 60)
[2025-06-09T09:53:22.631+0000] {subprocess.py:93} INFO - ✅ Sent to ecommerce.product.views: product_view (partition: 2, offset: 61)
[2025-06-09T09:53:22.736+0000] {subprocess.py:93} INFO - ✅ Sent to ecommerce.cart.add: add_to_cart (partition: 2, offset: 32)
[2025-06-09T09:53:22.843+0000] {subprocess.py:93} INFO - ✅ Sent to ecommerce.product.views: product_view (partition: 1, offset: 54)
[2025-06-09T09:53:22.961+0000] {subprocess.py:93} INFO - ✅ Sent to ecommerce.product.views: product_view (partition: 0, offset: 61)
[2025-06-09T09:53:23.152+0000] {subprocess.py:93} INFO - ✅ Sent to ecommerce.cart.add: add_to_cart (partition: 1, offset: 25)
[2025-06-09T09:53:23.263+0000] {subprocess.py:93} INFO - ✅ Sent to ecommerce.wishlist.add: add_to_wishlist (partition: 0, offset: 14)
[2025-06-09T09:53:23.368+0000] {subprocess.py:93} INFO - ✅ Sent to ecommerce.product.views: product_view (partition: 1, offset: 55)
[2025-06-09T09:53:23.476+0000] {subprocess.py:93} INFO - ✅ Sent to ecommerce.cart.add: add_to_cart (partition: 2, offset: 33)
[2025-06-09T09:53:23.578+0000] {subprocess.py:93} INFO - 📊 Sent 10/50 events...
[2025-06-09T09:53:23.589+0000] {subprocess.py:93} INFO - ✅ Sent to ecommerce.orders.completed: order_completed (partition: 2, offset: 19)
[2025-06-09T09:53:23.696+0000] {subprocess.py:93} INFO - ✅ Sent to ecommerce.product.views: product_view (partition: 2, offset: 62)
[2025-06-09T09:53:23.802+0000] {subprocess.py:93} INFO - ✅ Sent to ecommerce.cart.add: add_to_cart (partition: 1, offset: 26)
[2025-06-09T09:53:23.906+0000] {subprocess.py:93} INFO - ✅ Sent to ecommerce.product.views: product_view (partition: 2, offset: 63)
[2025-06-09T09:53:24.010+0000] {subprocess.py:93} INFO - ✅ Sent to ecommerce.wishlist.add: add_to_wishlist (partition: 0, offset: 15)
[2025-06-09T09:53:24.119+0000] {subprocess.py:93} INFO - ✅ Sent to ecommerce.cart.add: add_to_cart (partition: 1, offset: 27)
[2025-06-09T09:53:24.224+0000] {subprocess.py:93} INFO - ✅ Sent to ecommerce.product.views: product_view (partition: 1, offset: 56)
[2025-06-09T09:53:24.336+0000] {subprocess.py:93} INFO - ✅ Sent to ecommerce.product.views: product_view (partition: 2, offset: 64)
[2025-06-09T09:53:24.441+0000] {subprocess.py:93} INFO - ✅ Sent to ecommerce.cart.add: add_to_cart (partition: 1, offset: 28)
[2025-06-09T09:53:24.549+0000] {subprocess.py:93} INFO - ✅ Sent to ecommerce.product.views: product_view (partition: 0, offset: 62)
[2025-06-09T09:53:24.654+0000] {subprocess.py:93} INFO - 📊 Sent 20/50 events...
[2025-06-09T09:53:24.661+0000] {subprocess.py:93} INFO - ✅ Sent to ecommerce.orders.completed: order_completed (partition: 2, offset: 20)
[2025-06-09T09:53:24.771+0000] {subprocess.py:93} INFO - ✅ Sent to ecommerce.wishlist.add: add_to_wishlist (partition: 1, offset: 12)
[2025-06-09T09:53:24.875+0000] {subprocess.py:93} INFO - ✅ Sent to ecommerce.product.views: product_view (partition: 1, offset: 57)
[2025-06-09T09:53:24.981+0000] {subprocess.py:93} INFO - ✅ Sent to ecommerce.product.views: product_view (partition: 1, offset: 58)
[2025-06-09T09:53:25.091+0000] {subprocess.py:93} INFO - ✅ Sent to ecommerce.cart.add: add_to_cart (partition: 2, offset: 34)
[2025-06-09T09:53:25.199+0000] {subprocess.py:93} INFO - ✅ Sent to ecommerce.product.views: product_view (partition: 2, offset: 65)
[2025-06-09T09:53:25.313+0000] {subprocess.py:93} INFO - ✅ Sent to ecommerce.product.views: product_view (partition: 1, offset: 59)
[2025-06-09T09:53:25.425+0000] {subprocess.py:93} INFO - ✅ Sent to ecommerce.cart.add: add_to_cart (partition: 1, offset: 29)
[2025-06-09T09:53:25.546+0000] {subprocess.py:93} INFO - ✅ Sent to ecommerce.wishlist.add: add_to_wishlist (partition: 1, offset: 13)
[2025-06-09T09:53:25.655+0000] {subprocess.py:93} INFO - ✅ Sent to ecommerce.product.views: product_view (partition: 0, offset: 63)
[2025-06-09T09:53:25.759+0000] {subprocess.py:93} INFO - 📊 Sent 30/50 events...
[2025-06-09T09:53:25.768+0000] {subprocess.py:93} INFO - ✅ Sent to ecommerce.orders.completed: order_completed (partition: 0, offset: 10)
[2025-06-09T09:53:25.878+0000] {subprocess.py:93} INFO - ✅ Sent to ecommerce.product.views: product_view (partition: 1, offset: 60)
[2025-06-09T09:53:25.984+0000] {subprocess.py:93} INFO - ✅ Sent to ecommerce.product.views: product_view (partition: 1, offset: 61)
[2025-06-09T09:53:26.091+0000] {subprocess.py:93} INFO - ✅ Sent to ecommerce.cart.add: add_to_cart (partition: 2, offset: 35)
[2025-06-09T09:53:26.196+0000] {subprocess.py:93} INFO - ✅ Sent to ecommerce.product.views: product_view (partition: 1, offset: 62)
[2025-06-09T09:53:26.303+0000] {subprocess.py:93} INFO - ✅ Sent to ecommerce.wishlist.add: add_to_wishlist (partition: 2, offset: 23)
[2025-06-09T09:53:26.410+0000] {subprocess.py:93} INFO - ✅ Sent to ecommerce.cart.add: add_to_cart (partition: 1, offset: 30)
[2025-06-09T09:53:26.520+0000] {subprocess.py:93} INFO - ✅ Sent to ecommerce.product.views: product_view (partition: 1, offset: 63)
[2025-06-09T09:53:26.623+0000] {subprocess.py:93} INFO - ✅ Sent to ecommerce.product.views: product_view (partition: 1, offset: 64)
[2025-06-09T09:53:26.732+0000] {subprocess.py:93} INFO - ✅ Sent to ecommerce.cart.add: add_to_cart (partition: 2, offset: 36)
[2025-06-09T09:53:26.836+0000] {subprocess.py:93} INFO - 📊 Sent 40/50 events...
[2025-06-09T09:53:26.846+0000] {subprocess.py:93} INFO - ✅ Sent to ecommerce.orders.completed: order_completed (partition: 1, offset: 7)
[2025-06-09T09:53:26.956+0000] {subprocess.py:93} INFO - ✅ Sent to ecommerce.product.views: product_view (partition: 2, offset: 66)
[2025-06-09T09:53:27.059+0000] {subprocess.py:93} INFO - ✅ Sent to ecommerce.wishlist.add: add_to_wishlist (partition: 0, offset: 16)
[2025-06-09T09:53:27.162+0000] {subprocess.py:93} INFO - ✅ Sent to ecommerce.product.views: product_view (partition: 1, offset: 65)
[2025-06-09T09:53:27.271+0000] {subprocess.py:93} INFO - ✅ Sent to ecommerce.product.views: product_view (partition: 2, offset: 67)
[2025-06-09T09:53:27.381+0000] {subprocess.py:93} INFO - ✅ Sent to ecommerce.cart.add: add_to_cart (partition: 2, offset: 37)
[2025-06-09T09:53:27.488+0000] {subprocess.py:93} INFO - ✅ Sent to ecommerce.product.views: product_view (partition: 1, offset: 66)
[2025-06-09T09:53:27.595+0000] {subprocess.py:93} INFO - ✅ Sent to ecommerce.product.views: product_view (partition: 1, offset: 67)
[2025-06-09T09:53:27.710+0000] {subprocess.py:93} INFO - ✅ Sent to ecommerce.cart.add: add_to_cart (partition: 2, offset: 38)
[2025-06-09T09:53:27.814+0000] {subprocess.py:93} INFO - ✅ Sent to ecommerce.wishlist.add: add_to_wishlist (partition: 1, offset: 14)
[2025-06-09T09:53:27.919+0000] {subprocess.py:93} INFO - 📊 Sent 50/50 events...
[2025-06-09T09:53:27.920+0000] {subprocess.py:93} INFO - ✅ Batch complete: 50 events sent successfully
[2025-06-09T09:53:27.921+0000] {subprocess.py:93} INFO - ✅ Producer closed successfully
[2025-06-09T09:53:28.042+0000] {subprocess.py:97} INFO - Command exited with return code 0
[2025-06-09T09:53:28.066+0000] {taskinstance.py:1138} INFO - Marking task as SUCCESS. dag_id=kafka_ecommerce_pipeline, task_id=run_kafka_producer, execution_date=20250609T095200, start_date=20250609T095321, end_date=20250609T095328
[2025-06-09T09:53:28.101+0000] {local_task_job_runner.py:234} INFO - Task exited with return code 0
[2025-06-09T09:53:28.123+0000] {taskinstance.py:3280} INFO - 1 downstream tasks scheduled from follow-on schedule check
