[2025-06-07T19:09:39.334+0000] {taskinstance.py:1956} INFO - Dependencies all met for dep_context=non-requeueable deps ti=<TaskInstance: etl_dag.run_target_layer manual__2025-06-07T18:59:52.017883+00:00 [queued]>
[2025-06-07T19:09:39.339+0000] {taskinstance.py:1956} INFO - Dependencies all met for dep_context=requeueable deps ti=<TaskInstance: etl_dag.run_target_layer manual__2025-06-07T18:59:52.017883+00:00 [queued]>
[2025-06-07T19:09:39.340+0000] {taskinstance.py:2170} INFO - Starting attempt 2 of 2
[2025-06-07T19:09:39.346+0000] {taskinstance.py:2191} INFO - Executing <Task(BashOperator): run_target_layer> on 2025-06-07 18:59:52.017883+00:00
[2025-06-07T19:09:39.349+0000] {standard_task_runner.py:60} INFO - Started process 593 to run task
[2025-06-07T19:09:39.352+0000] {standard_task_runner.py:87} INFO - Running: ['***', 'tasks', 'run', 'etl_dag', 'run_target_layer', 'manual__2025-06-07T18:59:52.017883+00:00', '--job-id', '49', '--raw', '--subdir', 'DAGS_FOLDER/etl_dag.py', '--cfg-path', '/tmp/tmpmc50w16r']
[2025-06-07T19:09:39.353+0000] {standard_task_runner.py:88} INFO - Job 49: Subtask run_target_layer
[2025-06-07T19:09:39.406+0000] {task_command.py:423} INFO - Running <TaskInstance: etl_dag.run_target_layer manual__2025-06-07T18:59:52.017883+00:00 [running]> on host c183c35f0e34
[2025-06-07T19:09:39.458+0000] {taskinstance.py:2480} INFO - Exporting env vars: AIRFLOW_CTX_DAG_OWNER='***' AIRFLOW_CTX_DAG_ID='etl_dag' AIRFLOW_CTX_TASK_ID='run_target_layer' AIRFLOW_CTX_EXECUTION_DATE='2025-06-07T18:59:52.017883+00:00' AIRFLOW_CTX_TRY_NUMBER='2' AIRFLOW_CTX_DAG_RUN_ID='manual__2025-06-07T18:59:52.017883+00:00'
[2025-06-07T19:09:39.459+0000] {subprocess.py:63} INFO - Tmp dir root location: /tmp
[2025-06-07T19:09:39.463+0000] {subprocess.py:75} INFO - Running command: ['/usr/bin/bash', '-c', 'cd /opt/***/ecom_etl && python target_layer.py']
[2025-06-07T19:09:39.485+0000] {subprocess.py:86} INFO - Output:
[2025-06-07T19:09:40.192+0000] {subprocess.py:93} INFO - 2025-06-07 19:09:40,192 - snowflake_dwh_script - INFO - --- Starting Snowflake DWH Load Script ---
[2025-06-07T19:09:40.193+0000] {subprocess.py:93} INFO - 2025-06-07 19:09:40,192 - snowflake.connector.connection - INFO - Snowflake Connector for Python Version: 3.6.0, Python Version: 3.8.18, Platform: Linux-6.10.14-linuxkit-aarch64-with-glibc2.34
[2025-06-07T19:09:40.194+0000] {subprocess.py:93} INFO - 2025-06-07 19:09:40,192 - snowflake.connector.connection - INFO - This connection is in OCSP Fail Open Mode. TLS Certificates would be checked for validity and revocation status. Any other Certificate Revocation related exceptions or OCSP Responder failures would be disregarded in favor of connectivity.
[2025-06-07T19:09:41.719+0000] {subprocess.py:93} INFO - 2025-06-07 19:09:41,718 - snowflake_dwh_script - INFO - Successfully connected to Snowflake.
[2025-06-07T19:09:41.725+0000] {subprocess.py:93} INFO - 2025-06-07 19:09:41,718 - snowflake_dwh_script - INFO - Ensuring database 'ECOM_DWH' and schema 'PUBLIC' exist...
[2025-06-07T19:09:41.725+0000] {subprocess.py:93} INFO - 2025-06-07 19:09:41,718 - snowflake.connector.cursor - INFO - query: [CREATE DATABASE IF NOT EXISTS ECOM_DWH;]
[2025-06-07T19:09:42.015+0000] {subprocess.py:93} INFO - 2025-06-07 19:09:42,015 - snowflake.connector.cursor - INFO - query execution done
[2025-06-07T19:09:42.016+0000] {subprocess.py:93} INFO - 2025-06-07 19:09:42,015 - snowflake.connector.cursor - INFO - Number of results in first chunk: 1
[2025-06-07T19:09:42.016+0000] {subprocess.py:93} INFO - 2025-06-07 19:09:42,016 - snowflake_dwh_script - INFO - Query executed successfully.
[2025-06-07T19:09:42.016+0000] {subprocess.py:93} INFO - 2025-06-07 19:09:42,016 - snowflake.connector.cursor - INFO - query: [CREATE SCHEMA IF NOT EXISTS ECOM_DWH.PUBLIC;]
[2025-06-07T19:09:42.331+0000] {subprocess.py:93} INFO - 2025-06-07 19:09:42,331 - snowflake.connector.cursor - INFO - query execution done
[2025-06-07T19:09:42.331+0000] {subprocess.py:93} INFO - 2025-06-07 19:09:42,331 - snowflake.connector.cursor - INFO - Number of results in first chunk: 1
[2025-06-07T19:09:42.332+0000] {subprocess.py:93} INFO - 2025-06-07 19:09:42,331 - snowflake_dwh_script - INFO - Query executed successfully.
[2025-06-07T19:09:42.332+0000] {subprocess.py:93} INFO - 2025-06-07 19:09:42,331 - snowflake.connector.cursor - INFO - query: [USE DATABASE ECOM_DWH;]
[2025-06-07T19:09:42.623+0000] {subprocess.py:93} INFO - 2025-06-07 19:09:42,623 - snowflake.connector.cursor - INFO - query execution done
[2025-06-07T19:09:42.624+0000] {subprocess.py:93} INFO - 2025-06-07 19:09:42,623 - snowflake.connector.cursor - INFO - Number of results in first chunk: 1
[2025-06-07T19:09:42.625+0000] {subprocess.py:93} INFO - 2025-06-07 19:09:42,623 - snowflake_dwh_script - INFO - Query executed successfully.
[2025-06-07T19:09:42.626+0000] {subprocess.py:93} INFO - 2025-06-07 19:09:42,623 - snowflake.connector.cursor - INFO - query: [USE SCHEMA PUBLIC;]
[2025-06-07T19:09:42.925+0000] {subprocess.py:93} INFO - 2025-06-07 19:09:42,924 - snowflake.connector.cursor - INFO - query execution done
[2025-06-07T19:09:42.928+0000] {subprocess.py:93} INFO - 2025-06-07 19:09:42,925 - snowflake.connector.cursor - INFO - Number of results in first chunk: 1
[2025-06-07T19:09:42.929+0000] {subprocess.py:93} INFO - 2025-06-07 19:09:42,925 - snowflake_dwh_script - INFO - Query executed successfully.
[2025-06-07T19:09:42.929+0000] {subprocess.py:93} INFO - 2025-06-07 19:09:42,925 - snowflake_dwh_script - INFO - Creating DWH tables in the correct order...
[2025-06-07T19:09:42.930+0000] {subprocess.py:93} INFO - 2025-06-07 19:09:42,925 - snowflake_dwh_script - INFO - Creating table: DWH_GEOLOCATION...
[2025-06-07T19:09:42.930+0000] {subprocess.py:93} INFO - 2025-06-07 19:09:42,925 - snowflake.connector.cursor - INFO - query: [CREATE OR REPLACE TABLE ECOM_DWH.PUBLIC.DWH_GEOLOCATION ( GEOLOCATION_ID NUMBER ...]
[2025-06-07T19:09:43.304+0000] {subprocess.py:93} INFO - 2025-06-07 19:09:43,303 - snowflake.connector.cursor - INFO - query execution done
[2025-06-07T19:09:43.305+0000] {subprocess.py:93} INFO - 2025-06-07 19:09:43,304 - snowflake.connector.cursor - INFO - Number of results in first chunk: 1
[2025-06-07T19:09:43.306+0000] {subprocess.py:93} INFO - 2025-06-07 19:09:43,304 - snowflake_dwh_script - INFO - Query executed successfully.
[2025-06-07T19:09:43.307+0000] {subprocess.py:93} INFO - 2025-06-07 19:09:43,304 - snowflake_dwh_script - INFO - Creating table: DWH_PRODUCTS...
[2025-06-07T19:09:43.307+0000] {subprocess.py:93} INFO - 2025-06-07 19:09:43,304 - snowflake.connector.cursor - INFO - query: [CREATE OR REPLACE TABLE ECOM_DWH.PUBLIC.DWH_PRODUCTS ( PRODUCT_ID VARCHAR NOT NU...]
[2025-06-07T19:09:43.712+0000] {subprocess.py:93} INFO - 2025-06-07 19:09:43,710 - snowflake.connector.cursor - INFO - query execution done
[2025-06-07T19:09:43.713+0000] {subprocess.py:93} INFO - 2025-06-07 19:09:43,710 - snowflake.connector.cursor - INFO - Number of results in first chunk: 1
[2025-06-07T19:09:43.714+0000] {subprocess.py:93} INFO - 2025-06-07 19:09:43,711 - snowflake_dwh_script - INFO - Query executed successfully.
[2025-06-07T19:09:43.714+0000] {subprocess.py:93} INFO - 2025-06-07 19:09:43,711 - snowflake_dwh_script - INFO - Creating table: DWH_CUSTOMERS...
[2025-06-07T19:09:43.715+0000] {subprocess.py:93} INFO - 2025-06-07 19:09:43,711 - snowflake.connector.cursor - INFO - query: [CREATE OR REPLACE TABLE ECOM_DWH.PUBLIC.DWH_CUSTOMERS ( CUSTOMER_ID VARCHAR NOT ...]
[2025-06-07T19:09:44.384+0000] {subprocess.py:93} INFO - 2025-06-07 19:09:44,382 - snowflake.connector.cursor - INFO - query execution done
[2025-06-07T19:09:44.385+0000] {subprocess.py:93} INFO - 2025-06-07 19:09:44,383 - snowflake.connector.cursor - INFO - Number of results in first chunk: 1
[2025-06-07T19:09:44.386+0000] {subprocess.py:93} INFO - 2025-06-07 19:09:44,383 - snowflake_dwh_script - INFO - Query executed successfully.
[2025-06-07T19:09:44.387+0000] {subprocess.py:93} INFO - 2025-06-07 19:09:44,383 - snowflake_dwh_script - INFO - Creating table: DWH_SELLERS...
[2025-06-07T19:09:44.387+0000] {subprocess.py:93} INFO - 2025-06-07 19:09:44,383 - snowflake.connector.cursor - INFO - query: [CREATE OR REPLACE TABLE ECOM_DWH.PUBLIC.DWH_SELLERS ( SELLER_ID VARCHAR NOT NULL...]
[2025-06-07T19:09:45.226+0000] {subprocess.py:93} INFO - 2025-06-07 19:09:45,226 - snowflake.connector.cursor - INFO - query execution done
[2025-06-07T19:09:45.227+0000] {subprocess.py:93} INFO - 2025-06-07 19:09:45,226 - snowflake.connector.cursor - INFO - Number of results in first chunk: 1
[2025-06-07T19:09:45.227+0000] {subprocess.py:93} INFO - 2025-06-07 19:09:45,226 - snowflake_dwh_script - INFO - Query executed successfully.
[2025-06-07T19:09:45.228+0000] {subprocess.py:93} INFO - 2025-06-07 19:09:45,226 - snowflake_dwh_script - INFO - Creating table: DWH_ORDERS...
[2025-06-07T19:09:45.228+0000] {subprocess.py:93} INFO - 2025-06-07 19:09:45,227 - snowflake.connector.cursor - INFO - query: [CREATE OR REPLACE TABLE ECOM_DWH.PUBLIC.DWH_ORDERS ( ORDER_ID VARCHAR NOT NULL P...]
[2025-06-07T19:09:45.672+0000] {subprocess.py:93} INFO - 2025-06-07 19:09:45,671 - snowflake.connector.cursor - INFO - query execution done
[2025-06-07T19:09:45.673+0000] {subprocess.py:93} INFO - 2025-06-07 19:09:45,672 - snowflake.connector.cursor - INFO - Number of results in first chunk: 1
[2025-06-07T19:09:45.673+0000] {subprocess.py:93} INFO - 2025-06-07 19:09:45,672 - snowflake_dwh_script - INFO - Query executed successfully.
[2025-06-07T19:09:45.673+0000] {subprocess.py:93} INFO - 2025-06-07 19:09:45,672 - snowflake_dwh_script - INFO - Creating table: DWH_ORDER_ITEMS...
[2025-06-07T19:09:45.674+0000] {subprocess.py:93} INFO - 2025-06-07 19:09:45,672 - snowflake.connector.cursor - INFO - query: [CREATE OR REPLACE TABLE ECOM_DWH.PUBLIC.DWH_ORDER_ITEMS ( ORDER_ID VARCHAR NOT N...]
[2025-06-07T19:09:46.653+0000] {subprocess.py:93} INFO - 2025-06-07 19:09:46,651 - snowflake.connector.cursor - INFO - query execution done
[2025-06-07T19:09:46.658+0000] {subprocess.py:93} INFO - 2025-06-07 19:09:46,651 - snowflake.connector.cursor - INFO - Number of results in first chunk: 1
[2025-06-07T19:09:46.659+0000] {subprocess.py:93} INFO - 2025-06-07 19:09:46,651 - snowflake_dwh_script - INFO - Query executed successfully.
[2025-06-07T19:09:46.661+0000] {subprocess.py:93} INFO - 2025-06-07 19:09:46,651 - snowflake_dwh_script - INFO - Creating table: DWH_ORDER_PAYMENTS...
[2025-06-07T19:09:46.662+0000] {subprocess.py:93} INFO - 2025-06-07 19:09:46,651 - snowflake.connector.cursor - INFO - query: [CREATE OR REPLACE TABLE ECOM_DWH.PUBLIC.DWH_ORDER_PAYMENTS ( ORDER_ID VARCHAR NO...]
[2025-06-07T19:09:47.085+0000] {subprocess.py:93} INFO - 2025-06-07 19:09:47,084 - snowflake.connector.cursor - INFO - query execution done
[2025-06-07T19:09:47.089+0000] {subprocess.py:93} INFO - 2025-06-07 19:09:47,085 - snowflake.connector.cursor - INFO - Number of results in first chunk: 1
[2025-06-07T19:09:47.089+0000] {subprocess.py:93} INFO - 2025-06-07 19:09:47,085 - snowflake_dwh_script - INFO - Query executed successfully.
[2025-06-07T19:09:47.090+0000] {subprocess.py:93} INFO - 2025-06-07 19:09:47,085 - snowflake_dwh_script - INFO - Creating table: DWH_ORDER_REVIEWS...
[2025-06-07T19:09:47.090+0000] {subprocess.py:93} INFO - 2025-06-07 19:09:47,085 - snowflake.connector.cursor - INFO - query: [CREATE OR REPLACE TABLE ECOM_DWH.PUBLIC.DWH_ORDER_REVIEWS ( REVIEW_ID VARCHAR NO...]
[2025-06-07T19:09:48.114+0000] {subprocess.py:93} INFO - 2025-06-07 19:09:48,112 - snowflake.connector.cursor - INFO - query execution done
[2025-06-07T19:09:48.116+0000] {subprocess.py:93} INFO - 2025-06-07 19:09:48,113 - snowflake.connector.cursor - INFO - Number of results in first chunk: 1
[2025-06-07T19:09:48.116+0000] {subprocess.py:93} INFO - 2025-06-07 19:09:48,114 - snowflake_dwh_script - INFO - Query executed successfully.
[2025-06-07T19:09:48.116+0000] {subprocess.py:93} INFO - 2025-06-07 19:09:48,114 - snowflake_dwh_script - INFO - --- Starting Data Load from Staging to DWH ---
[2025-06-07T19:09:48.117+0000] {subprocess.py:93} INFO - 2025-06-07 19:09:48,114 - snowflake_dwh_script - INFO - Loading data from STG_GEOLOCATION into DWH_GEOLOCATION...
[2025-06-07T19:09:48.117+0000] {subprocess.py:93} INFO - 2025-06-07 19:09:48,114 - snowflake.connector.cursor - INFO - query: [DESCRIBE TABLE ECOM_STG.PUBLIC.STG_GEOLOCATION;]
[2025-06-07T19:09:48.395+0000] {subprocess.py:93} INFO - 2025-06-07 19:09:48,395 - snowflake.connector.cursor - INFO - query execution done
[2025-06-07T19:09:48.397+0000] {subprocess.py:93} INFO - 2025-06-07 19:09:48,396 - snowflake.connector.cursor - INFO - Number of results in first chunk: 6
[2025-06-07T19:09:48.398+0000] {subprocess.py:93} INFO - 2025-06-07 19:09:48,397 - snowflake.connector.cursor - INFO - query: [SELECT COUNT(*) FROM ECOM_STG.PUBLIC.STG_GEOLOCATION;]
[2025-06-07T19:09:48.699+0000] {subprocess.py:93} INFO - 2025-06-07 19:09:48,698 - snowflake.connector.cursor - INFO - query execution done
[2025-06-07T19:09:48.700+0000] {subprocess.py:93} INFO - 2025-06-07 19:09:48,699 - snowflake.connector.cursor - INFO - Number of results in first chunk: 1
[2025-06-07T19:09:48.707+0000] {subprocess.py:93} INFO - 2025-06-07 19:09:48,706 - snowflake.connector.cursor - INFO - query: [INSERT INTO ECOM_DWH.PUBLIC.DWH_GEOLOCATION (GEOLOCATION_ID, GEOLOCATION_ZIP_COD...]
[2025-06-07T19:09:50.155+0000] {subprocess.py:93} INFO - 2025-06-07 19:09:50,150 - snowflake.connector.cursor - INFO - query execution done
[2025-06-07T19:09:50.158+0000] {subprocess.py:93} INFO - 2025-06-07 19:09:50,151 - snowflake_dwh_script - INFO - Query executed successfully.
[2025-06-07T19:09:50.158+0000] {subprocess.py:93} INFO - 2025-06-07 19:09:50,151 - snowflake_dwh_script - INFO - Loaded 719801 records into DWH_GEOLOCATION
[2025-06-07T19:09:50.159+0000] {subprocess.py:93} INFO - 2025-06-07 19:09:50,151 - snowflake_dwh_script - INFO - Loading data from STG_PRODUCTS into DWH_PRODUCTS...
[2025-06-07T19:09:50.159+0000] {subprocess.py:93} INFO - 2025-06-07 19:09:50,151 - snowflake.connector.cursor - INFO - query: [DESCRIBE TABLE ECOM_STG.PUBLIC.STG_PRODUCTS;]
[2025-06-07T19:09:50.430+0000] {subprocess.py:93} INFO - 2025-06-07 19:09:50,429 - snowflake.connector.cursor - INFO - query execution done
[2025-06-07T19:09:50.433+0000] {subprocess.py:93} INFO - 2025-06-07 19:09:50,431 - snowflake.connector.cursor - INFO - Number of results in first chunk: 7
[2025-06-07T19:09:50.433+0000] {subprocess.py:93} INFO - 2025-06-07 19:09:50,432 - snowflake.connector.cursor - INFO - query: [SELECT COUNT(*) FROM ECOM_STG.PUBLIC.STG_PRODUCTS;]
[2025-06-07T19:09:50.724+0000] {subprocess.py:93} INFO - 2025-06-07 19:09:50,724 - snowflake.connector.cursor - INFO - query execution done
[2025-06-07T19:09:50.724+0000] {subprocess.py:93} INFO - 2025-06-07 19:09:50,724 - snowflake.connector.cursor - INFO - Number of results in first chunk: 1
[2025-06-07T19:09:50.725+0000] {subprocess.py:93} INFO - 2025-06-07 19:09:50,725 - snowflake.connector.cursor - INFO - query: [INSERT INTO ECOM_DWH.PUBLIC.DWH_PRODUCTS (PRODUCT_ID, PRODUCT_CATEGORY_NAME, PRO...]
[2025-06-07T19:09:51.490+0000] {subprocess.py:93} INFO - 2025-06-07 19:09:51,490 - snowflake.connector.cursor - INFO - query execution done
[2025-06-07T19:09:51.491+0000] {subprocess.py:93} INFO - 2025-06-07 19:09:51,490 - snowflake_dwh_script - INFO - Query executed successfully.
[2025-06-07T19:09:51.492+0000] {subprocess.py:93} INFO - 2025-06-07 19:09:51,490 - snowflake_dwh_script - INFO - Loaded 32951 records into DWH_PRODUCTS
[2025-06-07T19:09:51.492+0000] {subprocess.py:93} INFO - 2025-06-07 19:09:51,490 - snowflake_dwh_script - INFO - Loading data from STG_CUSTOMERS into DWH_CUSTOMERS...
[2025-06-07T19:09:51.492+0000] {subprocess.py:93} INFO - 2025-06-07 19:09:51,490 - snowflake.connector.cursor - INFO - query: [DESCRIBE TABLE ECOM_STG.PUBLIC.STG_CUSTOMERS;]
[2025-06-07T19:09:51.768+0000] {subprocess.py:93} INFO - 2025-06-07 19:09:51,768 - snowflake.connector.cursor - INFO - query execution done
[2025-06-07T19:09:51.770+0000] {subprocess.py:93} INFO - 2025-06-07 19:09:51,768 - snowflake.connector.cursor - INFO - Number of results in first chunk: 6
[2025-06-07T19:09:51.771+0000] {subprocess.py:93} INFO - 2025-06-07 19:09:51,768 - snowflake.connector.cursor - INFO - query: [SELECT COUNT(*) FROM ECOM_STG.PUBLIC.STG_CUSTOMERS;]
[2025-06-07T19:09:52.064+0000] {subprocess.py:93} INFO - 2025-06-07 19:09:52,063 - snowflake.connector.cursor - INFO - query execution done
[2025-06-07T19:09:52.065+0000] {subprocess.py:93} INFO - 2025-06-07 19:09:52,064 - snowflake.connector.cursor - INFO - Number of results in first chunk: 1
[2025-06-07T19:09:52.066+0000] {subprocess.py:93} INFO - 2025-06-07 19:09:52,064 - snowflake.connector.cursor - INFO - query: [INSERT INTO ECOM_DWH.PUBLIC.DWH_CUSTOMERS (CUSTOMER_ID, CUSTOMER_UNIQUE_ID, CUST...]
[2025-06-07T19:09:53.086+0000] {subprocess.py:93} INFO - 2025-06-07 19:09:53,085 - snowflake.connector.cursor - INFO - query execution done
[2025-06-07T19:09:53.089+0000] {subprocess.py:93} INFO - 2025-06-07 19:09:53,085 - snowflake_dwh_script - INFO - Query executed successfully.
[2025-06-07T19:09:53.090+0000] {subprocess.py:93} INFO - 2025-06-07 19:09:53,085 - snowflake_dwh_script - INFO - Loaded 99441 records into DWH_CUSTOMERS
[2025-06-07T19:09:53.090+0000] {subprocess.py:93} INFO - 2025-06-07 19:09:53,085 - snowflake_dwh_script - INFO - Loading data from STG_SELLERS into DWH_SELLERS...
[2025-06-07T19:09:53.090+0000] {subprocess.py:93} INFO - 2025-06-07 19:09:53,085 - snowflake.connector.cursor - INFO - query: [DESCRIBE TABLE ECOM_STG.PUBLIC.STG_SELLERS;]
[2025-06-07T19:09:53.372+0000] {subprocess.py:93} INFO - 2025-06-07 19:09:53,372 - snowflake.connector.cursor - INFO - query execution done
[2025-06-07T19:09:53.376+0000] {subprocess.py:93} INFO - 2025-06-07 19:09:53,374 - snowflake.connector.cursor - INFO - Number of results in first chunk: 5
[2025-06-07T19:09:53.376+0000] {subprocess.py:93} INFO - 2025-06-07 19:09:53,374 - snowflake.connector.cursor - INFO - query: [SELECT COUNT(*) FROM ECOM_STG.PUBLIC.STG_SELLERS;]
[2025-06-07T19:09:53.975+0000] {subprocess.py:93} INFO - 2025-06-07 19:09:53,973 - snowflake.connector.cursor - INFO - query execution done
[2025-06-07T19:09:53.979+0000] {subprocess.py:93} INFO - 2025-06-07 19:09:53,974 - snowflake.connector.cursor - INFO - Number of results in first chunk: 1
[2025-06-07T19:09:53.982+0000] {subprocess.py:93} INFO - 2025-06-07 19:09:53,975 - snowflake.connector.cursor - INFO - query: [INSERT INTO ECOM_DWH.PUBLIC.DWH_SELLERS (SELLER_ID, SELLER_ZIP_CODE_PREFIX, SELL...]
[2025-06-07T19:09:54.837+0000] {subprocess.py:93} INFO - 2025-06-07 19:09:54,836 - snowflake.connector.cursor - INFO - query execution done
[2025-06-07T19:09:54.838+0000] {subprocess.py:93} INFO - 2025-06-07 19:09:54,838 - snowflake_dwh_script - INFO - Query executed successfully.
[2025-06-07T19:09:54.839+0000] {subprocess.py:93} INFO - 2025-06-07 19:09:54,838 - snowflake_dwh_script - INFO - Loaded 3095 records into DWH_SELLERS
[2025-06-07T19:09:54.839+0000] {subprocess.py:93} INFO - 2025-06-07 19:09:54,838 - snowflake_dwh_script - INFO - Loading data from STG_ORDERS into DWH_ORDERS...
[2025-06-07T19:09:54.840+0000] {subprocess.py:93} INFO - 2025-06-07 19:09:54,838 - snowflake.connector.cursor - INFO - query: [DESCRIBE TABLE ECOM_STG.PUBLIC.STG_ORDERS;]
[2025-06-07T19:09:55.511+0000] {subprocess.py:93} INFO - 2025-06-07 19:09:55,511 - snowflake.connector.cursor - INFO - query execution done
[2025-06-07T19:09:55.516+0000] {subprocess.py:93} INFO - 2025-06-07 19:09:55,511 - snowflake.connector.cursor - INFO - Number of results in first chunk: 8
[2025-06-07T19:09:55.517+0000] {subprocess.py:93} INFO - 2025-06-07 19:09:55,512 - snowflake.connector.cursor - INFO - query: [SELECT COUNT(*) FROM ECOM_STG.PUBLIC.STG_ORDERS;]
[2025-06-07T19:09:55.789+0000] {subprocess.py:93} INFO - 2025-06-07 19:09:55,789 - snowflake.connector.cursor - INFO - query execution done
[2025-06-07T19:09:55.790+0000] {subprocess.py:93} INFO - 2025-06-07 19:09:55,789 - snowflake.connector.cursor - INFO - Number of results in first chunk: 1
[2025-06-07T19:09:55.790+0000] {subprocess.py:93} INFO - 2025-06-07 19:09:55,789 - snowflake.connector.cursor - INFO - query: [INSERT INTO ECOM_DWH.PUBLIC.DWH_ORDERS (ORDER_ID, CUSTOMER_ID, ORDER_STATUS, ORD...]
[2025-06-07T19:09:58.342+0000] {subprocess.py:93} INFO - 2025-06-07 19:09:58,342 - snowflake.connector.cursor - INFO - query execution done
[2025-06-07T19:09:58.344+0000] {subprocess.py:93} INFO - 2025-06-07 19:09:58,343 - snowflake_dwh_script - INFO - Query executed successfully.
[2025-06-07T19:09:58.345+0000] {subprocess.py:93} INFO - 2025-06-07 19:09:58,343 - snowflake_dwh_script - INFO - Loaded 99441 records into DWH_ORDERS
[2025-06-07T19:09:58.345+0000] {subprocess.py:93} INFO - 2025-06-07 19:09:58,343 - snowflake_dwh_script - INFO - Loading data from STG_ORDER_ITEMS into DWH_ORDER_ITEMS...
[2025-06-07T19:09:58.346+0000] {subprocess.py:93} INFO - 2025-06-07 19:09:58,343 - snowflake.connector.cursor - INFO - query: [DESCRIBE TABLE ECOM_STG.PUBLIC.STG_ORDER_ITEMS;]
[2025-06-07T19:09:58.946+0000] {subprocess.py:93} INFO - 2025-06-07 19:09:58,944 - snowflake.connector.cursor - INFO - query execution done
[2025-06-07T19:09:58.949+0000] {subprocess.py:93} INFO - 2025-06-07 19:09:58,948 - snowflake.connector.cursor - INFO - Number of results in first chunk: 7
[2025-06-07T19:09:58.949+0000] {subprocess.py:93} INFO - 2025-06-07 19:09:58,949 - snowflake.connector.cursor - INFO - query: [SELECT COUNT(*) FROM ECOM_STG.PUBLIC.STG_ORDER_ITEMS;]
[2025-06-07T19:09:59.227+0000] {subprocess.py:93} INFO - 2025-06-07 19:09:59,226 - snowflake.connector.cursor - INFO - query execution done
[2025-06-07T19:09:59.229+0000] {subprocess.py:93} INFO - 2025-06-07 19:09:59,227 - snowflake.connector.cursor - INFO - Number of results in first chunk: 1
[2025-06-07T19:09:59.229+0000] {subprocess.py:93} INFO - 2025-06-07 19:09:59,227 - snowflake.connector.cursor - INFO - query: [INSERT INTO ECOM_DWH.PUBLIC.DWH_ORDER_ITEMS (ORDER_ID, ORDER_ITEM_ID, PRODUCT_ID...]
[2025-06-07T19:10:02.790+0000] {subprocess.py:93} INFO - 2025-06-07 19:10:02,783 - snowflake.connector.cursor - INFO - query execution done
[2025-06-07T19:10:02.794+0000] {subprocess.py:93} INFO - 2025-06-07 19:10:02,790 - snowflake_dwh_script - INFO - Query executed successfully.
[2025-06-07T19:10:02.795+0000] {subprocess.py:93} INFO - 2025-06-07 19:10:02,791 - snowflake_dwh_script - INFO - Loaded 112650 records into DWH_ORDER_ITEMS
[2025-06-07T19:10:02.795+0000] {subprocess.py:93} INFO - 2025-06-07 19:10:02,791 - snowflake_dwh_script - INFO - Loading data from STG_ORDER_PAYMENTS into DWH_ORDER_PAYMENTS...
[2025-06-07T19:10:02.796+0000] {subprocess.py:93} INFO - 2025-06-07 19:10:02,791 - snowflake.connector.cursor - INFO - query: [DESCRIBE TABLE ECOM_STG.PUBLIC.STG_ORDER_PAYMENTS;]
[2025-06-07T19:10:03.192+0000] {subprocess.py:93} INFO - 2025-06-07 19:10:03,192 - snowflake.connector.cursor - INFO - query execution done
[2025-06-07T19:10:03.194+0000] {subprocess.py:93} INFO - 2025-06-07 19:10:03,192 - snowflake.connector.cursor - INFO - Number of results in first chunk: 5
[2025-06-07T19:10:03.195+0000] {subprocess.py:93} INFO - 2025-06-07 19:10:03,193 - snowflake.connector.cursor - INFO - query: [SELECT COUNT(*) FROM ECOM_STG.PUBLIC.STG_ORDER_PAYMENTS;]
[2025-06-07T19:10:04.174+0000] {subprocess.py:93} INFO - 2025-06-07 19:10:04,174 - snowflake.connector.cursor - INFO - query execution done
[2025-06-07T19:10:04.175+0000] {subprocess.py:93} INFO - 2025-06-07 19:10:04,174 - snowflake.connector.cursor - INFO - Number of results in first chunk: 1
[2025-06-07T19:10:04.176+0000] {subprocess.py:93} INFO - 2025-06-07 19:10:04,176 - snowflake.connector.cursor - INFO - query: [INSERT INTO ECOM_DWH.PUBLIC.DWH_ORDER_PAYMENTS (ORDER_ID, PAYMENT_SEQUENTIAL, PA...]
[2025-06-07T19:10:05.424+0000] {subprocess.py:93} INFO - 2025-06-07 19:10:05,423 - snowflake.connector.cursor - INFO - query execution done
[2025-06-07T19:10:05.425+0000] {subprocess.py:93} INFO - 2025-06-07 19:10:05,424 - snowflake_dwh_script - INFO - Query executed successfully.
[2025-06-07T19:10:05.426+0000] {subprocess.py:93} INFO - 2025-06-07 19:10:05,424 - snowflake_dwh_script - INFO - Loaded 103886 records into DWH_ORDER_PAYMENTS
[2025-06-07T19:10:05.426+0000] {subprocess.py:93} INFO - 2025-06-07 19:10:05,424 - snowflake_dwh_script - INFO - Loading data from STG_ORDER_REVIEWS into DWH_ORDER_REVIEWS...
[2025-06-07T19:10:05.426+0000] {subprocess.py:93} INFO - 2025-06-07 19:10:05,424 - snowflake.connector.cursor - INFO - query: [DESCRIBE TABLE ECOM_STG.PUBLIC.STG_ORDER_REVIEWS;]
[2025-06-07T19:10:05.702+0000] {subprocess.py:93} INFO - 2025-06-07 19:10:05,702 - snowflake.connector.cursor - INFO - query execution done
[2025-06-07T19:10:05.704+0000] {subprocess.py:93} INFO - 2025-06-07 19:10:05,702 - snowflake.connector.cursor - INFO - Number of results in first chunk: 7
[2025-06-07T19:10:05.705+0000] {subprocess.py:93} INFO - 2025-06-07 19:10:05,703 - snowflake.connector.cursor - INFO - query: [SELECT COUNT(*) FROM ECOM_STG.PUBLIC.STG_ORDER_REVIEWS;]
[2025-06-07T19:10:06.650+0000] {subprocess.py:93} INFO - 2025-06-07 19:10:06,649 - snowflake.connector.cursor - INFO - query execution done
[2025-06-07T19:10:06.652+0000] {subprocess.py:93} INFO - 2025-06-07 19:10:06,650 - snowflake.connector.cursor - INFO - Number of results in first chunk: 1
[2025-06-07T19:10:06.653+0000] {subprocess.py:93} INFO - 2025-06-07 19:10:06,651 - snowflake.connector.cursor - INFO - query: [INSERT INTO ECOM_DWH.PUBLIC.DWH_ORDER_REVIEWS (REVIEW_ID, ORDER_ID, REVIEW_SCORE...]
[2025-06-07T19:10:07.835+0000] {subprocess.py:93} INFO - 2025-06-07 19:10:07,834 - snowflake.connector.cursor - INFO - query execution done
[2025-06-07T19:10:07.836+0000] {subprocess.py:93} INFO - 2025-06-07 19:10:07,835 - snowflake_dwh_script - INFO - Query executed successfully.
[2025-06-07T19:10:07.836+0000] {subprocess.py:93} INFO - 2025-06-07 19:10:07,835 - snowflake_dwh_script - INFO - Loaded 98410 records into DWH_ORDER_REVIEWS
[2025-06-07T19:10:07.836+0000] {subprocess.py:93} INFO - 2025-06-07 19:10:07,835 - snowflake_dwh_script - INFO - --- Data Loading to DWH Finished ---
[2025-06-07T19:10:07.837+0000] {subprocess.py:93} INFO - 2025-06-07 19:10:07,835 - snowflake_dwh_script - INFO - --- Starting Export to S3 as Parquet ---
[2025-06-07T19:10:07.838+0000] {subprocess.py:93} INFO - 2025-06-07 19:10:07,835 - snowflake_dwh_script - INFO - Exporting DWH_GEOLOCATION to S3 as Parquet...
[2025-06-07T19:10:07.838+0000] {subprocess.py:93} INFO - 2025-06-07 19:10:07,835 - snowflake.connector.cursor - INFO - query: [SELECT * FROM ECOM_DWH.PUBLIC.DWH_GEOLOCATION;]
[2025-06-07T19:10:09.763+0000] {subprocess.py:93} INFO - 2025-06-07 19:10:09,761 - snowflake.connector.cursor - INFO - query execution done
[2025-06-07T19:10:09.766+0000] {subprocess.py:93} INFO - 2025-06-07 19:10:09,763 - snowflake.connector.cursor - INFO - Number of results in first chunk: 2205
[2025-06-07T19:10:25.360+0000] {local_task_job_runner.py:280} WARNING - Recorded pid 632 does not match the current pid 593
[2025-06-07T19:10:25.369+0000] {process_utils.py:131} INFO - Sending 15 to group 593. PIDs of all processes in the group: [594, 593]
[2025-06-07T19:10:25.371+0000] {process_utils.py:86} INFO - Sending the signal 15 to group 593
[2025-06-07T19:10:25.375+0000] {taskinstance.py:2450} ERROR - Received SIGTERM. Terminating subprocesses.
[2025-06-07T19:10:25.382+0000] {subprocess.py:104} INFO - Sending SIGTERM signal to process group
[2025-06-07T19:10:25.488+0000] {taskinstance.py:2698} ERROR - Task failed with exception
Traceback (most recent call last):
  File "/home/airflow/.local/lib/python3.8/site-packages/airflow/models/taskinstance.py", line 433, in _execute_task
    result = execute_callable(context=context, **execute_callable_kwargs)
  File "/home/airflow/.local/lib/python3.8/site-packages/airflow/operators/bash.py", line 203, in execute
    result = self.subprocess_hook.run_command(
  File "/home/airflow/.local/lib/python3.8/site-packages/airflow/hooks/subprocess.py", line 91, in run_command
    for raw_line in iter(self.sub_process.stdout.readline, b""):
  File "/home/airflow/.local/lib/python3.8/site-packages/airflow/models/taskinstance.py", line 2452, in signal_handler
    raise AirflowException("Task received SIGTERM signal")
airflow.exceptions.AirflowException: Task received SIGTERM signal
[2025-06-07T19:10:25.503+0000] {taskinstance.py:1138} INFO - Marking task as UP_FOR_RETRY. dag_id=etl_dag, task_id=run_target_layer, execution_date=20250607T185952, start_date=20250607T191024, end_date=20250607T191025
[2025-06-07T19:10:25.531+0000] {standard_task_runner.py:107} ERROR - Failed to execute job 49 for task run_target_layer (Task received SIGTERM signal; 593)
[2025-06-07T19:10:25.562+0000] {process_utils.py:79} INFO - Process psutil.Process(pid=594, status='terminated', started='19:09:39') (594) terminated with exit code None
[2025-06-07T19:10:25.564+0000] {process_utils.py:79} INFO - Process psutil.Process(pid=593, status='terminated', exitcode=1, started='19:09:39') (593) terminated with exit code 1
