[2025-06-09T16:20:20.662+0000] {taskinstance.py:1956} INFO - Dependencies all met for dep_context=non-requeueable deps ti=<TaskInstance: kafka_ecommerce_pipeline.run_kafka_producer scheduled__2025-06-09T16:19:00+00:00 [queued]>
[2025-06-09T16:20:20.668+0000] {taskinstance.py:1956} INFO - Dependencies all met for dep_context=requeueable deps ti=<TaskInstance: kafka_ecommerce_pipeline.run_kafka_producer scheduled__2025-06-09T16:19:00+00:00 [queued]>
[2025-06-09T16:20:20.668+0000] {taskinstance.py:2170} INFO - Starting attempt 1 of 3
[2025-06-09T16:20:20.675+0000] {taskinstance.py:2191} INFO - Executing <Task(BashOperator): run_kafka_producer> on 2025-06-09 16:19:00+00:00
[2025-06-09T16:20:20.678+0000] {standard_task_runner.py:60} INFO - Started process 4287 to run task
[2025-06-09T16:20:20.682+0000] {standard_task_runner.py:87} INFO - Running: ['***', 'tasks', 'run', 'kafka_ecommerce_pipeline', 'run_kafka_producer', 'scheduled__2025-06-09T16:19:00+00:00', '--job-id', '486', '--raw', '--subdir', 'DAGS_FOLDER/kafka_data_pipeline.py', '--cfg-path', '/tmp/tmp7ven3poq']
[2025-06-09T16:20:20.683+0000] {standard_task_runner.py:88} INFO - Job 486: Subtask run_kafka_producer
[2025-06-09T16:20:20.720+0000] {task_command.py:423} INFO - Running <TaskInstance: kafka_ecommerce_pipeline.run_kafka_producer scheduled__2025-06-09T16:19:00+00:00 [running]> on host ed7c78a1ebb0
[2025-06-09T16:20:20.771+0000] {taskinstance.py:2480} INFO - Exporting env vars: AIRFLOW_CTX_DAG_OWNER='data-engineering-team' AIRFLOW_CTX_DAG_ID='kafka_ecommerce_pipeline' AIRFLOW_CTX_TASK_ID='run_kafka_producer' AIRFLOW_CTX_EXECUTION_DATE='2025-06-09T16:19:00+00:00' AIRFLOW_CTX_TRY_NUMBER='1' AIRFLOW_CTX_DAG_RUN_ID='scheduled__2025-06-09T16:19:00+00:00'
[2025-06-09T16:20:20.772+0000] {subprocess.py:63} INFO - Tmp dir root location: /tmp
[2025-06-09T16:20:20.774+0000] {subprocess.py:75} INFO - Running command: ['/usr/bin/bash', '-c', 'python /app/kafka_scripts/producer.py']
[2025-06-09T16:20:20.781+0000] {subprocess.py:86} INFO - Output:
[2025-06-09T16:20:38.112+0000] {subprocess.py:93} INFO - 🚀 Starting E-Commerce Event Producer
[2025-06-09T16:20:38.118+0000] {subprocess.py:93} INFO - 🔗 Kafka Bootstrap Servers: kafka:29092
[2025-06-09T16:20:38.118+0000] {subprocess.py:93} INFO - 🚀 Initializing Kafka producer with bootstrap servers: kafka:29092
[2025-06-09T16:20:38.118+0000] {subprocess.py:93} INFO - ⚠️ Error creating topics: [Error 36] TopicAlreadyExistsError: Request 'CreateTopicsRequest_v3(create_topic_requests=[(topic='ecommerce.product.views', num_partitions=3, replication_factor=1, replica_assignment=[], configs=[]), (topic='ecommerce.cart.add', num_partitions=3, replication_factor=1, replica_assignment=[], configs=[]), (topic='ecommerce.wishlist.add', num_partitions=3, replication_factor=1, replica_assignment=[], configs=[]), (topic='ecommerce.orders.completed', num_partitions=3, replication_factor=1, replica_assignment=[], configs=[])], timeout=30000, validate_only=False)' failed with response 'CreateTopicsResponse_v3(throttle_time_ms=0, topic_errors=[(topic='ecommerce.product.views', error_code=36, error_message="Topic 'ecommerce.product.views' already exists."), (topic='ecommerce.cart.add', error_code=36, error_message="Topic 'ecommerce.cart.add' already exists."), (topic='ecommerce.wishlist.add', error_code=36, error_message="Topic 'ecommerce.wishlist.add' already exists."), (topic='ecommerce.orders.completed', error_code=36, error_message="Topic 'ecommerce.orders.completed' already exists.")])'.
[2025-06-09T16:20:38.119+0000] {subprocess.py:93} INFO - ✅ Successfully connected to Kafka
[2025-06-09T16:20:38.119+0000] {subprocess.py:93} INFO - 🚀 Starting traffic simulation for 60 seconds at 5 events/second
[2025-06-09T16:20:38.119+0000] {subprocess.py:93} INFO - ✅ Sent to ecommerce.wishlist.add: add_to_wishlist (partition: 0, offset: 1297)
[2025-06-09T16:20:38.119+0000] {subprocess.py:93} INFO - ✅ Sent to ecommerce.product.views: product_view (partition: 0, offset: 11801)
[2025-06-09T16:20:38.120+0000] {subprocess.py:93} INFO - ✅ Sent to ecommerce.product.views: product_view (partition: 0, offset: 11802)
[2025-06-09T16:20:38.120+0000] {subprocess.py:93} INFO - ✅ Sent to ecommerce.cart.add: add_to_cart (partition: 0, offset: 3382)
[2025-06-09T16:20:38.120+0000] {subprocess.py:93} INFO - ✅ Sent to ecommerce.product.views: product_view (partition: 0, offset: 11803)
[2025-06-09T16:20:38.120+0000] {subprocess.py:93} INFO - ✅ Sent to ecommerce.orders.completed: order_completed (partition: 0, offset: 320)
[2025-06-09T16:20:38.120+0000] {subprocess.py:93} INFO - ✅ Sent to ecommerce.product.views: product_view (partition: 0, offset: 11804)
[2025-06-09T16:20:38.121+0000] {subprocess.py:93} INFO - ✅ Sent to ecommerce.product.views: product_view (partition: 0, offset: 11805)
[2025-06-09T16:20:38.121+0000] {subprocess.py:93} INFO - ✅ Sent to ecommerce.cart.add: add_to_cart (partition: 0, offset: 3383)
[2025-06-09T16:20:38.121+0000] {subprocess.py:93} INFO - ✅ Sent to ecommerce.product.views: product_view (partition: 0, offset: 11806)
[2025-06-09T16:20:38.121+0000] {subprocess.py:93} INFO - ✅ Sent to ecommerce.product.views: product_view (partition: 0, offset: 11807)
[2025-06-09T16:20:38.121+0000] {subprocess.py:93} INFO - ✅ Sent to ecommerce.product.views: product_view (partition: 0, offset: 11808)
[2025-06-09T16:20:38.121+0000] {subprocess.py:93} INFO - ✅ Sent to ecommerce.product.views: product_view (partition: 0, offset: 11809)
[2025-06-09T16:20:38.121+0000] {subprocess.py:93} INFO - ✅ Sent to ecommerce.product.views: product_view (partition: 0, offset: 11810)
[2025-06-09T16:20:38.122+0000] {subprocess.py:93} INFO - ✅ Sent to ecommerce.product.views: product_view (partition: 0, offset: 11811)
[2025-06-09T16:20:38.122+0000] {subprocess.py:93} INFO - ✅ Sent to ecommerce.product.views: product_view (partition: 0, offset: 11812)
[2025-06-09T16:20:38.122+0000] {subprocess.py:93} INFO - ✅ Sent to ecommerce.product.views: product_view (partition: 0, offset: 11813)
[2025-06-09T16:20:38.122+0000] {subprocess.py:93} INFO - ✅ Sent to ecommerce.product.views: product_view (partition: 0, offset: 11814)
[2025-06-09T16:20:38.122+0000] {subprocess.py:93} INFO - ✅ Sent to ecommerce.wishlist.add: add_to_wishlist (partition: 0, offset: 1298)
[2025-06-09T16:20:38.123+0000] {subprocess.py:93} INFO - ✅ Sent to ecommerce.product.views: product_view (partition: 0, offset: 11815)
[2025-06-09T16:20:38.123+0000] {subprocess.py:93} INFO - ✅ Sent to ecommerce.product.views: product_view (partition: 0, offset: 11816)
[2025-06-09T16:20:38.123+0000] {subprocess.py:93} INFO - ✅ Sent to ecommerce.cart.add: add_to_cart (partition: 0, offset: 3384)
[2025-06-09T16:20:38.123+0000] {subprocess.py:93} INFO - ✅ Sent to ecommerce.product.views: product_view (partition: 0, offset: 11817)
[2025-06-09T16:20:38.123+0000] {subprocess.py:93} INFO - ✅ Sent to ecommerce.product.views: product_view (partition: 0, offset: 11818)
[2025-06-09T16:20:38.124+0000] {subprocess.py:93} INFO - ✅ Sent to ecommerce.product.views: product_view (partition: 0, offset: 11819)
[2025-06-09T16:20:38.124+0000] {subprocess.py:93} INFO - ✅ Sent to ecommerce.product.views: product_view (partition: 0, offset: 11820)
[2025-06-09T16:20:38.124+0000] {subprocess.py:93} INFO - ✅ Sent to ecommerce.product.views: product_view (partition: 0, offset: 11821)
[2025-06-09T16:20:38.124+0000] {subprocess.py:93} INFO - ✅ Sent to ecommerce.product.views: product_view (partition: 0, offset: 11822)
[2025-06-09T16:20:38.125+0000] {subprocess.py:93} INFO - ✅ Sent to ecommerce.product.views: product_view (partition: 0, offset: 11823)
[2025-06-09T16:20:38.125+0000] {subprocess.py:93} INFO - ✅ Sent to ecommerce.product.views: product_view (partition: 0, offset: 11824)
[2025-06-09T16:20:38.125+0000] {subprocess.py:93} INFO - ✅ Sent to ecommerce.product.views: product_view (partition: 0, offset: 11825)
[2025-06-09T16:20:38.125+0000] {subprocess.py:93} INFO - ✅ Sent to ecommerce.product.views: product_view (partition: 0, offset: 11826)
[2025-06-09T16:20:38.125+0000] {subprocess.py:93} INFO - ✅ Sent to ecommerce.product.views: product_view (partition: 0, offset: 11827)
[2025-06-09T16:20:38.126+0000] {subprocess.py:93} INFO - ✅ Sent to ecommerce.product.views: product_view (partition: 0, offset: 11828)
[2025-06-09T16:20:38.126+0000] {subprocess.py:93} INFO - ✅ Sent to ecommerce.cart.add: add_to_cart (partition: 0, offset: 3385)
[2025-06-09T16:20:38.126+0000] {subprocess.py:93} INFO - ✅ Sent to ecommerce.product.views: product_view (partition: 0, offset: 11829)
[2025-06-09T16:20:38.126+0000] {subprocess.py:93} INFO - ✅ Sent to ecommerce.product.views: product_view (partition: 0, offset: 11830)
[2025-06-09T16:20:38.126+0000] {subprocess.py:93} INFO - ✅ Sent to ecommerce.product.views: product_view (partition: 0, offset: 11831)
[2025-06-09T16:20:38.126+0000] {subprocess.py:93} INFO - ✅ Sent to ecommerce.product.views: product_view (partition: 0, offset: 11832)
[2025-06-09T16:20:38.127+0000] {subprocess.py:93} INFO - ✅ Sent to ecommerce.cart.add: add_to_cart (partition: 0, offset: 3386)
[2025-06-09T16:20:38.127+0000] {subprocess.py:93} INFO - ✅ Sent to ecommerce.product.views: product_view (partition: 0, offset: 11833)
[2025-06-09T16:20:38.127+0000] {subprocess.py:93} INFO - ✅ Sent to ecommerce.product.views: product_view (partition: 0, offset: 11834)
[2025-06-09T16:20:38.127+0000] {subprocess.py:93} INFO - ✅ Sent to ecommerce.wishlist.add: add_to_wishlist (partition: 0, offset: 1299)
[2025-06-09T16:20:38.127+0000] {subprocess.py:93} INFO - ✅ Sent to ecommerce.product.views: product_view (partition: 0, offset: 11835)
[2025-06-09T16:20:38.127+0000] {subprocess.py:93} INFO - ✅ Sent to ecommerce.product.views: product_view (partition: 0, offset: 11836)
[2025-06-09T16:20:38.127+0000] {subprocess.py:93} INFO - ✅ Sent to ecommerce.product.views: product_view (partition: 0, offset: 11837)
[2025-06-09T16:20:38.127+0000] {subprocess.py:93} INFO - ✅ Sent to ecommerce.product.views: product_view (partition: 0, offset: 11838)
[2025-06-09T16:20:38.128+0000] {subprocess.py:93} INFO - ✅ Sent to ecommerce.product.views: product_view (partition: 0, offset: 11839)
[2025-06-09T16:20:38.128+0000] {subprocess.py:93} INFO - ✅ Sent to ecommerce.product.views: product_view (partition: 0, offset: 11840)
[2025-06-09T16:20:38.128+0000] {subprocess.py:93} INFO - ✅ Sent to ecommerce.product.views: product_view (partition: 0, offset: 11841)
[2025-06-09T16:20:38.128+0000] {subprocess.py:93} INFO - 📊 Progress: 10s elapsed, 50 events sent (5.0 events/sec)
[2025-06-09T16:20:38.128+0000] {subprocess.py:93} INFO - ✅ Sent to ecommerce.product.views: product_view (partition: 0, offset: 11842)
[2025-06-09T16:20:38.128+0000] {subprocess.py:93} INFO - ✅ Sent to ecommerce.product.views: product_view (partition: 0, offset: 11843)
[2025-06-09T16:20:38.128+0000] {subprocess.py:93} INFO - ✅ Sent to ecommerce.product.views: product_view (partition: 0, offset: 11844)
[2025-06-09T16:20:38.128+0000] {subprocess.py:93} INFO - ✅ Sent to ecommerce.product.views: product_view (partition: 0, offset: 11845)
[2025-06-09T16:20:38.129+0000] {subprocess.py:93} INFO - ✅ Sent to ecommerce.product.views: product_view (partition: 0, offset: 11846)
[2025-06-09T16:20:38.129+0000] {subprocess.py:93} INFO - ✅ Sent to ecommerce.product.views: product_view (partition: 0, offset: 11847)
[2025-06-09T16:20:38.129+0000] {subprocess.py:93} INFO - ✅ Sent to ecommerce.product.views: product_view (partition: 0, offset: 11848)
[2025-06-09T16:20:38.129+0000] {subprocess.py:93} INFO - ✅ Sent to ecommerce.product.views: product_view (partition: 0, offset: 11849)
[2025-06-09T16:20:38.129+0000] {subprocess.py:93} INFO - ✅ Sent to ecommerce.product.views: product_view (partition: 0, offset: 11850)
[2025-06-09T16:20:38.129+0000] {subprocess.py:93} INFO - ✅ Sent to ecommerce.product.views: product_view (partition: 0, offset: 11851)
[2025-06-09T16:20:38.129+0000] {subprocess.py:93} INFO - ✅ Sent to ecommerce.cart.add: add_to_cart (partition: 0, offset: 3387)
[2025-06-09T16:20:38.129+0000] {subprocess.py:93} INFO - ✅ Sent to ecommerce.product.views: product_view (partition: 0, offset: 11852)
[2025-06-09T16:20:38.130+0000] {subprocess.py:93} INFO - ✅ Sent to ecommerce.product.views: product_view (partition: 0, offset: 11853)
[2025-06-09T16:20:38.130+0000] {subprocess.py:93} INFO - ✅ Sent to ecommerce.cart.add: add_to_cart (partition: 0, offset: 3388)
[2025-06-09T16:20:38.130+0000] {subprocess.py:93} INFO - ✅ Sent to ecommerce.product.views: product_view (partition: 0, offset: 11854)
[2025-06-09T16:20:38.130+0000] {subprocess.py:93} INFO - ✅ Sent to ecommerce.product.views: product_view (partition: 0, offset: 11855)
[2025-06-09T16:20:38.130+0000] {subprocess.py:93} INFO - ✅ Sent to ecommerce.product.views: product_view (partition: 0, offset: 11856)
[2025-06-09T16:20:38.130+0000] {subprocess.py:93} INFO - ✅ Sent to ecommerce.product.views: product_view (partition: 0, offset: 11857)
[2025-06-09T16:20:38.130+0000] {subprocess.py:93} INFO - ✅ Sent to ecommerce.product.views: product_view (partition: 0, offset: 11858)
[2025-06-09T16:20:38.131+0000] {subprocess.py:93} INFO - ✅ Sent to ecommerce.product.views: product_view (partition: 0, offset: 11859)
[2025-06-09T16:20:38.131+0000] {subprocess.py:93} INFO - ✅ Sent to ecommerce.product.views: product_view (partition: 0, offset: 11860)
[2025-06-09T16:20:38.131+0000] {subprocess.py:93} INFO - ✅ Sent to ecommerce.product.views: product_view (partition: 0, offset: 11861)
[2025-06-09T16:20:38.131+0000] {subprocess.py:93} INFO - ✅ Sent to ecommerce.cart.add: add_to_cart (partition: 0, offset: 3389)
[2025-06-09T16:20:38.131+0000] {subprocess.py:93} INFO - ✅ Sent to ecommerce.cart.add: add_to_cart (partition: 0, offset: 3390)
[2025-06-09T16:20:38.131+0000] {subprocess.py:93} INFO - ✅ Sent to ecommerce.product.views: product_view (partition: 0, offset: 11862)
[2025-06-09T16:20:38.132+0000] {subprocess.py:93} INFO - ✅ Sent to ecommerce.product.views: product_view (partition: 0, offset: 11863)
[2025-06-09T16:20:38.132+0000] {subprocess.py:93} INFO - ✅ Sent to ecommerce.product.views: product_view (partition: 0, offset: 11864)
[2025-06-09T16:20:38.132+0000] {subprocess.py:93} INFO - ✅ Sent to ecommerce.product.views: product_view (partition: 0, offset: 11865)
[2025-06-09T16:20:38.132+0000] {subprocess.py:93} INFO - ✅ Sent to ecommerce.product.views: product_view (partition: 0, offset: 11866)
[2025-06-09T16:20:38.133+0000] {subprocess.py:93} INFO - ✅ Sent to ecommerce.product.views: product_view (partition: 0, offset: 11867)
[2025-06-09T16:20:38.133+0000] {subprocess.py:93} INFO - ✅ Sent to ecommerce.product.views: product_view (partition: 0, offset: 11868)
[2025-06-09T16:20:38.133+0000] {subprocess.py:93} INFO - ✅ Sent to ecommerce.product.views: product_view (partition: 0, offset: 11869)
[2025-06-09T16:20:38.134+0000] {subprocess.py:93} INFO - ✅ Sent to ecommerce.cart.add: add_to_cart (partition: 0, offset: 3391)
[2025-06-09T16:20:38.134+0000] {subprocess.py:93} INFO - ✅ Sent to ecommerce.product.views: product_view (partition: 0, offset: 11870)
[2025-06-09T16:20:38.134+0000] {subprocess.py:93} INFO - ✅ Sent to ecommerce.product.views: product_view (partition: 0, offset: 11871)
[2025-06-09T16:20:58.184+0000] {subprocess.py:93} INFO - ✅ Sent to ecommerce.product.views: product_view (partition: 0, offset: 11872)
[2025-06-09T16:20:58.188+0000] {subprocess.py:93} INFO - ✅ Sent to ecommerce.cart.add: add_to_cart (partition: 0, offset: 3392)
[2025-06-09T16:20:58.188+0000] {subprocess.py:93} INFO - ✅ Sent to ecommerce.cart.add: add_to_cart (partition: 0, offset: 3393)
[2025-06-09T16:20:58.188+0000] {subprocess.py:93} INFO - ✅ Sent to ecommerce.cart.add: add_to_cart (partition: 0, offset: 3394)
[2025-06-09T16:20:58.188+0000] {subprocess.py:93} INFO - ✅ Sent to ecommerce.product.views: product_view (partition: 0, offset: 11873)
[2025-06-09T16:20:58.189+0000] {subprocess.py:93} INFO - ✅ Sent to ecommerce.product.views: product_view (partition: 0, offset: 11874)
[2025-06-09T16:20:58.189+0000] {subprocess.py:93} INFO - ✅ Sent to ecommerce.product.views: product_view (partition: 0, offset: 11875)
[2025-06-09T16:20:58.189+0000] {subprocess.py:93} INFO - ✅ Sent to ecommerce.wishlist.add: add_to_wishlist (partition: 0, offset: 1300)
[2025-06-09T16:20:58.189+0000] {subprocess.py:93} INFO - ✅ Sent to ecommerce.cart.add: add_to_cart (partition: 0, offset: 3395)
[2025-06-09T16:20:58.189+0000] {subprocess.py:93} INFO - ✅ Sent to ecommerce.product.views: product_view (partition: 0, offset: 11876)
[2025-06-09T16:20:58.189+0000] {subprocess.py:93} INFO - ✅ Sent to ecommerce.cart.add: add_to_cart (partition: 0, offset: 3396)
[2025-06-09T16:20:58.189+0000] {subprocess.py:93} INFO - ✅ Sent to ecommerce.product.views: product_view (partition: 0, offset: 11877)
[2025-06-09T16:20:58.189+0000] {subprocess.py:93} INFO - ✅ Sent to ecommerce.cart.add: add_to_cart (partition: 0, offset: 3397)
[2025-06-09T16:20:58.189+0000] {subprocess.py:93} INFO - ✅ Sent to ecommerce.product.views: product_view (partition: 0, offset: 11878)
[2025-06-09T16:20:58.189+0000] {subprocess.py:93} INFO - ✅ Sent to ecommerce.cart.add: add_to_cart (partition: 0, offset: 3398)
[2025-06-09T16:20:58.190+0000] {subprocess.py:93} INFO - 📊 Progress: 20s elapsed, 100 events sent (5.0 events/sec)
[2025-06-09T16:20:58.190+0000] {subprocess.py:93} INFO - ✅ Sent to ecommerce.cart.add: add_to_cart (partition: 0, offset: 3399)
[2025-06-09T16:20:58.190+0000] {subprocess.py:93} INFO - ✅ Sent to ecommerce.cart.add: add_to_cart (partition: 0, offset: 3400)
[2025-06-09T16:20:58.190+0000] {subprocess.py:93} INFO - ✅ Sent to ecommerce.product.views: product_view (partition: 0, offset: 11879)
[2025-06-09T16:20:58.190+0000] {subprocess.py:93} INFO - ✅ Sent to ecommerce.product.views: product_view (partition: 0, offset: 11880)
[2025-06-09T16:20:58.190+0000] {subprocess.py:93} INFO - ✅ Sent to ecommerce.product.views: product_view (partition: 0, offset: 11881)
[2025-06-09T16:20:58.190+0000] {subprocess.py:93} INFO - ✅ Sent to ecommerce.product.views: product_view (partition: 0, offset: 11882)
[2025-06-09T16:20:58.190+0000] {subprocess.py:93} INFO - ✅ Sent to ecommerce.product.views: product_view (partition: 0, offset: 11883)
[2025-06-09T16:20:58.190+0000] {subprocess.py:93} INFO - ✅ Sent to ecommerce.cart.add: add_to_cart (partition: 0, offset: 3401)
[2025-06-09T16:20:58.190+0000] {subprocess.py:93} INFO - ✅ Sent to ecommerce.product.views: product_view (partition: 0, offset: 11884)
[2025-06-09T16:20:58.191+0000] {subprocess.py:93} INFO - ✅ Sent to ecommerce.product.views: product_view (partition: 0, offset: 11885)
[2025-06-09T16:20:58.191+0000] {subprocess.py:93} INFO - ✅ Sent to ecommerce.cart.add: add_to_cart (partition: 0, offset: 3402)
[2025-06-09T16:20:58.191+0000] {subprocess.py:93} INFO - ✅ Sent to ecommerce.cart.add: add_to_cart (partition: 0, offset: 3403)
[2025-06-09T16:20:58.191+0000] {subprocess.py:93} INFO - ✅ Sent to ecommerce.product.views: product_view (partition: 0, offset: 11886)
[2025-06-09T16:20:58.191+0000] {subprocess.py:93} INFO - ✅ Sent to ecommerce.product.views: product_view (partition: 0, offset: 11887)
[2025-06-09T16:20:58.191+0000] {subprocess.py:93} INFO - ✅ Sent to ecommerce.product.views: product_view (partition: 0, offset: 11888)
[2025-06-09T16:20:58.191+0000] {subprocess.py:93} INFO - ✅ Sent to ecommerce.product.views: product_view (partition: 0, offset: 11889)
[2025-06-09T16:20:58.191+0000] {subprocess.py:93} INFO - ✅ Sent to ecommerce.product.views: product_view (partition: 0, offset: 11890)
[2025-06-09T16:20:58.191+0000] {subprocess.py:93} INFO - ✅ Sent to ecommerce.product.views: product_view (partition: 0, offset: 11891)
[2025-06-09T16:20:58.191+0000] {subprocess.py:93} INFO - ✅ Sent to ecommerce.product.views: product_view (partition: 0, offset: 11892)
[2025-06-09T16:20:58.191+0000] {subprocess.py:93} INFO - ✅ Sent to ecommerce.cart.add: add_to_cart (partition: 0, offset: 3404)
[2025-06-09T16:20:58.191+0000] {subprocess.py:93} INFO - ✅ Sent to ecommerce.product.views: product_view (partition: 0, offset: 11893)
[2025-06-09T16:20:58.191+0000] {subprocess.py:93} INFO - ✅ Sent to ecommerce.product.views: product_view (partition: 0, offset: 11894)
[2025-06-09T16:20:58.192+0000] {subprocess.py:93} INFO - ✅ Sent to ecommerce.cart.add: add_to_cart (partition: 0, offset: 3405)
[2025-06-09T16:20:58.192+0000] {subprocess.py:93} INFO - ✅ Sent to ecommerce.product.views: product_view (partition: 0, offset: 11895)
[2025-06-09T16:20:58.192+0000] {subprocess.py:93} INFO - ✅ Sent to ecommerce.wishlist.add: add_to_wishlist (partition: 0, offset: 1301)
[2025-06-09T16:20:58.192+0000] {subprocess.py:93} INFO - ✅ Sent to ecommerce.cart.add: add_to_cart (partition: 0, offset: 3406)
[2025-06-09T16:20:58.192+0000] {subprocess.py:93} INFO - ✅ Sent to ecommerce.product.views: product_view (partition: 0, offset: 11896)
[2025-06-09T16:20:58.192+0000] {subprocess.py:93} INFO - ✅ Sent to ecommerce.product.views: product_view (partition: 0, offset: 11897)
[2025-06-09T16:20:58.192+0000] {subprocess.py:93} INFO - ✅ Sent to ecommerce.cart.add: add_to_cart (partition: 0, offset: 3407)
[2025-06-09T16:20:58.192+0000] {subprocess.py:93} INFO - ✅ Sent to ecommerce.product.views: product_view (partition: 0, offset: 11898)
[2025-06-09T16:20:58.192+0000] {subprocess.py:93} INFO - ✅ Sent to ecommerce.product.views: product_view (partition: 0, offset: 11899)
[2025-06-09T16:20:58.192+0000] {subprocess.py:93} INFO - ✅ Sent to ecommerce.product.views: product_view (partition: 0, offset: 11900)
[2025-06-09T16:20:58.192+0000] {subprocess.py:93} INFO - ✅ Sent to ecommerce.product.views: product_view (partition: 0, offset: 11901)
[2025-06-09T16:20:58.193+0000] {subprocess.py:93} INFO - ✅ Sent to ecommerce.product.views: product_view (partition: 0, offset: 11902)
[2025-06-09T16:20:58.193+0000] {subprocess.py:93} INFO - ✅ Sent to ecommerce.product.views: product_view (partition: 0, offset: 11903)
[2025-06-09T16:20:58.193+0000] {subprocess.py:93} INFO - ✅ Sent to ecommerce.product.views: product_view (partition: 0, offset: 11904)
[2025-06-09T16:20:58.193+0000] {subprocess.py:93} INFO - ✅ Sent to ecommerce.cart.add: add_to_cart (partition: 0, offset: 3408)
[2025-06-09T16:20:58.193+0000] {subprocess.py:93} INFO - ✅ Sent to ecommerce.product.views: product_view (partition: 0, offset: 11905)
[2025-06-09T16:20:58.193+0000] {subprocess.py:93} INFO - ✅ Sent to ecommerce.product.views: product_view (partition: 0, offset: 11906)
[2025-06-09T16:20:58.193+0000] {subprocess.py:93} INFO - ✅ Sent to ecommerce.product.views: product_view (partition: 0, offset: 11907)
[2025-06-09T16:20:58.193+0000] {subprocess.py:93} INFO - ✅ Sent to ecommerce.product.views: product_view (partition: 0, offset: 11908)
[2025-06-09T16:20:58.193+0000] {subprocess.py:93} INFO - ✅ Sent to ecommerce.cart.add: add_to_cart (partition: 0, offset: 3409)
[2025-06-09T16:20:58.193+0000] {subprocess.py:93} INFO - ✅ Sent to ecommerce.product.views: product_view (partition: 0, offset: 11909)
[2025-06-09T16:20:58.193+0000] {subprocess.py:93} INFO - ✅ Sent to ecommerce.product.views: product_view (partition: 0, offset: 11910)
[2025-06-09T16:20:58.193+0000] {subprocess.py:93} INFO - ✅ Sent to ecommerce.product.views: product_view (partition: 0, offset: 11911)
[2025-06-09T16:20:58.193+0000] {subprocess.py:93} INFO - ✅ Sent to ecommerce.product.views: product_view (partition: 0, offset: 11912)
[2025-06-09T16:20:58.194+0000] {subprocess.py:93} INFO - ✅ Sent to ecommerce.product.views: product_view (partition: 0, offset: 11913)
[2025-06-09T16:20:58.194+0000] {subprocess.py:93} INFO - ✅ Sent to ecommerce.cart.add: add_to_cart (partition: 0, offset: 3410)
[2025-06-09T16:20:58.194+0000] {subprocess.py:93} INFO - ✅ Sent to ecommerce.product.views: product_view (partition: 0, offset: 11914)
[2025-06-09T16:20:58.194+0000] {subprocess.py:93} INFO - ✅ Sent to ecommerce.product.views: product_view (partition: 0, offset: 11915)
[2025-06-09T16:20:58.194+0000] {subprocess.py:93} INFO - 📊 Progress: 30s elapsed, 150 events sent (5.0 events/sec)
[2025-06-09T16:20:58.194+0000] {subprocess.py:93} INFO - ✅ Sent to ecommerce.cart.add: add_to_cart (partition: 0, offset: 3411)
[2025-06-09T16:20:58.194+0000] {subprocess.py:93} INFO - ✅ Sent to ecommerce.cart.add: add_to_cart (partition: 0, offset: 3412)
[2025-06-09T16:20:58.194+0000] {subprocess.py:93} INFO - ✅ Sent to ecommerce.product.views: product_view (partition: 0, offset: 11916)
[2025-06-09T16:20:58.194+0000] {subprocess.py:93} INFO - ✅ Sent to ecommerce.orders.completed: order_completed (partition: 0, offset: 321)
[2025-06-09T16:20:58.195+0000] {subprocess.py:93} INFO - ✅ Sent to ecommerce.cart.add: add_to_cart (partition: 0, offset: 3413)
[2025-06-09T16:20:58.195+0000] {subprocess.py:93} INFO - ✅ Sent to ecommerce.product.views: product_view (partition: 0, offset: 11917)
[2025-06-09T16:20:58.195+0000] {subprocess.py:93} INFO - ✅ Sent to ecommerce.product.views: product_view (partition: 0, offset: 11918)
[2025-06-09T16:20:58.195+0000] {subprocess.py:93} INFO - ✅ Sent to ecommerce.product.views: product_view (partition: 0, offset: 11919)
[2025-06-09T16:20:58.195+0000] {subprocess.py:93} INFO - ✅ Sent to ecommerce.product.views: product_view (partition: 0, offset: 11920)
[2025-06-09T16:20:58.195+0000] {subprocess.py:93} INFO - ✅ Sent to ecommerce.product.views: product_view (partition: 0, offset: 11921)
[2025-06-09T16:20:58.195+0000] {subprocess.py:93} INFO - ✅ Sent to ecommerce.product.views: product_view (partition: 0, offset: 11922)
[2025-06-09T16:20:58.195+0000] {subprocess.py:93} INFO - ✅ Sent to ecommerce.product.views: product_view (partition: 0, offset: 11923)
[2025-06-09T16:20:58.195+0000] {subprocess.py:93} INFO - ✅ Sent to ecommerce.product.views: product_view (partition: 0, offset: 11924)
[2025-06-09T16:20:58.195+0000] {subprocess.py:93} INFO - ✅ Sent to ecommerce.product.views: product_view (partition: 0, offset: 11925)
[2025-06-09T16:20:58.195+0000] {subprocess.py:93} INFO - ✅ Sent to ecommerce.product.views: product_view (partition: 0, offset: 11926)
[2025-06-09T16:20:58.195+0000] {subprocess.py:93} INFO - ✅ Sent to ecommerce.product.views: product_view (partition: 0, offset: 11927)
[2025-06-09T16:20:58.196+0000] {subprocess.py:93} INFO - ✅ Sent to ecommerce.product.views: product_view (partition: 0, offset: 11928)
[2025-06-09T16:20:58.196+0000] {subprocess.py:93} INFO - ✅ Sent to ecommerce.product.views: product_view (partition: 0, offset: 11929)
[2025-06-09T16:20:58.196+0000] {subprocess.py:93} INFO - ✅ Sent to ecommerce.product.views: product_view (partition: 0, offset: 11930)
[2025-06-09T16:20:58.196+0000] {subprocess.py:93} INFO - ✅ Sent to ecommerce.product.views: product_view (partition: 0, offset: 11931)
[2025-06-09T16:20:58.196+0000] {subprocess.py:93} INFO - ✅ Sent to ecommerce.product.views: product_view (partition: 0, offset: 11932)
[2025-06-09T16:20:58.196+0000] {subprocess.py:93} INFO - ✅ Sent to ecommerce.cart.add: add_to_cart (partition: 0, offset: 3414)
[2025-06-09T16:20:58.196+0000] {subprocess.py:93} INFO - ✅ Sent to ecommerce.product.views: product_view (partition: 0, offset: 11933)
[2025-06-09T16:20:58.196+0000] {subprocess.py:93} INFO - ✅ Sent to ecommerce.product.views: product_view (partition: 0, offset: 11934)
[2025-06-09T16:20:58.196+0000] {subprocess.py:93} INFO - ✅ Sent to ecommerce.cart.add: add_to_cart (partition: 0, offset: 3415)
[2025-06-09T16:20:58.196+0000] {subprocess.py:93} INFO - ✅ Sent to ecommerce.product.views: product_view (partition: 0, offset: 11935)
[2025-06-09T16:20:58.196+0000] {subprocess.py:93} INFO - ✅ Sent to ecommerce.product.views: product_view (partition: 0, offset: 11936)
[2025-06-09T16:20:58.197+0000] {subprocess.py:93} INFO - ✅ Sent to ecommerce.product.views: product_view (partition: 0, offset: 11937)
[2025-06-09T16:20:58.197+0000] {subprocess.py:93} INFO - ✅ Sent to ecommerce.cart.add: add_to_cart (partition: 0, offset: 3416)
[2025-06-09T16:20:58.197+0000] {subprocess.py:93} INFO - ✅ Sent to ecommerce.product.views: product_view (partition: 0, offset: 11938)
[2025-06-09T16:20:58.197+0000] {subprocess.py:93} INFO - ✅ Sent to ecommerce.product.views: product_view (partition: 0, offset: 11939)
[2025-06-09T16:20:58.197+0000] {subprocess.py:93} INFO - ✅ Sent to ecommerce.wishlist.add: add_to_wishlist (partition: 0, offset: 1302)
[2025-06-09T16:20:58.197+0000] {subprocess.py:93} INFO - ✅ Sent to ecommerce.cart.add: add_to_cart (partition: 0, offset: 3417)
[2025-06-09T16:20:58.197+0000] {subprocess.py:93} INFO - ✅ Sent to ecommerce.product.views: product_view (partition: 0, offset: 11940)
[2025-06-09T16:20:58.197+0000] {subprocess.py:93} INFO - ✅ Sent to ecommerce.cart.add: add_to_cart (partition: 0, offset: 3418)
[2025-06-09T16:20:58.197+0000] {subprocess.py:93} INFO - ✅ Sent to ecommerce.wishlist.add: add_to_wishlist (partition: 0, offset: 1303)
[2025-06-09T16:20:58.197+0000] {subprocess.py:93} INFO - ✅ Sent to ecommerce.product.views: product_view (partition: 0, offset: 11941)
[2025-06-09T16:20:58.197+0000] {subprocess.py:93} INFO - ✅ Sent to ecommerce.product.views: product_view (partition: 0, offset: 11942)
[2025-06-09T16:21:19.242+0000] {subprocess.py:93} INFO - ✅ Sent to ecommerce.wishlist.add: add_to_wishlist (partition: 0, offset: 1304)
[2025-06-09T16:21:19.254+0000] {subprocess.py:93} INFO - ✅ Sent to ecommerce.cart.add: add_to_cart (partition: 0, offset: 3419)
[2025-06-09T16:21:19.254+0000] {subprocess.py:93} INFO - ✅ Sent to ecommerce.product.views: product_view (partition: 0, offset: 11943)
[2025-06-09T16:21:19.255+0000] {subprocess.py:93} INFO - ✅ Sent to ecommerce.product.views: product_view (partition: 0, offset: 11944)
[2025-06-09T16:21:19.255+0000] {subprocess.py:93} INFO - ✅ Sent to ecommerce.product.views: product_view (partition: 0, offset: 11945)
[2025-06-09T16:21:19.256+0000] {subprocess.py:93} INFO - ✅ Sent to ecommerce.product.views: product_view (partition: 0, offset: 11946)
[2025-06-09T16:21:19.256+0000] {subprocess.py:93} INFO - ✅ Sent to ecommerce.product.views: product_view (partition: 0, offset: 11947)
[2025-06-09T16:21:19.257+0000] {subprocess.py:93} INFO - ✅ Sent to ecommerce.cart.add: add_to_cart (partition: 0, offset: 3420)
[2025-06-09T16:21:19.257+0000] {subprocess.py:93} INFO - ✅ Sent to ecommerce.product.views: product_view (partition: 0, offset: 11948)
[2025-06-09T16:21:19.257+0000] {subprocess.py:93} INFO - ✅ Sent to ecommerce.cart.add: add_to_cart (partition: 0, offset: 3421)
[2025-06-09T16:21:19.258+0000] {subprocess.py:93} INFO - ✅ Sent to ecommerce.cart.add: add_to_cart (partition: 0, offset: 3422)
[2025-06-09T16:21:19.258+0000] {subprocess.py:93} INFO - ✅ Sent to ecommerce.product.views: product_view (partition: 0, offset: 11949)
[2025-06-09T16:21:19.259+0000] {subprocess.py:93} INFO - 📊 Progress: 40s elapsed, 200 events sent (5.0 events/sec)
[2025-06-09T16:21:19.260+0000] {subprocess.py:93} INFO - ✅ Sent to ecommerce.product.views: product_view (partition: 0, offset: 11950)
[2025-06-09T16:21:19.260+0000] {subprocess.py:93} INFO - ✅ Sent to ecommerce.product.views: product_view (partition: 0, offset: 11951)
[2025-06-09T16:21:19.261+0000] {subprocess.py:93} INFO - ✅ Sent to ecommerce.product.views: product_view (partition: 0, offset: 11952)
[2025-06-09T16:21:19.261+0000] {subprocess.py:93} INFO - ✅ Sent to ecommerce.cart.add: add_to_cart (partition: 0, offset: 3423)
[2025-06-09T16:21:19.262+0000] {subprocess.py:93} INFO - ✅ Sent to ecommerce.product.views: product_view (partition: 0, offset: 11953)
[2025-06-09T16:21:19.262+0000] {subprocess.py:93} INFO - ✅ Sent to ecommerce.product.views: product_view (partition: 0, offset: 11954)
[2025-06-09T16:21:19.263+0000] {subprocess.py:93} INFO - ✅ Sent to ecommerce.product.views: product_view (partition: 0, offset: 11955)
[2025-06-09T16:21:19.264+0000] {subprocess.py:93} INFO - ✅ Sent to ecommerce.product.views: product_view (partition: 0, offset: 11956)
[2025-06-09T16:21:19.264+0000] {subprocess.py:93} INFO - ✅ Sent to ecommerce.wishlist.add: add_to_wishlist (partition: 0, offset: 1305)
[2025-06-09T16:21:19.265+0000] {subprocess.py:93} INFO - ✅ Sent to ecommerce.product.views: product_view (partition: 0, offset: 11957)
[2025-06-09T16:21:19.265+0000] {subprocess.py:93} INFO - ✅ Sent to ecommerce.product.views: product_view (partition: 0, offset: 11958)
[2025-06-09T16:21:19.266+0000] {subprocess.py:93} INFO - ✅ Sent to ecommerce.product.views: product_view (partition: 0, offset: 11959)
[2025-06-09T16:21:19.266+0000] {subprocess.py:93} INFO - ✅ Sent to ecommerce.cart.add: add_to_cart (partition: 0, offset: 3424)
[2025-06-09T16:21:19.266+0000] {subprocess.py:93} INFO - ✅ Sent to ecommerce.product.views: product_view (partition: 0, offset: 11960)
[2025-06-09T16:21:19.266+0000] {subprocess.py:93} INFO - ✅ Sent to ecommerce.wishlist.add: add_to_wishlist (partition: 0, offset: 1306)
[2025-06-09T16:21:19.267+0000] {subprocess.py:93} INFO - ✅ Sent to ecommerce.product.views: product_view (partition: 0, offset: 11961)
[2025-06-09T16:21:19.267+0000] {subprocess.py:93} INFO - ✅ Sent to ecommerce.product.views: product_view (partition: 0, offset: 11962)
[2025-06-09T16:21:19.267+0000] {subprocess.py:93} INFO - ✅ Sent to ecommerce.wishlist.add: add_to_wishlist (partition: 0, offset: 1307)
[2025-06-09T16:21:19.268+0000] {subprocess.py:93} INFO - ✅ Sent to ecommerce.cart.add: add_to_cart (partition: 0, offset: 3425)
[2025-06-09T16:21:19.268+0000] {subprocess.py:93} INFO - ✅ Sent to ecommerce.cart.add: add_to_cart (partition: 0, offset: 3426)
[2025-06-09T16:21:19.269+0000] {subprocess.py:93} INFO - ✅ Sent to ecommerce.product.views: product_view (partition: 0, offset: 11963)
[2025-06-09T16:21:19.270+0000] {subprocess.py:93} INFO - ✅ Sent to ecommerce.product.views: product_view (partition: 0, offset: 11964)
[2025-06-09T16:21:19.270+0000] {subprocess.py:93} INFO - ✅ Sent to ecommerce.product.views: product_view (partition: 0, offset: 11965)
[2025-06-09T16:21:19.271+0000] {subprocess.py:93} INFO - ✅ Sent to ecommerce.cart.add: add_to_cart (partition: 0, offset: 3427)
[2025-06-09T16:21:19.271+0000] {subprocess.py:93} INFO - ✅ Sent to ecommerce.product.views: product_view (partition: 0, offset: 11966)
[2025-06-09T16:21:19.271+0000] {subprocess.py:93} INFO - ✅ Sent to ecommerce.product.views: product_view (partition: 0, offset: 11967)
[2025-06-09T16:21:19.272+0000] {subprocess.py:93} INFO - ✅ Sent to ecommerce.cart.add: add_to_cart (partition: 0, offset: 3428)
[2025-06-09T16:21:19.272+0000] {subprocess.py:93} INFO - ✅ Sent to ecommerce.product.views: product_view (partition: 0, offset: 11968)
[2025-06-09T16:21:19.272+0000] {subprocess.py:93} INFO - ✅ Sent to ecommerce.product.views: product_view (partition: 0, offset: 11969)
[2025-06-09T16:21:19.272+0000] {subprocess.py:93} INFO - ✅ Sent to ecommerce.cart.add: add_to_cart (partition: 0, offset: 3429)
[2025-06-09T16:21:19.273+0000] {subprocess.py:93} INFO - ✅ Sent to ecommerce.product.views: product_view (partition: 0, offset: 11970)
[2025-06-09T16:21:19.273+0000] {subprocess.py:93} INFO - ✅ Sent to ecommerce.product.views: product_view (partition: 0, offset: 11971)
[2025-06-09T16:21:19.273+0000] {subprocess.py:93} INFO - ✅ Sent to ecommerce.product.views: product_view (partition: 0, offset: 11972)
[2025-06-09T16:21:19.273+0000] {subprocess.py:93} INFO - ✅ Sent to ecommerce.product.views: product_view (partition: 0, offset: 11973)
[2025-06-09T16:21:19.274+0000] {subprocess.py:93} INFO - ✅ Sent to ecommerce.product.views: product_view (partition: 0, offset: 11974)
[2025-06-09T16:21:19.274+0000] {subprocess.py:93} INFO - ✅ Sent to ecommerce.product.views: product_view (partition: 0, offset: 11975)
[2025-06-09T16:21:19.274+0000] {subprocess.py:93} INFO - ✅ Sent to ecommerce.product.views: product_view (partition: 0, offset: 11976)
[2025-06-09T16:21:19.274+0000] {subprocess.py:93} INFO - ✅ Sent to ecommerce.cart.add: add_to_cart (partition: 0, offset: 3430)
[2025-06-09T16:21:19.275+0000] {subprocess.py:93} INFO - ✅ Sent to ecommerce.cart.add: add_to_cart (partition: 0, offset: 3431)
[2025-06-09T16:21:19.275+0000] {subprocess.py:93} INFO - ✅ Sent to ecommerce.product.views: product_view (partition: 0, offset: 11977)
[2025-06-09T16:21:19.275+0000] {subprocess.py:93} INFO - ✅ Sent to ecommerce.product.views: product_view (partition: 0, offset: 11978)
[2025-06-09T16:21:19.276+0000] {subprocess.py:93} INFO - ✅ Sent to ecommerce.product.views: product_view (partition: 0, offset: 11979)
[2025-06-09T16:21:19.276+0000] {subprocess.py:93} INFO - ✅ Sent to ecommerce.wishlist.add: add_to_wishlist (partition: 0, offset: 1308)
[2025-06-09T16:21:19.276+0000] {subprocess.py:93} INFO - ✅ Sent to ecommerce.product.views: product_view (partition: 0, offset: 11980)
[2025-06-09T16:21:19.276+0000] {subprocess.py:93} INFO - ✅ Sent to ecommerce.cart.add: add_to_cart (partition: 0, offset: 3432)
[2025-06-09T16:21:19.277+0000] {subprocess.py:93} INFO - ✅ Sent to ecommerce.cart.add: add_to_cart (partition: 0, offset: 3433)
[2025-06-09T16:21:19.277+0000] {subprocess.py:93} INFO - ✅ Sent to ecommerce.product.views: product_view (partition: 0, offset: 11981)
[2025-06-09T16:21:19.277+0000] {subprocess.py:93} INFO - ✅ Sent to ecommerce.cart.add: add_to_cart (partition: 0, offset: 3434)
[2025-06-09T16:21:19.277+0000] {subprocess.py:93} INFO - ✅ Sent to ecommerce.product.views: product_view (partition: 0, offset: 11982)
[2025-06-09T16:21:19.278+0000] {subprocess.py:93} INFO - ✅ Sent to ecommerce.product.views: product_view (partition: 0, offset: 11983)
[2025-06-09T16:21:19.278+0000] {subprocess.py:93} INFO - 📊 Progress: 50s elapsed, 250 events sent (5.0 events/sec)
[2025-06-09T16:21:19.278+0000] {subprocess.py:93} INFO - ✅ Sent to ecommerce.product.views: product_view (partition: 0, offset: 11984)
[2025-06-09T16:21:19.278+0000] {subprocess.py:93} INFO - ✅ Sent to ecommerce.wishlist.add: add_to_wishlist (partition: 0, offset: 1309)
[2025-06-09T16:21:19.279+0000] {subprocess.py:93} INFO - ✅ Sent to ecommerce.product.views: product_view (partition: 0, offset: 11985)
[2025-06-09T16:21:19.279+0000] {subprocess.py:93} INFO - ✅ Sent to ecommerce.cart.add: add_to_cart (partition: 0, offset: 3435)
[2025-06-09T16:21:19.279+0000] {subprocess.py:93} INFO - ✅ Sent to ecommerce.orders.completed: order_completed (partition: 0, offset: 322)
[2025-06-09T16:21:19.280+0000] {subprocess.py:93} INFO - ✅ Sent to ecommerce.cart.add: add_to_cart (partition: 0, offset: 3436)
[2025-06-09T16:21:19.280+0000] {subprocess.py:93} INFO - ✅ Sent to ecommerce.product.views: product_view (partition: 0, offset: 11986)
[2025-06-09T16:21:19.280+0000] {subprocess.py:93} INFO - ✅ Sent to ecommerce.wishlist.add: add_to_wishlist (partition: 0, offset: 1310)
[2025-06-09T16:21:19.280+0000] {subprocess.py:93} INFO - ✅ Sent to ecommerce.product.views: product_view (partition: 0, offset: 11987)
[2025-06-09T16:21:19.281+0000] {subprocess.py:93} INFO - ✅ Sent to ecommerce.product.views: product_view (partition: 0, offset: 11988)
[2025-06-09T16:21:19.281+0000] {subprocess.py:93} INFO - ✅ Sent to ecommerce.product.views: product_view (partition: 0, offset: 11989)
[2025-06-09T16:21:19.281+0000] {subprocess.py:93} INFO - ✅ Sent to ecommerce.product.views: product_view (partition: 0, offset: 11990)
[2025-06-09T16:21:19.281+0000] {subprocess.py:93} INFO - ✅ Sent to ecommerce.cart.add: add_to_cart (partition: 0, offset: 3437)
[2025-06-09T16:21:19.281+0000] {subprocess.py:93} INFO - ✅ Sent to ecommerce.product.views: product_view (partition: 0, offset: 11991)
[2025-06-09T16:21:19.285+0000] {subprocess.py:93} INFO - ✅ Sent to ecommerce.product.views: product_view (partition: 0, offset: 11992)
[2025-06-09T16:21:19.285+0000] {subprocess.py:93} INFO - ✅ Sent to ecommerce.product.views: product_view (partition: 0, offset: 11993)
[2025-06-09T16:21:19.285+0000] {subprocess.py:93} INFO - ✅ Sent to ecommerce.product.views: product_view (partition: 0, offset: 11994)
[2025-06-09T16:21:19.286+0000] {subprocess.py:93} INFO - ✅ Sent to ecommerce.cart.add: add_to_cart (partition: 0, offset: 3438)
[2025-06-09T16:21:19.286+0000] {subprocess.py:93} INFO - ✅ Sent to ecommerce.product.views: product_view (partition: 0, offset: 11995)
[2025-06-09T16:21:19.286+0000] {subprocess.py:93} INFO - ✅ Sent to ecommerce.product.views: product_view (partition: 0, offset: 11996)
[2025-06-09T16:21:19.287+0000] {subprocess.py:93} INFO - ✅ Sent to ecommerce.product.views: product_view (partition: 0, offset: 11997)
[2025-06-09T16:21:19.287+0000] {subprocess.py:93} INFO - ✅ Sent to ecommerce.product.views: product_view (partition: 0, offset: 11998)
[2025-06-09T16:21:19.287+0000] {subprocess.py:93} INFO - ✅ Sent to ecommerce.product.views: product_view (partition: 0, offset: 11999)
[2025-06-09T16:21:19.287+0000] {subprocess.py:93} INFO - ✅ Sent to ecommerce.cart.add: add_to_cart (partition: 0, offset: 3439)
[2025-06-09T16:21:19.287+0000] {subprocess.py:93} INFO - ✅ Sent to ecommerce.product.views: product_view (partition: 0, offset: 12000)
[2025-06-09T16:21:19.287+0000] {subprocess.py:93} INFO - ✅ Sent to ecommerce.product.views: product_view (partition: 0, offset: 12001)
[2025-06-09T16:21:19.288+0000] {subprocess.py:93} INFO - ✅ Sent to ecommerce.orders.completed: order_completed (partition: 0, offset: 323)
[2025-06-09T16:21:19.288+0000] {subprocess.py:93} INFO - ✅ Sent to ecommerce.product.views: product_view (partition: 0, offset: 12002)
[2025-06-09T16:21:19.288+0000] {subprocess.py:93} INFO - ✅ Sent to ecommerce.product.views: product_view (partition: 0, offset: 12003)
[2025-06-09T16:21:19.288+0000] {subprocess.py:93} INFO - ✅ Sent to ecommerce.product.views: product_view (partition: 0, offset: 12004)
[2025-06-09T16:21:19.288+0000] {subprocess.py:93} INFO - ✅ Sent to ecommerce.product.views: product_view (partition: 0, offset: 12005)
[2025-06-09T16:21:19.288+0000] {subprocess.py:93} INFO - ✅ Sent to ecommerce.product.views: product_view (partition: 0, offset: 12006)
[2025-06-09T16:21:19.288+0000] {subprocess.py:93} INFO - ✅ Sent to ecommerce.product.views: product_view (partition: 0, offset: 12007)
[2025-06-09T16:21:19.289+0000] {subprocess.py:93} INFO - ✅ Sent to ecommerce.product.views: product_view (partition: 0, offset: 12008)
[2025-06-09T16:21:19.289+0000] {subprocess.py:93} INFO - ✅ Sent to ecommerce.product.views: product_view (partition: 0, offset: 12009)
[2025-06-09T16:21:19.289+0000] {subprocess.py:93} INFO - ✅ Sent to ecommerce.product.views: product_view (partition: 0, offset: 12010)
[2025-06-09T16:21:19.289+0000] {subprocess.py:93} INFO - ✅ Sent to ecommerce.product.views: product_view (partition: 0, offset: 12011)
[2025-06-09T16:21:19.289+0000] {subprocess.py:93} INFO - ✅ Sent to ecommerce.product.views: product_view (partition: 0, offset: 12012)
[2025-06-09T16:21:19.289+0000] {subprocess.py:93} INFO - ✅ Sent to ecommerce.product.views: product_view (partition: 0, offset: 12013)
[2025-06-09T16:21:19.289+0000] {subprocess.py:93} INFO - ✅ Sent to ecommerce.wishlist.add: add_to_wishlist (partition: 0, offset: 1311)
[2025-06-09T16:21:21.241+0000] {subprocess.py:93} INFO - ✅ Sent to ecommerce.product.views: product_view (partition: 0, offset: 12014)
[2025-06-09T16:21:21.243+0000] {subprocess.py:93} INFO - ✅ Sent to ecommerce.product.views: product_view (partition: 0, offset: 12015)
[2025-06-09T16:21:21.244+0000] {subprocess.py:93} INFO - ✅ Sent to ecommerce.cart.add: add_to_cart (partition: 0, offset: 3440)
[2025-06-09T16:21:21.244+0000] {subprocess.py:93} INFO - ✅ Sent to ecommerce.cart.add: add_to_cart (partition: 0, offset: 3441)
[2025-06-09T16:21:21.245+0000] {subprocess.py:93} INFO - ✅ Sent to ecommerce.product.views: product_view (partition: 0, offset: 12016)
[2025-06-09T16:21:21.245+0000] {subprocess.py:93} INFO - ✅ Sent to ecommerce.product.views: product_view (partition: 0, offset: 12017)
[2025-06-09T16:21:21.246+0000] {subprocess.py:93} INFO - ✅ Sent to ecommerce.product.views: product_view (partition: 0, offset: 12018)
[2025-06-09T16:21:21.247+0000] {subprocess.py:93} INFO - ✅ Sent to ecommerce.product.views: product_view (partition: 0, offset: 12019)
[2025-06-09T16:21:21.247+0000] {subprocess.py:93} INFO - ✅ Sent to ecommerce.wishlist.add: add_to_wishlist (partition: 0, offset: 1312)
[2025-06-09T16:21:21.248+0000] {subprocess.py:93} INFO - ✅ Sent to ecommerce.product.views: product_view (partition: 0, offset: 12020)
[2025-06-09T16:21:21.248+0000] {subprocess.py:93} INFO - 📊 Progress: 60s elapsed, 300 events sent (5.0 events/sec)
[2025-06-09T16:21:21.249+0000] {subprocess.py:93} INFO - 🏁 Simulation completed: 300 events in 60.2 seconds (5.0 events/sec)
[2025-06-09T16:21:21.249+0000] {subprocess.py:93} INFO - ✅ Producer closed successfully
[2025-06-09T16:21:21.329+0000] {subprocess.py:97} INFO - Command exited with return code 0
[2025-06-09T16:21:21.382+0000] {taskinstance.py:1138} INFO - Marking task as SUCCESS. dag_id=kafka_ecommerce_pipeline, task_id=run_kafka_producer, execution_date=20250609T161900, start_date=20250609T162020, end_date=20250609T162121
[2025-06-09T16:21:21.439+0000] {local_task_job_runner.py:234} INFO - Task exited with return code 0
[2025-06-09T16:21:21.479+0000] {taskinstance.py:3280} INFO - 1 downstream tasks scheduled from follow-on schedule check
