[2025-06-07T20:00:00.661+0000] {taskinstance.py:1956} INFO - Dependencies all met for dep_context=non-requeueable deps ti=<TaskInstance: etl_dag.run_target_layer manual__2025-06-07T19:58:26.699470+00:00 [queued]>
[2025-06-07T20:00:00.665+0000] {taskinstance.py:1956} INFO - Dependencies all met for dep_context=requeueable deps ti=<TaskInstance: etl_dag.run_target_layer manual__2025-06-07T19:58:26.699470+00:00 [queued]>
[2025-06-07T20:00:00.665+0000] {taskinstance.py:2170} INFO - Starting attempt 1 of 2
[2025-06-07T20:00:00.671+0000] {taskinstance.py:2191} INFO - Executing <Task(BashOperator): run_target_layer> on 2025-06-07 19:58:26.699470+00:00
[2025-06-07T20:00:00.674+0000] {standard_task_runner.py:60} INFO - Started process 1575 to run task
[2025-06-07T20:00:00.677+0000] {standard_task_runner.py:87} INFO - Running: ['***', 'tasks', 'run', 'etl_dag', 'run_target_layer', 'manual__2025-06-07T19:58:26.699470+00:00', '--job-id', '60', '--raw', '--subdir', 'DAGS_FOLDER/etl_dag.py', '--cfg-path', '/tmp/tmphxncvf3x']
[2025-06-07T20:00:00.682+0000] {standard_task_runner.py:88} INFO - Job 60: Subtask run_target_layer
[2025-06-07T20:00:00.725+0000] {task_command.py:423} INFO - Running <TaskInstance: etl_dag.run_target_layer manual__2025-06-07T19:58:26.699470+00:00 [running]> on host c183c35f0e34
[2025-06-07T20:00:00.780+0000] {taskinstance.py:2480} INFO - Exporting env vars: AIRFLOW_CTX_DAG_OWNER='***' AIRFLOW_CTX_DAG_ID='etl_dag' AIRFLOW_CTX_TASK_ID='run_target_layer' AIRFLOW_CTX_EXECUTION_DATE='2025-06-07T19:58:26.699470+00:00' AIRFLOW_CTX_TRY_NUMBER='1' AIRFLOW_CTX_DAG_RUN_ID='manual__2025-06-07T19:58:26.699470+00:00'
[2025-06-07T20:00:00.781+0000] {subprocess.py:63} INFO - Tmp dir root location: /tmp
[2025-06-07T20:00:00.782+0000] {subprocess.py:75} INFO - Running command: ['/usr/bin/bash', '-c', 'cd /opt/***/ecom_etl && python target_layer.py']
[2025-06-07T20:00:00.789+0000] {subprocess.py:86} INFO - Output:
[2025-06-07T20:00:01.677+0000] {subprocess.py:93} INFO - 2025-06-07 20:00:01,676 - snowflake_dwh_script - INFO - --- Starting Snowflake DWH Load Script ---
[2025-06-07T20:00:01.680+0000] {subprocess.py:93} INFO - 2025-06-07 20:00:01,676 - snowflake.connector.connection - INFO - Snowflake Connector for Python Version: 3.6.0, Python Version: 3.8.18, Platform: Linux-6.10.14-linuxkit-aarch64-with-glibc2.34
[2025-06-07T20:00:01.680+0000] {subprocess.py:93} INFO - 2025-06-07 20:00:01,676 - snowflake.connector.connection - INFO - This connection is in OCSP Fail Open Mode. TLS Certificates would be checked for validity and revocation status. Any other Certificate Revocation related exceptions or OCSP Responder failures would be disregarded in favor of connectivity.
[2025-06-07T20:00:03.329+0000] {subprocess.py:93} INFO - 2025-06-07 20:00:03,329 - snowflake_dwh_script - INFO - Successfully connected to Snowflake with timeout configurations.
[2025-06-07T20:00:03.335+0000] {subprocess.py:93} INFO - 2025-06-07 20:00:03,329 - snowflake_dwh_script - INFO - Ensuring database 'ECOM_DWH' and schema 'PUBLIC' exist...
[2025-06-07T20:00:03.336+0000] {subprocess.py:93} INFO - 2025-06-07 20:00:03,329 - snowflake.connector.cursor - INFO - query: [CREATE DATABASE IF NOT EXISTS ECOM_DWH;]
[2025-06-07T20:00:03.619+0000] {subprocess.py:93} INFO - 2025-06-07 20:00:03,619 - snowflake.connector.cursor - INFO - query execution done
[2025-06-07T20:00:03.620+0000] {subprocess.py:93} INFO - 2025-06-07 20:00:03,620 - snowflake.connector.cursor - INFO - Number of results in first chunk: 1
[2025-06-07T20:00:03.620+0000] {subprocess.py:93} INFO - 2025-06-07 20:00:03,620 - snowflake_dwh_script - INFO - Query executed successfully.
[2025-06-07T20:00:03.620+0000] {subprocess.py:93} INFO - 2025-06-07 20:00:03,620 - snowflake.connector.cursor - INFO - query: [CREATE SCHEMA IF NOT EXISTS ECOM_DWH.PUBLIC;]
[2025-06-07T20:00:03.906+0000] {subprocess.py:93} INFO - 2025-06-07 20:00:03,906 - snowflake.connector.cursor - INFO - query execution done
[2025-06-07T20:00:03.909+0000] {subprocess.py:93} INFO - 2025-06-07 20:00:03,906 - snowflake.connector.cursor - INFO - Number of results in first chunk: 1
[2025-06-07T20:00:03.917+0000] {subprocess.py:93} INFO - 2025-06-07 20:00:03,907 - snowflake_dwh_script - INFO - Query executed successfully.
[2025-06-07T20:00:03.917+0000] {subprocess.py:93} INFO - 2025-06-07 20:00:03,907 - snowflake.connector.cursor - INFO - query: [USE DATABASE ECOM_DWH;]
[2025-06-07T20:00:04.220+0000] {subprocess.py:93} INFO - 2025-06-07 20:00:04,220 - snowflake.connector.cursor - INFO - query execution done
[2025-06-07T20:00:04.221+0000] {subprocess.py:93} INFO - 2025-06-07 20:00:04,221 - snowflake.connector.cursor - INFO - Number of results in first chunk: 1
[2025-06-07T20:00:04.221+0000] {subprocess.py:93} INFO - 2025-06-07 20:00:04,221 - snowflake_dwh_script - INFO - Query executed successfully.
[2025-06-07T20:00:04.222+0000] {subprocess.py:93} INFO - 2025-06-07 20:00:04,221 - snowflake.connector.cursor - INFO - query: [USE SCHEMA PUBLIC;]
[2025-06-07T20:00:04.513+0000] {subprocess.py:93} INFO - 2025-06-07 20:00:04,512 - snowflake.connector.cursor - INFO - query execution done
[2025-06-07T20:00:04.516+0000] {subprocess.py:93} INFO - 2025-06-07 20:00:04,513 - snowflake.connector.cursor - INFO - Number of results in first chunk: 1
[2025-06-07T20:00:04.517+0000] {subprocess.py:93} INFO - 2025-06-07 20:00:04,514 - snowflake_dwh_script - INFO - Query executed successfully.
[2025-06-07T20:00:04.517+0000] {subprocess.py:93} INFO - 2025-06-07 20:00:04,514 - snowflake_dwh_script - INFO - Creating DWH tables in the correct order...
[2025-06-07T20:00:04.518+0000] {subprocess.py:93} INFO - 2025-06-07 20:00:04,514 - snowflake_dwh_script - INFO - Creating table: DWH_GEOLOCATION...
[2025-06-07T20:00:04.519+0000] {subprocess.py:93} INFO - 2025-06-07 20:00:04,514 - snowflake.connector.cursor - INFO - query: [CREATE OR REPLACE TABLE ECOM_DWH.PUBLIC.DWH_GEOLOCATION ( GEOLOCATION_ID NUMBER ...]
[2025-06-07T20:00:05.270+0000] {subprocess.py:93} INFO - 2025-06-07 20:00:05,270 - snowflake.connector.cursor - INFO - query execution done
[2025-06-07T20:00:05.271+0000] {subprocess.py:93} INFO - 2025-06-07 20:00:05,270 - snowflake.connector.cursor - INFO - Number of results in first chunk: 1
[2025-06-07T20:00:05.271+0000] {subprocess.py:93} INFO - 2025-06-07 20:00:05,270 - snowflake_dwh_script - INFO - Query executed successfully.
[2025-06-07T20:00:05.272+0000] {subprocess.py:93} INFO - 2025-06-07 20:00:05,270 - snowflake_dwh_script - INFO - Creating table: DWH_PRODUCTS...
[2025-06-07T20:00:05.273+0000] {subprocess.py:93} INFO - 2025-06-07 20:00:05,271 - snowflake.connector.cursor - INFO - query: [CREATE OR REPLACE TABLE ECOM_DWH.PUBLIC.DWH_PRODUCTS ( PRODUCT_ID VARCHAR NOT NU...]
[2025-06-07T20:00:05.822+0000] {subprocess.py:93} INFO - 2025-06-07 20:00:05,822 - snowflake.connector.cursor - INFO - query execution done
[2025-06-07T20:00:05.822+0000] {subprocess.py:93} INFO - 2025-06-07 20:00:05,822 - snowflake.connector.cursor - INFO - Number of results in first chunk: 1
[2025-06-07T20:00:05.823+0000] {subprocess.py:93} INFO - 2025-06-07 20:00:05,822 - snowflake_dwh_script - INFO - Query executed successfully.
[2025-06-07T20:00:05.823+0000] {subprocess.py:93} INFO - 2025-06-07 20:00:05,822 - snowflake_dwh_script - INFO - Creating table: DWH_CUSTOMERS...
[2025-06-07T20:00:05.823+0000] {subprocess.py:93} INFO - 2025-06-07 20:00:05,822 - snowflake.connector.cursor - INFO - query: [CREATE OR REPLACE TABLE ECOM_DWH.PUBLIC.DWH_CUSTOMERS ( CUSTOMER_ID VARCHAR NOT ...]
[2025-06-07T20:00:07.601+0000] {subprocess.py:93} INFO - 2025-06-07 20:00:07,601 - snowflake.connector.cursor - INFO - query execution done
[2025-06-07T20:00:07.602+0000] {subprocess.py:93} INFO - 2025-06-07 20:00:07,601 - snowflake.connector.cursor - INFO - Number of results in first chunk: 1
[2025-06-07T20:00:07.603+0000] {subprocess.py:93} INFO - 2025-06-07 20:00:07,602 - snowflake_dwh_script - INFO - Query executed successfully.
[2025-06-07T20:00:07.603+0000] {subprocess.py:93} INFO - 2025-06-07 20:00:07,602 - snowflake_dwh_script - INFO - Creating table: DWH_SELLERS...
[2025-06-07T20:00:07.604+0000] {subprocess.py:93} INFO - 2025-06-07 20:00:07,602 - snowflake.connector.cursor - INFO - query: [CREATE OR REPLACE TABLE ECOM_DWH.PUBLIC.DWH_SELLERS ( SELLER_ID VARCHAR NOT NULL...]
[2025-06-07T20:00:08.464+0000] {subprocess.py:93} INFO - 2025-06-07 20:00:08,463 - snowflake.connector.cursor - INFO - query execution done
[2025-06-07T20:00:08.465+0000] {subprocess.py:93} INFO - 2025-06-07 20:00:08,463 - snowflake.connector.cursor - INFO - Number of results in first chunk: 1
[2025-06-07T20:00:08.465+0000] {subprocess.py:93} INFO - 2025-06-07 20:00:08,464 - snowflake_dwh_script - INFO - Query executed successfully.
[2025-06-07T20:00:08.465+0000] {subprocess.py:93} INFO - 2025-06-07 20:00:08,464 - snowflake_dwh_script - INFO - Creating table: DWH_ORDERS...
[2025-06-07T20:00:08.465+0000] {subprocess.py:93} INFO - 2025-06-07 20:00:08,464 - snowflake.connector.cursor - INFO - query: [CREATE OR REPLACE TABLE ECOM_DWH.PUBLIC.DWH_ORDERS ( ORDER_ID VARCHAR NOT NULL P...]
[2025-06-07T20:00:09.451+0000] {subprocess.py:93} INFO - 2025-06-07 20:00:09,451 - snowflake.connector.cursor - INFO - query execution done
[2025-06-07T20:00:09.452+0000] {subprocess.py:93} INFO - 2025-06-07 20:00:09,451 - snowflake.connector.cursor - INFO - Number of results in first chunk: 1
[2025-06-07T20:00:09.453+0000] {subprocess.py:93} INFO - 2025-06-07 20:00:09,451 - snowflake_dwh_script - INFO - Query executed successfully.
[2025-06-07T20:00:09.453+0000] {subprocess.py:93} INFO - 2025-06-07 20:00:09,452 - snowflake_dwh_script - INFO - Creating table: DWH_ORDER_ITEMS...
[2025-06-07T20:00:09.453+0000] {subprocess.py:93} INFO - 2025-06-07 20:00:09,452 - snowflake.connector.cursor - INFO - query: [CREATE OR REPLACE TABLE ECOM_DWH.PUBLIC.DWH_ORDER_ITEMS ( ORDER_ID VARCHAR NOT N...]
[2025-06-07T20:00:10.569+0000] {subprocess.py:93} INFO - 2025-06-07 20:00:10,568 - snowflake.connector.cursor - INFO - query execution done
[2025-06-07T20:00:10.569+0000] {subprocess.py:93} INFO - 2025-06-07 20:00:10,569 - snowflake.connector.cursor - INFO - Number of results in first chunk: 1
[2025-06-07T20:00:10.569+0000] {subprocess.py:93} INFO - 2025-06-07 20:00:10,569 - snowflake_dwh_script - INFO - Query executed successfully.
[2025-06-07T20:00:10.569+0000] {subprocess.py:93} INFO - 2025-06-07 20:00:10,569 - snowflake_dwh_script - INFO - Creating table: DWH_ORDER_PAYMENTS...
[2025-06-07T20:00:10.570+0000] {subprocess.py:93} INFO - 2025-06-07 20:00:10,569 - snowflake.connector.cursor - INFO - query: [CREATE OR REPLACE TABLE ECOM_DWH.PUBLIC.DWH_ORDER_PAYMENTS ( ORDER_ID VARCHAR NO...]
[2025-06-07T20:00:11.704+0000] {subprocess.py:93} INFO - 2025-06-07 20:00:11,704 - snowflake.connector.cursor - INFO - query execution done
[2025-06-07T20:00:11.705+0000] {subprocess.py:93} INFO - 2025-06-07 20:00:11,704 - snowflake.connector.cursor - INFO - Number of results in first chunk: 1
[2025-06-07T20:00:11.705+0000] {subprocess.py:93} INFO - 2025-06-07 20:00:11,704 - snowflake_dwh_script - INFO - Query executed successfully.
[2025-06-07T20:00:11.706+0000] {subprocess.py:93} INFO - 2025-06-07 20:00:11,704 - snowflake_dwh_script - INFO - Creating table: DWH_ORDER_REVIEWS...
[2025-06-07T20:00:11.706+0000] {subprocess.py:93} INFO - 2025-06-07 20:00:11,705 - snowflake.connector.cursor - INFO - query: [CREATE OR REPLACE TABLE ECOM_DWH.PUBLIC.DWH_ORDER_REVIEWS ( REVIEW_ID VARCHAR NO...]
[2025-06-07T20:00:12.303+0000] {subprocess.py:93} INFO - 2025-06-07 20:00:12,303 - snowflake.connector.cursor - INFO - query execution done
[2025-06-07T20:00:12.304+0000] {subprocess.py:93} INFO - 2025-06-07 20:00:12,303 - snowflake.connector.cursor - INFO - Number of results in first chunk: 1
[2025-06-07T20:00:12.305+0000] {subprocess.py:93} INFO - 2025-06-07 20:00:12,303 - snowflake_dwh_script - INFO - Query executed successfully.
[2025-06-07T20:00:12.305+0000] {subprocess.py:93} INFO - 2025-06-07 20:00:12,303 - snowflake_dwh_script - INFO - --- Starting Data Load from Staging to DWH ---
[2025-06-07T20:00:12.306+0000] {subprocess.py:93} INFO - 2025-06-07 20:00:12,303 - snowflake_dwh_script - INFO - Loading data from STG_GEOLOCATION into DWH_GEOLOCATION...
[2025-06-07T20:00:12.306+0000] {subprocess.py:93} INFO - 2025-06-07 20:00:12,304 - snowflake.connector.cursor - INFO - query: [DESCRIBE TABLE ECOM_STG.PUBLIC.STG_GEOLOCATION;]
[2025-06-07T20:00:12.596+0000] {subprocess.py:93} INFO - 2025-06-07 20:00:12,596 - snowflake.connector.cursor - INFO - query execution done
[2025-06-07T20:00:12.597+0000] {subprocess.py:93} INFO - 2025-06-07 20:00:12,597 - snowflake.connector.cursor - INFO - Number of results in first chunk: 6
[2025-06-07T20:00:12.598+0000] {subprocess.py:93} INFO - 2025-06-07 20:00:12,597 - snowflake.connector.cursor - INFO - query: [SELECT COUNT(*) FROM ECOM_STG.PUBLIC.STG_GEOLOCATION;]
[2025-06-07T20:00:13.164+0000] {subprocess.py:93} INFO - 2025-06-07 20:00:13,163 - snowflake.connector.cursor - INFO - query execution done
[2025-06-07T20:00:13.164+0000] {subprocess.py:93} INFO - 2025-06-07 20:00:13,164 - snowflake.connector.cursor - INFO - Number of results in first chunk: 1
[2025-06-07T20:00:13.165+0000] {subprocess.py:93} INFO - 2025-06-07 20:00:13,165 - snowflake.connector.cursor - INFO - query: [INSERT INTO ECOM_DWH.PUBLIC.DWH_GEOLOCATION (GEOLOCATION_ID, GEOLOCATION_ZIP_COD...]
[2025-06-07T20:00:15.332+0000] {subprocess.py:93} INFO - 2025-06-07 20:00:15,319 - snowflake.connector.cursor - INFO - query execution done
[2025-06-07T20:00:15.373+0000] {subprocess.py:93} INFO - 2025-06-07 20:00:15,328 - snowflake_dwh_script - INFO - Query executed successfully.
[2025-06-07T20:00:15.375+0000] {subprocess.py:93} INFO - 2025-06-07 20:00:15,330 - snowflake_dwh_script - INFO - Loaded 719801 records into DWH_GEOLOCATION
[2025-06-07T20:00:15.377+0000] {subprocess.py:93} INFO - 2025-06-07 20:00:15,331 - snowflake_dwh_script - INFO - Loading data from STG_PRODUCTS into DWH_PRODUCTS...
[2025-06-07T20:00:15.378+0000] {subprocess.py:93} INFO - 2025-06-07 20:00:15,331 - snowflake.connector.cursor - INFO - query: [DESCRIBE TABLE ECOM_STG.PUBLIC.STG_PRODUCTS;]
[2025-06-07T20:00:15.659+0000] {subprocess.py:93} INFO - 2025-06-07 20:00:15,659 - snowflake.connector.cursor - INFO - query execution done
[2025-06-07T20:00:15.660+0000] {subprocess.py:93} INFO - 2025-06-07 20:00:15,660 - snowflake.connector.cursor - INFO - Number of results in first chunk: 7
[2025-06-07T20:00:15.661+0000] {subprocess.py:93} INFO - 2025-06-07 20:00:15,660 - snowflake.connector.cursor - INFO - query: [SELECT COUNT(*) FROM ECOM_STG.PUBLIC.STG_PRODUCTS;]
[2025-06-07T20:00:15.983+0000] {subprocess.py:93} INFO - 2025-06-07 20:00:15,982 - snowflake.connector.cursor - INFO - query execution done
[2025-06-07T20:00:15.985+0000] {subprocess.py:93} INFO - 2025-06-07 20:00:15,983 - snowflake.connector.cursor - INFO - Number of results in first chunk: 1
[2025-06-07T20:00:15.986+0000] {subprocess.py:93} INFO - 2025-06-07 20:00:15,986 - snowflake.connector.cursor - INFO - query: [INSERT INTO ECOM_DWH.PUBLIC.DWH_PRODUCTS (PRODUCT_ID, PRODUCT_CATEGORY_NAME, PRO...]
[2025-06-07T20:00:16.714+0000] {subprocess.py:93} INFO - 2025-06-07 20:00:16,713 - snowflake.connector.cursor - INFO - query execution done
[2025-06-07T20:00:16.718+0000] {subprocess.py:93} INFO - 2025-06-07 20:00:16,714 - snowflake_dwh_script - INFO - Query executed successfully.
[2025-06-07T20:00:16.719+0000] {subprocess.py:93} INFO - 2025-06-07 20:00:16,714 - snowflake_dwh_script - INFO - Loaded 32951 records into DWH_PRODUCTS
[2025-06-07T20:00:16.719+0000] {subprocess.py:93} INFO - 2025-06-07 20:00:16,714 - snowflake_dwh_script - INFO - Loading data from STG_CUSTOMERS into DWH_CUSTOMERS...
[2025-06-07T20:00:16.719+0000] {subprocess.py:93} INFO - 2025-06-07 20:00:16,715 - snowflake.connector.cursor - INFO - query: [DESCRIBE TABLE ECOM_STG.PUBLIC.STG_CUSTOMERS;]
[2025-06-07T20:00:17.010+0000] {subprocess.py:93} INFO - 2025-06-07 20:00:17,009 - snowflake.connector.cursor - INFO - query execution done
[2025-06-07T20:00:17.010+0000] {subprocess.py:93} INFO - 2025-06-07 20:00:17,010 - snowflake.connector.cursor - INFO - Number of results in first chunk: 6
[2025-06-07T20:00:17.011+0000] {subprocess.py:93} INFO - 2025-06-07 20:00:17,010 - snowflake.connector.cursor - INFO - query: [SELECT COUNT(*) FROM ECOM_STG.PUBLIC.STG_CUSTOMERS;]
[2025-06-07T20:00:17.700+0000] {subprocess.py:93} INFO - 2025-06-07 20:00:17,700 - snowflake.connector.cursor - INFO - query execution done
[2025-06-07T20:00:17.701+0000] {subprocess.py:93} INFO - 2025-06-07 20:00:17,700 - snowflake.connector.cursor - INFO - Number of results in first chunk: 1
[2025-06-07T20:00:17.702+0000] {subprocess.py:93} INFO - 2025-06-07 20:00:17,701 - snowflake.connector.cursor - INFO - query: [INSERT INTO ECOM_DWH.PUBLIC.DWH_CUSTOMERS (CUSTOMER_ID, CUSTOMER_UNIQUE_ID, CUST...]
[2025-06-07T20:00:18.746+0000] {subprocess.py:93} INFO - 2025-06-07 20:00:18,745 - snowflake.connector.cursor - INFO - query execution done
[2025-06-07T20:00:18.746+0000] {subprocess.py:93} INFO - 2025-06-07 20:00:18,746 - snowflake_dwh_script - INFO - Query executed successfully.
[2025-06-07T20:00:18.746+0000] {subprocess.py:93} INFO - 2025-06-07 20:00:18,746 - snowflake_dwh_script - INFO - Loaded 99441 records into DWH_CUSTOMERS
[2025-06-07T20:00:18.746+0000] {subprocess.py:93} INFO - 2025-06-07 20:00:18,746 - snowflake_dwh_script - INFO - Loading data from STG_SELLERS into DWH_SELLERS...
[2025-06-07T20:00:18.746+0000] {subprocess.py:93} INFO - 2025-06-07 20:00:18,746 - snowflake.connector.cursor - INFO - query: [DESCRIBE TABLE ECOM_STG.PUBLIC.STG_SELLERS;]
[2025-06-07T20:00:19.041+0000] {subprocess.py:93} INFO - 2025-06-07 20:00:19,040 - snowflake.connector.cursor - INFO - query execution done
[2025-06-07T20:00:19.042+0000] {subprocess.py:93} INFO - 2025-06-07 20:00:19,042 - snowflake.connector.cursor - INFO - Number of results in first chunk: 5
[2025-06-07T20:00:19.043+0000] {subprocess.py:93} INFO - 2025-06-07 20:00:19,042 - snowflake.connector.cursor - INFO - query: [SELECT COUNT(*) FROM ECOM_STG.PUBLIC.STG_SELLERS;]
[2025-06-07T20:00:19.363+0000] {subprocess.py:93} INFO - 2025-06-07 20:00:19,362 - snowflake.connector.cursor - INFO - query execution done
[2025-06-07T20:00:19.365+0000] {subprocess.py:93} INFO - 2025-06-07 20:00:19,362 - snowflake.connector.cursor - INFO - Number of results in first chunk: 1
[2025-06-07T20:00:19.365+0000] {subprocess.py:93} INFO - 2025-06-07 20:00:19,364 - snowflake.connector.cursor - INFO - query: [INSERT INTO ECOM_DWH.PUBLIC.DWH_SELLERS (SELLER_ID, SELLER_ZIP_CODE_PREFIX, SELL...]
[2025-06-07T20:00:19.948+0000] {subprocess.py:93} INFO - 2025-06-07 20:00:19,947 - snowflake.connector.cursor - INFO - query execution done
[2025-06-07T20:00:19.949+0000] {subprocess.py:93} INFO - 2025-06-07 20:00:19,948 - snowflake_dwh_script - INFO - Query executed successfully.
[2025-06-07T20:00:19.950+0000] {subprocess.py:93} INFO - 2025-06-07 20:00:19,948 - snowflake_dwh_script - INFO - Loaded 3095 records into DWH_SELLERS
[2025-06-07T20:00:19.950+0000] {subprocess.py:93} INFO - 2025-06-07 20:00:19,948 - snowflake_dwh_script - INFO - Loading data from STG_ORDERS into DWH_ORDERS...
[2025-06-07T20:00:19.950+0000] {subprocess.py:93} INFO - 2025-06-07 20:00:19,948 - snowflake.connector.cursor - INFO - query: [DESCRIBE TABLE ECOM_STG.PUBLIC.STG_ORDERS;]
[2025-06-07T20:00:20.549+0000] {subprocess.py:93} INFO - 2025-06-07 20:00:20,549 - snowflake.connector.cursor - INFO - query execution done
[2025-06-07T20:00:20.551+0000] {subprocess.py:93} INFO - 2025-06-07 20:00:20,549 - snowflake.connector.cursor - INFO - Number of results in first chunk: 8
[2025-06-07T20:00:20.551+0000] {subprocess.py:93} INFO - 2025-06-07 20:00:20,550 - snowflake.connector.cursor - INFO - query: [SELECT COUNT(*) FROM ECOM_STG.PUBLIC.STG_ORDERS;]
[2025-06-07T20:00:20.890+0000] {subprocess.py:93} INFO - 2025-06-07 20:00:20,889 - snowflake.connector.cursor - INFO - query execution done
[2025-06-07T20:00:20.891+0000] {subprocess.py:93} INFO - 2025-06-07 20:00:20,890 - snowflake.connector.cursor - INFO - Number of results in first chunk: 1
[2025-06-07T20:00:20.892+0000] {subprocess.py:93} INFO - 2025-06-07 20:00:20,890 - snowflake.connector.cursor - INFO - query: [INSERT INTO ECOM_DWH.PUBLIC.DWH_ORDERS (ORDER_ID, CUSTOMER_ID, ORDER_STATUS, ORD...]
[2025-06-07T20:00:21.982+0000] {subprocess.py:93} INFO - 2025-06-07 20:00:21,982 - snowflake.connector.cursor - INFO - query execution done
[2025-06-07T20:00:21.983+0000] {subprocess.py:93} INFO - 2025-06-07 20:00:21,982 - snowflake_dwh_script - INFO - Query executed successfully.
[2025-06-07T20:00:21.983+0000] {subprocess.py:93} INFO - 2025-06-07 20:00:21,982 - snowflake_dwh_script - INFO - Loaded 99441 records into DWH_ORDERS
[2025-06-07T20:00:21.983+0000] {subprocess.py:93} INFO - 2025-06-07 20:00:21,982 - snowflake_dwh_script - INFO - Loading data from STG_ORDER_ITEMS into DWH_ORDER_ITEMS...
[2025-06-07T20:00:21.984+0000] {subprocess.py:93} INFO - 2025-06-07 20:00:21,983 - snowflake.connector.cursor - INFO - query: [DESCRIBE TABLE ECOM_STG.PUBLIC.STG_ORDER_ITEMS;]
[2025-06-07T20:00:22.264+0000] {subprocess.py:93} INFO - 2025-06-07 20:00:22,264 - snowflake.connector.cursor - INFO - query execution done
[2025-06-07T20:00:22.264+0000] {subprocess.py:93} INFO - 2025-06-07 20:00:22,264 - snowflake.connector.cursor - INFO - Number of results in first chunk: 7
[2025-06-07T20:00:22.265+0000] {subprocess.py:93} INFO - 2025-06-07 20:00:22,265 - snowflake.connector.cursor - INFO - query: [SELECT COUNT(*) FROM ECOM_STG.PUBLIC.STG_ORDER_ITEMS;]
[2025-06-07T20:00:22.593+0000] {subprocess.py:93} INFO - 2025-06-07 20:00:22,593 - snowflake.connector.cursor - INFO - query execution done
[2025-06-07T20:00:22.594+0000] {subprocess.py:93} INFO - 2025-06-07 20:00:22,593 - snowflake.connector.cursor - INFO - Number of results in first chunk: 1
[2025-06-07T20:00:22.594+0000] {subprocess.py:93} INFO - 2025-06-07 20:00:22,593 - snowflake.connector.cursor - INFO - query: [INSERT INTO ECOM_DWH.PUBLIC.DWH_ORDER_ITEMS (ORDER_ID, ORDER_ITEM_ID, PRODUCT_ID...]
[2025-06-07T20:00:24.498+0000] {subprocess.py:93} INFO - 2025-06-07 20:00:24,496 - snowflake.connector.cursor - INFO - query execution done
[2025-06-07T20:00:24.501+0000] {subprocess.py:93} INFO - 2025-06-07 20:00:24,498 - snowflake_dwh_script - INFO - Query executed successfully.
[2025-06-07T20:00:24.501+0000] {subprocess.py:93} INFO - 2025-06-07 20:00:24,498 - snowflake_dwh_script - INFO - Loaded 112650 records into DWH_ORDER_ITEMS
[2025-06-07T20:00:24.502+0000] {subprocess.py:93} INFO - 2025-06-07 20:00:24,498 - snowflake_dwh_script - INFO - Loading data from STG_ORDER_PAYMENTS into DWH_ORDER_PAYMENTS...
[2025-06-07T20:00:24.502+0000] {subprocess.py:93} INFO - 2025-06-07 20:00:24,499 - snowflake.connector.cursor - INFO - query: [DESCRIBE TABLE ECOM_STG.PUBLIC.STG_ORDER_PAYMENTS;]
[2025-06-07T20:00:25.315+0000] {subprocess.py:93} INFO - 2025-06-07 20:00:25,314 - snowflake.connector.cursor - INFO - query execution done
[2025-06-07T20:00:25.317+0000] {subprocess.py:93} INFO - 2025-06-07 20:00:25,315 - snowflake.connector.cursor - INFO - Number of results in first chunk: 5
[2025-06-07T20:00:25.319+0000] {subprocess.py:93} INFO - 2025-06-07 20:00:25,316 - snowflake.connector.cursor - INFO - query: [SELECT COUNT(*) FROM ECOM_STG.PUBLIC.STG_ORDER_PAYMENTS;]
[2025-06-07T20:00:25.645+0000] {subprocess.py:93} INFO - 2025-06-07 20:00:25,645 - snowflake.connector.cursor - INFO - query execution done
[2025-06-07T20:00:25.646+0000] {subprocess.py:93} INFO - 2025-06-07 20:00:25,645 - snowflake.connector.cursor - INFO - Number of results in first chunk: 1
[2025-06-07T20:00:25.646+0000] {subprocess.py:93} INFO - 2025-06-07 20:00:25,646 - snowflake.connector.cursor - INFO - query: [INSERT INTO ECOM_DWH.PUBLIC.DWH_ORDER_PAYMENTS (ORDER_ID, PAYMENT_SEQUENTIAL, PA...]
[2025-06-07T20:00:26.617+0000] {subprocess.py:93} INFO - 2025-06-07 20:00:26,616 - snowflake.connector.cursor - INFO - query execution done
[2025-06-07T20:00:26.618+0000] {subprocess.py:93} INFO - 2025-06-07 20:00:26,617 - snowflake_dwh_script - INFO - Query executed successfully.
[2025-06-07T20:00:26.619+0000] {subprocess.py:93} INFO - 2025-06-07 20:00:26,617 - snowflake_dwh_script - INFO - Loaded 103886 records into DWH_ORDER_PAYMENTS
[2025-06-07T20:00:26.619+0000] {subprocess.py:93} INFO - 2025-06-07 20:00:26,618 - snowflake_dwh_script - INFO - Loading data from STG_ORDER_REVIEWS into DWH_ORDER_REVIEWS...
[2025-06-07T20:00:26.620+0000] {subprocess.py:93} INFO - 2025-06-07 20:00:26,618 - snowflake.connector.cursor - INFO - query: [DESCRIBE TABLE ECOM_STG.PUBLIC.STG_ORDER_REVIEWS;]
[2025-06-07T20:00:26.900+0000] {subprocess.py:93} INFO - 2025-06-07 20:00:26,900 - snowflake.connector.cursor - INFO - query execution done
[2025-06-07T20:00:26.901+0000] {subprocess.py:93} INFO - 2025-06-07 20:00:26,900 - snowflake.connector.cursor - INFO - Number of results in first chunk: 7
[2025-06-07T20:00:26.902+0000] {subprocess.py:93} INFO - 2025-06-07 20:00:26,900 - snowflake.connector.cursor - INFO - query: [SELECT COUNT(*) FROM ECOM_STG.PUBLIC.STG_ORDER_REVIEWS;]
[2025-06-07T20:00:27.463+0000] {subprocess.py:93} INFO - 2025-06-07 20:00:27,462 - snowflake.connector.cursor - INFO - query execution done
[2025-06-07T20:00:27.464+0000] {subprocess.py:93} INFO - 2025-06-07 20:00:27,463 - snowflake.connector.cursor - INFO - Number of results in first chunk: 1
[2025-06-07T20:00:27.464+0000] {subprocess.py:93} INFO - 2025-06-07 20:00:27,463 - snowflake.connector.cursor - INFO - query: [INSERT INTO ECOM_DWH.PUBLIC.DWH_ORDER_REVIEWS (REVIEW_ID, ORDER_ID, REVIEW_SCORE...]
[2025-06-07T20:00:28.912+0000] {subprocess.py:93} INFO - 2025-06-07 20:00:28,907 - snowflake.connector.cursor - INFO - query execution done
[2025-06-07T20:00:28.919+0000] {subprocess.py:93} INFO - 2025-06-07 20:00:28,911 - snowflake_dwh_script - INFO - Query executed successfully.
[2025-06-07T20:00:28.920+0000] {subprocess.py:93} INFO - 2025-06-07 20:00:28,912 - snowflake_dwh_script - INFO - Loaded 98410 records into DWH_ORDER_REVIEWS
[2025-06-07T20:00:28.920+0000] {subprocess.py:93} INFO - 2025-06-07 20:00:28,912 - snowflake_dwh_script - INFO - --- Data Loading to DWH Finished ---
[2025-06-07T20:00:28.921+0000] {subprocess.py:93} INFO - 2025-06-07 20:00:28,912 - snowflake_dwh_script - INFO - --- Starting Export to S3 as Parquet with Native COPY INTO ---
[2025-06-07T20:00:28.921+0000] {subprocess.py:93} INFO - 2025-06-07 20:00:28,912 - snowflake_dwh_script - INFO - Exporting DWH_GEOLOCATION to S3 using native COPY INTO command...
[2025-06-07T20:00:28.922+0000] {subprocess.py:93} INFO - 2025-06-07 20:00:28,912 - snowflake.connector.cursor - INFO - query: [CREATE OR REPLACE FILE FORMAT ECOM_DWH.PUBLIC.PARQUET_FILE_FORMAT TYPE = PARQUET...]
[2025-06-07T20:00:29.227+0000] {subprocess.py:93} INFO - 2025-06-07 20:00:29,226 - snowflake.connector.cursor - INFO - query execution done
[2025-06-07T20:00:29.227+0000] {subprocess.py:93} INFO - 2025-06-07 20:00:29,227 - snowflake.connector.cursor - INFO - Number of results in first chunk: 1
[2025-06-07T20:00:29.227+0000] {subprocess.py:93} INFO - 2025-06-07 20:00:29,227 - snowflake_dwh_script - INFO - Query executed successfully.
[2025-06-07T20:00:29.227+0000] {subprocess.py:93} INFO - 2025-06-07 20:00:29,227 - snowflake_dwh_script - INFO - File format PARQUET_FILE_FORMAT ensured.
[2025-06-07T20:00:29.227+0000] {subprocess.py:93} INFO - 2025-06-07 20:00:29,227 - snowflake.connector.cursor - INFO - query: [COPY INTO 's3://rj-ecom-etl/processed/geolocation/' FROM ECOM_DWH.PUBLIC.DWH_GEO...]
[2025-06-07T20:00:30.199+0000] {subprocess.py:93} INFO - 2025-06-07 20:00:30,198 - snowflake.connector.cursor - INFO - query execution done
[2025-06-07T20:00:30.199+0000] {subprocess.py:93} INFO - 2025-06-07 20:00:30,199 - snowflake.connector.cursor - INFO - Number of results in first chunk: 1
[2025-06-07T20:00:30.200+0000] {subprocess.py:93} INFO - 2025-06-07 20:00:30,199 - snowflake_dwh_script - INFO - Query executed successfully.
[2025-06-07T20:00:30.200+0000] {subprocess.py:93} INFO - 2025-06-07 20:00:30,199 - snowflake_dwh_script - INFO - Successfully initiated COPY INTO for DWH_GEOLOCATION to s3://rj-ecom-etl/processed/geolocation/
[2025-06-07T20:00:30.200+0000] {subprocess.py:93} INFO - 2025-06-07 20:00:30,199 - snowflake_dwh_script - INFO - Snowflake will write data as one or more Parquet files under this prefix.
[2025-06-07T20:00:30.201+0000] {subprocess.py:93} INFO - 2025-06-07 20:00:30,199 - snowflake_dwh_script - INFO - Exporting DWH_PRODUCTS to S3 using native COPY INTO command...
[2025-06-07T20:00:30.201+0000] {subprocess.py:93} INFO - 2025-06-07 20:00:30,199 - snowflake.connector.cursor - INFO - query: [CREATE OR REPLACE FILE FORMAT ECOM_DWH.PUBLIC.PARQUET_FILE_FORMAT TYPE = PARQUET...]
[2025-06-07T20:00:31.196+0000] {subprocess.py:93} INFO - 2025-06-07 20:00:31,194 - snowflake.connector.cursor - INFO - query execution done
[2025-06-07T20:00:31.198+0000] {subprocess.py:93} INFO - 2025-06-07 20:00:31,196 - snowflake.connector.cursor - INFO - Number of results in first chunk: 1
[2025-06-07T20:00:31.199+0000] {subprocess.py:93} INFO - 2025-06-07 20:00:31,196 - snowflake_dwh_script - INFO - Query executed successfully.
[2025-06-07T20:00:31.199+0000] {subprocess.py:93} INFO - 2025-06-07 20:00:31,197 - snowflake_dwh_script - INFO - File format PARQUET_FILE_FORMAT ensured.
[2025-06-07T20:00:31.200+0000] {subprocess.py:93} INFO - 2025-06-07 20:00:31,197 - snowflake.connector.cursor - INFO - query: [COPY INTO 's3://rj-ecom-etl/processed/products/' FROM ECOM_DWH.PUBLIC.DWH_PRODUC...]
[2025-06-07T20:00:31.865+0000] {subprocess.py:93} INFO - 2025-06-07 20:00:31,864 - snowflake.connector.cursor - INFO - query execution done
[2025-06-07T20:00:31.867+0000] {subprocess.py:93} INFO - 2025-06-07 20:00:31,865 - snowflake.connector.cursor - INFO - Number of results in first chunk: 1
[2025-06-07T20:00:31.868+0000] {subprocess.py:93} INFO - 2025-06-07 20:00:31,865 - snowflake_dwh_script - INFO - Query executed successfully.
[2025-06-07T20:00:31.868+0000] {subprocess.py:93} INFO - 2025-06-07 20:00:31,865 - snowflake_dwh_script - INFO - Successfully initiated COPY INTO for DWH_PRODUCTS to s3://rj-ecom-etl/processed/products/
[2025-06-07T20:00:31.872+0000] {subprocess.py:93} INFO - 2025-06-07 20:00:31,865 - snowflake_dwh_script - INFO - Snowflake will write data as one or more Parquet files under this prefix.
[2025-06-07T20:00:31.872+0000] {subprocess.py:93} INFO - 2025-06-07 20:00:31,865 - snowflake_dwh_script - INFO - Exporting DWH_CUSTOMERS to S3 using native COPY INTO command...
[2025-06-07T20:00:31.872+0000] {subprocess.py:93} INFO - 2025-06-07 20:00:31,866 - snowflake.connector.cursor - INFO - query: [CREATE OR REPLACE FILE FORMAT ECOM_DWH.PUBLIC.PARQUET_FILE_FORMAT TYPE = PARQUET...]
[2025-06-07T20:00:32.170+0000] {subprocess.py:93} INFO - 2025-06-07 20:00:32,169 - snowflake.connector.cursor - INFO - query execution done
[2025-06-07T20:00:32.171+0000] {subprocess.py:93} INFO - 2025-06-07 20:00:32,170 - snowflake.connector.cursor - INFO - Number of results in first chunk: 1
[2025-06-07T20:00:32.171+0000] {subprocess.py:93} INFO - 2025-06-07 20:00:32,170 - snowflake_dwh_script - INFO - Query executed successfully.
[2025-06-07T20:00:32.172+0000] {subprocess.py:93} INFO - 2025-06-07 20:00:32,170 - snowflake_dwh_script - INFO - File format PARQUET_FILE_FORMAT ensured.
[2025-06-07T20:00:32.173+0000] {subprocess.py:93} INFO - 2025-06-07 20:00:32,170 - snowflake.connector.cursor - INFO - query: [COPY INTO 's3://rj-ecom-etl/processed/customers/' FROM ECOM_DWH.PUBLIC.DWH_CUSTO...]
[2025-06-07T20:00:33.566+0000] {subprocess.py:93} INFO - 2025-06-07 20:00:33,556 - snowflake.connector.cursor - INFO - query execution done
[2025-06-07T20:00:33.571+0000] {subprocess.py:93} INFO - 2025-06-07 20:00:33,565 - snowflake.connector.cursor - INFO - Number of results in first chunk: 1
[2025-06-07T20:00:33.571+0000] {subprocess.py:93} INFO - 2025-06-07 20:00:33,566 - snowflake_dwh_script - INFO - Query executed successfully.
[2025-06-07T20:00:33.572+0000] {subprocess.py:93} INFO - 2025-06-07 20:00:33,566 - snowflake_dwh_script - INFO - Successfully initiated COPY INTO for DWH_CUSTOMERS to s3://rj-ecom-etl/processed/customers/
[2025-06-07T20:00:33.572+0000] {subprocess.py:93} INFO - 2025-06-07 20:00:33,566 - snowflake_dwh_script - INFO - Snowflake will write data as one or more Parquet files under this prefix.
[2025-06-07T20:00:33.573+0000] {subprocess.py:93} INFO - 2025-06-07 20:00:33,566 - snowflake_dwh_script - INFO - Exporting DWH_SELLERS to S3 using native COPY INTO command...
[2025-06-07T20:00:33.574+0000] {subprocess.py:93} INFO - 2025-06-07 20:00:33,566 - snowflake.connector.cursor - INFO - query: [CREATE OR REPLACE FILE FORMAT ECOM_DWH.PUBLIC.PARQUET_FILE_FORMAT TYPE = PARQUET...]
[2025-06-07T20:00:34.583+0000] {subprocess.py:93} INFO - 2025-06-07 20:00:34,583 - snowflake.connector.cursor - INFO - query execution done
[2025-06-07T20:00:34.585+0000] {subprocess.py:93} INFO - 2025-06-07 20:00:34,583 - snowflake.connector.cursor - INFO - Number of results in first chunk: 1
[2025-06-07T20:00:34.586+0000] {subprocess.py:93} INFO - 2025-06-07 20:00:34,583 - snowflake_dwh_script - INFO - Query executed successfully.
[2025-06-07T20:00:34.586+0000] {subprocess.py:93} INFO - 2025-06-07 20:00:34,583 - snowflake_dwh_script - INFO - File format PARQUET_FILE_FORMAT ensured.
[2025-06-07T20:00:34.586+0000] {subprocess.py:93} INFO - 2025-06-07 20:00:34,583 - snowflake.connector.cursor - INFO - query: [COPY INTO 's3://rj-ecom-etl/processed/sellers/' FROM ECOM_DWH.PUBLIC.DWH_SELLERS...]
[2025-06-07T20:00:38.498+0000] {subprocess.py:93} INFO - 2025-06-07 20:00:38,493 - snowflake.connector.cursor - INFO - query execution done
[2025-06-07T20:00:38.505+0000] {subprocess.py:93} INFO - 2025-06-07 20:00:38,497 - snowflake.connector.cursor - INFO - Number of results in first chunk: 1
[2025-06-07T20:00:38.506+0000] {subprocess.py:93} INFO - 2025-06-07 20:00:38,499 - snowflake_dwh_script - INFO - Query executed successfully.
[2025-06-07T20:00:38.506+0000] {subprocess.py:93} INFO - 2025-06-07 20:00:38,499 - snowflake_dwh_script - INFO - Successfully initiated COPY INTO for DWH_SELLERS to s3://rj-ecom-etl/processed/sellers/
[2025-06-07T20:00:38.507+0000] {subprocess.py:93} INFO - 2025-06-07 20:00:38,499 - snowflake_dwh_script - INFO - Snowflake will write data as one or more Parquet files under this prefix.
[2025-06-07T20:00:38.507+0000] {subprocess.py:93} INFO - 2025-06-07 20:00:38,499 - snowflake_dwh_script - INFO - Exporting DWH_ORDERS to S3 using native COPY INTO command...
[2025-06-07T20:00:38.507+0000] {subprocess.py:93} INFO - 2025-06-07 20:00:38,499 - snowflake.connector.cursor - INFO - query: [CREATE OR REPLACE FILE FORMAT ECOM_DWH.PUBLIC.PARQUET_FILE_FORMAT TYPE = PARQUET...]
[2025-06-07T20:00:38.809+0000] {subprocess.py:93} INFO - 2025-06-07 20:00:38,809 - snowflake.connector.cursor - INFO - query execution done
[2025-06-07T20:00:38.811+0000] {subprocess.py:93} INFO - 2025-06-07 20:00:38,809 - snowflake.connector.cursor - INFO - Number of results in first chunk: 1
[2025-06-07T20:00:38.812+0000] {subprocess.py:93} INFO - 2025-06-07 20:00:38,810 - snowflake_dwh_script - INFO - Query executed successfully.
[2025-06-07T20:00:38.812+0000] {subprocess.py:93} INFO - 2025-06-07 20:00:38,810 - snowflake_dwh_script - INFO - File format PARQUET_FILE_FORMAT ensured.
[2025-06-07T20:00:38.813+0000] {subprocess.py:93} INFO - 2025-06-07 20:00:38,810 - snowflake.connector.cursor - INFO - query: [COPY INTO 's3://rj-ecom-etl/processed/orders/' FROM ECOM_DWH.PUBLIC.DWH_ORDERS S...]
[2025-06-07T20:00:39.309+0000] {subprocess.py:93} INFO - 2025-06-07 20:00:39,309 - snowflake.connector.cursor - INFO - query execution done
[2025-06-07T20:00:39.315+0000] {subprocess.py:93} INFO - 2025-06-07 20:00:39,315 - snowflake_dwh_script - WARNING - Query failed on attempt 1, retrying in 2 seconds: 100296 (22000): 01bce070-0000-2084-0000-0017048bb361: Error encountered when unloading to PARQUET: timestamp value out of INT64 range. Value: 1506941792999974800000
[2025-06-07T20:00:41.336+0000] {subprocess.py:93} INFO - 2025-06-07 20:00:41,325 - snowflake.connector.cursor - INFO - query: [COPY INTO 's3://rj-ecom-etl/processed/orders/' FROM ECOM_DWH.PUBLIC.DWH_ORDERS S...]
[2025-06-07T20:00:41.954+0000] {subprocess.py:93} INFO - 2025-06-07 20:00:41,954 - snowflake.connector.cursor - INFO - query execution done
[2025-06-07T20:00:41.956+0000] {subprocess.py:93} INFO - 2025-06-07 20:00:41,955 - snowflake_dwh_script - WARNING - Query failed on attempt 2, retrying in 2 seconds: 100296 (22000): 01bce070-0000-2038-0000-0017048be175: Error encountered when unloading to PARQUET: timestamp value out of INT64 range. Value: 1506941792999974800000
[2025-06-07T20:00:45.964+0000] {subprocess.py:93} INFO - 2025-06-07 20:00:45,962 - snowflake.connector.cursor - INFO - query: [COPY INTO 's3://rj-ecom-etl/processed/orders/' FROM ECOM_DWH.PUBLIC.DWH_ORDERS S...]
[2025-06-07T20:00:47.353+0000] {subprocess.py:93} INFO - 2025-06-07 20:00:47,352 - snowflake.connector.cursor - INFO - query execution done
[2025-06-07T20:00:47.355+0000] {subprocess.py:93} INFO - 2025-06-07 20:00:47,355 - snowflake_dwh_script - ERROR - Failed to execute query after 3 attempts: 100296 (22000): 01bce070-0000-20a9-0000-0017048ba3ad: Error encountered when unloading to PARQUET: timestamp value out of INT64 range. Value: 1506941792999974800000
[2025-06-07T20:00:47.356+0000] {subprocess.py:93} INFO - Query:
[2025-06-07T20:00:47.356+0000] {subprocess.py:93} INFO -         COPY INTO 's3://rj-ecom-etl/processed/orders/'
[2025-06-07T20:00:47.357+0000] {subprocess.py:93} INFO -         FROM ECOM_DWH.PUBLIC.DWH_ORDERS
[2025-06-07T20:00:47.358+0000] {subprocess.py:93} INFO -         STORAGE_INTEGRATION = s3_export_integration -- Replace with your Storage Integration Name
[2025-06-07T20:00:47.358+0000] {subprocess.py:93} INFO -         FILE_FORMAT = (FORMAT_NAME = PARQUET_FILE_FORMAT)
[2025-06-07T20:00:47.359+0000] {subprocess.py:93} INFO -         OVERWRITE = FALSE
[2025-06-07T20:00:47.359+0000] {subprocess.py:93} INFO -         MAX_FILE_SIZE = 536870912; -- 512 MB per file, adjust as needed
[2025-06-07T20:00:47.360+0000] {subprocess.py:93} INFO - 
[2025-06-07T20:00:47.360+0000] {subprocess.py:93} INFO - 2025-06-07 20:00:47,355 - snowflake_dwh_script - ERROR - Failed to export DWH_ORDERS to S3 using COPY INTO: 100296 (22000): 01bce070-0000-20a9-0000-0017048ba3ad: Error encountered when unloading to PARQUET: timestamp value out of INT64 range. Value: 1506941792999974800000
[2025-06-07T20:00:47.361+0000] {subprocess.py:93} INFO - 2025-06-07 20:00:47,355 - snowflake_dwh_script - ERROR - An error occurred during the DWH loading process: 100296 (22000): 01bce070-0000-20a9-0000-0017048ba3ad: Error encountered when unloading to PARQUET: timestamp value out of INT64 range. Value: 1506941792999974800000
[2025-06-07T20:00:50.156+0000] {subprocess.py:93} INFO - Logs uploaded to s3://rj-ecom-etl/reports/processed_reports/dwh_load_log_20250607_200001.txt
[2025-06-07T20:00:50.157+0000] {subprocess.py:93} INFO - 2025-06-07 20:00:50,156 - snowflake.connector.connection - INFO - closed
[2025-06-07T20:00:50.414+0000] {subprocess.py:93} INFO - 2025-06-07 20:00:50,414 - snowflake.connector.connection - INFO - No async queries seem to be running, deleting session
[2025-06-07T20:00:50.680+0000] {subprocess.py:93} INFO - 2025-06-07 20:00:50,680 - snowflake_dwh_script - INFO - Snowflake connection closed.
[2025-06-07T20:00:50.974+0000] {subprocess.py:97} INFO - Command exited with return code 1
[2025-06-07T20:00:51.012+0000] {taskinstance.py:2698} ERROR - Task failed with exception
Traceback (most recent call last):
  File "/home/airflow/.local/lib/python3.8/site-packages/airflow/models/taskinstance.py", line 433, in _execute_task
    result = execute_callable(context=context, **execute_callable_kwargs)
  File "/home/airflow/.local/lib/python3.8/site-packages/airflow/operators/bash.py", line 212, in execute
    raise AirflowException(
airflow.exceptions.AirflowException: Bash command failed. The command returned a non-zero exit code 1.
[2025-06-07T20:00:51.016+0000] {taskinstance.py:1138} INFO - Marking task as UP_FOR_RETRY. dag_id=etl_dag, task_id=run_target_layer, execution_date=20250607T195826, start_date=20250607T200000, end_date=20250607T200051
[2025-06-07T20:00:51.036+0000] {standard_task_runner.py:107} ERROR - Failed to execute job 60 for task run_target_layer (Bash command failed. The command returned a non-zero exit code 1.; 1575)
[2025-06-07T20:00:51.066+0000] {local_task_job_runner.py:234} INFO - Task exited with return code 1
[2025-06-07T20:00:51.108+0000] {taskinstance.py:3280} INFO - 0 downstream tasks scheduled from follow-on schedule check
