[2025-06-09T05:45:18.761+0000] {taskinstance.py:1956} INFO - Dependencies all met for dep_context=non-requeueable deps ti=<TaskInstance: kafka_ecommerce_pipeline.run_kafka_consumer scheduled__2025-06-09T05:40:00+00:00 [queued]>
[2025-06-09T05:45:18.766+0000] {taskinstance.py:1956} INFO - Dependencies all met for dep_context=requeueable deps ti=<TaskInstance: kafka_ecommerce_pipeline.run_kafka_consumer scheduled__2025-06-09T05:40:00+00:00 [queued]>
[2025-06-09T05:45:18.767+0000] {taskinstance.py:2170} INFO - Starting attempt 1 of 3
[2025-06-09T05:45:18.773+0000] {taskinstance.py:2191} INFO - Executing <Task(BashOperator): run_kafka_consumer> on 2025-06-09 05:40:00+00:00
[2025-06-09T05:45:18.776+0000] {standard_task_runner.py:60} INFO - Started process 475 to run task
[2025-06-09T05:45:18.778+0000] {standard_task_runner.py:87} INFO - Running: ['***', 'tasks', 'run', 'kafka_ecommerce_pipeline', 'run_kafka_consumer', 'scheduled__2025-06-09T05:40:00+00:00', '--job-id', '27', '--raw', '--subdir', 'DAGS_FOLDER/kafka_data_pipeline.py', '--cfg-path', '/tmp/tmp0l0dqyz5']
[2025-06-09T05:45:18.779+0000] {standard_task_runner.py:88} INFO - Job 27: Subtask run_kafka_consumer
[2025-06-09T05:45:18.812+0000] {task_command.py:423} INFO - Running <TaskInstance: kafka_ecommerce_pipeline.run_kafka_consumer scheduled__2025-06-09T05:40:00+00:00 [running]> on host 045789bdf773
[2025-06-09T05:45:18.854+0000] {taskinstance.py:2480} INFO - Exporting env vars: AIRFLOW_CTX_DAG_OWNER='data-engineering-team' AIRFLOW_CTX_DAG_ID='kafka_ecommerce_pipeline' AIRFLOW_CTX_TASK_ID='run_kafka_consumer' AIRFLOW_CTX_EXECUTION_DATE='2025-06-09T05:40:00+00:00' AIRFLOW_CTX_TRY_NUMBER='1' AIRFLOW_CTX_DAG_RUN_ID='scheduled__2025-06-09T05:40:00+00:00'
[2025-06-09T05:45:18.855+0000] {subprocess.py:63} INFO - Tmp dir root location: /tmp
[2025-06-09T05:45:18.856+0000] {subprocess.py:75} INFO - Running command: ['/usr/bin/bash', '-c', 'cd /opt/***/ecom_etl/ && python kafka_scripts/consumer.py']
[2025-06-09T05:45:18.863+0000] {subprocess.py:86} INFO - Output:
[2025-06-09T05:45:19.100+0000] {subprocess.py:93} INFO - 🚀 Starting E-Commerce Event Consumer
[2025-06-09T05:45:19.102+0000] {subprocess.py:93} INFO - 🔗 Kafka: kafka:29092
[2025-06-09T05:45:19.102+0000] {subprocess.py:93} INFO - 🔴 Redis: redis:6379
[2025-06-09T05:45:19.103+0000] {subprocess.py:93} INFO - ❌ Error initializing consumer: 'ECommerceEventConsumer' object has no attribute 'bootstrap_servers'
[2025-06-09T05:45:19.103+0000] {subprocess.py:93} INFO - ❌ Error in main: 'ECommerceEventConsumer' object has no attribute 'bootstrap_servers'
[2025-06-09T05:45:19.104+0000] {subprocess.py:93} INFO - Traceback (most recent call last):
[2025-06-09T05:45:19.104+0000] {subprocess.py:93} INFO -   File "kafka_scripts/consumer.py", line 462, in <module>
[2025-06-09T05:45:19.104+0000] {subprocess.py:93} INFO -     main()
[2025-06-09T05:45:19.104+0000] {subprocess.py:93} INFO -   File "kafka_scripts/consumer.py", line 452, in main
[2025-06-09T05:45:19.104+0000] {subprocess.py:93} INFO -     consumer = ECommerceEventConsumer()
[2025-06-09T05:45:19.104+0000] {subprocess.py:93} INFO -   File "kafka_scripts/consumer.py", line 56, in __init__
[2025-06-09T05:45:19.104+0000] {subprocess.py:93} INFO -     bootstrap_servers=self.bootstrap_servers,
[2025-06-09T05:45:19.105+0000] {subprocess.py:93} INFO - AttributeError: 'ECommerceEventConsumer' object has no attribute 'bootstrap_servers'
[2025-06-09T05:45:19.133+0000] {subprocess.py:97} INFO - Command exited with return code 1
[2025-06-09T05:45:19.145+0000] {taskinstance.py:2698} ERROR - Task failed with exception
Traceback (most recent call last):
  File "/home/airflow/.local/lib/python3.8/site-packages/airflow/models/taskinstance.py", line 428, in _execute_task
    result = execute_callable(context=context, **execute_callable_kwargs)
  File "/home/airflow/.local/lib/python3.8/site-packages/airflow/operators/bash.py", line 212, in execute
    raise AirflowException(
airflow.exceptions.AirflowException: Bash command failed. The command returned a non-zero exit code 1.
[2025-06-09T05:45:19.149+0000] {taskinstance.py:1138} INFO - Marking task as UP_FOR_RETRY. dag_id=kafka_ecommerce_pipeline, task_id=run_kafka_consumer, execution_date=20250609T054000, start_date=20250609T054518, end_date=20250609T054519
[2025-06-09T05:45:19.159+0000] {standard_task_runner.py:107} ERROR - Failed to execute job 27 for task run_kafka_consumer (Bash command failed. The command returned a non-zero exit code 1.; 475)
[2025-06-09T05:45:19.169+0000] {local_task_job_runner.py:234} INFO - Task exited with return code 1
[2025-06-09T05:45:19.188+0000] {taskinstance.py:3280} INFO - 0 downstream tasks scheduled from follow-on schedule check
