[2025-06-09T05:20:52.117+0000] {taskinstance.py:1956} INFO - Dependencies all met for dep_context=non-requeueable deps ti=<TaskInstance: kafka_data_pipeline.run_kafka_producer scheduled__2025-06-09T05:18:00+00:00 [queued]>
[2025-06-09T05:20:52.121+0000] {taskinstance.py:1956} INFO - Dependencies all met for dep_context=requeueable deps ti=<TaskInstance: kafka_data_pipeline.run_kafka_producer scheduled__2025-06-09T05:18:00+00:00 [queued]>
[2025-06-09T05:20:52.121+0000] {taskinstance.py:2170} INFO - Starting attempt 1 of 4
[2025-06-09T05:20:52.127+0000] {taskinstance.py:2191} INFO - Executing <Task(BashOperator): run_kafka_producer> on 2025-06-09 05:18:00+00:00
[2025-06-09T05:20:52.131+0000] {standard_task_runner.py:60} INFO - Started process 121 to run task
[2025-06-09T05:20:52.136+0000] {standard_task_runner.py:87} INFO - Running: ['***', 'tasks', 'run', 'kafka_data_pipeline', 'run_kafka_producer', 'scheduled__2025-06-09T05:18:00+00:00', '--job-id', '3', '--raw', '--subdir', 'DAGS_FOLDER/kafka_data_pipeline.py', '--cfg-path', '/tmp/tmpdahtyudf']
[2025-06-09T05:20:52.138+0000] {standard_task_runner.py:88} INFO - Job 3: Subtask run_kafka_producer
[2025-06-09T05:20:52.184+0000] {task_command.py:423} INFO - Running <TaskInstance: kafka_data_pipeline.run_kafka_producer scheduled__2025-06-09T05:18:00+00:00 [running]> on host 8c411d6bf824
[2025-06-09T05:20:52.278+0000] {taskinstance.py:2480} INFO - Exporting env vars: AIRFLOW_CTX_DAG_OWNER='***' AIRFLOW_CTX_DAG_ID='kafka_data_pipeline' AIRFLOW_CTX_TASK_ID='run_kafka_producer' AIRFLOW_CTX_EXECUTION_DATE='2025-06-09T05:18:00+00:00' AIRFLOW_CTX_TRY_NUMBER='1' AIRFLOW_CTX_DAG_RUN_ID='scheduled__2025-06-09T05:18:00+00:00'
[2025-06-09T05:20:52.280+0000] {subprocess.py:63} INFO - Tmp dir root location: /tmp
[2025-06-09T05:20:52.281+0000] {subprocess.py:75} INFO - Running command: ['/usr/bin/bash', '-c', 'python /opt/***/ecom_etl/kafka_scripts/producer.py']
[2025-06-09T05:20:52.291+0000] {subprocess.py:86} INFO - Output:
[2025-06-09T05:20:53.235+0000] {subprocess.py:93} INFO - 🚀 Starting E-Commerce Event Producer
[2025-06-09T05:20:53.239+0000] {subprocess.py:93} INFO - 🔗 Kafka: kafka:29092
[2025-06-09T05:20:53.239+0000] {subprocess.py:93} INFO - 📊 Topics:
[2025-06-09T05:20:53.239+0000] {subprocess.py:93} INFO -    - ecommerce.product.views
[2025-06-09T05:20:53.240+0000] {subprocess.py:93} INFO -    - ecommerce.cart.add
[2025-06-09T05:20:53.240+0000] {subprocess.py:93} INFO -    - ecommerce.wishlist.add
[2025-06-09T05:20:53.241+0000] {subprocess.py:93} INFO -    - ecommerce.orders.completed
[2025-06-09T05:20:53.241+0000] {subprocess.py:93} INFO - 🚀 Initializing Kafka producer with bootstrap servers: kafka:29092
[2025-06-09T05:20:53.323+0000] {subprocess.py:93} INFO - ✅ Successfully connected to Kafka
[2025-06-09T05:20:53.324+0000] {subprocess.py:93} INFO - 
[2025-06-09T05:20:53.324+0000] {subprocess.py:93} INFO - 🔄 Starting e-commerce event simulation...
[2025-06-09T05:20:53.324+0000] {subprocess.py:93} INFO - 🚀 Starting simulation for 20 events at 2 events/second
[2025-06-09T05:20:54.211+0000] {subprocess.py:93} INFO - ❤️  Sent wishlist_add to ecommerce.wishlist.add - Product: Nike Air Max
[2025-06-09T05:20:54.492+0000] {subprocess.py:93} INFO - ✅ Sent product_view to ecommerce.product.views - Product: Coffee Maker
[2025-06-09T05:20:54.995+0000] {subprocess.py:93} INFO - ✅ Sent product_view to ecommerce.product.views - Product: MacBook Pro
[2025-06-09T05:20:54.995+0000] {subprocess.py:93} INFO - ✅ Sent product_view to ecommerce.product.views - Product: Wireless Headphones
[2025-06-09T05:20:55.498+0000] {subprocess.py:93} INFO - ❤️  Sent wishlist_add to ecommerce.wishlist.add - Product: Nike Air Max
[2025-06-09T05:20:55.500+0000] {subprocess.py:93} INFO - ❤️  Sent wishlist_add to ecommerce.wishlist.add - Product: iPhone 15 Pro
[2025-06-09T05:20:56.007+0000] {subprocess.py:93} INFO - ❤️  Sent wishlist_add to ecommerce.wishlist.add - Product: Adidas Sneakers
[2025-06-09T05:20:56.009+0000] {subprocess.py:93} INFO - ✅ Sent product_view to ecommerce.product.views - Product: iPhone 15 Pro
[2025-06-09T05:20:56.703+0000] {subprocess.py:93} INFO - 🛒 Sent add_to_cart to ecommerce.cart.add - Product: iPhone 15 Pro
[2025-06-09T05:20:56.703+0000] {subprocess.py:93} INFO - 🛒 Sent add_to_cart to ecommerce.cart.add - Product: Coffee Maker
[2025-06-09T05:20:56.703+0000] {subprocess.py:93} INFO - 📊 Progress: 10/20 events in 3.4 seconds
[2025-06-09T05:20:57.208+0000] {subprocess.py:93} INFO - ❤️  Sent wishlist_add to ecommerce.wishlist.add - Product: MacBook Pro
[2025-06-09T05:20:57.340+0000] {subprocess.py:93} INFO - 💰 Sent order to ecommerce.orders.completed - Order: order_66691
[2025-06-09T05:20:57.845+0000] {subprocess.py:93} INFO - 💰 Sent order to ecommerce.orders.completed - Order: order_77907
[2025-06-09T05:20:57.846+0000] {subprocess.py:93} INFO - ✅ Sent product_view to ecommerce.product.views - Product: Nike Air Max
[2025-06-09T05:20:58.349+0000] {subprocess.py:93} INFO - ❤️  Sent wishlist_add to ecommerce.wishlist.add - Product: Levi's Jeans
[2025-06-09T05:20:58.351+0000] {subprocess.py:93} INFO - ❤️  Sent wishlist_add to ecommerce.wishlist.add - Product: Nike Air Max
[2025-06-09T05:20:58.852+0000] {subprocess.py:93} INFO - ❤️  Sent wishlist_add to ecommerce.wishlist.add - Product: Levi's Jeans
[2025-06-09T05:20:58.852+0000] {subprocess.py:93} INFO - ✅ Sent product_view to ecommerce.product.views - Product: iPhone 15 Pro
[2025-06-09T05:20:59.359+0000] {subprocess.py:93} INFO - ✅ Sent product_view to ecommerce.product.views - Product: Adidas Sneakers
[2025-06-09T05:20:59.363+0000] {subprocess.py:93} INFO - ✅ Sent product_view to ecommerce.product.views - Product: Levi's Jeans
[2025-06-09T05:20:59.365+0000] {subprocess.py:93} INFO - 📊 Progress: 20/20 events in 6.0 seconds
[2025-06-09T05:20:59.373+0000] {subprocess.py:93} INFO - 
[2025-06-09T05:20:59.373+0000] {subprocess.py:93} INFO - 📈 Simulation completed! Generated 20 events in 6.0 seconds
[2025-06-09T05:20:59.452+0000] {subprocess.py:97} INFO - Command exited with return code 0
[2025-06-09T05:20:59.495+0000] {taskinstance.py:1138} INFO - Marking task as SUCCESS. dag_id=kafka_data_pipeline, task_id=run_kafka_producer, execution_date=20250609T051800, start_date=20250609T052052, end_date=20250609T052059
[2025-06-09T05:20:59.535+0000] {local_task_job_runner.py:234} INFO - Task exited with return code 0
[2025-06-09T05:20:59.565+0000] {taskinstance.py:3280} INFO - 1 downstream tasks scheduled from follow-on schedule check
