[2025-06-09T06:09:07.843+0000] {taskinstance.py:1956} INFO - Dependencies all met for dep_context=non-requeueable deps ti=<TaskInstance: kafka_ecommerce_pipeline.run_kafka_producer scheduled__2025-06-09T06:00:00+00:00 [queued]>
[2025-06-09T06:09:07.847+0000] {taskinstance.py:1956} INFO - Dependencies all met for dep_context=requeueable deps ti=<TaskInstance: kafka_ecommerce_pipeline.run_kafka_producer scheduled__2025-06-09T06:00:00+00:00 [queued]>
[2025-06-09T06:09:07.847+0000] {taskinstance.py:2170} INFO - Starting attempt 1 of 3
[2025-06-09T06:09:07.853+0000] {taskinstance.py:2191} INFO - Executing <Task(BashOperator): run_kafka_producer> on 2025-06-09 06:00:00+00:00
[2025-06-09T06:09:07.857+0000] {standard_task_runner.py:60} INFO - Started process 156 to run task
[2025-06-09T06:09:07.859+0000] {standard_task_runner.py:87} INFO - Running: ['***', 'tasks', 'run', 'kafka_ecommerce_pipeline', 'run_kafka_producer', 'scheduled__2025-06-09T06:00:00+00:00', '--job-id', '4', '--raw', '--subdir', 'DAGS_FOLDER/kafka_data_pipeline.py', '--cfg-path', '/tmp/tmpfezvb9fl']
[2025-06-09T06:09:07.860+0000] {standard_task_runner.py:88} INFO - Job 4: Subtask run_kafka_producer
[2025-06-09T06:09:07.921+0000] {task_command.py:423} INFO - Running <TaskInstance: kafka_ecommerce_pipeline.run_kafka_producer scheduled__2025-06-09T06:00:00+00:00 [running]> on host 214da608bc37
[2025-06-09T06:09:08.029+0000] {taskinstance.py:2480} INFO - Exporting env vars: AIRFLOW_CTX_DAG_OWNER='data-engineering-team' AIRFLOW_CTX_DAG_ID='kafka_ecommerce_pipeline' AIRFLOW_CTX_TASK_ID='run_kafka_producer' AIRFLOW_CTX_EXECUTION_DATE='2025-06-09T06:00:00+00:00' AIRFLOW_CTX_TRY_NUMBER='1' AIRFLOW_CTX_DAG_RUN_ID='scheduled__2025-06-09T06:00:00+00:00'
[2025-06-09T06:09:08.036+0000] {subprocess.py:63} INFO - Tmp dir root location: /tmp
[2025-06-09T06:09:08.040+0000] {subprocess.py:75} INFO - Running command: ['/usr/bin/bash', '-c', 'cd /opt/***/ecom_etl/ && python kafka_scripts/producer.py']
[2025-06-09T06:09:08.061+0000] {subprocess.py:86} INFO - Output:
[2025-06-09T06:09:09.124+0000] {subprocess.py:93} INFO - 🚀 Starting E-Commerce Event Producer
[2025-06-09T06:09:09.135+0000] {subprocess.py:93} INFO - 🔗 Kafka: kafka:29092
[2025-06-09T06:09:09.136+0000] {subprocess.py:93} INFO - 📊 Topics:
[2025-06-09T06:09:09.136+0000] {subprocess.py:93} INFO -    - ecommerce.product.views
[2025-06-09T06:09:09.137+0000] {subprocess.py:93} INFO -    - ecommerce.cart.add
[2025-06-09T06:09:09.137+0000] {subprocess.py:93} INFO -    - ecommerce.wishlist.add
[2025-06-09T06:09:09.138+0000] {subprocess.py:93} INFO -    - ecommerce.orders.completed
[2025-06-09T06:09:09.139+0000] {subprocess.py:93} INFO - 🚀 Initializing Kafka producer with bootstrap servers: kafka:29092
[2025-06-09T06:09:09.277+0000] {subprocess.py:93} INFO - ✅ Successfully connected to Kafka
[2025-06-09T06:09:09.278+0000] {subprocess.py:93} INFO - 
[2025-06-09T06:09:09.278+0000] {subprocess.py:93} INFO - 🔄 Starting e-commerce event simulation...
[2025-06-09T06:09:09.278+0000] {subprocess.py:93} INFO - 🚀 Starting simulation for 20 events at 2 events/second
[2025-06-09T06:09:10.782+0000] {subprocess.py:93} INFO - 🛒 Sent add_to_cart to ecommerce.cart.add - Product: iPhone 15 Pro
[2025-06-09T06:09:10.793+0000] {subprocess.py:93} INFO - 🛒 Sent add_to_cart to ecommerce.cart.add - Product: Nike Air Max
[2025-06-09T06:09:11.421+0000] {subprocess.py:93} INFO - ❤️  Sent wishlist_add to ecommerce.wishlist.add - Product: MacBook Pro
[2025-06-09T06:09:11.646+0000] {subprocess.py:93} INFO - ✅ Sent product_view to ecommerce.product.views - Product: Levi's Jeans
[2025-06-09T06:09:12.155+0000] {subprocess.py:93} INFO - ✅ Sent product_view to ecommerce.product.views - Product: iPhone 15 Pro
[2025-06-09T06:09:12.160+0000] {subprocess.py:93} INFO - ✅ Sent product_view to ecommerce.product.views - Product: Adidas Sneakers
[2025-06-09T06:09:12.655+0000] {subprocess.py:93} INFO - ✅ Sent product_view to ecommerce.product.views - Product: Samsung 4K TV
[2025-06-09T06:09:12.656+0000] {subprocess.py:93} INFO - 🛒 Sent add_to_cart to ecommerce.cart.add - Product: iPhone 15 Pro
[2025-06-09T06:09:13.348+0000] {subprocess.py:93} INFO - 💰 Sent order to ecommerce.orders.completed - Order: order_17423
[2025-06-09T06:09:13.349+0000] {subprocess.py:93} INFO - 🛒 Sent add_to_cart to ecommerce.cart.add - Product: Samsung 4K TV
[2025-06-09T06:09:13.349+0000] {subprocess.py:93} INFO - 📊 Progress: 10/20 events in 4.1 seconds
[2025-06-09T06:09:13.852+0000] {subprocess.py:93} INFO - ❤️  Sent wishlist_add to ecommerce.wishlist.add - Product: Coffee Maker
[2025-06-09T06:09:13.853+0000] {subprocess.py:93} INFO - ✅ Sent product_view to ecommerce.product.views - Product: Adidas Sneakers
[2025-06-09T06:09:14.360+0000] {subprocess.py:93} INFO - ✅ Sent product_view to ecommerce.product.views - Product: iPhone 15 Pro
[2025-06-09T06:09:14.362+0000] {subprocess.py:93} INFO - 🛒 Sent add_to_cart to ecommerce.cart.add - Product: Adidas Sneakers
[2025-06-09T06:09:14.864+0000] {subprocess.py:93} INFO - ✅ Sent product_view to ecommerce.product.views - Product: Wireless Headphones
[2025-06-09T06:09:14.866+0000] {subprocess.py:93} INFO - ✅ Sent product_view to ecommerce.product.views - Product: iPhone 15 Pro
[2025-06-09T06:09:15.368+0000] {subprocess.py:93} INFO - 🛒 Sent add_to_cart to ecommerce.cart.add - Product: Adidas Sneakers
[2025-06-09T06:09:15.369+0000] {subprocess.py:93} INFO - ✅ Sent product_view to ecommerce.product.views - Product: MacBook Pro
[2025-06-09T06:09:15.878+0000] {subprocess.py:93} INFO - ✅ Sent product_view to ecommerce.product.views - Product: MacBook Pro
[2025-06-09T06:09:15.881+0000] {subprocess.py:93} INFO - 💰 Sent order to ecommerce.orders.completed - Order: order_15181
[2025-06-09T06:09:15.882+0000] {subprocess.py:93} INFO - 📊 Progress: 20/20 events in 6.6 seconds
[2025-06-09T06:09:15.888+0000] {subprocess.py:93} INFO - 
[2025-06-09T06:09:15.888+0000] {subprocess.py:93} INFO - 📈 Simulation completed! Generated 20 events in 6.6 seconds
[2025-06-09T06:09:15.961+0000] {subprocess.py:97} INFO - Command exited with return code 0
[2025-06-09T06:09:15.985+0000] {taskinstance.py:1138} INFO - Marking task as SUCCESS. dag_id=kafka_ecommerce_pipeline, task_id=run_kafka_producer, execution_date=20250609T060000, start_date=20250609T060907, end_date=20250609T060915
[2025-06-09T06:09:16.037+0000] {local_task_job_runner.py:234} INFO - Task exited with return code 0
[2025-06-09T06:09:16.062+0000] {taskinstance.py:3280} INFO - 1 downstream tasks scheduled from follow-on schedule check
