[2025-06-09T16:05:48.402+0000] {taskinstance.py:1956} INFO - Dependencies all met for dep_context=non-requeueable deps ti=<TaskInstance: drop_all_dag.drop_target manual__2025-06-09T16:05:29.711728+00:00 [queued]>
[2025-06-09T16:05:48.409+0000] {taskinstance.py:1956} INFO - Dependencies all met for dep_context=requeueable deps ti=<TaskInstance: drop_all_dag.drop_target manual__2025-06-09T16:05:29.711728+00:00 [queued]>
[2025-06-09T16:05:48.409+0000] {taskinstance.py:2170} INFO - Starting attempt 1 of 2
[2025-06-09T16:05:48.417+0000] {taskinstance.py:2191} INFO - Executing <Task(BashOperator): drop_target> on 2025-06-09 16:05:29.711728+00:00
[2025-06-09T16:05:48.421+0000] {standard_task_runner.py:60} INFO - Started process 3484 to run task
[2025-06-09T16:05:48.424+0000] {standard_task_runner.py:87} INFO - Running: ['***', 'tasks', 'run', 'drop_all_dag', 'drop_target', 'manual__2025-06-09T16:05:29.711728+00:00', '--job-id', '411', '--raw', '--subdir', 'DAGS_FOLDER/drop_all_dag.py', '--cfg-path', '/tmp/tmprm677b4e']
[2025-06-09T16:05:48.426+0000] {standard_task_runner.py:88} INFO - Job 411: Subtask drop_target
[2025-06-09T16:05:48.465+0000] {task_command.py:423} INFO - Running <TaskInstance: drop_all_dag.drop_target manual__2025-06-09T16:05:29.711728+00:00 [running]> on host ed7c78a1ebb0
[2025-06-09T16:05:48.540+0000] {taskinstance.py:2480} INFO - Exporting env vars: AIRFLOW_CTX_DAG_OWNER='***' AIRFLOW_CTX_DAG_ID='drop_all_dag' AIRFLOW_CTX_TASK_ID='drop_target' AIRFLOW_CTX_EXECUTION_DATE='2025-06-09T16:05:29.711728+00:00' AIRFLOW_CTX_TRY_NUMBER='1' AIRFLOW_CTX_DAG_RUN_ID='manual__2025-06-09T16:05:29.711728+00:00'
[2025-06-09T16:05:48.541+0000] {subprocess.py:63} INFO - Tmp dir root location: /tmp
[2025-06-09T16:05:48.542+0000] {subprocess.py:75} INFO - Running command: ['/usr/bin/bash', '-c', 'cd /opt/***/ecom_etl && python drop_target.py']
[2025-06-09T16:05:48.550+0000] {subprocess.py:86} INFO - Output:
[2025-06-09T16:05:55.129+0000] {subprocess.py:93} INFO - 📍 Connected to ECOM_DWH.PUBLIC schema
[2025-06-09T16:05:55.136+0000] {subprocess.py:93} INFO - ✅ Table 'DWH_GEOLOCATION' dropped successfully.
[2025-06-09T16:05:55.136+0000] {subprocess.py:93} INFO - ✅ Table 'DWH_CUSTOMERS' dropped successfully.
[2025-06-09T16:05:55.137+0000] {subprocess.py:93} INFO - ✅ Table 'DWH_SELLERS' dropped successfully.
[2025-06-09T16:05:55.137+0000] {subprocess.py:93} INFO - ✅ Table 'DWH_ORDERS' dropped successfully.
[2025-06-09T16:05:55.137+0000] {subprocess.py:93} INFO - ✅ Table 'DWH_PRODUCTS' dropped successfully.
[2025-06-09T16:05:55.138+0000] {subprocess.py:93} INFO - ✅ Table 'DWH_ORDER_ITEMS' dropped successfully.
[2025-06-09T16:05:55.138+0000] {subprocess.py:93} INFO - ✅ Table 'DWH_ORDER_PAYMENTS' dropped successfully.
[2025-06-09T16:05:55.138+0000] {subprocess.py:93} INFO - ✅ Table 'DWH_ORDER_REVIEWS' dropped successfully.
[2025-06-09T16:05:55.138+0000] {subprocess.py:93} INFO - ✅ Table 'DWH_PRODUCT_CATEGORY_TRANSLATION' dropped successfully.
[2025-06-09T16:05:55.139+0000] {subprocess.py:93} INFO - 
[2025-06-09T16:05:55.139+0000] {subprocess.py:93} INFO - 🎯 Summary: 9/9 tables dropped successfully.
[2025-06-09T16:05:55.139+0000] {subprocess.py:93} INFO - 🔌 Connection closed.
[2025-06-09T16:05:55.287+0000] {subprocess.py:97} INFO - Command exited with return code 0
[2025-06-09T16:05:55.332+0000] {taskinstance.py:1138} INFO - Marking task as SUCCESS. dag_id=drop_all_dag, task_id=drop_target, execution_date=20250609T160529, start_date=20250609T160548, end_date=20250609T160555
[2025-06-09T16:05:55.385+0000] {local_task_job_runner.py:234} INFO - Task exited with return code 0
[2025-06-09T16:05:55.408+0000] {taskinstance.py:3280} INFO - 0 downstream tasks scheduled from follow-on schedule check
