[2025-06-09T04:37:32.618+0000] {taskinstance.py:1956} INFO - Dependencies all met for dep_context=non-requeueable deps ti=<TaskInstance: etl_dag.run_truncate_stg scheduled__2025-06-08T00:00:00+00:00 [queued]>
[2025-06-09T04:37:32.623+0000] {taskinstance.py:1956} INFO - Dependencies all met for dep_context=requeueable deps ti=<TaskInstance: etl_dag.run_truncate_stg scheduled__2025-06-08T00:00:00+00:00 [queued]>
[2025-06-09T04:37:32.623+0000] {taskinstance.py:2170} INFO - Starting attempt 1 of 2
[2025-06-09T04:37:32.630+0000] {taskinstance.py:2191} INFO - Executing <Task(BashOperator): run_truncate_stg> on 2025-06-08 00:00:00+00:00
[2025-06-09T04:37:32.633+0000] {standard_task_runner.py:60} INFO - Started process 207 to run task
[2025-06-09T04:37:32.635+0000] {standard_task_runner.py:87} INFO - Running: ['***', 'tasks', 'run', 'etl_dag', 'run_truncate_stg', 'scheduled__2025-06-08T00:00:00+00:00', '--job-id', '73', '--raw', '--subdir', 'DAGS_FOLDER/etl_dag.py', '--cfg-path', '/tmp/tmpjf8t_8nd']
[2025-06-09T04:37:32.636+0000] {standard_task_runner.py:88} INFO - Job 73: Subtask run_truncate_stg
[2025-06-09T04:37:32.663+0000] {task_command.py:423} INFO - Running <TaskInstance: etl_dag.run_truncate_stg scheduled__2025-06-08T00:00:00+00:00 [running]> on host 00dbf994ec97
[2025-06-09T04:37:32.702+0000] {taskinstance.py:2480} INFO - Exporting env vars: AIRFLOW_CTX_DAG_OWNER='***' AIRFLOW_CTX_DAG_ID='etl_dag' AIRFLOW_CTX_TASK_ID='run_truncate_stg' AIRFLOW_CTX_EXECUTION_DATE='2025-06-08T00:00:00+00:00' AIRFLOW_CTX_TRY_NUMBER='1' AIRFLOW_CTX_DAG_RUN_ID='scheduled__2025-06-08T00:00:00+00:00'
[2025-06-09T04:37:32.703+0000] {subprocess.py:63} INFO - Tmp dir root location: /tmp
[2025-06-09T04:37:32.704+0000] {subprocess.py:75} INFO - Running command: ['/usr/bin/bash', '-c', 'cd /opt/***/ecom_etl && python truncate_stg.py']
[2025-06-09T04:37:32.709+0000] {subprocess.py:86} INFO - Output:
[2025-06-09T04:37:40.028+0000] {subprocess.py:93} INFO - 📍 Connected to ECOM_STG.PUBLIC schema
[2025-06-09T04:37:40.034+0000] {subprocess.py:93} INFO - ✅ Table 'STG_GEOLOCATION' truncated successfully.
[2025-06-09T04:37:40.035+0000] {subprocess.py:93} INFO - ✅ Table 'STG_CUSTOMERS' truncated successfully.
[2025-06-09T04:37:40.036+0000] {subprocess.py:93} INFO - ✅ Table 'STG_SELLERS' truncated successfully.
[2025-06-09T04:37:40.036+0000] {subprocess.py:93} INFO - ✅ Table 'STG_ORDERS' truncated successfully.
[2025-06-09T04:37:40.037+0000] {subprocess.py:93} INFO - ✅ Table 'STG_PRODUCTS' truncated successfully.
[2025-06-09T04:37:40.037+0000] {subprocess.py:93} INFO - ✅ Table 'STG_ORDER_ITEMS' truncated successfully.
[2025-06-09T04:37:40.038+0000] {subprocess.py:93} INFO - ✅ Table 'STG_ORDER_PAYMENTS' truncated successfully.
[2025-06-09T04:37:40.038+0000] {subprocess.py:93} INFO - ✅ Table 'STG_ORDER_REVIEWS' truncated successfully.
[2025-06-09T04:37:40.038+0000] {subprocess.py:93} INFO - ✅ Table 'STG_PRODUCT_CATEGORY_TRANSLATION' truncated successfully.
[2025-06-09T04:37:40.039+0000] {subprocess.py:93} INFO - 
[2025-06-09T04:37:40.039+0000] {subprocess.py:93} INFO - 🎯 Summary: 9/9 tables truncated successfully.
[2025-06-09T04:37:40.040+0000] {subprocess.py:93} INFO - 🔌 Connection closed.
[2025-06-09T04:37:40.157+0000] {subprocess.py:97} INFO - Command exited with return code 0
[2025-06-09T04:37:40.184+0000] {taskinstance.py:1138} INFO - Marking task as SUCCESS. dag_id=etl_dag, task_id=run_truncate_stg, execution_date=20250608T000000, start_date=20250609T043732, end_date=20250609T043740
[2025-06-09T04:37:40.224+0000] {local_task_job_runner.py:234} INFO - Task exited with return code 0
[2025-06-09T04:37:40.235+0000] {taskinstance.py:3280} INFO - 0 downstream tasks scheduled from follow-on schedule check
[2025-06-09T08:14:07.467+0000] {taskinstance.py:1956} INFO - Dependencies all met for dep_context=non-requeueable deps ti=<TaskInstance: etl_dag.run_truncate_stg scheduled__2025-06-08T00:00:00+00:00 [queued]>
[2025-06-09T08:14:07.473+0000] {taskinstance.py:1956} INFO - Dependencies all met for dep_context=requeueable deps ti=<TaskInstance: etl_dag.run_truncate_stg scheduled__2025-06-08T00:00:00+00:00 [queued]>
[2025-06-09T08:14:07.474+0000] {taskinstance.py:2170} INFO - Starting attempt 1 of 2
[2025-06-09T08:14:07.481+0000] {taskinstance.py:2191} INFO - Executing <Task(BashOperator): run_truncate_stg> on 2025-06-08 00:00:00+00:00
[2025-06-09T08:14:07.486+0000] {standard_task_runner.py:60} INFO - Started process 309 to run task
[2025-06-09T08:14:07.489+0000] {standard_task_runner.py:87} INFO - Running: ['***', 'tasks', 'run', 'etl_dag', 'run_truncate_stg', 'scheduled__2025-06-08T00:00:00+00:00', '--job-id', '10', '--raw', '--subdir', 'DAGS_FOLDER/etl_dag.py', '--cfg-path', '/tmp/tmpw5iv2r9i']
[2025-06-09T08:14:07.490+0000] {standard_task_runner.py:88} INFO - Job 10: Subtask run_truncate_stg
[2025-06-09T08:14:07.524+0000] {task_command.py:423} INFO - Running <TaskInstance: etl_dag.run_truncate_stg scheduled__2025-06-08T00:00:00+00:00 [running]> on host 958e4d9dc298
[2025-06-09T08:14:07.569+0000] {taskinstance.py:2480} INFO - Exporting env vars: AIRFLOW_CTX_DAG_OWNER='***' AIRFLOW_CTX_DAG_ID='etl_dag' AIRFLOW_CTX_TASK_ID='run_truncate_stg' AIRFLOW_CTX_EXECUTION_DATE='2025-06-08T00:00:00+00:00' AIRFLOW_CTX_TRY_NUMBER='1' AIRFLOW_CTX_DAG_RUN_ID='scheduled__2025-06-08T00:00:00+00:00'
[2025-06-09T08:14:07.570+0000] {subprocess.py:63} INFO - Tmp dir root location: /tmp
[2025-06-09T08:14:07.571+0000] {subprocess.py:75} INFO - Running command: ['/usr/bin/bash', '-c', 'cd /opt/***/ecom_etl && python truncate_stg.py']
[2025-06-09T08:14:07.577+0000] {subprocess.py:86} INFO - Output:
[2025-06-09T08:14:14.427+0000] {subprocess.py:93} INFO - 📍 Connected to ECOM_STG.PUBLIC schema
[2025-06-09T08:14:14.434+0000] {subprocess.py:93} INFO - ✅ Table 'STG_GEOLOCATION' truncated successfully.
[2025-06-09T08:14:14.434+0000] {subprocess.py:93} INFO - ✅ Table 'STG_CUSTOMERS' truncated successfully.
[2025-06-09T08:14:14.435+0000] {subprocess.py:93} INFO - ✅ Table 'STG_SELLERS' truncated successfully.
[2025-06-09T08:14:14.435+0000] {subprocess.py:93} INFO - ✅ Table 'STG_ORDERS' truncated successfully.
[2025-06-09T08:14:14.435+0000] {subprocess.py:93} INFO - ✅ Table 'STG_PRODUCTS' truncated successfully.
[2025-06-09T08:14:14.436+0000] {subprocess.py:93} INFO - ✅ Table 'STG_ORDER_ITEMS' truncated successfully.
[2025-06-09T08:14:14.436+0000] {subprocess.py:93} INFO - ✅ Table 'STG_ORDER_PAYMENTS' truncated successfully.
[2025-06-09T08:14:14.436+0000] {subprocess.py:93} INFO - ✅ Table 'STG_ORDER_REVIEWS' truncated successfully.
[2025-06-09T08:14:14.436+0000] {subprocess.py:93} INFO - ✅ Table 'STG_PRODUCT_CATEGORY_TRANSLATION' truncated successfully.
[2025-06-09T08:14:14.437+0000] {subprocess.py:93} INFO - 
[2025-06-09T08:14:14.438+0000] {subprocess.py:93} INFO - 🎯 Summary: 9/9 tables truncated successfully.
[2025-06-09T08:14:14.439+0000] {subprocess.py:93} INFO - 🔌 Connection closed.
[2025-06-09T08:14:14.600+0000] {subprocess.py:97} INFO - Command exited with return code 0
[2025-06-09T08:14:14.644+0000] {taskinstance.py:1138} INFO - Marking task as SUCCESS. dag_id=etl_dag, task_id=run_truncate_stg, execution_date=20250608T000000, start_date=20250609T081407, end_date=20250609T081414
[2025-06-09T08:14:14.706+0000] {local_task_job_runner.py:234} INFO - Task exited with return code 0
[2025-06-09T08:14:14.726+0000] {taskinstance.py:3280} INFO - 0 downstream tasks scheduled from follow-on schedule check
