[2025-06-09T09:10:19.532+0000] {taskinstance.py:1956} INFO - Dependencies all met for dep_context=non-requeueable deps ti=<TaskInstance: kafka_ecommerce_pipeline.run_kafka_consumer scheduled__2025-06-09T09:05:00+00:00 [queued]>
[2025-06-09T09:10:19.537+0000] {taskinstance.py:1956} INFO - Dependencies all met for dep_context=requeueable deps ti=<TaskInstance: kafka_ecommerce_pipeline.run_kafka_consumer scheduled__2025-06-09T09:05:00+00:00 [queued]>
[2025-06-09T09:10:19.537+0000] {taskinstance.py:2170} INFO - Starting attempt 1 of 3
[2025-06-09T09:10:19.544+0000] {taskinstance.py:2191} INFO - Executing <Task(BashOperator): run_kafka_consumer> on 2025-06-09 09:05:00+00:00
[2025-06-09T09:10:19.547+0000] {standard_task_runner.py:60} INFO - Started process 473 to run task
[2025-06-09T09:10:19.550+0000] {standard_task_runner.py:87} INFO - Running: ['***', 'tasks', 'run', 'kafka_ecommerce_pipeline', 'run_kafka_consumer', 'scheduled__2025-06-09T09:05:00+00:00', '--job-id', '20', '--raw', '--subdir', 'DAGS_FOLDER/kafka_data_pipeline.py', '--cfg-path', '/tmp/tmpbwf43_yh']
[2025-06-09T09:10:19.551+0000] {standard_task_runner.py:88} INFO - Job 20: Subtask run_kafka_consumer
[2025-06-09T09:10:19.589+0000] {task_command.py:423} INFO - Running <TaskInstance: kafka_ecommerce_pipeline.run_kafka_consumer scheduled__2025-06-09T09:05:00+00:00 [running]> on host 93140bc61108
[2025-06-09T09:10:19.635+0000] {taskinstance.py:2480} INFO - Exporting env vars: AIRFLOW_CTX_DAG_OWNER='data-engineering-team' AIRFLOW_CTX_DAG_ID='kafka_ecommerce_pipeline' AIRFLOW_CTX_TASK_ID='run_kafka_consumer' AIRFLOW_CTX_EXECUTION_DATE='2025-06-09T09:05:00+00:00' AIRFLOW_CTX_TRY_NUMBER='1' AIRFLOW_CTX_DAG_RUN_ID='scheduled__2025-06-09T09:05:00+00:00'
[2025-06-09T09:10:19.636+0000] {subprocess.py:63} INFO - Tmp dir root location: /tmp
[2025-06-09T09:10:19.637+0000] {subprocess.py:75} INFO - Running command: ['/usr/bin/bash', '-c', 'cd /opt/***/ecom_etl/ && python kafka_scripts/consumer.py']
[2025-06-09T09:10:19.643+0000] {subprocess.py:86} INFO - Output:
[2025-06-09T09:10:19.867+0000] {subprocess.py:93} INFO - 🚀 Starting E-Commerce Event Consumer
[2025-06-09T09:10:19.869+0000] {subprocess.py:93} INFO - 🔗 Kafka: kafka:29092
[2025-06-09T09:10:19.869+0000] {subprocess.py:93} INFO - 🔴 Redis: redis:6379
[2025-06-09T09:10:19.869+0000] {subprocess.py:93} INFO - 🚀 Initializing Kafka consumer with bootstrap servers: kafka:29092
[2025-06-09T09:10:19.870+0000] {subprocess.py:93} INFO - 🔌 Connecting to Redis at redis:6379
[2025-06-09T09:10:19.870+0000] {subprocess.py:93} INFO - 2025-06-09 09:10:19,869 - kafka.conn - INFO - <BrokerConnection client_id=kafka-python-2.2.11, node_id=bootstrap-0 host=kafka:29092 <connecting> [IPv4 ('172.18.0.5', 29092)]>: connecting to kafka:29092 [('172.18.0.5', 29092) IPv4]
[2025-06-09T09:10:19.891+0000] {subprocess.py:93} INFO - 2025-06-09 09:10:19,891 - kafka.conn - INFO - <BrokerConnection client_id=kafka-python-2.2.11, node_id=bootstrap-0 host=kafka:29092 <checking_api_versions_recv> [IPv4 ('172.18.0.5', 29092)]>: Broker version identified as 2.6
[2025-06-09T09:10:19.891+0000] {subprocess.py:93} INFO - 2025-06-09 09:10:19,891 - kafka.conn - INFO - <BrokerConnection client_id=kafka-python-2.2.11, node_id=bootstrap-0 host=kafka:29092 <connected> [IPv4 ('172.18.0.5', 29092)]>: Connection complete.
[2025-06-09T09:10:19.892+0000] {subprocess.py:93} INFO - 2025-06-09 09:10:19,891 - kafka.consumer.subscription_state - INFO - Updating subscribed topics to: ('ecommerce.product.views', 'ecommerce.cart.add', 'ecommerce.wishlist.add', 'ecommerce.orders.completed')
[2025-06-09T09:10:19.892+0000] {subprocess.py:93} INFO - ✅ Successfully connected to Kafka
[2025-06-09T09:10:19.892+0000] {subprocess.py:93} INFO - ✅ Successfully connected to Redis
[2025-06-09T09:10:19.893+0000] {subprocess.py:93} INFO - 📊 Loaded existing metrics: {'total_views': 13, 'total_cart_adds': 3, 'total_wishlist_adds': 1, 'total_orders': 3, 'total_revenue': 1069.93}
[2025-06-09T09:10:19.893+0000] {subprocess.py:93} INFO - 🚀 Starting Kafka consumer...
[2025-06-09T09:10:19.893+0000] {subprocess.py:93} INFO - 📊 Subscribed to Topics: {'ecommerce.cart.add', 'ecommerce.orders.completed', 'ecommerce.product.views', 'ecommerce.wishlist.add'}
[2025-06-09T09:10:19.893+0000] {subprocess.py:93} INFO - 🔍 Will process up to 100 messages or run for 90 seconds
[2025-06-09T09:10:19.904+0000] {subprocess.py:93} INFO - 2025-06-09 09:10:19,903 - kafka.conn - INFO - <BrokerConnection client_id=kafka-python-2.2.11, node_id=1 host=kafka:29092 <connecting> [IPv4 ('172.18.0.5', 29092)]>: connecting to kafka:29092 [('172.18.0.5', 29092) IPv4]
[2025-06-09T09:10:19.904+0000] {subprocess.py:93} INFO - 2025-06-09 09:10:19,903 - kafka.conn - INFO - <BrokerConnection client_id=kafka-python-2.2.11, node_id=1 host=kafka:29092 <connected> [IPv4 ('172.18.0.5', 29092)]>: Connection complete.
[2025-06-09T09:10:19.905+0000] {subprocess.py:93} INFO - 2025-06-09 09:10:19,903 - kafka.conn - INFO - <BrokerConnection client_id=kafka-python-2.2.11, node_id=bootstrap-0 host=kafka:29092 <connected> [IPv4 ('172.18.0.5', 29092)]>: Closing connection.
[2025-06-09T09:10:20.009+0000] {subprocess.py:93} INFO - 2025-06-09 09:10:20,009 - kafka.cluster - INFO - Coordinator for group/ecommerce-analytics-20250609 is BrokerMetadata(nodeId='coordinator-1', host='kafka', port=29092, rack=None)
[2025-06-09T09:10:20.010+0000] {subprocess.py:93} INFO - 2025-06-09 09:10:20,009 - kafka.coordinator - INFO - Discovered coordinator coordinator-1 for group ecommerce-analytics-20250609
[2025-06-09T09:10:20.010+0000] {subprocess.py:93} INFO - 2025-06-09 09:10:20,009 - kafka.coordinator.heartbeat - INFO - Starting new heartbeat thread
[2025-06-09T09:10:20.010+0000] {subprocess.py:93} INFO - 2025-06-09 09:10:20,009 - kafka.coordinator.consumer - INFO - Revoking previously assigned partitions set() for group ecommerce-analytics-20250609
[2025-06-09T09:10:20.010+0000] {subprocess.py:93} INFO - 2025-06-09 09:10:20,009 - kafka.coordinator - INFO - Failed to join group ecommerce-analytics-20250609: NodeNotReadyError: coordinator-1
[2025-06-09T09:10:20.011+0000] {subprocess.py:93} INFO - 2025-06-09 09:10:20,010 - kafka.conn - INFO - <BrokerConnection client_id=kafka-python-2.2.11, node_id=coordinator-1 host=kafka:29092 <connecting> [IPv4 ('172.18.0.5', 29092)]>: connecting to kafka:29092 [('172.18.0.5', 29092) IPv4]
[2025-06-09T09:10:20.011+0000] {subprocess.py:93} INFO - 2025-06-09 09:10:20,011 - kafka.conn - INFO - <BrokerConnection client_id=kafka-python-2.2.11, node_id=coordinator-1 host=kafka:29092 <connected> [IPv4 ('172.18.0.5', 29092)]>: Connection complete.
[2025-06-09T09:10:20.113+0000] {subprocess.py:93} INFO - 2025-06-09 09:10:20,112 - kafka.coordinator - INFO - (Re-)joining group ecommerce-analytics-20250609
[2025-06-09T09:10:20.118+0000] {subprocess.py:93} INFO - 2025-06-09 09:10:20,118 - kafka.coordinator - INFO - Received member id kafka-python-2.2.11-62b29592-a5d9-45fd-befa-348bf9c13d44 for group ecommerce-analytics-20250609; will retry join-group
[2025-06-09T09:10:20.119+0000] {subprocess.py:93} INFO - 2025-06-09 09:10:20,118 - kafka.coordinator - INFO - Failed to join group ecommerce-analytics-20250609: [Error 79] MemberIdRequiredError
[2025-06-09T09:10:20.119+0000] {subprocess.py:93} INFO - 2025-06-09 09:10:20,118 - kafka.coordinator - INFO - (Re-)joining group ecommerce-analytics-20250609
[2025-06-09T09:10:23.138+0000] {subprocess.py:93} INFO - 2025-06-09 09:10:23,135 - kafka.coordinator - INFO - Successfully joined group ecommerce-analytics-20250609 <Generation 5 (member_id: kafka-python-2.2.11-62b29592-a5d9-45fd-befa-348bf9c13d44, protocol: range)>
[2025-06-09T09:10:23.145+0000] {subprocess.py:93} INFO - 2025-06-09 09:10:23,135 - kafka.coordinator - INFO - Elected group leader -- performing partition assignments using range
[2025-06-09T09:10:23.150+0000] {subprocess.py:93} INFO - 2025-06-09 09:10:23,149 - kafka.consumer.subscription_state - INFO - Updated partition assignment: [TopicPartition(topic='ecommerce.cart.add', partition=0), TopicPartition(topic='ecommerce.orders.completed', partition=0), TopicPartition(topic='ecommerce.product.views', partition=0), TopicPartition(topic='ecommerce.wishlist.add', partition=0)]
[2025-06-09T09:10:23.151+0000] {subprocess.py:93} INFO - 2025-06-09 09:10:23,150 - kafka.coordinator.consumer - INFO - Setting newly assigned partitions {TopicPartition(topic='ecommerce.cart.add', partition=0), TopicPartition(topic='ecommerce.product.views', partition=0), TopicPartition(topic='ecommerce.wishlist.add', partition=0), TopicPartition(topic='ecommerce.orders.completed', partition=0)} for group ecommerce-analytics-20250609
[2025-06-09T09:10:23.163+0000] {subprocess.py:93} INFO - 👀 Product View: Wireless Headphones by user_035
[2025-06-09T09:10:23.166+0000] {subprocess.py:93} INFO - kafka_scripts/consumer.py:281: DeprecationWarning: Redis.hmset() is deprecated. Use Redis.hset() instead.
[2025-06-09T09:10:23.166+0000] {subprocess.py:93} INFO -   self.redis_client.hmset("metrics:totals", {
[2025-06-09T09:10:23.166+0000] {subprocess.py:93} INFO - 👀 Product View: iPhone 15 Pro by user_023
[2025-06-09T09:10:23.167+0000] {subprocess.py:93} INFO - 👀 Product View: MacBook Pro by user_012
[2025-06-09T09:10:23.168+0000] {subprocess.py:93} INFO - 👀 Product View: Adidas Sneakers by user_009
[2025-06-09T09:10:23.170+0000] {subprocess.py:93} INFO - 👀 Product View: Nike Air Max by user_023
[2025-06-09T09:10:23.171+0000] {subprocess.py:93} INFO - 👀 Product View: Wireless Headphones by user_073
[2025-06-09T09:10:23.171+0000] {subprocess.py:93} INFO - 👀 Product View: Nike Air Max by user_053
[2025-06-09T09:10:23.172+0000] {subprocess.py:93} INFO - 👀 Product View: Nike Air Max by user_073
[2025-06-09T09:10:23.173+0000] {subprocess.py:93} INFO - 👀 Product View: Samsung 4K TV by user_064
[2025-06-09T09:10:23.174+0000] {subprocess.py:93} INFO - 👀 Product View: Coffee Maker by user_078
[2025-06-09T09:10:23.175+0000] {subprocess.py:93} INFO - 📊 Processed 10 messages in 3.3 seconds
[2025-06-09T09:10:23.176+0000] {subprocess.py:93} INFO - 
[2025-06-09T09:10:23.176+0000] {subprocess.py:93} INFO - ============================================================
[2025-06-09T09:10:23.176+0000] {subprocess.py:93} INFO - 📊 REAL-TIME E-COMMERCE DASHBOARD
[2025-06-09T09:10:23.176+0000] {subprocess.py:93} INFO - ============================================================
[2025-06-09T09:10:23.176+0000] {subprocess.py:93} INFO - 👀 Total Views: 23
[2025-06-09T09:10:23.177+0000] {subprocess.py:93} INFO - 🛒 Total Cart Adds: 3
[2025-06-09T09:10:23.177+0000] {subprocess.py:93} INFO - ❤️ Total Wishlist Adds: 1
[2025-06-09T09:10:23.177+0000] {subprocess.py:93} INFO - 📦 Total Orders: 3
[2025-06-09T09:10:23.177+0000] {subprocess.py:93} INFO - 💰 Total Revenue: $1069.93
[2025-06-09T09:10:23.177+0000] {subprocess.py:93} INFO - 🕐 Last Updated: 2025-06-09T09:10:23.176403
[2025-06-09T09:10:23.177+0000] {subprocess.py:93} INFO - 
[2025-06-09T09:10:23.178+0000] {subprocess.py:93} INFO - 🔥 Recent Orders:
[2025-06-09T09:10:23.178+0000] {subprocess.py:93} INFO -  • order_82279: $449.97 (2 items)
[2025-06-09T09:10:23.178+0000] {subprocess.py:93} INFO -  • order_35076: $399.98 (1 items)
[2025-06-09T09:10:23.178+0000] {subprocess.py:93} INFO -  • order_90562: $219.98 (2 items)
[2025-06-09T09:10:23.178+0000] {subprocess.py:93} INFO - ============================================================
[2025-06-09T09:10:23.178+0000] {subprocess.py:93} INFO - 👀 Product View: Samsung 4K TV by user_024
[2025-06-09T09:10:23.178+0000] {subprocess.py:93} INFO - 👀 Product View: Samsung 4K TV by user_098
[2025-06-09T09:10:23.179+0000] {subprocess.py:93} INFO - 👀 Product View: Nike Air Max by user_028
[2025-06-09T09:10:23.180+0000] {subprocess.py:93} INFO - 💰 Order: order_91158 by user_079 - $1189.96 (3 items)
[2025-06-09T09:10:23.181+0000] {subprocess.py:93} INFO - 💰 Order: order_22526 by user_011 - $2129.98 (2 items)
[2025-06-09T09:10:23.182+0000] {subprocess.py:93} INFO - 💰 Order: order_46516 by user_018 - $1839.95 (3 items)
[2025-06-09T09:10:23.184+0000] {subprocess.py:93} INFO - 🛒 Cart Add: 1x Coffee Maker by user_045 ($149.99)
[2025-06-09T09:10:23.185+0000] {subprocess.py:93} INFO - 🛒 Cart Add: 1x MacBook Pro by user_023 ($1999.99)
[2025-06-09T09:10:23.185+0000] {subprocess.py:93} INFO - 🛒 Cart Add: 2x MacBook Pro by user_070 ($3999.98)
[2025-06-09T09:10:23.186+0000] {subprocess.py:93} INFO - ❤️ Wishlist Add: Adidas Sneakers by user_085
[2025-06-09T09:10:23.187+0000] {subprocess.py:93} INFO - 📊 Processed 20 messages in 3.3 seconds
[2025-06-09T09:10:23.187+0000] {subprocess.py:93} INFO - 
[2025-06-09T09:10:23.188+0000] {subprocess.py:93} INFO - ============================================================
[2025-06-09T09:10:23.188+0000] {subprocess.py:93} INFO - 📊 REAL-TIME E-COMMERCE DASHBOARD
[2025-06-09T09:10:23.188+0000] {subprocess.py:93} INFO - ============================================================
[2025-06-09T09:10:23.188+0000] {subprocess.py:93} INFO - 👀 Total Views: 26
[2025-06-09T09:10:23.188+0000] {subprocess.py:93} INFO - 🛒 Total Cart Adds: 6
[2025-06-09T09:10:23.188+0000] {subprocess.py:93} INFO - ❤️ Total Wishlist Adds: 2
[2025-06-09T09:10:23.188+0000] {subprocess.py:93} INFO - 📦 Total Orders: 6
[2025-06-09T09:10:23.188+0000] {subprocess.py:93} INFO - 💰 Total Revenue: $6229.820000000001
[2025-06-09T09:10:23.189+0000] {subprocess.py:93} INFO - 🕐 Last Updated: 2025-06-09T09:10:23.187828
[2025-06-09T09:10:23.189+0000] {subprocess.py:93} INFO - 
[2025-06-09T09:10:23.189+0000] {subprocess.py:93} INFO - 🔥 Recent Orders:
[2025-06-09T09:10:23.189+0000] {subprocess.py:93} INFO -  • order_46516: $1839.95 (3 items)
[2025-06-09T09:10:23.189+0000] {subprocess.py:93} INFO -  • order_22526: $2129.98 (2 items)
[2025-06-09T09:10:23.189+0000] {subprocess.py:93} INFO -  • order_91158: $1189.96 (3 items)
[2025-06-09T09:10:23.189+0000] {subprocess.py:93} INFO -  • order_82279: $449.97 (2 items)
[2025-06-09T09:10:23.190+0000] {subprocess.py:93} INFO -  • order_35076: $399.98 (1 items)
[2025-06-09T09:10:23.190+0000] {subprocess.py:93} INFO - ============================================================
[2025-06-09T09:10:43.201+0000] {subprocess.py:93} INFO - ⏸️ No messages for 15.0s, checking for completion...
[2025-06-09T09:10:43.215+0000] {subprocess.py:93} INFO - 
[2025-06-09T09:10:43.215+0000] {subprocess.py:93} INFO - ============================================================
[2025-06-09T09:10:43.215+0000] {subprocess.py:93} INFO - 📊 REAL-TIME E-COMMERCE DASHBOARD
[2025-06-09T09:10:43.215+0000] {subprocess.py:93} INFO - ============================================================
[2025-06-09T09:10:43.215+0000] {subprocess.py:93} INFO - 👀 Total Views: 26
[2025-06-09T09:10:43.215+0000] {subprocess.py:93} INFO - 🛒 Total Cart Adds: 6
[2025-06-09T09:10:43.216+0000] {subprocess.py:93} INFO - ❤️ Total Wishlist Adds: 2
[2025-06-09T09:10:43.216+0000] {subprocess.py:93} INFO - 📦 Total Orders: 6
[2025-06-09T09:10:43.216+0000] {subprocess.py:93} INFO - 💰 Total Revenue: $6229.820000000001
[2025-06-09T09:10:43.216+0000] {subprocess.py:93} INFO - 🕐 Last Updated: 2025-06-09T09:10:43.207423
[2025-06-09T09:10:43.216+0000] {subprocess.py:93} INFO - 
[2025-06-09T09:10:43.216+0000] {subprocess.py:93} INFO - 🔥 Recent Orders:
[2025-06-09T09:10:43.217+0000] {subprocess.py:93} INFO -  • order_46516: $1839.95 (3 items)
[2025-06-09T09:10:43.217+0000] {subprocess.py:93} INFO -  • order_22526: $2129.98 (2 items)
[2025-06-09T09:10:43.217+0000] {subprocess.py:93} INFO -  • order_91158: $1189.96 (3 items)
[2025-06-09T09:10:43.217+0000] {subprocess.py:93} INFO -  • order_82279: $449.97 (2 items)
[2025-06-09T09:10:43.217+0000] {subprocess.py:93} INFO -  • order_35076: $399.98 (1 items)
[2025-06-09T09:10:43.217+0000] {subprocess.py:93} INFO - ============================================================
[2025-06-09T09:10:48.212+0000] {subprocess.py:93} INFO - ⏸️ No messages for 20.0s, checking for completion...
[2025-06-09T09:10:48.215+0000] {subprocess.py:93} INFO - 
[2025-06-09T09:10:48.216+0000] {subprocess.py:93} INFO - ============================================================
[2025-06-09T09:10:48.216+0000] {subprocess.py:93} INFO - 📊 REAL-TIME E-COMMERCE DASHBOARD
[2025-06-09T09:10:48.216+0000] {subprocess.py:93} INFO - ============================================================
[2025-06-09T09:10:48.216+0000] {subprocess.py:93} INFO - 👀 Total Views: 26
[2025-06-09T09:10:48.216+0000] {subprocess.py:93} INFO - 🛒 Total Cart Adds: 6
[2025-06-09T09:10:48.216+0000] {subprocess.py:93} INFO - ❤️ Total Wishlist Adds: 2
[2025-06-09T09:10:48.217+0000] {subprocess.py:93} INFO - 📦 Total Orders: 6
[2025-06-09T09:10:48.217+0000] {subprocess.py:93} INFO - 💰 Total Revenue: $6229.820000000001
[2025-06-09T09:10:48.217+0000] {subprocess.py:93} INFO - 🕐 Last Updated: 2025-06-09T09:10:48.214844
[2025-06-09T09:10:48.217+0000] {subprocess.py:93} INFO - 
[2025-06-09T09:10:48.217+0000] {subprocess.py:93} INFO - 🔥 Recent Orders:
[2025-06-09T09:10:48.217+0000] {subprocess.py:93} INFO -  • order_46516: $1839.95 (3 items)
[2025-06-09T09:10:48.217+0000] {subprocess.py:93} INFO -  • order_22526: $2129.98 (2 items)
[2025-06-09T09:10:48.217+0000] {subprocess.py:93} INFO -  • order_91158: $1189.96 (3 items)
[2025-06-09T09:10:48.217+0000] {subprocess.py:93} INFO -  • order_82279: $449.97 (2 items)
[2025-06-09T09:10:48.217+0000] {subprocess.py:93} INFO -  • order_35076: $399.98 (1 items)
[2025-06-09T09:10:48.217+0000] {subprocess.py:93} INFO - ============================================================
[2025-06-09T09:10:53.217+0000] {subprocess.py:93} INFO - ⏸️ No messages for 25.0s, checking for completion...
[2025-06-09T09:10:53.222+0000] {subprocess.py:93} INFO - 
[2025-06-09T09:10:53.222+0000] {subprocess.py:93} INFO - ============================================================
[2025-06-09T09:10:53.222+0000] {subprocess.py:93} INFO - 📊 REAL-TIME E-COMMERCE DASHBOARD
[2025-06-09T09:10:53.222+0000] {subprocess.py:93} INFO - ============================================================
[2025-06-09T09:10:53.222+0000] {subprocess.py:93} INFO - 👀 Total Views: 26
[2025-06-09T09:10:53.222+0000] {subprocess.py:93} INFO - 🛒 Total Cart Adds: 6
[2025-06-09T09:10:53.222+0000] {subprocess.py:93} INFO - ❤️ Total Wishlist Adds: 2
[2025-06-09T09:10:53.222+0000] {subprocess.py:93} INFO - 📦 Total Orders: 6
[2025-06-09T09:10:53.222+0000] {subprocess.py:93} INFO - 💰 Total Revenue: $6229.820000000001
[2025-06-09T09:10:53.223+0000] {subprocess.py:93} INFO - 🕐 Last Updated: 2025-06-09T09:10:53.219484
[2025-06-09T09:10:53.223+0000] {subprocess.py:93} INFO - 
[2025-06-09T09:10:53.223+0000] {subprocess.py:93} INFO - 🔥 Recent Orders:
[2025-06-09T09:10:53.223+0000] {subprocess.py:93} INFO -  • order_46516: $1839.95 (3 items)
[2025-06-09T09:10:53.223+0000] {subprocess.py:93} INFO -  • order_22526: $2129.98 (2 items)
[2025-06-09T09:10:53.223+0000] {subprocess.py:93} INFO -  • order_91158: $1189.96 (3 items)
[2025-06-09T09:10:53.223+0000] {subprocess.py:93} INFO -  • order_82279: $449.97 (2 items)
[2025-06-09T09:10:53.223+0000] {subprocess.py:93} INFO -  • order_35076: $399.98 (1 items)
[2025-06-09T09:10:53.223+0000] {subprocess.py:93} INFO - ============================================================
[2025-06-09T09:10:58.223+0000] {subprocess.py:93} INFO - ⏸️ No messages for 30.0s, checking for completion...
[2025-06-09T09:10:58.228+0000] {subprocess.py:93} INFO - 
[2025-06-09T09:10:58.229+0000] {subprocess.py:93} INFO - ============================================================
[2025-06-09T09:10:58.229+0000] {subprocess.py:93} INFO - 📊 REAL-TIME E-COMMERCE DASHBOARD
[2025-06-09T09:10:58.230+0000] {subprocess.py:93} INFO - ============================================================
[2025-06-09T09:10:58.230+0000] {subprocess.py:93} INFO - 👀 Total Views: 26
[2025-06-09T09:10:58.231+0000] {subprocess.py:93} INFO - 🛒 Total Cart Adds: 6
[2025-06-09T09:10:58.231+0000] {subprocess.py:93} INFO - ❤️ Total Wishlist Adds: 2
[2025-06-09T09:10:58.232+0000] {subprocess.py:93} INFO - 📦 Total Orders: 6
[2025-06-09T09:10:58.232+0000] {subprocess.py:93} INFO - 💰 Total Revenue: $6229.820000000001
[2025-06-09T09:10:58.233+0000] {subprocess.py:93} INFO - 🕐 Last Updated: 2025-06-09T09:10:58.228315
[2025-06-09T09:10:58.233+0000] {subprocess.py:93} INFO - 
[2025-06-09T09:10:58.234+0000] {subprocess.py:93} INFO - 🔥 Recent Orders:
[2025-06-09T09:10:58.234+0000] {subprocess.py:93} INFO -  • order_46516: $1839.95 (3 items)
[2025-06-09T09:10:58.234+0000] {subprocess.py:93} INFO -  • order_22526: $2129.98 (2 items)
[2025-06-09T09:10:58.235+0000] {subprocess.py:93} INFO -  • order_91158: $1189.96 (3 items)
[2025-06-09T09:10:58.235+0000] {subprocess.py:93} INFO -  • order_82279: $449.97 (2 items)
[2025-06-09T09:10:58.236+0000] {subprocess.py:93} INFO -  • order_35076: $399.98 (1 items)
[2025-06-09T09:10:58.236+0000] {subprocess.py:93} INFO - ============================================================
[2025-06-09T09:11:03.231+0000] {subprocess.py:93} INFO - ⏸️ No messages for 35.0s, checking for completion...
[2025-06-09T09:11:03.238+0000] {subprocess.py:93} INFO - 
[2025-06-09T09:11:03.238+0000] {subprocess.py:93} INFO - ============================================================
[2025-06-09T09:11:03.239+0000] {subprocess.py:93} INFO - 📊 REAL-TIME E-COMMERCE DASHBOARD
[2025-06-09T09:11:03.239+0000] {subprocess.py:93} INFO - ============================================================
[2025-06-09T09:11:03.239+0000] {subprocess.py:93} INFO - 👀 Total Views: 26
[2025-06-09T09:11:03.240+0000] {subprocess.py:93} INFO - 🛒 Total Cart Adds: 6
[2025-06-09T09:11:03.240+0000] {subprocess.py:93} INFO - ❤️ Total Wishlist Adds: 2
[2025-06-09T09:11:03.240+0000] {subprocess.py:93} INFO - 📦 Total Orders: 6
[2025-06-09T09:11:03.240+0000] {subprocess.py:93} INFO - 💰 Total Revenue: $6229.820000000001
[2025-06-09T09:11:03.241+0000] {subprocess.py:93} INFO - 🕐 Last Updated: 2025-06-09T09:11:03.234453
[2025-06-09T09:11:03.241+0000] {subprocess.py:93} INFO - 
[2025-06-09T09:11:03.241+0000] {subprocess.py:93} INFO - 🔥 Recent Orders:
[2025-06-09T09:11:03.241+0000] {subprocess.py:93} INFO -  • order_46516: $1839.95 (3 items)
[2025-06-09T09:11:03.241+0000] {subprocess.py:93} INFO -  • order_22526: $2129.98 (2 items)
[2025-06-09T09:11:03.241+0000] {subprocess.py:93} INFO -  • order_91158: $1189.96 (3 items)
[2025-06-09T09:11:03.242+0000] {subprocess.py:93} INFO -  • order_82279: $449.97 (2 items)
[2025-06-09T09:11:03.242+0000] {subprocess.py:93} INFO -  • order_35076: $399.98 (1 items)
[2025-06-09T09:11:03.242+0000] {subprocess.py:93} INFO - ============================================================
[2025-06-09T09:11:08.237+0000] {subprocess.py:93} INFO - ⏸️ No messages for 40.0s, checking for completion...
[2025-06-09T09:11:08.249+0000] {subprocess.py:93} INFO - 
[2025-06-09T09:11:08.249+0000] {subprocess.py:93} INFO - ============================================================
[2025-06-09T09:11:08.249+0000] {subprocess.py:93} INFO - 📊 REAL-TIME E-COMMERCE DASHBOARD
[2025-06-09T09:11:08.250+0000] {subprocess.py:93} INFO - ============================================================
[2025-06-09T09:11:08.250+0000] {subprocess.py:93} INFO - 👀 Total Views: 26
[2025-06-09T09:11:08.250+0000] {subprocess.py:93} INFO - 🛒 Total Cart Adds: 6
[2025-06-09T09:11:08.250+0000] {subprocess.py:93} INFO - ❤️ Total Wishlist Adds: 2
[2025-06-09T09:11:08.250+0000] {subprocess.py:93} INFO - 📦 Total Orders: 6
[2025-06-09T09:11:08.250+0000] {subprocess.py:93} INFO - 💰 Total Revenue: $6229.820000000001
[2025-06-09T09:11:08.250+0000] {subprocess.py:93} INFO - 🕐 Last Updated: 2025-06-09T09:11:08.243687
[2025-06-09T09:11:08.251+0000] {subprocess.py:93} INFO - 
[2025-06-09T09:11:08.251+0000] {subprocess.py:93} INFO - 🔥 Recent Orders:
[2025-06-09T09:11:08.251+0000] {subprocess.py:93} INFO -  • order_46516: $1839.95 (3 items)
[2025-06-09T09:11:08.251+0000] {subprocess.py:93} INFO -  • order_22526: $2129.98 (2 items)
[2025-06-09T09:11:08.251+0000] {subprocess.py:93} INFO -  • order_91158: $1189.96 (3 items)
[2025-06-09T09:11:08.251+0000] {subprocess.py:93} INFO -  • order_82279: $449.97 (2 items)
[2025-06-09T09:11:08.251+0000] {subprocess.py:93} INFO -  • order_35076: $399.98 (1 items)
[2025-06-09T09:11:08.251+0000] {subprocess.py:93} INFO - ============================================================
[2025-06-09T09:11:13.245+0000] {subprocess.py:93} INFO - ⏸️ No messages for 45.1s, checking for completion...
[2025-06-09T09:11:13.249+0000] {subprocess.py:93} INFO - 
[2025-06-09T09:11:13.249+0000] {subprocess.py:93} INFO - ============================================================
[2025-06-09T09:11:13.250+0000] {subprocess.py:93} INFO - 📊 REAL-TIME E-COMMERCE DASHBOARD
[2025-06-09T09:11:13.250+0000] {subprocess.py:93} INFO - ============================================================
[2025-06-09T09:11:13.250+0000] {subprocess.py:93} INFO - 👀 Total Views: 26
[2025-06-09T09:11:13.250+0000] {subprocess.py:93} INFO - 🛒 Total Cart Adds: 6
[2025-06-09T09:11:13.250+0000] {subprocess.py:93} INFO - ❤️ Total Wishlist Adds: 2
[2025-06-09T09:11:13.250+0000] {subprocess.py:93} INFO - 📦 Total Orders: 6
[2025-06-09T09:11:13.250+0000] {subprocess.py:93} INFO - 💰 Total Revenue: $6229.820000000001
[2025-06-09T09:11:13.250+0000] {subprocess.py:93} INFO - 🕐 Last Updated: 2025-06-09T09:11:13.246971
[2025-06-09T09:11:13.251+0000] {subprocess.py:93} INFO - 
[2025-06-09T09:11:13.251+0000] {subprocess.py:93} INFO - 🔥 Recent Orders:
[2025-06-09T09:11:13.251+0000] {subprocess.py:93} INFO -  • order_46516: $1839.95 (3 items)
[2025-06-09T09:11:13.251+0000] {subprocess.py:93} INFO -  • order_22526: $2129.98 (2 items)
[2025-06-09T09:11:13.251+0000] {subprocess.py:93} INFO -  • order_91158: $1189.96 (3 items)
[2025-06-09T09:11:13.251+0000] {subprocess.py:93} INFO -  • order_82279: $449.97 (2 items)
[2025-06-09T09:11:13.251+0000] {subprocess.py:93} INFO -  • order_35076: $399.98 (1 items)
[2025-06-09T09:11:13.251+0000] {subprocess.py:93} INFO - ============================================================
[2025-06-09T09:11:18.250+0000] {subprocess.py:93} INFO - ⏸️ No messages for 50.1s, checking for completion...
[2025-06-09T09:11:18.256+0000] {subprocess.py:93} INFO - 
[2025-06-09T09:11:18.256+0000] {subprocess.py:93} INFO - ============================================================
[2025-06-09T09:11:18.257+0000] {subprocess.py:93} INFO - 📊 REAL-TIME E-COMMERCE DASHBOARD
[2025-06-09T09:11:18.257+0000] {subprocess.py:93} INFO - ============================================================
[2025-06-09T09:11:18.257+0000] {subprocess.py:93} INFO - 👀 Total Views: 26
[2025-06-09T09:11:18.258+0000] {subprocess.py:93} INFO - 🛒 Total Cart Adds: 6
[2025-06-09T09:11:18.258+0000] {subprocess.py:93} INFO - ❤️ Total Wishlist Adds: 2
[2025-06-09T09:11:18.258+0000] {subprocess.py:93} INFO - 📦 Total Orders: 6
[2025-06-09T09:11:18.258+0000] {subprocess.py:93} INFO - 💰 Total Revenue: $6229.820000000001
[2025-06-09T09:11:18.259+0000] {subprocess.py:93} INFO - 🕐 Last Updated: 2025-06-09T09:11:18.252802
[2025-06-09T09:11:18.259+0000] {subprocess.py:93} INFO - 
[2025-06-09T09:11:18.259+0000] {subprocess.py:93} INFO - 🔥 Recent Orders:
[2025-06-09T09:11:18.259+0000] {subprocess.py:93} INFO -  • order_46516: $1839.95 (3 items)
[2025-06-09T09:11:18.259+0000] {subprocess.py:93} INFO -  • order_22526: $2129.98 (2 items)
[2025-06-09T09:11:18.260+0000] {subprocess.py:93} INFO -  • order_91158: $1189.96 (3 items)
[2025-06-09T09:11:18.260+0000] {subprocess.py:93} INFO -  • order_82279: $449.97 (2 items)
[2025-06-09T09:11:18.260+0000] {subprocess.py:93} INFO -  • order_35076: $399.98 (1 items)
[2025-06-09T09:11:18.260+0000] {subprocess.py:93} INFO - ============================================================
[2025-06-09T09:11:23.260+0000] {subprocess.py:93} INFO - ⏸️ No messages for 55.1s, checking for completion...
[2025-06-09T09:11:23.265+0000] {subprocess.py:93} INFO - 
[2025-06-09T09:11:23.265+0000] {subprocess.py:93} INFO - ============================================================
[2025-06-09T09:11:23.265+0000] {subprocess.py:93} INFO - 📊 REAL-TIME E-COMMERCE DASHBOARD
[2025-06-09T09:11:23.266+0000] {subprocess.py:93} INFO - ============================================================
[2025-06-09T09:11:23.266+0000] {subprocess.py:93} INFO - 👀 Total Views: 26
[2025-06-09T09:11:23.266+0000] {subprocess.py:93} INFO - 🛒 Total Cart Adds: 6
[2025-06-09T09:11:23.266+0000] {subprocess.py:93} INFO - ❤️ Total Wishlist Adds: 2
[2025-06-09T09:11:23.266+0000] {subprocess.py:93} INFO - 📦 Total Orders: 6
[2025-06-09T09:11:23.267+0000] {subprocess.py:93} INFO - 💰 Total Revenue: $6229.820000000001
[2025-06-09T09:11:23.267+0000] {subprocess.py:93} INFO - 🕐 Last Updated: 2025-06-09T09:11:23.264334
[2025-06-09T09:11:23.267+0000] {subprocess.py:93} INFO - 
[2025-06-09T09:11:23.267+0000] {subprocess.py:93} INFO - 🔥 Recent Orders:
[2025-06-09T09:11:23.267+0000] {subprocess.py:93} INFO -  • order_46516: $1839.95 (3 items)
[2025-06-09T09:11:23.267+0000] {subprocess.py:93} INFO -  • order_22526: $2129.98 (2 items)
[2025-06-09T09:11:23.268+0000] {subprocess.py:93} INFO -  • order_91158: $1189.96 (3 items)
[2025-06-09T09:11:23.268+0000] {subprocess.py:93} INFO -  • order_82279: $449.97 (2 items)
[2025-06-09T09:11:23.268+0000] {subprocess.py:93} INFO -  • order_35076: $399.98 (1 items)
[2025-06-09T09:11:23.268+0000] {subprocess.py:93} INFO - ============================================================
[2025-06-09T09:11:28.271+0000] {subprocess.py:93} INFO - ⏸️ No messages for 60.1s, checking for completion...
[2025-06-09T09:11:28.280+0000] {subprocess.py:93} INFO - 
[2025-06-09T09:11:28.280+0000] {subprocess.py:93} INFO - ============================================================
[2025-06-09T09:11:28.280+0000] {subprocess.py:93} INFO - 📊 REAL-TIME E-COMMERCE DASHBOARD
[2025-06-09T09:11:28.281+0000] {subprocess.py:93} INFO - ============================================================
[2025-06-09T09:11:28.281+0000] {subprocess.py:93} INFO - 👀 Total Views: 26
[2025-06-09T09:11:28.281+0000] {subprocess.py:93} INFO - 🛒 Total Cart Adds: 6
[2025-06-09T09:11:28.281+0000] {subprocess.py:93} INFO - ❤️ Total Wishlist Adds: 2
[2025-06-09T09:11:28.281+0000] {subprocess.py:93} INFO - 📦 Total Orders: 6
[2025-06-09T09:11:28.281+0000] {subprocess.py:93} INFO - 💰 Total Revenue: $6229.820000000001
[2025-06-09T09:11:28.281+0000] {subprocess.py:93} INFO - 🕐 Last Updated: 2025-06-09T09:11:28.275946
[2025-06-09T09:11:28.281+0000] {subprocess.py:93} INFO - 
[2025-06-09T09:11:28.282+0000] {subprocess.py:93} INFO - 🔥 Recent Orders:
[2025-06-09T09:11:28.282+0000] {subprocess.py:93} INFO -  • order_46516: $1839.95 (3 items)
[2025-06-09T09:11:28.282+0000] {subprocess.py:93} INFO -  • order_22526: $2129.98 (2 items)
[2025-06-09T09:11:28.282+0000] {subprocess.py:93} INFO -  • order_91158: $1189.96 (3 items)
[2025-06-09T09:11:28.282+0000] {subprocess.py:93} INFO -  • order_82279: $449.97 (2 items)
[2025-06-09T09:11:28.282+0000] {subprocess.py:93} INFO -  • order_35076: $399.98 (1 items)
[2025-06-09T09:11:28.282+0000] {subprocess.py:93} INFO - ============================================================
[2025-06-09T09:11:33.281+0000] {subprocess.py:93} INFO - ⏸️ No messages for 65.1s, checking for completion...
[2025-06-09T09:11:33.286+0000] {subprocess.py:93} INFO - 
[2025-06-09T09:11:33.292+0000] {subprocess.py:93} INFO - ============================================================
[2025-06-09T09:11:33.292+0000] {subprocess.py:93} INFO - 📊 REAL-TIME E-COMMERCE DASHBOARD
[2025-06-09T09:11:33.293+0000] {subprocess.py:93} INFO - ============================================================
[2025-06-09T09:11:33.293+0000] {subprocess.py:93} INFO - 👀 Total Views: 26
[2025-06-09T09:11:33.293+0000] {subprocess.py:93} INFO - 🛒 Total Cart Adds: 6
[2025-06-09T09:11:33.293+0000] {subprocess.py:93} INFO - ❤️ Total Wishlist Adds: 2
[2025-06-09T09:11:33.294+0000] {subprocess.py:93} INFO - 📦 Total Orders: 6
[2025-06-09T09:11:33.294+0000] {subprocess.py:93} INFO - 💰 Total Revenue: $6229.820000000001
[2025-06-09T09:11:33.295+0000] {subprocess.py:93} INFO - 🕐 Last Updated: 2025-06-09T09:11:33.285019
[2025-06-09T09:11:33.295+0000] {subprocess.py:93} INFO - 
[2025-06-09T09:11:33.295+0000] {subprocess.py:93} INFO - 🔥 Recent Orders:
[2025-06-09T09:11:33.295+0000] {subprocess.py:93} INFO -  • order_46516: $1839.95 (3 items)
[2025-06-09T09:11:33.295+0000] {subprocess.py:93} INFO -  • order_22526: $2129.98 (2 items)
[2025-06-09T09:11:33.295+0000] {subprocess.py:93} INFO -  • order_91158: $1189.96 (3 items)
[2025-06-09T09:11:33.295+0000] {subprocess.py:93} INFO -  • order_82279: $449.97 (2 items)
[2025-06-09T09:11:33.296+0000] {subprocess.py:93} INFO -  • order_35076: $399.98 (1 items)
[2025-06-09T09:11:33.296+0000] {subprocess.py:93} INFO - ============================================================
[2025-06-09T09:11:38.300+0000] {subprocess.py:93} INFO - ⏸️ No messages for 70.1s, checking for completion...
[2025-06-09T09:11:38.311+0000] {subprocess.py:93} INFO - 
[2025-06-09T09:11:38.313+0000] {subprocess.py:93} INFO - ============================================================
[2025-06-09T09:11:38.313+0000] {subprocess.py:93} INFO - 📊 REAL-TIME E-COMMERCE DASHBOARD
[2025-06-09T09:11:38.314+0000] {subprocess.py:93} INFO - ============================================================
[2025-06-09T09:11:38.314+0000] {subprocess.py:93} INFO - 👀 Total Views: 26
[2025-06-09T09:11:38.315+0000] {subprocess.py:93} INFO - 🛒 Total Cart Adds: 6
[2025-06-09T09:11:38.315+0000] {subprocess.py:93} INFO - ❤️ Total Wishlist Adds: 2
[2025-06-09T09:11:38.316+0000] {subprocess.py:93} INFO - 📦 Total Orders: 6
[2025-06-09T09:11:38.317+0000] {subprocess.py:93} INFO - 💰 Total Revenue: $6229.820000000001
[2025-06-09T09:11:38.319+0000] {subprocess.py:93} INFO - 🕐 Last Updated: 2025-06-09T09:11:38.312478
[2025-06-09T09:11:38.321+0000] {subprocess.py:93} INFO - 
[2025-06-09T09:11:38.322+0000] {subprocess.py:93} INFO - 🔥 Recent Orders:
[2025-06-09T09:11:38.323+0000] {subprocess.py:93} INFO -  • order_46516: $1839.95 (3 items)
[2025-06-09T09:11:38.324+0000] {subprocess.py:93} INFO -  • order_22526: $2129.98 (2 items)
[2025-06-09T09:11:38.325+0000] {subprocess.py:93} INFO -  • order_91158: $1189.96 (3 items)
[2025-06-09T09:11:38.326+0000] {subprocess.py:93} INFO -  • order_82279: $449.97 (2 items)
[2025-06-09T09:11:38.328+0000] {subprocess.py:93} INFO -  • order_35076: $399.98 (1 items)
[2025-06-09T09:11:38.329+0000] {subprocess.py:93} INFO - ============================================================
[2025-06-09T09:11:43.324+0000] {subprocess.py:93} INFO - ⏸️ No messages for 75.1s, checking for completion...
[2025-06-09T09:11:43.343+0000] {subprocess.py:93} INFO - 
[2025-06-09T09:11:43.343+0000] {subprocess.py:93} INFO - ============================================================
[2025-06-09T09:11:43.343+0000] {subprocess.py:93} INFO - 📊 REAL-TIME E-COMMERCE DASHBOARD
[2025-06-09T09:11:43.343+0000] {subprocess.py:93} INFO - ============================================================
[2025-06-09T09:11:43.344+0000] {subprocess.py:93} INFO - 👀 Total Views: 26
[2025-06-09T09:11:43.350+0000] {subprocess.py:93} INFO - 🛒 Total Cart Adds: 6
[2025-06-09T09:11:43.352+0000] {subprocess.py:93} INFO - ❤️ Total Wishlist Adds: 2
[2025-06-09T09:11:43.353+0000] {subprocess.py:93} INFO - 📦 Total Orders: 6
[2025-06-09T09:11:43.356+0000] {subprocess.py:93} INFO - 💰 Total Revenue: $6229.820000000001
[2025-06-09T09:11:43.356+0000] {subprocess.py:93} INFO - 🕐 Last Updated: 2025-06-09T09:11:43.326182
[2025-06-09T09:11:43.357+0000] {subprocess.py:93} INFO - 
[2025-06-09T09:11:43.357+0000] {subprocess.py:93} INFO - 🔥 Recent Orders:
[2025-06-09T09:11:43.357+0000] {subprocess.py:93} INFO -  • order_46516: $1839.95 (3 items)
[2025-06-09T09:11:43.357+0000] {subprocess.py:93} INFO -  • order_22526: $2129.98 (2 items)
[2025-06-09T09:11:43.357+0000] {subprocess.py:93} INFO -  • order_91158: $1189.96 (3 items)
[2025-06-09T09:11:43.357+0000] {subprocess.py:93} INFO -  • order_82279: $449.97 (2 items)
[2025-06-09T09:11:43.357+0000] {subprocess.py:93} INFO -  • order_35076: $399.98 (1 items)
[2025-06-09T09:11:43.358+0000] {subprocess.py:93} INFO - ============================================================
[2025-06-09T09:11:48.330+0000] {subprocess.py:93} INFO - ⏸️ No messages for 80.1s, checking for completion...
[2025-06-09T09:11:48.344+0000] {subprocess.py:93} INFO - 
[2025-06-09T09:11:48.344+0000] {subprocess.py:93} INFO - ============================================================
[2025-06-09T09:11:48.344+0000] {subprocess.py:93} INFO - 📊 REAL-TIME E-COMMERCE DASHBOARD
[2025-06-09T09:11:48.345+0000] {subprocess.py:93} INFO - ============================================================
[2025-06-09T09:11:48.345+0000] {subprocess.py:93} INFO - 👀 Total Views: 26
[2025-06-09T09:11:48.345+0000] {subprocess.py:93} INFO - 🛒 Total Cart Adds: 6
[2025-06-09T09:11:48.345+0000] {subprocess.py:93} INFO - ❤️ Total Wishlist Adds: 2
[2025-06-09T09:11:48.345+0000] {subprocess.py:93} INFO - 📦 Total Orders: 6
[2025-06-09T09:11:48.345+0000] {subprocess.py:93} INFO - 💰 Total Revenue: $6229.820000000001
[2025-06-09T09:11:48.345+0000] {subprocess.py:93} INFO - 🕐 Last Updated: 2025-06-09T09:11:48.338465
[2025-06-09T09:11:48.345+0000] {subprocess.py:93} INFO - 
[2025-06-09T09:11:48.346+0000] {subprocess.py:93} INFO - 🔥 Recent Orders:
[2025-06-09T09:11:48.346+0000] {subprocess.py:93} INFO -  • order_46516: $1839.95 (3 items)
[2025-06-09T09:11:48.346+0000] {subprocess.py:93} INFO -  • order_22526: $2129.98 (2 items)
[2025-06-09T09:11:48.346+0000] {subprocess.py:93} INFO -  • order_91158: $1189.96 (3 items)
[2025-06-09T09:11:48.346+0000] {subprocess.py:93} INFO -  • order_82279: $449.97 (2 items)
[2025-06-09T09:11:48.346+0000] {subprocess.py:93} INFO -  • order_35076: $399.98 (1 items)
[2025-06-09T09:11:48.346+0000] {subprocess.py:93} INFO - ============================================================
[2025-06-09T09:11:53.338+0000] {subprocess.py:93} INFO - ⏸️ No messages for 85.2s, checking for completion...
[2025-06-09T09:11:53.340+0000] {subprocess.py:93} INFO - 
[2025-06-09T09:11:53.340+0000] {subprocess.py:93} INFO - ============================================================
[2025-06-09T09:11:53.341+0000] {subprocess.py:93} INFO - 📊 REAL-TIME E-COMMERCE DASHBOARD
[2025-06-09T09:11:53.341+0000] {subprocess.py:93} INFO - ============================================================
[2025-06-09T09:11:53.341+0000] {subprocess.py:93} INFO - 👀 Total Views: 26
[2025-06-09T09:11:53.341+0000] {subprocess.py:93} INFO - 🛒 Total Cart Adds: 6
[2025-06-09T09:11:53.341+0000] {subprocess.py:93} INFO - ❤️ Total Wishlist Adds: 2
[2025-06-09T09:11:53.341+0000] {subprocess.py:93} INFO - 📦 Total Orders: 6
[2025-06-09T09:11:53.341+0000] {subprocess.py:93} INFO - 💰 Total Revenue: $6229.820000000001
[2025-06-09T09:11:53.342+0000] {subprocess.py:93} INFO - 🕐 Last Updated: 2025-06-09T09:11:53.340505
[2025-06-09T09:11:53.342+0000] {subprocess.py:93} INFO - 
[2025-06-09T09:11:53.342+0000] {subprocess.py:93} INFO - 🔥 Recent Orders:
[2025-06-09T09:11:53.342+0000] {subprocess.py:93} INFO -  • order_46516: $1839.95 (3 items)
[2025-06-09T09:11:53.342+0000] {subprocess.py:93} INFO -  • order_22526: $2129.98 (2 items)
[2025-06-09T09:11:53.342+0000] {subprocess.py:93} INFO -  • order_91158: $1189.96 (3 items)
[2025-06-09T09:11:53.342+0000] {subprocess.py:93} INFO -  • order_82279: $449.97 (2 items)
[2025-06-09T09:11:53.342+0000] {subprocess.py:93} INFO -  • order_35076: $399.98 (1 items)
[2025-06-09T09:11:53.343+0000] {subprocess.py:93} INFO - ============================================================
[2025-06-09T09:11:53.343+0000] {subprocess.py:93} INFO - ⏰ Timeout reached (90s), stopping consumer
[2025-06-09T09:11:53.343+0000] {subprocess.py:93} INFO - 2025-06-09 09:11:53,343 - kafka.coordinator.heartbeat - INFO - Stopping heartbeat thread
[2025-06-09T09:11:56.346+0000] {subprocess.py:93} INFO - 2025-06-09 09:11:56,345 - kafka.coordinator.heartbeat - WARNING - Heartbeat thread did not fully terminate during close
[2025-06-09T09:11:56.350+0000] {subprocess.py:93} INFO - 2025-06-09 09:11:56,345 - kafka.coordinator - INFO - Leaving consumer group (ecommerce-analytics-20250609).
[2025-06-09T09:11:56.355+0000] {subprocess.py:93} INFO - 2025-06-09 09:11:56,355 - kafka.coordinator - INFO - LeaveGroup request for group ecommerce-analytics-20250609 returned successfully
[2025-06-09T09:11:56.356+0000] {subprocess.py:93} INFO - 2025-06-09 09:11:56,356 - kafka.conn - INFO - <BrokerConnection client_id=kafka-python-2.2.11, node_id=1 host=kafka:29092 <connected> [IPv4 ('172.18.0.5', 29092)]>: Closing connection.
[2025-06-09T09:11:56.357+0000] {subprocess.py:93} INFO - 2025-06-09 09:11:56,357 - kafka.conn - INFO - <BrokerConnection client_id=kafka-python-2.2.11, node_id=coordinator-1 host=kafka:29092 <connected> [IPv4 ('172.18.0.5', 29092)]>: Closing connection.
[2025-06-09T09:11:56.358+0000] {subprocess.py:93} INFO - ✅ Kafka consumer closed
[2025-06-09T09:11:56.358+0000] {subprocess.py:93} INFO - ✅ Redis connection closed
[2025-06-09T09:11:56.358+0000] {subprocess.py:93} INFO - 👋 Consumer completed after processing 20 messages in 96.5 seconds
[2025-06-09T09:11:56.359+0000] {subprocess.py:93} INFO - 
[2025-06-09T09:11:56.360+0000] {subprocess.py:93} INFO - ============================================================
[2025-06-09T09:11:56.360+0000] {subprocess.py:93} INFO - 📊 REAL-TIME E-COMMERCE DASHBOARD
[2025-06-09T09:11:56.361+0000] {subprocess.py:93} INFO - ============================================================
[2025-06-09T09:11:56.362+0000] {subprocess.py:93} INFO - 👀 Total Views: 26
[2025-06-09T09:11:56.362+0000] {subprocess.py:93} INFO - 🛒 Total Cart Adds: 6
[2025-06-09T09:11:56.362+0000] {subprocess.py:93} INFO - ❤️ Total Wishlist Adds: 2
[2025-06-09T09:11:56.362+0000] {subprocess.py:93} INFO - 📦 Total Orders: 6
[2025-06-09T09:11:56.362+0000] {subprocess.py:93} INFO - 💰 Total Revenue: $6229.820000000001
[2025-06-09T09:11:56.363+0000] {subprocess.py:93} INFO - 🕐 Last Updated: 2025-06-09T09:11:56.359722
[2025-06-09T09:11:56.363+0000] {subprocess.py:93} INFO - 
[2025-06-09T09:11:56.363+0000] {subprocess.py:93} INFO - 🔥 Recent Orders:
[2025-06-09T09:11:56.363+0000] {subprocess.py:93} INFO -  • order_46516: $1839.95 (3 items)
[2025-06-09T09:11:56.363+0000] {subprocess.py:93} INFO -  • order_22526: $2129.98 (2 items)
[2025-06-09T09:11:56.363+0000] {subprocess.py:93} INFO -  • order_91158: $1189.96 (3 items)
[2025-06-09T09:11:56.364+0000] {subprocess.py:93} INFO -  • order_82279: $449.97 (2 items)
[2025-06-09T09:11:56.364+0000] {subprocess.py:93} INFO -  • order_35076: $399.98 (1 items)
[2025-06-09T09:11:56.364+0000] {subprocess.py:93} INFO - ============================================================
[2025-06-09T09:11:56.452+0000] {subprocess.py:97} INFO - Command exited with return code 0
[2025-06-09T09:11:56.477+0000] {taskinstance.py:1138} INFO - Marking task as SUCCESS. dag_id=kafka_ecommerce_pipeline, task_id=run_kafka_consumer, execution_date=20250609T090500, start_date=20250609T091019, end_date=20250609T091156
[2025-06-09T09:11:56.560+0000] {local_task_job_runner.py:234} INFO - Task exited with return code 0
[2025-06-09T09:11:56.601+0000] {taskinstance.py:3280} INFO - 1 downstream tasks scheduled from follow-on schedule check
