[2025-06-09T06:01:35.780+0000] {taskinstance.py:1956} INFO - Dependencies all met for dep_context=non-requeueable deps ti=<TaskInstance: kafka_ecommerce_pipeline.run_kafka_consumer scheduled__2025-06-09T05:50:00+00:00 [queued]>
[2025-06-09T06:01:35.785+0000] {taskinstance.py:1956} INFO - Dependencies all met for dep_context=requeueable deps ti=<TaskInstance: kafka_ecommerce_pipeline.run_kafka_consumer scheduled__2025-06-09T05:50:00+00:00 [queued]>
[2025-06-09T06:01:35.785+0000] {taskinstance.py:2170} INFO - Starting attempt 2 of 4
[2025-06-09T06:01:35.791+0000] {taskinstance.py:2191} INFO - Executing <Task(BashOperator): run_kafka_consumer> on 2025-06-09 05:50:00+00:00
[2025-06-09T06:01:35.795+0000] {standard_task_runner.py:60} INFO - Started process 433 to run task
[2025-06-09T06:01:35.802+0000] {standard_task_runner.py:87} INFO - Running: ['***', 'tasks', 'run', 'kafka_ecommerce_pipeline', 'run_kafka_consumer', 'scheduled__2025-06-09T05:50:00+00:00', '--job-id', '22', '--raw', '--subdir', 'DAGS_FOLDER/kafka_data_pipeline.py', '--cfg-path', '/tmp/tmpetqn4wxu']
[2025-06-09T06:01:35.804+0000] {standard_task_runner.py:88} INFO - Job 22: Subtask run_kafka_consumer
[2025-06-09T06:01:35.840+0000] {task_command.py:423} INFO - Running <TaskInstance: kafka_ecommerce_pipeline.run_kafka_consumer scheduled__2025-06-09T05:50:00+00:00 [running]> on host a66d86572bec
[2025-06-09T06:01:35.885+0000] {taskinstance.py:2480} INFO - Exporting env vars: AIRFLOW_CTX_DAG_OWNER='data-engineering-team' AIRFLOW_CTX_DAG_ID='kafka_ecommerce_pipeline' AIRFLOW_CTX_TASK_ID='run_kafka_consumer' AIRFLOW_CTX_EXECUTION_DATE='2025-06-09T05:50:00+00:00' AIRFLOW_CTX_TRY_NUMBER='2' AIRFLOW_CTX_DAG_RUN_ID='scheduled__2025-06-09T05:50:00+00:00'
[2025-06-09T06:01:35.886+0000] {subprocess.py:63} INFO - Tmp dir root location: /tmp
[2025-06-09T06:01:35.888+0000] {subprocess.py:75} INFO - Running command: ['/usr/bin/bash', '-c', 'cd /opt/***/ecom_etl/ && python kafka_scripts/consumer.py']
[2025-06-09T06:01:35.901+0000] {subprocess.py:86} INFO - Output:
[2025-06-09T06:01:36.132+0000] {subprocess.py:93} INFO - 🚀 Starting E-Commerce Event Consumer
[2025-06-09T06:01:36.134+0000] {subprocess.py:93} INFO - 🔗 Kafka: kafka:29092
[2025-06-09T06:01:36.134+0000] {subprocess.py:93} INFO - 🔴 Redis: redis:6379
[2025-06-09T06:01:36.135+0000] {subprocess.py:93} INFO - 🚀 Initializing Kafka consumer with bootstrap servers: kafka:29092
[2025-06-09T06:01:36.135+0000] {subprocess.py:93} INFO - 🔌 Connecting to Redis at redis:6379
[2025-06-09T06:01:36.135+0000] {subprocess.py:93} INFO - 2025-06-09 06:01:36,135 - kafka.conn - INFO - <BrokerConnection client_id=kafka-python-2.2.11, node_id=bootstrap-0 host=kafka:29092 <connecting> [IPv4 ('172.18.0.6', 29092)]>: connecting to kafka:29092 [('172.18.0.6', 29092) IPv4]
[2025-06-09T06:01:36.151+0000] {subprocess.py:93} INFO - 2025-06-09 06:01:36,151 - kafka.conn - INFO - <BrokerConnection client_id=kafka-python-2.2.11, node_id=bootstrap-0 host=kafka:29092 <checking_api_versions_recv> [IPv4 ('172.18.0.6', 29092)]>: Broker version identified as 2.6
[2025-06-09T06:01:36.152+0000] {subprocess.py:93} INFO - 2025-06-09 06:01:36,151 - kafka.conn - INFO - <BrokerConnection client_id=kafka-python-2.2.11, node_id=bootstrap-0 host=kafka:29092 <connected> [IPv4 ('172.18.0.6', 29092)]>: Connection complete.
[2025-06-09T06:01:36.152+0000] {subprocess.py:93} INFO - 2025-06-09 06:01:36,152 - kafka.consumer.subscription_state - INFO - Updating subscribed topics to: ('ecommerce.product.views', 'ecommerce.cart.add', 'ecommerce.wishlist.add', 'ecommerce.orders.completed')
[2025-06-09T06:01:36.152+0000] {subprocess.py:93} INFO - ✅ Successfully connected to Kafka
[2025-06-09T06:01:36.153+0000] {subprocess.py:93} INFO - ✅ Successfully connected to Redis
[2025-06-09T06:01:36.153+0000] {subprocess.py:93} INFO - 📊 Loaded existing metrics: {'total_views': 11, 'total_cart_adds': 6, 'total_wishlist_adds': 1, 'total_orders': 2, 'total_revenue': 9259.85}
[2025-06-09T06:01:36.153+0000] {subprocess.py:93} INFO - 🚀 Starting Kafka consumer...
[2025-06-09T06:01:36.153+0000] {subprocess.py:93} INFO - 📊 Subscribed to Topics: {'ecommerce.product.views', 'ecommerce.cart.add', 'ecommerce.wishlist.add', 'ecommerce.orders.completed'}
[2025-06-09T06:01:36.154+0000] {subprocess.py:93} INFO - 🔍 Will process up to 100 messages or run for 90 seconds
[2025-06-09T06:01:36.160+0000] {subprocess.py:93} INFO - 2025-06-09 06:01:36,160 - kafka.conn - INFO - <BrokerConnection client_id=kafka-python-2.2.11, node_id=1 host=kafka:29092 <connecting> [IPv4 ('172.18.0.6', 29092)]>: connecting to kafka:29092 [('172.18.0.6', 29092) IPv4]
[2025-06-09T06:01:36.161+0000] {subprocess.py:93} INFO - 2025-06-09 06:01:36,160 - kafka.conn - INFO - <BrokerConnection client_id=kafka-python-2.2.11, node_id=1 host=kafka:29092 <connected> [IPv4 ('172.18.0.6', 29092)]>: Connection complete.
[2025-06-09T06:01:36.162+0000] {subprocess.py:93} INFO - 2025-06-09 06:01:36,161 - kafka.conn - INFO - <BrokerConnection client_id=kafka-python-2.2.11, node_id=bootstrap-0 host=kafka:29092 <connected> [IPv4 ('172.18.0.6', 29092)]>: Closing connection.
[2025-06-09T06:01:36.301+0000] {subprocess.py:93} INFO - 2025-06-09 06:01:36,298 - kafka.cluster - INFO - Coordinator for group/ecommerce-analytics-20250609 is BrokerMetadata(nodeId='coordinator-1', host='kafka', port=29092, rack=None)
[2025-06-09T06:01:36.304+0000] {subprocess.py:93} INFO - 2025-06-09 06:01:36,298 - kafka.coordinator - INFO - Discovered coordinator coordinator-1 for group ecommerce-analytics-20250609
[2025-06-09T06:01:36.311+0000] {subprocess.py:93} INFO - 2025-06-09 06:01:36,299 - kafka.coordinator.heartbeat - INFO - Starting new heartbeat thread
[2025-06-09T06:01:36.312+0000] {subprocess.py:93} INFO - 2025-06-09 06:01:36,301 - kafka.coordinator.consumer - INFO - Revoking previously assigned partitions set() for group ecommerce-analytics-20250609
[2025-06-09T06:01:36.312+0000] {subprocess.py:93} INFO - 2025-06-09 06:01:36,301 - kafka.coordinator - INFO - Failed to join group ecommerce-analytics-20250609: NodeNotReadyError: coordinator-1
[2025-06-09T06:01:36.312+0000] {subprocess.py:93} INFO - 2025-06-09 06:01:36,302 - kafka.conn - INFO - <BrokerConnection client_id=kafka-python-2.2.11, node_id=coordinator-1 host=kafka:29092 <connecting> [IPv4 ('172.18.0.6', 29092)]>: connecting to kafka:29092 [('172.18.0.6', 29092) IPv4]
[2025-06-09T06:01:36.312+0000] {subprocess.py:93} INFO - 2025-06-09 06:01:36,304 - kafka.conn - INFO - <BrokerConnection client_id=kafka-python-2.2.11, node_id=coordinator-1 host=kafka:29092 <connected> [IPv4 ('172.18.0.6', 29092)]>: Connection complete.
[2025-06-09T06:01:36.406+0000] {subprocess.py:93} INFO - 2025-06-09 06:01:36,406 - kafka.coordinator - INFO - (Re-)joining group ecommerce-analytics-20250609
[2025-06-09T06:01:36.414+0000] {subprocess.py:93} INFO - 2025-06-09 06:01:36,414 - kafka.coordinator - INFO - Received member id kafka-python-2.2.11-c7b99aab-d3c5-4018-b76a-2a9f0aef2b2a for group ecommerce-analytics-20250609; will retry join-group
[2025-06-09T06:01:36.415+0000] {subprocess.py:93} INFO - 2025-06-09 06:01:36,414 - kafka.coordinator - INFO - Failed to join group ecommerce-analytics-20250609: [Error 79] MemberIdRequiredError
[2025-06-09T06:01:36.415+0000] {subprocess.py:93} INFO - 2025-06-09 06:01:36,415 - kafka.coordinator - INFO - (Re-)joining group ecommerce-analytics-20250609
[2025-06-09T06:01:39.439+0000] {subprocess.py:93} INFO - 2025-06-09 06:01:39,434 - kafka.coordinator - INFO - Successfully joined group ecommerce-analytics-20250609 <Generation 5 (member_id: kafka-python-2.2.11-c7b99aab-d3c5-4018-b76a-2a9f0aef2b2a, protocol: range)>
[2025-06-09T06:01:39.442+0000] {subprocess.py:93} INFO - 2025-06-09 06:01:39,435 - kafka.coordinator - INFO - Elected group leader -- performing partition assignments using range
[2025-06-09T06:01:39.456+0000] {subprocess.py:93} INFO - 2025-06-09 06:01:39,455 - kafka.consumer.subscription_state - INFO - Updated partition assignment: [TopicPartition(topic='ecommerce.cart.add', partition=0), TopicPartition(topic='ecommerce.orders.completed', partition=0), TopicPartition(topic='ecommerce.product.views', partition=0), TopicPartition(topic='ecommerce.wishlist.add', partition=0)]
[2025-06-09T06:01:39.456+0000] {subprocess.py:93} INFO - 2025-06-09 06:01:39,456 - kafka.coordinator.consumer - INFO - Setting newly assigned partitions {TopicPartition(topic='ecommerce.orders.completed', partition=0), TopicPartition(topic='ecommerce.cart.add', partition=0), TopicPartition(topic='ecommerce.wishlist.add', partition=0), TopicPartition(topic='ecommerce.product.views', partition=0)} for group ecommerce-analytics-20250609
[2025-06-09T06:01:39.469+0000] {subprocess.py:93} INFO - 💰 Order: order_53633 by user_026 - $569.95 (3 items)
[2025-06-09T06:01:39.473+0000] {subprocess.py:93} INFO - kafka_scripts/consumer.py:280: DeprecationWarning: Redis.hmset() is deprecated. Use Redis.hset() instead.
[2025-06-09T06:01:39.474+0000] {subprocess.py:93} INFO -   self.redis_client.hmset("metrics:totals", {
[2025-06-09T06:01:39.474+0000] {subprocess.py:93} INFO - 💰 Order: order_97916 by user_091 - $159.98 (1 items)
[2025-06-09T06:01:39.475+0000] {subprocess.py:93} INFO - ❤️  Wishlist Add: Nike Air Max by user_027
[2025-06-09T06:01:39.476+0000] {subprocess.py:93} INFO - ❤️  Wishlist Add: Levi's Jeans by user_025
[2025-06-09T06:01:39.476+0000] {subprocess.py:93} INFO - 👀 Product View: Nike Air Max by user_052
[2025-06-09T06:01:39.477+0000] {subprocess.py:93} INFO - 👀 Product View: Levi's Jeans by user_057
[2025-06-09T06:01:39.478+0000] {subprocess.py:93} INFO - 👀 Product View: Nike Air Max by user_086
[2025-06-09T06:01:39.479+0000] {subprocess.py:93} INFO - 👀 Product View: iPhone 15 Pro by user_014
[2025-06-09T06:01:39.479+0000] {subprocess.py:93} INFO - 👀 Product View: MacBook Pro by user_063
[2025-06-09T06:01:39.480+0000] {subprocess.py:93} INFO - 👀 Product View: iPhone 15 Pro by user_086
[2025-06-09T06:01:39.481+0000] {subprocess.py:93} INFO - 📊 Processed 10 messages in 3.3 seconds
[2025-06-09T06:01:39.482+0000] {subprocess.py:93} INFO - 
[2025-06-09T06:01:39.482+0000] {subprocess.py:93} INFO - ============================================================
[2025-06-09T06:01:39.482+0000] {subprocess.py:93} INFO - 📊 REAL-TIME E-COMMERCE DASHBOARD
[2025-06-09T06:01:39.482+0000] {subprocess.py:93} INFO - ============================================================
[2025-06-09T06:01:39.483+0000] {subprocess.py:93} INFO - 👀 Total Views: 17
[2025-06-09T06:01:39.483+0000] {subprocess.py:93} INFO - 🛒 Total Cart Adds: 6
[2025-06-09T06:01:39.483+0000] {subprocess.py:93} INFO - ❤️  Total Wishlist Adds: 3
[2025-06-09T06:01:39.483+0000] {subprocess.py:93} INFO - 📦 Total Orders: 4
[2025-06-09T06:01:39.483+0000] {subprocess.py:93} INFO - 💰 Total Revenue: $9989.78
[2025-06-09T06:01:39.483+0000] {subprocess.py:93} INFO - 🕐 Last Updated: 2025-06-09T06:01:39.482384
[2025-06-09T06:01:39.483+0000] {subprocess.py:93} INFO - 
[2025-06-09T06:01:39.484+0000] {subprocess.py:93} INFO - 🔥 Recent Orders:
[2025-06-09T06:01:39.484+0000] {subprocess.py:93} INFO -   • order_97916: $159.98 (1 items)
[2025-06-09T06:01:39.484+0000] {subprocess.py:93} INFO -   • order_53633: $569.95 (3 items)
[2025-06-09T06:01:39.484+0000] {subprocess.py:93} INFO -   • order_84951: $859.93 (4 items)
[2025-06-09T06:01:39.484+0000] {subprocess.py:93} INFO -   • order_47742: $8399.92 (4 items)
[2025-06-09T06:01:39.484+0000] {subprocess.py:93} INFO - ============================================================
[2025-06-09T06:01:39.484+0000] {subprocess.py:93} INFO - 👀 Product View: Wireless Headphones by user_033
[2025-06-09T06:01:39.485+0000] {subprocess.py:93} INFO - 👀 Product View: Coffee Maker by user_070
[2025-06-09T06:01:39.485+0000] {subprocess.py:93} INFO - 👀 Product View: Levi's Jeans by user_067
[2025-06-09T06:01:39.485+0000] {subprocess.py:93} INFO - 👀 Product View: Coffee Maker by user_086
[2025-06-09T06:01:39.486+0000] {subprocess.py:93} INFO - 👀 Product View: Coffee Maker by user_100
[2025-06-09T06:01:39.487+0000] {subprocess.py:93} INFO - 👀 Product View: Adidas Sneakers by user_014
[2025-06-09T06:01:39.488+0000] {subprocess.py:93} INFO - 🛒 Cart Add: 3x Coffee Maker by user_020 ($449.97)
[2025-06-09T06:01:39.488+0000] {subprocess.py:93} INFO - 🛒 Cart Add: 2x Samsung 4K TV by user_050 ($1599.98)
[2025-06-09T06:01:39.489+0000] {subprocess.py:93} INFO - 🛒 Cart Add: 3x Wireless Headphones by user_002 ($599.97)
[2025-06-09T06:01:39.490+0000] {subprocess.py:93} INFO - 🛒 Cart Add: 2x Samsung 4K TV by user_091 ($1599.98)
[2025-06-09T06:01:39.491+0000] {subprocess.py:93} INFO - 📊 Processed 20 messages in 3.3 seconds
[2025-06-09T06:01:39.492+0000] {subprocess.py:93} INFO - 
[2025-06-09T06:01:39.492+0000] {subprocess.py:93} INFO - ============================================================
[2025-06-09T06:01:39.492+0000] {subprocess.py:93} INFO - 📊 REAL-TIME E-COMMERCE DASHBOARD
[2025-06-09T06:01:39.492+0000] {subprocess.py:93} INFO - ============================================================
[2025-06-09T06:01:39.492+0000] {subprocess.py:93} INFO - 👀 Total Views: 23
[2025-06-09T06:01:39.493+0000] {subprocess.py:93} INFO - 🛒 Total Cart Adds: 10
[2025-06-09T06:01:39.493+0000] {subprocess.py:93} INFO - ❤️  Total Wishlist Adds: 3
[2025-06-09T06:01:39.493+0000] {subprocess.py:93} INFO - 📦 Total Orders: 4
[2025-06-09T06:01:39.493+0000] {subprocess.py:93} INFO - 💰 Total Revenue: $9989.78
[2025-06-09T06:01:39.493+0000] {subprocess.py:93} INFO - 🕐 Last Updated: 2025-06-09T06:01:39.492075
[2025-06-09T06:01:39.493+0000] {subprocess.py:93} INFO - 
[2025-06-09T06:01:39.493+0000] {subprocess.py:93} INFO - 🔥 Recent Orders:
[2025-06-09T06:01:39.493+0000] {subprocess.py:93} INFO -   • order_97916: $159.98 (1 items)
[2025-06-09T06:01:39.494+0000] {subprocess.py:93} INFO -   • order_53633: $569.95 (3 items)
[2025-06-09T06:01:39.494+0000] {subprocess.py:93} INFO -   • order_84951: $859.93 (4 items)
[2025-06-09T06:01:39.494+0000] {subprocess.py:93} INFO -   • order_47742: $8399.92 (4 items)
[2025-06-09T06:01:39.494+0000] {subprocess.py:93} INFO - ============================================================
[2025-06-09T06:01:59.495+0000] {subprocess.py:93} INFO - ⏸️ No messages for 15.0s, checking for completion...
[2025-06-09T06:01:59.500+0000] {subprocess.py:93} INFO - 
[2025-06-09T06:01:59.500+0000] {subprocess.py:93} INFO - ============================================================
[2025-06-09T06:01:59.501+0000] {subprocess.py:93} INFO - 📊 REAL-TIME E-COMMERCE DASHBOARD
[2025-06-09T06:01:59.501+0000] {subprocess.py:93} INFO - ============================================================
[2025-06-09T06:01:59.501+0000] {subprocess.py:93} INFO - 👀 Total Views: 23
[2025-06-09T06:01:59.501+0000] {subprocess.py:93} INFO - 🛒 Total Cart Adds: 10
[2025-06-09T06:01:59.501+0000] {subprocess.py:93} INFO - ❤️  Total Wishlist Adds: 3
[2025-06-09T06:01:59.502+0000] {subprocess.py:93} INFO - 📦 Total Orders: 4
[2025-06-09T06:01:59.502+0000] {subprocess.py:93} INFO - 💰 Total Revenue: $9989.78
[2025-06-09T06:01:59.502+0000] {subprocess.py:93} INFO - 🕐 Last Updated: 2025-06-09T06:01:59.496284
[2025-06-09T06:01:59.502+0000] {subprocess.py:93} INFO - 
[2025-06-09T06:01:59.503+0000] {subprocess.py:93} INFO - 🔥 Recent Orders:
[2025-06-09T06:01:59.503+0000] {subprocess.py:93} INFO -   • order_97916: $159.98 (1 items)
[2025-06-09T06:01:59.503+0000] {subprocess.py:93} INFO -   • order_53633: $569.95 (3 items)
[2025-06-09T06:01:59.503+0000] {subprocess.py:93} INFO -   • order_84951: $859.93 (4 items)
[2025-06-09T06:01:59.503+0000] {subprocess.py:93} INFO -   • order_47742: $8399.92 (4 items)
[2025-06-09T06:01:59.504+0000] {subprocess.py:93} INFO - ============================================================
[2025-06-09T06:02:04.499+0000] {subprocess.py:93} INFO - ⏸️ No messages for 20.0s, checking for completion...
[2025-06-09T06:02:04.510+0000] {subprocess.py:93} INFO - 
[2025-06-09T06:02:04.511+0000] {subprocess.py:93} INFO - ============================================================
[2025-06-09T06:02:04.511+0000] {subprocess.py:93} INFO - 📊 REAL-TIME E-COMMERCE DASHBOARD
[2025-06-09T06:02:04.512+0000] {subprocess.py:93} INFO - ============================================================
[2025-06-09T06:02:04.512+0000] {subprocess.py:93} INFO - 👀 Total Views: 23
[2025-06-09T06:02:04.512+0000] {subprocess.py:93} INFO - 🛒 Total Cart Adds: 10
[2025-06-09T06:02:04.513+0000] {subprocess.py:93} INFO - ❤️  Total Wishlist Adds: 3
[2025-06-09T06:02:04.513+0000] {subprocess.py:93} INFO - 📦 Total Orders: 4
[2025-06-09T06:02:04.513+0000] {subprocess.py:93} INFO - 💰 Total Revenue: $9989.78
[2025-06-09T06:02:04.513+0000] {subprocess.py:93} INFO - 🕐 Last Updated: 2025-06-09T06:02:04.503382
[2025-06-09T06:02:04.514+0000] {subprocess.py:93} INFO - 
[2025-06-09T06:02:04.514+0000] {subprocess.py:93} INFO - 🔥 Recent Orders:
[2025-06-09T06:02:04.514+0000] {subprocess.py:93} INFO -   • order_97916: $159.98 (1 items)
[2025-06-09T06:02:04.514+0000] {subprocess.py:93} INFO -   • order_53633: $569.95 (3 items)
[2025-06-09T06:02:04.515+0000] {subprocess.py:93} INFO -   • order_84951: $859.93 (4 items)
[2025-06-09T06:02:04.515+0000] {subprocess.py:93} INFO -   • order_47742: $8399.92 (4 items)
[2025-06-09T06:02:04.515+0000] {subprocess.py:93} INFO - ============================================================
[2025-06-09T06:02:09.505+0000] {subprocess.py:93} INFO - ⏸️ No messages for 25.0s, checking for completion...
[2025-06-09T06:02:09.509+0000] {subprocess.py:93} INFO - 
[2025-06-09T06:02:09.510+0000] {subprocess.py:93} INFO - ============================================================
[2025-06-09T06:02:09.510+0000] {subprocess.py:93} INFO - 📊 REAL-TIME E-COMMERCE DASHBOARD
[2025-06-09T06:02:09.510+0000] {subprocess.py:93} INFO - ============================================================
[2025-06-09T06:02:09.510+0000] {subprocess.py:93} INFO - 👀 Total Views: 23
[2025-06-09T06:02:09.511+0000] {subprocess.py:93} INFO - 🛒 Total Cart Adds: 10
[2025-06-09T06:02:09.511+0000] {subprocess.py:93} INFO - ❤️  Total Wishlist Adds: 3
[2025-06-09T06:02:09.511+0000] {subprocess.py:93} INFO - 📦 Total Orders: 4
[2025-06-09T06:02:09.511+0000] {subprocess.py:93} INFO - 💰 Total Revenue: $9989.78
[2025-06-09T06:02:09.512+0000] {subprocess.py:93} INFO - 🕐 Last Updated: 2025-06-09T06:02:09.507621
[2025-06-09T06:02:09.512+0000] {subprocess.py:93} INFO - 
[2025-06-09T06:02:09.512+0000] {subprocess.py:93} INFO - 🔥 Recent Orders:
[2025-06-09T06:02:09.512+0000] {subprocess.py:93} INFO -   • order_97916: $159.98 (1 items)
[2025-06-09T06:02:09.513+0000] {subprocess.py:93} INFO -   • order_53633: $569.95 (3 items)
[2025-06-09T06:02:09.513+0000] {subprocess.py:93} INFO -   • order_84951: $859.93 (4 items)
[2025-06-09T06:02:09.513+0000] {subprocess.py:93} INFO -   • order_47742: $8399.92 (4 items)
[2025-06-09T06:02:09.513+0000] {subprocess.py:93} INFO - ============================================================
[2025-06-09T06:02:14.517+0000] {subprocess.py:93} INFO - ⏸️ No messages for 30.0s, checking for completion...
[2025-06-09T06:02:14.528+0000] {subprocess.py:93} INFO - 
[2025-06-09T06:02:14.529+0000] {subprocess.py:93} INFO - ============================================================
[2025-06-09T06:02:14.530+0000] {subprocess.py:93} INFO - 📊 REAL-TIME E-COMMERCE DASHBOARD
[2025-06-09T06:02:14.530+0000] {subprocess.py:93} INFO - ============================================================
[2025-06-09T06:02:14.530+0000] {subprocess.py:93} INFO - 👀 Total Views: 23
[2025-06-09T06:02:14.531+0000] {subprocess.py:93} INFO - 🛒 Total Cart Adds: 10
[2025-06-09T06:02:14.531+0000] {subprocess.py:93} INFO - ❤️  Total Wishlist Adds: 3
[2025-06-09T06:02:14.532+0000] {subprocess.py:93} INFO - 📦 Total Orders: 4
[2025-06-09T06:02:14.532+0000] {subprocess.py:93} INFO - 💰 Total Revenue: $9989.78
[2025-06-09T06:02:14.533+0000] {subprocess.py:93} INFO - 🕐 Last Updated: 2025-06-09T06:02:14.524390
[2025-06-09T06:02:14.533+0000] {subprocess.py:93} INFO - 
[2025-06-09T06:02:14.533+0000] {subprocess.py:93} INFO - 🔥 Recent Orders:
[2025-06-09T06:02:14.533+0000] {subprocess.py:93} INFO -   • order_97916: $159.98 (1 items)
[2025-06-09T06:02:14.534+0000] {subprocess.py:93} INFO -   • order_53633: $569.95 (3 items)
[2025-06-09T06:02:14.534+0000] {subprocess.py:93} INFO -   • order_84951: $859.93 (4 items)
[2025-06-09T06:02:14.535+0000] {subprocess.py:93} INFO -   • order_47742: $8399.92 (4 items)
[2025-06-09T06:02:14.535+0000] {subprocess.py:93} INFO - ============================================================
[2025-06-09T06:02:19.533+0000] {subprocess.py:93} INFO - ⏸️ No messages for 35.0s, checking for completion...
[2025-06-09T06:02:19.543+0000] {subprocess.py:93} INFO - 
[2025-06-09T06:02:19.543+0000] {subprocess.py:93} INFO - ============================================================
[2025-06-09T06:02:19.544+0000] {subprocess.py:93} INFO - 📊 REAL-TIME E-COMMERCE DASHBOARD
[2025-06-09T06:02:19.544+0000] {subprocess.py:93} INFO - ============================================================
[2025-06-09T06:02:19.545+0000] {subprocess.py:93} INFO - 👀 Total Views: 23
[2025-06-09T06:02:19.545+0000] {subprocess.py:93} INFO - 🛒 Total Cart Adds: 10
[2025-06-09T06:02:19.546+0000] {subprocess.py:93} INFO - ❤️  Total Wishlist Adds: 3
[2025-06-09T06:02:19.546+0000] {subprocess.py:93} INFO - 📦 Total Orders: 4
[2025-06-09T06:02:19.547+0000] {subprocess.py:93} INFO - 💰 Total Revenue: $9989.78
[2025-06-09T06:02:19.547+0000] {subprocess.py:93} INFO - 🕐 Last Updated: 2025-06-09T06:02:19.534553
[2025-06-09T06:02:19.548+0000] {subprocess.py:93} INFO - 
[2025-06-09T06:02:19.548+0000] {subprocess.py:93} INFO - 🔥 Recent Orders:
[2025-06-09T06:02:19.549+0000] {subprocess.py:93} INFO -   • order_97916: $159.98 (1 items)
[2025-06-09T06:02:19.549+0000] {subprocess.py:93} INFO -   • order_53633: $569.95 (3 items)
[2025-06-09T06:02:19.550+0000] {subprocess.py:93} INFO -   • order_84951: $859.93 (4 items)
[2025-06-09T06:02:19.550+0000] {subprocess.py:93} INFO -   • order_47742: $8399.92 (4 items)
[2025-06-09T06:02:19.551+0000] {subprocess.py:93} INFO - ============================================================
[2025-06-09T06:02:24.541+0000] {subprocess.py:93} INFO - ⏸️ No messages for 40.0s, checking for completion...
[2025-06-09T06:02:24.549+0000] {subprocess.py:93} INFO - 
[2025-06-09T06:02:24.550+0000] {subprocess.py:93} INFO - ============================================================
[2025-06-09T06:02:24.550+0000] {subprocess.py:93} INFO - 📊 REAL-TIME E-COMMERCE DASHBOARD
[2025-06-09T06:02:24.551+0000] {subprocess.py:93} INFO - ============================================================
[2025-06-09T06:02:24.552+0000] {subprocess.py:93} INFO - 👀 Total Views: 23
[2025-06-09T06:02:24.552+0000] {subprocess.py:93} INFO - 🛒 Total Cart Adds: 10
[2025-06-09T06:02:24.553+0000] {subprocess.py:93} INFO - ❤️  Total Wishlist Adds: 3
[2025-06-09T06:02:24.554+0000] {subprocess.py:93} INFO - 📦 Total Orders: 4
[2025-06-09T06:02:24.554+0000] {subprocess.py:93} INFO - 💰 Total Revenue: $9989.78
[2025-06-09T06:02:24.555+0000] {subprocess.py:93} INFO - 🕐 Last Updated: 2025-06-09T06:02:24.545460
[2025-06-09T06:02:24.555+0000] {subprocess.py:93} INFO - 
[2025-06-09T06:02:24.556+0000] {subprocess.py:93} INFO - 🔥 Recent Orders:
[2025-06-09T06:02:24.556+0000] {subprocess.py:93} INFO -   • order_97916: $159.98 (1 items)
[2025-06-09T06:02:24.557+0000] {subprocess.py:93} INFO -   • order_53633: $569.95 (3 items)
[2025-06-09T06:02:24.557+0000] {subprocess.py:93} INFO -   • order_84951: $859.93 (4 items)
[2025-06-09T06:02:24.558+0000] {subprocess.py:93} INFO -   • order_47742: $8399.92 (4 items)
[2025-06-09T06:02:24.558+0000] {subprocess.py:93} INFO - ============================================================
[2025-06-09T06:02:29.564+0000] {subprocess.py:93} INFO - ⏸️ No messages for 45.1s, checking for completion...
[2025-06-09T06:02:29.570+0000] {subprocess.py:93} INFO - 
[2025-06-09T06:02:29.570+0000] {subprocess.py:93} INFO - ============================================================
[2025-06-09T06:02:29.570+0000] {subprocess.py:93} INFO - 📊 REAL-TIME E-COMMERCE DASHBOARD
[2025-06-09T06:02:29.570+0000] {subprocess.py:93} INFO - ============================================================
[2025-06-09T06:02:29.570+0000] {subprocess.py:93} INFO - 👀 Total Views: 23
[2025-06-09T06:02:29.571+0000] {subprocess.py:93} INFO - 🛒 Total Cart Adds: 10
[2025-06-09T06:02:29.571+0000] {subprocess.py:93} INFO - ❤️  Total Wishlist Adds: 3
[2025-06-09T06:02:29.571+0000] {subprocess.py:93} INFO - 📦 Total Orders: 4
[2025-06-09T06:02:29.571+0000] {subprocess.py:93} INFO - 💰 Total Revenue: $9989.78
[2025-06-09T06:02:29.571+0000] {subprocess.py:93} INFO - 🕐 Last Updated: 2025-06-09T06:02:29.568097
[2025-06-09T06:02:29.571+0000] {subprocess.py:93} INFO - 
[2025-06-09T06:02:29.571+0000] {subprocess.py:93} INFO - 🔥 Recent Orders:
[2025-06-09T06:02:29.571+0000] {subprocess.py:93} INFO -   • order_97916: $159.98 (1 items)
[2025-06-09T06:02:29.571+0000] {subprocess.py:93} INFO -   • order_53633: $569.95 (3 items)
[2025-06-09T06:02:29.571+0000] {subprocess.py:93} INFO -   • order_84951: $859.93 (4 items)
[2025-06-09T06:02:29.571+0000] {subprocess.py:93} INFO -   • order_47742: $8399.92 (4 items)
[2025-06-09T06:02:29.572+0000] {subprocess.py:93} INFO - ============================================================
[2025-06-09T06:02:34.577+0000] {subprocess.py:93} INFO - ⏸️ No messages for 50.1s, checking for completion...
[2025-06-09T06:02:34.585+0000] {subprocess.py:93} INFO - 
[2025-06-09T06:02:34.586+0000] {subprocess.py:93} INFO - ============================================================
[2025-06-09T06:02:34.586+0000] {subprocess.py:93} INFO - 📊 REAL-TIME E-COMMERCE DASHBOARD
[2025-06-09T06:02:34.586+0000] {subprocess.py:93} INFO - ============================================================
[2025-06-09T06:02:34.586+0000] {subprocess.py:93} INFO - 👀 Total Views: 23
[2025-06-09T06:02:34.587+0000] {subprocess.py:93} INFO - 🛒 Total Cart Adds: 10
[2025-06-09T06:02:34.587+0000] {subprocess.py:93} INFO - ❤️  Total Wishlist Adds: 3
[2025-06-09T06:02:34.587+0000] {subprocess.py:93} INFO - 📦 Total Orders: 4
[2025-06-09T06:02:34.587+0000] {subprocess.py:93} INFO - 💰 Total Revenue: $9989.78
[2025-06-09T06:02:34.587+0000] {subprocess.py:93} INFO - 🕐 Last Updated: 2025-06-09T06:02:34.580886
[2025-06-09T06:02:34.588+0000] {subprocess.py:93} INFO - 
[2025-06-09T06:02:34.588+0000] {subprocess.py:93} INFO - 🔥 Recent Orders:
[2025-06-09T06:02:34.588+0000] {subprocess.py:93} INFO -   • order_97916: $159.98 (1 items)
[2025-06-09T06:02:34.588+0000] {subprocess.py:93} INFO -   • order_53633: $569.95 (3 items)
[2025-06-09T06:02:34.588+0000] {subprocess.py:93} INFO -   • order_84951: $859.93 (4 items)
[2025-06-09T06:02:34.589+0000] {subprocess.py:93} INFO -   • order_47742: $8399.92 (4 items)
[2025-06-09T06:02:34.589+0000] {subprocess.py:93} INFO - ============================================================
[2025-06-09T06:02:39.587+0000] {subprocess.py:93} INFO - ⏸️ No messages for 55.1s, checking for completion...
[2025-06-09T06:02:39.591+0000] {subprocess.py:93} INFO - 
[2025-06-09T06:02:39.591+0000] {subprocess.py:93} INFO - ============================================================
[2025-06-09T06:02:39.591+0000] {subprocess.py:93} INFO - 📊 REAL-TIME E-COMMERCE DASHBOARD
[2025-06-09T06:02:39.591+0000] {subprocess.py:93} INFO - ============================================================
[2025-06-09T06:02:39.591+0000] {subprocess.py:93} INFO - 👀 Total Views: 23
[2025-06-09T06:02:39.591+0000] {subprocess.py:93} INFO - 🛒 Total Cart Adds: 10
[2025-06-09T06:02:39.591+0000] {subprocess.py:93} INFO - ❤️  Total Wishlist Adds: 3
[2025-06-09T06:02:39.591+0000] {subprocess.py:93} INFO - 📦 Total Orders: 4
[2025-06-09T06:02:39.592+0000] {subprocess.py:93} INFO - 💰 Total Revenue: $9989.78
[2025-06-09T06:02:39.592+0000] {subprocess.py:93} INFO - 🕐 Last Updated: 2025-06-09T06:02:39.590119
[2025-06-09T06:02:39.592+0000] {subprocess.py:93} INFO - 
[2025-06-09T06:02:39.592+0000] {subprocess.py:93} INFO - 🔥 Recent Orders:
[2025-06-09T06:02:39.592+0000] {subprocess.py:93} INFO -   • order_97916: $159.98 (1 items)
[2025-06-09T06:02:39.592+0000] {subprocess.py:93} INFO -   • order_53633: $569.95 (3 items)
[2025-06-09T06:02:39.592+0000] {subprocess.py:93} INFO -   • order_84951: $859.93 (4 items)
[2025-06-09T06:02:39.592+0000] {subprocess.py:93} INFO -   • order_47742: $8399.92 (4 items)
[2025-06-09T06:02:39.592+0000] {subprocess.py:93} INFO - ============================================================
[2025-06-09T06:02:44.592+0000] {subprocess.py:93} INFO - ⏸️ No messages for 60.1s, checking for completion...
[2025-06-09T06:02:44.596+0000] {subprocess.py:93} INFO - 
[2025-06-09T06:02:44.596+0000] {subprocess.py:93} INFO - ============================================================
[2025-06-09T06:02:44.596+0000] {subprocess.py:93} INFO - 📊 REAL-TIME E-COMMERCE DASHBOARD
[2025-06-09T06:02:44.597+0000] {subprocess.py:93} INFO - ============================================================
[2025-06-09T06:02:44.597+0000] {subprocess.py:93} INFO - 👀 Total Views: 23
[2025-06-09T06:02:44.597+0000] {subprocess.py:93} INFO - 🛒 Total Cart Adds: 10
[2025-06-09T06:02:44.597+0000] {subprocess.py:93} INFO - ❤️  Total Wishlist Adds: 3
[2025-06-09T06:02:44.598+0000] {subprocess.py:93} INFO - 📦 Total Orders: 4
[2025-06-09T06:02:44.598+0000] {subprocess.py:93} INFO - 💰 Total Revenue: $9989.78
[2025-06-09T06:02:44.598+0000] {subprocess.py:93} INFO - 🕐 Last Updated: 2025-06-09T06:02:44.594314
[2025-06-09T06:02:44.598+0000] {subprocess.py:93} INFO - 
[2025-06-09T06:02:44.598+0000] {subprocess.py:93} INFO - 🔥 Recent Orders:
[2025-06-09T06:02:44.599+0000] {subprocess.py:93} INFO -   • order_97916: $159.98 (1 items)
[2025-06-09T06:02:44.599+0000] {subprocess.py:93} INFO -   • order_53633: $569.95 (3 items)
[2025-06-09T06:02:44.599+0000] {subprocess.py:93} INFO -   • order_84951: $859.93 (4 items)
[2025-06-09T06:02:44.599+0000] {subprocess.py:93} INFO -   • order_47742: $8399.92 (4 items)
[2025-06-09T06:02:44.599+0000] {subprocess.py:93} INFO - ============================================================
[2025-06-09T06:02:49.599+0000] {subprocess.py:93} INFO - ⏸️ No messages for 65.1s, checking for completion...
[2025-06-09T06:02:49.610+0000] {subprocess.py:93} INFO - 
[2025-06-09T06:02:49.610+0000] {subprocess.py:93} INFO - ============================================================
[2025-06-09T06:02:49.611+0000] {subprocess.py:93} INFO - 📊 REAL-TIME E-COMMERCE DASHBOARD
[2025-06-09T06:02:49.611+0000] {subprocess.py:93} INFO - ============================================================
[2025-06-09T06:02:49.611+0000] {subprocess.py:93} INFO - 👀 Total Views: 23
[2025-06-09T06:02:49.612+0000] {subprocess.py:93} INFO - 🛒 Total Cart Adds: 10
[2025-06-09T06:02:49.612+0000] {subprocess.py:93} INFO - ❤️  Total Wishlist Adds: 3
[2025-06-09T06:02:49.612+0000] {subprocess.py:93} INFO - 📦 Total Orders: 4
[2025-06-09T06:02:49.612+0000] {subprocess.py:93} INFO - 💰 Total Revenue: $9989.78
[2025-06-09T06:02:49.613+0000] {subprocess.py:93} INFO - 🕐 Last Updated: 2025-06-09T06:02:49.604673
[2025-06-09T06:02:49.613+0000] {subprocess.py:93} INFO - 
[2025-06-09T06:02:49.613+0000] {subprocess.py:93} INFO - 🔥 Recent Orders:
[2025-06-09T06:02:49.613+0000] {subprocess.py:93} INFO -   • order_97916: $159.98 (1 items)
[2025-06-09T06:02:49.613+0000] {subprocess.py:93} INFO -   • order_53633: $569.95 (3 items)
[2025-06-09T06:02:49.614+0000] {subprocess.py:93} INFO -   • order_84951: $859.93 (4 items)
[2025-06-09T06:02:49.614+0000] {subprocess.py:93} INFO -   • order_47742: $8399.92 (4 items)
[2025-06-09T06:02:49.614+0000] {subprocess.py:93} INFO - ============================================================
[2025-06-09T06:02:54.611+0000] {subprocess.py:93} INFO - ⏸️ No messages for 70.1s, checking for completion...
[2025-06-09T06:02:54.616+0000] {subprocess.py:93} INFO - 
[2025-06-09T06:02:54.617+0000] {subprocess.py:93} INFO - ============================================================
[2025-06-09T06:02:54.617+0000] {subprocess.py:93} INFO - 📊 REAL-TIME E-COMMERCE DASHBOARD
[2025-06-09T06:02:54.617+0000] {subprocess.py:93} INFO - ============================================================
[2025-06-09T06:02:54.617+0000] {subprocess.py:93} INFO - 👀 Total Views: 23
[2025-06-09T06:02:54.618+0000] {subprocess.py:93} INFO - 🛒 Total Cart Adds: 10
[2025-06-09T06:02:54.618+0000] {subprocess.py:93} INFO - ❤️  Total Wishlist Adds: 3
[2025-06-09T06:02:54.618+0000] {subprocess.py:93} INFO - 📦 Total Orders: 4
[2025-06-09T06:02:54.618+0000] {subprocess.py:93} INFO - 💰 Total Revenue: $9989.78
[2025-06-09T06:02:54.618+0000] {subprocess.py:93} INFO - 🕐 Last Updated: 2025-06-09T06:02:54.614300
[2025-06-09T06:02:54.619+0000] {subprocess.py:93} INFO - 
[2025-06-09T06:02:54.619+0000] {subprocess.py:93} INFO - 🔥 Recent Orders:
[2025-06-09T06:02:54.619+0000] {subprocess.py:93} INFO -   • order_97916: $159.98 (1 items)
[2025-06-09T06:02:54.619+0000] {subprocess.py:93} INFO -   • order_53633: $569.95 (3 items)
[2025-06-09T06:02:54.619+0000] {subprocess.py:93} INFO -   • order_84951: $859.93 (4 items)
[2025-06-09T06:02:54.619+0000] {subprocess.py:93} INFO -   • order_47742: $8399.92 (4 items)
[2025-06-09T06:02:54.619+0000] {subprocess.py:93} INFO - ============================================================
[2025-06-09T06:02:59.618+0000] {subprocess.py:93} INFO - ⏸️ No messages for 75.1s, checking for completion...
[2025-06-09T06:02:59.621+0000] {subprocess.py:93} INFO - 
[2025-06-09T06:02:59.622+0000] {subprocess.py:93} INFO - ============================================================
[2025-06-09T06:02:59.622+0000] {subprocess.py:93} INFO - 📊 REAL-TIME E-COMMERCE DASHBOARD
[2025-06-09T06:02:59.622+0000] {subprocess.py:93} INFO - ============================================================
[2025-06-09T06:02:59.622+0000] {subprocess.py:93} INFO - 👀 Total Views: 23
[2025-06-09T06:02:59.622+0000] {subprocess.py:93} INFO - 🛒 Total Cart Adds: 10
[2025-06-09T06:02:59.622+0000] {subprocess.py:93} INFO - ❤️  Total Wishlist Adds: 3
[2025-06-09T06:02:59.622+0000] {subprocess.py:93} INFO - 📦 Total Orders: 4
[2025-06-09T06:02:59.622+0000] {subprocess.py:93} INFO - 💰 Total Revenue: $9989.78
[2025-06-09T06:02:59.622+0000] {subprocess.py:93} INFO - 🕐 Last Updated: 2025-06-09T06:02:59.620168
[2025-06-09T06:02:59.623+0000] {subprocess.py:93} INFO - 
[2025-06-09T06:02:59.623+0000] {subprocess.py:93} INFO - 🔥 Recent Orders:
[2025-06-09T06:02:59.623+0000] {subprocess.py:93} INFO -   • order_97916: $159.98 (1 items)
[2025-06-09T06:02:59.623+0000] {subprocess.py:93} INFO -   • order_53633: $569.95 (3 items)
[2025-06-09T06:02:59.623+0000] {subprocess.py:93} INFO -   • order_84951: $859.93 (4 items)
[2025-06-09T06:02:59.624+0000] {subprocess.py:93} INFO -   • order_47742: $8399.92 (4 items)
[2025-06-09T06:02:59.624+0000] {subprocess.py:93} INFO - ============================================================
[2025-06-09T06:03:04.623+0000] {subprocess.py:93} INFO - ⏸️ No messages for 80.1s, checking for completion...
[2025-06-09T06:03:04.631+0000] {subprocess.py:93} INFO - 
[2025-06-09T06:03:04.631+0000] {subprocess.py:93} INFO - ============================================================
[2025-06-09T06:03:04.631+0000] {subprocess.py:93} INFO - 📊 REAL-TIME E-COMMERCE DASHBOARD
[2025-06-09T06:03:04.632+0000] {subprocess.py:93} INFO - ============================================================
[2025-06-09T06:03:04.632+0000] {subprocess.py:93} INFO - 👀 Total Views: 23
[2025-06-09T06:03:04.632+0000] {subprocess.py:93} INFO - 🛒 Total Cart Adds: 10
[2025-06-09T06:03:04.632+0000] {subprocess.py:93} INFO - ❤️  Total Wishlist Adds: 3
[2025-06-09T06:03:04.632+0000] {subprocess.py:93} INFO - 📦 Total Orders: 4
[2025-06-09T06:03:04.633+0000] {subprocess.py:93} INFO - 💰 Total Revenue: $9989.78
[2025-06-09T06:03:04.633+0000] {subprocess.py:93} INFO - 🕐 Last Updated: 2025-06-09T06:03:04.625404
[2025-06-09T06:03:04.633+0000] {subprocess.py:93} INFO - 
[2025-06-09T06:03:04.633+0000] {subprocess.py:93} INFO - 🔥 Recent Orders:
[2025-06-09T06:03:04.633+0000] {subprocess.py:93} INFO -   • order_97916: $159.98 (1 items)
[2025-06-09T06:03:04.633+0000] {subprocess.py:93} INFO -   • order_53633: $569.95 (3 items)
[2025-06-09T06:03:04.633+0000] {subprocess.py:93} INFO -   • order_84951: $859.93 (4 items)
[2025-06-09T06:03:04.633+0000] {subprocess.py:93} INFO -   • order_47742: $8399.92 (4 items)
[2025-06-09T06:03:04.634+0000] {subprocess.py:93} INFO - ============================================================
[2025-06-09T06:03:09.630+0000] {subprocess.py:93} INFO - ⏸️ No messages for 85.1s, checking for completion...
[2025-06-09T06:03:09.634+0000] {subprocess.py:93} INFO - 
[2025-06-09T06:03:09.635+0000] {subprocess.py:93} INFO - ============================================================
[2025-06-09T06:03:09.635+0000] {subprocess.py:93} INFO - 📊 REAL-TIME E-COMMERCE DASHBOARD
[2025-06-09T06:03:09.635+0000] {subprocess.py:93} INFO - ============================================================
[2025-06-09T06:03:09.635+0000] {subprocess.py:93} INFO - 👀 Total Views: 23
[2025-06-09T06:03:09.635+0000] {subprocess.py:93} INFO - 🛒 Total Cart Adds: 10
[2025-06-09T06:03:09.636+0000] {subprocess.py:93} INFO - ❤️  Total Wishlist Adds: 3
[2025-06-09T06:03:09.636+0000] {subprocess.py:93} INFO - 📦 Total Orders: 4
[2025-06-09T06:03:09.636+0000] {subprocess.py:93} INFO - 💰 Total Revenue: $9989.78
[2025-06-09T06:03:09.636+0000] {subprocess.py:93} INFO - 🕐 Last Updated: 2025-06-09T06:03:09.631570
[2025-06-09T06:03:09.636+0000] {subprocess.py:93} INFO - 
[2025-06-09T06:03:09.636+0000] {subprocess.py:93} INFO - 🔥 Recent Orders:
[2025-06-09T06:03:09.637+0000] {subprocess.py:93} INFO -   • order_97916: $159.98 (1 items)
[2025-06-09T06:03:09.637+0000] {subprocess.py:93} INFO -   • order_53633: $569.95 (3 items)
[2025-06-09T06:03:09.637+0000] {subprocess.py:93} INFO -   • order_84951: $859.93 (4 items)
[2025-06-09T06:03:09.637+0000] {subprocess.py:93} INFO -   • order_47742: $8399.92 (4 items)
[2025-06-09T06:03:09.637+0000] {subprocess.py:93} INFO - ============================================================
[2025-06-09T06:03:09.637+0000] {subprocess.py:93} INFO - ⏰ Timeout reached (90s), stopping consumer
[2025-06-09T06:03:09.638+0000] {subprocess.py:93} INFO - 2025-06-09 06:03:09,637 - kafka.coordinator.heartbeat - INFO - Stopping heartbeat thread
[2025-06-09T06:03:12.683+0000] {subprocess.py:93} INFO - 2025-06-09 06:03:12,650 - kafka.coordinator.heartbeat - WARNING - Heartbeat thread did not fully terminate during close
[2025-06-09T06:03:12.737+0000] {subprocess.py:93} INFO - 2025-06-09 06:03:12,672 - kafka.coordinator - INFO - Leaving consumer group (ecommerce-analytics-20250609).
[2025-06-09T06:03:12.965+0000] {subprocess.py:93} INFO - 2025-06-09 06:03:12,964 - kafka.coordinator - INFO - LeaveGroup request for group ecommerce-analytics-20250609 returned successfully
[2025-06-09T06:03:12.969+0000] {subprocess.py:93} INFO - 2025-06-09 06:03:12,966 - kafka.conn - INFO - <BrokerConnection client_id=kafka-python-2.2.11, node_id=1 host=kafka:29092 <connected> [IPv4 ('172.18.0.6', 29092)]>: Closing connection.
[2025-06-09T06:03:12.975+0000] {subprocess.py:93} INFO - 2025-06-09 06:03:12,974 - kafka.conn - INFO - <BrokerConnection client_id=kafka-python-2.2.11, node_id=coordinator-1 host=kafka:29092 <connected> [IPv4 ('172.18.0.6', 29092)]>: Closing connection.
[2025-06-09T06:03:13.006+0000] {subprocess.py:93} INFO - ✅ Kafka consumer closed
[2025-06-09T06:03:13.010+0000] {subprocess.py:93} INFO - ✅ Redis connection closed
[2025-06-09T06:03:13.014+0000] {subprocess.py:93} INFO - 👋 Consumer completed after processing 20 messages in 96.8 seconds
[2025-06-09T06:03:13.016+0000] {subprocess.py:93} INFO - 
[2025-06-09T06:03:13.018+0000] {subprocess.py:93} INFO - ============================================================
[2025-06-09T06:03:13.023+0000] {subprocess.py:93} INFO - 📊 REAL-TIME E-COMMERCE DASHBOARD
[2025-06-09T06:03:13.029+0000] {subprocess.py:93} INFO - ============================================================
[2025-06-09T06:03:13.031+0000] {subprocess.py:93} INFO - 👀 Total Views: 23
[2025-06-09T06:03:13.033+0000] {subprocess.py:93} INFO - 🛒 Total Cart Adds: 10
[2025-06-09T06:03:13.038+0000] {subprocess.py:93} INFO - ❤️  Total Wishlist Adds: 3
[2025-06-09T06:03:13.042+0000] {subprocess.py:93} INFO - 📦 Total Orders: 4
[2025-06-09T06:03:13.045+0000] {subprocess.py:93} INFO - 💰 Total Revenue: $9989.78
[2025-06-09T06:03:13.054+0000] {subprocess.py:93} INFO - 🕐 Last Updated: 2025-06-09T06:03:12.995460
[2025-06-09T06:03:13.073+0000] {subprocess.py:93} INFO - 
[2025-06-09T06:03:13.079+0000] {subprocess.py:93} INFO - 🔥 Recent Orders:
[2025-06-09T06:03:13.087+0000] {subprocess.py:93} INFO -   • order_97916: $159.98 (1 items)
[2025-06-09T06:03:13.091+0000] {subprocess.py:93} INFO -   • order_53633: $569.95 (3 items)
[2025-06-09T06:03:13.094+0000] {subprocess.py:93} INFO -   • order_84951: $859.93 (4 items)
[2025-06-09T06:03:13.102+0000] {subprocess.py:93} INFO -   • order_47742: $8399.92 (4 items)
[2025-06-09T06:03:13.107+0000] {subprocess.py:93} INFO - ============================================================
[2025-06-09T06:03:13.491+0000] {subprocess.py:97} INFO - Command exited with return code 0
[2025-06-09T06:03:13.593+0000] {taskinstance.py:1138} INFO - Marking task as SUCCESS. dag_id=kafka_ecommerce_pipeline, task_id=run_kafka_consumer, execution_date=20250609T055000, start_date=20250609T060135, end_date=20250609T060313
[2025-06-09T06:03:13.799+0000] {local_task_job_runner.py:234} INFO - Task exited with return code 0
[2025-06-09T06:03:13.912+0000] {taskinstance.py:3280} INFO - 1 downstream tasks scheduled from follow-on schedule check
