[2025-06-09T09:23:20.940+0000] {taskinstance.py:1956} INFO - Dependencies all met for dep_context=non-requeueable deps ti=<TaskInstance: kafka_ecommerce_pipeline.cleanup_and_complete scheduled__2025-06-09T09:20:00+00:00 [queued]>
[2025-06-09T09:23:20.944+0000] {taskinstance.py:1956} INFO - Dependencies all met for dep_context=requeueable deps ti=<TaskInstance: kafka_ecommerce_pipeline.cleanup_and_complete scheduled__2025-06-09T09:20:00+00:00 [queued]>
[2025-06-09T09:23:20.945+0000] {taskinstance.py:2170} INFO - Starting attempt 1 of 3
[2025-06-09T09:23:20.951+0000] {taskinstance.py:2191} INFO - Executing <Task(BashOperator): cleanup_and_complete> on 2025-06-09 09:20:00+00:00
[2025-06-09T09:23:20.954+0000] {standard_task_runner.py:60} INFO - Started process 1063 to run task
[2025-06-09T09:23:20.957+0000] {standard_task_runner.py:87} INFO - Running: ['***', 'tasks', 'run', 'kafka_ecommerce_pipeline', 'cleanup_and_complete', 'scheduled__2025-06-09T09:20:00+00:00', '--job-id', '58', '--raw', '--subdir', 'DAGS_FOLDER/kafka_data_pipeline.py', '--cfg-path', '/tmp/tmp26v8zrv0']
[2025-06-09T09:23:20.958+0000] {standard_task_runner.py:88} INFO - Job 58: Subtask cleanup_and_complete
[2025-06-09T09:23:20.994+0000] {task_command.py:423} INFO - Running <TaskInstance: kafka_ecommerce_pipeline.cleanup_and_complete scheduled__2025-06-09T09:20:00+00:00 [running]> on host 93140bc61108
[2025-06-09T09:23:21.040+0000] {taskinstance.py:2480} INFO - Exporting env vars: AIRFLOW_CTX_DAG_OWNER='data-engineering-team' AIRFLOW_CTX_DAG_ID='kafka_ecommerce_pipeline' AIRFLOW_CTX_TASK_ID='cleanup_and_complete' AIRFLOW_CTX_EXECUTION_DATE='2025-06-09T09:20:00+00:00' AIRFLOW_CTX_TRY_NUMBER='1' AIRFLOW_CTX_DAG_RUN_ID='scheduled__2025-06-09T09:20:00+00:00'
[2025-06-09T09:23:21.042+0000] {subprocess.py:63} INFO - Tmp dir root location: /tmp
[2025-06-09T09:23:21.043+0000] {subprocess.py:75} INFO - Running command: ['/usr/bin/bash', '-c', '\necho "🧹 Performing cleanup..."\necho "📈 Kafka E-commerce Pipeline completed successfully at $(date)"\necho "🎯 Check Redis for real-time analytics data"\necho "✅ DAG execution finished"']
[2025-06-09T09:23:21.049+0000] {subprocess.py:86} INFO - Output:
[2025-06-09T09:23:21.050+0000] {subprocess.py:93} INFO - 🧹 Performing cleanup...
[2025-06-09T09:23:21.051+0000] {subprocess.py:93} INFO - 📈 Kafka E-commerce Pipeline completed successfully at Mon Jun  9 09:23:21 UTC 2025
[2025-06-09T09:23:21.051+0000] {subprocess.py:93} INFO - 🎯 Check Redis for real-time analytics data
[2025-06-09T09:23:21.051+0000] {subprocess.py:93} INFO - ✅ DAG execution finished
[2025-06-09T09:23:21.051+0000] {subprocess.py:97} INFO - Command exited with return code 0
[2025-06-09T09:23:21.068+0000] {taskinstance.py:1138} INFO - Marking task as SUCCESS. dag_id=kafka_ecommerce_pipeline, task_id=cleanup_and_complete, execution_date=20250609T092000, start_date=20250609T092320, end_date=20250609T092321
[2025-06-09T09:23:21.100+0000] {local_task_job_runner.py:234} INFO - Task exited with return code 0
[2025-06-09T09:23:21.110+0000] {taskinstance.py:3280} INFO - 0 downstream tasks scheduled from follow-on schedule check
