[2025-06-08T16:19:32.348+0000] {taskinstance.py:1956} INFO - Dependencies all met for dep_context=non-requeueable deps ti=<TaskInstance: etl_dag.run_ods_layer manual__2025-06-08T16:19:31.372347+00:00 [queued]>
[2025-06-08T16:19:32.354+0000] {taskinstance.py:1956} INFO - Dependencies all met for dep_context=requeueable deps ti=<TaskInstance: etl_dag.run_ods_layer manual__2025-06-08T16:19:31.372347+00:00 [queued]>
[2025-06-08T16:19:32.355+0000] {taskinstance.py:2170} INFO - Starting attempt 1 of 2
[2025-06-08T16:19:32.363+0000] {taskinstance.py:2191} INFO - Executing <Task(BashOperator): run_ods_layer> on 2025-06-08 16:19:31.372347+00:00
[2025-06-08T16:19:32.366+0000] {standard_task_runner.py:60} INFO - Started process 125 to run task
[2025-06-08T16:19:32.368+0000] {standard_task_runner.py:87} INFO - Running: ['***', 'tasks', 'run', 'etl_dag', 'run_ods_layer', 'manual__2025-06-08T16:19:31.372347+00:00', '--job-id', '20', '--raw', '--subdir', 'DAGS_FOLDER/etl_dag.py', '--cfg-path', '/tmp/tmp6kh8by7k']
[2025-06-08T16:19:32.370+0000] {standard_task_runner.py:88} INFO - Job 20: Subtask run_ods_layer
[2025-06-08T16:19:32.408+0000] {task_command.py:423} INFO - Running <TaskInstance: etl_dag.run_ods_layer manual__2025-06-08T16:19:31.372347+00:00 [running]> on host 8ca63cef15a9
[2025-06-08T16:19:32.450+0000] {taskinstance.py:2480} INFO - Exporting env vars: AIRFLOW_CTX_DAG_OWNER='***' AIRFLOW_CTX_DAG_ID='etl_dag' AIRFLOW_CTX_TASK_ID='run_ods_layer' AIRFLOW_CTX_EXECUTION_DATE='2025-06-08T16:19:31.372347+00:00' AIRFLOW_CTX_TRY_NUMBER='1' AIRFLOW_CTX_DAG_RUN_ID='manual__2025-06-08T16:19:31.372347+00:00'
[2025-06-08T16:19:32.451+0000] {subprocess.py:63} INFO - Tmp dir root location: /tmp
[2025-06-08T16:19:32.452+0000] {subprocess.py:75} INFO - Running command: ['/usr/bin/bash', '-c', 'cd /opt/***/ecom_etl && python ods_layer.py']
[2025-06-08T16:19:32.458+0000] {subprocess.py:86} INFO - Output:
[2025-06-08T16:19:33.801+0000] {subprocess.py:93} INFO - 2025-06-08 16:19:33,800 - ods_snowflake_copy_script - INFO - --- Starting Optimized ODS Ingestion Script for Snowflake (COPY INTO) ---
[2025-06-08T16:19:34.051+0000] {subprocess.py:93} INFO - 2025-06-08 16:19:34,051 - snowflake.connector.connection - INFO - Snowflake Connector for Python Version: 3.6.0, Python Version: 3.8.18, Platform: Linux-6.10.14-linuxkit-aarch64-with-glibc2.34
[2025-06-08T16:19:34.053+0000] {subprocess.py:93} INFO - 2025-06-08 16:19:34,051 - snowflake.connector.connection - INFO - This connection is in OCSP Fail Open Mode. TLS Certificates would be checked for validity and revocation status. Any other Certificate Revocation related exceptions or OCSP Responder failures would be disregarded in favor of connectivity.
[2025-06-08T16:19:37.819+0000] {subprocess.py:93} INFO - 2025-06-08 16:19:37,817 - ods_snowflake_copy_script - INFO - Successfully connected to Snowflake.
[2025-06-08T16:19:37.824+0000] {subprocess.py:93} INFO - 2025-06-08 16:19:37,817 - ods_snowflake_copy_script - INFO - Creating ECOM_ODS database if it doesn't exist...
[2025-06-08T16:19:37.825+0000] {subprocess.py:93} INFO - 2025-06-08 16:19:37,817 - snowflake.connector.cursor - INFO - query: [CREATE DATABASE IF NOT EXISTS ECOM_ODS]
[2025-06-08T16:19:38.255+0000] {subprocess.py:93} INFO - 2025-06-08 16:19:38,254 - snowflake.connector.cursor - INFO - query execution done
[2025-06-08T16:19:38.256+0000] {subprocess.py:93} INFO - 2025-06-08 16:19:38,255 - snowflake.connector.cursor - INFO - Number of results in first chunk: 1
[2025-06-08T16:19:38.257+0000] {subprocess.py:93} INFO - 2025-06-08 16:19:38,256 - snowflake.connector.cursor - INFO - query: [USE DATABASE ECOM_ODS]
[2025-06-08T16:19:38.656+0000] {subprocess.py:93} INFO - 2025-06-08 16:19:38,656 - snowflake.connector.cursor - INFO - query execution done
[2025-06-08T16:19:38.657+0000] {subprocess.py:93} INFO - 2025-06-08 16:19:38,656 - snowflake.connector.cursor - INFO - Number of results in first chunk: 1
[2025-06-08T16:19:38.657+0000] {subprocess.py:93} INFO - 2025-06-08 16:19:38,656 - ods_snowflake_copy_script - INFO - Creating PUBLIC schema if it doesn't exist...
[2025-06-08T16:19:38.657+0000] {subprocess.py:93} INFO - 2025-06-08 16:19:38,656 - snowflake.connector.cursor - INFO - query: [CREATE SCHEMA IF NOT EXISTS PUBLIC]
[2025-06-08T16:19:39.201+0000] {subprocess.py:93} INFO - 2025-06-08 16:19:39,201 - snowflake.connector.cursor - INFO - query execution done
[2025-06-08T16:19:39.202+0000] {subprocess.py:93} INFO - 2025-06-08 16:19:39,201 - snowflake.connector.cursor - INFO - Number of results in first chunk: 1
[2025-06-08T16:19:39.205+0000] {subprocess.py:93} INFO - 2025-06-08 16:19:39,201 - snowflake.connector.cursor - INFO - query: [USE SCHEMA PUBLIC]
[2025-06-08T16:19:40.522+0000] {subprocess.py:93} INFO - 2025-06-08 16:19:40,520 - snowflake.connector.cursor - INFO - query execution done
[2025-06-08T16:19:40.523+0000] {subprocess.py:93} INFO - 2025-06-08 16:19:40,521 - snowflake.connector.cursor - INFO - Number of results in first chunk: 1
[2025-06-08T16:19:40.523+0000] {subprocess.py:93} INFO - 2025-06-08 16:19:40,521 - ods_snowflake_copy_script - INFO - Database and schema setup completed successfully.
[2025-06-08T16:19:40.524+0000] {subprocess.py:93} INFO - 2025-06-08 16:19:40,521 - snowflake.connector.cursor - INFO - query: [USE DATABASE ECOM_ODS]
[2025-06-08T16:19:42.009+0000] {subprocess.py:93} INFO - 2025-06-08 16:19:42,007 - snowflake.connector.cursor - INFO - query execution done
[2025-06-08T16:19:42.018+0000] {subprocess.py:93} INFO - 2025-06-08 16:19:42,008 - snowflake.connector.cursor - INFO - Number of results in first chunk: 1
[2025-06-08T16:19:42.018+0000] {subprocess.py:93} INFO - 2025-06-08 16:19:42,008 - snowflake.connector.cursor - INFO - query: [USE SCHEMA PUBLIC]
[2025-06-08T16:19:43.525+0000] {subprocess.py:93} INFO - 2025-06-08 16:19:43,525 - snowflake.connector.cursor - INFO - query execution done
[2025-06-08T16:19:43.530+0000] {subprocess.py:93} INFO - 2025-06-08 16:19:43,526 - snowflake.connector.cursor - INFO - Number of results in first chunk: 1
[2025-06-08T16:19:43.531+0000] {subprocess.py:93} INFO - 2025-06-08 16:19:43,526 - ods_snowflake_copy_script - INFO - Creating external stage 'S3_RAW_DATA_STAGE'...
[2025-06-08T16:19:43.531+0000] {subprocess.py:93} INFO - 2025-06-08 16:19:43,526 - snowflake.connector.cursor - INFO - query: [DROP STAGE IF EXISTS S3_RAW_DATA_STAGE]
[2025-06-08T16:19:43.843+0000] {subprocess.py:93} INFO - 2025-06-08 16:19:43,842 - snowflake.connector.cursor - INFO - query execution done
[2025-06-08T16:19:43.843+0000] {subprocess.py:93} INFO - 2025-06-08 16:19:43,842 - snowflake.connector.cursor - INFO - Number of results in first chunk: 1
[2025-06-08T16:19:43.843+0000] {subprocess.py:93} INFO - 2025-06-08 16:19:43,842 - snowflake.connector.cursor - INFO - query: [CREATE STAGE S3_RAW_DATA_STAGE URL = 's3://rj-ecom-etl/' CREDENTIALS = ( AWS_KEY...]
[2025-06-08T16:19:44.224+0000] {subprocess.py:93} INFO - 2025-06-08 16:19:44,224 - snowflake.connector.cursor - INFO - query execution done
[2025-06-08T16:19:44.225+0000] {subprocess.py:93} INFO - 2025-06-08 16:19:44,224 - snowflake.connector.cursor - INFO - Number of results in first chunk: 1
[2025-06-08T16:19:44.226+0000] {subprocess.py:93} INFO - 2025-06-08 16:19:44,224 - ods_snowflake_copy_script - INFO - Successfully created external stage 'S3_RAW_DATA_STAGE'
[2025-06-08T16:19:44.226+0000] {subprocess.py:93} INFO - 2025-06-08 16:19:44,224 - snowflake.connector.cursor - INFO - query: [USE DATABASE ECOM_ODS]
[2025-06-08T16:19:44.523+0000] {subprocess.py:93} INFO - 2025-06-08 16:19:44,523 - snowflake.connector.cursor - INFO - query execution done
[2025-06-08T16:19:44.523+0000] {subprocess.py:93} INFO - 2025-06-08 16:19:44,523 - snowflake.connector.cursor - INFO - Number of results in first chunk: 1
[2025-06-08T16:19:44.523+0000] {subprocess.py:93} INFO - 2025-06-08 16:19:44,523 - snowflake.connector.cursor - INFO - query: [USE SCHEMA PUBLIC]
[2025-06-08T16:19:44.823+0000] {subprocess.py:93} INFO - 2025-06-08 16:19:44,822 - snowflake.connector.cursor - INFO - query execution done
[2025-06-08T16:19:44.823+0000] {subprocess.py:93} INFO - 2025-06-08 16:19:44,823 - snowflake.connector.cursor - INFO - Number of results in first chunk: 1
[2025-06-08T16:19:44.824+0000] {subprocess.py:93} INFO - 2025-06-08 16:19:44,823 - ods_snowflake_copy_script - INFO - Creating ODS tables...
[2025-06-08T16:19:44.824+0000] {subprocess.py:93} INFO - 2025-06-08 16:19:44,823 - ods_snowflake_copy_script - INFO - Creating table ODS_GEOLOCATION...
[2025-06-08T16:19:44.825+0000] {subprocess.py:93} INFO - 2025-06-08 16:19:44,823 - snowflake.connector.cursor - INFO - query: [CREATE TABLE IF NOT EXISTS ODS_GEOLOCATION ( geolocation_zip_code_prefix INTEGER...]
[2025-06-08T16:19:45.156+0000] {subprocess.py:93} INFO - 2025-06-08 16:19:45,156 - snowflake.connector.cursor - INFO - query execution done
[2025-06-08T16:19:45.156+0000] {subprocess.py:93} INFO - 2025-06-08 16:19:45,156 - snowflake.connector.cursor - INFO - Number of results in first chunk: 1
[2025-06-08T16:19:45.157+0000] {subprocess.py:93} INFO - 2025-06-08 16:19:45,156 - ods_snowflake_copy_script - INFO - Successfully created table ODS_GEOLOCATION
[2025-06-08T16:19:45.157+0000] {subprocess.py:93} INFO - 2025-06-08 16:19:45,156 - ods_snowflake_copy_script - INFO - Creating table ODS_CUSTOMERS...
[2025-06-08T16:19:45.158+0000] {subprocess.py:93} INFO - 2025-06-08 16:19:45,156 - snowflake.connector.cursor - INFO - query: [CREATE TABLE IF NOT EXISTS ODS_CUSTOMERS ( customer_id VARCHAR, customer_unique_...]
[2025-06-08T16:19:45.552+0000] {subprocess.py:93} INFO - 2025-06-08 16:19:45,551 - snowflake.connector.cursor - INFO - query execution done
[2025-06-08T16:19:45.553+0000] {subprocess.py:93} INFO - 2025-06-08 16:19:45,552 - snowflake.connector.cursor - INFO - Number of results in first chunk: 1
[2025-06-08T16:19:45.553+0000] {subprocess.py:93} INFO - 2025-06-08 16:19:45,552 - ods_snowflake_copy_script - INFO - Successfully created table ODS_CUSTOMERS
[2025-06-08T16:19:45.553+0000] {subprocess.py:93} INFO - 2025-06-08 16:19:45,553 - ods_snowflake_copy_script - INFO - Creating table ODS_SELLERS...
[2025-06-08T16:19:45.553+0000] {subprocess.py:93} INFO - 2025-06-08 16:19:45,553 - snowflake.connector.cursor - INFO - query: [CREATE TABLE IF NOT EXISTS ODS_SELLERS ( seller_id VARCHAR, seller_zip_code_pref...]
[2025-06-08T16:19:46.446+0000] {subprocess.py:93} INFO - 2025-06-08 16:19:46,436 - snowflake.connector.cursor - INFO - query execution done
[2025-06-08T16:19:46.452+0000] {subprocess.py:93} INFO - 2025-06-08 16:19:46,439 - snowflake.connector.cursor - INFO - Number of results in first chunk: 1
[2025-06-08T16:19:46.452+0000] {subprocess.py:93} INFO - 2025-06-08 16:19:46,439 - ods_snowflake_copy_script - INFO - Successfully created table ODS_SELLERS
[2025-06-08T16:19:46.452+0000] {subprocess.py:93} INFO - 2025-06-08 16:19:46,439 - ods_snowflake_copy_script - INFO - Creating table ODS_ORDERS...
[2025-06-08T16:19:46.453+0000] {subprocess.py:93} INFO - 2025-06-08 16:19:46,440 - snowflake.connector.cursor - INFO - query: [CREATE TABLE IF NOT EXISTS ODS_ORDERS ( order_id VARCHAR, customer_id VARCHAR, o...]
[2025-06-08T16:19:46.820+0000] {subprocess.py:93} INFO - 2025-06-08 16:19:46,820 - snowflake.connector.cursor - INFO - query execution done
[2025-06-08T16:19:46.821+0000] {subprocess.py:93} INFO - 2025-06-08 16:19:46,820 - snowflake.connector.cursor - INFO - Number of results in first chunk: 1
[2025-06-08T16:19:46.822+0000] {subprocess.py:93} INFO - 2025-06-08 16:19:46,820 - ods_snowflake_copy_script - INFO - Successfully created table ODS_ORDERS
[2025-06-08T16:19:46.822+0000] {subprocess.py:93} INFO - 2025-06-08 16:19:46,820 - ods_snowflake_copy_script - INFO - Creating table ODS_PRODUCTS...
[2025-06-08T16:19:46.823+0000] {subprocess.py:93} INFO - 2025-06-08 16:19:46,821 - snowflake.connector.cursor - INFO - query: [CREATE TABLE IF NOT EXISTS ODS_PRODUCTS ( product_id VARCHAR, product_category_n...]
[2025-06-08T16:19:47.782+0000] {subprocess.py:93} INFO - 2025-06-08 16:19:47,781 - snowflake.connector.cursor - INFO - query execution done
[2025-06-08T16:19:47.809+0000] {subprocess.py:93} INFO - 2025-06-08 16:19:47,782 - snowflake.connector.cursor - INFO - Number of results in first chunk: 1
[2025-06-08T16:19:47.810+0000] {subprocess.py:93} INFO - 2025-06-08 16:19:47,782 - ods_snowflake_copy_script - INFO - Successfully created table ODS_PRODUCTS
[2025-06-08T16:19:47.810+0000] {subprocess.py:93} INFO - 2025-06-08 16:19:47,782 - ods_snowflake_copy_script - INFO - Creating table ODS_ORDER_ITEMS...
[2025-06-08T16:19:47.810+0000] {subprocess.py:93} INFO - 2025-06-08 16:19:47,782 - snowflake.connector.cursor - INFO - query: [CREATE TABLE IF NOT EXISTS ODS_ORDER_ITEMS ( order_id VARCHAR, order_item_id INT...]
[2025-06-08T16:19:48.112+0000] {subprocess.py:93} INFO - 2025-06-08 16:19:48,111 - snowflake.connector.cursor - INFO - query execution done
[2025-06-08T16:19:48.114+0000] {subprocess.py:93} INFO - 2025-06-08 16:19:48,112 - snowflake.connector.cursor - INFO - Number of results in first chunk: 1
[2025-06-08T16:19:48.114+0000] {subprocess.py:93} INFO - 2025-06-08 16:19:48,112 - ods_snowflake_copy_script - INFO - Successfully created table ODS_ORDER_ITEMS
[2025-06-08T16:19:48.114+0000] {subprocess.py:93} INFO - 2025-06-08 16:19:48,112 - ods_snowflake_copy_script - INFO - Creating table ODS_ORDER_PAYMENTS...
[2025-06-08T16:19:48.114+0000] {subprocess.py:93} INFO - 2025-06-08 16:19:48,112 - snowflake.connector.cursor - INFO - query: [CREATE TABLE IF NOT EXISTS ODS_ORDER_PAYMENTS ( order_id VARCHAR, payment_sequen...]
[2025-06-08T16:19:49.287+0000] {subprocess.py:93} INFO - 2025-06-08 16:19:49,287 - snowflake.connector.cursor - INFO - query execution done
[2025-06-08T16:19:49.288+0000] {subprocess.py:93} INFO - 2025-06-08 16:19:49,287 - snowflake.connector.cursor - INFO - Number of results in first chunk: 1
[2025-06-08T16:19:49.288+0000] {subprocess.py:93} INFO - 2025-06-08 16:19:49,287 - ods_snowflake_copy_script - INFO - Successfully created table ODS_ORDER_PAYMENTS
[2025-06-08T16:19:49.288+0000] {subprocess.py:93} INFO - 2025-06-08 16:19:49,287 - ods_snowflake_copy_script - INFO - Creating table ODS_ORDER_REVIEWS...
[2025-06-08T16:19:49.288+0000] {subprocess.py:93} INFO - 2025-06-08 16:19:49,287 - snowflake.connector.cursor - INFO - query: [CREATE TABLE IF NOT EXISTS ODS_ORDER_REVIEWS ( review_id VARCHAR, order_id VARCH...]
[2025-06-08T16:19:50.327+0000] {subprocess.py:93} INFO - 2025-06-08 16:19:50,326 - snowflake.connector.cursor - INFO - query execution done
[2025-06-08T16:19:50.327+0000] {subprocess.py:93} INFO - 2025-06-08 16:19:50,326 - snowflake.connector.cursor - INFO - Number of results in first chunk: 1
[2025-06-08T16:19:50.328+0000] {subprocess.py:93} INFO - 2025-06-08 16:19:50,326 - ods_snowflake_copy_script - INFO - Successfully created table ODS_ORDER_REVIEWS
[2025-06-08T16:19:50.329+0000] {subprocess.py:93} INFO - 2025-06-08 16:19:50,326 - ods_snowflake_copy_script - INFO - Creating table ODS_PRODUCT_CATEGORY_TRANSLATION...
[2025-06-08T16:19:50.329+0000] {subprocess.py:93} INFO - 2025-06-08 16:19:50,326 - snowflake.connector.cursor - INFO - query: [CREATE TABLE IF NOT EXISTS ODS_PRODUCT_CATEGORY_TRANSLATION ( product_category_n...]
[2025-06-08T16:19:51.190+0000] {subprocess.py:93} INFO - 2025-06-08 16:19:51,189 - snowflake.connector.cursor - INFO - query execution done
[2025-06-08T16:19:51.191+0000] {subprocess.py:93} INFO - 2025-06-08 16:19:51,190 - snowflake.connector.cursor - INFO - Number of results in first chunk: 1
[2025-06-08T16:19:51.192+0000] {subprocess.py:93} INFO - 2025-06-08 16:19:51,190 - ods_snowflake_copy_script - INFO - Successfully created table ODS_PRODUCT_CATEGORY_TRANSLATION
[2025-06-08T16:19:51.192+0000] {subprocess.py:93} INFO - 2025-06-08 16:19:51,190 - ods_snowflake_copy_script - INFO - All ODS tables created successfully.
[2025-06-08T16:19:51.192+0000] {subprocess.py:93} INFO - 2025-06-08 16:19:51,190 - ods_snowflake_copy_script - INFO - Listing latest Parquet files from s3://rj-ecom-etl/raw/...
[2025-06-08T16:19:59.684+0000] {subprocess.py:93} INFO - 2025-06-08 16:19:59,682 - ods_snowflake_copy_script - INFO - Found 9 datasets to load into the ODS.
[2025-06-08T16:19:59.694+0000] {subprocess.py:93} INFO - 2025-06-08 16:19:59,682 - ods_snowflake_copy_script - INFO - Processing: olist_customers_dataset -> ODS_CUSTOMERS
[2025-06-08T16:19:59.695+0000] {subprocess.py:93} INFO - 2025-06-08 16:19:59,683 - ods_snowflake_copy_script - INFO - Starting COPY INTO for table 'ODS_CUSTOMERS' from s3://rj-ecom-etl/raw/olist_customers_dataset/2025-06-08/olist_customers_dataset.parquet...
[2025-06-08T16:19:59.696+0000] {subprocess.py:93} INFO - 2025-06-08 16:19:59,684 - snowflake.connector.cursor - INFO - query: [USE DATABASE ECOM_ODS]
[2025-06-08T16:19:59.999+0000] {subprocess.py:93} INFO - 2025-06-08 16:19:59,998 - snowflake.connector.cursor - INFO - query execution done
[2025-06-08T16:20:00.001+0000] {subprocess.py:93} INFO - 2025-06-08 16:19:59,999 - snowflake.connector.cursor - INFO - Number of results in first chunk: 1
[2025-06-08T16:20:00.002+0000] {subprocess.py:93} INFO - 2025-06-08 16:20:00,001 - snowflake.connector.cursor - INFO - query: [USE SCHEMA PUBLIC]
[2025-06-08T16:20:01.425+0000] {subprocess.py:93} INFO - 2025-06-08 16:20:01,423 - snowflake.connector.cursor - INFO - query execution done
[2025-06-08T16:20:01.429+0000] {subprocess.py:93} INFO - 2025-06-08 16:20:01,424 - snowflake.connector.cursor - INFO - Number of results in first chunk: 1
[2025-06-08T16:20:01.429+0000] {subprocess.py:93} INFO - 2025-06-08 16:20:01,424 - ods_snowflake_copy_script - INFO - Truncating table 'ODS_CUSTOMERS' before loading.
[2025-06-08T16:20:01.429+0000] {subprocess.py:93} INFO - 2025-06-08 16:20:01,425 - snowflake.connector.cursor - INFO - query: [TRUNCATE TABLE "ODS_CUSTOMERS"]
[2025-06-08T16:20:01.912+0000] {subprocess.py:93} INFO - 2025-06-08 16:20:01,910 - snowflake.connector.cursor - INFO - query execution done
[2025-06-08T16:20:01.913+0000] {subprocess.py:93} INFO - 2025-06-08 16:20:01,911 - snowflake.connector.cursor - INFO - Number of results in first chunk: 1
[2025-06-08T16:20:01.913+0000] {subprocess.py:93} INFO - 2025-06-08 16:20:01,911 - ods_snowflake_copy_script - INFO - Executing COPY INTO command for 'ODS_CUSTOMERS'...
[2025-06-08T16:20:01.914+0000] {subprocess.py:93} INFO - 2025-06-08 16:20:01,911 - snowflake.connector.cursor - INFO - query: [COPY INTO "ODS_CUSTOMERS" FROM '@S3_RAW_DATA_STAGE/raw/olist_customers_dataset/2...]
[2025-06-08T16:20:04.393+0000] {subprocess.py:93} INFO - 2025-06-08 16:20:04,391 - snowflake.connector.cursor - INFO - query execution done
[2025-06-08T16:20:04.397+0000] {subprocess.py:93} INFO - 2025-06-08 16:20:04,393 - snowflake.connector.cursor - INFO - Number of results in first chunk: 1
[2025-06-08T16:20:04.397+0000] {subprocess.py:93} INFO - 2025-06-08 16:20:04,394 - ods_snowflake_copy_script - INFO - Successfully loaded 99441 rows into 'ODS_CUSTOMERS' from 1 file(s).
[2025-06-08T16:20:04.397+0000] {subprocess.py:93} INFO - 2025-06-08 16:20:04,394 - snowflake.connector.cursor - INFO - query: [USE DATABASE ECOM_ODS]
[2025-06-08T16:20:04.698+0000] {subprocess.py:93} INFO - 2025-06-08 16:20:04,698 - snowflake.connector.cursor - INFO - query execution done
[2025-06-08T16:20:04.699+0000] {subprocess.py:93} INFO - 2025-06-08 16:20:04,698 - snowflake.connector.cursor - INFO - Number of results in first chunk: 1
[2025-06-08T16:20:04.699+0000] {subprocess.py:93} INFO - 2025-06-08 16:20:04,698 - snowflake.connector.cursor - INFO - query: [USE SCHEMA PUBLIC]
[2025-06-08T16:20:04.998+0000] {subprocess.py:93} INFO - 2025-06-08 16:20:04,998 - snowflake.connector.cursor - INFO - query execution done
[2025-06-08T16:20:05.000+0000] {subprocess.py:93} INFO - 2025-06-08 16:20:04,999 - snowflake.connector.cursor - INFO - Number of results in first chunk: 1
[2025-06-08T16:20:05.003+0000] {subprocess.py:93} INFO - 2025-06-08 16:20:04,999 - snowflake.connector.cursor - INFO - query: [SELECT COUNT(*) FROM "ODS_CUSTOMERS"]
[2025-06-08T16:20:05.333+0000] {subprocess.py:93} INFO - 2025-06-08 16:20:05,332 - snowflake.connector.cursor - INFO - query execution done
[2025-06-08T16:20:05.333+0000] {subprocess.py:93} INFO - 2025-06-08 16:20:05,333 - snowflake.connector.cursor - INFO - Number of results in first chunk: 1
[2025-06-08T16:20:05.333+0000] {subprocess.py:93} INFO - 2025-06-08 16:20:05,333 - ods_snowflake_copy_script - INFO - Table 'ODS_CUSTOMERS' contains 99441 rows after load.
[2025-06-08T16:20:05.334+0000] {subprocess.py:93} INFO - 2025-06-08 16:20:05,333 - ods_snowflake_copy_script - INFO - Processing: olist_geolocation_dataset -> ODS_GEOLOCATION
[2025-06-08T16:20:05.334+0000] {subprocess.py:93} INFO - 2025-06-08 16:20:05,334 - ods_snowflake_copy_script - INFO - Starting COPY INTO for table 'ODS_GEOLOCATION' from s3://rj-ecom-etl/raw/olist_geolocation_dataset/2025-06-08/olist_geolocation_dataset.parquet...
[2025-06-08T16:20:05.334+0000] {subprocess.py:93} INFO - 2025-06-08 16:20:05,334 - snowflake.connector.cursor - INFO - query: [USE DATABASE ECOM_ODS]
[2025-06-08T16:20:05.637+0000] {subprocess.py:93} INFO - 2025-06-08 16:20:05,637 - snowflake.connector.cursor - INFO - query execution done
[2025-06-08T16:20:05.640+0000] {subprocess.py:93} INFO - 2025-06-08 16:20:05,637 - snowflake.connector.cursor - INFO - Number of results in first chunk: 1
[2025-06-08T16:20:05.641+0000] {subprocess.py:93} INFO - 2025-06-08 16:20:05,637 - snowflake.connector.cursor - INFO - query: [USE SCHEMA PUBLIC]
[2025-06-08T16:20:05.942+0000] {subprocess.py:93} INFO - 2025-06-08 16:20:05,940 - snowflake.connector.cursor - INFO - query execution done
[2025-06-08T16:20:05.943+0000] {subprocess.py:93} INFO - 2025-06-08 16:20:05,941 - snowflake.connector.cursor - INFO - Number of results in first chunk: 1
[2025-06-08T16:20:05.946+0000] {subprocess.py:93} INFO - 2025-06-08 16:20:05,941 - ods_snowflake_copy_script - INFO - Truncating table 'ODS_GEOLOCATION' before loading.
[2025-06-08T16:20:05.947+0000] {subprocess.py:93} INFO - 2025-06-08 16:20:05,941 - snowflake.connector.cursor - INFO - query: [TRUNCATE TABLE "ODS_GEOLOCATION"]
[2025-06-08T16:20:06.386+0000] {subprocess.py:93} INFO - 2025-06-08 16:20:06,385 - snowflake.connector.cursor - INFO - query execution done
[2025-06-08T16:20:06.386+0000] {subprocess.py:93} INFO - 2025-06-08 16:20:06,385 - snowflake.connector.cursor - INFO - Number of results in first chunk: 1
[2025-06-08T16:20:06.387+0000] {subprocess.py:93} INFO - 2025-06-08 16:20:06,385 - ods_snowflake_copy_script - INFO - Executing COPY INTO command for 'ODS_GEOLOCATION'...
[2025-06-08T16:20:06.387+0000] {subprocess.py:93} INFO - 2025-06-08 16:20:06,385 - snowflake.connector.cursor - INFO - query: [COPY INTO "ODS_GEOLOCATION" FROM '@S3_RAW_DATA_STAGE/raw/olist_geolocation_datas...]
[2025-06-08T16:20:13.081+0000] {subprocess.py:93} INFO - 2025-06-08 16:20:13,074 - snowflake.connector.cursor - INFO - query execution done
[2025-06-08T16:20:13.094+0000] {subprocess.py:93} INFO - 2025-06-08 16:20:13,084 - snowflake.connector.cursor - INFO - Number of results in first chunk: 1
[2025-06-08T16:20:13.096+0000] {subprocess.py:93} INFO - 2025-06-08 16:20:13,086 - ods_snowflake_copy_script - INFO - Successfully loaded 1000163 rows into 'ODS_GEOLOCATION' from 1 file(s).
[2025-06-08T16:20:13.096+0000] {subprocess.py:93} INFO - 2025-06-08 16:20:13,089 - snowflake.connector.cursor - INFO - query: [USE DATABASE ECOM_ODS]
[2025-06-08T16:20:13.393+0000] {subprocess.py:93} INFO - 2025-06-08 16:20:13,392 - snowflake.connector.cursor - INFO - query execution done
[2025-06-08T16:20:13.394+0000] {subprocess.py:93} INFO - 2025-06-08 16:20:13,392 - snowflake.connector.cursor - INFO - Number of results in first chunk: 1
[2025-06-08T16:20:13.394+0000] {subprocess.py:93} INFO - 2025-06-08 16:20:13,392 - snowflake.connector.cursor - INFO - query: [USE SCHEMA PUBLIC]
[2025-06-08T16:20:13.701+0000] {subprocess.py:93} INFO - 2025-06-08 16:20:13,697 - snowflake.connector.cursor - INFO - query execution done
[2025-06-08T16:20:13.702+0000] {subprocess.py:93} INFO - 2025-06-08 16:20:13,698 - snowflake.connector.cursor - INFO - Number of results in first chunk: 1
[2025-06-08T16:20:13.702+0000] {subprocess.py:93} INFO - 2025-06-08 16:20:13,698 - snowflake.connector.cursor - INFO - query: [SELECT COUNT(*) FROM "ODS_GEOLOCATION"]
[2025-06-08T16:20:14.612+0000] {subprocess.py:93} INFO - 2025-06-08 16:20:14,612 - snowflake.connector.cursor - INFO - query execution done
[2025-06-08T16:20:14.614+0000] {subprocess.py:93} INFO - 2025-06-08 16:20:14,613 - snowflake.connector.cursor - INFO - Number of results in first chunk: 1
[2025-06-08T16:20:14.614+0000] {subprocess.py:93} INFO - 2025-06-08 16:20:14,614 - ods_snowflake_copy_script - INFO - Table 'ODS_GEOLOCATION' contains 1000163 rows after load.
[2025-06-08T16:20:14.615+0000] {subprocess.py:93} INFO - 2025-06-08 16:20:14,614 - ods_snowflake_copy_script - INFO - Processing: olist_order_items_dataset -> ODS_ORDER_ITEMS
[2025-06-08T16:20:14.615+0000] {subprocess.py:93} INFO - 2025-06-08 16:20:14,614 - ods_snowflake_copy_script - INFO - Starting COPY INTO for table 'ODS_ORDER_ITEMS' from s3://rj-ecom-etl/raw/olist_order_items_dataset/2025-06-08/olist_order_items_dataset.parquet...
[2025-06-08T16:20:14.615+0000] {subprocess.py:93} INFO - 2025-06-08 16:20:14,615 - snowflake.connector.cursor - INFO - query: [USE DATABASE ECOM_ODS]
[2025-06-08T16:20:14.912+0000] {subprocess.py:93} INFO - 2025-06-08 16:20:14,912 - snowflake.connector.cursor - INFO - query execution done
[2025-06-08T16:20:14.913+0000] {subprocess.py:93} INFO - 2025-06-08 16:20:14,912 - snowflake.connector.cursor - INFO - Number of results in first chunk: 1
[2025-06-08T16:20:14.913+0000] {subprocess.py:93} INFO - 2025-06-08 16:20:14,912 - snowflake.connector.cursor - INFO - query: [USE SCHEMA PUBLIC]
[2025-06-08T16:20:15.897+0000] {subprocess.py:93} INFO - 2025-06-08 16:20:15,896 - snowflake.connector.cursor - INFO - query execution done
[2025-06-08T16:20:15.899+0000] {subprocess.py:93} INFO - 2025-06-08 16:20:15,896 - snowflake.connector.cursor - INFO - Number of results in first chunk: 1
[2025-06-08T16:20:15.899+0000] {subprocess.py:93} INFO - 2025-06-08 16:20:15,896 - ods_snowflake_copy_script - INFO - Truncating table 'ODS_ORDER_ITEMS' before loading.
[2025-06-08T16:20:15.899+0000] {subprocess.py:93} INFO - 2025-06-08 16:20:15,896 - snowflake.connector.cursor - INFO - query: [TRUNCATE TABLE "ODS_ORDER_ITEMS"]
[2025-06-08T16:20:16.946+0000] {subprocess.py:93} INFO - 2025-06-08 16:20:16,938 - snowflake.connector.cursor - INFO - query execution done
[2025-06-08T16:20:16.951+0000] {subprocess.py:93} INFO - 2025-06-08 16:20:16,942 - snowflake.connector.cursor - INFO - Number of results in first chunk: 1
[2025-06-08T16:20:16.951+0000] {subprocess.py:93} INFO - 2025-06-08 16:20:16,943 - ods_snowflake_copy_script - INFO - Executing COPY INTO command for 'ODS_ORDER_ITEMS'...
[2025-06-08T16:20:16.951+0000] {subprocess.py:93} INFO - 2025-06-08 16:20:16,944 - snowflake.connector.cursor - INFO - query: [COPY INTO "ODS_ORDER_ITEMS" FROM '@S3_RAW_DATA_STAGE/raw/olist_order_items_datas...]
[2025-06-08T16:20:19.289+0000] {subprocess.py:93} INFO - 2025-06-08 16:20:19,288 - snowflake.connector.cursor - INFO - query execution done
[2025-06-08T16:20:19.290+0000] {subprocess.py:93} INFO - 2025-06-08 16:20:19,288 - snowflake.connector.cursor - INFO - Number of results in first chunk: 1
[2025-06-08T16:20:19.290+0000] {subprocess.py:93} INFO - 2025-06-08 16:20:19,289 - ods_snowflake_copy_script - INFO - Successfully loaded 112650 rows into 'ODS_ORDER_ITEMS' from 1 file(s).
[2025-06-08T16:20:19.291+0000] {subprocess.py:93} INFO - 2025-06-08 16:20:19,290 - snowflake.connector.cursor - INFO - query: [USE DATABASE ECOM_ODS]
[2025-06-08T16:20:19.602+0000] {subprocess.py:93} INFO - 2025-06-08 16:20:19,599 - snowflake.connector.cursor - INFO - query execution done
[2025-06-08T16:20:19.612+0000] {subprocess.py:93} INFO - 2025-06-08 16:20:19,601 - snowflake.connector.cursor - INFO - Number of results in first chunk: 1
[2025-06-08T16:20:19.612+0000] {subprocess.py:93} INFO - 2025-06-08 16:20:19,602 - snowflake.connector.cursor - INFO - query: [USE SCHEMA PUBLIC]
[2025-06-08T16:20:19.912+0000] {subprocess.py:93} INFO - 2025-06-08 16:20:19,912 - snowflake.connector.cursor - INFO - query execution done
[2025-06-08T16:20:19.913+0000] {subprocess.py:93} INFO - 2025-06-08 16:20:19,912 - snowflake.connector.cursor - INFO - Number of results in first chunk: 1
[2025-06-08T16:20:19.913+0000] {subprocess.py:93} INFO - 2025-06-08 16:20:19,912 - snowflake.connector.cursor - INFO - query: [SELECT COUNT(*) FROM "ODS_ORDER_ITEMS"]
[2025-06-08T16:20:20.396+0000] {subprocess.py:93} INFO - 2025-06-08 16:20:20,390 - snowflake.connector.cursor - INFO - query execution done
[2025-06-08T16:20:20.409+0000] {subprocess.py:93} INFO - 2025-06-08 16:20:20,394 - snowflake.connector.cursor - INFO - Number of results in first chunk: 1
[2025-06-08T16:20:20.411+0000] {subprocess.py:93} INFO - 2025-06-08 16:20:20,397 - ods_snowflake_copy_script - INFO - Table 'ODS_ORDER_ITEMS' contains 112650 rows after load.
[2025-06-08T16:20:20.412+0000] {subprocess.py:93} INFO - 2025-06-08 16:20:20,398 - ods_snowflake_copy_script - INFO - Processing: olist_order_payments_dataset -> ODS_ORDER_PAYMENTS
[2025-06-08T16:20:20.412+0000] {subprocess.py:93} INFO - 2025-06-08 16:20:20,398 - ods_snowflake_copy_script - INFO - Starting COPY INTO for table 'ODS_ORDER_PAYMENTS' from s3://rj-ecom-etl/raw/olist_order_payments_dataset/2025-06-08/olist_order_payments_dataset.parquet...
[2025-06-08T16:20:20.412+0000] {subprocess.py:93} INFO - 2025-06-08 16:20:20,399 - snowflake.connector.cursor - INFO - query: [USE DATABASE ECOM_ODS]
[2025-06-08T16:20:20.707+0000] {subprocess.py:93} INFO - 2025-06-08 16:20:20,707 - snowflake.connector.cursor - INFO - query execution done
[2025-06-08T16:20:20.708+0000] {subprocess.py:93} INFO - 2025-06-08 16:20:20,707 - snowflake.connector.cursor - INFO - Number of results in first chunk: 1
[2025-06-08T16:20:20.708+0000] {subprocess.py:93} INFO - 2025-06-08 16:20:20,707 - snowflake.connector.cursor - INFO - query: [USE SCHEMA PUBLIC]
[2025-06-08T16:20:21.311+0000] {subprocess.py:93} INFO - 2025-06-08 16:20:21,311 - snowflake.connector.cursor - INFO - query execution done
[2025-06-08T16:20:21.313+0000] {subprocess.py:93} INFO - 2025-06-08 16:20:21,311 - snowflake.connector.cursor - INFO - Number of results in first chunk: 1
[2025-06-08T16:20:21.313+0000] {subprocess.py:93} INFO - 2025-06-08 16:20:21,312 - ods_snowflake_copy_script - INFO - Truncating table 'ODS_ORDER_PAYMENTS' before loading.
[2025-06-08T16:20:21.314+0000] {subprocess.py:93} INFO - 2025-06-08 16:20:21,312 - snowflake.connector.cursor - INFO - query: [TRUNCATE TABLE "ODS_ORDER_PAYMENTS"]
[2025-06-08T16:20:21.709+0000] {subprocess.py:93} INFO - 2025-06-08 16:20:21,709 - snowflake.connector.cursor - INFO - query execution done
[2025-06-08T16:20:21.710+0000] {subprocess.py:93} INFO - 2025-06-08 16:20:21,709 - snowflake.connector.cursor - INFO - Number of results in first chunk: 1
[2025-06-08T16:20:21.710+0000] {subprocess.py:93} INFO - 2025-06-08 16:20:21,709 - ods_snowflake_copy_script - INFO - Executing COPY INTO command for 'ODS_ORDER_PAYMENTS'...
[2025-06-08T16:20:21.710+0000] {subprocess.py:93} INFO - 2025-06-08 16:20:21,709 - snowflake.connector.cursor - INFO - query: [COPY INTO "ODS_ORDER_PAYMENTS" FROM '@S3_RAW_DATA_STAGE/raw/olist_order_payments...]
[2025-06-08T16:20:24.302+0000] {subprocess.py:93} INFO - 2025-06-08 16:20:24,300 - snowflake.connector.cursor - INFO - query execution done
[2025-06-08T16:20:24.309+0000] {subprocess.py:93} INFO - 2025-06-08 16:20:24,301 - snowflake.connector.cursor - INFO - Number of results in first chunk: 1
[2025-06-08T16:20:24.310+0000] {subprocess.py:93} INFO - 2025-06-08 16:20:24,302 - ods_snowflake_copy_script - INFO - Successfully loaded 103886 rows into 'ODS_ORDER_PAYMENTS' from 1 file(s).
[2025-06-08T16:20:24.310+0000] {subprocess.py:93} INFO - 2025-06-08 16:20:24,303 - snowflake.connector.cursor - INFO - query: [USE DATABASE ECOM_ODS]
[2025-06-08T16:20:24.606+0000] {subprocess.py:93} INFO - 2025-06-08 16:20:24,605 - snowflake.connector.cursor - INFO - query execution done
[2025-06-08T16:20:24.607+0000] {subprocess.py:93} INFO - 2025-06-08 16:20:24,606 - snowflake.connector.cursor - INFO - Number of results in first chunk: 1
[2025-06-08T16:20:24.607+0000] {subprocess.py:93} INFO - 2025-06-08 16:20:24,606 - snowflake.connector.cursor - INFO - query: [USE SCHEMA PUBLIC]
[2025-06-08T16:20:24.908+0000] {subprocess.py:93} INFO - 2025-06-08 16:20:24,908 - snowflake.connector.cursor - INFO - query execution done
[2025-06-08T16:20:24.910+0000] {subprocess.py:93} INFO - 2025-06-08 16:20:24,908 - snowflake.connector.cursor - INFO - Number of results in first chunk: 1
[2025-06-08T16:20:24.910+0000] {subprocess.py:93} INFO - 2025-06-08 16:20:24,908 - snowflake.connector.cursor - INFO - query: [SELECT COUNT(*) FROM "ODS_ORDER_PAYMENTS"]
[2025-06-08T16:20:25.419+0000] {subprocess.py:93} INFO - 2025-06-08 16:20:25,419 - snowflake.connector.cursor - INFO - query execution done
[2025-06-08T16:20:25.420+0000] {subprocess.py:93} INFO - 2025-06-08 16:20:25,419 - snowflake.connector.cursor - INFO - Number of results in first chunk: 1
[2025-06-08T16:20:25.421+0000] {subprocess.py:93} INFO - 2025-06-08 16:20:25,421 - ods_snowflake_copy_script - INFO - Table 'ODS_ORDER_PAYMENTS' contains 103886 rows after load.
[2025-06-08T16:20:25.421+0000] {subprocess.py:93} INFO - 2025-06-08 16:20:25,421 - ods_snowflake_copy_script - INFO - Processing: olist_order_reviews_dataset -> ODS_ORDER_REVIEWS
[2025-06-08T16:20:25.422+0000] {subprocess.py:93} INFO - 2025-06-08 16:20:25,421 - ods_snowflake_copy_script - INFO - Starting COPY INTO for table 'ODS_ORDER_REVIEWS' from s3://rj-ecom-etl/raw/olist_order_reviews_dataset/2025-06-08/olist_order_reviews_dataset.parquet...
[2025-06-08T16:20:25.422+0000] {subprocess.py:93} INFO - 2025-06-08 16:20:25,421 - snowflake.connector.cursor - INFO - query: [USE DATABASE ECOM_ODS]
[2025-06-08T16:20:25.728+0000] {subprocess.py:93} INFO - 2025-06-08 16:20:25,727 - snowflake.connector.cursor - INFO - query execution done
[2025-06-08T16:20:25.729+0000] {subprocess.py:93} INFO - 2025-06-08 16:20:25,728 - snowflake.connector.cursor - INFO - Number of results in first chunk: 1
[2025-06-08T16:20:25.729+0000] {subprocess.py:93} INFO - 2025-06-08 16:20:25,728 - snowflake.connector.cursor - INFO - query: [USE SCHEMA PUBLIC]
[2025-06-08T16:20:26.034+0000] {subprocess.py:93} INFO - 2025-06-08 16:20:26,033 - snowflake.connector.cursor - INFO - query execution done
[2025-06-08T16:20:26.036+0000] {subprocess.py:93} INFO - 2025-06-08 16:20:26,034 - snowflake.connector.cursor - INFO - Number of results in first chunk: 1
[2025-06-08T16:20:26.036+0000] {subprocess.py:93} INFO - 2025-06-08 16:20:26,034 - ods_snowflake_copy_script - INFO - Truncating table 'ODS_ORDER_REVIEWS' before loading.
[2025-06-08T16:20:26.037+0000] {subprocess.py:93} INFO - 2025-06-08 16:20:26,034 - snowflake.connector.cursor - INFO - query: [TRUNCATE TABLE "ODS_ORDER_REVIEWS"]
[2025-06-08T16:20:26.479+0000] {subprocess.py:93} INFO - 2025-06-08 16:20:26,479 - snowflake.connector.cursor - INFO - query execution done
[2025-06-08T16:20:26.480+0000] {subprocess.py:93} INFO - 2025-06-08 16:20:26,479 - snowflake.connector.cursor - INFO - Number of results in first chunk: 1
[2025-06-08T16:20:26.480+0000] {subprocess.py:93} INFO - 2025-06-08 16:20:26,479 - ods_snowflake_copy_script - INFO - Executing COPY INTO command for 'ODS_ORDER_REVIEWS'...
[2025-06-08T16:20:26.480+0000] {subprocess.py:93} INFO - 2025-06-08 16:20:26,479 - snowflake.connector.cursor - INFO - query: [COPY INTO "ODS_ORDER_REVIEWS" FROM '@S3_RAW_DATA_STAGE/raw/olist_order_reviews_d...]
[2025-06-08T16:20:28.541+0000] {subprocess.py:93} INFO - 2025-06-08 16:20:28,541 - snowflake.connector.cursor - INFO - query execution done
[2025-06-08T16:20:28.543+0000] {subprocess.py:93} INFO - 2025-06-08 16:20:28,541 - snowflake.connector.cursor - INFO - Number of results in first chunk: 1
[2025-06-08T16:20:28.545+0000] {subprocess.py:93} INFO - 2025-06-08 16:20:28,542 - ods_snowflake_copy_script - INFO - Successfully loaded 99224 rows into 'ODS_ORDER_REVIEWS' from 1 file(s).
[2025-06-08T16:20:28.545+0000] {subprocess.py:93} INFO - 2025-06-08 16:20:28,543 - snowflake.connector.cursor - INFO - query: [USE DATABASE ECOM_ODS]
[2025-06-08T16:20:28.863+0000] {subprocess.py:93} INFO - 2025-06-08 16:20:28,862 - snowflake.connector.cursor - INFO - query execution done
[2025-06-08T16:20:28.864+0000] {subprocess.py:93} INFO - 2025-06-08 16:20:28,863 - snowflake.connector.cursor - INFO - Number of results in first chunk: 1
[2025-06-08T16:20:28.864+0000] {subprocess.py:93} INFO - 2025-06-08 16:20:28,863 - snowflake.connector.cursor - INFO - query: [USE SCHEMA PUBLIC]
[2025-06-08T16:20:29.518+0000] {subprocess.py:93} INFO - 2025-06-08 16:20:29,517 - snowflake.connector.cursor - INFO - query execution done
[2025-06-08T16:20:29.519+0000] {subprocess.py:93} INFO - 2025-06-08 16:20:29,517 - snowflake.connector.cursor - INFO - Number of results in first chunk: 1
[2025-06-08T16:20:29.520+0000] {subprocess.py:93} INFO - 2025-06-08 16:20:29,518 - snowflake.connector.cursor - INFO - query: [SELECT COUNT(*) FROM "ODS_ORDER_REVIEWS"]
[2025-06-08T16:20:30.441+0000] {subprocess.py:93} INFO - 2025-06-08 16:20:30,440 - snowflake.connector.cursor - INFO - query execution done
[2025-06-08T16:20:30.444+0000] {subprocess.py:93} INFO - 2025-06-08 16:20:30,442 - snowflake.connector.cursor - INFO - Number of results in first chunk: 1
[2025-06-08T16:20:30.445+0000] {subprocess.py:93} INFO - 2025-06-08 16:20:30,443 - ods_snowflake_copy_script - INFO - Table 'ODS_ORDER_REVIEWS' contains 99224 rows after load.
[2025-06-08T16:20:30.445+0000] {subprocess.py:93} INFO - 2025-06-08 16:20:30,443 - ods_snowflake_copy_script - INFO - Processing: olist_orders_dataset -> ODS_ORDERS
[2025-06-08T16:20:30.446+0000] {subprocess.py:93} INFO - 2025-06-08 16:20:30,444 - ods_snowflake_copy_script - INFO - Starting COPY INTO for table 'ODS_ORDERS' from s3://rj-ecom-etl/raw/olist_orders_dataset/2025-06-08/olist_orders_dataset.parquet...
[2025-06-08T16:20:30.446+0000] {subprocess.py:93} INFO - 2025-06-08 16:20:30,444 - snowflake.connector.cursor - INFO - query: [USE DATABASE ECOM_ODS]
[2025-06-08T16:20:31.185+0000] {subprocess.py:93} INFO - 2025-06-08 16:20:31,185 - snowflake.connector.cursor - INFO - query execution done
[2025-06-08T16:20:31.186+0000] {subprocess.py:93} INFO - 2025-06-08 16:20:31,186 - snowflake.connector.cursor - INFO - Number of results in first chunk: 1
[2025-06-08T16:20:31.186+0000] {subprocess.py:93} INFO - 2025-06-08 16:20:31,186 - snowflake.connector.cursor - INFO - query: [USE SCHEMA PUBLIC]
[2025-06-08T16:20:31.992+0000] {subprocess.py:93} INFO - 2025-06-08 16:20:31,991 - snowflake.connector.cursor - INFO - query execution done
[2025-06-08T16:20:31.993+0000] {subprocess.py:93} INFO - 2025-06-08 16:20:31,992 - snowflake.connector.cursor - INFO - Number of results in first chunk: 1
[2025-06-08T16:20:31.993+0000] {subprocess.py:93} INFO - 2025-06-08 16:20:31,992 - ods_snowflake_copy_script - INFO - Truncating table 'ODS_ORDERS' before loading.
[2025-06-08T16:20:31.994+0000] {subprocess.py:93} INFO - 2025-06-08 16:20:31,992 - snowflake.connector.cursor - INFO - query: [TRUNCATE TABLE "ODS_ORDERS"]
[2025-06-08T16:20:33.033+0000] {subprocess.py:93} INFO - 2025-06-08 16:20:33,032 - snowflake.connector.cursor - INFO - query execution done
[2025-06-08T16:20:33.034+0000] {subprocess.py:93} INFO - 2025-06-08 16:20:33,033 - snowflake.connector.cursor - INFO - Number of results in first chunk: 1
[2025-06-08T16:20:33.034+0000] {subprocess.py:93} INFO - 2025-06-08 16:20:33,033 - ods_snowflake_copy_script - INFO - Executing COPY INTO command for 'ODS_ORDERS'...
[2025-06-08T16:20:33.034+0000] {subprocess.py:93} INFO - 2025-06-08 16:20:33,033 - snowflake.connector.cursor - INFO - query: [COPY INTO "ODS_ORDERS" FROM '@S3_RAW_DATA_STAGE/raw/olist_orders_dataset/2025-06...]
[2025-06-08T16:20:35.520+0000] {subprocess.py:93} INFO - 2025-06-08 16:20:35,519 - snowflake.connector.cursor - INFO - query execution done
[2025-06-08T16:20:35.523+0000] {subprocess.py:93} INFO - 2025-06-08 16:20:35,520 - snowflake.connector.cursor - INFO - Number of results in first chunk: 1
[2025-06-08T16:20:35.524+0000] {subprocess.py:93} INFO - 2025-06-08 16:20:35,521 - ods_snowflake_copy_script - INFO - Successfully loaded 99441 rows into 'ODS_ORDERS' from 1 file(s).
[2025-06-08T16:20:35.524+0000] {subprocess.py:93} INFO - 2025-06-08 16:20:35,521 - snowflake.connector.cursor - INFO - query: [USE DATABASE ECOM_ODS]
[2025-06-08T16:20:35.825+0000] {subprocess.py:93} INFO - 2025-06-08 16:20:35,824 - snowflake.connector.cursor - INFO - query execution done
[2025-06-08T16:20:35.826+0000] {subprocess.py:93} INFO - 2025-06-08 16:20:35,825 - snowflake.connector.cursor - INFO - Number of results in first chunk: 1
[2025-06-08T16:20:35.826+0000] {subprocess.py:93} INFO - 2025-06-08 16:20:35,825 - snowflake.connector.cursor - INFO - query: [USE SCHEMA PUBLIC]
[2025-06-08T16:20:36.132+0000] {subprocess.py:93} INFO - 2025-06-08 16:20:36,132 - snowflake.connector.cursor - INFO - query execution done
[2025-06-08T16:20:36.133+0000] {subprocess.py:93} INFO - 2025-06-08 16:20:36,132 - snowflake.connector.cursor - INFO - Number of results in first chunk: 1
[2025-06-08T16:20:36.134+0000] {subprocess.py:93} INFO - 2025-06-08 16:20:36,132 - snowflake.connector.cursor - INFO - query: [SELECT COUNT(*) FROM "ODS_ORDERS"]
[2025-06-08T16:20:36.870+0000] {subprocess.py:93} INFO - 2025-06-08 16:20:36,870 - snowflake.connector.cursor - INFO - query execution done
[2025-06-08T16:20:36.872+0000] {subprocess.py:93} INFO - 2025-06-08 16:20:36,870 - snowflake.connector.cursor - INFO - Number of results in first chunk: 1
[2025-06-08T16:20:36.873+0000] {subprocess.py:93} INFO - 2025-06-08 16:20:36,872 - ods_snowflake_copy_script - INFO - Table 'ODS_ORDERS' contains 99441 rows after load.
[2025-06-08T16:20:36.873+0000] {subprocess.py:93} INFO - 2025-06-08 16:20:36,872 - ods_snowflake_copy_script - INFO - Processing: olist_products_dataset -> ODS_PRODUCTS
[2025-06-08T16:20:36.874+0000] {subprocess.py:93} INFO - 2025-06-08 16:20:36,872 - ods_snowflake_copy_script - INFO - Starting COPY INTO for table 'ODS_PRODUCTS' from s3://rj-ecom-etl/raw/olist_products_dataset/2025-06-08/olist_products_dataset.parquet...
[2025-06-08T16:20:36.874+0000] {subprocess.py:93} INFO - 2025-06-08 16:20:36,872 - snowflake.connector.cursor - INFO - query: [USE DATABASE ECOM_ODS]
[2025-06-08T16:20:37.315+0000] {subprocess.py:93} INFO - 2025-06-08 16:20:37,314 - snowflake.connector.cursor - INFO - query execution done
[2025-06-08T16:20:37.316+0000] {subprocess.py:93} INFO - 2025-06-08 16:20:37,315 - snowflake.connector.cursor - INFO - Number of results in first chunk: 1
[2025-06-08T16:20:37.316+0000] {subprocess.py:93} INFO - 2025-06-08 16:20:37,315 - snowflake.connector.cursor - INFO - query: [USE SCHEMA PUBLIC]
[2025-06-08T16:20:38.269+0000] {subprocess.py:93} INFO - 2025-06-08 16:20:38,268 - snowflake.connector.cursor - INFO - query execution done
[2025-06-08T16:20:38.269+0000] {subprocess.py:93} INFO - 2025-06-08 16:20:38,269 - snowflake.connector.cursor - INFO - Number of results in first chunk: 1
[2025-06-08T16:20:38.270+0000] {subprocess.py:93} INFO - 2025-06-08 16:20:38,269 - ods_snowflake_copy_script - INFO - Truncating table 'ODS_PRODUCTS' before loading.
[2025-06-08T16:20:38.271+0000] {subprocess.py:93} INFO - 2025-06-08 16:20:38,269 - snowflake.connector.cursor - INFO - query: [TRUNCATE TABLE "ODS_PRODUCTS"]
[2025-06-08T16:20:38.753+0000] {subprocess.py:93} INFO - 2025-06-08 16:20:38,753 - snowflake.connector.cursor - INFO - query execution done
[2025-06-08T16:20:38.754+0000] {subprocess.py:93} INFO - 2025-06-08 16:20:38,753 - snowflake.connector.cursor - INFO - Number of results in first chunk: 1
[2025-06-08T16:20:38.754+0000] {subprocess.py:93} INFO - 2025-06-08 16:20:38,753 - ods_snowflake_copy_script - INFO - Executing COPY INTO command for 'ODS_PRODUCTS'...
[2025-06-08T16:20:38.754+0000] {subprocess.py:93} INFO - 2025-06-08 16:20:38,753 - snowflake.connector.cursor - INFO - query: [COPY INTO "ODS_PRODUCTS" FROM '@S3_RAW_DATA_STAGE/raw/olist_products_dataset/202...]
[2025-06-08T16:20:43.556+0000] {subprocess.py:93} INFO - 2025-06-08 16:20:43,553 - snowflake.connector.cursor - INFO - query execution done
[2025-06-08T16:20:43.561+0000] {subprocess.py:93} INFO - 2025-06-08 16:20:43,555 - snowflake.connector.cursor - INFO - Number of results in first chunk: 1
[2025-06-08T16:20:43.561+0000] {subprocess.py:93} INFO - 2025-06-08 16:20:43,556 - ods_snowflake_copy_script - INFO - Successfully loaded 32951 rows into 'ODS_PRODUCTS' from 1 file(s).
[2025-06-08T16:20:43.562+0000] {subprocess.py:93} INFO - 2025-06-08 16:20:43,557 - snowflake.connector.cursor - INFO - query: [USE DATABASE ECOM_ODS]
[2025-06-08T16:20:43.868+0000] {subprocess.py:93} INFO - 2025-06-08 16:20:43,867 - snowflake.connector.cursor - INFO - query execution done
[2025-06-08T16:20:43.869+0000] {subprocess.py:93} INFO - 2025-06-08 16:20:43,868 - snowflake.connector.cursor - INFO - Number of results in first chunk: 1
[2025-06-08T16:20:43.870+0000] {subprocess.py:93} INFO - 2025-06-08 16:20:43,868 - snowflake.connector.cursor - INFO - query: [USE SCHEMA PUBLIC]
[2025-06-08T16:20:44.176+0000] {subprocess.py:93} INFO - 2025-06-08 16:20:44,176 - snowflake.connector.cursor - INFO - query execution done
[2025-06-08T16:20:44.178+0000] {subprocess.py:93} INFO - 2025-06-08 16:20:44,176 - snowflake.connector.cursor - INFO - Number of results in first chunk: 1
[2025-06-08T16:20:44.179+0000] {subprocess.py:93} INFO - 2025-06-08 16:20:44,177 - snowflake.connector.cursor - INFO - query: [SELECT COUNT(*) FROM "ODS_PRODUCTS"]
[2025-06-08T16:20:44.506+0000] {subprocess.py:93} INFO - 2025-06-08 16:20:44,506 - snowflake.connector.cursor - INFO - query execution done
[2025-06-08T16:20:44.507+0000] {subprocess.py:93} INFO - 2025-06-08 16:20:44,506 - snowflake.connector.cursor - INFO - Number of results in first chunk: 1
[2025-06-08T16:20:44.508+0000] {subprocess.py:93} INFO - 2025-06-08 16:20:44,508 - ods_snowflake_copy_script - INFO - Table 'ODS_PRODUCTS' contains 32951 rows after load.
[2025-06-08T16:20:44.508+0000] {subprocess.py:93} INFO - 2025-06-08 16:20:44,508 - ods_snowflake_copy_script - INFO - Processing: olist_sellers_dataset -> ODS_SELLERS
[2025-06-08T16:20:44.509+0000] {subprocess.py:93} INFO - 2025-06-08 16:20:44,508 - ods_snowflake_copy_script - INFO - Starting COPY INTO for table 'ODS_SELLERS' from s3://rj-ecom-etl/raw/olist_sellers_dataset/2025-06-08/olist_sellers_dataset.parquet...
[2025-06-08T16:20:44.509+0000] {subprocess.py:93} INFO - 2025-06-08 16:20:44,508 - snowflake.connector.cursor - INFO - query: [USE DATABASE ECOM_ODS]
[2025-06-08T16:20:44.813+0000] {subprocess.py:93} INFO - 2025-06-08 16:20:44,813 - snowflake.connector.cursor - INFO - query execution done
[2025-06-08T16:20:44.813+0000] {subprocess.py:93} INFO - 2025-06-08 16:20:44,813 - snowflake.connector.cursor - INFO - Number of results in first chunk: 1
[2025-06-08T16:20:44.814+0000] {subprocess.py:93} INFO - 2025-06-08 16:20:44,813 - snowflake.connector.cursor - INFO - query: [USE SCHEMA PUBLIC]
[2025-06-08T16:20:45.116+0000] {subprocess.py:93} INFO - 2025-06-08 16:20:45,115 - snowflake.connector.cursor - INFO - query execution done
[2025-06-08T16:20:45.116+0000] {subprocess.py:93} INFO - 2025-06-08 16:20:45,116 - snowflake.connector.cursor - INFO - Number of results in first chunk: 1
[2025-06-08T16:20:45.117+0000] {subprocess.py:93} INFO - 2025-06-08 16:20:45,116 - ods_snowflake_copy_script - INFO - Truncating table 'ODS_SELLERS' before loading.
[2025-06-08T16:20:45.117+0000] {subprocess.py:93} INFO - 2025-06-08 16:20:45,116 - snowflake.connector.cursor - INFO - query: [TRUNCATE TABLE "ODS_SELLERS"]
[2025-06-08T16:20:45.561+0000] {subprocess.py:93} INFO - 2025-06-08 16:20:45,561 - snowflake.connector.cursor - INFO - query execution done
[2025-06-08T16:20:45.562+0000] {subprocess.py:93} INFO - 2025-06-08 16:20:45,561 - snowflake.connector.cursor - INFO - Number of results in first chunk: 1
[2025-06-08T16:20:45.563+0000] {subprocess.py:93} INFO - 2025-06-08 16:20:45,561 - ods_snowflake_copy_script - INFO - Executing COPY INTO command for 'ODS_SELLERS'...
[2025-06-08T16:20:45.563+0000] {subprocess.py:93} INFO - 2025-06-08 16:20:45,561 - snowflake.connector.cursor - INFO - query: [COPY INTO "ODS_SELLERS" FROM '@S3_RAW_DATA_STAGE/raw/olist_sellers_dataset/2025-...]
[2025-06-08T16:20:46.741+0000] {subprocess.py:93} INFO - 2025-06-08 16:20:46,741 - snowflake.connector.cursor - INFO - query execution done
[2025-06-08T16:20:46.741+0000] {subprocess.py:93} INFO - 2025-06-08 16:20:46,741 - snowflake.connector.cursor - INFO - Number of results in first chunk: 1
[2025-06-08T16:20:46.741+0000] {subprocess.py:93} INFO - 2025-06-08 16:20:46,741 - ods_snowflake_copy_script - INFO - Successfully loaded 3095 rows into 'ODS_SELLERS' from 1 file(s).
[2025-06-08T16:20:46.742+0000] {subprocess.py:93} INFO - 2025-06-08 16:20:46,741 - snowflake.connector.cursor - INFO - query: [USE DATABASE ECOM_ODS]
[2025-06-08T16:20:47.059+0000] {subprocess.py:93} INFO - 2025-06-08 16:20:47,058 - snowflake.connector.cursor - INFO - query execution done
[2025-06-08T16:20:47.060+0000] {subprocess.py:93} INFO - 2025-06-08 16:20:47,058 - snowflake.connector.cursor - INFO - Number of results in first chunk: 1
[2025-06-08T16:20:47.060+0000] {subprocess.py:93} INFO - 2025-06-08 16:20:47,058 - snowflake.connector.cursor - INFO - query: [USE SCHEMA PUBLIC]
[2025-06-08T16:20:48.290+0000] {subprocess.py:93} INFO - 2025-06-08 16:20:48,288 - snowflake.connector.cursor - INFO - query execution done
[2025-06-08T16:20:48.295+0000] {subprocess.py:93} INFO - 2025-06-08 16:20:48,289 - snowflake.connector.cursor - INFO - Number of results in first chunk: 1
[2025-06-08T16:20:48.296+0000] {subprocess.py:93} INFO - 2025-06-08 16:20:48,289 - snowflake.connector.cursor - INFO - query: [SELECT COUNT(*) FROM "ODS_SELLERS"]
[2025-06-08T16:20:49.198+0000] {subprocess.py:93} INFO - 2025-06-08 16:20:49,197 - snowflake.connector.cursor - INFO - query execution done
[2025-06-08T16:20:49.198+0000] {subprocess.py:93} INFO - 2025-06-08 16:20:49,198 - snowflake.connector.cursor - INFO - Number of results in first chunk: 1
[2025-06-08T16:20:49.199+0000] {subprocess.py:93} INFO - 2025-06-08 16:20:49,199 - ods_snowflake_copy_script - INFO - Table 'ODS_SELLERS' contains 3095 rows after load.
[2025-06-08T16:20:49.199+0000] {subprocess.py:93} INFO - 2025-06-08 16:20:49,199 - ods_snowflake_copy_script - INFO - Processing: product_category_name_translation -> ODS_PRODUCT_CATEGORY_TRANSLATION
[2025-06-08T16:20:49.199+0000] {subprocess.py:93} INFO - 2025-06-08 16:20:49,199 - ods_snowflake_copy_script - INFO - Starting COPY INTO for table 'ODS_PRODUCT_CATEGORY_TRANSLATION' from s3://rj-ecom-etl/raw/product_category_name_translation/2025-06-08/product_category_name_translation.parquet...
[2025-06-08T16:20:49.200+0000] {subprocess.py:93} INFO - 2025-06-08 16:20:49,199 - snowflake.connector.cursor - INFO - query: [USE DATABASE ECOM_ODS]
[2025-06-08T16:20:50.236+0000] {subprocess.py:93} INFO - 2025-06-08 16:20:50,235 - snowflake.connector.cursor - INFO - query execution done
[2025-06-08T16:20:50.237+0000] {subprocess.py:93} INFO - 2025-06-08 16:20:50,236 - snowflake.connector.cursor - INFO - Number of results in first chunk: 1
[2025-06-08T16:20:50.238+0000] {subprocess.py:93} INFO - 2025-06-08 16:20:50,236 - snowflake.connector.cursor - INFO - query: [USE SCHEMA PUBLIC]
[2025-06-08T16:20:50.833+0000] {subprocess.py:93} INFO - 2025-06-08 16:20:50,833 - snowflake.connector.cursor - INFO - query execution done
[2025-06-08T16:20:50.834+0000] {subprocess.py:93} INFO - 2025-06-08 16:20:50,833 - snowflake.connector.cursor - INFO - Number of results in first chunk: 1
[2025-06-08T16:20:50.835+0000] {subprocess.py:93} INFO - 2025-06-08 16:20:50,833 - ods_snowflake_copy_script - INFO - Truncating table 'ODS_PRODUCT_CATEGORY_TRANSLATION' before loading.
[2025-06-08T16:20:50.835+0000] {subprocess.py:93} INFO - 2025-06-08 16:20:50,834 - snowflake.connector.cursor - INFO - query: [TRUNCATE TABLE "ODS_PRODUCT_CATEGORY_TRANSLATION"]
[2025-06-08T16:20:51.452+0000] {subprocess.py:93} INFO - 2025-06-08 16:20:51,452 - snowflake.connector.cursor - INFO - query execution done
[2025-06-08T16:20:51.453+0000] {subprocess.py:93} INFO - 2025-06-08 16:20:51,452 - snowflake.connector.cursor - INFO - Number of results in first chunk: 1
[2025-06-08T16:20:51.454+0000] {subprocess.py:93} INFO - 2025-06-08 16:20:51,452 - ods_snowflake_copy_script - INFO - Executing COPY INTO command for 'ODS_PRODUCT_CATEGORY_TRANSLATION'...
[2025-06-08T16:20:51.454+0000] {subprocess.py:93} INFO - 2025-06-08 16:20:51,452 - snowflake.connector.cursor - INFO - query: [COPY INTO "ODS_PRODUCT_CATEGORY_TRANSLATION" FROM '@S3_RAW_DATA_STAGE/raw/produc...]
[2025-06-08T16:20:52.670+0000] {subprocess.py:93} INFO - 2025-06-08 16:20:52,661 - snowflake.connector.cursor - INFO - query execution done
[2025-06-08T16:20:52.676+0000] {subprocess.py:93} INFO - 2025-06-08 16:20:52,664 - snowflake.connector.cursor - INFO - Number of results in first chunk: 1
[2025-06-08T16:20:52.677+0000] {subprocess.py:93} INFO - 2025-06-08 16:20:52,666 - ods_snowflake_copy_script - INFO - Successfully loaded 71 rows into 'ODS_PRODUCT_CATEGORY_TRANSLATION' from 1 file(s).
[2025-06-08T16:20:52.677+0000] {subprocess.py:93} INFO - 2025-06-08 16:20:52,668 - snowflake.connector.cursor - INFO - query: [USE DATABASE ECOM_ODS]
[2025-06-08T16:20:54.029+0000] {subprocess.py:93} INFO - 2025-06-08 16:20:54,028 - snowflake.connector.cursor - INFO - query execution done
[2025-06-08T16:20:54.030+0000] {subprocess.py:93} INFO - 2025-06-08 16:20:54,029 - snowflake.connector.cursor - INFO - Number of results in first chunk: 1
[2025-06-08T16:20:54.031+0000] {subprocess.py:93} INFO - 2025-06-08 16:20:54,029 - snowflake.connector.cursor - INFO - query: [USE SCHEMA PUBLIC]
[2025-06-08T16:20:54.341+0000] {subprocess.py:93} INFO - 2025-06-08 16:20:54,340 - snowflake.connector.cursor - INFO - query execution done
[2025-06-08T16:20:54.342+0000] {subprocess.py:93} INFO - 2025-06-08 16:20:54,341 - snowflake.connector.cursor - INFO - Number of results in first chunk: 1
[2025-06-08T16:20:54.342+0000] {subprocess.py:93} INFO - 2025-06-08 16:20:54,341 - snowflake.connector.cursor - INFO - query: [SELECT COUNT(*) FROM "ODS_PRODUCT_CATEGORY_TRANSLATION"]
[2025-06-08T16:20:54.785+0000] {subprocess.py:93} INFO - 2025-06-08 16:20:54,785 - snowflake.connector.cursor - INFO - query execution done
[2025-06-08T16:20:54.786+0000] {subprocess.py:93} INFO - 2025-06-08 16:20:54,785 - snowflake.connector.cursor - INFO - Number of results in first chunk: 1
[2025-06-08T16:20:54.786+0000] {subprocess.py:93} INFO - 2025-06-08 16:20:54,786 - ods_snowflake_copy_script - INFO - Table 'ODS_PRODUCT_CATEGORY_TRANSLATION' contains 71 rows after load.
[2025-06-08T16:20:54.786+0000] {subprocess.py:93} INFO - 2025-06-08 16:20:54,786 - ods_snowflake_copy_script - INFO - --- Load Summary ---
[2025-06-08T16:20:54.786+0000] {subprocess.py:93} INFO - 2025-06-08 16:20:54,786 - ods_snowflake_copy_script - INFO - Successful loads: 9/9
[2025-06-08T16:20:54.787+0000] {subprocess.py:93} INFO - 2025-06-08 16:20:54,786 - ods_snowflake_copy_script - INFO - Total rows loaded: 1550922
[2025-06-08T16:20:54.787+0000] {subprocess.py:93} INFO - 2025-06-08 16:20:54,786 - snowflake.connector.connection - INFO - closed
[2025-06-08T16:20:55.076+0000] {subprocess.py:93} INFO - 2025-06-08 16:20:55,076 - snowflake.connector.connection - INFO - No async queries seem to be running, deleting session
[2025-06-08T16:20:56.201+0000] {subprocess.py:93} INFO - 2025-06-08 16:20:56,200 - ods_snowflake_copy_script - INFO - Snowflake connection closed.
[2025-06-08T16:20:56.202+0000] {subprocess.py:93} INFO - 2025-06-08 16:20:56,201 - ods_snowflake_copy_script - INFO - --- Optimized ODS Ingestion Script Finished ---
[2025-06-08T16:20:56.391+0000] {subprocess.py:97} INFO - Command exited with return code 0
[2025-06-08T16:20:56.429+0000] {taskinstance.py:1138} INFO - Marking task as SUCCESS. dag_id=etl_dag, task_id=run_ods_layer, execution_date=20250608T161931, start_date=20250608T161932, end_date=20250608T162056
[2025-06-08T16:20:56.476+0000] {local_task_job_runner.py:234} INFO - Task exited with return code 0
[2025-06-08T16:20:56.496+0000] {taskinstance.py:3280} INFO - 1 downstream tasks scheduled from follow-on schedule check
