[2025-06-09T05:59:08.009+0000] {taskinstance.py:1956} INFO - Dependencies all met for dep_context=non-requeueable deps ti=<TaskInstance: kafka_ecommerce_pipeline.monitor_system_resources manual__2025-06-09T05:54:03.944803+00:00 [queued]>
[2025-06-09T05:59:08.015+0000] {taskinstance.py:1956} INFO - Dependencies all met for dep_context=requeueable deps ti=<TaskInstance: kafka_ecommerce_pipeline.monitor_system_resources manual__2025-06-09T05:54:03.944803+00:00 [queued]>
[2025-06-09T05:59:08.015+0000] {taskinstance.py:2170} INFO - Starting attempt 1 of 3
[2025-06-09T05:59:08.021+0000] {taskinstance.py:2191} INFO - Executing <Task(BashOperator): monitor_system_resources> on 2025-06-09 05:54:03.944803+00:00
[2025-06-09T05:59:08.026+0000] {standard_task_runner.py:60} INFO - Started process 329 to run task
[2025-06-09T05:59:08.028+0000] {standard_task_runner.py:87} INFO - Running: ['***', 'tasks', 'run', 'kafka_ecommerce_pipeline', 'monitor_system_resources', 'manual__2025-06-09T05:54:03.944803+00:00', '--job-id', '16', '--raw', '--subdir', 'DAGS_FOLDER/kafka_data_pipeline.py', '--cfg-path', '/tmp/tmpgziaugps']
[2025-06-09T05:59:08.029+0000] {standard_task_runner.py:88} INFO - Job 16: Subtask monitor_system_resources
[2025-06-09T05:59:08.052+0000] {task_command.py:423} INFO - Running <TaskInstance: kafka_ecommerce_pipeline.monitor_system_resources manual__2025-06-09T05:54:03.944803+00:00 [running]> on host a66d86572bec
[2025-06-09T05:59:08.088+0000] {taskinstance.py:2480} INFO - Exporting env vars: AIRFLOW_CTX_DAG_OWNER='data-engineering-team' AIRFLOW_CTX_DAG_ID='kafka_ecommerce_pipeline' AIRFLOW_CTX_TASK_ID='monitor_system_resources' AIRFLOW_CTX_EXECUTION_DATE='2025-06-09T05:54:03.944803+00:00' AIRFLOW_CTX_TRY_NUMBER='1' AIRFLOW_CTX_DAG_RUN_ID='manual__2025-06-09T05:54:03.944803+00:00'
[2025-06-09T05:59:08.090+0000] {subprocess.py:63} INFO - Tmp dir root location: /tmp
[2025-06-09T05:59:08.092+0000] {subprocess.py:75} INFO - Running command: ['/usr/bin/bash', '-c', '\n    echo "💻 System Resource Usage:"\n    echo "Memory: $(free -h | grep Mem | awk \'{print $3 "/" $2}\')"\n    echo "Disk: $(df -h / | tail -1 | awk \'{print $3 "/" $2 " (" $5 " used)"}\')"\n    echo "Load: $(uptime | awk -F\'load average:\' \'{print $2}\')"\n    ']
[2025-06-09T05:59:08.107+0000] {subprocess.py:86} INFO - Output:
[2025-06-09T05:59:08.113+0000] {subprocess.py:93} INFO - 💻 System Resource Usage:
[2025-06-09T05:59:08.113+0000] {subprocess.py:93} INFO - /usr/bin/bash: line 3: free: command not found
[2025-06-09T05:59:08.116+0000] {subprocess.py:93} INFO - Memory:
[2025-06-09T05:59:08.119+0000] {subprocess.py:93} INFO - Disk: 11G/1007G (2% used)
[2025-06-09T05:59:08.119+0000] {subprocess.py:93} INFO - /usr/bin/bash: line 5: uptime: command not found
[2025-06-09T05:59:08.120+0000] {subprocess.py:93} INFO - Load:
[2025-06-09T05:59:08.120+0000] {subprocess.py:97} INFO - Command exited with return code 0
[2025-06-09T05:59:08.136+0000] {taskinstance.py:1138} INFO - Marking task as SUCCESS. dag_id=kafka_ecommerce_pipeline, task_id=monitor_system_resources, execution_date=20250609T055403, start_date=20250609T055908, end_date=20250609T055908
[2025-06-09T05:59:08.170+0000] {local_task_job_runner.py:234} INFO - Task exited with return code 0
[2025-06-09T05:59:08.182+0000] {taskinstance.py:3280} INFO - 1 downstream tasks scheduled from follow-on schedule check
