[2025-06-09T09:22:14.480+0000] {taskinstance.py:1956} INFO - Dependencies all met for dep_context=non-requeueable deps ti=<TaskInstance: kafka_ecommerce_pipeline.run_kafka_producer scheduled__2025-06-09T09:20:00+00:00 [queued]>
[2025-06-09T09:22:14.484+0000] {taskinstance.py:1956} INFO - Dependencies all met for dep_context=requeueable deps ti=<TaskInstance: kafka_ecommerce_pipeline.run_kafka_producer scheduled__2025-06-09T09:20:00+00:00 [queued]>
[2025-06-09T09:22:14.484+0000] {taskinstance.py:2170} INFO - Starting attempt 1 of 3
[2025-06-09T09:22:14.489+0000] {taskinstance.py:2191} INFO - Executing <Task(BashOperator): run_kafka_producer> on 2025-06-09 09:20:00+00:00
[2025-06-09T09:22:14.492+0000] {standard_task_runner.py:60} INFO - Started process 1004 to run task
[2025-06-09T09:22:14.494+0000] {standard_task_runner.py:87} INFO - Running: ['***', 'tasks', 'run', 'kafka_ecommerce_pipeline', 'run_kafka_producer', 'scheduled__2025-06-09T09:20:00+00:00', '--job-id', '53', '--raw', '--subdir', 'DAGS_FOLDER/kafka_data_pipeline.py', '--cfg-path', '/tmp/tmpts9dco3x']
[2025-06-09T09:22:14.495+0000] {standard_task_runner.py:88} INFO - Job 53: Subtask run_kafka_producer
[2025-06-09T09:22:14.528+0000] {task_command.py:423} INFO - Running <TaskInstance: kafka_ecommerce_pipeline.run_kafka_producer scheduled__2025-06-09T09:20:00+00:00 [running]> on host 93140bc61108
[2025-06-09T09:22:14.565+0000] {taskinstance.py:2480} INFO - Exporting env vars: AIRFLOW_CTX_DAG_OWNER='data-engineering-team' AIRFLOW_CTX_DAG_ID='kafka_ecommerce_pipeline' AIRFLOW_CTX_TASK_ID='run_kafka_producer' AIRFLOW_CTX_EXECUTION_DATE='2025-06-09T09:20:00+00:00' AIRFLOW_CTX_TRY_NUMBER='1' AIRFLOW_CTX_DAG_RUN_ID='scheduled__2025-06-09T09:20:00+00:00'
[2025-06-09T09:22:14.566+0000] {subprocess.py:63} INFO - Tmp dir root location: /tmp
[2025-06-09T09:22:14.567+0000] {subprocess.py:75} INFO - Running command: ['/usr/bin/bash', '-c', 'cd /opt/***/ecom_etl/ && python kafka_scripts/producer.py']
[2025-06-09T09:22:14.571+0000] {subprocess.py:86} INFO - Output:
[2025-06-09T09:22:14.725+0000] {subprocess.py:93} INFO - 🚀 Starting E-Commerce Event Producer
[2025-06-09T09:22:14.726+0000] {subprocess.py:93} INFO - 🔗 Kafka Bootstrap Servers: kafka:29092
[2025-06-09T09:22:14.726+0000] {subprocess.py:93} INFO - 🚀 Initializing Kafka producer with bootstrap servers: kafka:29092
[2025-06-09T09:22:14.738+0000] {subprocess.py:93} INFO - ⚠️ Error creating topics: [Error 36] TopicAlreadyExistsError: Request 'CreateTopicsRequest_v3(create_topic_requests=[(topic='ecommerce.product.views', num_partitions=3, replication_factor=1, replica_assignment=[], configs=[]), (topic='ecommerce.cart.add', num_partitions=3, replication_factor=1, replica_assignment=[], configs=[]), (topic='ecommerce.wishlist.add', num_partitions=3, replication_factor=1, replica_assignment=[], configs=[]), (topic='ecommerce.orders.completed', num_partitions=3, replication_factor=1, replica_assignment=[], configs=[])], timeout=30000, validate_only=False)' failed with response 'CreateTopicsResponse_v3(throttle_time_ms=0, topic_errors=[(topic='ecommerce.product.views', error_code=36, error_message="Topic 'ecommerce.product.views' already exists."), (topic='ecommerce.cart.add', error_code=36, error_message="Topic 'ecommerce.cart.add' already exists."), (topic='ecommerce.wishlist.add', error_code=36, error_message="Topic 'ecommerce.wishlist.add' already exists."), (topic='ecommerce.orders.completed', error_code=36, error_message="Topic 'ecommerce.orders.completed' already exists.")])'.
[2025-06-09T09:22:14.754+0000] {subprocess.py:93} INFO - ✅ Successfully connected to Kafka
[2025-06-09T09:22:14.755+0000] {subprocess.py:93} INFO - 📤 Sending 50 sample events...
[2025-06-09T09:22:14.860+0000] {subprocess.py:93} INFO - ✅ Sent to ecommerce.orders.completed: order_completed (partition: 0, offset: 30)
[2025-06-09T09:22:14.966+0000] {subprocess.py:93} INFO - ✅ Sent to ecommerce.product.views: product_view (partition: 0, offset: 136)
[2025-06-09T09:22:15.072+0000] {subprocess.py:93} INFO - ✅ Sent to ecommerce.product.views: product_view (partition: 0, offset: 137)
[2025-06-09T09:22:15.183+0000] {subprocess.py:93} INFO - ✅ Sent to ecommerce.cart.add: add_to_cart (partition: 0, offset: 63)
[2025-06-09T09:22:15.290+0000] {subprocess.py:93} INFO - ✅ Sent to ecommerce.product.views: product_view (partition: 0, offset: 138)
[2025-06-09T09:22:15.396+0000] {subprocess.py:93} INFO - ✅ Sent to ecommerce.product.views: product_view (partition: 0, offset: 139)
[2025-06-09T09:22:15.500+0000] {subprocess.py:93} INFO - ✅ Sent to ecommerce.cart.add: add_to_cart (partition: 0, offset: 64)
[2025-06-09T09:22:15.610+0000] {subprocess.py:93} INFO - ✅ Sent to ecommerce.wishlist.add: add_to_wishlist (partition: 0, offset: 31)
[2025-06-09T09:22:15.719+0000] {subprocess.py:93} INFO - ✅ Sent to ecommerce.product.views: product_view (partition: 0, offset: 140)
[2025-06-09T09:22:15.827+0000] {subprocess.py:93} INFO - ✅ Sent to ecommerce.cart.add: add_to_cart (partition: 0, offset: 65)
[2025-06-09T09:22:15.933+0000] {subprocess.py:93} INFO - 📊 Sent 10/50 events...
[2025-06-09T09:22:15.939+0000] {subprocess.py:93} INFO - ✅ Sent to ecommerce.orders.completed: order_completed (partition: 0, offset: 31)
[2025-06-09T09:22:16.050+0000] {subprocess.py:93} INFO - ✅ Sent to ecommerce.product.views: product_view (partition: 0, offset: 141)
[2025-06-09T09:22:16.159+0000] {subprocess.py:93} INFO - ✅ Sent to ecommerce.cart.add: add_to_cart (partition: 0, offset: 66)
[2025-06-09T09:22:16.265+0000] {subprocess.py:93} INFO - ✅ Sent to ecommerce.product.views: product_view (partition: 0, offset: 142)
[2025-06-09T09:22:16.374+0000] {subprocess.py:93} INFO - ✅ Sent to ecommerce.wishlist.add: add_to_wishlist (partition: 0, offset: 32)
[2025-06-09T09:22:16.480+0000] {subprocess.py:93} INFO - ✅ Sent to ecommerce.cart.add: add_to_cart (partition: 0, offset: 67)
[2025-06-09T09:22:16.589+0000] {subprocess.py:93} INFO - ✅ Sent to ecommerce.product.views: product_view (partition: 0, offset: 143)
[2025-06-09T09:22:16.699+0000] {subprocess.py:93} INFO - ✅ Sent to ecommerce.product.views: product_view (partition: 0, offset: 144)
[2025-06-09T09:22:16.805+0000] {subprocess.py:93} INFO - ✅ Sent to ecommerce.cart.add: add_to_cart (partition: 0, offset: 68)
[2025-06-09T09:22:16.913+0000] {subprocess.py:93} INFO - ✅ Sent to ecommerce.product.views: product_view (partition: 0, offset: 145)
[2025-06-09T09:22:17.018+0000] {subprocess.py:93} INFO - 📊 Sent 20/50 events...
[2025-06-09T09:22:17.024+0000] {subprocess.py:93} INFO - ✅ Sent to ecommerce.orders.completed: order_completed (partition: 0, offset: 32)
[2025-06-09T09:22:17.127+0000] {subprocess.py:93} INFO - ✅ Sent to ecommerce.wishlist.add: add_to_wishlist (partition: 0, offset: 33)
[2025-06-09T09:22:17.238+0000] {subprocess.py:93} INFO - ✅ Sent to ecommerce.product.views: product_view (partition: 0, offset: 146)
[2025-06-09T09:22:17.348+0000] {subprocess.py:93} INFO - ✅ Sent to ecommerce.product.views: product_view (partition: 0, offset: 147)
[2025-06-09T09:22:17.453+0000] {subprocess.py:93} INFO - ✅ Sent to ecommerce.cart.add: add_to_cart (partition: 0, offset: 69)
[2025-06-09T09:22:17.562+0000] {subprocess.py:93} INFO - ✅ Sent to ecommerce.product.views: product_view (partition: 0, offset: 148)
[2025-06-09T09:22:17.666+0000] {subprocess.py:93} INFO - ✅ Sent to ecommerce.product.views: product_view (partition: 0, offset: 149)
[2025-06-09T09:22:17.774+0000] {subprocess.py:93} INFO - ✅ Sent to ecommerce.cart.add: add_to_cart (partition: 0, offset: 70)
[2025-06-09T09:22:17.882+0000] {subprocess.py:93} INFO - ✅ Sent to ecommerce.wishlist.add: add_to_wishlist (partition: 0, offset: 34)
[2025-06-09T09:22:17.988+0000] {subprocess.py:93} INFO - ✅ Sent to ecommerce.product.views: product_view (partition: 0, offset: 150)
[2025-06-09T09:22:18.093+0000] {subprocess.py:93} INFO - 📊 Sent 30/50 events...
[2025-06-09T09:22:18.098+0000] {subprocess.py:93} INFO - ✅ Sent to ecommerce.orders.completed: order_completed (partition: 0, offset: 33)
[2025-06-09T09:22:18.204+0000] {subprocess.py:93} INFO - ✅ Sent to ecommerce.product.views: product_view (partition: 0, offset: 151)
[2025-06-09T09:22:18.308+0000] {subprocess.py:93} INFO - ✅ Sent to ecommerce.product.views: product_view (partition: 0, offset: 152)
[2025-06-09T09:22:18.414+0000] {subprocess.py:93} INFO - ✅ Sent to ecommerce.cart.add: add_to_cart (partition: 0, offset: 71)
[2025-06-09T09:22:18.523+0000] {subprocess.py:93} INFO - ✅ Sent to ecommerce.product.views: product_view (partition: 0, offset: 153)
[2025-06-09T09:22:18.631+0000] {subprocess.py:93} INFO - ✅ Sent to ecommerce.wishlist.add: add_to_wishlist (partition: 0, offset: 35)
[2025-06-09T09:22:18.740+0000] {subprocess.py:93} INFO - ✅ Sent to ecommerce.cart.add: add_to_cart (partition: 0, offset: 72)
[2025-06-09T09:22:18.843+0000] {subprocess.py:93} INFO - ✅ Sent to ecommerce.product.views: product_view (partition: 0, offset: 154)
[2025-06-09T09:22:18.950+0000] {subprocess.py:93} INFO - ✅ Sent to ecommerce.product.views: product_view (partition: 0, offset: 155)
[2025-06-09T09:22:19.058+0000] {subprocess.py:93} INFO - ✅ Sent to ecommerce.cart.add: add_to_cart (partition: 0, offset: 73)
[2025-06-09T09:22:19.161+0000] {subprocess.py:93} INFO - 📊 Sent 40/50 events...
[2025-06-09T09:22:19.168+0000] {subprocess.py:93} INFO - ✅ Sent to ecommerce.orders.completed: order_completed (partition: 0, offset: 34)
[2025-06-09T09:22:19.278+0000] {subprocess.py:93} INFO - ✅ Sent to ecommerce.product.views: product_view (partition: 0, offset: 156)
[2025-06-09T09:22:19.382+0000] {subprocess.py:93} INFO - ✅ Sent to ecommerce.wishlist.add: add_to_wishlist (partition: 0, offset: 36)
[2025-06-09T09:22:19.484+0000] {subprocess.py:93} INFO - ✅ Sent to ecommerce.product.views: product_view (partition: 0, offset: 157)
[2025-06-09T09:22:19.586+0000] {subprocess.py:93} INFO - ✅ Sent to ecommerce.product.views: product_view (partition: 0, offset: 158)
[2025-06-09T09:22:19.691+0000] {subprocess.py:93} INFO - ✅ Sent to ecommerce.cart.add: add_to_cart (partition: 0, offset: 74)
[2025-06-09T09:22:19.799+0000] {subprocess.py:93} INFO - ✅ Sent to ecommerce.product.views: product_view (partition: 0, offset: 159)
[2025-06-09T09:22:19.910+0000] {subprocess.py:93} INFO - ✅ Sent to ecommerce.product.views: product_view (partition: 0, offset: 160)
[2025-06-09T09:22:20.018+0000] {subprocess.py:93} INFO - ✅ Sent to ecommerce.cart.add: add_to_cart (partition: 0, offset: 75)
[2025-06-09T09:22:20.126+0000] {subprocess.py:93} INFO - ✅ Sent to ecommerce.wishlist.add: add_to_wishlist (partition: 0, offset: 37)
[2025-06-09T09:22:20.229+0000] {subprocess.py:93} INFO - 📊 Sent 50/50 events...
[2025-06-09T09:22:20.230+0000] {subprocess.py:93} INFO - ✅ Batch complete: 50 events sent successfully
[2025-06-09T09:22:20.230+0000] {subprocess.py:93} INFO - ✅ Producer closed successfully
[2025-06-09T09:22:20.265+0000] {subprocess.py:97} INFO - Command exited with return code 0
[2025-06-09T09:22:20.272+0000] {taskinstance.py:1138} INFO - Marking task as SUCCESS. dag_id=kafka_ecommerce_pipeline, task_id=run_kafka_producer, execution_date=20250609T092000, start_date=20250609T092214, end_date=20250609T092220
[2025-06-09T09:22:20.302+0000] {local_task_job_runner.py:234} INFO - Task exited with return code 0
[2025-06-09T09:22:20.316+0000] {taskinstance.py:3280} INFO - 1 downstream tasks scheduled from follow-on schedule check
