[2025-06-09T15:13:04.468+0000] {taskinstance.py:1956} INFO - Dependencies all met for dep_context=non-requeueable deps ti=<TaskInstance: kafka_ecommerce_pipeline.monitor_system_resources scheduled__2025-06-09T15:12:00+00:00 [queued]>
[2025-06-09T15:13:04.491+0000] {taskinstance.py:1956} INFO - Dependencies all met for dep_context=requeueable deps ti=<TaskInstance: kafka_ecommerce_pipeline.monitor_system_resources scheduled__2025-06-09T15:12:00+00:00 [queued]>
[2025-06-09T15:13:04.494+0000] {taskinstance.py:2170} INFO - Starting attempt 1 of 3
[2025-06-09T15:13:04.521+0000] {taskinstance.py:2191} INFO - Executing <Task(BashOperator): monitor_system_resources> on 2025-06-09 15:12:00+00:00
[2025-06-09T15:13:04.537+0000] {standard_task_runner.py:60} INFO - Started process 451 to run task
[2025-06-09T15:13:04.544+0000] {standard_task_runner.py:87} INFO - Running: ['***', 'tasks', 'run', 'kafka_ecommerce_pipeline', 'monitor_system_resources', 'scheduled__2025-06-09T15:12:00+00:00', '--job-id', '145', '--raw', '--subdir', 'DAGS_FOLDER/kafka_data_pipeline.py', '--cfg-path', '/tmp/tmpu5f06mhw']
[2025-06-09T15:13:04.547+0000] {standard_task_runner.py:88} INFO - Job 145: Subtask monitor_system_resources
[2025-06-09T15:13:04.613+0000] {task_command.py:423} INFO - Running <TaskInstance: kafka_ecommerce_pipeline.monitor_system_resources scheduled__2025-06-09T15:12:00+00:00 [running]> on host ed7c78a1ebb0
[2025-06-09T15:13:04.707+0000] {taskinstance.py:2480} INFO - Exporting env vars: AIRFLOW_CTX_DAG_OWNER='data-engineering-team' AIRFLOW_CTX_DAG_ID='kafka_ecommerce_pipeline' AIRFLOW_CTX_TASK_ID='monitor_system_resources' AIRFLOW_CTX_EXECUTION_DATE='2025-06-09T15:12:00+00:00' AIRFLOW_CTX_TRY_NUMBER='1' AIRFLOW_CTX_DAG_RUN_ID='scheduled__2025-06-09T15:12:00+00:00'
[2025-06-09T15:13:04.710+0000] {subprocess.py:63} INFO - Tmp dir root location: /tmp
[2025-06-09T15:13:04.711+0000] {subprocess.py:75} INFO - Running command: ['/usr/bin/bash', '-c', '\necho "💻 System Resource Usage:"\necho "Memory: $(free -h | grep Mem | awk \'{print $3 "/" $2}\')"\necho "Disk: $(df -h / | tail -1 | awk \'{print $3 "/" $2 " (" $5 " used)"}\')"\necho "Load: $(uptime | awk -F\'load average:\' \'{print $2}\')"']
[2025-06-09T15:13:04.723+0000] {subprocess.py:86} INFO - Output:
[2025-06-09T15:13:04.725+0000] {subprocess.py:93} INFO - 💻 System Resource Usage:
[2025-06-09T15:13:04.726+0000] {subprocess.py:93} INFO - /usr/bin/bash: line 3: free: command not found
[2025-06-09T15:13:04.730+0000] {subprocess.py:93} INFO - Memory:
[2025-06-09T15:13:04.733+0000] {subprocess.py:93} INFO - Disk: 15G/1007G (2% used)
[2025-06-09T15:13:04.734+0000] {subprocess.py:93} INFO - /usr/bin/bash: line 5: uptime: command not found
[2025-06-09T15:13:04.734+0000] {subprocess.py:93} INFO - Load:
[2025-06-09T15:13:04.734+0000] {subprocess.py:97} INFO - Command exited with return code 0
[2025-06-09T15:13:04.756+0000] {taskinstance.py:1138} INFO - Marking task as SUCCESS. dag_id=kafka_ecommerce_pipeline, task_id=monitor_system_resources, execution_date=20250609T151200, start_date=20250609T151304, end_date=20250609T151304
[2025-06-09T15:13:04.810+0000] {local_task_job_runner.py:234} INFO - Task exited with return code 0
[2025-06-09T15:13:04.831+0000] {taskinstance.py:3280} INFO - 0 downstream tasks scheduled from follow-on schedule check
