[2025-06-07T10:46:36.539+0000] {taskinstance.py:1956} INFO - Dependencies all met for dep_context=non-requeueable deps ti=<TaskInstance: etl_dag.run_drop_stg manual__2025-06-07T10:39:58.473462+00:00 [queued]>
[2025-06-07T10:46:36.543+0000] {taskinstance.py:1956} INFO - Dependencies all met for dep_context=requeueable deps ti=<TaskInstance: etl_dag.run_drop_stg manual__2025-06-07T10:39:58.473462+00:00 [queued]>
[2025-06-07T10:46:36.544+0000] {taskinstance.py:2170} INFO - Starting attempt 1 of 2
[2025-06-07T10:46:36.549+0000] {taskinstance.py:2191} INFO - Executing <Task(BashOperator): run_drop_stg> on 2025-06-07 10:39:58.473462+00:00
[2025-06-07T10:46:36.552+0000] {standard_task_runner.py:60} INFO - Started process 147 to run task
[2025-06-07T10:46:36.554+0000] {standard_task_runner.py:87} INFO - Running: ['***', 'tasks', 'run', 'etl_dag', 'run_drop_stg', 'manual__2025-06-07T10:39:58.473462+00:00', '--job-id', '9', '--raw', '--subdir', 'DAGS_FOLDER/etl_dag.py', '--cfg-path', '/tmp/tmp1_gvjdtf']
[2025-06-07T10:46:36.555+0000] {standard_task_runner.py:88} INFO - Job 9: Subtask run_drop_stg
[2025-06-07T10:46:36.577+0000] {task_command.py:423} INFO - Running <TaskInstance: etl_dag.run_drop_stg manual__2025-06-07T10:39:58.473462+00:00 [running]> on host ab0825485965
[2025-06-07T10:46:36.608+0000] {taskinstance.py:2480} INFO - Exporting env vars: AIRFLOW_CTX_DAG_OWNER='***' AIRFLOW_CTX_DAG_ID='etl_dag' AIRFLOW_CTX_TASK_ID='run_drop_stg' AIRFLOW_CTX_EXECUTION_DATE='2025-06-07T10:39:58.473462+00:00' AIRFLOW_CTX_TRY_NUMBER='1' AIRFLOW_CTX_DAG_RUN_ID='manual__2025-06-07T10:39:58.473462+00:00'
[2025-06-07T10:46:36.609+0000] {subprocess.py:63} INFO - Tmp dir root location: /tmp
[2025-06-07T10:46:36.610+0000] {subprocess.py:75} INFO - Running command: ['/usr/bin/bash', '-c', 'cd /opt/***/ecom_etl && python drop_stg.py']
[2025-06-07T10:46:36.616+0000] {subprocess.py:86} INFO - Output:
[2025-06-07T10:46:55.031+0000] {subprocess.py:93} INFO - 📍 Connected to ECOM_STG.PUBLIC schema
[2025-06-07T10:46:55.044+0000] {subprocess.py:93} INFO - ✅ Table 'STG_GEOLOCATION' dropped successfully.
[2025-06-07T10:46:55.044+0000] {subprocess.py:93} INFO - ✅ Table 'STG_CUSTOMERS' dropped successfully.
[2025-06-07T10:46:55.045+0000] {subprocess.py:93} INFO - ✅ Table 'STG_SELLERS' dropped successfully.
[2025-06-07T10:46:55.045+0000] {subprocess.py:93} INFO - ✅ Table 'STG_ORDERS' dropped successfully.
[2025-06-07T10:46:55.046+0000] {subprocess.py:93} INFO - ✅ Table 'STG_PRODUCTS' dropped successfully.
[2025-06-07T10:46:55.046+0000] {subprocess.py:93} INFO - ✅ Table 'STG_ORDER_ITEMS' dropped successfully.
[2025-06-07T10:46:55.047+0000] {subprocess.py:93} INFO - ✅ Table 'STG_ORDER_PAYMENTS' dropped successfully.
[2025-06-07T10:46:55.047+0000] {subprocess.py:93} INFO - ✅ Table 'STG_ORDER_REVIEWS' dropped successfully.
[2025-06-07T10:46:55.048+0000] {subprocess.py:93} INFO - ✅ Table 'STG_PRODUCT_CATEGORY_TRANSLATION' dropped successfully.
[2025-06-07T10:46:55.049+0000] {subprocess.py:93} INFO - 
[2025-06-07T10:46:55.050+0000] {subprocess.py:93} INFO - 🎯 Summary: 9/9 tables dropped successfully.
[2025-06-07T10:46:55.051+0000] {subprocess.py:93} INFO - 🔌 Connection closed.
[2025-06-07T10:46:55.235+0000] {subprocess.py:97} INFO - Command exited with return code 0
[2025-06-07T10:46:55.333+0000] {taskinstance.py:1138} INFO - Marking task as SUCCESS. dag_id=etl_dag, task_id=run_drop_stg, execution_date=20250607T103958, start_date=20250607T104636, end_date=20250607T104655
[2025-06-07T10:46:55.379+0000] {local_task_job_runner.py:234} INFO - Task exited with return code 0
[2025-06-07T10:46:55.416+0000] {taskinstance.py:3280} INFO - 0 downstream tasks scheduled from follow-on schedule check
