[2025-06-08T06:13:30.860+0000] {taskinstance.py:1956} INFO - Dependencies all met for dep_context=non-requeueable deps ti=<TaskInstance: etl_dag.run_truncate_stg scheduled__2025-06-07T00:00:00+00:00 [queued]>
[2025-06-08T06:13:30.868+0000] {taskinstance.py:1956} INFO - Dependencies all met for dep_context=requeueable deps ti=<TaskInstance: etl_dag.run_truncate_stg scheduled__2025-06-07T00:00:00+00:00 [queued]>
[2025-06-08T06:13:30.868+0000] {taskinstance.py:2170} INFO - Starting attempt 1 of 2
[2025-06-08T06:13:30.878+0000] {taskinstance.py:2191} INFO - Executing <Task(BashOperator): run_truncate_stg> on 2025-06-07 00:00:00+00:00
[2025-06-08T06:13:30.903+0000] {standard_task_runner.py:60} INFO - Started process 266 to run task
[2025-06-08T06:13:30.908+0000] {standard_task_runner.py:87} INFO - Running: ['***', 'tasks', 'run', 'etl_dag', 'run_truncate_stg', 'scheduled__2025-06-07T00:00:00+00:00', '--job-id', '92', '--raw', '--subdir', 'DAGS_FOLDER/etl_dag.py', '--cfg-path', '/tmp/tmpr_anyk2e']
[2025-06-08T06:13:30.910+0000] {standard_task_runner.py:88} INFO - Job 92: Subtask run_truncate_stg
[2025-06-08T06:13:31.050+0000] {task_command.py:423} INFO - Running <TaskInstance: etl_dag.run_truncate_stg scheduled__2025-06-07T00:00:00+00:00 [running]> on host 677411ab3888
[2025-06-08T06:13:31.148+0000] {taskinstance.py:2480} INFO - Exporting env vars: AIRFLOW_CTX_DAG_OWNER='***' AIRFLOW_CTX_DAG_ID='etl_dag' AIRFLOW_CTX_TASK_ID='run_truncate_stg' AIRFLOW_CTX_EXECUTION_DATE='2025-06-07T00:00:00+00:00' AIRFLOW_CTX_TRY_NUMBER='1' AIRFLOW_CTX_DAG_RUN_ID='scheduled__2025-06-07T00:00:00+00:00'
[2025-06-08T06:13:31.151+0000] {subprocess.py:63} INFO - Tmp dir root location: /tmp
[2025-06-08T06:13:31.153+0000] {subprocess.py:75} INFO - Running command: ['/usr/bin/bash', '-c', 'cd /opt/***/ecom_etl && python truncate_stg.py']
[2025-06-08T06:13:31.192+0000] {subprocess.py:86} INFO - Output:
[2025-06-08T06:13:39.961+0000] {subprocess.py:93} INFO - 📍 Connected to ECOM_STG.PUBLIC schema
[2025-06-08T06:13:39.974+0000] {subprocess.py:93} INFO - ✅ Table 'STG_GEOLOCATION' truncated successfully.
[2025-06-08T06:13:39.974+0000] {subprocess.py:93} INFO - ✅ Table 'STG_CUSTOMERS' truncated successfully.
[2025-06-08T06:13:39.975+0000] {subprocess.py:93} INFO - ✅ Table 'STG_SELLERS' truncated successfully.
[2025-06-08T06:13:39.975+0000] {subprocess.py:93} INFO - ✅ Table 'STG_ORDERS' truncated successfully.
[2025-06-08T06:13:39.975+0000] {subprocess.py:93} INFO - ✅ Table 'STG_PRODUCTS' truncated successfully.
[2025-06-08T06:13:39.976+0000] {subprocess.py:93} INFO - ✅ Table 'STG_ORDER_ITEMS' truncated successfully.
[2025-06-08T06:13:39.976+0000] {subprocess.py:93} INFO - ✅ Table 'STG_ORDER_PAYMENTS' truncated successfully.
[2025-06-08T06:13:39.977+0000] {subprocess.py:93} INFO - ✅ Table 'STG_ORDER_REVIEWS' truncated successfully.
[2025-06-08T06:13:39.979+0000] {subprocess.py:93} INFO - ✅ Table 'STG_PRODUCT_CATEGORY_TRANSLATION' truncated successfully.
[2025-06-08T06:13:39.980+0000] {subprocess.py:93} INFO - 
[2025-06-08T06:13:39.980+0000] {subprocess.py:93} INFO - 🎯 Summary: 9/9 tables truncated successfully.
[2025-06-08T06:13:39.981+0000] {subprocess.py:93} INFO - 🔌 Connection closed.
[2025-06-08T06:13:40.268+0000] {subprocess.py:97} INFO - Command exited with return code 0
[2025-06-08T06:13:40.400+0000] {taskinstance.py:1138} INFO - Marking task as SUCCESS. dag_id=etl_dag, task_id=run_truncate_stg, execution_date=20250607T000000, start_date=20250608T061330, end_date=20250608T061340
[2025-06-08T06:13:40.452+0000] {local_task_job_runner.py:234} INFO - Task exited with return code 0
[2025-06-08T06:13:40.495+0000] {taskinstance.py:3280} INFO - 0 downstream tasks scheduled from follow-on schedule check
