[2025-06-09T09:46:18.102+0000] {taskinstance.py:1956} INFO - Dependencies all met for dep_context=non-requeueable deps ti=<TaskInstance: kafka_ecommerce_pipeline.verify_pipeline_results scheduled__2025-06-09T09:44:00+00:00 [queued]>
[2025-06-09T09:46:18.133+0000] {taskinstance.py:1956} INFO - Dependencies all met for dep_context=requeueable deps ti=<TaskInstance: kafka_ecommerce_pipeline.verify_pipeline_results scheduled__2025-06-09T09:44:00+00:00 [queued]>
[2025-06-09T09:46:18.134+0000] {taskinstance.py:2170} INFO - Starting attempt 1 of 3
[2025-06-09T09:46:18.153+0000] {taskinstance.py:2191} INFO - Executing <Task(PythonOperator): verify_pipeline_results> on 2025-06-09 09:44:00+00:00
[2025-06-09T09:46:18.192+0000] {standard_task_runner.py:60} INFO - Started process 322 to run task
[2025-06-09T09:46:18.234+0000] {standard_task_runner.py:87} INFO - Running: ['***', 'tasks', 'run', 'kafka_ecommerce_pipeline', 'verify_pipeline_results', 'scheduled__2025-06-09T09:44:00+00:00', '--job-id', '23', '--raw', '--subdir', 'DAGS_FOLDER/kafka_data_pipeline.py', '--cfg-path', '/tmp/tmpgqewlksr']
[2025-06-09T09:46:18.240+0000] {standard_task_runner.py:88} INFO - Job 23: Subtask verify_pipeline_results
[2025-06-09T09:46:18.362+0000] {task_command.py:423} INFO - Running <TaskInstance: kafka_ecommerce_pipeline.verify_pipeline_results scheduled__2025-06-09T09:44:00+00:00 [running]> on host e695025acf97
[2025-06-09T09:46:18.527+0000] {taskinstance.py:2480} INFO - Exporting env vars: AIRFLOW_CTX_DAG_OWNER='data-engineering-team' AIRFLOW_CTX_DAG_ID='kafka_ecommerce_pipeline' AIRFLOW_CTX_TASK_ID='verify_pipeline_results' AIRFLOW_CTX_EXECUTION_DATE='2025-06-09T09:44:00+00:00' AIRFLOW_CTX_TRY_NUMBER='1' AIRFLOW_CTX_DAG_RUN_ID='scheduled__2025-06-09T09:44:00+00:00'
[2025-06-09T09:46:18.539+0000] {kafka_data_pipeline.py:175} INFO - 📊 Pipeline Results:
[2025-06-09T09:46:18.539+0000] {kafka_data_pipeline.py:176} INFO -  👀 Total Views: 50
[2025-06-09T09:46:18.539+0000] {kafka_data_pipeline.py:177} INFO -  🛒 Total Cart Adds: 26
[2025-06-09T09:46:18.540+0000] {kafka_data_pipeline.py:178} INFO -  ❤️ Total Wishlist Adds: 14
[2025-06-09T09:46:18.540+0000] {kafka_data_pipeline.py:179} INFO -  📦 Total Orders: 10
[2025-06-09T09:46:18.541+0000] {kafka_data_pipeline.py:180} INFO -  💰 Total Revenue: $34919.54
[2025-06-09T09:46:18.541+0000] {kafka_data_pipeline.py:181} INFO -  🕐 Last Updated: 2025-06-09T09:46:06.751844
[2025-06-09T09:46:18.541+0000] {kafka_data_pipeline.py:186} INFO - 🔥 Recent Orders:
[2025-06-09T09:46:18.542+0000] {kafka_data_pipeline.py:189} INFO -  • order_212bc676: $2189.95 (4 items)
[2025-06-09T09:46:18.542+0000] {kafka_data_pipeline.py:189} INFO -  • order_25c43fe1: $6399.95 (3 items)
[2025-06-09T09:46:18.543+0000] {kafka_data_pipeline.py:189} INFO -  • order_6036221e: $2399.97 (2 items)
[2025-06-09T09:46:18.543+0000] {kafka_data_pipeline.py:189} INFO -  • order_c4a35a91: $9999.94 (3 items)
[2025-06-09T09:46:18.543+0000] {kafka_data_pipeline.py:189} INFO -  • order_31938cc3: $399.98 (1 items)
[2025-06-09T09:46:18.544+0000] {kafka_data_pipeline.py:194} INFO - ✅ Pipeline completed successfully - Last activity: 2025-06-09T09:46:06.758015
[2025-06-09T09:46:18.545+0000] {python.py:201} INFO - Done. Returned value was: None
[2025-06-09T09:46:18.558+0000] {taskinstance.py:1138} INFO - Marking task as SUCCESS. dag_id=kafka_ecommerce_pipeline, task_id=verify_pipeline_results, execution_date=20250609T094400, start_date=20250609T094618, end_date=20250609T094618
[2025-06-09T09:46:18.627+0000] {local_task_job_runner.py:234} INFO - Task exited with return code 0
[2025-06-09T09:46:18.688+0000] {taskinstance.py:3280} INFO - 1 downstream tasks scheduled from follow-on schedule check
