[2025-06-09T16:07:42.983+0000] {taskinstance.py:1956} INFO - Dependencies all met for dep_context=non-requeueable deps ti=<TaskInstance: etl_dag.run_truncate_stg manual__2025-06-09T16:06:01.791338+00:00 [queued]>
[2025-06-09T16:07:42.988+0000] {taskinstance.py:1956} INFO - Dependencies all met for dep_context=requeueable deps ti=<TaskInstance: etl_dag.run_truncate_stg manual__2025-06-09T16:06:01.791338+00:00 [queued]>
[2025-06-09T16:07:42.988+0000] {taskinstance.py:2170} INFO - Starting attempt 1 of 2
[2025-06-09T16:07:42.995+0000] {taskinstance.py:2191} INFO - Executing <Task(BashOperator): run_truncate_stg> on 2025-06-09 16:06:01.791338+00:00
[2025-06-09T16:07:43.002+0000] {standard_task_runner.py:60} INFO - Started process 3651 to run task
[2025-06-09T16:07:43.009+0000] {standard_task_runner.py:87} INFO - Running: ['***', 'tasks', 'run', 'etl_dag', 'run_truncate_stg', 'manual__2025-06-09T16:06:01.791338+00:00', '--job-id', '427', '--raw', '--subdir', 'DAGS_FOLDER/etl_dag.py', '--cfg-path', '/tmp/tmp9yjqjgcq']
[2025-06-09T16:07:43.011+0000] {standard_task_runner.py:88} INFO - Job 427: Subtask run_truncate_stg
[2025-06-09T16:07:43.073+0000] {task_command.py:423} INFO - Running <TaskInstance: etl_dag.run_truncate_stg manual__2025-06-09T16:06:01.791338+00:00 [running]> on host ed7c78a1ebb0
[2025-06-09T16:07:43.126+0000] {taskinstance.py:2480} INFO - Exporting env vars: AIRFLOW_CTX_DAG_OWNER='***' AIRFLOW_CTX_DAG_ID='etl_dag' AIRFLOW_CTX_TASK_ID='run_truncate_stg' AIRFLOW_CTX_EXECUTION_DATE='2025-06-09T16:06:01.791338+00:00' AIRFLOW_CTX_TRY_NUMBER='1' AIRFLOW_CTX_DAG_RUN_ID='manual__2025-06-09T16:06:01.791338+00:00'
[2025-06-09T16:07:43.127+0000] {subprocess.py:63} INFO - Tmp dir root location: /tmp
[2025-06-09T16:07:43.128+0000] {subprocess.py:75} INFO - Running command: ['/usr/bin/bash', '-c', 'cd /opt/***/ecom_etl && python truncate_stg.py']
[2025-06-09T16:07:43.136+0000] {subprocess.py:86} INFO - Output:
[2025-06-09T16:07:50.037+0000] {subprocess.py:93} INFO - 📍 Connected to ECOM_STG.PUBLIC schema
[2025-06-09T16:07:50.057+0000] {subprocess.py:93} INFO - ✅ Table 'STG_GEOLOCATION' truncated successfully.
[2025-06-09T16:07:50.060+0000] {subprocess.py:93} INFO - ✅ Table 'STG_CUSTOMERS' truncated successfully.
[2025-06-09T16:07:50.064+0000] {subprocess.py:93} INFO - ✅ Table 'STG_SELLERS' truncated successfully.
[2025-06-09T16:07:50.065+0000] {subprocess.py:93} INFO - ✅ Table 'STG_ORDERS' truncated successfully.
[2025-06-09T16:07:50.065+0000] {subprocess.py:93} INFO - ✅ Table 'STG_PRODUCTS' truncated successfully.
[2025-06-09T16:07:50.066+0000] {subprocess.py:93} INFO - ✅ Table 'STG_ORDER_ITEMS' truncated successfully.
[2025-06-09T16:07:50.066+0000] {subprocess.py:93} INFO - ✅ Table 'STG_ORDER_PAYMENTS' truncated successfully.
[2025-06-09T16:07:50.067+0000] {subprocess.py:93} INFO - ✅ Table 'STG_ORDER_REVIEWS' truncated successfully.
[2025-06-09T16:07:50.067+0000] {subprocess.py:93} INFO - ✅ Table 'STG_PRODUCT_CATEGORY_TRANSLATION' truncated successfully.
[2025-06-09T16:07:50.068+0000] {subprocess.py:93} INFO - 
[2025-06-09T16:07:50.068+0000] {subprocess.py:93} INFO - 🎯 Summary: 9/9 tables truncated successfully.
[2025-06-09T16:07:50.069+0000] {subprocess.py:93} INFO - 🔌 Connection closed.
[2025-06-09T16:07:50.216+0000] {subprocess.py:97} INFO - Command exited with return code 0
[2025-06-09T16:07:50.257+0000] {taskinstance.py:1138} INFO - Marking task as SUCCESS. dag_id=etl_dag, task_id=run_truncate_stg, execution_date=20250609T160601, start_date=20250609T160742, end_date=20250609T160750
[2025-06-09T16:07:50.300+0000] {local_task_job_runner.py:234} INFO - Task exited with return code 0
[2025-06-09T16:07:50.326+0000] {taskinstance.py:3280} INFO - 0 downstream tasks scheduled from follow-on schedule check
