[2025-06-09T10:30:24.496+0000] {taskinstance.py:1956} INFO - Dependencies all met for dep_context=non-requeueable deps ti=<TaskInstance: kafka_ecommerce_pipeline.verify_pipeline_results manual__2025-06-09T10:25:24.080349+00:00 [queued]>
[2025-06-09T10:30:24.500+0000] {taskinstance.py:1956} INFO - Dependencies all met for dep_context=requeueable deps ti=<TaskInstance: kafka_ecommerce_pipeline.verify_pipeline_results manual__2025-06-09T10:25:24.080349+00:00 [queued]>
[2025-06-09T10:30:24.501+0000] {taskinstance.py:2170} INFO - Starting attempt 1 of 3
[2025-06-09T10:30:24.507+0000] {taskinstance.py:2191} INFO - Executing <Task(PythonOperator): verify_pipeline_results> on 2025-06-09 10:25:24.080349+00:00
[2025-06-09T10:30:24.510+0000] {standard_task_runner.py:60} INFO - Started process 325 to run task
[2025-06-09T10:30:24.513+0000] {standard_task_runner.py:87} INFO - Running: ['***', 'tasks', 'run', 'kafka_ecommerce_pipeline', 'verify_pipeline_results', 'manual__2025-06-09T10:25:24.080349+00:00', '--job-id', '13', '--raw', '--subdir', 'DAGS_FOLDER/kafka_data_pipeline.py', '--cfg-path', '/tmp/tmphm2nyjot']
[2025-06-09T10:30:24.516+0000] {standard_task_runner.py:88} INFO - Job 13: Subtask verify_pipeline_results
[2025-06-09T10:30:24.556+0000] {task_command.py:423} INFO - Running <TaskInstance: kafka_ecommerce_pipeline.verify_pipeline_results manual__2025-06-09T10:25:24.080349+00:00 [running]> on host 426c4f7e0cdd
[2025-06-09T10:30:24.600+0000] {taskinstance.py:2480} INFO - Exporting env vars: AIRFLOW_CTX_DAG_OWNER='data-engineering-team' AIRFLOW_CTX_DAG_ID='kafka_ecommerce_pipeline' AIRFLOW_CTX_TASK_ID='verify_pipeline_results' AIRFLOW_CTX_EXECUTION_DATE='2025-06-09T10:25:24.080349+00:00' AIRFLOW_CTX_TRY_NUMBER='1' AIRFLOW_CTX_DAG_RUN_ID='manual__2025-06-09T10:25:24.080349+00:00'
[2025-06-09T10:30:24.601+0000] {kafka_data_pipeline.py:133} INFO - ✅ Verifying pipeline results in Redis...
[2025-06-09T10:30:24.603+0000] {kafka_data_pipeline.py:168} ERROR - ❌ Error verifying pipeline results: Total views not found or 0 in Redis - data pipeline might have issues.
[2025-06-09T10:30:24.609+0000] {taskinstance.py:2698} ERROR - Task failed with exception
Traceback (most recent call last):
  File "/home/airflow/.local/lib/python3.8/site-packages/airflow/models/taskinstance.py", line 428, in _execute_task
    result = execute_callable(context=context, **execute_callable_kwargs)
  File "/home/airflow/.local/lib/python3.8/site-packages/airflow/operators/python.py", line 199, in execute
    return_value = self.execute_callable()
  File "/home/airflow/.local/lib/python3.8/site-packages/airflow/operators/python.py", line 216, in execute_callable
    return self.python_callable(*self.op_args, **self.op_kwargs)
  File "/opt/airflow/dags/kafka_data_pipeline.py", line 142, in verify_pipeline_results
    raise AirflowException("Total views not found or 0 in Redis - data pipeline might have issues.")
airflow.exceptions.AirflowException: Total views not found or 0 in Redis - data pipeline might have issues.
[2025-06-09T10:30:24.612+0000] {taskinstance.py:1138} INFO - Marking task as UP_FOR_RETRY. dag_id=kafka_ecommerce_pipeline, task_id=verify_pipeline_results, execution_date=20250609T102524, start_date=20250609T103024, end_date=20250609T103024
[2025-06-09T10:30:24.623+0000] {standard_task_runner.py:107} ERROR - Failed to execute job 13 for task verify_pipeline_results (Total views not found or 0 in Redis - data pipeline might have issues.; 325)
[2025-06-09T10:30:24.654+0000] {local_task_job_runner.py:234} INFO - Task exited with return code 1
[2025-06-09T10:30:24.671+0000] {taskinstance.py:3280} INFO - 0 downstream tasks scheduled from follow-on schedule check
