[2025-06-09T15:40:14.481+0000] {taskinstance.py:1956} INFO - Dependencies all met for dep_context=non-requeueable deps ti=<TaskInstance: kafka_ecommerce_pipeline.cleanup_and_complete scheduled__2025-06-09T15:37:00+00:00 [queued]>
[2025-06-09T15:40:14.485+0000] {taskinstance.py:1956} INFO - Dependencies all met for dep_context=requeueable deps ti=<TaskInstance: kafka_ecommerce_pipeline.cleanup_and_complete scheduled__2025-06-09T15:37:00+00:00 [queued]>
[2025-06-09T15:40:14.486+0000] {taskinstance.py:2170} INFO - Starting attempt 1 of 3
[2025-06-09T15:40:14.492+0000] {taskinstance.py:2191} INFO - Executing <Task(BashOperator): cleanup_and_complete> on 2025-06-09 15:37:00+00:00
[2025-06-09T15:40:14.494+0000] {standard_task_runner.py:60} INFO - Started process 2081 to run task
[2025-06-09T15:40:14.496+0000] {standard_task_runner.py:87} INFO - Running: ['***', 'tasks', 'run', 'kafka_ecommerce_pipeline', 'cleanup_and_complete', 'scheduled__2025-06-09T15:37:00+00:00', '--job-id', '287', '--raw', '--subdir', 'DAGS_FOLDER/kafka_data_pipeline.py', '--cfg-path', '/tmp/tmppthjxq5i']
[2025-06-09T15:40:14.497+0000] {standard_task_runner.py:88} INFO - Job 287: Subtask cleanup_and_complete
[2025-06-09T15:40:14.535+0000] {task_command.py:423} INFO - Running <TaskInstance: kafka_ecommerce_pipeline.cleanup_and_complete scheduled__2025-06-09T15:37:00+00:00 [running]> on host ed7c78a1ebb0
[2025-06-09T15:40:14.582+0000] {taskinstance.py:2480} INFO - Exporting env vars: AIRFLOW_CTX_DAG_OWNER='data-engineering-team' AIRFLOW_CTX_DAG_ID='kafka_ecommerce_pipeline' AIRFLOW_CTX_TASK_ID='cleanup_and_complete' AIRFLOW_CTX_EXECUTION_DATE='2025-06-09T15:37:00+00:00' AIRFLOW_CTX_TRY_NUMBER='1' AIRFLOW_CTX_DAG_RUN_ID='scheduled__2025-06-09T15:37:00+00:00'
[2025-06-09T15:40:14.583+0000] {subprocess.py:63} INFO - Tmp dir root location: /tmp
[2025-06-09T15:40:14.584+0000] {subprocess.py:75} INFO - Running command: ['/usr/bin/bash', '-c', '\necho "🧹 Performing cleanup..."\necho "📈 Kafka E-commerce Pipeline completed successfully at $(date)"\necho "🎯 Check Redis for real-time analytics data (Consumer is always running)"\necho "✅ DAG execution finished"']
[2025-06-09T15:40:14.590+0000] {subprocess.py:86} INFO - Output:
[2025-06-09T15:40:14.592+0000] {subprocess.py:93} INFO - 🧹 Performing cleanup...
[2025-06-09T15:40:14.593+0000] {subprocess.py:93} INFO - 📈 Kafka E-commerce Pipeline completed successfully at Mon Jun  9 15:40:14 UTC 2025
[2025-06-09T15:40:14.593+0000] {subprocess.py:93} INFO - 🎯 Check Redis for real-time analytics data (Consumer is always running)
[2025-06-09T15:40:14.594+0000] {subprocess.py:93} INFO - ✅ DAG execution finished
[2025-06-09T15:40:14.594+0000] {subprocess.py:97} INFO - Command exited with return code 0
[2025-06-09T15:40:14.608+0000] {taskinstance.py:1138} INFO - Marking task as SUCCESS. dag_id=kafka_ecommerce_pipeline, task_id=cleanup_and_complete, execution_date=20250609T153700, start_date=20250609T154014, end_date=20250609T154014
[2025-06-09T15:40:14.637+0000] {local_task_job_runner.py:234} INFO - Task exited with return code 0
[2025-06-09T15:40:14.652+0000] {taskinstance.py:3280} INFO - 0 downstream tasks scheduled from follow-on schedule check
