[2025-06-09T10:50:12.283+0000] {taskinstance.py:1956} INFO - Dependencies all met for dep_context=non-requeueable deps ti=<TaskInstance: kafka_ecommerce_pipeline.monitor_system_resources manual__2025-06-09T10:47:20.305214+00:00 [queued]>
[2025-06-09T10:50:12.295+0000] {taskinstance.py:1956} INFO - Dependencies all met for dep_context=requeueable deps ti=<TaskInstance: kafka_ecommerce_pipeline.monitor_system_resources manual__2025-06-09T10:47:20.305214+00:00 [queued]>
[2025-06-09T10:50:12.297+0000] {taskinstance.py:2170} INFO - Starting attempt 2 of 4
[2025-06-09T10:50:12.307+0000] {taskinstance.py:2191} INFO - Executing <Task(BashOperator): monitor_system_resources> on 2025-06-09 10:47:20.305214+00:00
[2025-06-09T10:50:12.310+0000] {standard_task_runner.py:60} INFO - Started process 268 to run task
[2025-06-09T10:50:12.313+0000] {standard_task_runner.py:87} INFO - Running: ['***', 'tasks', 'run', 'kafka_ecommerce_pipeline', 'monitor_system_resources', 'manual__2025-06-09T10:47:20.305214+00:00', '--job-id', '14', '--raw', '--subdir', 'DAGS_FOLDER/kafka_data_pipeline.py', '--cfg-path', '/tmp/tmpk991ud4d']
[2025-06-09T10:50:12.314+0000] {standard_task_runner.py:88} INFO - Job 14: Subtask monitor_system_resources
[2025-06-09T10:50:12.356+0000] {task_command.py:423} INFO - Running <TaskInstance: kafka_ecommerce_pipeline.monitor_system_resources manual__2025-06-09T10:47:20.305214+00:00 [running]> on host ffaec3049530
[2025-06-09T10:50:12.414+0000] {taskinstance.py:2480} INFO - Exporting env vars: AIRFLOW_CTX_DAG_OWNER='data-engineering-team' AIRFLOW_CTX_DAG_ID='kafka_ecommerce_pipeline' AIRFLOW_CTX_TASK_ID='monitor_system_resources' AIRFLOW_CTX_EXECUTION_DATE='2025-06-09T10:47:20.305214+00:00' AIRFLOW_CTX_TRY_NUMBER='2' AIRFLOW_CTX_DAG_RUN_ID='manual__2025-06-09T10:47:20.305214+00:00'
[2025-06-09T10:50:12.415+0000] {subprocess.py:63} INFO - Tmp dir root location: /tmp
[2025-06-09T10:50:12.416+0000] {subprocess.py:75} INFO - Running command: ['/usr/bin/bash', '-c', '\necho "💻 System Resource Usage:"\necho "Memory: $(free -h | grep Mem | awk \'{print $3 "/" $2}\')"\necho "Disk: $(df -h / | tail -1 | awk \'{print $3 "/" $2 " (" $5 " used)"}\')"\necho "Load: $(uptime | awk -F\'load average:\' \'{print $2}\')"']
[2025-06-09T10:50:12.423+0000] {subprocess.py:86} INFO - Output:
[2025-06-09T10:50:12.426+0000] {subprocess.py:93} INFO - 💻 System Resource Usage:
[2025-06-09T10:50:12.427+0000] {subprocess.py:93} INFO - /usr/bin/bash: line 3: free: command not found
[2025-06-09T10:50:12.431+0000] {subprocess.py:93} INFO - Memory:
[2025-06-09T10:50:12.433+0000] {subprocess.py:93} INFO - Disk: 15G/1007G (2% used)
[2025-06-09T10:50:12.434+0000] {subprocess.py:93} INFO - /usr/bin/bash: line 5: uptime: command not found
[2025-06-09T10:50:12.435+0000] {subprocess.py:93} INFO - Load:
[2025-06-09T10:50:12.435+0000] {subprocess.py:97} INFO - Command exited with return code 0
[2025-06-09T10:50:12.455+0000] {taskinstance.py:1138} INFO - Marking task as SUCCESS. dag_id=kafka_ecommerce_pipeline, task_id=monitor_system_resources, execution_date=20250609T104720, start_date=20250609T105012, end_date=20250609T105012
[2025-06-09T10:50:12.492+0000] {local_task_job_runner.py:234} INFO - Task exited with return code 0
[2025-06-09T10:50:12.505+0000] {taskinstance.py:3280} INFO - 0 downstream tasks scheduled from follow-on schedule check
