[2025-06-09T10:23:31.559+0000] {taskinstance.py:1956} INFO - Dependencies all met for dep_context=non-requeueable deps ti=<TaskInstance: kafka_ecommerce_pipeline.run_kafka_producer scheduled__2025-06-09T10:18:00+00:00 [queued]>
[2025-06-09T10:23:31.564+0000] {taskinstance.py:1956} INFO - Dependencies all met for dep_context=requeueable deps ti=<TaskInstance: kafka_ecommerce_pipeline.run_kafka_producer scheduled__2025-06-09T10:18:00+00:00 [queued]>
[2025-06-09T10:23:31.565+0000] {taskinstance.py:2170} INFO - Starting attempt 3 of 5
[2025-06-09T10:23:31.571+0000] {taskinstance.py:2191} INFO - Executing <Task(BashOperator): run_kafka_producer> on 2025-06-09 10:18:00+00:00
[2025-06-09T10:23:31.574+0000] {standard_task_runner.py:60} INFO - Started process 250 to run task
[2025-06-09T10:23:31.577+0000] {standard_task_runner.py:87} INFO - Running: ['***', 'tasks', 'run', 'kafka_ecommerce_pipeline', 'run_kafka_producer', 'scheduled__2025-06-09T10:18:00+00:00', '--job-id', '8', '--raw', '--subdir', 'DAGS_FOLDER/kafka_data_pipeline.py', '--cfg-path', '/tmp/tmp_cwirgql']
[2025-06-09T10:23:31.578+0000] {standard_task_runner.py:88} INFO - Job 8: Subtask run_kafka_producer
[2025-06-09T10:23:31.617+0000] {task_command.py:423} INFO - Running <TaskInstance: kafka_ecommerce_pipeline.run_kafka_producer scheduled__2025-06-09T10:18:00+00:00 [running]> on host a0ec9d43225f
[2025-06-09T10:23:31.746+0000] {taskinstance.py:2480} INFO - Exporting env vars: AIRFLOW_CTX_DAG_OWNER='data-engineering-team' AIRFLOW_CTX_DAG_ID='kafka_ecommerce_pipeline' AIRFLOW_CTX_TASK_ID='run_kafka_producer' AIRFLOW_CTX_EXECUTION_DATE='2025-06-09T10:18:00+00:00' AIRFLOW_CTX_TRY_NUMBER='3' AIRFLOW_CTX_DAG_RUN_ID='scheduled__2025-06-09T10:18:00+00:00'
[2025-06-09T10:23:31.749+0000] {subprocess.py:63} INFO - Tmp dir root location: /tmp
[2025-06-09T10:23:31.752+0000] {subprocess.py:75} INFO - Running command: ['/usr/bin/bash', '-c', 'python /app/kafka_scripts/producer.py']
[2025-06-09T10:23:31.765+0000] {subprocess.py:86} INFO - Output:
[2025-06-09T10:23:31.809+0000] {subprocess.py:93} INFO - python: can't open file '/app/kafka_scripts/producer.py': [Errno 2] No such file or directory
[2025-06-09T10:23:31.812+0000] {subprocess.py:97} INFO - Command exited with return code 2
[2025-06-09T10:23:31.823+0000] {taskinstance.py:2698} ERROR - Task failed with exception
Traceback (most recent call last):
  File "/home/airflow/.local/lib/python3.8/site-packages/airflow/models/taskinstance.py", line 428, in _execute_task
    result = execute_callable(context=context, **execute_callable_kwargs)
  File "/home/airflow/.local/lib/python3.8/site-packages/airflow/operators/bash.py", line 212, in execute
    raise AirflowException(
airflow.exceptions.AirflowException: Bash command failed. The command returned a non-zero exit code 2.
[2025-06-09T10:23:31.828+0000] {taskinstance.py:1138} INFO - Marking task as UP_FOR_RETRY. dag_id=kafka_ecommerce_pipeline, task_id=run_kafka_producer, execution_date=20250609T101800, start_date=20250609T102331, end_date=20250609T102331
[2025-06-09T10:23:31.839+0000] {standard_task_runner.py:107} ERROR - Failed to execute job 8 for task run_kafka_producer (Bash command failed. The command returned a non-zero exit code 2.; 250)
[2025-06-09T10:23:31.883+0000] {local_task_job_runner.py:234} INFO - Task exited with return code 1
[2025-06-09T10:23:31.901+0000] {taskinstance.py:3280} INFO - 0 downstream tasks scheduled from follow-on schedule check
