[2025-06-09T06:30:02.051+0000] {taskinstance.py:1956} INFO - Dependencies all met for dep_context=non-requeueable deps ti=<TaskInstance: kafka_ecommerce_pipeline.run_kafka_producer scheduled__2025-06-09T06:25:00+00:00 [queued]>
[2025-06-09T06:30:02.055+0000] {taskinstance.py:1956} INFO - Dependencies all met for dep_context=requeueable deps ti=<TaskInstance: kafka_ecommerce_pipeline.run_kafka_producer scheduled__2025-06-09T06:25:00+00:00 [queued]>
[2025-06-09T06:30:02.055+0000] {taskinstance.py:2170} INFO - Starting attempt 1 of 3
[2025-06-09T06:30:02.060+0000] {taskinstance.py:2191} INFO - Executing <Task(BashOperator): run_kafka_producer> on 2025-06-09 06:25:00+00:00
[2025-06-09T06:30:02.063+0000] {standard_task_runner.py:60} INFO - Started process 967 to run task
[2025-06-09T06:30:02.065+0000] {standard_task_runner.py:87} INFO - Running: ['***', 'tasks', 'run', 'kafka_ecommerce_pipeline', 'run_kafka_producer', 'scheduled__2025-06-09T06:25:00+00:00', '--job-id', '47', '--raw', '--subdir', 'DAGS_FOLDER/kafka_data_pipeline.py', '--cfg-path', '/tmp/tmpj08zt4u5']
[2025-06-09T06:30:02.066+0000] {standard_task_runner.py:88} INFO - Job 47: Subtask run_kafka_producer
[2025-06-09T06:30:02.092+0000] {task_command.py:423} INFO - Running <TaskInstance: kafka_ecommerce_pipeline.run_kafka_producer scheduled__2025-06-09T06:25:00+00:00 [running]> on host 214da608bc37
[2025-06-09T06:30:02.135+0000] {taskinstance.py:2480} INFO - Exporting env vars: AIRFLOW_CTX_DAG_OWNER='data-engineering-team' AIRFLOW_CTX_DAG_ID='kafka_ecommerce_pipeline' AIRFLOW_CTX_TASK_ID='run_kafka_producer' AIRFLOW_CTX_EXECUTION_DATE='2025-06-09T06:25:00+00:00' AIRFLOW_CTX_TRY_NUMBER='1' AIRFLOW_CTX_DAG_RUN_ID='scheduled__2025-06-09T06:25:00+00:00'
[2025-06-09T06:30:02.136+0000] {subprocess.py:63} INFO - Tmp dir root location: /tmp
[2025-06-09T06:30:02.137+0000] {subprocess.py:75} INFO - Running command: ['/usr/bin/bash', '-c', 'cd /opt/***/ecom_etl/ && python kafka_scripts/producer.py']
[2025-06-09T06:30:02.145+0000] {subprocess.py:86} INFO - Output:
[2025-06-09T06:30:02.364+0000] {subprocess.py:93} INFO - 🚀 Starting E-Commerce Event Producer
[2025-06-09T06:30:02.365+0000] {subprocess.py:93} INFO - 🔗 Kafka: kafka:29092
[2025-06-09T06:30:02.365+0000] {subprocess.py:93} INFO - 📊 Topics:
[2025-06-09T06:30:02.365+0000] {subprocess.py:93} INFO -    - ecommerce.product.views
[2025-06-09T06:30:02.365+0000] {subprocess.py:93} INFO -    - ecommerce.cart.add
[2025-06-09T06:30:02.365+0000] {subprocess.py:93} INFO -    - ecommerce.wishlist.add
[2025-06-09T06:30:02.365+0000] {subprocess.py:93} INFO -    - ecommerce.orders.completed
[2025-06-09T06:30:02.365+0000] {subprocess.py:93} INFO - 🚀 Initializing Kafka producer with bootstrap servers: kafka:29092
[2025-06-09T06:30:02.392+0000] {subprocess.py:93} INFO - ✅ Successfully connected to Kafka
[2025-06-09T06:30:02.392+0000] {subprocess.py:93} INFO - 
[2025-06-09T06:30:02.392+0000] {subprocess.py:93} INFO - 🔄 Starting e-commerce event simulation...
[2025-06-09T06:30:02.393+0000] {subprocess.py:93} INFO - 🚀 Starting simulation for 20 events at 2 events/second
[2025-06-09T06:30:02.492+0000] {subprocess.py:93} INFO - 🛒 Sent add_to_cart to ecommerce.cart.add - Product: Adidas Sneakers
[2025-06-09T06:30:02.609+0000] {subprocess.py:93} INFO - 💰 Sent order to ecommerce.orders.completed - Order: order_99282
[2025-06-09T06:30:03.114+0000] {subprocess.py:93} INFO - 💰 Sent order to ecommerce.orders.completed - Order: order_89656
[2025-06-09T06:30:03.120+0000] {subprocess.py:93} INFO - ✅ Sent product_view to ecommerce.product.views - Product: MacBook Pro
[2025-06-09T06:30:03.626+0000] {subprocess.py:93} INFO - ✅ Sent product_view to ecommerce.product.views - Product: iPhone 15 Pro
[2025-06-09T06:30:03.630+0000] {subprocess.py:93} INFO - 💰 Sent order to ecommerce.orders.completed - Order: order_41744
[2025-06-09T06:30:04.144+0000] {subprocess.py:93} INFO - ✅ Sent product_view to ecommerce.product.views - Product: Wireless Headphones
[2025-06-09T06:30:04.145+0000] {subprocess.py:93} INFO - 💰 Sent order to ecommerce.orders.completed - Order: order_78370
[2025-06-09T06:30:04.651+0000] {subprocess.py:93} INFO - 💰 Sent order to ecommerce.orders.completed - Order: order_17004
[2025-06-09T06:30:04.652+0000] {subprocess.py:93} INFO - ✅ Sent product_view to ecommerce.product.views - Product: Wireless Headphones
[2025-06-09T06:30:04.653+0000] {subprocess.py:93} INFO - 📊 Progress: 10/20 events in 2.3 seconds
[2025-06-09T06:30:05.182+0000] {subprocess.py:93} INFO - ❤️  Sent wishlist_add to ecommerce.wishlist.add - Product: Coffee Maker
[2025-06-09T06:30:05.190+0000] {subprocess.py:93} INFO - 🛒 Sent add_to_cart to ecommerce.cart.add - Product: Samsung 4K TV
[2025-06-09T06:30:05.684+0000] {subprocess.py:93} INFO - ❤️  Sent wishlist_add to ecommerce.wishlist.add - Product: MacBook Pro
[2025-06-09T06:30:05.685+0000] {subprocess.py:93} INFO - 💰 Sent order to ecommerce.orders.completed - Order: order_24119
[2025-06-09T06:30:06.187+0000] {subprocess.py:93} INFO - 🛒 Sent add_to_cart to ecommerce.cart.add - Product: Adidas Sneakers
[2025-06-09T06:30:06.188+0000] {subprocess.py:93} INFO - ✅ Sent product_view to ecommerce.product.views - Product: iPhone 15 Pro
[2025-06-09T06:30:06.692+0000] {subprocess.py:93} INFO - ✅ Sent product_view to ecommerce.product.views - Product: Wireless Headphones
[2025-06-09T06:30:06.693+0000] {subprocess.py:93} INFO - ✅ Sent product_view to ecommerce.product.views - Product: Coffee Maker
[2025-06-09T06:30:07.197+0000] {subprocess.py:93} INFO - ✅ Sent product_view to ecommerce.product.views - Product: Adidas Sneakers
[2025-06-09T06:30:07.199+0000] {subprocess.py:93} INFO - ✅ Sent product_view to ecommerce.product.views - Product: Coffee Maker
[2025-06-09T06:30:07.199+0000] {subprocess.py:93} INFO - 📊 Progress: 20/20 events in 4.8 seconds
[2025-06-09T06:30:07.203+0000] {subprocess.py:93} INFO - 
[2025-06-09T06:30:07.203+0000] {subprocess.py:93} INFO - 📈 Simulation completed! Generated 20 events in 4.8 seconds
[2025-06-09T06:30:07.265+0000] {subprocess.py:97} INFO - Command exited with return code 0
[2025-06-09T06:30:07.287+0000] {taskinstance.py:1138} INFO - Marking task as SUCCESS. dag_id=kafka_ecommerce_pipeline, task_id=run_kafka_producer, execution_date=20250609T062500, start_date=20250609T063002, end_date=20250609T063007
[2025-06-09T06:30:07.332+0000] {local_task_job_runner.py:234} INFO - Task exited with return code 0
[2025-06-09T06:30:07.361+0000] {taskinstance.py:3280} INFO - 1 downstream tasks scheduled from follow-on schedule check
