[2025-06-09T16:17:46.061+0000] {taskinstance.py:1956} INFO - Dependencies all met for dep_context=non-requeueable deps ti=<TaskInstance: kafka_ecommerce_pipeline.run_kafka_producer scheduled__2025-06-09T16:16:00+00:00 [queued]>
[2025-06-09T16:17:46.070+0000] {taskinstance.py:1956} INFO - Dependencies all met for dep_context=requeueable deps ti=<TaskInstance: kafka_ecommerce_pipeline.run_kafka_producer scheduled__2025-06-09T16:16:00+00:00 [queued]>
[2025-06-09T16:17:46.070+0000] {taskinstance.py:2170} INFO - Starting attempt 1 of 3
[2025-06-09T16:17:46.076+0000] {taskinstance.py:2191} INFO - Executing <Task(BashOperator): run_kafka_producer> on 2025-06-09 16:16:00+00:00
[2025-06-09T16:17:46.078+0000] {standard_task_runner.py:60} INFO - Started process 4167 to run task
[2025-06-09T16:17:46.085+0000] {standard_task_runner.py:87} INFO - Running: ['***', 'tasks', 'run', 'kafka_ecommerce_pipeline', 'run_kafka_producer', 'scheduled__2025-06-09T16:16:00+00:00', '--job-id', '474', '--raw', '--subdir', 'DAGS_FOLDER/kafka_data_pipeline.py', '--cfg-path', '/tmp/tmpaf7tw25b']
[2025-06-09T16:17:46.087+0000] {standard_task_runner.py:88} INFO - Job 474: Subtask run_kafka_producer
[2025-06-09T16:17:46.119+0000] {task_command.py:423} INFO - Running <TaskInstance: kafka_ecommerce_pipeline.run_kafka_producer scheduled__2025-06-09T16:16:00+00:00 [running]> on host ed7c78a1ebb0
[2025-06-09T16:17:46.169+0000] {taskinstance.py:2480} INFO - Exporting env vars: AIRFLOW_CTX_DAG_OWNER='data-engineering-team' AIRFLOW_CTX_DAG_ID='kafka_ecommerce_pipeline' AIRFLOW_CTX_TASK_ID='run_kafka_producer' AIRFLOW_CTX_EXECUTION_DATE='2025-06-09T16:16:00+00:00' AIRFLOW_CTX_TRY_NUMBER='1' AIRFLOW_CTX_DAG_RUN_ID='scheduled__2025-06-09T16:16:00+00:00'
[2025-06-09T16:17:46.170+0000] {subprocess.py:63} INFO - Tmp dir root location: /tmp
[2025-06-09T16:17:46.171+0000] {subprocess.py:75} INFO - Running command: ['/usr/bin/bash', '-c', 'python /app/kafka_scripts/producer.py']
[2025-06-09T16:17:46.178+0000] {subprocess.py:86} INFO - Output:
[2025-06-09T16:18:03.482+0000] {subprocess.py:93} INFO - 🚀 Starting E-Commerce Event Producer
[2025-06-09T16:18:03.489+0000] {subprocess.py:93} INFO - 🔗 Kafka Bootstrap Servers: kafka:29092
[2025-06-09T16:18:03.489+0000] {subprocess.py:93} INFO - 🚀 Initializing Kafka producer with bootstrap servers: kafka:29092
[2025-06-09T16:18:03.490+0000] {subprocess.py:93} INFO - ⚠️ Error creating topics: [Error 36] TopicAlreadyExistsError: Request 'CreateTopicsRequest_v3(create_topic_requests=[(topic='ecommerce.product.views', num_partitions=3, replication_factor=1, replica_assignment=[], configs=[]), (topic='ecommerce.cart.add', num_partitions=3, replication_factor=1, replica_assignment=[], configs=[]), (topic='ecommerce.wishlist.add', num_partitions=3, replication_factor=1, replica_assignment=[], configs=[]), (topic='ecommerce.orders.completed', num_partitions=3, replication_factor=1, replica_assignment=[], configs=[])], timeout=30000, validate_only=False)' failed with response 'CreateTopicsResponse_v3(throttle_time_ms=0, topic_errors=[(topic='ecommerce.product.views', error_code=36, error_message="Topic 'ecommerce.product.views' already exists."), (topic='ecommerce.cart.add', error_code=36, error_message="Topic 'ecommerce.cart.add' already exists."), (topic='ecommerce.wishlist.add', error_code=36, error_message="Topic 'ecommerce.wishlist.add' already exists."), (topic='ecommerce.orders.completed', error_code=36, error_message="Topic 'ecommerce.orders.completed' already exists.")])'.
[2025-06-09T16:18:03.491+0000] {subprocess.py:93} INFO - ✅ Successfully connected to Kafka
[2025-06-09T16:18:03.491+0000] {subprocess.py:93} INFO - 🚀 Starting traffic simulation for 60 seconds at 5 events/second
[2025-06-09T16:18:03.492+0000] {subprocess.py:93} INFO - ✅ Sent to ecommerce.product.views: product_view (partition: 0, offset: 11383)
[2025-06-09T16:18:03.492+0000] {subprocess.py:93} INFO - ✅ Sent to ecommerce.product.views: product_view (partition: 0, offset: 11384)
[2025-06-09T16:18:03.492+0000] {subprocess.py:93} INFO - ✅ Sent to ecommerce.product.views: product_view (partition: 0, offset: 11385)
[2025-06-09T16:18:03.493+0000] {subprocess.py:93} INFO - ✅ Sent to ecommerce.product.views: product_view (partition: 0, offset: 11386)
[2025-06-09T16:18:03.493+0000] {subprocess.py:93} INFO - ✅ Sent to ecommerce.product.views: product_view (partition: 0, offset: 11387)
[2025-06-09T16:18:03.493+0000] {subprocess.py:93} INFO - ✅ Sent to ecommerce.product.views: product_view (partition: 0, offset: 11388)
[2025-06-09T16:18:03.494+0000] {subprocess.py:93} INFO - ✅ Sent to ecommerce.product.views: product_view (partition: 0, offset: 11389)
[2025-06-09T16:18:03.494+0000] {subprocess.py:93} INFO - ✅ Sent to ecommerce.product.views: product_view (partition: 0, offset: 11390)
[2025-06-09T16:18:03.494+0000] {subprocess.py:93} INFO - ✅ Sent to ecommerce.product.views: product_view (partition: 0, offset: 11391)
[2025-06-09T16:18:03.494+0000] {subprocess.py:93} INFO - ✅ Sent to ecommerce.wishlist.add: add_to_wishlist (partition: 0, offset: 1255)
[2025-06-09T16:18:03.495+0000] {subprocess.py:93} INFO - ✅ Sent to ecommerce.product.views: product_view (partition: 0, offset: 11392)
[2025-06-09T16:18:03.495+0000] {subprocess.py:93} INFO - ✅ Sent to ecommerce.product.views: product_view (partition: 0, offset: 11393)
[2025-06-09T16:18:03.495+0000] {subprocess.py:93} INFO - ✅ Sent to ecommerce.product.views: product_view (partition: 0, offset: 11394)
[2025-06-09T16:18:03.495+0000] {subprocess.py:93} INFO - ✅ Sent to ecommerce.cart.add: add_to_cart (partition: 0, offset: 3264)
[2025-06-09T16:18:03.496+0000] {subprocess.py:93} INFO - ✅ Sent to ecommerce.product.views: product_view (partition: 0, offset: 11395)
[2025-06-09T16:18:03.496+0000] {subprocess.py:93} INFO - ✅ Sent to ecommerce.cart.add: add_to_cart (partition: 0, offset: 3265)
[2025-06-09T16:18:03.496+0000] {subprocess.py:93} INFO - ✅ Sent to ecommerce.product.views: product_view (partition: 0, offset: 11396)
[2025-06-09T16:18:03.496+0000] {subprocess.py:93} INFO - ✅ Sent to ecommerce.product.views: product_view (partition: 0, offset: 11397)
[2025-06-09T16:18:03.496+0000] {subprocess.py:93} INFO - ✅ Sent to ecommerce.wishlist.add: add_to_wishlist (partition: 0, offset: 1256)
[2025-06-09T16:18:03.497+0000] {subprocess.py:93} INFO - ✅ Sent to ecommerce.product.views: product_view (partition: 0, offset: 11398)
[2025-06-09T16:18:03.497+0000] {subprocess.py:93} INFO - ✅ Sent to ecommerce.product.views: product_view (partition: 0, offset: 11399)
[2025-06-09T16:18:03.497+0000] {subprocess.py:93} INFO - ✅ Sent to ecommerce.product.views: product_view (partition: 0, offset: 11400)
[2025-06-09T16:18:03.498+0000] {subprocess.py:93} INFO - ✅ Sent to ecommerce.product.views: product_view (partition: 0, offset: 11401)
[2025-06-09T16:18:03.498+0000] {subprocess.py:93} INFO - ✅ Sent to ecommerce.product.views: product_view (partition: 0, offset: 11402)
[2025-06-09T16:18:03.498+0000] {subprocess.py:93} INFO - ✅ Sent to ecommerce.cart.add: add_to_cart (partition: 0, offset: 3266)
[2025-06-09T16:18:03.498+0000] {subprocess.py:93} INFO - ✅ Sent to ecommerce.product.views: product_view (partition: 0, offset: 11403)
[2025-06-09T16:18:03.499+0000] {subprocess.py:93} INFO - ✅ Sent to ecommerce.product.views: product_view (partition: 0, offset: 11404)
[2025-06-09T16:18:03.499+0000] {subprocess.py:93} INFO - ✅ Sent to ecommerce.orders.completed: order_completed (partition: 0, offset: 298)
[2025-06-09T16:18:03.499+0000] {subprocess.py:93} INFO - ✅ Sent to ecommerce.wishlist.add: add_to_wishlist (partition: 0, offset: 1257)
[2025-06-09T16:18:03.500+0000] {subprocess.py:93} INFO - ✅ Sent to ecommerce.product.views: product_view (partition: 0, offset: 11405)
[2025-06-09T16:18:03.500+0000] {subprocess.py:93} INFO - ✅ Sent to ecommerce.orders.completed: order_completed (partition: 0, offset: 299)
[2025-06-09T16:18:03.500+0000] {subprocess.py:93} INFO - ✅ Sent to ecommerce.orders.completed: order_completed (partition: 0, offset: 300)
[2025-06-09T16:18:03.500+0000] {subprocess.py:93} INFO - ✅ Sent to ecommerce.product.views: product_view (partition: 0, offset: 11406)
[2025-06-09T16:18:03.501+0000] {subprocess.py:93} INFO - ✅ Sent to ecommerce.cart.add: add_to_cart (partition: 0, offset: 3267)
[2025-06-09T16:18:03.501+0000] {subprocess.py:93} INFO - ✅ Sent to ecommerce.orders.completed: order_completed (partition: 0, offset: 301)
[2025-06-09T16:18:03.501+0000] {subprocess.py:93} INFO - ✅ Sent to ecommerce.product.views: product_view (partition: 0, offset: 11407)
[2025-06-09T16:18:03.502+0000] {subprocess.py:93} INFO - ✅ Sent to ecommerce.product.views: product_view (partition: 0, offset: 11408)
[2025-06-09T16:18:03.502+0000] {subprocess.py:93} INFO - ✅ Sent to ecommerce.product.views: product_view (partition: 0, offset: 11409)
[2025-06-09T16:18:03.502+0000] {subprocess.py:93} INFO - ✅ Sent to ecommerce.wishlist.add: add_to_wishlist (partition: 0, offset: 1258)
[2025-06-09T16:18:03.503+0000] {subprocess.py:93} INFO - ✅ Sent to ecommerce.product.views: product_view (partition: 0, offset: 11410)
[2025-06-09T16:18:03.503+0000] {subprocess.py:93} INFO - ✅ Sent to ecommerce.cart.add: add_to_cart (partition: 0, offset: 3268)
[2025-06-09T16:18:03.503+0000] {subprocess.py:93} INFO - ✅ Sent to ecommerce.product.views: product_view (partition: 0, offset: 11411)
[2025-06-09T16:18:03.504+0000] {subprocess.py:93} INFO - ✅ Sent to ecommerce.product.views: product_view (partition: 0, offset: 11412)
[2025-06-09T16:18:03.504+0000] {subprocess.py:93} INFO - ✅ Sent to ecommerce.cart.add: add_to_cart (partition: 0, offset: 3269)
[2025-06-09T16:18:03.504+0000] {subprocess.py:93} INFO - ✅ Sent to ecommerce.product.views: product_view (partition: 0, offset: 11413)
[2025-06-09T16:18:03.504+0000] {subprocess.py:93} INFO - ✅ Sent to ecommerce.product.views: product_view (partition: 0, offset: 11414)
[2025-06-09T16:18:03.504+0000] {subprocess.py:93} INFO - ✅ Sent to ecommerce.cart.add: add_to_cart (partition: 0, offset: 3270)
[2025-06-09T16:18:03.505+0000] {subprocess.py:93} INFO - ✅ Sent to ecommerce.product.views: product_view (partition: 0, offset: 11415)
[2025-06-09T16:18:03.505+0000] {subprocess.py:93} INFO - ✅ Sent to ecommerce.product.views: product_view (partition: 0, offset: 11416)
[2025-06-09T16:18:03.505+0000] {subprocess.py:93} INFO - ✅ Sent to ecommerce.product.views: product_view (partition: 0, offset: 11417)
[2025-06-09T16:18:03.505+0000] {subprocess.py:93} INFO - 📊 Progress: 10s elapsed, 50 events sent (5.0 events/sec)
[2025-06-09T16:18:03.506+0000] {subprocess.py:93} INFO - ✅ Sent to ecommerce.wishlist.add: add_to_wishlist (partition: 0, offset: 1259)
[2025-06-09T16:18:03.506+0000] {subprocess.py:93} INFO - ✅ Sent to ecommerce.cart.add: add_to_cart (partition: 0, offset: 3271)
[2025-06-09T16:18:03.506+0000] {subprocess.py:93} INFO - ✅ Sent to ecommerce.product.views: product_view (partition: 0, offset: 11418)
[2025-06-09T16:18:03.506+0000] {subprocess.py:93} INFO - ✅ Sent to ecommerce.product.views: product_view (partition: 0, offset: 11419)
[2025-06-09T16:18:03.506+0000] {subprocess.py:93} INFO - ✅ Sent to ecommerce.product.views: product_view (partition: 0, offset: 11420)
[2025-06-09T16:18:03.507+0000] {subprocess.py:93} INFO - ✅ Sent to ecommerce.product.views: product_view (partition: 0, offset: 11421)
[2025-06-09T16:18:03.507+0000] {subprocess.py:93} INFO - ✅ Sent to ecommerce.product.views: product_view (partition: 0, offset: 11422)
[2025-06-09T16:18:03.507+0000] {subprocess.py:93} INFO - ✅ Sent to ecommerce.cart.add: add_to_cart (partition: 0, offset: 3272)
[2025-06-09T16:18:03.507+0000] {subprocess.py:93} INFO - ✅ Sent to ecommerce.orders.completed: order_completed (partition: 0, offset: 302)
[2025-06-09T16:18:03.507+0000] {subprocess.py:93} INFO - ✅ Sent to ecommerce.product.views: product_view (partition: 0, offset: 11423)
[2025-06-09T16:18:03.508+0000] {subprocess.py:93} INFO - ✅ Sent to ecommerce.product.views: product_view (partition: 0, offset: 11424)
[2025-06-09T16:18:03.508+0000] {subprocess.py:93} INFO - ✅ Sent to ecommerce.cart.add: add_to_cart (partition: 0, offset: 3273)
[2025-06-09T16:18:03.508+0000] {subprocess.py:93} INFO - ✅ Sent to ecommerce.product.views: product_view (partition: 0, offset: 11425)
[2025-06-09T16:18:03.508+0000] {subprocess.py:93} INFO - ✅ Sent to ecommerce.product.views: product_view (partition: 0, offset: 11426)
[2025-06-09T16:18:03.509+0000] {subprocess.py:93} INFO - ✅ Sent to ecommerce.product.views: product_view (partition: 0, offset: 11427)
[2025-06-09T16:18:03.509+0000] {subprocess.py:93} INFO - ✅ Sent to ecommerce.product.views: product_view (partition: 0, offset: 11428)
[2025-06-09T16:18:03.509+0000] {subprocess.py:93} INFO - ✅ Sent to ecommerce.product.views: product_view (partition: 0, offset: 11429)
[2025-06-09T16:18:03.509+0000] {subprocess.py:93} INFO - ✅ Sent to ecommerce.cart.add: add_to_cart (partition: 0, offset: 3274)
[2025-06-09T16:18:03.509+0000] {subprocess.py:93} INFO - ✅ Sent to ecommerce.wishlist.add: add_to_wishlist (partition: 0, offset: 1260)
[2025-06-09T16:18:03.510+0000] {subprocess.py:93} INFO - ✅ Sent to ecommerce.product.views: product_view (partition: 0, offset: 11430)
[2025-06-09T16:18:03.510+0000] {subprocess.py:93} INFO - ✅ Sent to ecommerce.product.views: product_view (partition: 0, offset: 11431)
[2025-06-09T16:18:03.510+0000] {subprocess.py:93} INFO - ✅ Sent to ecommerce.product.views: product_view (partition: 0, offset: 11432)
[2025-06-09T16:18:03.510+0000] {subprocess.py:93} INFO - ✅ Sent to ecommerce.product.views: product_view (partition: 0, offset: 11433)
[2025-06-09T16:18:03.510+0000] {subprocess.py:93} INFO - ✅ Sent to ecommerce.product.views: product_view (partition: 0, offset: 11434)
[2025-06-09T16:18:03.511+0000] {subprocess.py:93} INFO - ✅ Sent to ecommerce.cart.add: add_to_cart (partition: 0, offset: 3275)
[2025-06-09T16:18:03.511+0000] {subprocess.py:93} INFO - ✅ Sent to ecommerce.product.views: product_view (partition: 0, offset: 11435)
[2025-06-09T16:18:03.511+0000] {subprocess.py:93} INFO - ✅ Sent to ecommerce.cart.add: add_to_cart (partition: 0, offset: 3276)
[2025-06-09T16:18:03.511+0000] {subprocess.py:93} INFO - ✅ Sent to ecommerce.product.views: product_view (partition: 0, offset: 11436)
[2025-06-09T16:18:03.511+0000] {subprocess.py:93} INFO - ✅ Sent to ecommerce.product.views: product_view (partition: 0, offset: 11437)
[2025-06-09T16:18:03.512+0000] {subprocess.py:93} INFO - ✅ Sent to ecommerce.cart.add: add_to_cart (partition: 0, offset: 3277)
[2025-06-09T16:18:03.512+0000] {subprocess.py:93} INFO - ✅ Sent to ecommerce.product.views: product_view (partition: 0, offset: 11438)
[2025-06-09T16:18:03.512+0000] {subprocess.py:93} INFO - ✅ Sent to ecommerce.product.views: product_view (partition: 0, offset: 11439)
[2025-06-09T16:18:03.512+0000] {subprocess.py:93} INFO - ✅ Sent to ecommerce.product.views: product_view (partition: 0, offset: 11440)
[2025-06-09T16:18:03.513+0000] {subprocess.py:93} INFO - ✅ Sent to ecommerce.product.views: product_view (partition: 0, offset: 11441)
[2025-06-09T16:18:03.513+0000] {subprocess.py:93} INFO - ✅ Sent to ecommerce.product.views: product_view (partition: 0, offset: 11442)
[2025-06-09T16:18:23.546+0000] {subprocess.py:93} INFO - ✅ Sent to ecommerce.product.views: product_view (partition: 0, offset: 11443)
[2025-06-09T16:18:23.552+0000] {subprocess.py:93} INFO - ✅ Sent to ecommerce.product.views: product_view (partition: 0, offset: 11444)
[2025-06-09T16:18:23.553+0000] {subprocess.py:93} INFO - ✅ Sent to ecommerce.cart.add: add_to_cart (partition: 0, offset: 3278)
[2025-06-09T16:18:23.553+0000] {subprocess.py:93} INFO - ✅ Sent to ecommerce.product.views: product_view (partition: 0, offset: 11445)
[2025-06-09T16:18:23.553+0000] {subprocess.py:93} INFO - ✅ Sent to ecommerce.product.views: product_view (partition: 0, offset: 11446)
[2025-06-09T16:18:23.554+0000] {subprocess.py:93} INFO - ✅ Sent to ecommerce.product.views: product_view (partition: 0, offset: 11447)
[2025-06-09T16:18:23.554+0000] {subprocess.py:93} INFO - ✅ Sent to ecommerce.product.views: product_view (partition: 0, offset: 11448)
[2025-06-09T16:18:23.554+0000] {subprocess.py:93} INFO - ✅ Sent to ecommerce.product.views: product_view (partition: 0, offset: 11449)
[2025-06-09T16:18:23.555+0000] {subprocess.py:93} INFO - ✅ Sent to ecommerce.product.views: product_view (partition: 0, offset: 11450)
[2025-06-09T16:18:23.555+0000] {subprocess.py:93} INFO - ✅ Sent to ecommerce.product.views: product_view (partition: 0, offset: 11451)
[2025-06-09T16:18:23.555+0000] {subprocess.py:93} INFO - ✅ Sent to ecommerce.product.views: product_view (partition: 0, offset: 11452)
[2025-06-09T16:18:23.556+0000] {subprocess.py:93} INFO - ✅ Sent to ecommerce.orders.completed: order_completed (partition: 0, offset: 303)
[2025-06-09T16:18:23.556+0000] {subprocess.py:93} INFO - ✅ Sent to ecommerce.product.views: product_view (partition: 0, offset: 11453)
[2025-06-09T16:18:23.556+0000] {subprocess.py:93} INFO - ✅ Sent to ecommerce.product.views: product_view (partition: 0, offset: 11454)
[2025-06-09T16:18:23.557+0000] {subprocess.py:93} INFO - ✅ Sent to ecommerce.product.views: product_view (partition: 0, offset: 11455)
[2025-06-09T16:18:23.557+0000] {subprocess.py:93} INFO - 📊 Progress: 20s elapsed, 100 events sent (5.0 events/sec)
[2025-06-09T16:18:23.557+0000] {subprocess.py:93} INFO - ✅ Sent to ecommerce.cart.add: add_to_cart (partition: 0, offset: 3279)
[2025-06-09T16:18:23.557+0000] {subprocess.py:93} INFO - ✅ Sent to ecommerce.product.views: product_view (partition: 0, offset: 11456)
[2025-06-09T16:18:23.558+0000] {subprocess.py:93} INFO - ✅ Sent to ecommerce.product.views: product_view (partition: 0, offset: 11457)
[2025-06-09T16:18:23.558+0000] {subprocess.py:93} INFO - ✅ Sent to ecommerce.wishlist.add: add_to_wishlist (partition: 0, offset: 1261)
[2025-06-09T16:18:23.558+0000] {subprocess.py:93} INFO - ✅ Sent to ecommerce.product.views: product_view (partition: 0, offset: 11458)
[2025-06-09T16:18:23.558+0000] {subprocess.py:93} INFO - ✅ Sent to ecommerce.wishlist.add: add_to_wishlist (partition: 0, offset: 1262)
[2025-06-09T16:18:23.559+0000] {subprocess.py:93} INFO - ✅ Sent to ecommerce.product.views: product_view (partition: 0, offset: 11459)
[2025-06-09T16:18:23.559+0000] {subprocess.py:93} INFO - ✅ Sent to ecommerce.cart.add: add_to_cart (partition: 0, offset: 3280)
[2025-06-09T16:18:23.559+0000] {subprocess.py:93} INFO - ✅ Sent to ecommerce.product.views: product_view (partition: 0, offset: 11460)
[2025-06-09T16:18:23.560+0000] {subprocess.py:93} INFO - ✅ Sent to ecommerce.product.views: product_view (partition: 0, offset: 11461)
[2025-06-09T16:18:23.560+0000] {subprocess.py:93} INFO - ✅ Sent to ecommerce.cart.add: add_to_cart (partition: 0, offset: 3281)
[2025-06-09T16:18:23.560+0000] {subprocess.py:93} INFO - ✅ Sent to ecommerce.product.views: product_view (partition: 0, offset: 11462)
[2025-06-09T16:18:23.560+0000] {subprocess.py:93} INFO - ✅ Sent to ecommerce.product.views: product_view (partition: 0, offset: 11463)
[2025-06-09T16:18:23.561+0000] {subprocess.py:93} INFO - ✅ Sent to ecommerce.product.views: product_view (partition: 0, offset: 11464)
[2025-06-09T16:18:23.561+0000] {subprocess.py:93} INFO - ✅ Sent to ecommerce.cart.add: add_to_cart (partition: 0, offset: 3282)
[2025-06-09T16:18:23.561+0000] {subprocess.py:93} INFO - ✅ Sent to ecommerce.product.views: product_view (partition: 0, offset: 11465)
[2025-06-09T16:18:23.561+0000] {subprocess.py:93} INFO - ✅ Sent to ecommerce.wishlist.add: add_to_wishlist (partition: 0, offset: 1263)
[2025-06-09T16:18:23.561+0000] {subprocess.py:93} INFO - ✅ Sent to ecommerce.product.views: product_view (partition: 0, offset: 11466)
[2025-06-09T16:18:23.562+0000] {subprocess.py:93} INFO - ✅ Sent to ecommerce.cart.add: add_to_cart (partition: 0, offset: 3283)
[2025-06-09T16:18:23.562+0000] {subprocess.py:93} INFO - ✅ Sent to ecommerce.product.views: product_view (partition: 0, offset: 11467)
[2025-06-09T16:18:23.562+0000] {subprocess.py:93} INFO - ✅ Sent to ecommerce.product.views: product_view (partition: 0, offset: 11468)
[2025-06-09T16:18:23.562+0000] {subprocess.py:93} INFO - ✅ Sent to ecommerce.product.views: product_view (partition: 0, offset: 11469)
[2025-06-09T16:18:23.563+0000] {subprocess.py:93} INFO - ✅ Sent to ecommerce.product.views: product_view (partition: 0, offset: 11470)
[2025-06-09T16:18:23.563+0000] {subprocess.py:93} INFO - ✅ Sent to ecommerce.cart.add: add_to_cart (partition: 0, offset: 3284)
[2025-06-09T16:18:23.563+0000] {subprocess.py:93} INFO - ✅ Sent to ecommerce.cart.add: add_to_cart (partition: 0, offset: 3285)
[2025-06-09T16:18:23.563+0000] {subprocess.py:93} INFO - ✅ Sent to ecommerce.product.views: product_view (partition: 0, offset: 11471)
[2025-06-09T16:18:23.563+0000] {subprocess.py:93} INFO - ✅ Sent to ecommerce.product.views: product_view (partition: 0, offset: 11472)
[2025-06-09T16:18:23.564+0000] {subprocess.py:93} INFO - ✅ Sent to ecommerce.product.views: product_view (partition: 0, offset: 11473)
[2025-06-09T16:18:23.564+0000] {subprocess.py:93} INFO - ✅ Sent to ecommerce.product.views: product_view (partition: 0, offset: 11474)
[2025-06-09T16:18:23.564+0000] {subprocess.py:93} INFO - ✅ Sent to ecommerce.product.views: product_view (partition: 0, offset: 11475)
[2025-06-09T16:18:23.564+0000] {subprocess.py:93} INFO - ✅ Sent to ecommerce.product.views: product_view (partition: 0, offset: 11476)
[2025-06-09T16:18:23.564+0000] {subprocess.py:93} INFO - ✅ Sent to ecommerce.product.views: product_view (partition: 0, offset: 11477)
[2025-06-09T16:18:23.565+0000] {subprocess.py:93} INFO - ✅ Sent to ecommerce.product.views: product_view (partition: 0, offset: 11478)
[2025-06-09T16:18:23.565+0000] {subprocess.py:93} INFO - ✅ Sent to ecommerce.wishlist.add: add_to_wishlist (partition: 0, offset: 1264)
[2025-06-09T16:18:23.565+0000] {subprocess.py:93} INFO - ✅ Sent to ecommerce.product.views: product_view (partition: 0, offset: 11479)
[2025-06-09T16:18:23.565+0000] {subprocess.py:93} INFO - ✅ Sent to ecommerce.wishlist.add: add_to_wishlist (partition: 0, offset: 1265)
[2025-06-09T16:18:23.566+0000] {subprocess.py:93} INFO - ✅ Sent to ecommerce.product.views: product_view (partition: 0, offset: 11480)
[2025-06-09T16:18:23.566+0000] {subprocess.py:93} INFO - ✅ Sent to ecommerce.cart.add: add_to_cart (partition: 0, offset: 3286)
[2025-06-09T16:18:23.566+0000] {subprocess.py:93} INFO - ✅ Sent to ecommerce.product.views: product_view (partition: 0, offset: 11481)
[2025-06-09T16:18:23.566+0000] {subprocess.py:93} INFO - ✅ Sent to ecommerce.product.views: product_view (partition: 0, offset: 11482)
[2025-06-09T16:18:23.566+0000] {subprocess.py:93} INFO - ✅ Sent to ecommerce.product.views: product_view (partition: 0, offset: 11483)
[2025-06-09T16:18:23.567+0000] {subprocess.py:93} INFO - ✅ Sent to ecommerce.cart.add: add_to_cart (partition: 0, offset: 3287)
[2025-06-09T16:18:23.567+0000] {subprocess.py:93} INFO - ✅ Sent to ecommerce.product.views: product_view (partition: 0, offset: 11484)
[2025-06-09T16:18:23.567+0000] {subprocess.py:93} INFO - ✅ Sent to ecommerce.cart.add: add_to_cart (partition: 0, offset: 3288)
[2025-06-09T16:18:23.567+0000] {subprocess.py:93} INFO - ✅ Sent to ecommerce.product.views: product_view (partition: 0, offset: 11485)
[2025-06-09T16:18:23.567+0000] {subprocess.py:93} INFO - ✅ Sent to ecommerce.product.views: product_view (partition: 0, offset: 11486)
[2025-06-09T16:18:23.568+0000] {subprocess.py:93} INFO - ✅ Sent to ecommerce.product.views: product_view (partition: 0, offset: 11487)
[2025-06-09T16:18:23.568+0000] {subprocess.py:93} INFO - ✅ Sent to ecommerce.product.views: product_view (partition: 0, offset: 11488)
[2025-06-09T16:18:23.568+0000] {subprocess.py:93} INFO - ✅ Sent to ecommerce.product.views: product_view (partition: 0, offset: 11489)
[2025-06-09T16:18:23.568+0000] {subprocess.py:93} INFO - ✅ Sent to ecommerce.product.views: product_view (partition: 0, offset: 11490)
[2025-06-09T16:18:23.569+0000] {subprocess.py:93} INFO - 📊 Progress: 30s elapsed, 150 events sent (5.0 events/sec)
[2025-06-09T16:18:23.569+0000] {subprocess.py:93} INFO - ✅ Sent to ecommerce.product.views: product_view (partition: 0, offset: 11491)
[2025-06-09T16:18:23.569+0000] {subprocess.py:93} INFO - ✅ Sent to ecommerce.product.views: product_view (partition: 0, offset: 11492)
[2025-06-09T16:18:23.569+0000] {subprocess.py:93} INFO - ✅ Sent to ecommerce.product.views: product_view (partition: 0, offset: 11493)
[2025-06-09T16:18:23.570+0000] {subprocess.py:93} INFO - ✅ Sent to ecommerce.cart.add: add_to_cart (partition: 0, offset: 3289)
[2025-06-09T16:18:23.570+0000] {subprocess.py:93} INFO - ✅ Sent to ecommerce.product.views: product_view (partition: 0, offset: 11494)
[2025-06-09T16:18:23.570+0000] {subprocess.py:93} INFO - ✅ Sent to ecommerce.cart.add: add_to_cart (partition: 0, offset: 3290)
[2025-06-09T16:18:23.570+0000] {subprocess.py:93} INFO - ✅ Sent to ecommerce.cart.add: add_to_cart (partition: 0, offset: 3291)
[2025-06-09T16:18:23.570+0000] {subprocess.py:93} INFO - ✅ Sent to ecommerce.cart.add: add_to_cart (partition: 0, offset: 3292)
[2025-06-09T16:18:23.571+0000] {subprocess.py:93} INFO - ✅ Sent to ecommerce.cart.add: add_to_cart (partition: 0, offset: 3293)
[2025-06-09T16:18:23.571+0000] {subprocess.py:93} INFO - ✅ Sent to ecommerce.product.views: product_view (partition: 0, offset: 11495)
[2025-06-09T16:18:23.571+0000] {subprocess.py:93} INFO - ✅ Sent to ecommerce.orders.completed: order_completed (partition: 0, offset: 304)
[2025-06-09T16:18:23.571+0000] {subprocess.py:93} INFO - ✅ Sent to ecommerce.product.views: product_view (partition: 0, offset: 11496)
[2025-06-09T16:18:23.571+0000] {subprocess.py:93} INFO - ✅ Sent to ecommerce.product.views: product_view (partition: 0, offset: 11497)
[2025-06-09T16:18:23.572+0000] {subprocess.py:93} INFO - ✅ Sent to ecommerce.wishlist.add: add_to_wishlist (partition: 0, offset: 1266)
[2025-06-09T16:18:23.572+0000] {subprocess.py:93} INFO - ✅ Sent to ecommerce.product.views: product_view (partition: 0, offset: 11498)
[2025-06-09T16:18:23.572+0000] {subprocess.py:93} INFO - ✅ Sent to ecommerce.product.views: product_view (partition: 0, offset: 11499)
[2025-06-09T16:18:23.572+0000] {subprocess.py:93} INFO - ✅ Sent to ecommerce.product.views: product_view (partition: 0, offset: 11500)
[2025-06-09T16:18:23.572+0000] {subprocess.py:93} INFO - ✅ Sent to ecommerce.product.views: product_view (partition: 0, offset: 11501)
[2025-06-09T16:18:23.572+0000] {subprocess.py:93} INFO - ✅ Sent to ecommerce.product.views: product_view (partition: 0, offset: 11502)
[2025-06-09T16:18:23.573+0000] {subprocess.py:93} INFO - ✅ Sent to ecommerce.cart.add: add_to_cart (partition: 0, offset: 3294)
[2025-06-09T16:18:23.573+0000] {subprocess.py:93} INFO - ✅ Sent to ecommerce.product.views: product_view (partition: 0, offset: 11503)
[2025-06-09T16:18:23.573+0000] {subprocess.py:93} INFO - ✅ Sent to ecommerce.product.views: product_view (partition: 0, offset: 11504)
[2025-06-09T16:18:23.573+0000] {subprocess.py:93} INFO - ✅ Sent to ecommerce.product.views: product_view (partition: 0, offset: 11505)
[2025-06-09T16:18:23.573+0000] {subprocess.py:93} INFO - ✅ Sent to ecommerce.cart.add: add_to_cart (partition: 0, offset: 3295)
[2025-06-09T16:18:23.574+0000] {subprocess.py:93} INFO - ✅ Sent to ecommerce.wishlist.add: add_to_wishlist (partition: 0, offset: 1267)
[2025-06-09T16:18:23.574+0000] {subprocess.py:93} INFO - ✅ Sent to ecommerce.cart.add: add_to_cart (partition: 0, offset: 3296)
[2025-06-09T16:18:23.574+0000] {subprocess.py:93} INFO - ✅ Sent to ecommerce.orders.completed: order_completed (partition: 0, offset: 305)
[2025-06-09T16:18:23.574+0000] {subprocess.py:93} INFO - ✅ Sent to ecommerce.product.views: product_view (partition: 0, offset: 11506)
[2025-06-09T16:18:23.574+0000] {subprocess.py:93} INFO - ✅ Sent to ecommerce.product.views: product_view (partition: 0, offset: 11507)
[2025-06-09T16:18:23.575+0000] {subprocess.py:93} INFO - ✅ Sent to ecommerce.product.views: product_view (partition: 0, offset: 11508)
[2025-06-09T16:18:23.575+0000] {subprocess.py:93} INFO - ✅ Sent to ecommerce.product.views: product_view (partition: 0, offset: 11509)
[2025-06-09T16:18:23.575+0000] {subprocess.py:93} INFO - ✅ Sent to ecommerce.cart.add: add_to_cart (partition: 0, offset: 3297)
[2025-06-09T16:18:23.575+0000] {subprocess.py:93} INFO - ✅ Sent to ecommerce.cart.add: add_to_cart (partition: 0, offset: 3298)
[2025-06-09T16:18:23.575+0000] {subprocess.py:93} INFO - ✅ Sent to ecommerce.product.views: product_view (partition: 0, offset: 11510)
[2025-06-09T16:18:23.576+0000] {subprocess.py:93} INFO - ✅ Sent to ecommerce.cart.add: add_to_cart (partition: 0, offset: 3299)
[2025-06-09T16:18:23.576+0000] {subprocess.py:93} INFO - ✅ Sent to ecommerce.product.views: product_view (partition: 0, offset: 11511)
[2025-06-09T16:18:23.576+0000] {subprocess.py:93} INFO - ✅ Sent to ecommerce.wishlist.add: add_to_wishlist (partition: 0, offset: 1268)
[2025-06-09T16:18:43.591+0000] {subprocess.py:93} INFO - ✅ Sent to ecommerce.product.views: product_view (partition: 0, offset: 11512)
[2025-06-09T16:18:43.597+0000] {subprocess.py:93} INFO - ✅ Sent to ecommerce.product.views: product_view (partition: 0, offset: 11513)
[2025-06-09T16:18:43.598+0000] {subprocess.py:93} INFO - ✅ Sent to ecommerce.product.views: product_view (partition: 0, offset: 11514)
[2025-06-09T16:18:43.598+0000] {subprocess.py:93} INFO - ✅ Sent to ecommerce.product.views: product_view (partition: 0, offset: 11515)
[2025-06-09T16:18:43.599+0000] {subprocess.py:93} INFO - ✅ Sent to ecommerce.product.views: product_view (partition: 0, offset: 11516)
[2025-06-09T16:18:43.599+0000] {subprocess.py:93} INFO - ✅ Sent to ecommerce.product.views: product_view (partition: 0, offset: 11517)
[2025-06-09T16:18:43.599+0000] {subprocess.py:93} INFO - ✅ Sent to ecommerce.cart.add: add_to_cart (partition: 0, offset: 3300)
[2025-06-09T16:18:43.599+0000] {subprocess.py:93} INFO - ✅ Sent to ecommerce.product.views: product_view (partition: 0, offset: 11518)
[2025-06-09T16:18:43.600+0000] {subprocess.py:93} INFO - ✅ Sent to ecommerce.product.views: product_view (partition: 0, offset: 11519)
[2025-06-09T16:18:43.600+0000] {subprocess.py:93} INFO - ✅ Sent to ecommerce.product.views: product_view (partition: 0, offset: 11520)
[2025-06-09T16:18:43.600+0000] {subprocess.py:93} INFO - ✅ Sent to ecommerce.product.views: product_view (partition: 0, offset: 11521)
[2025-06-09T16:18:43.601+0000] {subprocess.py:93} INFO - ✅ Sent to ecommerce.product.views: product_view (partition: 0, offset: 11522)
[2025-06-09T16:18:43.601+0000] {subprocess.py:93} INFO - ✅ Sent to ecommerce.product.views: product_view (partition: 0, offset: 11523)
[2025-06-09T16:18:43.601+0000] {subprocess.py:93} INFO - 📊 Progress: 40s elapsed, 200 events sent (5.0 events/sec)
[2025-06-09T16:18:43.601+0000] {subprocess.py:93} INFO - ✅ Sent to ecommerce.cart.add: add_to_cart (partition: 0, offset: 3301)
[2025-06-09T16:18:43.602+0000] {subprocess.py:93} INFO - ✅ Sent to ecommerce.orders.completed: order_completed (partition: 0, offset: 306)
[2025-06-09T16:18:43.602+0000] {subprocess.py:93} INFO - ✅ Sent to ecommerce.product.views: product_view (partition: 0, offset: 11524)
[2025-06-09T16:18:43.602+0000] {subprocess.py:93} INFO - ✅ Sent to ecommerce.wishlist.add: add_to_wishlist (partition: 0, offset: 1269)
[2025-06-09T16:18:43.603+0000] {subprocess.py:93} INFO - ✅ Sent to ecommerce.orders.completed: order_completed (partition: 0, offset: 307)
[2025-06-09T16:18:43.603+0000] {subprocess.py:93} INFO - ✅ Sent to ecommerce.product.views: product_view (partition: 0, offset: 11525)
[2025-06-09T16:18:43.603+0000] {subprocess.py:93} INFO - ✅ Sent to ecommerce.cart.add: add_to_cart (partition: 0, offset: 3302)
[2025-06-09T16:18:43.603+0000] {subprocess.py:93} INFO - ✅ Sent to ecommerce.product.views: product_view (partition: 0, offset: 11526)
[2025-06-09T16:18:43.603+0000] {subprocess.py:93} INFO - ✅ Sent to ecommerce.product.views: product_view (partition: 0, offset: 11527)
[2025-06-09T16:18:43.604+0000] {subprocess.py:93} INFO - ✅ Sent to ecommerce.cart.add: add_to_cart (partition: 0, offset: 3303)
[2025-06-09T16:18:43.604+0000] {subprocess.py:93} INFO - ✅ Sent to ecommerce.product.views: product_view (partition: 0, offset: 11528)
[2025-06-09T16:18:43.604+0000] {subprocess.py:93} INFO - ✅ Sent to ecommerce.cart.add: add_to_cart (partition: 0, offset: 3304)
[2025-06-09T16:18:43.604+0000] {subprocess.py:93} INFO - ✅ Sent to ecommerce.product.views: product_view (partition: 0, offset: 11529)
[2025-06-09T16:18:43.605+0000] {subprocess.py:93} INFO - ✅ Sent to ecommerce.product.views: product_view (partition: 0, offset: 11530)
[2025-06-09T16:18:43.605+0000] {subprocess.py:93} INFO - ✅ Sent to ecommerce.product.views: product_view (partition: 0, offset: 11531)
[2025-06-09T16:18:43.605+0000] {subprocess.py:93} INFO - ✅ Sent to ecommerce.product.views: product_view (partition: 0, offset: 11532)
[2025-06-09T16:18:43.605+0000] {subprocess.py:93} INFO - ✅ Sent to ecommerce.product.views: product_view (partition: 0, offset: 11533)
[2025-06-09T16:18:43.605+0000] {subprocess.py:93} INFO - ✅ Sent to ecommerce.product.views: product_view (partition: 0, offset: 11534)
[2025-06-09T16:18:43.606+0000] {subprocess.py:93} INFO - ✅ Sent to ecommerce.product.views: product_view (partition: 0, offset: 11535)
[2025-06-09T16:18:43.606+0000] {subprocess.py:93} INFO - ✅ Sent to ecommerce.wishlist.add: add_to_wishlist (partition: 0, offset: 1270)
[2025-06-09T16:18:43.606+0000] {subprocess.py:93} INFO - ✅ Sent to ecommerce.wishlist.add: add_to_wishlist (partition: 0, offset: 1271)
[2025-06-09T16:18:43.606+0000] {subprocess.py:93} INFO - ✅ Sent to ecommerce.cart.add: add_to_cart (partition: 0, offset: 3305)
[2025-06-09T16:18:43.606+0000] {subprocess.py:93} INFO - ✅ Sent to ecommerce.product.views: product_view (partition: 0, offset: 11536)
[2025-06-09T16:18:43.607+0000] {subprocess.py:93} INFO - ✅ Sent to ecommerce.product.views: product_view (partition: 0, offset: 11537)
[2025-06-09T16:18:43.607+0000] {subprocess.py:93} INFO - ✅ Sent to ecommerce.product.views: product_view (partition: 0, offset: 11538)
[2025-06-09T16:18:43.607+0000] {subprocess.py:93} INFO - ✅ Sent to ecommerce.product.views: product_view (partition: 0, offset: 11539)
[2025-06-09T16:18:43.607+0000] {subprocess.py:93} INFO - ✅ Sent to ecommerce.product.views: product_view (partition: 0, offset: 11540)
[2025-06-09T16:18:43.607+0000] {subprocess.py:93} INFO - ✅ Sent to ecommerce.product.views: product_view (partition: 0, offset: 11541)
[2025-06-09T16:18:43.608+0000] {subprocess.py:93} INFO - ✅ Sent to ecommerce.product.views: product_view (partition: 0, offset: 11542)
[2025-06-09T16:18:43.608+0000] {subprocess.py:93} INFO - ✅ Sent to ecommerce.wishlist.add: add_to_wishlist (partition: 0, offset: 1272)
[2025-06-09T16:18:43.608+0000] {subprocess.py:93} INFO - ✅ Sent to ecommerce.product.views: product_view (partition: 0, offset: 11543)
[2025-06-09T16:18:43.608+0000] {subprocess.py:93} INFO - ✅ Sent to ecommerce.product.views: product_view (partition: 0, offset: 11544)
[2025-06-09T16:18:43.608+0000] {subprocess.py:93} INFO - ✅ Sent to ecommerce.product.views: product_view (partition: 0, offset: 11545)
[2025-06-09T16:18:43.608+0000] {subprocess.py:93} INFO - ✅ Sent to ecommerce.product.views: product_view (partition: 0, offset: 11546)
[2025-06-09T16:18:43.609+0000] {subprocess.py:93} INFO - ✅ Sent to ecommerce.product.views: product_view (partition: 0, offset: 11547)
[2025-06-09T16:18:43.609+0000] {subprocess.py:93} INFO - ✅ Sent to ecommerce.product.views: product_view (partition: 0, offset: 11548)
[2025-06-09T16:18:43.609+0000] {subprocess.py:93} INFO - ✅ Sent to ecommerce.product.views: product_view (partition: 0, offset: 11549)
[2025-06-09T16:18:43.609+0000] {subprocess.py:93} INFO - ✅ Sent to ecommerce.wishlist.add: add_to_wishlist (partition: 0, offset: 1273)
[2025-06-09T16:18:43.609+0000] {subprocess.py:93} INFO - ✅ Sent to ecommerce.cart.add: add_to_cart (partition: 0, offset: 3306)
[2025-06-09T16:18:43.610+0000] {subprocess.py:93} INFO - ✅ Sent to ecommerce.cart.add: add_to_cart (partition: 0, offset: 3307)
[2025-06-09T16:18:43.610+0000] {subprocess.py:93} INFO - ✅ Sent to ecommerce.product.views: product_view (partition: 0, offset: 11550)
[2025-06-09T16:18:43.610+0000] {subprocess.py:93} INFO - ✅ Sent to ecommerce.product.views: product_view (partition: 0, offset: 11551)
[2025-06-09T16:18:43.610+0000] {subprocess.py:93} INFO - ✅ Sent to ecommerce.cart.add: add_to_cart (partition: 0, offset: 3308)
[2025-06-09T16:18:43.610+0000] {subprocess.py:93} INFO - ✅ Sent to ecommerce.product.views: product_view (partition: 0, offset: 11552)
[2025-06-09T16:18:43.611+0000] {subprocess.py:93} INFO - ✅ Sent to ecommerce.cart.add: add_to_cart (partition: 0, offset: 3309)
[2025-06-09T16:18:43.611+0000] {subprocess.py:93} INFO - ✅ Sent to ecommerce.product.views: product_view (partition: 0, offset: 11553)
[2025-06-09T16:18:43.611+0000] {subprocess.py:93} INFO - ✅ Sent to ecommerce.product.views: product_view (partition: 0, offset: 11554)
[2025-06-09T16:18:43.611+0000] {subprocess.py:93} INFO - ✅ Sent to ecommerce.product.views: product_view (partition: 0, offset: 11555)
[2025-06-09T16:18:43.611+0000] {subprocess.py:93} INFO - ✅ Sent to ecommerce.product.views: product_view (partition: 0, offset: 11556)
[2025-06-09T16:18:43.612+0000] {subprocess.py:93} INFO - ✅ Sent to ecommerce.product.views: product_view (partition: 0, offset: 11557)
[2025-06-09T16:18:43.612+0000] {subprocess.py:93} INFO - 📊 Progress: 50s elapsed, 250 events sent (5.0 events/sec)
[2025-06-09T16:18:43.612+0000] {subprocess.py:93} INFO - ✅ Sent to ecommerce.product.views: product_view (partition: 0, offset: 11558)
[2025-06-09T16:18:43.612+0000] {subprocess.py:93} INFO - ✅ Sent to ecommerce.product.views: product_view (partition: 0, offset: 11559)
[2025-06-09T16:18:43.612+0000] {subprocess.py:93} INFO - ✅ Sent to ecommerce.wishlist.add: add_to_wishlist (partition: 0, offset: 1274)
[2025-06-09T16:18:43.613+0000] {subprocess.py:93} INFO - ✅ Sent to ecommerce.wishlist.add: add_to_wishlist (partition: 0, offset: 1275)
[2025-06-09T16:18:43.613+0000] {subprocess.py:93} INFO - ✅ Sent to ecommerce.product.views: product_view (partition: 0, offset: 11560)
[2025-06-09T16:18:43.613+0000] {subprocess.py:93} INFO - ✅ Sent to ecommerce.product.views: product_view (partition: 0, offset: 11561)
[2025-06-09T16:18:43.613+0000] {subprocess.py:93} INFO - ✅ Sent to ecommerce.product.views: product_view (partition: 0, offset: 11562)
[2025-06-09T16:18:43.614+0000] {subprocess.py:93} INFO - ✅ Sent to ecommerce.product.views: product_view (partition: 0, offset: 11563)
[2025-06-09T16:18:43.614+0000] {subprocess.py:93} INFO - ✅ Sent to ecommerce.product.views: product_view (partition: 0, offset: 11564)
[2025-06-09T16:18:43.614+0000] {subprocess.py:93} INFO - ✅ Sent to ecommerce.cart.add: add_to_cart (partition: 0, offset: 3310)
[2025-06-09T16:18:43.614+0000] {subprocess.py:93} INFO - ✅ Sent to ecommerce.wishlist.add: add_to_wishlist (partition: 0, offset: 1276)
[2025-06-09T16:18:43.614+0000] {subprocess.py:93} INFO - ✅ Sent to ecommerce.product.views: product_view (partition: 0, offset: 11565)
[2025-06-09T16:18:43.615+0000] {subprocess.py:93} INFO - ✅ Sent to ecommerce.wishlist.add: add_to_wishlist (partition: 0, offset: 1277)
[2025-06-09T16:18:43.615+0000] {subprocess.py:93} INFO - ✅ Sent to ecommerce.product.views: product_view (partition: 0, offset: 11566)
[2025-06-09T16:18:43.617+0000] {subprocess.py:93} INFO - ✅ Sent to ecommerce.wishlist.add: add_to_wishlist (partition: 0, offset: 1278)
[2025-06-09T16:18:43.617+0000] {subprocess.py:93} INFO - ✅ Sent to ecommerce.product.views: product_view (partition: 0, offset: 11567)
[2025-06-09T16:18:43.617+0000] {subprocess.py:93} INFO - ✅ Sent to ecommerce.cart.add: add_to_cart (partition: 0, offset: 3311)
[2025-06-09T16:18:43.617+0000] {subprocess.py:93} INFO - ✅ Sent to ecommerce.product.views: product_view (partition: 0, offset: 11568)
[2025-06-09T16:18:43.617+0000] {subprocess.py:93} INFO - ✅ Sent to ecommerce.product.views: product_view (partition: 0, offset: 11569)
[2025-06-09T16:18:43.618+0000] {subprocess.py:93} INFO - ✅ Sent to ecommerce.product.views: product_view (partition: 0, offset: 11570)
[2025-06-09T16:18:43.618+0000] {subprocess.py:93} INFO - ✅ Sent to ecommerce.cart.add: add_to_cart (partition: 0, offset: 3312)
[2025-06-09T16:18:43.618+0000] {subprocess.py:93} INFO - ✅ Sent to ecommerce.product.views: product_view (partition: 0, offset: 11571)
[2025-06-09T16:18:43.618+0000] {subprocess.py:93} INFO - ✅ Sent to ecommerce.cart.add: add_to_cart (partition: 0, offset: 3313)
[2025-06-09T16:18:43.618+0000] {subprocess.py:93} INFO - ✅ Sent to ecommerce.product.views: product_view (partition: 0, offset: 11572)
[2025-06-09T16:18:43.619+0000] {subprocess.py:93} INFO - ✅ Sent to ecommerce.product.views: product_view (partition: 0, offset: 11573)
[2025-06-09T16:18:43.619+0000] {subprocess.py:93} INFO - ✅ Sent to ecommerce.cart.add: add_to_cart (partition: 0, offset: 3314)
[2025-06-09T16:18:43.619+0000] {subprocess.py:93} INFO - ✅ Sent to ecommerce.cart.add: add_to_cart (partition: 0, offset: 3315)
[2025-06-09T16:18:43.619+0000] {subprocess.py:93} INFO - ✅ Sent to ecommerce.product.views: product_view (partition: 0, offset: 11574)
[2025-06-09T16:18:43.619+0000] {subprocess.py:93} INFO - ✅ Sent to ecommerce.product.views: product_view (partition: 0, offset: 11575)
[2025-06-09T16:18:43.619+0000] {subprocess.py:93} INFO - ✅ Sent to ecommerce.product.views: product_view (partition: 0, offset: 11576)
[2025-06-09T16:18:43.620+0000] {subprocess.py:93} INFO - ✅ Sent to ecommerce.product.views: product_view (partition: 0, offset: 11577)
[2025-06-09T16:18:43.620+0000] {subprocess.py:93} INFO - ✅ Sent to ecommerce.cart.add: add_to_cart (partition: 0, offset: 3316)
[2025-06-09T16:18:43.620+0000] {subprocess.py:93} INFO - ✅ Sent to ecommerce.product.views: product_view (partition: 0, offset: 11578)
[2025-06-09T16:18:43.620+0000] {subprocess.py:93} INFO - ✅ Sent to ecommerce.product.views: product_view (partition: 0, offset: 11579)
[2025-06-09T16:18:43.620+0000] {subprocess.py:93} INFO - ✅ Sent to ecommerce.product.views: product_view (partition: 0, offset: 11580)
[2025-06-09T16:18:43.620+0000] {subprocess.py:93} INFO - ✅ Sent to ecommerce.cart.add: add_to_cart (partition: 0, offset: 3317)
[2025-06-09T16:18:43.621+0000] {subprocess.py:93} INFO - ✅ Sent to ecommerce.product.views: product_view (partition: 0, offset: 11581)
[2025-06-09T16:18:43.621+0000] {subprocess.py:93} INFO - ✅ Sent to ecommerce.product.views: product_view (partition: 0, offset: 11582)
[2025-06-09T16:18:43.621+0000] {subprocess.py:93} INFO - ✅ Sent to ecommerce.product.views: product_view (partition: 0, offset: 11583)
[2025-06-09T16:18:46.584+0000] {subprocess.py:93} INFO - ✅ Sent to ecommerce.product.views: product_view (partition: 0, offset: 11584)
[2025-06-09T16:18:46.585+0000] {subprocess.py:93} INFO - ✅ Sent to ecommerce.orders.completed: order_completed (partition: 0, offset: 308)
[2025-06-09T16:18:46.585+0000] {subprocess.py:93} INFO - ✅ Sent to ecommerce.product.views: product_view (partition: 0, offset: 11585)
[2025-06-09T16:18:46.586+0000] {subprocess.py:93} INFO - ✅ Sent to ecommerce.product.views: product_view (partition: 0, offset: 11586)
[2025-06-09T16:18:46.586+0000] {subprocess.py:93} INFO - ✅ Sent to ecommerce.product.views: product_view (partition: 0, offset: 11587)
[2025-06-09T16:18:46.586+0000] {subprocess.py:93} INFO - ✅ Sent to ecommerce.wishlist.add: add_to_wishlist (partition: 0, offset: 1279)
[2025-06-09T16:18:46.586+0000] {subprocess.py:93} INFO - ✅ Sent to ecommerce.product.views: product_view (partition: 0, offset: 11588)
[2025-06-09T16:18:46.586+0000] {subprocess.py:93} INFO - ✅ Sent to ecommerce.product.views: product_view (partition: 0, offset: 11589)
[2025-06-09T16:18:46.586+0000] {subprocess.py:93} INFO - ✅ Sent to ecommerce.cart.add: add_to_cart (partition: 0, offset: 3318)
[2025-06-09T16:18:46.587+0000] {subprocess.py:93} INFO - ✅ Sent to ecommerce.cart.add: add_to_cart (partition: 0, offset: 3319)
[2025-06-09T16:18:46.589+0000] {subprocess.py:93} INFO - ✅ Sent to ecommerce.product.views: product_view (partition: 0, offset: 11590)
[2025-06-09T16:18:46.590+0000] {subprocess.py:93} INFO - 📊 Progress: 60s elapsed, 300 events sent (5.0 events/sec)
[2025-06-09T16:18:46.590+0000] {subprocess.py:93} INFO - 🏁 Simulation completed: 300 events in 60.2 seconds (5.0 events/sec)
[2025-06-09T16:18:46.590+0000] {subprocess.py:93} INFO - ✅ Producer closed successfully
[2025-06-09T16:18:46.680+0000] {subprocess.py:97} INFO - Command exited with return code 0
[2025-06-09T16:18:46.731+0000] {taskinstance.py:1138} INFO - Marking task as SUCCESS. dag_id=kafka_ecommerce_pipeline, task_id=run_kafka_producer, execution_date=20250609T161600, start_date=20250609T161746, end_date=20250609T161846
[2025-06-09T16:18:46.775+0000] {local_task_job_runner.py:234} INFO - Task exited with return code 0
[2025-06-09T16:18:46.808+0000] {taskinstance.py:3280} INFO - 1 downstream tasks scheduled from follow-on schedule check
