[2025-06-09T06:25:20.077+0000] {taskinstance.py:1956} INFO - Dependencies all met for dep_context=non-requeueable deps ti=<TaskInstance: kafka_ecommerce_pipeline.run_kafka_consumer scheduled__2025-06-09T06:20:00+00:00 [queued]>
[2025-06-09T06:25:20.081+0000] {taskinstance.py:1956} INFO - Dependencies all met for dep_context=requeueable deps ti=<TaskInstance: kafka_ecommerce_pipeline.run_kafka_consumer scheduled__2025-06-09T06:20:00+00:00 [queued]>
[2025-06-09T06:25:20.082+0000] {taskinstance.py:2170} INFO - Starting attempt 1 of 3
[2025-06-09T06:25:20.088+0000] {taskinstance.py:2191} INFO - Executing <Task(BashOperator): run_kafka_consumer> on 2025-06-09 06:20:00+00:00
[2025-06-09T06:25:20.094+0000] {standard_task_runner.py:60} INFO - Started process 801 to run task
[2025-06-09T06:25:20.097+0000] {standard_task_runner.py:87} INFO - Running: ['***', 'tasks', 'run', 'kafka_ecommerce_pipeline', 'run_kafka_consumer', 'scheduled__2025-06-09T06:20:00+00:00', '--job-id', '42', '--raw', '--subdir', 'DAGS_FOLDER/kafka_data_pipeline.py', '--cfg-path', '/tmp/tmpvqt0x3dt']
[2025-06-09T06:25:20.099+0000] {standard_task_runner.py:88} INFO - Job 42: Subtask run_kafka_consumer
[2025-06-09T06:25:20.136+0000] {task_command.py:423} INFO - Running <TaskInstance: kafka_ecommerce_pipeline.run_kafka_consumer scheduled__2025-06-09T06:20:00+00:00 [running]> on host 214da608bc37
[2025-06-09T06:25:20.213+0000] {taskinstance.py:2480} INFO - Exporting env vars: AIRFLOW_CTX_DAG_OWNER='data-engineering-team' AIRFLOW_CTX_DAG_ID='kafka_ecommerce_pipeline' AIRFLOW_CTX_TASK_ID='run_kafka_consumer' AIRFLOW_CTX_EXECUTION_DATE='2025-06-09T06:20:00+00:00' AIRFLOW_CTX_TRY_NUMBER='1' AIRFLOW_CTX_DAG_RUN_ID='scheduled__2025-06-09T06:20:00+00:00'
[2025-06-09T06:25:20.218+0000] {subprocess.py:63} INFO - Tmp dir root location: /tmp
[2025-06-09T06:25:20.226+0000] {subprocess.py:75} INFO - Running command: ['/usr/bin/bash', '-c', 'cd /opt/***/ecom_etl/ && python kafka_scripts/consumer.py']
[2025-06-09T06:25:20.236+0000] {subprocess.py:86} INFO - Output:
[2025-06-09T06:25:20.494+0000] {subprocess.py:93} INFO - 🚀 Starting E-Commerce Event Consumer
[2025-06-09T06:25:20.497+0000] {subprocess.py:93} INFO - 🔗 Kafka: kafka:29092
[2025-06-09T06:25:20.497+0000] {subprocess.py:93} INFO - 🔴 Redis: redis:6379
[2025-06-09T06:25:20.497+0000] {subprocess.py:93} INFO - 🚀 Initializing Kafka consumer with bootstrap servers: kafka:29092
[2025-06-09T06:25:20.498+0000] {subprocess.py:93} INFO - 🔌 Connecting to Redis at redis:6379
[2025-06-09T06:25:20.498+0000] {subprocess.py:93} INFO - 2025-06-09 06:25:20,497 - kafka.conn - INFO - <BrokerConnection client_id=kafka-python-2.2.11, node_id=bootstrap-0 host=kafka:29092 <connecting> [IPv4 ('172.18.0.5', 29092)]>: connecting to kafka:29092 [('172.18.0.5', 29092) IPv4]
[2025-06-09T06:25:20.509+0000] {subprocess.py:93} INFO - 2025-06-09 06:25:20,508 - kafka.conn - INFO - <BrokerConnection client_id=kafka-python-2.2.11, node_id=bootstrap-0 host=kafka:29092 <checking_api_versions_recv> [IPv4 ('172.18.0.5', 29092)]>: Broker version identified as 2.6
[2025-06-09T06:25:20.509+0000] {subprocess.py:93} INFO - 2025-06-09 06:25:20,508 - kafka.conn - INFO - <BrokerConnection client_id=kafka-python-2.2.11, node_id=bootstrap-0 host=kafka:29092 <connected> [IPv4 ('172.18.0.5', 29092)]>: Connection complete.
[2025-06-09T06:25:20.510+0000] {subprocess.py:93} INFO - 2025-06-09 06:25:20,509 - kafka.consumer.subscription_state - INFO - Updating subscribed topics to: ('ecommerce.product.views', 'ecommerce.cart.add', 'ecommerce.wishlist.add', 'ecommerce.orders.completed')
[2025-06-09T06:25:20.510+0000] {subprocess.py:93} INFO - ✅ Successfully connected to Kafka
[2025-06-09T06:25:20.510+0000] {subprocess.py:93} INFO - ✅ Successfully connected to Redis
[2025-06-09T06:25:20.510+0000] {subprocess.py:93} INFO - 📊 Loaded existing metrics: {'total_views': 44, 'total_cart_adds': 17, 'total_wishlist_adds': 10, 'total_orders': 9, 'total_revenue': 24889.67}
[2025-06-09T06:25:20.511+0000] {subprocess.py:93} INFO - 🚀 Starting Kafka consumer...
[2025-06-09T06:25:20.511+0000] {subprocess.py:93} INFO - 📊 Subscribed to Topics: {'ecommerce.product.views', 'ecommerce.cart.add', 'ecommerce.orders.completed', 'ecommerce.wishlist.add'}
[2025-06-09T06:25:20.511+0000] {subprocess.py:93} INFO - 🔍 Will process up to 100 messages or run for 90 seconds
[2025-06-09T06:25:20.514+0000] {subprocess.py:93} INFO - 2025-06-09 06:25:20,514 - kafka.conn - INFO - <BrokerConnection client_id=kafka-python-2.2.11, node_id=1 host=kafka:29092 <connecting> [IPv4 ('172.18.0.5', 29092)]>: connecting to kafka:29092 [('172.18.0.5', 29092) IPv4]
[2025-06-09T06:25:20.515+0000] {subprocess.py:93} INFO - 2025-06-09 06:25:20,514 - kafka.conn - INFO - <BrokerConnection client_id=kafka-python-2.2.11, node_id=1 host=kafka:29092 <connected> [IPv4 ('172.18.0.5', 29092)]>: Connection complete.
[2025-06-09T06:25:20.515+0000] {subprocess.py:93} INFO - 2025-06-09 06:25:20,514 - kafka.conn - INFO - <BrokerConnection client_id=kafka-python-2.2.11, node_id=bootstrap-0 host=kafka:29092 <connected> [IPv4 ('172.18.0.5', 29092)]>: Closing connection.
[2025-06-09T06:25:20.619+0000] {subprocess.py:93} INFO - 2025-06-09 06:25:20,618 - kafka.cluster - INFO - Coordinator for group/ecommerce-analytics-20250609 is BrokerMetadata(nodeId='coordinator-1', host='kafka', port=29092, rack=None)
[2025-06-09T06:25:20.619+0000] {subprocess.py:93} INFO - 2025-06-09 06:25:20,619 - kafka.coordinator - INFO - Discovered coordinator coordinator-1 for group ecommerce-analytics-20250609
[2025-06-09T06:25:20.619+0000] {subprocess.py:93} INFO - 2025-06-09 06:25:20,619 - kafka.coordinator.heartbeat - INFO - Starting new heartbeat thread
[2025-06-09T06:25:20.620+0000] {subprocess.py:93} INFO - 2025-06-09 06:25:20,619 - kafka.coordinator.consumer - INFO - Revoking previously assigned partitions set() for group ecommerce-analytics-20250609
[2025-06-09T06:25:20.620+0000] {subprocess.py:93} INFO - 2025-06-09 06:25:20,619 - kafka.coordinator - INFO - Failed to join group ecommerce-analytics-20250609: NodeNotReadyError: coordinator-1
[2025-06-09T06:25:20.620+0000] {subprocess.py:93} INFO - 2025-06-09 06:25:20,620 - kafka.conn - INFO - <BrokerConnection client_id=kafka-python-2.2.11, node_id=coordinator-1 host=kafka:29092 <connecting> [IPv4 ('172.18.0.5', 29092)]>: connecting to kafka:29092 [('172.18.0.5', 29092) IPv4]
[2025-06-09T06:25:20.621+0000] {subprocess.py:93} INFO - 2025-06-09 06:25:20,621 - kafka.conn - INFO - <BrokerConnection client_id=kafka-python-2.2.11, node_id=coordinator-1 host=kafka:29092 <connected> [IPv4 ('172.18.0.5', 29092)]>: Connection complete.
[2025-06-09T06:25:20.723+0000] {subprocess.py:93} INFO - 2025-06-09 06:25:20,722 - kafka.coordinator - INFO - (Re-)joining group ecommerce-analytics-20250609
[2025-06-09T06:25:20.728+0000] {subprocess.py:93} INFO - 2025-06-09 06:25:20,727 - kafka.coordinator - INFO - Received member id kafka-python-2.2.11-001f04b9-e09a-4123-ba74-ac78ce23f8bb for group ecommerce-analytics-20250609; will retry join-group
[2025-06-09T06:25:20.728+0000] {subprocess.py:93} INFO - 2025-06-09 06:25:20,728 - kafka.coordinator - INFO - Failed to join group ecommerce-analytics-20250609: [Error 79] MemberIdRequiredError
[2025-06-09T06:25:20.729+0000] {subprocess.py:93} INFO - 2025-06-09 06:25:20,728 - kafka.coordinator - INFO - (Re-)joining group ecommerce-analytics-20250609
[2025-06-09T06:25:23.749+0000] {subprocess.py:93} INFO - 2025-06-09 06:25:23,747 - kafka.coordinator - INFO - Successfully joined group ecommerce-analytics-20250609 <Generation 13 (member_id: kafka-python-2.2.11-001f04b9-e09a-4123-ba74-ac78ce23f8bb, protocol: range)>
[2025-06-09T06:25:23.755+0000] {subprocess.py:93} INFO - 2025-06-09 06:25:23,747 - kafka.coordinator - INFO - Elected group leader -- performing partition assignments using range
[2025-06-09T06:25:23.761+0000] {subprocess.py:93} INFO - 2025-06-09 06:25:23,760 - kafka.consumer.subscription_state - INFO - Updated partition assignment: [TopicPartition(topic='ecommerce.cart.add', partition=0), TopicPartition(topic='ecommerce.orders.completed', partition=0), TopicPartition(topic='ecommerce.product.views', partition=0), TopicPartition(topic='ecommerce.wishlist.add', partition=0)]
[2025-06-09T06:25:23.762+0000] {subprocess.py:93} INFO - 2025-06-09 06:25:23,761 - kafka.coordinator.consumer - INFO - Setting newly assigned partitions {TopicPartition(topic='ecommerce.product.views', partition=0), TopicPartition(topic='ecommerce.wishlist.add', partition=0), TopicPartition(topic='ecommerce.cart.add', partition=0), TopicPartition(topic='ecommerce.orders.completed', partition=0)} for group ecommerce-analytics-20250609
[2025-06-09T06:25:23.770+0000] {subprocess.py:93} INFO - 🛒 Cart Add: 1x Nike Air Max by user_041 ($129.99)
[2025-06-09T06:25:23.774+0000] {subprocess.py:93} INFO - kafka_scripts/consumer.py:280: DeprecationWarning: Redis.hmset() is deprecated. Use Redis.hset() instead.
[2025-06-09T06:25:23.774+0000] {subprocess.py:93} INFO -   self.redis_client.hmset("metrics:totals", {
[2025-06-09T06:25:23.775+0000] {subprocess.py:93} INFO - 🛒 Cart Add: 1x Samsung 4K TV by user_055 ($799.99)
[2025-06-09T06:25:23.778+0000] {subprocess.py:93} INFO - ❤️  Wishlist Add: Nike Air Max by user_017
[2025-06-09T06:25:23.779+0000] {subprocess.py:93} INFO - 👀 Product View: Nike Air Max by user_021
[2025-06-09T06:25:23.781+0000] {subprocess.py:93} INFO - 👀 Product View: Nike Air Max by user_041
[2025-06-09T06:25:23.782+0000] {subprocess.py:93} INFO - 👀 Product View: Wireless Headphones by user_022
[2025-06-09T06:25:23.784+0000] {subprocess.py:93} INFO - 👀 Product View: MacBook Pro by user_027
[2025-06-09T06:25:23.785+0000] {subprocess.py:93} INFO - 👀 Product View: Samsung 4K TV by user_051
[2025-06-09T06:25:23.786+0000] {subprocess.py:93} INFO - 👀 Product View: Wireless Headphones by user_039
[2025-06-09T06:25:23.787+0000] {subprocess.py:93} INFO - 👀 Product View: Samsung 4K TV by user_097
[2025-06-09T06:25:23.788+0000] {subprocess.py:93} INFO - 📊 Processed 10 messages in 3.3 seconds
[2025-06-09T06:25:23.789+0000] {subprocess.py:93} INFO - 
[2025-06-09T06:25:23.790+0000] {subprocess.py:93} INFO - ============================================================
[2025-06-09T06:25:23.790+0000] {subprocess.py:93} INFO - 📊 REAL-TIME E-COMMERCE DASHBOARD
[2025-06-09T06:25:23.790+0000] {subprocess.py:93} INFO - ============================================================
[2025-06-09T06:25:23.790+0000] {subprocess.py:93} INFO - 👀 Total Views: 51
[2025-06-09T06:25:23.790+0000] {subprocess.py:93} INFO - 🛒 Total Cart Adds: 19
[2025-06-09T06:25:23.790+0000] {subprocess.py:93} INFO - ❤️  Total Wishlist Adds: 11
[2025-06-09T06:25:23.790+0000] {subprocess.py:93} INFO - 📦 Total Orders: 9
[2025-06-09T06:25:23.791+0000] {subprocess.py:93} INFO - 💰 Total Revenue: $24889.67
[2025-06-09T06:25:23.791+0000] {subprocess.py:93} INFO - 🕐 Last Updated: 2025-06-09T06:25:23.789823
[2025-06-09T06:25:23.791+0000] {subprocess.py:93} INFO - 
[2025-06-09T06:25:23.791+0000] {subprocess.py:93} INFO - 🔥 Recent Orders:
[2025-06-09T06:25:23.791+0000] {subprocess.py:93} INFO -   • order_73960: $389.97 (2 items)
[2025-06-09T06:25:23.791+0000] {subprocess.py:93} INFO -   • order_62597: $7999.95 (3 items)
[2025-06-09T06:25:23.791+0000] {subprocess.py:93} INFO -   • order_28547: $2489.93 (4 items)
[2025-06-09T06:25:23.791+0000] {subprocess.py:93} INFO -   • order_33938: $2469.95 (4 items)
[2025-06-09T06:25:23.791+0000] {subprocess.py:93} INFO -   • order_85295: $3149.97 (3 items)
[2025-06-09T06:25:23.792+0000] {subprocess.py:93} INFO - ============================================================
[2025-06-09T06:25:23.792+0000] {subprocess.py:93} INFO - 👀 Product View: Nike Air Max by user_054
[2025-06-09T06:25:23.792+0000] {subprocess.py:93} INFO - 👀 Product View: Levi's Jeans by user_044
[2025-06-09T06:25:23.792+0000] {subprocess.py:93} INFO - 👀 Product View: MacBook Pro by user_018
[2025-06-09T06:25:23.792+0000] {subprocess.py:93} INFO - 👀 Product View: iPhone 15 Pro by user_032
[2025-06-09T06:25:23.793+0000] {subprocess.py:93} INFO - 👀 Product View: Samsung 4K TV by user_054
[2025-06-09T06:25:23.794+0000] {subprocess.py:93} INFO - 👀 Product View: MacBook Pro by user_025
[2025-06-09T06:25:23.795+0000] {subprocess.py:93} INFO - 👀 Product View: iPhone 15 Pro by user_021
[2025-06-09T06:25:23.795+0000] {subprocess.py:93} INFO - 👀 Product View: Coffee Maker by user_001
[2025-06-09T06:25:23.796+0000] {subprocess.py:93} INFO - 💰 Order: order_18455 by user_067 - $999.99 (1 items)
[2025-06-09T06:25:23.798+0000] {subprocess.py:93} INFO - 💰 Order: order_52144 by user_009 - $199.99 (1 items)
[2025-06-09T06:25:23.799+0000] {subprocess.py:93} INFO - 📊 Processed 20 messages in 3.3 seconds
[2025-06-09T06:25:23.800+0000] {subprocess.py:93} INFO - 
[2025-06-09T06:25:23.800+0000] {subprocess.py:93} INFO - ============================================================
[2025-06-09T06:25:23.800+0000] {subprocess.py:93} INFO - 📊 REAL-TIME E-COMMERCE DASHBOARD
[2025-06-09T06:25:23.800+0000] {subprocess.py:93} INFO - ============================================================
[2025-06-09T06:25:23.800+0000] {subprocess.py:93} INFO - 👀 Total Views: 59
[2025-06-09T06:25:23.801+0000] {subprocess.py:93} INFO - 🛒 Total Cart Adds: 19
[2025-06-09T06:25:23.801+0000] {subprocess.py:93} INFO - ❤️  Total Wishlist Adds: 11
[2025-06-09T06:25:23.801+0000] {subprocess.py:93} INFO - 📦 Total Orders: 11
[2025-06-09T06:25:23.801+0000] {subprocess.py:93} INFO - 💰 Total Revenue: $26089.65
[2025-06-09T06:25:23.801+0000] {subprocess.py:93} INFO - 🕐 Last Updated: 2025-06-09T06:25:23.800286
[2025-06-09T06:25:23.802+0000] {subprocess.py:93} INFO - 
[2025-06-09T06:25:23.802+0000] {subprocess.py:93} INFO - 🔥 Recent Orders:
[2025-06-09T06:25:23.802+0000] {subprocess.py:93} INFO -   • order_52144: $199.99 (1 items)
[2025-06-09T06:25:23.802+0000] {subprocess.py:93} INFO -   • order_18455: $999.99 (1 items)
[2025-06-09T06:25:23.802+0000] {subprocess.py:93} INFO -   • order_73960: $389.97 (2 items)
[2025-06-09T06:25:23.802+0000] {subprocess.py:93} INFO -   • order_62597: $7999.95 (3 items)
[2025-06-09T06:25:23.802+0000] {subprocess.py:93} INFO -   • order_28547: $2489.93 (4 items)
[2025-06-09T06:25:23.803+0000] {subprocess.py:93} INFO - ============================================================
[2025-06-09T06:25:43.808+0000] {subprocess.py:93} INFO - ⏸️ No messages for 15.0s, checking for completion...
[2025-06-09T06:25:43.816+0000] {subprocess.py:93} INFO - 
[2025-06-09T06:25:43.816+0000] {subprocess.py:93} INFO - ============================================================
[2025-06-09T06:25:43.816+0000] {subprocess.py:93} INFO - 📊 REAL-TIME E-COMMERCE DASHBOARD
[2025-06-09T06:25:43.816+0000] {subprocess.py:93} INFO - ============================================================
[2025-06-09T06:25:43.816+0000] {subprocess.py:93} INFO - 👀 Total Views: 59
[2025-06-09T06:25:43.816+0000] {subprocess.py:93} INFO - 🛒 Total Cart Adds: 19
[2025-06-09T06:25:43.817+0000] {subprocess.py:93} INFO - ❤️  Total Wishlist Adds: 11
[2025-06-09T06:25:43.817+0000] {subprocess.py:93} INFO - 📦 Total Orders: 11
[2025-06-09T06:25:43.817+0000] {subprocess.py:93} INFO - 💰 Total Revenue: $26089.65
[2025-06-09T06:25:43.817+0000] {subprocess.py:93} INFO - 🕐 Last Updated: 2025-06-09T06:25:43.809180
[2025-06-09T06:25:43.817+0000] {subprocess.py:93} INFO - 
[2025-06-09T06:25:43.817+0000] {subprocess.py:93} INFO - 🔥 Recent Orders:
[2025-06-09T06:25:43.817+0000] {subprocess.py:93} INFO -   • order_52144: $199.99 (1 items)
[2025-06-09T06:25:43.818+0000] {subprocess.py:93} INFO -   • order_18455: $999.99 (1 items)
[2025-06-09T06:25:43.818+0000] {subprocess.py:93} INFO -   • order_73960: $389.97 (2 items)
[2025-06-09T06:25:43.818+0000] {subprocess.py:93} INFO -   • order_62597: $7999.95 (3 items)
[2025-06-09T06:25:43.818+0000] {subprocess.py:93} INFO -   • order_28547: $2489.93 (4 items)
[2025-06-09T06:25:43.818+0000] {subprocess.py:93} INFO - ============================================================
[2025-06-09T06:25:48.814+0000] {subprocess.py:93} INFO - ⏸️ No messages for 20.0s, checking for completion...
[2025-06-09T06:25:48.828+0000] {subprocess.py:93} INFO - 
[2025-06-09T06:25:48.828+0000] {subprocess.py:93} INFO - ============================================================
[2025-06-09T06:25:48.829+0000] {subprocess.py:93} INFO - 📊 REAL-TIME E-COMMERCE DASHBOARD
[2025-06-09T06:25:48.829+0000] {subprocess.py:93} INFO - ============================================================
[2025-06-09T06:25:48.830+0000] {subprocess.py:93} INFO - 👀 Total Views: 59
[2025-06-09T06:25:48.830+0000] {subprocess.py:93} INFO - 🛒 Total Cart Adds: 19
[2025-06-09T06:25:48.830+0000] {subprocess.py:93} INFO - ❤️  Total Wishlist Adds: 11
[2025-06-09T06:25:48.831+0000] {subprocess.py:93} INFO - 📦 Total Orders: 11
[2025-06-09T06:25:48.831+0000] {subprocess.py:93} INFO - 💰 Total Revenue: $26089.65
[2025-06-09T06:25:48.831+0000] {subprocess.py:93} INFO - 🕐 Last Updated: 2025-06-09T06:25:48.817187
[2025-06-09T06:25:48.832+0000] {subprocess.py:93} INFO - 
[2025-06-09T06:25:48.832+0000] {subprocess.py:93} INFO - 🔥 Recent Orders:
[2025-06-09T06:25:48.832+0000] {subprocess.py:93} INFO -   • order_52144: $199.99 (1 items)
[2025-06-09T06:25:48.833+0000] {subprocess.py:93} INFO -   • order_18455: $999.99 (1 items)
[2025-06-09T06:25:48.833+0000] {subprocess.py:93} INFO -   • order_73960: $389.97 (2 items)
[2025-06-09T06:25:48.833+0000] {subprocess.py:93} INFO -   • order_62597: $7999.95 (3 items)
[2025-06-09T06:25:48.833+0000] {subprocess.py:93} INFO -   • order_28547: $2489.93 (4 items)
[2025-06-09T06:25:48.834+0000] {subprocess.py:93} INFO - ============================================================
[2025-06-09T06:25:53.823+0000] {subprocess.py:93} INFO - ⏸️ No messages for 25.0s, checking for completion...
[2025-06-09T06:25:53.832+0000] {subprocess.py:93} INFO - 
[2025-06-09T06:25:53.833+0000] {subprocess.py:93} INFO - ============================================================
[2025-06-09T06:25:53.833+0000] {subprocess.py:93} INFO - 📊 REAL-TIME E-COMMERCE DASHBOARD
[2025-06-09T06:25:53.834+0000] {subprocess.py:93} INFO - ============================================================
[2025-06-09T06:25:53.834+0000] {subprocess.py:93} INFO - 👀 Total Views: 59
[2025-06-09T06:25:53.835+0000] {subprocess.py:93} INFO - 🛒 Total Cart Adds: 19
[2025-06-09T06:25:53.835+0000] {subprocess.py:93} INFO - ❤️  Total Wishlist Adds: 11
[2025-06-09T06:25:53.835+0000] {subprocess.py:93} INFO - 📦 Total Orders: 11
[2025-06-09T06:25:53.836+0000] {subprocess.py:93} INFO - 💰 Total Revenue: $26089.65
[2025-06-09T06:25:53.836+0000] {subprocess.py:93} INFO - 🕐 Last Updated: 2025-06-09T06:25:53.825590
[2025-06-09T06:25:53.836+0000] {subprocess.py:93} INFO - 
[2025-06-09T06:25:53.836+0000] {subprocess.py:93} INFO - 🔥 Recent Orders:
[2025-06-09T06:25:53.837+0000] {subprocess.py:93} INFO -   • order_52144: $199.99 (1 items)
[2025-06-09T06:25:53.837+0000] {subprocess.py:93} INFO -   • order_18455: $999.99 (1 items)
[2025-06-09T06:25:53.837+0000] {subprocess.py:93} INFO -   • order_73960: $389.97 (2 items)
[2025-06-09T06:25:53.837+0000] {subprocess.py:93} INFO -   • order_62597: $7999.95 (3 items)
[2025-06-09T06:25:53.837+0000] {subprocess.py:93} INFO -   • order_28547: $2489.93 (4 items)
[2025-06-09T06:25:53.838+0000] {subprocess.py:93} INFO - ============================================================
[2025-06-09T06:25:58.843+0000] {subprocess.py:93} INFO - ⏸️ No messages for 30.0s, checking for completion...
[2025-06-09T06:25:58.854+0000] {subprocess.py:93} INFO - 
[2025-06-09T06:25:58.854+0000] {subprocess.py:93} INFO - ============================================================
[2025-06-09T06:25:58.855+0000] {subprocess.py:93} INFO - 📊 REAL-TIME E-COMMERCE DASHBOARD
[2025-06-09T06:25:58.855+0000] {subprocess.py:93} INFO - ============================================================
[2025-06-09T06:25:58.855+0000] {subprocess.py:93} INFO - 👀 Total Views: 59
[2025-06-09T06:25:58.856+0000] {subprocess.py:93} INFO - 🛒 Total Cart Adds: 19
[2025-06-09T06:25:58.856+0000] {subprocess.py:93} INFO - ❤️  Total Wishlist Adds: 11
[2025-06-09T06:25:58.857+0000] {subprocess.py:93} INFO - 📦 Total Orders: 11
[2025-06-09T06:25:58.857+0000] {subprocess.py:93} INFO - 💰 Total Revenue: $26089.65
[2025-06-09T06:25:58.857+0000] {subprocess.py:93} INFO - 🕐 Last Updated: 2025-06-09T06:25:58.846284
[2025-06-09T06:25:58.858+0000] {subprocess.py:93} INFO - 
[2025-06-09T06:25:58.858+0000] {subprocess.py:93} INFO - 🔥 Recent Orders:
[2025-06-09T06:25:58.858+0000] {subprocess.py:93} INFO -   • order_52144: $199.99 (1 items)
[2025-06-09T06:25:58.858+0000] {subprocess.py:93} INFO -   • order_18455: $999.99 (1 items)
[2025-06-09T06:25:58.859+0000] {subprocess.py:93} INFO -   • order_73960: $389.97 (2 items)
[2025-06-09T06:25:58.859+0000] {subprocess.py:93} INFO -   • order_62597: $7999.95 (3 items)
[2025-06-09T06:25:58.859+0000] {subprocess.py:93} INFO -   • order_28547: $2489.93 (4 items)
[2025-06-09T06:25:58.859+0000] {subprocess.py:93} INFO - ============================================================
[2025-06-09T06:26:03.868+0000] {subprocess.py:93} INFO - ⏸️ No messages for 35.0s, checking for completion...
[2025-06-09T06:26:03.877+0000] {subprocess.py:93} INFO - 
[2025-06-09T06:26:03.878+0000] {subprocess.py:93} INFO - ============================================================
[2025-06-09T06:26:03.878+0000] {subprocess.py:93} INFO - 📊 REAL-TIME E-COMMERCE DASHBOARD
[2025-06-09T06:26:03.878+0000] {subprocess.py:93} INFO - ============================================================
[2025-06-09T06:26:03.879+0000] {subprocess.py:93} INFO - 👀 Total Views: 59
[2025-06-09T06:26:03.879+0000] {subprocess.py:93} INFO - 🛒 Total Cart Adds: 19
[2025-06-09T06:26:03.879+0000] {subprocess.py:93} INFO - ❤️  Total Wishlist Adds: 11
[2025-06-09T06:26:03.879+0000] {subprocess.py:93} INFO - 📦 Total Orders: 11
[2025-06-09T06:26:03.880+0000] {subprocess.py:93} INFO - 💰 Total Revenue: $26089.65
[2025-06-09T06:26:03.880+0000] {subprocess.py:93} INFO - 🕐 Last Updated: 2025-06-09T06:26:03.869931
[2025-06-09T06:26:03.880+0000] {subprocess.py:93} INFO - 
[2025-06-09T06:26:03.880+0000] {subprocess.py:93} INFO - 🔥 Recent Orders:
[2025-06-09T06:26:03.880+0000] {subprocess.py:93} INFO -   • order_52144: $199.99 (1 items)
[2025-06-09T06:26:03.880+0000] {subprocess.py:93} INFO -   • order_18455: $999.99 (1 items)
[2025-06-09T06:26:03.881+0000] {subprocess.py:93} INFO -   • order_73960: $389.97 (2 items)
[2025-06-09T06:26:03.881+0000] {subprocess.py:93} INFO -   • order_62597: $7999.95 (3 items)
[2025-06-09T06:26:03.881+0000] {subprocess.py:93} INFO -   • order_28547: $2489.93 (4 items)
[2025-06-09T06:26:03.881+0000] {subprocess.py:93} INFO - ============================================================
[2025-06-09T06:26:08.877+0000] {subprocess.py:93} INFO - ⏸️ No messages for 40.1s, checking for completion...
[2025-06-09T06:26:08.886+0000] {subprocess.py:93} INFO - 
[2025-06-09T06:26:08.886+0000] {subprocess.py:93} INFO - ============================================================
[2025-06-09T06:26:08.887+0000] {subprocess.py:93} INFO - 📊 REAL-TIME E-COMMERCE DASHBOARD
[2025-06-09T06:26:08.887+0000] {subprocess.py:93} INFO - ============================================================
[2025-06-09T06:26:08.888+0000] {subprocess.py:93} INFO - 👀 Total Views: 59
[2025-06-09T06:26:08.888+0000] {subprocess.py:93} INFO - 🛒 Total Cart Adds: 19
[2025-06-09T06:26:08.888+0000] {subprocess.py:93} INFO - ❤️  Total Wishlist Adds: 11
[2025-06-09T06:26:08.889+0000] {subprocess.py:93} INFO - 📦 Total Orders: 11
[2025-06-09T06:26:08.889+0000] {subprocess.py:93} INFO - 💰 Total Revenue: $26089.65
[2025-06-09T06:26:08.889+0000] {subprocess.py:93} INFO - 🕐 Last Updated: 2025-06-09T06:26:08.881184
[2025-06-09T06:26:08.889+0000] {subprocess.py:93} INFO - 
[2025-06-09T06:26:08.890+0000] {subprocess.py:93} INFO - 🔥 Recent Orders:
[2025-06-09T06:26:08.890+0000] {subprocess.py:93} INFO -   • order_52144: $199.99 (1 items)
[2025-06-09T06:26:08.890+0000] {subprocess.py:93} INFO -   • order_18455: $999.99 (1 items)
[2025-06-09T06:26:08.891+0000] {subprocess.py:93} INFO -   • order_73960: $389.97 (2 items)
[2025-06-09T06:26:08.891+0000] {subprocess.py:93} INFO -   • order_62597: $7999.95 (3 items)
[2025-06-09T06:26:08.891+0000] {subprocess.py:93} INFO -   • order_28547: $2489.93 (4 items)
[2025-06-09T06:26:08.891+0000] {subprocess.py:93} INFO - ============================================================
[2025-06-09T06:26:13.895+0000] {subprocess.py:93} INFO - ⏸️ No messages for 45.1s, checking for completion...
[2025-06-09T06:26:13.907+0000] {subprocess.py:93} INFO - 
[2025-06-09T06:26:13.908+0000] {subprocess.py:93} INFO - ============================================================
[2025-06-09T06:26:13.908+0000] {subprocess.py:93} INFO - 📊 REAL-TIME E-COMMERCE DASHBOARD
[2025-06-09T06:26:13.909+0000] {subprocess.py:93} INFO - ============================================================
[2025-06-09T06:26:13.909+0000] {subprocess.py:93} INFO - 👀 Total Views: 59
[2025-06-09T06:26:13.909+0000] {subprocess.py:93} INFO - 🛒 Total Cart Adds: 19
[2025-06-09T06:26:13.910+0000] {subprocess.py:93} INFO - ❤️  Total Wishlist Adds: 11
[2025-06-09T06:26:13.910+0000] {subprocess.py:93} INFO - 📦 Total Orders: 11
[2025-06-09T06:26:13.910+0000] {subprocess.py:93} INFO - 💰 Total Revenue: $26089.65
[2025-06-09T06:26:13.911+0000] {subprocess.py:93} INFO - 🕐 Last Updated: 2025-06-09T06:26:13.903360
[2025-06-09T06:26:13.911+0000] {subprocess.py:93} INFO - 
[2025-06-09T06:26:13.912+0000] {subprocess.py:93} INFO - 🔥 Recent Orders:
[2025-06-09T06:26:13.912+0000] {subprocess.py:93} INFO -   • order_52144: $199.99 (1 items)
[2025-06-09T06:26:13.912+0000] {subprocess.py:93} INFO -   • order_18455: $999.99 (1 items)
[2025-06-09T06:26:13.912+0000] {subprocess.py:93} INFO -   • order_73960: $389.97 (2 items)
[2025-06-09T06:26:13.913+0000] {subprocess.py:93} INFO -   • order_62597: $7999.95 (3 items)
[2025-06-09T06:26:13.913+0000] {subprocess.py:93} INFO -   • order_28547: $2489.93 (4 items)
[2025-06-09T06:26:13.913+0000] {subprocess.py:93} INFO - ============================================================
[2025-06-09T06:26:18.907+0000] {subprocess.py:93} INFO - ⏸️ No messages for 50.1s, checking for completion...
[2025-06-09T06:26:18.915+0000] {subprocess.py:93} INFO - 
[2025-06-09T06:26:18.915+0000] {subprocess.py:93} INFO - ============================================================
[2025-06-09T06:26:18.916+0000] {subprocess.py:93} INFO - 📊 REAL-TIME E-COMMERCE DASHBOARD
[2025-06-09T06:26:18.916+0000] {subprocess.py:93} INFO - ============================================================
[2025-06-09T06:26:18.917+0000] {subprocess.py:93} INFO - 👀 Total Views: 59
[2025-06-09T06:26:18.917+0000] {subprocess.py:93} INFO - 🛒 Total Cart Adds: 19
[2025-06-09T06:26:18.917+0000] {subprocess.py:93} INFO - ❤️  Total Wishlist Adds: 11
[2025-06-09T06:26:18.918+0000] {subprocess.py:93} INFO - 📦 Total Orders: 11
[2025-06-09T06:26:18.918+0000] {subprocess.py:93} INFO - 💰 Total Revenue: $26089.65
[2025-06-09T06:26:18.918+0000] {subprocess.py:93} INFO - 🕐 Last Updated: 2025-06-09T06:26:18.910212
[2025-06-09T06:26:18.918+0000] {subprocess.py:93} INFO - 
[2025-06-09T06:26:18.919+0000] {subprocess.py:93} INFO - 🔥 Recent Orders:
[2025-06-09T06:26:18.919+0000] {subprocess.py:93} INFO -   • order_52144: $199.99 (1 items)
[2025-06-09T06:26:18.919+0000] {subprocess.py:93} INFO -   • order_18455: $999.99 (1 items)
[2025-06-09T06:26:18.919+0000] {subprocess.py:93} INFO -   • order_73960: $389.97 (2 items)
[2025-06-09T06:26:18.920+0000] {subprocess.py:93} INFO -   • order_62597: $7999.95 (3 items)
[2025-06-09T06:26:18.920+0000] {subprocess.py:93} INFO -   • order_28547: $2489.93 (4 items)
[2025-06-09T06:26:18.920+0000] {subprocess.py:93} INFO - ============================================================
[2025-06-09T06:26:23.913+0000] {subprocess.py:93} INFO - ⏸️ No messages for 55.1s, checking for completion...
[2025-06-09T06:26:23.916+0000] {subprocess.py:93} INFO - 
[2025-06-09T06:26:23.916+0000] {subprocess.py:93} INFO - ============================================================
[2025-06-09T06:26:23.916+0000] {subprocess.py:93} INFO - 📊 REAL-TIME E-COMMERCE DASHBOARD
[2025-06-09T06:26:23.916+0000] {subprocess.py:93} INFO - ============================================================
[2025-06-09T06:26:23.916+0000] {subprocess.py:93} INFO - 👀 Total Views: 59
[2025-06-09T06:26:23.917+0000] {subprocess.py:93} INFO - 🛒 Total Cart Adds: 19
[2025-06-09T06:26:23.917+0000] {subprocess.py:93} INFO - ❤️  Total Wishlist Adds: 11
[2025-06-09T06:26:23.917+0000] {subprocess.py:93} INFO - 📦 Total Orders: 11
[2025-06-09T06:26:23.917+0000] {subprocess.py:93} INFO - 💰 Total Revenue: $26089.65
[2025-06-09T06:26:23.917+0000] {subprocess.py:93} INFO - 🕐 Last Updated: 2025-06-09T06:26:23.915022
[2025-06-09T06:26:23.917+0000] {subprocess.py:93} INFO - 
[2025-06-09T06:26:23.917+0000] {subprocess.py:93} INFO - 🔥 Recent Orders:
[2025-06-09T06:26:23.917+0000] {subprocess.py:93} INFO -   • order_52144: $199.99 (1 items)
[2025-06-09T06:26:23.917+0000] {subprocess.py:93} INFO -   • order_18455: $999.99 (1 items)
[2025-06-09T06:26:23.918+0000] {subprocess.py:93} INFO -   • order_73960: $389.97 (2 items)
[2025-06-09T06:26:23.918+0000] {subprocess.py:93} INFO -   • order_62597: $7999.95 (3 items)
[2025-06-09T06:26:23.918+0000] {subprocess.py:93} INFO -   • order_28547: $2489.93 (4 items)
[2025-06-09T06:26:23.918+0000] {subprocess.py:93} INFO - ============================================================
[2025-06-09T06:26:28.917+0000] {subprocess.py:93} INFO - ⏸️ No messages for 60.1s, checking for completion...
[2025-06-09T06:26:28.921+0000] {subprocess.py:93} INFO - 
[2025-06-09T06:26:28.921+0000] {subprocess.py:93} INFO - ============================================================
[2025-06-09T06:26:28.922+0000] {subprocess.py:93} INFO - 📊 REAL-TIME E-COMMERCE DASHBOARD
[2025-06-09T06:26:28.922+0000] {subprocess.py:93} INFO - ============================================================
[2025-06-09T06:26:28.922+0000] {subprocess.py:93} INFO - 👀 Total Views: 59
[2025-06-09T06:26:28.922+0000] {subprocess.py:93} INFO - 🛒 Total Cart Adds: 19
[2025-06-09T06:26:28.922+0000] {subprocess.py:93} INFO - ❤️  Total Wishlist Adds: 11
[2025-06-09T06:26:28.923+0000] {subprocess.py:93} INFO - 📦 Total Orders: 11
[2025-06-09T06:26:28.923+0000] {subprocess.py:93} INFO - 💰 Total Revenue: $26089.65
[2025-06-09T06:26:28.923+0000] {subprocess.py:93} INFO - 🕐 Last Updated: 2025-06-09T06:26:28.919089
[2025-06-09T06:26:28.923+0000] {subprocess.py:93} INFO - 
[2025-06-09T06:26:28.923+0000] {subprocess.py:93} INFO - 🔥 Recent Orders:
[2025-06-09T06:26:28.924+0000] {subprocess.py:93} INFO -   • order_52144: $199.99 (1 items)
[2025-06-09T06:26:28.924+0000] {subprocess.py:93} INFO -   • order_18455: $999.99 (1 items)
[2025-06-09T06:26:28.924+0000] {subprocess.py:93} INFO -   • order_73960: $389.97 (2 items)
[2025-06-09T06:26:28.924+0000] {subprocess.py:93} INFO -   • order_62597: $7999.95 (3 items)
[2025-06-09T06:26:28.924+0000] {subprocess.py:93} INFO -   • order_28547: $2489.93 (4 items)
[2025-06-09T06:26:28.925+0000] {subprocess.py:93} INFO - ============================================================
[2025-06-09T06:26:33.930+0000] {subprocess.py:93} INFO - ⏸️ No messages for 65.1s, checking for completion...
[2025-06-09T06:26:33.940+0000] {subprocess.py:93} INFO - 
[2025-06-09T06:26:33.941+0000] {subprocess.py:93} INFO - ============================================================
[2025-06-09T06:26:33.941+0000] {subprocess.py:93} INFO - 📊 REAL-TIME E-COMMERCE DASHBOARD
[2025-06-09T06:26:33.942+0000] {subprocess.py:93} INFO - ============================================================
[2025-06-09T06:26:33.942+0000] {subprocess.py:93} INFO - 👀 Total Views: 59
[2025-06-09T06:26:33.942+0000] {subprocess.py:93} INFO - 🛒 Total Cart Adds: 19
[2025-06-09T06:26:33.943+0000] {subprocess.py:93} INFO - ❤️  Total Wishlist Adds: 11
[2025-06-09T06:26:33.943+0000] {subprocess.py:93} INFO - 📦 Total Orders: 11
[2025-06-09T06:26:33.944+0000] {subprocess.py:93} INFO - 💰 Total Revenue: $26089.65
[2025-06-09T06:26:33.944+0000] {subprocess.py:93} INFO - 🕐 Last Updated: 2025-06-09T06:26:33.934964
[2025-06-09T06:26:33.944+0000] {subprocess.py:93} INFO - 
[2025-06-09T06:26:33.945+0000] {subprocess.py:93} INFO - 🔥 Recent Orders:
[2025-06-09T06:26:33.945+0000] {subprocess.py:93} INFO -   • order_52144: $199.99 (1 items)
[2025-06-09T06:26:33.945+0000] {subprocess.py:93} INFO -   • order_18455: $999.99 (1 items)
[2025-06-09T06:26:33.946+0000] {subprocess.py:93} INFO -   • order_73960: $389.97 (2 items)
[2025-06-09T06:26:33.946+0000] {subprocess.py:93} INFO -   • order_62597: $7999.95 (3 items)
[2025-06-09T06:26:33.946+0000] {subprocess.py:93} INFO -   • order_28547: $2489.93 (4 items)
[2025-06-09T06:26:33.946+0000] {subprocess.py:93} INFO - ============================================================
[2025-06-09T06:26:38.937+0000] {subprocess.py:93} INFO - ⏸️ No messages for 70.1s, checking for completion...
[2025-06-09T06:26:38.940+0000] {subprocess.py:93} INFO - 
[2025-06-09T06:26:38.940+0000] {subprocess.py:93} INFO - ============================================================
[2025-06-09T06:26:38.941+0000] {subprocess.py:93} INFO - 📊 REAL-TIME E-COMMERCE DASHBOARD
[2025-06-09T06:26:38.941+0000] {subprocess.py:93} INFO - ============================================================
[2025-06-09T06:26:38.942+0000] {subprocess.py:93} INFO - 👀 Total Views: 59
[2025-06-09T06:26:38.942+0000] {subprocess.py:93} INFO - 🛒 Total Cart Adds: 19
[2025-06-09T06:26:38.942+0000] {subprocess.py:93} INFO - ❤️  Total Wishlist Adds: 11
[2025-06-09T06:26:38.943+0000] {subprocess.py:93} INFO - 📦 Total Orders: 11
[2025-06-09T06:26:38.943+0000] {subprocess.py:93} INFO - 💰 Total Revenue: $26089.65
[2025-06-09T06:26:38.943+0000] {subprocess.py:93} INFO - 🕐 Last Updated: 2025-06-09T06:26:38.940221
[2025-06-09T06:26:38.944+0000] {subprocess.py:93} INFO - 
[2025-06-09T06:26:38.944+0000] {subprocess.py:93} INFO - 🔥 Recent Orders:
[2025-06-09T06:26:38.944+0000] {subprocess.py:93} INFO -   • order_52144: $199.99 (1 items)
[2025-06-09T06:26:38.945+0000] {subprocess.py:93} INFO -   • order_18455: $999.99 (1 items)
[2025-06-09T06:26:38.945+0000] {subprocess.py:93} INFO -   • order_73960: $389.97 (2 items)
[2025-06-09T06:26:38.945+0000] {subprocess.py:93} INFO -   • order_62597: $7999.95 (3 items)
[2025-06-09T06:26:38.946+0000] {subprocess.py:93} INFO -   • order_28547: $2489.93 (4 items)
[2025-06-09T06:26:38.946+0000] {subprocess.py:93} INFO - ============================================================
[2025-06-09T06:26:43.946+0000] {subprocess.py:93} INFO - ⏸️ No messages for 75.1s, checking for completion...
[2025-06-09T06:26:43.958+0000] {subprocess.py:93} INFO - 
[2025-06-09T06:26:43.959+0000] {subprocess.py:93} INFO - ============================================================
[2025-06-09T06:26:43.959+0000] {subprocess.py:93} INFO - 📊 REAL-TIME E-COMMERCE DASHBOARD
[2025-06-09T06:26:43.960+0000] {subprocess.py:93} INFO - ============================================================
[2025-06-09T06:26:43.960+0000] {subprocess.py:93} INFO - 👀 Total Views: 59
[2025-06-09T06:26:43.960+0000] {subprocess.py:93} INFO - 🛒 Total Cart Adds: 19
[2025-06-09T06:26:43.961+0000] {subprocess.py:93} INFO - ❤️  Total Wishlist Adds: 11
[2025-06-09T06:26:43.961+0000] {subprocess.py:93} INFO - 📦 Total Orders: 11
[2025-06-09T06:26:43.961+0000] {subprocess.py:93} INFO - 💰 Total Revenue: $26089.65
[2025-06-09T06:26:43.962+0000] {subprocess.py:93} INFO - 🕐 Last Updated: 2025-06-09T06:26:43.951849
[2025-06-09T06:26:43.962+0000] {subprocess.py:93} INFO - 
[2025-06-09T06:26:43.962+0000] {subprocess.py:93} INFO - 🔥 Recent Orders:
[2025-06-09T06:26:43.963+0000] {subprocess.py:93} INFO -   • order_52144: $199.99 (1 items)
[2025-06-09T06:26:43.963+0000] {subprocess.py:93} INFO -   • order_18455: $999.99 (1 items)
[2025-06-09T06:26:43.964+0000] {subprocess.py:93} INFO -   • order_73960: $389.97 (2 items)
[2025-06-09T06:26:43.964+0000] {subprocess.py:93} INFO -   • order_62597: $7999.95 (3 items)
[2025-06-09T06:26:43.965+0000] {subprocess.py:93} INFO -   • order_28547: $2489.93 (4 items)
[2025-06-09T06:26:43.965+0000] {subprocess.py:93} INFO - ============================================================
[2025-06-09T06:26:48.965+0000] {subprocess.py:93} INFO - ⏸️ No messages for 80.2s, checking for completion...
[2025-06-09T06:26:48.971+0000] {subprocess.py:93} INFO - 
[2025-06-09T06:26:48.971+0000] {subprocess.py:93} INFO - ============================================================
[2025-06-09T06:26:48.972+0000] {subprocess.py:93} INFO - 📊 REAL-TIME E-COMMERCE DASHBOARD
[2025-06-09T06:26:48.972+0000] {subprocess.py:93} INFO - ============================================================
[2025-06-09T06:26:48.973+0000] {subprocess.py:93} INFO - 👀 Total Views: 59
[2025-06-09T06:26:48.973+0000] {subprocess.py:93} INFO - 🛒 Total Cart Adds: 19
[2025-06-09T06:26:48.973+0000] {subprocess.py:93} INFO - ❤️  Total Wishlist Adds: 11
[2025-06-09T06:26:48.974+0000] {subprocess.py:93} INFO - 📦 Total Orders: 11
[2025-06-09T06:26:48.974+0000] {subprocess.py:93} INFO - 💰 Total Revenue: $26089.65
[2025-06-09T06:26:48.974+0000] {subprocess.py:93} INFO - 🕐 Last Updated: 2025-06-09T06:26:48.969339
[2025-06-09T06:26:48.975+0000] {subprocess.py:93} INFO - 
[2025-06-09T06:26:48.975+0000] {subprocess.py:93} INFO - 🔥 Recent Orders:
[2025-06-09T06:26:48.975+0000] {subprocess.py:93} INFO -   • order_52144: $199.99 (1 items)
[2025-06-09T06:26:48.976+0000] {subprocess.py:93} INFO -   • order_18455: $999.99 (1 items)
[2025-06-09T06:26:48.976+0000] {subprocess.py:93} INFO -   • order_73960: $389.97 (2 items)
[2025-06-09T06:26:48.976+0000] {subprocess.py:93} INFO -   • order_62597: $7999.95 (3 items)
[2025-06-09T06:26:48.977+0000] {subprocess.py:93} INFO -   • order_28547: $2489.93 (4 items)
[2025-06-09T06:26:48.977+0000] {subprocess.py:93} INFO - ============================================================
[2025-06-09T06:26:53.972+0000] {subprocess.py:93} INFO - ⏸️ No messages for 85.2s, checking for completion...
[2025-06-09T06:26:53.978+0000] {subprocess.py:93} INFO - 
[2025-06-09T06:26:53.979+0000] {subprocess.py:93} INFO - ============================================================
[2025-06-09T06:26:53.980+0000] {subprocess.py:93} INFO - 📊 REAL-TIME E-COMMERCE DASHBOARD
[2025-06-09T06:26:53.980+0000] {subprocess.py:93} INFO - ============================================================
[2025-06-09T06:26:53.981+0000] {subprocess.py:93} INFO - 👀 Total Views: 59
[2025-06-09T06:26:53.982+0000] {subprocess.py:93} INFO - 🛒 Total Cart Adds: 19
[2025-06-09T06:26:53.983+0000] {subprocess.py:93} INFO - ❤️  Total Wishlist Adds: 11
[2025-06-09T06:26:53.983+0000] {subprocess.py:93} INFO - 📦 Total Orders: 11
[2025-06-09T06:26:53.984+0000] {subprocess.py:93} INFO - 💰 Total Revenue: $26089.65
[2025-06-09T06:26:53.984+0000] {subprocess.py:93} INFO - 🕐 Last Updated: 2025-06-09T06:26:53.978020
[2025-06-09T06:26:53.985+0000] {subprocess.py:93} INFO - 
[2025-06-09T06:26:53.985+0000] {subprocess.py:93} INFO - 🔥 Recent Orders:
[2025-06-09T06:26:53.986+0000] {subprocess.py:93} INFO -   • order_52144: $199.99 (1 items)
[2025-06-09T06:26:53.986+0000] {subprocess.py:93} INFO -   • order_18455: $999.99 (1 items)
[2025-06-09T06:26:53.987+0000] {subprocess.py:93} INFO -   • order_73960: $389.97 (2 items)
[2025-06-09T06:26:53.987+0000] {subprocess.py:93} INFO -   • order_62597: $7999.95 (3 items)
[2025-06-09T06:26:53.988+0000] {subprocess.py:93} INFO -   • order_28547: $2489.93 (4 items)
[2025-06-09T06:26:53.988+0000] {subprocess.py:93} INFO - ============================================================
[2025-06-09T06:26:53.989+0000] {subprocess.py:93} INFO - ⏰ Timeout reached (90s), stopping consumer
[2025-06-09T06:26:53.989+0000] {subprocess.py:93} INFO - 2025-06-09 06:26:53,988 - kafka.coordinator.heartbeat - INFO - Stopping heartbeat thread
[2025-06-09T06:26:56.995+0000] {subprocess.py:93} INFO - 2025-06-09 06:26:56,992 - kafka.coordinator.heartbeat - WARNING - Heartbeat thread did not fully terminate during close
[2025-06-09T06:26:57.007+0000] {subprocess.py:93} INFO - 2025-06-09 06:26:56,995 - kafka.coordinator - INFO - Leaving consumer group (ecommerce-analytics-20250609).
[2025-06-09T06:26:57.023+0000] {subprocess.py:93} INFO - 2025-06-09 06:26:57,023 - kafka.coordinator - INFO - LeaveGroup request for group ecommerce-analytics-20250609 returned successfully
[2025-06-09T06:26:57.024+0000] {subprocess.py:93} INFO - 2025-06-09 06:26:57,024 - kafka.conn - INFO - <BrokerConnection client_id=kafka-python-2.2.11, node_id=1 host=kafka:29092 <connected> [IPv4 ('172.18.0.5', 29092)]>: Closing connection.
[2025-06-09T06:26:57.026+0000] {subprocess.py:93} INFO - 2025-06-09 06:26:57,026 - kafka.conn - INFO - <BrokerConnection client_id=kafka-python-2.2.11, node_id=coordinator-1 host=kafka:29092 <connected> [IPv4 ('172.18.0.5', 29092)]>: Closing connection.
[2025-06-09T06:26:57.027+0000] {subprocess.py:93} INFO - ✅ Kafka consumer closed
[2025-06-09T06:26:57.028+0000] {subprocess.py:93} INFO - ✅ Redis connection closed
[2025-06-09T06:26:57.028+0000] {subprocess.py:93} INFO - 👋 Consumer completed after processing 20 messages in 96.5 seconds
[2025-06-09T06:26:57.030+0000] {subprocess.py:93} INFO - 
[2025-06-09T06:26:57.030+0000] {subprocess.py:93} INFO - ============================================================
[2025-06-09T06:26:57.030+0000] {subprocess.py:93} INFO - 📊 REAL-TIME E-COMMERCE DASHBOARD
[2025-06-09T06:26:57.031+0000] {subprocess.py:93} INFO - ============================================================
[2025-06-09T06:26:57.031+0000] {subprocess.py:93} INFO - 👀 Total Views: 59
[2025-06-09T06:26:57.031+0000] {subprocess.py:93} INFO - 🛒 Total Cart Adds: 19
[2025-06-09T06:26:57.031+0000] {subprocess.py:93} INFO - ❤️  Total Wishlist Adds: 11
[2025-06-09T06:26:57.031+0000] {subprocess.py:93} INFO - 📦 Total Orders: 11
[2025-06-09T06:26:57.032+0000] {subprocess.py:93} INFO - 💰 Total Revenue: $26089.65
[2025-06-09T06:26:57.032+0000] {subprocess.py:93} INFO - 🕐 Last Updated: 2025-06-09T06:26:57.030127
[2025-06-09T06:26:57.032+0000] {subprocess.py:93} INFO - 
[2025-06-09T06:26:57.033+0000] {subprocess.py:93} INFO - 🔥 Recent Orders:
[2025-06-09T06:26:57.033+0000] {subprocess.py:93} INFO -   • order_52144: $199.99 (1 items)
[2025-06-09T06:26:57.033+0000] {subprocess.py:93} INFO -   • order_18455: $999.99 (1 items)
[2025-06-09T06:26:57.034+0000] {subprocess.py:93} INFO -   • order_73960: $389.97 (2 items)
[2025-06-09T06:26:57.034+0000] {subprocess.py:93} INFO -   • order_62597: $7999.95 (3 items)
[2025-06-09T06:26:57.034+0000] {subprocess.py:93} INFO -   • order_28547: $2489.93 (4 items)
[2025-06-09T06:26:57.034+0000] {subprocess.py:93} INFO - ============================================================
[2025-06-09T06:26:57.095+0000] {subprocess.py:97} INFO - Command exited with return code 0
[2025-06-09T06:26:57.125+0000] {taskinstance.py:1138} INFO - Marking task as SUCCESS. dag_id=kafka_ecommerce_pipeline, task_id=run_kafka_consumer, execution_date=20250609T062000, start_date=20250609T062520, end_date=20250609T062657
[2025-06-09T06:26:57.198+0000] {local_task_job_runner.py:234} INFO - Task exited with return code 0
[2025-06-09T06:26:57.231+0000] {taskinstance.py:3280} INFO - 1 downstream tasks scheduled from follow-on schedule check
