[2025-06-09T09:25:07.392+0000] {taskinstance.py:1956} INFO - Dependencies all met for dep_context=non-requeueable deps ti=<TaskInstance: kafka_ecommerce_pipeline.verify_pipeline_results scheduled__2025-06-09T09:22:00+00:00 [queued]>
[2025-06-09T09:25:07.396+0000] {taskinstance.py:1956} INFO - Dependencies all met for dep_context=requeueable deps ti=<TaskInstance: kafka_ecommerce_pipeline.verify_pipeline_results scheduled__2025-06-09T09:22:00+00:00 [queued]>
[2025-06-09T09:25:07.397+0000] {taskinstance.py:2170} INFO - Starting attempt 1 of 3
[2025-06-09T09:25:07.402+0000] {taskinstance.py:2191} INFO - Executing <Task(PythonOperator): verify_pipeline_results> on 2025-06-09 09:22:00+00:00
[2025-06-09T09:25:07.404+0000] {standard_task_runner.py:60} INFO - Started process 1131 to run task
[2025-06-09T09:25:07.407+0000] {standard_task_runner.py:87} INFO - Running: ['***', 'tasks', 'run', 'kafka_ecommerce_pipeline', 'verify_pipeline_results', 'scheduled__2025-06-09T09:22:00+00:00', '--job-id', '63', '--raw', '--subdir', 'DAGS_FOLDER/kafka_data_pipeline.py', '--cfg-path', '/tmp/tmp5g6ru2no']
[2025-06-09T09:25:07.408+0000] {standard_task_runner.py:88} INFO - Job 63: Subtask verify_pipeline_results
[2025-06-09T09:25:07.443+0000] {task_command.py:423} INFO - Running <TaskInstance: kafka_ecommerce_pipeline.verify_pipeline_results scheduled__2025-06-09T09:22:00+00:00 [running]> on host 93140bc61108
[2025-06-09T09:25:07.484+0000] {taskinstance.py:2480} INFO - Exporting env vars: AIRFLOW_CTX_DAG_OWNER='data-engineering-team' AIRFLOW_CTX_DAG_ID='kafka_ecommerce_pipeline' AIRFLOW_CTX_TASK_ID='verify_pipeline_results' AIRFLOW_CTX_EXECUTION_DATE='2025-06-09T09:22:00+00:00' AIRFLOW_CTX_TRY_NUMBER='1' AIRFLOW_CTX_DAG_RUN_ID='scheduled__2025-06-09T09:22:00+00:00'
[2025-06-09T09:25:07.486+0000] {kafka_data_pipeline.py:175} INFO - 📊 Pipeline Results:
[2025-06-09T09:25:07.487+0000] {kafka_data_pipeline.py:176} INFO -  👀 Total Views: 176
[2025-06-09T09:25:07.487+0000] {kafka_data_pipeline.py:177} INFO -  🛒 Total Cart Adds: 84
[2025-06-09T09:25:07.487+0000] {kafka_data_pipeline.py:178} INFO -  ❤️ Total Wishlist Adds: 44
[2025-06-09T09:25:07.487+0000] {kafka_data_pipeline.py:179} INFO -  📦 Total Orders: 36
[2025-06-09T09:25:07.487+0000] {kafka_data_pipeline.py:180} INFO -  💰 Total Revenue: $89998.44
[2025-06-09T09:25:07.487+0000] {kafka_data_pipeline.py:181} INFO -  🕐 Last Updated: 2025-06-09T09:24:56.492904
[2025-06-09T09:25:07.487+0000] {kafka_data_pipeline.py:186} INFO - 🔥 Recent Orders:
[2025-06-09T09:25:07.488+0000] {kafka_data_pipeline.py:189} INFO -  • order_bce99ae0: $3089.96 (3 items)
[2025-06-09T09:25:07.488+0000] {kafka_data_pipeline.py:189} INFO -  • order_460ef429: $959.97 (2 items)
[2025-06-09T09:25:07.488+0000] {kafka_data_pipeline.py:189} INFO -  • order_d3974f91: $6089.94 (4 items)
[2025-06-09T09:25:07.488+0000] {kafka_data_pipeline.py:189} INFO -  • order_7df7809d: $3299.92 (5 items)
[2025-06-09T09:25:07.488+0000] {kafka_data_pipeline.py:189} INFO -  • order_77e2fcdd: $4529.94 (4 items)
[2025-06-09T09:25:07.488+0000] {kafka_data_pipeline.py:194} INFO - ✅ Pipeline completed successfully - Last activity: 2025-06-09T09:24:56.496240
[2025-06-09T09:25:07.488+0000] {python.py:201} INFO - Done. Returned value was: None
[2025-06-09T09:25:07.493+0000] {taskinstance.py:1138} INFO - Marking task as SUCCESS. dag_id=kafka_ecommerce_pipeline, task_id=verify_pipeline_results, execution_date=20250609T092200, start_date=20250609T092507, end_date=20250609T092507
[2025-06-09T09:25:07.505+0000] {local_task_job_runner.py:234} INFO - Task exited with return code 0
[2025-06-09T09:25:07.520+0000] {taskinstance.py:3280} INFO - 1 downstream tasks scheduled from follow-on schedule check
