[2025-06-09T05:21:35.569+0000] {taskinstance.py:1956} INFO - Dependencies all met for dep_context=non-requeueable deps ti=<TaskInstance: kafka_data_pipeline.run_kafka_producer manual__2025-06-09T05:20:50.382266+00:00 [queued]>
[2025-06-09T05:21:35.573+0000] {taskinstance.py:1956} INFO - Dependencies all met for dep_context=requeueable deps ti=<TaskInstance: kafka_data_pipeline.run_kafka_producer manual__2025-06-09T05:20:50.382266+00:00 [queued]>
[2025-06-09T05:21:35.573+0000] {taskinstance.py:2170} INFO - Starting attempt 1 of 4
[2025-06-09T05:21:35.579+0000] {taskinstance.py:2191} INFO - Executing <Task(BashOperator): run_kafka_producer> on 2025-06-09 05:20:50.382266+00:00
[2025-06-09T05:21:35.583+0000] {standard_task_runner.py:60} INFO - Started process 164 to run task
[2025-06-09T05:21:35.585+0000] {standard_task_runner.py:87} INFO - Running: ['***', 'tasks', 'run', 'kafka_data_pipeline', 'run_kafka_producer', 'manual__2025-06-09T05:20:50.382266+00:00', '--job-id', '6', '--raw', '--subdir', 'DAGS_FOLDER/kafka_data_pipeline.py', '--cfg-path', '/tmp/tmp4ubvjxza']
[2025-06-09T05:21:35.586+0000] {standard_task_runner.py:88} INFO - Job 6: Subtask run_kafka_producer
[2025-06-09T05:21:35.621+0000] {task_command.py:423} INFO - Running <TaskInstance: kafka_data_pipeline.run_kafka_producer manual__2025-06-09T05:20:50.382266+00:00 [running]> on host 8c411d6bf824
[2025-06-09T05:21:35.660+0000] {taskinstance.py:2480} INFO - Exporting env vars: AIRFLOW_CTX_DAG_OWNER='***' AIRFLOW_CTX_DAG_ID='kafka_data_pipeline' AIRFLOW_CTX_TASK_ID='run_kafka_producer' AIRFLOW_CTX_EXECUTION_DATE='2025-06-09T05:20:50.382266+00:00' AIRFLOW_CTX_TRY_NUMBER='1' AIRFLOW_CTX_DAG_RUN_ID='manual__2025-06-09T05:20:50.382266+00:00'
[2025-06-09T05:21:35.661+0000] {subprocess.py:63} INFO - Tmp dir root location: /tmp
[2025-06-09T05:21:35.662+0000] {subprocess.py:75} INFO - Running command: ['/usr/bin/bash', '-c', 'python /opt/***/ecom_etl/kafka_scripts/producer.py']
[2025-06-09T05:21:35.672+0000] {subprocess.py:86} INFO - Output:
[2025-06-09T05:21:35.890+0000] {subprocess.py:93} INFO - 🚀 Starting E-Commerce Event Producer
[2025-06-09T05:21:35.890+0000] {subprocess.py:93} INFO - 🔗 Kafka: kafka:29092
[2025-06-09T05:21:35.891+0000] {subprocess.py:93} INFO - 📊 Topics:
[2025-06-09T05:21:35.891+0000] {subprocess.py:93} INFO -    - ecommerce.product.views
[2025-06-09T05:21:35.891+0000] {subprocess.py:93} INFO -    - ecommerce.cart.add
[2025-06-09T05:21:35.891+0000] {subprocess.py:93} INFO -    - ecommerce.wishlist.add
[2025-06-09T05:21:35.891+0000] {subprocess.py:93} INFO -    - ecommerce.orders.completed
[2025-06-09T05:21:35.891+0000] {subprocess.py:93} INFO - 🚀 Initializing Kafka producer with bootstrap servers: kafka:29092
[2025-06-09T05:21:35.921+0000] {subprocess.py:93} INFO - ✅ Successfully connected to Kafka
[2025-06-09T05:21:35.922+0000] {subprocess.py:93} INFO - 
[2025-06-09T05:21:35.922+0000] {subprocess.py:93} INFO - 🔄 Starting e-commerce event simulation...
[2025-06-09T05:21:35.922+0000] {subprocess.py:93} INFO - 🚀 Starting simulation for 20 events at 2 events/second
[2025-06-09T05:21:36.018+0000] {subprocess.py:93} INFO - 🛒 Sent add_to_cart to ecommerce.cart.add - Product: Nike Air Max
[2025-06-09T05:21:36.124+0000] {subprocess.py:93} INFO - ✅ Sent product_view to ecommerce.product.views - Product: Nike Air Max
[2025-06-09T05:21:36.633+0000] {subprocess.py:93} INFO - 💰 Sent order to ecommerce.orders.completed - Order: order_96068
[2025-06-09T05:21:36.634+0000] {subprocess.py:93} INFO - ✅ Sent product_view to ecommerce.product.views - Product: Coffee Maker
[2025-06-09T05:21:37.137+0000] {subprocess.py:93} INFO - ✅ Sent product_view to ecommerce.product.views - Product: Coffee Maker
[2025-06-09T05:21:37.138+0000] {subprocess.py:93} INFO - ✅ Sent product_view to ecommerce.product.views - Product: Wireless Headphones
[2025-06-09T05:21:37.641+0000] {subprocess.py:93} INFO - 🛒 Sent add_to_cart to ecommerce.cart.add - Product: Levi's Jeans
[2025-06-09T05:21:37.641+0000] {subprocess.py:93} INFO - ✅ Sent product_view to ecommerce.product.views - Product: Adidas Sneakers
[2025-06-09T05:21:38.145+0000] {subprocess.py:93} INFO - ✅ Sent product_view to ecommerce.product.views - Product: Adidas Sneakers
[2025-06-09T05:21:38.148+0000] {subprocess.py:93} INFO - ✅ Sent product_view to ecommerce.product.views - Product: Samsung 4K TV
[2025-06-09T05:21:38.149+0000] {subprocess.py:93} INFO - 📊 Progress: 10/20 events in 2.2 seconds
[2025-06-09T05:21:38.649+0000] {subprocess.py:93} INFO - 🛒 Sent add_to_cart to ecommerce.cart.add - Product: Samsung 4K TV
[2025-06-09T05:21:38.650+0000] {subprocess.py:93} INFO - ✅ Sent product_view to ecommerce.product.views - Product: Nike Air Max
[2025-06-09T05:21:39.159+0000] {subprocess.py:93} INFO - ❤️  Sent wishlist_add to ecommerce.wishlist.add - Product: iPhone 15 Pro
[2025-06-09T05:21:39.161+0000] {subprocess.py:93} INFO - 🛒 Sent add_to_cart to ecommerce.cart.add - Product: Adidas Sneakers
[2025-06-09T05:21:39.667+0000] {subprocess.py:93} INFO - ✅ Sent product_view to ecommerce.product.views - Product: iPhone 15 Pro
[2025-06-09T05:21:39.668+0000] {subprocess.py:93} INFO - ✅ Sent product_view to ecommerce.product.views - Product: Levi's Jeans
[2025-06-09T05:21:40.173+0000] {subprocess.py:93} INFO - 🛒 Sent add_to_cart to ecommerce.cart.add - Product: Adidas Sneakers
[2025-06-09T05:21:40.174+0000] {subprocess.py:93} INFO - 🛒 Sent add_to_cart to ecommerce.cart.add - Product: Coffee Maker
[2025-06-09T05:21:40.677+0000] {subprocess.py:93} INFO - ✅ Sent product_view to ecommerce.product.views - Product: Samsung 4K TV
[2025-06-09T05:21:40.678+0000] {subprocess.py:93} INFO - ✅ Sent product_view to ecommerce.product.views - Product: Adidas Sneakers
[2025-06-09T05:21:40.678+0000] {subprocess.py:93} INFO - 📊 Progress: 20/20 events in 4.8 seconds
[2025-06-09T05:21:40.680+0000] {subprocess.py:93} INFO - 
[2025-06-09T05:21:40.680+0000] {subprocess.py:93} INFO - 📈 Simulation completed! Generated 20 events in 4.8 seconds
[2025-06-09T05:21:40.732+0000] {subprocess.py:97} INFO - Command exited with return code 0
[2025-06-09T05:21:40.767+0000] {taskinstance.py:1138} INFO - Marking task as SUCCESS. dag_id=kafka_data_pipeline, task_id=run_kafka_producer, execution_date=20250609T052050, start_date=20250609T052135, end_date=20250609T052140
[2025-06-09T05:21:40.797+0000] {local_task_job_runner.py:234} INFO - Task exited with return code 0
[2025-06-09T05:21:40.824+0000] {taskinstance.py:3280} INFO - 1 downstream tasks scheduled from follow-on schedule check
