[2025-06-09T06:19:24.445+0000] {taskinstance.py:1956} INFO - Dependencies all met for dep_context=non-requeueable deps ti=<TaskInstance: kafka_ecommerce_pipeline.monitor_system_resources manual__2025-06-09T06:17:20.404493+00:00 [queued]>
[2025-06-09T06:19:24.450+0000] {taskinstance.py:1956} INFO - Dependencies all met for dep_context=requeueable deps ti=<TaskInstance: kafka_ecommerce_pipeline.monitor_system_resources manual__2025-06-09T06:17:20.404493+00:00 [queued]>
[2025-06-09T06:19:24.450+0000] {taskinstance.py:2170} INFO - Starting attempt 1 of 3
[2025-06-09T06:19:24.456+0000] {taskinstance.py:2191} INFO - Executing <Task(BashOperator): monitor_system_resources> on 2025-06-09 06:17:20.404493+00:00
[2025-06-09T06:19:24.458+0000] {standard_task_runner.py:60} INFO - Started process 565 to run task
[2025-06-09T06:19:24.460+0000] {standard_task_runner.py:87} INFO - Running: ['***', 'tasks', 'run', 'kafka_ecommerce_pipeline', 'monitor_system_resources', 'manual__2025-06-09T06:17:20.404493+00:00', '--job-id', '30', '--raw', '--subdir', 'DAGS_FOLDER/kafka_data_pipeline.py', '--cfg-path', '/tmp/tmpcqd6sd6w']
[2025-06-09T06:19:24.461+0000] {standard_task_runner.py:88} INFO - Job 30: Subtask monitor_system_resources
[2025-06-09T06:19:24.488+0000] {task_command.py:423} INFO - Running <TaskInstance: kafka_ecommerce_pipeline.monitor_system_resources manual__2025-06-09T06:17:20.404493+00:00 [running]> on host 214da608bc37
[2025-06-09T06:19:24.537+0000] {taskinstance.py:2480} INFO - Exporting env vars: AIRFLOW_CTX_DAG_OWNER='data-engineering-team' AIRFLOW_CTX_DAG_ID='kafka_ecommerce_pipeline' AIRFLOW_CTX_TASK_ID='monitor_system_resources' AIRFLOW_CTX_EXECUTION_DATE='2025-06-09T06:17:20.404493+00:00' AIRFLOW_CTX_TRY_NUMBER='1' AIRFLOW_CTX_DAG_RUN_ID='manual__2025-06-09T06:17:20.404493+00:00'
[2025-06-09T06:19:24.538+0000] {subprocess.py:63} INFO - Tmp dir root location: /tmp
[2025-06-09T06:19:24.539+0000] {subprocess.py:75} INFO - Running command: ['/usr/bin/bash', '-c', '\n    echo "💻 System Resource Usage:"\n    echo "Memory: $(free -h | grep Mem | awk \'{print $3 "/" $2}\')"\n    echo "Disk: $(df -h / | tail -1 | awk \'{print $3 "/" $2 " (" $5 " used)"}\')"\n    echo "Load: $(uptime | awk -F\'load average:\' \'{print $2}\')"\n    ']
[2025-06-09T06:19:24.550+0000] {subprocess.py:86} INFO - Output:
[2025-06-09T06:19:24.555+0000] {subprocess.py:93} INFO - 💻 System Resource Usage:
[2025-06-09T06:19:24.556+0000] {subprocess.py:93} INFO - /usr/bin/bash: line 3: free: command not found
[2025-06-09T06:19:24.559+0000] {subprocess.py:93} INFO - Memory:
[2025-06-09T06:19:24.563+0000] {subprocess.py:93} INFO - Disk: 11G/1007G (2% used)
[2025-06-09T06:19:24.564+0000] {subprocess.py:93} INFO - /usr/bin/bash: line 5: uptime: command not found
[2025-06-09T06:19:24.565+0000] {subprocess.py:93} INFO - Load:
[2025-06-09T06:19:24.565+0000] {subprocess.py:97} INFO - Command exited with return code 0
[2025-06-09T06:19:24.586+0000] {taskinstance.py:1138} INFO - Marking task as SUCCESS. dag_id=kafka_ecommerce_pipeline, task_id=monitor_system_resources, execution_date=20250609T061720, start_date=20250609T061924, end_date=20250609T061924
[2025-06-09T06:19:24.600+0000] {local_task_job_runner.py:234} INFO - Task exited with return code 0
[2025-06-09T06:19:24.616+0000] {taskinstance.py:3280} INFO - 1 downstream tasks scheduled from follow-on schedule check
