[2025-06-09T06:03:38.453+0000] {taskinstance.py:1956} INFO - Dependencies all met for dep_context=non-requeueable deps ti=<TaskInstance: kafka_ecommerce_pipeline.run_kafka_consumer scheduled__2025-06-09T05:55:00+00:00 [queued]>
[2025-06-09T06:03:38.461+0000] {taskinstance.py:1956} INFO - Dependencies all met for dep_context=requeueable deps ti=<TaskInstance: kafka_ecommerce_pipeline.run_kafka_consumer scheduled__2025-06-09T05:55:00+00:00 [queued]>
[2025-06-09T06:03:38.462+0000] {taskinstance.py:2170} INFO - Starting attempt 1 of 3
[2025-06-09T06:03:38.475+0000] {taskinstance.py:2191} INFO - Executing <Task(BashOperator): run_kafka_consumer> on 2025-06-09 05:55:00+00:00
[2025-06-09T06:03:38.478+0000] {standard_task_runner.py:60} INFO - Started process 524 to run task
[2025-06-09T06:03:38.482+0000] {standard_task_runner.py:87} INFO - Running: ['***', 'tasks', 'run', 'kafka_ecommerce_pipeline', 'run_kafka_consumer', 'scheduled__2025-06-09T05:55:00+00:00', '--job-id', '29', '--raw', '--subdir', 'DAGS_FOLDER/kafka_data_pipeline.py', '--cfg-path', '/tmp/tmpixjhuth_']
[2025-06-09T06:03:38.483+0000] {standard_task_runner.py:88} INFO - Job 29: Subtask run_kafka_consumer
[2025-06-09T06:03:38.514+0000] {task_command.py:423} INFO - Running <TaskInstance: kafka_ecommerce_pipeline.run_kafka_consumer scheduled__2025-06-09T05:55:00+00:00 [running]> on host a66d86572bec
[2025-06-09T06:03:38.569+0000] {taskinstance.py:2480} INFO - Exporting env vars: AIRFLOW_CTX_DAG_OWNER='data-engineering-team' AIRFLOW_CTX_DAG_ID='kafka_ecommerce_pipeline' AIRFLOW_CTX_TASK_ID='run_kafka_consumer' AIRFLOW_CTX_EXECUTION_DATE='2025-06-09T05:55:00+00:00' AIRFLOW_CTX_TRY_NUMBER='1' AIRFLOW_CTX_DAG_RUN_ID='scheduled__2025-06-09T05:55:00+00:00'
[2025-06-09T06:03:38.570+0000] {subprocess.py:63} INFO - Tmp dir root location: /tmp
[2025-06-09T06:03:38.574+0000] {subprocess.py:75} INFO - Running command: ['/usr/bin/bash', '-c', 'cd /opt/***/ecom_etl/ && python kafka_scripts/consumer.py']
[2025-06-09T06:03:38.582+0000] {subprocess.py:86} INFO - Output:
[2025-06-09T06:03:38.769+0000] {subprocess.py:93} INFO - 🚀 Starting E-Commerce Event Consumer
[2025-06-09T06:03:38.771+0000] {subprocess.py:93} INFO - 🔗 Kafka: kafka:29092
[2025-06-09T06:03:38.772+0000] {subprocess.py:93} INFO - 🔴 Redis: redis:6379
[2025-06-09T06:03:38.773+0000] {subprocess.py:93} INFO - 🚀 Initializing Kafka consumer with bootstrap servers: kafka:29092
[2025-06-09T06:03:38.773+0000] {subprocess.py:93} INFO - 🔌 Connecting to Redis at redis:6379
[2025-06-09T06:03:38.773+0000] {subprocess.py:93} INFO - 2025-06-09 06:03:38,772 - kafka.conn - INFO - <BrokerConnection client_id=kafka-python-2.2.11, node_id=bootstrap-0 host=kafka:29092 <connecting> [IPv4 ('172.18.0.6', 29092)]>: connecting to kafka:29092 [('172.18.0.6', 29092) IPv4]
[2025-06-09T06:03:38.776+0000] {subprocess.py:93} INFO - 2025-06-09 06:03:38,775 - kafka.conn - INFO - <BrokerConnection client_id=kafka-python-2.2.11, node_id=bootstrap-0 host=kafka:29092 <checking_api_versions_recv> [IPv4 ('172.18.0.6', 29092)]>: Broker version identified as 2.6
[2025-06-09T06:03:38.776+0000] {subprocess.py:93} INFO - 2025-06-09 06:03:38,775 - kafka.conn - INFO - <BrokerConnection client_id=kafka-python-2.2.11, node_id=bootstrap-0 host=kafka:29092 <connected> [IPv4 ('172.18.0.6', 29092)]>: Connection complete.
[2025-06-09T06:03:38.777+0000] {subprocess.py:93} INFO - 2025-06-09 06:03:38,776 - kafka.consumer.subscription_state - INFO - Updating subscribed topics to: ('ecommerce.product.views', 'ecommerce.cart.add', 'ecommerce.wishlist.add', 'ecommerce.orders.completed')
[2025-06-09T06:03:38.777+0000] {subprocess.py:93} INFO - ✅ Successfully connected to Kafka
[2025-06-09T06:03:38.778+0000] {subprocess.py:93} INFO - ✅ Successfully connected to Redis
[2025-06-09T06:03:38.778+0000] {subprocess.py:93} INFO - 📊 Loaded existing metrics: {'total_views': 23, 'total_cart_adds': 10, 'total_wishlist_adds': 3, 'total_orders': 4, 'total_revenue': 9989.78}
[2025-06-09T06:03:38.778+0000] {subprocess.py:93} INFO - 🚀 Starting Kafka consumer...
[2025-06-09T06:03:38.778+0000] {subprocess.py:93} INFO - 📊 Subscribed to Topics: {'ecommerce.orders.completed', 'ecommerce.wishlist.add', 'ecommerce.cart.add', 'ecommerce.product.views'}
[2025-06-09T06:03:38.779+0000] {subprocess.py:93} INFO - 🔍 Will process up to 100 messages or run for 90 seconds
[2025-06-09T06:03:38.781+0000] {subprocess.py:93} INFO - 2025-06-09 06:03:38,781 - kafka.conn - INFO - <BrokerConnection client_id=kafka-python-2.2.11, node_id=1 host=kafka:29092 <connecting> [IPv4 ('172.18.0.6', 29092)]>: connecting to kafka:29092 [('172.18.0.6', 29092) IPv4]
[2025-06-09T06:03:38.781+0000] {subprocess.py:93} INFO - 2025-06-09 06:03:38,781 - kafka.conn - INFO - <BrokerConnection client_id=kafka-python-2.2.11, node_id=1 host=kafka:29092 <connected> [IPv4 ('172.18.0.6', 29092)]>: Connection complete.
[2025-06-09T06:03:38.781+0000] {subprocess.py:93} INFO - 2025-06-09 06:03:38,781 - kafka.conn - INFO - <BrokerConnection client_id=kafka-python-2.2.11, node_id=bootstrap-0 host=kafka:29092 <connected> [IPv4 ('172.18.0.6', 29092)]>: Closing connection.
[2025-06-09T06:03:38.886+0000] {subprocess.py:93} INFO - 2025-06-09 06:03:38,886 - kafka.cluster - INFO - Coordinator for group/ecommerce-analytics-20250609 is BrokerMetadata(nodeId='coordinator-1', host='kafka', port=29092, rack=None)
[2025-06-09T06:03:38.886+0000] {subprocess.py:93} INFO - 2025-06-09 06:03:38,886 - kafka.coordinator - INFO - Discovered coordinator coordinator-1 for group ecommerce-analytics-20250609
[2025-06-09T06:03:38.887+0000] {subprocess.py:93} INFO - 2025-06-09 06:03:38,886 - kafka.coordinator.heartbeat - INFO - Starting new heartbeat thread
[2025-06-09T06:03:38.887+0000] {subprocess.py:93} INFO - 2025-06-09 06:03:38,886 - kafka.coordinator.consumer - INFO - Revoking previously assigned partitions set() for group ecommerce-analytics-20250609
[2025-06-09T06:03:38.887+0000] {subprocess.py:93} INFO - 2025-06-09 06:03:38,886 - kafka.coordinator - INFO - Failed to join group ecommerce-analytics-20250609: NodeNotReadyError: coordinator-1
[2025-06-09T06:03:38.887+0000] {subprocess.py:93} INFO - 2025-06-09 06:03:38,887 - kafka.conn - INFO - <BrokerConnection client_id=kafka-python-2.2.11, node_id=coordinator-1 host=kafka:29092 <connecting> [IPv4 ('172.18.0.6', 29092)]>: connecting to kafka:29092 [('172.18.0.6', 29092) IPv4]
[2025-06-09T06:03:38.887+0000] {subprocess.py:93} INFO - 2025-06-09 06:03:38,887 - kafka.conn - INFO - <BrokerConnection client_id=kafka-python-2.2.11, node_id=coordinator-1 host=kafka:29092 <connected> [IPv4 ('172.18.0.6', 29092)]>: Connection complete.
[2025-06-09T06:03:38.989+0000] {subprocess.py:93} INFO - 2025-06-09 06:03:38,988 - kafka.coordinator - INFO - (Re-)joining group ecommerce-analytics-20250609
[2025-06-09T06:03:38.993+0000] {subprocess.py:93} INFO - 2025-06-09 06:03:38,993 - kafka.coordinator - INFO - Received member id kafka-python-2.2.11-97bd6724-dab0-4376-88b1-5dc4716f766f for group ecommerce-analytics-20250609; will retry join-group
[2025-06-09T06:03:38.994+0000] {subprocess.py:93} INFO - 2025-06-09 06:03:38,993 - kafka.coordinator - INFO - Failed to join group ecommerce-analytics-20250609: [Error 79] MemberIdRequiredError
[2025-06-09T06:03:38.994+0000] {subprocess.py:93} INFO - 2025-06-09 06:03:38,993 - kafka.coordinator - INFO - (Re-)joining group ecommerce-analytics-20250609
[2025-06-09T06:03:42.032+0000] {subprocess.py:93} INFO - 2025-06-09 06:03:42,028 - kafka.coordinator - INFO - Successfully joined group ecommerce-analytics-20250609 <Generation 7 (member_id: kafka-python-2.2.11-97bd6724-dab0-4376-88b1-5dc4716f766f, protocol: range)>
[2025-06-09T06:03:42.047+0000] {subprocess.py:93} INFO - 2025-06-09 06:03:42,029 - kafka.coordinator - INFO - Elected group leader -- performing partition assignments using range
[2025-06-09T06:03:42.062+0000] {subprocess.py:93} INFO - 2025-06-09 06:03:42,061 - kafka.consumer.subscription_state - INFO - Updated partition assignment: [TopicPartition(topic='ecommerce.cart.add', partition=0), TopicPartition(topic='ecommerce.orders.completed', partition=0), TopicPartition(topic='ecommerce.product.views', partition=0), TopicPartition(topic='ecommerce.wishlist.add', partition=0)]
[2025-06-09T06:03:42.062+0000] {subprocess.py:93} INFO - 2025-06-09 06:03:42,062 - kafka.coordinator.consumer - INFO - Setting newly assigned partitions {TopicPartition(topic='ecommerce.orders.completed', partition=0), TopicPartition(topic='ecommerce.cart.add', partition=0), TopicPartition(topic='ecommerce.product.views', partition=0), TopicPartition(topic='ecommerce.wishlist.add', partition=0)} for group ecommerce-analytics-20250609
[2025-06-09T06:03:42.082+0000] {subprocess.py:93} INFO - 👀 Product View: Levi's Jeans by user_018
[2025-06-09T06:03:42.086+0000] {subprocess.py:93} INFO - kafka_scripts/consumer.py:280: DeprecationWarning: Redis.hmset() is deprecated. Use Redis.hset() instead.
[2025-06-09T06:03:42.086+0000] {subprocess.py:93} INFO -   self.redis_client.hmset("metrics:totals", {
[2025-06-09T06:03:42.086+0000] {subprocess.py:93} INFO - 👀 Product View: Samsung 4K TV by user_078
[2025-06-09T06:03:42.087+0000] {subprocess.py:93} INFO - 👀 Product View: Wireless Headphones by user_007
[2025-06-09T06:03:42.088+0000] {subprocess.py:93} INFO - 👀 Product View: iPhone 15 Pro by user_084
[2025-06-09T06:03:42.089+0000] {subprocess.py:93} INFO - 👀 Product View: Nike Air Max by user_066
[2025-06-09T06:03:42.090+0000] {subprocess.py:93} INFO - 👀 Product View: Levi's Jeans by user_035
[2025-06-09T06:03:42.091+0000] {subprocess.py:93} INFO - 👀 Product View: Coffee Maker by user_044
[2025-06-09T06:03:42.092+0000] {subprocess.py:93} INFO - 👀 Product View: Wireless Headphones by user_017
[2025-06-09T06:03:42.093+0000] {subprocess.py:93} INFO - 👀 Product View: Coffee Maker by user_004
[2025-06-09T06:03:42.093+0000] {subprocess.py:93} INFO - 🛒 Cart Add: 2x Wireless Headphones by user_032 ($399.98)
[2025-06-09T06:03:42.094+0000] {subprocess.py:93} INFO - 📊 Processed 10 messages in 3.3 seconds
[2025-06-09T06:03:42.095+0000] {subprocess.py:93} INFO - 
[2025-06-09T06:03:42.095+0000] {subprocess.py:93} INFO - ============================================================
[2025-06-09T06:03:42.095+0000] {subprocess.py:93} INFO - 📊 REAL-TIME E-COMMERCE DASHBOARD
[2025-06-09T06:03:42.095+0000] {subprocess.py:93} INFO - ============================================================
[2025-06-09T06:03:42.095+0000] {subprocess.py:93} INFO - 👀 Total Views: 32
[2025-06-09T06:03:42.096+0000] {subprocess.py:93} INFO - 🛒 Total Cart Adds: 11
[2025-06-09T06:03:42.096+0000] {subprocess.py:93} INFO - ❤️  Total Wishlist Adds: 3
[2025-06-09T06:03:42.096+0000] {subprocess.py:93} INFO - 📦 Total Orders: 4
[2025-06-09T06:03:42.096+0000] {subprocess.py:93} INFO - 💰 Total Revenue: $9989.78
[2025-06-09T06:03:42.096+0000] {subprocess.py:93} INFO - 🕐 Last Updated: 2025-06-09T06:03:42.095431
[2025-06-09T06:03:42.096+0000] {subprocess.py:93} INFO - 
[2025-06-09T06:03:42.096+0000] {subprocess.py:93} INFO - 🔥 Recent Orders:
[2025-06-09T06:03:42.096+0000] {subprocess.py:93} INFO -   • order_97916: $159.98 (1 items)
[2025-06-09T06:03:42.097+0000] {subprocess.py:93} INFO -   • order_53633: $569.95 (3 items)
[2025-06-09T06:03:42.097+0000] {subprocess.py:93} INFO -   • order_84951: $859.93 (4 items)
[2025-06-09T06:03:42.097+0000] {subprocess.py:93} INFO -   • order_47742: $8399.92 (4 items)
[2025-06-09T06:03:42.097+0000] {subprocess.py:93} INFO - ============================================================
[2025-06-09T06:03:42.097+0000] {subprocess.py:93} INFO - 🛒 Cart Add: 1x Samsung 4K TV by user_100 ($799.99)
[2025-06-09T06:03:42.097+0000] {subprocess.py:93} INFO - 🛒 Cart Add: 3x Wireless Headphones by user_091 ($599.97)
[2025-06-09T06:03:42.097+0000] {subprocess.py:93} INFO - 🛒 Cart Add: 3x Nike Air Max by user_040 ($389.97)
[2025-06-09T06:03:42.098+0000] {subprocess.py:93} INFO - 🛒 Cart Add: 3x Nike Air Max by user_054 ($389.97)
[2025-06-09T06:03:42.099+0000] {subprocess.py:93} INFO - 💰 Order: order_32396 by user_005 - $1599.98 (1 items)
[2025-06-09T06:03:42.101+0000] {subprocess.py:93} INFO - 💰 Order: order_40081 by user_099 - $2329.94 (4 items)
[2025-06-09T06:03:42.103+0000] {subprocess.py:93} INFO - 💰 Order: order_30869 by user_031 - $1159.97 (2 items)
[2025-06-09T06:03:42.105+0000] {subprocess.py:93} INFO - 💰 Order: order_39669 by user_017 - $1999.98 (2 items)
[2025-06-09T06:03:42.106+0000] {subprocess.py:93} INFO - ❤️  Wishlist Add: MacBook Pro by user_088
[2025-06-09T06:03:42.107+0000] {subprocess.py:93} INFO - ❤️  Wishlist Add: iPhone 15 Pro by user_090
[2025-06-09T06:03:42.108+0000] {subprocess.py:93} INFO - 📊 Processed 20 messages in 3.3 seconds
[2025-06-09T06:03:42.109+0000] {subprocess.py:93} INFO - 
[2025-06-09T06:03:42.109+0000] {subprocess.py:93} INFO - ============================================================
[2025-06-09T06:03:42.109+0000] {subprocess.py:93} INFO - 📊 REAL-TIME E-COMMERCE DASHBOARD
[2025-06-09T06:03:42.109+0000] {subprocess.py:93} INFO - ============================================================
[2025-06-09T06:03:42.109+0000] {subprocess.py:93} INFO - 👀 Total Views: 32
[2025-06-09T06:03:42.110+0000] {subprocess.py:93} INFO - 🛒 Total Cart Adds: 15
[2025-06-09T06:03:42.110+0000] {subprocess.py:93} INFO - ❤️  Total Wishlist Adds: 5
[2025-06-09T06:03:42.110+0000] {subprocess.py:93} INFO - 📦 Total Orders: 8
[2025-06-09T06:03:42.110+0000] {subprocess.py:93} INFO - 💰 Total Revenue: $17079.65
[2025-06-09T06:03:42.110+0000] {subprocess.py:93} INFO - 🕐 Last Updated: 2025-06-09T06:03:42.109373
[2025-06-09T06:03:42.111+0000] {subprocess.py:93} INFO - 
[2025-06-09T06:03:42.111+0000] {subprocess.py:93} INFO - 🔥 Recent Orders:
[2025-06-09T06:03:42.111+0000] {subprocess.py:93} INFO -   • order_39669: $1999.98 (2 items)
[2025-06-09T06:03:42.111+0000] {subprocess.py:93} INFO -   • order_30869: $1159.97 (2 items)
[2025-06-09T06:03:42.111+0000] {subprocess.py:93} INFO -   • order_40081: $2329.94 (4 items)
[2025-06-09T06:03:42.111+0000] {subprocess.py:93} INFO -   • order_32396: $1599.98 (1 items)
[2025-06-09T06:03:42.111+0000] {subprocess.py:93} INFO -   • order_97916: $159.98 (1 items)
[2025-06-09T06:03:42.111+0000] {subprocess.py:93} INFO - ============================================================
[2025-06-09T06:04:02.112+0000] {subprocess.py:93} INFO - ⏸️ No messages for 15.0s, checking for completion...
[2025-06-09T06:04:02.115+0000] {subprocess.py:93} INFO - 
[2025-06-09T06:04:02.115+0000] {subprocess.py:93} INFO - ============================================================
[2025-06-09T06:04:02.116+0000] {subprocess.py:93} INFO - 📊 REAL-TIME E-COMMERCE DASHBOARD
[2025-06-09T06:04:02.116+0000] {subprocess.py:93} INFO - ============================================================
[2025-06-09T06:04:02.116+0000] {subprocess.py:93} INFO - 👀 Total Views: 32
[2025-06-09T06:04:02.116+0000] {subprocess.py:93} INFO - 🛒 Total Cart Adds: 15
[2025-06-09T06:04:02.116+0000] {subprocess.py:93} INFO - ❤️  Total Wishlist Adds: 5
[2025-06-09T06:04:02.116+0000] {subprocess.py:93} INFO - 📦 Total Orders: 8
[2025-06-09T06:04:02.116+0000] {subprocess.py:93} INFO - 💰 Total Revenue: $17079.65
[2025-06-09T06:04:02.116+0000] {subprocess.py:93} INFO - 🕐 Last Updated: 2025-06-09T06:04:02.113254
[2025-06-09T06:04:02.116+0000] {subprocess.py:93} INFO - 
[2025-06-09T06:04:02.116+0000] {subprocess.py:93} INFO - 🔥 Recent Orders:
[2025-06-09T06:04:02.116+0000] {subprocess.py:93} INFO -   • order_39669: $1999.98 (2 items)
[2025-06-09T06:04:02.117+0000] {subprocess.py:93} INFO -   • order_30869: $1159.97 (2 items)
[2025-06-09T06:04:02.117+0000] {subprocess.py:93} INFO -   • order_40081: $2329.94 (4 items)
[2025-06-09T06:04:02.117+0000] {subprocess.py:93} INFO -   • order_32396: $1599.98 (1 items)
[2025-06-09T06:04:02.117+0000] {subprocess.py:93} INFO -   • order_97916: $159.98 (1 items)
[2025-06-09T06:04:02.117+0000] {subprocess.py:93} INFO - ============================================================
[2025-06-09T06:04:07.129+0000] {subprocess.py:93} INFO - ⏸️ No messages for 20.0s, checking for completion...
[2025-06-09T06:04:07.173+0000] {subprocess.py:93} INFO - 
[2025-06-09T06:04:07.180+0000] {subprocess.py:93} INFO - ============================================================
[2025-06-09T06:04:07.181+0000] {subprocess.py:93} INFO - 📊 REAL-TIME E-COMMERCE DASHBOARD
[2025-06-09T06:04:07.185+0000] {subprocess.py:93} INFO - ============================================================
[2025-06-09T06:04:07.190+0000] {subprocess.py:93} INFO - 👀 Total Views: 32
[2025-06-09T06:04:07.193+0000] {subprocess.py:93} INFO - 🛒 Total Cart Adds: 15
[2025-06-09T06:04:07.198+0000] {subprocess.py:93} INFO - ❤️  Total Wishlist Adds: 5
[2025-06-09T06:04:07.199+0000] {subprocess.py:93} INFO - 📦 Total Orders: 8
[2025-06-09T06:04:07.199+0000] {subprocess.py:93} INFO - 💰 Total Revenue: $17079.65
[2025-06-09T06:04:07.200+0000] {subprocess.py:93} INFO - 🕐 Last Updated: 2025-06-09T06:04:07.136618
[2025-06-09T06:04:07.200+0000] {subprocess.py:93} INFO - 
[2025-06-09T06:04:07.201+0000] {subprocess.py:93} INFO - 🔥 Recent Orders:
[2025-06-09T06:04:07.201+0000] {subprocess.py:93} INFO -   • order_39669: $1999.98 (2 items)
[2025-06-09T06:04:07.202+0000] {subprocess.py:93} INFO -   • order_30869: $1159.97 (2 items)
[2025-06-09T06:04:07.203+0000] {subprocess.py:93} INFO -   • order_40081: $2329.94 (4 items)
[2025-06-09T06:04:07.204+0000] {subprocess.py:93} INFO -   • order_32396: $1599.98 (1 items)
[2025-06-09T06:04:07.205+0000] {subprocess.py:93} INFO -   • order_97916: $159.98 (1 items)
[2025-06-09T06:04:07.206+0000] {subprocess.py:93} INFO - ============================================================
[2025-06-09T06:04:12.163+0000] {subprocess.py:93} INFO - ⏸️ No messages for 25.0s, checking for completion...
[2025-06-09T06:04:12.207+0000] {subprocess.py:93} INFO - 
[2025-06-09T06:04:12.209+0000] {subprocess.py:93} INFO - ============================================================
[2025-06-09T06:04:12.212+0000] {subprocess.py:93} INFO - 📊 REAL-TIME E-COMMERCE DASHBOARD
[2025-06-09T06:04:12.214+0000] {subprocess.py:93} INFO - ============================================================
[2025-06-09T06:04:12.219+0000] {subprocess.py:93} INFO - 👀 Total Views: 32
[2025-06-09T06:04:12.220+0000] {subprocess.py:93} INFO - 🛒 Total Cart Adds: 15
[2025-06-09T06:04:12.222+0000] {subprocess.py:93} INFO - ❤️  Total Wishlist Adds: 5
[2025-06-09T06:04:12.227+0000] {subprocess.py:93} INFO - 📦 Total Orders: 8
[2025-06-09T06:04:12.229+0000] {subprocess.py:93} INFO - 💰 Total Revenue: $17079.65
[2025-06-09T06:04:12.231+0000] {subprocess.py:93} INFO - 🕐 Last Updated: 2025-06-09T06:04:12.171024
[2025-06-09T06:04:12.231+0000] {subprocess.py:93} INFO - 
[2025-06-09T06:04:12.232+0000] {subprocess.py:93} INFO - 🔥 Recent Orders:
[2025-06-09T06:04:12.233+0000] {subprocess.py:93} INFO -   • order_39669: $1999.98 (2 items)
[2025-06-09T06:04:12.235+0000] {subprocess.py:93} INFO -   • order_30869: $1159.97 (2 items)
[2025-06-09T06:04:12.238+0000] {subprocess.py:93} INFO -   • order_40081: $2329.94 (4 items)
[2025-06-09T06:04:12.243+0000] {subprocess.py:93} INFO -   • order_32396: $1599.98 (1 items)
[2025-06-09T06:04:12.245+0000] {subprocess.py:93} INFO -   • order_97916: $159.98 (1 items)
[2025-06-09T06:04:12.247+0000] {subprocess.py:93} INFO - ============================================================
