[2025-06-09T15:36:19.862+0000] {taskinstance.py:1956} INFO - Dependencies all met for dep_context=non-requeueable deps ti=<TaskInstance: kafka_ecommerce_pipeline.cleanup_and_complete scheduled__2025-06-09T15:34:00+00:00 [queued]>
[2025-06-09T15:36:19.893+0000] {taskinstance.py:1956} INFO - Dependencies all met for dep_context=requeueable deps ti=<TaskInstance: kafka_ecommerce_pipeline.cleanup_and_complete scheduled__2025-06-09T15:34:00+00:00 [queued]>
[2025-06-09T15:36:19.893+0000] {taskinstance.py:2170} INFO - Starting attempt 1 of 3
[2025-06-09T15:36:19.910+0000] {taskinstance.py:2191} INFO - Executing <Task(BashOperator): cleanup_and_complete> on 2025-06-09 15:34:00+00:00
[2025-06-09T15:36:19.931+0000] {standard_task_runner.py:60} INFO - Started process 1825 to run task
[2025-06-09T15:36:19.950+0000] {standard_task_runner.py:87} INFO - Running: ['***', 'tasks', 'run', 'kafka_ecommerce_pipeline', 'cleanup_and_complete', 'scheduled__2025-06-09T15:34:00+00:00', '--job-id', '265', '--raw', '--subdir', 'DAGS_FOLDER/kafka_data_pipeline.py', '--cfg-path', '/tmp/tmp7z8yookw']
[2025-06-09T15:36:19.955+0000] {standard_task_runner.py:88} INFO - Job 265: Subtask cleanup_and_complete
[2025-06-09T15:36:20.124+0000] {task_command.py:423} INFO - Running <TaskInstance: kafka_ecommerce_pipeline.cleanup_and_complete scheduled__2025-06-09T15:34:00+00:00 [running]> on host ed7c78a1ebb0
[2025-06-09T15:36:20.238+0000] {taskinstance.py:2480} INFO - Exporting env vars: AIRFLOW_CTX_DAG_OWNER='data-engineering-team' AIRFLOW_CTX_DAG_ID='kafka_ecommerce_pipeline' AIRFLOW_CTX_TASK_ID='cleanup_and_complete' AIRFLOW_CTX_EXECUTION_DATE='2025-06-09T15:34:00+00:00' AIRFLOW_CTX_TRY_NUMBER='1' AIRFLOW_CTX_DAG_RUN_ID='scheduled__2025-06-09T15:34:00+00:00'
[2025-06-09T15:36:20.242+0000] {subprocess.py:63} INFO - Tmp dir root location: /tmp
[2025-06-09T15:36:20.247+0000] {subprocess.py:75} INFO - Running command: ['/usr/bin/bash', '-c', '\necho "🧹 Performing cleanup..."\necho "📈 Kafka E-commerce Pipeline completed successfully at $(date)"\necho "🎯 Check Redis for real-time analytics data (Consumer is always running)"\necho "✅ DAG execution finished"']
[2025-06-09T15:36:20.264+0000] {subprocess.py:86} INFO - Output:
[2025-06-09T15:36:20.269+0000] {subprocess.py:93} INFO - 🧹 Performing cleanup...
[2025-06-09T15:36:20.273+0000] {subprocess.py:93} INFO - 📈 Kafka E-commerce Pipeline completed successfully at Mon Jun  9 15:36:20 UTC 2025
[2025-06-09T15:36:20.274+0000] {subprocess.py:93} INFO - 🎯 Check Redis for real-time analytics data (Consumer is always running)
[2025-06-09T15:36:20.274+0000] {subprocess.py:93} INFO - ✅ DAG execution finished
[2025-06-09T15:36:20.274+0000] {subprocess.py:97} INFO - Command exited with return code 0
[2025-06-09T15:36:20.302+0000] {taskinstance.py:1138} INFO - Marking task as SUCCESS. dag_id=kafka_ecommerce_pipeline, task_id=cleanup_and_complete, execution_date=20250609T153400, start_date=20250609T153619, end_date=20250609T153620
[2025-06-09T15:36:20.347+0000] {local_task_job_runner.py:234} INFO - Task exited with return code 0
[2025-06-09T15:36:20.379+0000] {taskinstance.py:3280} INFO - 0 downstream tasks scheduled from follow-on schedule check
