[2025-06-09T16:05:40.453+0000] {taskinstance.py:1956} INFO - Dependencies all met for dep_context=non-requeueable deps ti=<TaskInstance: drop_all_dag.drop_stg manual__2025-06-09T16:05:29.711728+00:00 [queued]>
[2025-06-09T16:05:40.461+0000] {taskinstance.py:1956} INFO - Dependencies all met for dep_context=requeueable deps ti=<TaskInstance: drop_all_dag.drop_stg manual__2025-06-09T16:05:29.711728+00:00 [queued]>
[2025-06-09T16:05:40.461+0000] {taskinstance.py:2170} INFO - Starting attempt 1 of 2
[2025-06-09T16:05:40.469+0000] {taskinstance.py:2191} INFO - Executing <Task(BashOperator): drop_stg> on 2025-06-09 16:05:29.711728+00:00
[2025-06-09T16:05:40.474+0000] {standard_task_runner.py:60} INFO - Started process 3471 to run task
[2025-06-09T16:05:40.479+0000] {standard_task_runner.py:87} INFO - Running: ['***', 'tasks', 'run', 'drop_all_dag', 'drop_stg', 'manual__2025-06-09T16:05:29.711728+00:00', '--job-id', '410', '--raw', '--subdir', 'DAGS_FOLDER/drop_all_dag.py', '--cfg-path', '/tmp/tmphngety0e']
[2025-06-09T16:05:40.481+0000] {standard_task_runner.py:88} INFO - Job 410: Subtask drop_stg
[2025-06-09T16:05:40.521+0000] {task_command.py:423} INFO - Running <TaskInstance: drop_all_dag.drop_stg manual__2025-06-09T16:05:29.711728+00:00 [running]> on host ed7c78a1ebb0
[2025-06-09T16:05:40.604+0000] {taskinstance.py:2480} INFO - Exporting env vars: AIRFLOW_CTX_DAG_OWNER='***' AIRFLOW_CTX_DAG_ID='drop_all_dag' AIRFLOW_CTX_TASK_ID='drop_stg' AIRFLOW_CTX_EXECUTION_DATE='2025-06-09T16:05:29.711728+00:00' AIRFLOW_CTX_TRY_NUMBER='1' AIRFLOW_CTX_DAG_RUN_ID='manual__2025-06-09T16:05:29.711728+00:00'
[2025-06-09T16:05:40.606+0000] {subprocess.py:63} INFO - Tmp dir root location: /tmp
[2025-06-09T16:05:40.607+0000] {subprocess.py:75} INFO - Running command: ['/usr/bin/bash', '-c', 'cd /opt/***/ecom_etl && python drop_stg.py']
[2025-06-09T16:05:40.616+0000] {subprocess.py:86} INFO - Output:
[2025-06-09T16:05:46.987+0000] {subprocess.py:93} INFO - 📍 Connected to ECOM_STG.PUBLIC schema
[2025-06-09T16:05:46.991+0000] {subprocess.py:93} INFO - ✅ Table 'STG_GEOLOCATION' dropped successfully.
[2025-06-09T16:05:46.992+0000] {subprocess.py:93} INFO - ✅ Table 'STG_CUSTOMERS' dropped successfully.
[2025-06-09T16:05:46.992+0000] {subprocess.py:93} INFO - ✅ Table 'STG_SELLERS' dropped successfully.
[2025-06-09T16:05:46.992+0000] {subprocess.py:93} INFO - ✅ Table 'STG_ORDERS' dropped successfully.
[2025-06-09T16:05:46.993+0000] {subprocess.py:93} INFO - ✅ Table 'STG_PRODUCTS' dropped successfully.
[2025-06-09T16:05:46.993+0000] {subprocess.py:93} INFO - ✅ Table 'STG_ORDER_ITEMS' dropped successfully.
[2025-06-09T16:05:46.993+0000] {subprocess.py:93} INFO - ✅ Table 'STG_ORDER_PAYMENTS' dropped successfully.
[2025-06-09T16:05:46.994+0000] {subprocess.py:93} INFO - ✅ Table 'STG_ORDER_REVIEWS' dropped successfully.
[2025-06-09T16:05:46.994+0000] {subprocess.py:93} INFO - ✅ Table 'STG_PRODUCT_CATEGORY_TRANSLATION' dropped successfully.
[2025-06-09T16:05:46.995+0000] {subprocess.py:93} INFO - 
[2025-06-09T16:05:46.995+0000] {subprocess.py:93} INFO - 🎯 Summary: 9/9 tables dropped successfully.
[2025-06-09T16:05:46.995+0000] {subprocess.py:93} INFO - 🔌 Connection closed.
[2025-06-09T16:05:47.109+0000] {subprocess.py:97} INFO - Command exited with return code 0
[2025-06-09T16:05:47.144+0000] {taskinstance.py:1138} INFO - Marking task as SUCCESS. dag_id=drop_all_dag, task_id=drop_stg, execution_date=20250609T160529, start_date=20250609T160540, end_date=20250609T160547
[2025-06-09T16:05:47.177+0000] {local_task_job_runner.py:234} INFO - Task exited with return code 0
[2025-06-09T16:05:47.204+0000] {taskinstance.py:3280} INFO - 1 downstream tasks scheduled from follow-on schedule check
