[2025-06-09T09:10:01.969+0000] {taskinstance.py:1956} INFO - Dependencies all met for dep_context=non-requeueable deps ti=<TaskInstance: kafka_ecommerce_pipeline.run_kafka_producer scheduled__2025-06-09T09:05:00+00:00 [queued]>
[2025-06-09T09:10:01.977+0000] {taskinstance.py:1956} INFO - Dependencies all met for dep_context=requeueable deps ti=<TaskInstance: kafka_ecommerce_pipeline.run_kafka_producer scheduled__2025-06-09T09:05:00+00:00 [queued]>
[2025-06-09T09:10:01.977+0000] {taskinstance.py:2170} INFO - Starting attempt 1 of 3
[2025-06-09T09:10:01.996+0000] {taskinstance.py:2191} INFO - Executing <Task(BashOperator): run_kafka_producer> on 2025-06-09 09:05:00+00:00
[2025-06-09T09:10:02.009+0000] {standard_task_runner.py:60} INFO - Started process 465 to run task
[2025-06-09T09:10:02.016+0000] {standard_task_runner.py:87} INFO - Running: ['***', 'tasks', 'run', 'kafka_ecommerce_pipeline', 'run_kafka_producer', 'scheduled__2025-06-09T09:05:00+00:00', '--job-id', '18', '--raw', '--subdir', 'DAGS_FOLDER/kafka_data_pipeline.py', '--cfg-path', '/tmp/tmpadyxo2m_']
[2025-06-09T09:10:02.017+0000] {standard_task_runner.py:88} INFO - Job 18: Subtask run_kafka_producer
[2025-06-09T09:10:02.114+0000] {task_command.py:423} INFO - Running <TaskInstance: kafka_ecommerce_pipeline.run_kafka_producer scheduled__2025-06-09T09:05:00+00:00 [running]> on host 93140bc61108
[2025-06-09T09:10:02.180+0000] {taskinstance.py:2480} INFO - Exporting env vars: AIRFLOW_CTX_DAG_OWNER='data-engineering-team' AIRFLOW_CTX_DAG_ID='kafka_ecommerce_pipeline' AIRFLOW_CTX_TASK_ID='run_kafka_producer' AIRFLOW_CTX_EXECUTION_DATE='2025-06-09T09:05:00+00:00' AIRFLOW_CTX_TRY_NUMBER='1' AIRFLOW_CTX_DAG_RUN_ID='scheduled__2025-06-09T09:05:00+00:00'
[2025-06-09T09:10:02.181+0000] {subprocess.py:63} INFO - Tmp dir root location: /tmp
[2025-06-09T09:10:02.183+0000] {subprocess.py:75} INFO - Running command: ['/usr/bin/bash', '-c', 'cd /opt/***/ecom_etl/ && python kafka_scripts/producer.py']
[2025-06-09T09:10:02.191+0000] {subprocess.py:86} INFO - Output:
[2025-06-09T09:10:02.459+0000] {subprocess.py:93} INFO - 🚀 Starting E-Commerce Event Producer
[2025-06-09T09:10:02.460+0000] {subprocess.py:93} INFO - 🔗 Kafka: kafka:29092
[2025-06-09T09:10:02.460+0000] {subprocess.py:93} INFO - 📊 Topics:
[2025-06-09T09:10:02.460+0000] {subprocess.py:93} INFO -    - ecommerce.product.views
[2025-06-09T09:10:02.461+0000] {subprocess.py:93} INFO -    - ecommerce.cart.add
[2025-06-09T09:10:02.461+0000] {subprocess.py:93} INFO -    - ecommerce.wishlist.add
[2025-06-09T09:10:02.461+0000] {subprocess.py:93} INFO -    - ecommerce.orders.completed
[2025-06-09T09:10:02.461+0000] {subprocess.py:93} INFO - 🚀 Initializing Kafka producer with bootstrap servers: kafka:29092
[2025-06-09T09:10:02.486+0000] {subprocess.py:93} INFO - ✅ Successfully connected to Kafka
[2025-06-09T09:10:02.487+0000] {subprocess.py:93} INFO - 
[2025-06-09T09:10:02.487+0000] {subprocess.py:93} INFO - 🔄 Starting e-commerce event simulation...
[2025-06-09T09:10:02.487+0000] {subprocess.py:93} INFO - 🚀 Starting simulation for 20 events at 2 events/second
[2025-06-09T09:10:02.577+0000] {subprocess.py:93} INFO - ✅ Sent product_view to ecommerce.product.views - Product: Wireless Headphones
[2025-06-09T09:10:02.578+0000] {subprocess.py:93} INFO - ✅ Sent product_view to ecommerce.product.views - Product: iPhone 15 Pro
[2025-06-09T09:10:03.082+0000] {subprocess.py:93} INFO - ✅ Sent product_view to ecommerce.product.views - Product: MacBook Pro
[2025-06-09T09:10:03.087+0000] {subprocess.py:93} INFO - ✅ Sent product_view to ecommerce.product.views - Product: Adidas Sneakers
[2025-06-09T09:10:03.586+0000] {subprocess.py:93} INFO - ✅ Sent product_view to ecommerce.product.views - Product: Nike Air Max
[2025-06-09T09:10:03.591+0000] {subprocess.py:93} INFO - 💰 Sent order to ecommerce.orders.completed - Order: order_91158
[2025-06-09T09:10:04.093+0000] {subprocess.py:93} INFO - ✅ Sent product_view to ecommerce.product.views - Product: Wireless Headphones
[2025-06-09T09:10:04.094+0000] {subprocess.py:93} INFO - ✅ Sent product_view to ecommerce.product.views - Product: Nike Air Max
[2025-06-09T09:10:04.599+0000] {subprocess.py:93} INFO - ❤️  Sent wishlist_add to ecommerce.wishlist.add - Product: Adidas Sneakers
[2025-06-09T09:10:04.711+0000] {subprocess.py:93} INFO - 🛒 Sent add_to_cart to ecommerce.cart.add - Product: Coffee Maker
[2025-06-09T09:10:04.712+0000] {subprocess.py:93} INFO - 📊 Progress: 10/20 events in 2.2 seconds
[2025-06-09T09:10:05.213+0000] {subprocess.py:93} INFO - 🛒 Sent add_to_cart to ecommerce.cart.add - Product: MacBook Pro
[2025-06-09T09:10:05.214+0000] {subprocess.py:93} INFO - ✅ Sent product_view to ecommerce.product.views - Product: Nike Air Max
[2025-06-09T09:10:05.721+0000] {subprocess.py:93} INFO - 💰 Sent order to ecommerce.orders.completed - Order: order_22526
[2025-06-09T09:10:05.724+0000] {subprocess.py:93} INFO - ✅ Sent product_view to ecommerce.product.views - Product: Samsung 4K TV
[2025-06-09T09:10:06.225+0000] {subprocess.py:93} INFO - 🛒 Sent add_to_cart to ecommerce.cart.add - Product: MacBook Pro
[2025-06-09T09:10:06.227+0000] {subprocess.py:93} INFO - ✅ Sent product_view to ecommerce.product.views - Product: Coffee Maker
[2025-06-09T09:10:06.729+0000] {subprocess.py:93} INFO - 💰 Sent order to ecommerce.orders.completed - Order: order_46516
[2025-06-09T09:10:06.734+0000] {subprocess.py:93} INFO - ✅ Sent product_view to ecommerce.product.views - Product: Samsung 4K TV
[2025-06-09T09:10:07.240+0000] {subprocess.py:93} INFO - ✅ Sent product_view to ecommerce.product.views - Product: Samsung 4K TV
[2025-06-09T09:10:07.243+0000] {subprocess.py:93} INFO - ✅ Sent product_view to ecommerce.product.views - Product: Nike Air Max
[2025-06-09T09:10:07.244+0000] {subprocess.py:93} INFO - 📊 Progress: 20/20 events in 4.8 seconds
[2025-06-09T09:10:07.249+0000] {subprocess.py:93} INFO - 
[2025-06-09T09:10:07.249+0000] {subprocess.py:93} INFO - 📈 Simulation completed! Generated 20 events in 4.8 seconds
[2025-06-09T09:10:07.486+0000] {subprocess.py:97} INFO - Command exited with return code 0
[2025-06-09T09:10:07.518+0000] {taskinstance.py:1138} INFO - Marking task as SUCCESS. dag_id=kafka_ecommerce_pipeline, task_id=run_kafka_producer, execution_date=20250609T090500, start_date=20250609T091001, end_date=20250609T091007
[2025-06-09T09:10:07.557+0000] {local_task_job_runner.py:234} INFO - Task exited with return code 0
[2025-06-09T09:10:07.585+0000] {taskinstance.py:3280} INFO - 1 downstream tasks scheduled from follow-on schedule check
