[2025-06-09T08:44:37.817+0000] {taskinstance.py:1956} INFO - Dependencies all met for dep_context=non-requeueable deps ti=<TaskInstance: kafka_ecommerce_pipeline.run_kafka_producer manual__2025-06-09T08:42:34.265423+00:00 [queued]>
[2025-06-09T08:44:37.821+0000] {taskinstance.py:1956} INFO - Dependencies all met for dep_context=requeueable deps ti=<TaskInstance: kafka_ecommerce_pipeline.run_kafka_producer manual__2025-06-09T08:42:34.265423+00:00 [queued]>
[2025-06-09T08:44:37.821+0000] {taskinstance.py:2170} INFO - Starting attempt 1 of 3
[2025-06-09T08:44:37.826+0000] {taskinstance.py:2191} INFO - Executing <Task(BashOperator): run_kafka_producer> on 2025-06-09 08:42:34.265423+00:00
[2025-06-09T08:44:37.829+0000] {standard_task_runner.py:60} INFO - Started process 300 to run task
[2025-06-09T08:44:37.833+0000] {standard_task_runner.py:87} INFO - Running: ['***', 'tasks', 'run', 'kafka_ecommerce_pipeline', 'run_kafka_producer', 'manual__2025-06-09T08:42:34.265423+00:00', '--job-id', '21', '--raw', '--subdir', 'DAGS_FOLDER/kafka_data_pipeline.py', '--cfg-path', '/tmp/tmp5f7gbm68']
[2025-06-09T08:44:37.835+0000] {standard_task_runner.py:88} INFO - Job 21: Subtask run_kafka_producer
[2025-06-09T08:44:37.858+0000] {task_command.py:423} INFO - Running <TaskInstance: kafka_ecommerce_pipeline.run_kafka_producer manual__2025-06-09T08:42:34.265423+00:00 [running]> on host 1b1881543ac4
[2025-06-09T08:44:37.900+0000] {taskinstance.py:2480} INFO - Exporting env vars: AIRFLOW_CTX_DAG_OWNER='data-engineering-team' AIRFLOW_CTX_DAG_ID='kafka_ecommerce_pipeline' AIRFLOW_CTX_TASK_ID='run_kafka_producer' AIRFLOW_CTX_EXECUTION_DATE='2025-06-09T08:42:34.265423+00:00' AIRFLOW_CTX_TRY_NUMBER='1' AIRFLOW_CTX_DAG_RUN_ID='manual__2025-06-09T08:42:34.265423+00:00'
[2025-06-09T08:44:37.901+0000] {subprocess.py:63} INFO - Tmp dir root location: /tmp
[2025-06-09T08:44:37.902+0000] {subprocess.py:75} INFO - Running command: ['/usr/bin/bash', '-c', 'cd /opt/***/ecom_etl/ && python kafka_scripts/producer.py']
[2025-06-09T08:44:37.912+0000] {subprocess.py:86} INFO - Output:
[2025-06-09T08:44:38.176+0000] {subprocess.py:93} INFO - 🚀 Starting E-Commerce Event Producer
[2025-06-09T08:44:38.177+0000] {subprocess.py:93} INFO - 🔗 Kafka: kafka:29092
[2025-06-09T08:44:38.178+0000] {subprocess.py:93} INFO - 📊 Topics:
[2025-06-09T08:44:38.178+0000] {subprocess.py:93} INFO -    - ecommerce.product.views
[2025-06-09T08:44:38.178+0000] {subprocess.py:93} INFO -    - ecommerce.cart.add
[2025-06-09T08:44:38.178+0000] {subprocess.py:93} INFO -    - ecommerce.wishlist.add
[2025-06-09T08:44:38.178+0000] {subprocess.py:93} INFO -    - ecommerce.orders.completed
[2025-06-09T08:44:38.178+0000] {subprocess.py:93} INFO - 🚀 Initializing Kafka producer with bootstrap servers: kafka:29092
[2025-06-09T08:44:38.207+0000] {subprocess.py:93} INFO - ✅ Successfully connected to Kafka
[2025-06-09T08:44:38.207+0000] {subprocess.py:93} INFO - 
[2025-06-09T08:44:38.208+0000] {subprocess.py:93} INFO - 🔄 Starting e-commerce event simulation...
[2025-06-09T08:44:38.208+0000] {subprocess.py:93} INFO - 🚀 Starting simulation for 20 events at 2 events/second
[2025-06-09T08:44:38.303+0000] {subprocess.py:93} INFO - ✅ Sent product_view to ecommerce.product.views - Product: MacBook Pro
[2025-06-09T08:44:38.304+0000] {subprocess.py:93} INFO - ✅ Sent product_view to ecommerce.product.views - Product: iPhone 15 Pro
[2025-06-09T08:44:38.814+0000] {subprocess.py:93} INFO - 💰 Sent order to ecommerce.orders.completed - Order: order_33508
[2025-06-09T08:44:38.917+0000] {subprocess.py:93} INFO - 🛒 Sent add_to_cart to ecommerce.cart.add - Product: Adidas Sneakers
[2025-06-09T08:44:39.426+0000] {subprocess.py:93} INFO - ✅ Sent product_view to ecommerce.product.views - Product: iPhone 15 Pro
[2025-06-09T08:44:39.429+0000] {subprocess.py:93} INFO - ✅ Sent product_view to ecommerce.product.views - Product: iPhone 15 Pro
[2025-06-09T08:44:39.931+0000] {subprocess.py:93} INFO - 🛒 Sent add_to_cart to ecommerce.cart.add - Product: Wireless Headphones
[2025-06-09T08:44:39.933+0000] {subprocess.py:93} INFO - ✅ Sent product_view to ecommerce.product.views - Product: Samsung 4K TV
[2025-06-09T08:44:40.435+0000] {subprocess.py:93} INFO - ✅ Sent product_view to ecommerce.product.views - Product: Coffee Maker
[2025-06-09T08:44:40.437+0000] {subprocess.py:93} INFO - 💰 Sent order to ecommerce.orders.completed - Order: order_97781
[2025-06-09T08:44:40.437+0000] {subprocess.py:93} INFO - 📊 Progress: 10/20 events in 2.2 seconds
[2025-06-09T08:44:40.939+0000] {subprocess.py:93} INFO - ✅ Sent product_view to ecommerce.product.views - Product: Wireless Headphones
[2025-06-09T08:44:40.941+0000] {subprocess.py:93} INFO - ✅ Sent product_view to ecommerce.product.views - Product: Levi's Jeans
[2025-06-09T08:44:41.443+0000] {subprocess.py:93} INFO - 🛒 Sent add_to_cart to ecommerce.cart.add - Product: Levi's Jeans
[2025-06-09T08:44:41.444+0000] {subprocess.py:93} INFO - ✅ Sent product_view to ecommerce.product.views - Product: Adidas Sneakers
[2025-06-09T08:44:41.946+0000] {subprocess.py:93} INFO - ✅ Sent product_view to ecommerce.product.views - Product: Nike Air Max
[2025-06-09T08:44:41.947+0000] {subprocess.py:93} INFO - 🛒 Sent add_to_cart to ecommerce.cart.add - Product: MacBook Pro
[2025-06-09T08:44:42.455+0000] {subprocess.py:93} INFO - ✅ Sent product_view to ecommerce.product.views - Product: Coffee Maker
[2025-06-09T08:44:42.457+0000] {subprocess.py:93} INFO - ✅ Sent product_view to ecommerce.product.views - Product: Wireless Headphones
[2025-06-09T08:44:42.961+0000] {subprocess.py:93} INFO - 💰 Sent order to ecommerce.orders.completed - Order: order_17009
[2025-06-09T08:44:42.962+0000] {subprocess.py:93} INFO - 💰 Sent order to ecommerce.orders.completed - Order: order_80647
[2025-06-09T08:44:42.962+0000] {subprocess.py:93} INFO - 📊 Progress: 20/20 events in 4.8 seconds
[2025-06-09T08:44:42.963+0000] {subprocess.py:93} INFO - 
[2025-06-09T08:44:42.963+0000] {subprocess.py:93} INFO - 📈 Simulation completed! Generated 20 events in 4.8 seconds
[2025-06-09T08:44:43.056+0000] {subprocess.py:97} INFO - Command exited with return code 0
[2025-06-09T08:44:43.076+0000] {taskinstance.py:1138} INFO - Marking task as SUCCESS. dag_id=kafka_ecommerce_pipeline, task_id=run_kafka_producer, execution_date=20250609T084234, start_date=20250609T084437, end_date=20250609T084443
[2025-06-09T08:44:43.112+0000] {local_task_job_runner.py:234} INFO - Task exited with return code 0
[2025-06-09T08:44:43.136+0000] {taskinstance.py:3280} INFO - 1 downstream tasks scheduled from follow-on schedule check
