[2025-06-08T16:21:54.684+0000] {taskinstance.py:1956} INFO - Dependencies all met for dep_context=non-requeueable deps ti=<TaskInstance: etl_dag.run_truncate_stg manual__2025-06-08T16:19:31.372347+00:00 [queued]>
[2025-06-08T16:21:54.691+0000] {taskinstance.py:1956} INFO - Dependencies all met for dep_context=requeueable deps ti=<TaskInstance: etl_dag.run_truncate_stg manual__2025-06-08T16:19:31.372347+00:00 [queued]>
[2025-06-08T16:21:54.691+0000] {taskinstance.py:2170} INFO - Starting attempt 1 of 2
[2025-06-08T16:21:54.698+0000] {taskinstance.py:2191} INFO - Executing <Task(BashOperator): run_truncate_stg> on 2025-06-08 16:19:31.372347+00:00
[2025-06-08T16:21:54.702+0000] {standard_task_runner.py:60} INFO - Started process 255 to run task
[2025-06-08T16:21:54.706+0000] {standard_task_runner.py:87} INFO - Running: ['***', 'tasks', 'run', 'etl_dag', 'run_truncate_stg', 'manual__2025-06-08T16:19:31.372347+00:00', '--job-id', '25', '--raw', '--subdir', 'DAGS_FOLDER/etl_dag.py', '--cfg-path', '/tmp/tmpgfso3_pu']
[2025-06-08T16:21:54.707+0000] {standard_task_runner.py:88} INFO - Job 25: Subtask run_truncate_stg
[2025-06-08T16:21:54.731+0000] {task_command.py:423} INFO - Running <TaskInstance: etl_dag.run_truncate_stg manual__2025-06-08T16:19:31.372347+00:00 [running]> on host 8ca63cef15a9
[2025-06-08T16:21:54.768+0000] {taskinstance.py:2480} INFO - Exporting env vars: AIRFLOW_CTX_DAG_OWNER='***' AIRFLOW_CTX_DAG_ID='etl_dag' AIRFLOW_CTX_TASK_ID='run_truncate_stg' AIRFLOW_CTX_EXECUTION_DATE='2025-06-08T16:19:31.372347+00:00' AIRFLOW_CTX_TRY_NUMBER='1' AIRFLOW_CTX_DAG_RUN_ID='manual__2025-06-08T16:19:31.372347+00:00'
[2025-06-08T16:21:54.769+0000] {subprocess.py:63} INFO - Tmp dir root location: /tmp
[2025-06-08T16:21:54.770+0000] {subprocess.py:75} INFO - Running command: ['/usr/bin/bash', '-c', 'cd /opt/***/ecom_etl && python truncate_stg.py']
[2025-06-08T16:21:54.776+0000] {subprocess.py:86} INFO - Output:
[2025-06-08T16:22:03.975+0000] {subprocess.py:93} INFO - 📍 Connected to ECOM_STG.PUBLIC schema
[2025-06-08T16:22:03.982+0000] {subprocess.py:93} INFO - ✅ Table 'STG_GEOLOCATION' truncated successfully.
[2025-06-08T16:22:03.986+0000] {subprocess.py:93} INFO - ✅ Table 'STG_CUSTOMERS' truncated successfully.
[2025-06-08T16:22:03.988+0000] {subprocess.py:93} INFO - ✅ Table 'STG_SELLERS' truncated successfully.
[2025-06-08T16:22:03.990+0000] {subprocess.py:93} INFO - ✅ Table 'STG_ORDERS' truncated successfully.
[2025-06-08T16:22:03.990+0000] {subprocess.py:93} INFO - ✅ Table 'STG_PRODUCTS' truncated successfully.
[2025-06-08T16:22:03.991+0000] {subprocess.py:93} INFO - ✅ Table 'STG_ORDER_ITEMS' truncated successfully.
[2025-06-08T16:22:03.992+0000] {subprocess.py:93} INFO - ✅ Table 'STG_ORDER_PAYMENTS' truncated successfully.
[2025-06-08T16:22:03.993+0000] {subprocess.py:93} INFO - ✅ Table 'STG_ORDER_REVIEWS' truncated successfully.
[2025-06-08T16:22:03.994+0000] {subprocess.py:93} INFO - ✅ Table 'STG_PRODUCT_CATEGORY_TRANSLATION' truncated successfully.
[2025-06-08T16:22:03.994+0000] {subprocess.py:93} INFO - 
[2025-06-08T16:22:03.994+0000] {subprocess.py:93} INFO - 🎯 Summary: 9/9 tables truncated successfully.
[2025-06-08T16:22:03.995+0000] {subprocess.py:93} INFO - 🔌 Connection closed.
[2025-06-08T16:22:04.118+0000] {subprocess.py:97} INFO - Command exited with return code 0
[2025-06-08T16:22:04.147+0000] {taskinstance.py:1138} INFO - Marking task as SUCCESS. dag_id=etl_dag, task_id=run_truncate_stg, execution_date=20250608T161931, start_date=20250608T162154, end_date=20250608T162204
[2025-06-08T16:22:04.205+0000] {local_task_job_runner.py:234} INFO - Task exited with return code 0
[2025-06-08T16:22:04.222+0000] {taskinstance.py:3280} INFO - 0 downstream tasks scheduled from follow-on schedule check
