[2025-06-09T06:16:31.373+0000] {taskinstance.py:1956} INFO - Dependencies all met for dep_context=non-requeueable deps ti=<TaskInstance: kafka_ecommerce_pipeline.monitor_system_resources scheduled__2025-06-09T06:10:00+00:00 [queued]>
[2025-06-09T06:16:31.377+0000] {taskinstance.py:1956} INFO - Dependencies all met for dep_context=requeueable deps ti=<TaskInstance: kafka_ecommerce_pipeline.monitor_system_resources scheduled__2025-06-09T06:10:00+00:00 [queued]>
[2025-06-09T06:16:31.377+0000] {taskinstance.py:2170} INFO - Starting attempt 1 of 3
[2025-06-09T06:16:31.383+0000] {taskinstance.py:2191} INFO - Executing <Task(BashOperator): monitor_system_resources> on 2025-06-09 06:10:00+00:00
[2025-06-09T06:16:31.386+0000] {standard_task_runner.py:60} INFO - Started process 436 to run task
[2025-06-09T06:16:31.389+0000] {standard_task_runner.py:87} INFO - Running: ['***', 'tasks', 'run', 'kafka_ecommerce_pipeline', 'monitor_system_resources', 'scheduled__2025-06-09T06:10:00+00:00', '--job-id', '23', '--raw', '--subdir', 'DAGS_FOLDER/kafka_data_pipeline.py', '--cfg-path', '/tmp/tmphv3oa3mw']
[2025-06-09T06:16:31.390+0000] {standard_task_runner.py:88} INFO - Job 23: Subtask monitor_system_resources
[2025-06-09T06:16:31.422+0000] {task_command.py:423} INFO - Running <TaskInstance: kafka_ecommerce_pipeline.monitor_system_resources scheduled__2025-06-09T06:10:00+00:00 [running]> on host 214da608bc37
[2025-06-09T06:16:31.463+0000] {taskinstance.py:2480} INFO - Exporting env vars: AIRFLOW_CTX_DAG_OWNER='data-engineering-team' AIRFLOW_CTX_DAG_ID='kafka_ecommerce_pipeline' AIRFLOW_CTX_TASK_ID='monitor_system_resources' AIRFLOW_CTX_EXECUTION_DATE='2025-06-09T06:10:00+00:00' AIRFLOW_CTX_TRY_NUMBER='1' AIRFLOW_CTX_DAG_RUN_ID='scheduled__2025-06-09T06:10:00+00:00'
[2025-06-09T06:16:31.464+0000] {subprocess.py:63} INFO - Tmp dir root location: /tmp
[2025-06-09T06:16:31.465+0000] {subprocess.py:75} INFO - Running command: ['/usr/bin/bash', '-c', '\n    echo "💻 System Resource Usage:"\n    echo "Memory: $(free -h | grep Mem | awk \'{print $3 "/" $2}\')"\n    echo "Disk: $(df -h / | tail -1 | awk \'{print $3 "/" $2 " (" $5 " used)"}\')"\n    echo "Load: $(uptime | awk -F\'load average:\' \'{print $2}\')"\n    ']
[2025-06-09T06:16:31.475+0000] {subprocess.py:86} INFO - Output:
[2025-06-09T06:16:31.478+0000] {subprocess.py:93} INFO - 💻 System Resource Usage:
[2025-06-09T06:16:31.478+0000] {subprocess.py:93} INFO - /usr/bin/bash: line 3: free: command not found
[2025-06-09T06:16:31.480+0000] {subprocess.py:93} INFO - Memory:
[2025-06-09T06:16:31.482+0000] {subprocess.py:93} INFO - Disk: 11G/1007G (2% used)
[2025-06-09T06:16:31.483+0000] {subprocess.py:93} INFO - /usr/bin/bash: line 5: uptime: command not found
[2025-06-09T06:16:31.483+0000] {subprocess.py:93} INFO - Load:
[2025-06-09T06:16:31.484+0000] {subprocess.py:97} INFO - Command exited with return code 0
[2025-06-09T06:16:31.497+0000] {taskinstance.py:1138} INFO - Marking task as SUCCESS. dag_id=kafka_ecommerce_pipeline, task_id=monitor_system_resources, execution_date=20250609T061000, start_date=20250609T061631, end_date=20250609T061631
[2025-06-09T06:16:31.529+0000] {local_task_job_runner.py:234} INFO - Task exited with return code 0
[2025-06-09T06:16:31.542+0000] {taskinstance.py:3280} INFO - 1 downstream tasks scheduled from follow-on schedule check
