[2025-06-09T05:40:26.823+0000] {taskinstance.py:1956} INFO - Dependencies all met for dep_context=non-requeueable deps ti=<TaskInstance: kafka_ecommerce_pipeline.run_kafka_producer manual__2025-06-09T05:38:18.427205+00:00 [queued]>
[2025-06-09T05:40:26.827+0000] {taskinstance.py:1956} INFO - Dependencies all met for dep_context=requeueable deps ti=<TaskInstance: kafka_ecommerce_pipeline.run_kafka_producer manual__2025-06-09T05:38:18.427205+00:00 [queued]>
[2025-06-09T05:40:26.827+0000] {taskinstance.py:2170} INFO - Starting attempt 1 of 3
[2025-06-09T05:40:26.833+0000] {taskinstance.py:2191} INFO - Executing <Task(BashOperator): run_kafka_producer> on 2025-06-09 05:38:18.427205+00:00
[2025-06-09T05:40:26.837+0000] {standard_task_runner.py:60} INFO - Started process 254 to run task
[2025-06-09T05:40:26.840+0000] {standard_task_runner.py:87} INFO - Running: ['***', 'tasks', 'run', 'kafka_ecommerce_pipeline', 'run_kafka_producer', 'manual__2025-06-09T05:38:18.427205+00:00', '--job-id', '11', '--raw', '--subdir', 'DAGS_FOLDER/kafka_data_pipeline.py', '--cfg-path', '/tmp/tmp8zt6u_km']
[2025-06-09T05:40:26.841+0000] {standard_task_runner.py:88} INFO - Job 11: Subtask run_kafka_producer
[2025-06-09T05:40:26.864+0000] {task_command.py:423} INFO - Running <TaskInstance: kafka_ecommerce_pipeline.run_kafka_producer manual__2025-06-09T05:38:18.427205+00:00 [running]> on host 045789bdf773
[2025-06-09T05:40:26.905+0000] {taskinstance.py:2480} INFO - Exporting env vars: AIRFLOW_CTX_DAG_OWNER='data-engineering-team' AIRFLOW_CTX_DAG_ID='kafka_ecommerce_pipeline' AIRFLOW_CTX_TASK_ID='run_kafka_producer' AIRFLOW_CTX_EXECUTION_DATE='2025-06-09T05:38:18.427205+00:00' AIRFLOW_CTX_TRY_NUMBER='1' AIRFLOW_CTX_DAG_RUN_ID='manual__2025-06-09T05:38:18.427205+00:00'
[2025-06-09T05:40:26.906+0000] {subprocess.py:63} INFO - Tmp dir root location: /tmp
[2025-06-09T05:40:26.909+0000] {subprocess.py:75} INFO - Running command: ['/usr/bin/bash', '-c', 'cd /opt/***/ecom_etl/ && python kafka_scripts/producer.py']
[2025-06-09T05:40:26.921+0000] {subprocess.py:86} INFO - Output:
[2025-06-09T05:40:27.191+0000] {subprocess.py:93} INFO - 🚀 Starting E-Commerce Event Producer
[2025-06-09T05:40:27.192+0000] {subprocess.py:93} INFO - 🔗 Kafka: kafka:29092
[2025-06-09T05:40:27.192+0000] {subprocess.py:93} INFO - 📊 Topics:
[2025-06-09T05:40:27.192+0000] {subprocess.py:93} INFO -    - ecommerce.product.views
[2025-06-09T05:40:27.192+0000] {subprocess.py:93} INFO -    - ecommerce.cart.add
[2025-06-09T05:40:27.193+0000] {subprocess.py:93} INFO -    - ecommerce.wishlist.add
[2025-06-09T05:40:27.193+0000] {subprocess.py:93} INFO -    - ecommerce.orders.completed
[2025-06-09T05:40:27.193+0000] {subprocess.py:93} INFO - 🚀 Initializing Kafka producer with bootstrap servers: kafka:29092
[2025-06-09T05:40:27.222+0000] {subprocess.py:93} INFO - ✅ Successfully connected to Kafka
[2025-06-09T05:40:27.223+0000] {subprocess.py:93} INFO - 
[2025-06-09T05:40:27.223+0000] {subprocess.py:93} INFO - 🔄 Starting e-commerce event simulation...
[2025-06-09T05:40:27.223+0000] {subprocess.py:93} INFO - 🚀 Starting simulation for 20 events at 2 events/second
[2025-06-09T05:40:27.316+0000] {subprocess.py:93} INFO - 🛒 Sent add_to_cart to ecommerce.cart.add - Product: Levi's Jeans
[2025-06-09T05:40:27.418+0000] {subprocess.py:93} INFO - ✅ Sent product_view to ecommerce.product.views - Product: Coffee Maker
[2025-06-09T05:40:27.933+0000] {subprocess.py:93} INFO - ✅ Sent product_view to ecommerce.product.views - Product: iPhone 15 Pro
[2025-06-09T05:40:27.935+0000] {subprocess.py:93} INFO - 🛒 Sent add_to_cart to ecommerce.cart.add - Product: iPhone 15 Pro
[2025-06-09T05:40:28.467+0000] {subprocess.py:93} INFO - 💰 Sent order to ecommerce.orders.completed - Order: order_97863
[2025-06-09T05:40:28.477+0000] {subprocess.py:93} INFO - 🛒 Sent add_to_cart to ecommerce.cart.add - Product: Levi's Jeans
[2025-06-09T05:40:28.976+0000] {subprocess.py:93} INFO - ✅ Sent product_view to ecommerce.product.views - Product: Samsung 4K TV
[2025-06-09T05:40:28.991+0000] {subprocess.py:93} INFO - 💰 Sent order to ecommerce.orders.completed - Order: order_43246
[2025-06-09T05:40:29.485+0000] {subprocess.py:93} INFO - ✅ Sent product_view to ecommerce.product.views - Product: Samsung 4K TV
[2025-06-09T05:40:29.494+0000] {subprocess.py:93} INFO - 🛒 Sent add_to_cart to ecommerce.cart.add - Product: Samsung 4K TV
[2025-06-09T05:40:29.495+0000] {subprocess.py:93} INFO - 📊 Progress: 10/20 events in 2.3 seconds
[2025-06-09T05:40:29.989+0000] {subprocess.py:93} INFO - ✅ Sent product_view to ecommerce.product.views - Product: iPhone 15 Pro
[2025-06-09T05:40:29.991+0000] {subprocess.py:93} INFO - ✅ Sent product_view to ecommerce.product.views - Product: Coffee Maker
[2025-06-09T05:40:30.493+0000] {subprocess.py:93} INFO - ✅ Sent product_view to ecommerce.product.views - Product: iPhone 15 Pro
[2025-06-09T05:40:30.494+0000] {subprocess.py:93} INFO - ✅ Sent product_view to ecommerce.product.views - Product: MacBook Pro
[2025-06-09T05:40:30.997+0000] {subprocess.py:93} INFO - ✅ Sent product_view to ecommerce.product.views - Product: Levi's Jeans
[2025-06-09T05:40:30.998+0000] {subprocess.py:93} INFO - ✅ Sent product_view to ecommerce.product.views - Product: Nike Air Max
[2025-06-09T05:40:31.501+0000] {subprocess.py:93} INFO - 🛒 Sent add_to_cart to ecommerce.cart.add - Product: Coffee Maker
[2025-06-09T05:40:31.502+0000] {subprocess.py:93} INFO - ✅ Sent product_view to ecommerce.product.views - Product: Samsung 4K TV
[2025-06-09T05:40:32.006+0000] {subprocess.py:93} INFO - 🛒 Sent add_to_cart to ecommerce.cart.add - Product: Adidas Sneakers
[2025-06-09T05:40:32.007+0000] {subprocess.py:93} INFO - 🛒 Sent add_to_cart to ecommerce.cart.add - Product: MacBook Pro
[2025-06-09T05:40:32.008+0000] {subprocess.py:93} INFO - 📊 Progress: 20/20 events in 4.8 seconds
[2025-06-09T05:40:32.013+0000] {subprocess.py:93} INFO - 
[2025-06-09T05:40:32.014+0000] {subprocess.py:93} INFO - 📈 Simulation completed! Generated 20 events in 4.8 seconds
[2025-06-09T05:40:32.073+0000] {subprocess.py:97} INFO - Command exited with return code 0
[2025-06-09T05:40:32.090+0000] {taskinstance.py:1138} INFO - Marking task as SUCCESS. dag_id=kafka_ecommerce_pipeline, task_id=run_kafka_producer, execution_date=20250609T053818, start_date=20250609T054026, end_date=20250609T054032
[2025-06-09T05:40:32.127+0000] {local_task_job_runner.py:234} INFO - Task exited with return code 0
[2025-06-09T05:40:32.151+0000] {taskinstance.py:3280} INFO - 1 downstream tasks scheduled from follow-on schedule check
