[2025-06-09T05:50:03.151+0000] {taskinstance.py:1956} INFO - Dependencies all met for dep_context=non-requeueable deps ti=<TaskInstance: kafka_ecommerce_pipeline.run_kafka_producer scheduled__2025-06-09T05:45:00+00:00 [queued]>
[2025-06-09T05:50:03.187+0000] {taskinstance.py:1956} INFO - Dependencies all met for dep_context=requeueable deps ti=<TaskInstance: kafka_ecommerce_pipeline.run_kafka_producer scheduled__2025-06-09T05:45:00+00:00 [queued]>
[2025-06-09T05:50:03.188+0000] {taskinstance.py:2170} INFO - Starting attempt 1 of 3
[2025-06-09T05:50:03.235+0000] {taskinstance.py:2191} INFO - Executing <Task(BashOperator): run_kafka_producer> on 2025-06-09 05:45:00+00:00
[2025-06-09T05:50:03.264+0000] {standard_task_runner.py:60} INFO - Started process 645 to run task
[2025-06-09T05:50:03.280+0000] {standard_task_runner.py:87} INFO - Running: ['***', 'tasks', 'run', 'kafka_ecommerce_pipeline', 'run_kafka_producer', 'scheduled__2025-06-09T05:45:00+00:00', '--job-id', '33', '--raw', '--subdir', 'DAGS_FOLDER/kafka_data_pipeline.py', '--cfg-path', '/tmp/tmpiiukl5wa']
[2025-06-09T05:50:03.283+0000] {standard_task_runner.py:88} INFO - Job 33: Subtask run_kafka_producer
[2025-06-09T05:50:03.369+0000] {task_command.py:423} INFO - Running <TaskInstance: kafka_ecommerce_pipeline.run_kafka_producer scheduled__2025-06-09T05:45:00+00:00 [running]> on host 045789bdf773
[2025-06-09T05:50:03.477+0000] {taskinstance.py:2480} INFO - Exporting env vars: AIRFLOW_CTX_DAG_OWNER='data-engineering-team' AIRFLOW_CTX_DAG_ID='kafka_ecommerce_pipeline' AIRFLOW_CTX_TASK_ID='run_kafka_producer' AIRFLOW_CTX_EXECUTION_DATE='2025-06-09T05:45:00+00:00' AIRFLOW_CTX_TRY_NUMBER='1' AIRFLOW_CTX_DAG_RUN_ID='scheduled__2025-06-09T05:45:00+00:00'
[2025-06-09T05:50:03.481+0000] {subprocess.py:63} INFO - Tmp dir root location: /tmp
[2025-06-09T05:50:03.483+0000] {subprocess.py:75} INFO - Running command: ['/usr/bin/bash', '-c', 'cd /opt/***/ecom_etl/ && python kafka_scripts/producer.py']
[2025-06-09T05:50:03.517+0000] {subprocess.py:86} INFO - Output:
[2025-06-09T05:50:03.912+0000] {subprocess.py:93} INFO - 🚀 Starting E-Commerce Event Producer
[2025-06-09T05:50:03.917+0000] {subprocess.py:93} INFO - 🔗 Kafka: kafka:29092
[2025-06-09T05:50:03.917+0000] {subprocess.py:93} INFO - 📊 Topics:
[2025-06-09T05:50:03.918+0000] {subprocess.py:93} INFO -    - ecommerce.product.views
[2025-06-09T05:50:03.918+0000] {subprocess.py:93} INFO -    - ecommerce.cart.add
[2025-06-09T05:50:03.924+0000] {subprocess.py:93} INFO -    - ecommerce.wishlist.add
[2025-06-09T05:50:03.925+0000] {subprocess.py:93} INFO -    - ecommerce.orders.completed
[2025-06-09T05:50:03.927+0000] {subprocess.py:93} INFO - 🚀 Initializing Kafka producer with bootstrap servers: kafka:29092
[2025-06-09T05:50:04.001+0000] {subprocess.py:93} INFO - ✅ Successfully connected to Kafka
[2025-06-09T05:50:04.001+0000] {subprocess.py:93} INFO - 
[2025-06-09T05:50:04.002+0000] {subprocess.py:93} INFO - 🔄 Starting e-commerce event simulation...
[2025-06-09T05:50:04.002+0000] {subprocess.py:93} INFO - 🚀 Starting simulation for 20 events at 2 events/second
[2025-06-09T05:50:04.082+0000] {subprocess.py:93} INFO - 🛒 Sent add_to_cart to ecommerce.cart.add - Product: MacBook Pro
[2025-06-09T05:50:04.188+0000] {subprocess.py:93} INFO - 💰 Sent order to ecommerce.orders.completed - Order: order_56871
[2025-06-09T05:50:04.696+0000] {subprocess.py:93} INFO - 💰 Sent order to ecommerce.orders.completed - Order: order_15655
[2025-06-09T05:50:04.705+0000] {subprocess.py:93} INFO - ✅ Sent product_view to ecommerce.product.views - Product: Levi's Jeans
[2025-06-09T05:50:05.209+0000] {subprocess.py:93} INFO - 🛒 Sent add_to_cart to ecommerce.cart.add - Product: MacBook Pro
[2025-06-09T05:50:05.212+0000] {subprocess.py:93} INFO - ✅ Sent product_view to ecommerce.product.views - Product: Coffee Maker
[2025-06-09T05:50:05.717+0000] {subprocess.py:93} INFO - ✅ Sent product_view to ecommerce.product.views - Product: Samsung 4K TV
[2025-06-09T05:50:05.725+0000] {subprocess.py:93} INFO - 💰 Sent order to ecommerce.orders.completed - Order: order_65041
[2025-06-09T05:50:06.223+0000] {subprocess.py:93} INFO - ✅ Sent product_view to ecommerce.product.views - Product: Coffee Maker
[2025-06-09T05:50:06.225+0000] {subprocess.py:93} INFO - ✅ Sent product_view to ecommerce.product.views - Product: iPhone 15 Pro
[2025-06-09T05:50:06.226+0000] {subprocess.py:93} INFO - 📊 Progress: 10/20 events in 2.2 seconds
[2025-06-09T05:50:06.727+0000] {subprocess.py:93} INFO - 💰 Sent order to ecommerce.orders.completed - Order: order_16912
[2025-06-09T05:50:06.730+0000] {subprocess.py:93} INFO - 💰 Sent order to ecommerce.orders.completed - Order: order_59777
[2025-06-09T05:50:07.232+0000] {subprocess.py:93} INFO - ✅ Sent product_view to ecommerce.product.views - Product: Samsung 4K TV
[2025-06-09T05:50:07.233+0000] {subprocess.py:93} INFO - ✅ Sent product_view to ecommerce.product.views - Product: Wireless Headphones
[2025-06-09T05:50:07.740+0000] {subprocess.py:93} INFO - ✅ Sent product_view to ecommerce.product.views - Product: MacBook Pro
[2025-06-09T05:50:07.741+0000] {subprocess.py:93} INFO - ✅ Sent product_view to ecommerce.product.views - Product: iPhone 15 Pro
[2025-06-09T05:50:08.243+0000] {subprocess.py:93} INFO - 🛒 Sent add_to_cart to ecommerce.cart.add - Product: Levi's Jeans
[2025-06-09T05:50:08.245+0000] {subprocess.py:93} INFO - ✅ Sent product_view to ecommerce.product.views - Product: Nike Air Max
[2025-06-09T05:50:08.746+0000] {subprocess.py:93} INFO - ✅ Sent product_view to ecommerce.product.views - Product: Samsung 4K TV
[2025-06-09T05:50:08.748+0000] {subprocess.py:93} INFO - ✅ Sent product_view to ecommerce.product.views - Product: Samsung 4K TV
[2025-06-09T05:50:08.748+0000] {subprocess.py:93} INFO - 📊 Progress: 20/20 events in 4.7 seconds
[2025-06-09T05:50:08.755+0000] {subprocess.py:93} INFO - 
[2025-06-09T05:50:08.756+0000] {subprocess.py:93} INFO - 📈 Simulation completed! Generated 20 events in 4.8 seconds
[2025-06-09T05:50:08.818+0000] {subprocess.py:97} INFO - Command exited with return code 0
[2025-06-09T05:50:08.842+0000] {taskinstance.py:1138} INFO - Marking task as SUCCESS. dag_id=kafka_ecommerce_pipeline, task_id=run_kafka_producer, execution_date=20250609T054500, start_date=20250609T055003, end_date=20250609T055008
[2025-06-09T05:50:08.924+0000] {local_task_job_runner.py:234} INFO - Task exited with return code 0
[2025-06-09T05:50:08.967+0000] {taskinstance.py:3280} INFO - 1 downstream tasks scheduled from follow-on schedule check
[2025-06-09T05:54:06.596+0000] {taskinstance.py:1956} INFO - Dependencies all met for dep_context=non-requeueable deps ti=<TaskInstance: kafka_ecommerce_pipeline.run_kafka_producer scheduled__2025-06-09T05:45:00+00:00 [queued]>
[2025-06-09T05:54:06.601+0000] {taskinstance.py:1956} INFO - Dependencies all met for dep_context=requeueable deps ti=<TaskInstance: kafka_ecommerce_pipeline.run_kafka_producer scheduled__2025-06-09T05:45:00+00:00 [queued]>
[2025-06-09T05:54:06.601+0000] {taskinstance.py:2170} INFO - Starting attempt 1 of 3
[2025-06-09T05:54:06.606+0000] {taskinstance.py:2191} INFO - Executing <Task(BashOperator): run_kafka_producer> on 2025-06-09 05:45:00+00:00
[2025-06-09T05:54:06.610+0000] {standard_task_runner.py:60} INFO - Started process 135 to run task
[2025-06-09T05:54:06.612+0000] {standard_task_runner.py:87} INFO - Running: ['***', 'tasks', 'run', 'kafka_ecommerce_pipeline', 'run_kafka_producer', 'scheduled__2025-06-09T05:45:00+00:00', '--job-id', '4', '--raw', '--subdir', 'DAGS_FOLDER/kafka_data_pipeline.py', '--cfg-path', '/tmp/tmp6lzl7v5o']
[2025-06-09T05:54:06.613+0000] {standard_task_runner.py:88} INFO - Job 4: Subtask run_kafka_producer
[2025-06-09T05:54:06.636+0000] {task_command.py:423} INFO - Running <TaskInstance: kafka_ecommerce_pipeline.run_kafka_producer scheduled__2025-06-09T05:45:00+00:00 [running]> on host a66d86572bec
[2025-06-09T05:54:06.690+0000] {taskinstance.py:2480} INFO - Exporting env vars: AIRFLOW_CTX_DAG_OWNER='data-engineering-team' AIRFLOW_CTX_DAG_ID='kafka_ecommerce_pipeline' AIRFLOW_CTX_TASK_ID='run_kafka_producer' AIRFLOW_CTX_EXECUTION_DATE='2025-06-09T05:45:00+00:00' AIRFLOW_CTX_TRY_NUMBER='1' AIRFLOW_CTX_DAG_RUN_ID='scheduled__2025-06-09T05:45:00+00:00'
[2025-06-09T05:54:06.692+0000] {subprocess.py:63} INFO - Tmp dir root location: /tmp
[2025-06-09T05:54:06.694+0000] {subprocess.py:75} INFO - Running command: ['/usr/bin/bash', '-c', 'cd /opt/***/ecom_etl/ && python kafka_scripts/producer.py']
[2025-06-09T05:54:06.704+0000] {subprocess.py:86} INFO - Output:
[2025-06-09T05:54:07.226+0000] {subprocess.py:93} INFO - 🚀 Starting E-Commerce Event Producer
[2025-06-09T05:54:07.228+0000] {subprocess.py:93} INFO - 🔗 Kafka: kafka:29092
[2025-06-09T05:54:07.229+0000] {subprocess.py:93} INFO - 📊 Topics:
[2025-06-09T05:54:07.229+0000] {subprocess.py:93} INFO -    - ecommerce.product.views
[2025-06-09T05:54:07.229+0000] {subprocess.py:93} INFO -    - ecommerce.cart.add
[2025-06-09T05:54:07.229+0000] {subprocess.py:93} INFO -    - ecommerce.wishlist.add
[2025-06-09T05:54:07.229+0000] {subprocess.py:93} INFO -    - ecommerce.orders.completed
[2025-06-09T05:54:07.229+0000] {subprocess.py:93} INFO - 🚀 Initializing Kafka producer with bootstrap servers: kafka:29092
[2025-06-09T05:54:07.310+0000] {subprocess.py:93} INFO - ✅ Successfully connected to Kafka
[2025-06-09T05:54:07.310+0000] {subprocess.py:93} INFO - 
[2025-06-09T05:54:07.310+0000] {subprocess.py:93} INFO - 🔄 Starting e-commerce event simulation...
[2025-06-09T05:54:07.311+0000] {subprocess.py:93} INFO - 🚀 Starting simulation for 20 events at 2 events/second
[2025-06-09T05:54:08.030+0000] {subprocess.py:93} INFO - 💰 Sent order to ecommerce.orders.completed - Order: order_67199
[2025-06-09T05:54:08.247+0000] {subprocess.py:93} INFO - ✅ Sent product_view to ecommerce.product.views - Product: Samsung 4K TV
[2025-06-09T05:54:08.751+0000] {subprocess.py:93} INFO - ✅ Sent product_view to ecommerce.product.views - Product: iPhone 15 Pro
[2025-06-09T05:54:08.752+0000] {subprocess.py:93} INFO - ✅ Sent product_view to ecommerce.product.views - Product: MacBook Pro
[2025-06-09T05:54:09.393+0000] {subprocess.py:93} INFO - 🛒 Sent add_to_cart to ecommerce.cart.add - Product: MacBook Pro
[2025-06-09T05:54:09.395+0000] {subprocess.py:93} INFO - 🛒 Sent add_to_cart to ecommerce.cart.add - Product: Samsung 4K TV
[2025-06-09T05:54:10.033+0000] {subprocess.py:93} INFO - ❤️  Sent wishlist_add to ecommerce.wishlist.add - Product: MacBook Pro
[2025-06-09T05:54:10.034+0000] {subprocess.py:93} INFO - ✅ Sent product_view to ecommerce.product.views - Product: Coffee Maker
[2025-06-09T05:54:10.536+0000] {subprocess.py:93} INFO - ✅ Sent product_view to ecommerce.product.views - Product: Wireless Headphones
[2025-06-09T05:54:10.537+0000] {subprocess.py:93} INFO - ✅ Sent product_view to ecommerce.product.views - Product: Nike Air Max
[2025-06-09T05:54:10.537+0000] {subprocess.py:93} INFO - 📊 Progress: 10/20 events in 3.2 seconds
[2025-06-09T05:54:11.039+0000] {subprocess.py:93} INFO - ✅ Sent product_view to ecommerce.product.views - Product: Nike Air Max
[2025-06-09T05:54:11.042+0000] {subprocess.py:93} INFO - ✅ Sent product_view to ecommerce.product.views - Product: Adidas Sneakers
[2025-06-09T05:54:11.542+0000] {subprocess.py:93} INFO - ✅ Sent product_view to ecommerce.product.views - Product: Coffee Maker
[2025-06-09T05:54:11.543+0000] {subprocess.py:93} INFO - ✅ Sent product_view to ecommerce.product.views - Product: Wireless Headphones
[2025-06-09T05:54:12.047+0000] {subprocess.py:93} INFO - ✅ Sent product_view to ecommerce.product.views - Product: MacBook Pro
[2025-06-09T05:54:12.049+0000] {subprocess.py:93} INFO - ✅ Sent product_view to ecommerce.product.views - Product: Samsung 4K TV
[2025-06-09T05:54:12.553+0000] {subprocess.py:93} INFO - ✅ Sent product_view to ecommerce.product.views - Product: iPhone 15 Pro
[2025-06-09T05:54:12.555+0000] {subprocess.py:93} INFO - ✅ Sent product_view to ecommerce.product.views - Product: MacBook Pro
[2025-06-09T05:54:13.057+0000] {subprocess.py:93} INFO - 🛒 Sent add_to_cart to ecommerce.cart.add - Product: Wireless Headphones
[2025-06-09T05:54:13.059+0000] {subprocess.py:93} INFO - ✅ Sent product_view to ecommerce.product.views - Product: iPhone 15 Pro
[2025-06-09T05:54:13.059+0000] {subprocess.py:93} INFO - 📊 Progress: 20/20 events in 5.7 seconds
[2025-06-09T05:54:13.061+0000] {subprocess.py:93} INFO - 
[2025-06-09T05:54:13.062+0000] {subprocess.py:93} INFO - 📈 Simulation completed! Generated 20 events in 5.8 seconds
[2025-06-09T05:54:13.132+0000] {subprocess.py:97} INFO - Command exited with return code 0
[2025-06-09T05:54:13.179+0000] {taskinstance.py:1138} INFO - Marking task as SUCCESS. dag_id=kafka_ecommerce_pipeline, task_id=run_kafka_producer, execution_date=20250609T054500, start_date=20250609T055406, end_date=20250609T055413
[2025-06-09T05:54:13.261+0000] {local_task_job_runner.py:234} INFO - Task exited with return code 0
[2025-06-09T05:54:13.340+0000] {taskinstance.py:3280} INFO - 1 downstream tasks scheduled from follow-on schedule check
