[2025-06-09T06:03:21.511+0000] {taskinstance.py:1956} INFO - Dependencies all met for dep_context=non-requeueable deps ti=<TaskInstance: kafka_ecommerce_pipeline.run_kafka_producer scheduled__2025-06-09T05:55:00+00:00 [queued]>
[2025-06-09T06:03:21.515+0000] {taskinstance.py:1956} INFO - Dependencies all met for dep_context=requeueable deps ti=<TaskInstance: kafka_ecommerce_pipeline.run_kafka_producer scheduled__2025-06-09T05:55:00+00:00 [queued]>
[2025-06-09T06:03:21.515+0000] {taskinstance.py:2170} INFO - Starting attempt 1 of 3
[2025-06-09T06:03:21.520+0000] {taskinstance.py:2191} INFO - Executing <Task(BashOperator): run_kafka_producer> on 2025-06-09 05:55:00+00:00
[2025-06-09T06:03:21.523+0000] {standard_task_runner.py:60} INFO - Started process 516 to run task
[2025-06-09T06:03:21.526+0000] {standard_task_runner.py:87} INFO - Running: ['***', 'tasks', 'run', 'kafka_ecommerce_pipeline', 'run_kafka_producer', 'scheduled__2025-06-09T05:55:00+00:00', '--job-id', '27', '--raw', '--subdir', 'DAGS_FOLDER/kafka_data_pipeline.py', '--cfg-path', '/tmp/tmpp27pmoa0']
[2025-06-09T06:03:21.530+0000] {standard_task_runner.py:88} INFO - Job 27: Subtask run_kafka_producer
[2025-06-09T06:03:21.561+0000] {task_command.py:423} INFO - Running <TaskInstance: kafka_ecommerce_pipeline.run_kafka_producer scheduled__2025-06-09T05:55:00+00:00 [running]> on host a66d86572bec
[2025-06-09T06:03:21.600+0000] {taskinstance.py:2480} INFO - Exporting env vars: AIRFLOW_CTX_DAG_OWNER='data-engineering-team' AIRFLOW_CTX_DAG_ID='kafka_ecommerce_pipeline' AIRFLOW_CTX_TASK_ID='run_kafka_producer' AIRFLOW_CTX_EXECUTION_DATE='2025-06-09T05:55:00+00:00' AIRFLOW_CTX_TRY_NUMBER='1' AIRFLOW_CTX_DAG_RUN_ID='scheduled__2025-06-09T05:55:00+00:00'
[2025-06-09T06:03:21.601+0000] {subprocess.py:63} INFO - Tmp dir root location: /tmp
[2025-06-09T06:03:21.602+0000] {subprocess.py:75} INFO - Running command: ['/usr/bin/bash', '-c', 'cd /opt/***/ecom_etl/ && python kafka_scripts/producer.py']
[2025-06-09T06:03:21.612+0000] {subprocess.py:86} INFO - Output:
[2025-06-09T06:03:21.881+0000] {subprocess.py:93} INFO - 🚀 Starting E-Commerce Event Producer
[2025-06-09T06:03:21.881+0000] {subprocess.py:93} INFO - 🔗 Kafka: kafka:29092
[2025-06-09T06:03:21.881+0000] {subprocess.py:93} INFO - 📊 Topics:
[2025-06-09T06:03:21.881+0000] {subprocess.py:93} INFO -    - ecommerce.product.views
[2025-06-09T06:03:21.882+0000] {subprocess.py:93} INFO -    - ecommerce.cart.add
[2025-06-09T06:03:21.882+0000] {subprocess.py:93} INFO -    - ecommerce.wishlist.add
[2025-06-09T06:03:21.882+0000] {subprocess.py:93} INFO -    - ecommerce.orders.completed
[2025-06-09T06:03:21.882+0000] {subprocess.py:93} INFO - 🚀 Initializing Kafka producer with bootstrap servers: kafka:29092
[2025-06-09T06:03:21.917+0000] {subprocess.py:93} INFO - ✅ Successfully connected to Kafka
[2025-06-09T06:03:21.918+0000] {subprocess.py:93} INFO - 
[2025-06-09T06:03:21.918+0000] {subprocess.py:93} INFO - 🔄 Starting e-commerce event simulation...
[2025-06-09T06:03:21.918+0000] {subprocess.py:93} INFO - 🚀 Starting simulation for 20 events at 2 events/second
[2025-06-09T06:03:22.010+0000] {subprocess.py:93} INFO - ❤️  Sent wishlist_add to ecommerce.wishlist.add - Product: MacBook Pro
[2025-06-09T06:03:22.116+0000] {subprocess.py:93} INFO - ✅ Sent product_view to ecommerce.product.views - Product: Levi's Jeans
[2025-06-09T06:03:22.623+0000] {subprocess.py:93} INFO - ✅ Sent product_view to ecommerce.product.views - Product: Samsung 4K TV
[2025-06-09T06:03:22.629+0000] {subprocess.py:93} INFO - 💰 Sent order to ecommerce.orders.completed - Order: order_32396
[2025-06-09T06:03:23.136+0000] {subprocess.py:93} INFO - ✅ Sent product_view to ecommerce.product.views - Product: Wireless Headphones
[2025-06-09T06:03:23.144+0000] {subprocess.py:93} INFO - 🛒 Sent add_to_cart to ecommerce.cart.add - Product: Wireless Headphones
[2025-06-09T06:03:23.646+0000] {subprocess.py:93} INFO - ✅ Sent product_view to ecommerce.product.views - Product: iPhone 15 Pro
[2025-06-09T06:03:23.647+0000] {subprocess.py:93} INFO - 💰 Sent order to ecommerce.orders.completed - Order: order_40081
[2025-06-09T06:03:24.154+0000] {subprocess.py:93} INFO - 🛒 Sent add_to_cart to ecommerce.cart.add - Product: Samsung 4K TV
[2025-06-09T06:03:24.156+0000] {subprocess.py:93} INFO - 🛒 Sent add_to_cart to ecommerce.cart.add - Product: Wireless Headphones
[2025-06-09T06:03:24.157+0000] {subprocess.py:93} INFO - 📊 Progress: 10/20 events in 2.2 seconds
[2025-06-09T06:03:24.658+0000] {subprocess.py:93} INFO - ✅ Sent product_view to ecommerce.product.views - Product: Nike Air Max
[2025-06-09T06:03:24.659+0000] {subprocess.py:93} INFO - ❤️  Sent wishlist_add to ecommerce.wishlist.add - Product: iPhone 15 Pro
[2025-06-09T06:03:25.161+0000] {subprocess.py:93} INFO - 💰 Sent order to ecommerce.orders.completed - Order: order_30869
[2025-06-09T06:03:25.162+0000] {subprocess.py:93} INFO - ✅ Sent product_view to ecommerce.product.views - Product: Levi's Jeans
[2025-06-09T06:03:25.664+0000] {subprocess.py:93} INFO - ✅ Sent product_view to ecommerce.product.views - Product: Coffee Maker
[2025-06-09T06:03:25.667+0000] {subprocess.py:93} INFO - ✅ Sent product_view to ecommerce.product.views - Product: Wireless Headphones
[2025-06-09T06:03:26.169+0000] {subprocess.py:93} INFO - 🛒 Sent add_to_cart to ecommerce.cart.add - Product: Nike Air Max
[2025-06-09T06:03:26.170+0000] {subprocess.py:93} INFO - ✅ Sent product_view to ecommerce.product.views - Product: Coffee Maker
[2025-06-09T06:03:26.674+0000] {subprocess.py:93} INFO - 🛒 Sent add_to_cart to ecommerce.cart.add - Product: Nike Air Max
[2025-06-09T06:03:26.676+0000] {subprocess.py:93} INFO - 💰 Sent order to ecommerce.orders.completed - Order: order_39669
[2025-06-09T06:03:26.677+0000] {subprocess.py:93} INFO - 📊 Progress: 20/20 events in 4.8 seconds
[2025-06-09T06:03:26.679+0000] {subprocess.py:93} INFO - 
[2025-06-09T06:03:26.682+0000] {subprocess.py:93} INFO - 📈 Simulation completed! Generated 20 events in 4.8 seconds
[2025-06-09T06:03:26.766+0000] {subprocess.py:97} INFO - Command exited with return code 0
[2025-06-09T06:03:26.789+0000] {taskinstance.py:1138} INFO - Marking task as SUCCESS. dag_id=kafka_ecommerce_pipeline, task_id=run_kafka_producer, execution_date=20250609T055500, start_date=20250609T060321, end_date=20250609T060326
[2025-06-09T06:03:26.818+0000] {local_task_job_runner.py:234} INFO - Task exited with return code 0
[2025-06-09T06:03:26.842+0000] {taskinstance.py:3280} INFO - 1 downstream tasks scheduled from follow-on schedule check
