[2025-06-09T09:52:19.232+0000] {taskinstance.py:1956} INFO - Dependencies all met for dep_context=non-requeueable deps ti=<TaskInstance: kafka_ecommerce_pipeline.verify_pipeline_results scheduled__2025-06-09T09:50:00+00:00 [queued]>
[2025-06-09T09:52:19.239+0000] {taskinstance.py:1956} INFO - Dependencies all met for dep_context=requeueable deps ti=<TaskInstance: kafka_ecommerce_pipeline.verify_pipeline_results scheduled__2025-06-09T09:50:00+00:00 [queued]>
[2025-06-09T09:52:19.239+0000] {taskinstance.py:2170} INFO - Starting attempt 1 of 3
[2025-06-09T09:52:19.246+0000] {taskinstance.py:2191} INFO - Executing <Task(PythonOperator): verify_pipeline_results> on 2025-06-09 09:50:00+00:00
[2025-06-09T09:52:19.250+0000] {standard_task_runner.py:60} INFO - Started process 619 to run task
[2025-06-09T09:52:19.253+0000] {standard_task_runner.py:87} INFO - Running: ['***', 'tasks', 'run', 'kafka_ecommerce_pipeline', 'verify_pipeline_results', 'scheduled__2025-06-09T09:50:00+00:00', '--job-id', '44', '--raw', '--subdir', 'DAGS_FOLDER/kafka_data_pipeline.py', '--cfg-path', '/tmp/tmpwdytuib6']
[2025-06-09T09:52:19.254+0000] {standard_task_runner.py:88} INFO - Job 44: Subtask verify_pipeline_results
[2025-06-09T09:52:19.282+0000] {task_command.py:423} INFO - Running <TaskInstance: kafka_ecommerce_pipeline.verify_pipeline_results scheduled__2025-06-09T09:50:00+00:00 [running]> on host e695025acf97
[2025-06-09T09:52:19.337+0000] {taskinstance.py:2480} INFO - Exporting env vars: AIRFLOW_CTX_DAG_OWNER='data-engineering-team' AIRFLOW_CTX_DAG_ID='kafka_ecommerce_pipeline' AIRFLOW_CTX_TASK_ID='verify_pipeline_results' AIRFLOW_CTX_EXECUTION_DATE='2025-06-09T09:50:00+00:00' AIRFLOW_CTX_TRY_NUMBER='1' AIRFLOW_CTX_DAG_RUN_ID='scheduled__2025-06-09T09:50:00+00:00'
[2025-06-09T09:52:19.344+0000] {kafka_data_pipeline.py:175} INFO - 📊 Pipeline Results:
[2025-06-09T09:52:19.345+0000] {kafka_data_pipeline.py:176} INFO -  👀 Total Views: 125
[2025-06-09T09:52:19.345+0000] {kafka_data_pipeline.py:177} INFO -  🛒 Total Cart Adds: 65
[2025-06-09T09:52:19.345+0000] {kafka_data_pipeline.py:178} INFO -  ❤️ Total Wishlist Adds: 35
[2025-06-09T09:52:19.346+0000] {kafka_data_pipeline.py:179} INFO -  📦 Total Orders: 25
[2025-06-09T09:52:19.347+0000] {kafka_data_pipeline.py:180} INFO -  💰 Total Revenue: $70678.73
[2025-06-09T09:52:19.348+0000] {kafka_data_pipeline.py:181} INFO -  🕐 Last Updated: 2025-06-09T09:52:08.451463
[2025-06-09T09:52:19.350+0000] {kafka_data_pipeline.py:186} INFO - 🔥 Recent Orders:
[2025-06-09T09:52:19.351+0000] {kafka_data_pipeline.py:189} INFO -  • order_f052e424: $779.94 (4 items)
[2025-06-09T09:52:19.351+0000] {kafka_data_pipeline.py:189} INFO -  • order_68aeb8a2: $1679.97 (2 items)
[2025-06-09T09:52:19.351+0000] {kafka_data_pipeline.py:189} INFO -  • order_42ab7ea1: $579.96 (2 items)
[2025-06-09T09:52:19.351+0000] {kafka_data_pipeline.py:189} INFO -  • order_9e59dec5: $699.96 (2 items)
[2025-06-09T09:52:19.352+0000] {kafka_data_pipeline.py:189} INFO -  • order_a9b9bdee: $2599.92 (4 items)
[2025-06-09T09:52:19.352+0000] {kafka_data_pipeline.py:194} INFO - ✅ Pipeline completed successfully - Last activity: 2025-06-09T09:52:08.456381
[2025-06-09T09:52:19.353+0000] {python.py:201} INFO - Done. Returned value was: None
[2025-06-09T09:52:19.362+0000] {taskinstance.py:1138} INFO - Marking task as SUCCESS. dag_id=kafka_ecommerce_pipeline, task_id=verify_pipeline_results, execution_date=20250609T095000, start_date=20250609T095219, end_date=20250609T095219
[2025-06-09T09:52:19.394+0000] {local_task_job_runner.py:234} INFO - Task exited with return code 0
[2025-06-09T09:52:19.409+0000] {taskinstance.py:3280} INFO - 1 downstream tasks scheduled from follow-on schedule check
