[2025-06-09T04:58:01.552+0000] {taskinstance.py:1956} INFO - Dependencies all met for dep_context=non-requeueable deps ti=<TaskInstance: kafka_data_pipeline.run_kafka_producer scheduled__2025-06-09T04:56:00+00:00 [queued]>
[2025-06-09T04:58:01.568+0000] {taskinstance.py:1956} INFO - Dependencies all met for dep_context=requeueable deps ti=<TaskInstance: kafka_data_pipeline.run_kafka_producer scheduled__2025-06-09T04:56:00+00:00 [queued]>
[2025-06-09T04:58:01.571+0000] {taskinstance.py:2170} INFO - Starting attempt 1 of 2
[2025-06-09T04:58:01.593+0000] {taskinstance.py:2191} INFO - Executing <Task(BashOperator): run_kafka_producer> on 2025-06-09 04:56:00+00:00
[2025-06-09T04:58:01.605+0000] {standard_task_runner.py:60} INFO - Started process 209 to run task
[2025-06-09T04:58:01.611+0000] {standard_task_runner.py:87} INFO - Running: ['***', 'tasks', 'run', 'kafka_data_pipeline', 'run_kafka_producer', 'scheduled__2025-06-09T04:56:00+00:00', '--job-id', '6', '--raw', '--subdir', 'DAGS_FOLDER/kafka_data_pipeline.py', '--cfg-path', '/tmp/tmp_ing1lom']
[2025-06-09T04:58:01.620+0000] {standard_task_runner.py:88} INFO - Job 6: Subtask run_kafka_producer
[2025-06-09T04:58:01.723+0000] {task_command.py:423} INFO - Running <TaskInstance: kafka_data_pipeline.run_kafka_producer scheduled__2025-06-09T04:56:00+00:00 [running]> on host 01df0afd9dcb
[2025-06-09T04:58:01.893+0000] {taskinstance.py:2480} INFO - Exporting env vars: AIRFLOW_CTX_DAG_OWNER='***' AIRFLOW_CTX_DAG_ID='kafka_data_pipeline' AIRFLOW_CTX_TASK_ID='run_kafka_producer' AIRFLOW_CTX_EXECUTION_DATE='2025-06-09T04:56:00+00:00' AIRFLOW_CTX_TRY_NUMBER='1' AIRFLOW_CTX_DAG_RUN_ID='scheduled__2025-06-09T04:56:00+00:00'
[2025-06-09T04:58:01.895+0000] {subprocess.py:63} INFO - Tmp dir root location: /tmp
[2025-06-09T04:58:01.896+0000] {subprocess.py:75} INFO - Running command: ['/usr/bin/bash', '-c', 'python /opt/***/ecom_etl/kafka_scripts/producer.py']
[2025-06-09T04:58:01.912+0000] {subprocess.py:86} INFO - Output:
[2025-06-09T04:58:38.522+0000] {subprocess.py:93} INFO - 🚀 Initializing Kafka producer with bootstrap servers: kafka:29092
[2025-06-09T04:58:38.536+0000] {subprocess.py:93} INFO - ✅ Successfully connected to Kafka
[2025-06-09T04:58:38.537+0000] {subprocess.py:93} INFO - Starting e-commerce event simulation...
[2025-06-09T04:58:38.538+0000] {subprocess.py:93} INFO - Press Ctrl+C to stop
[2025-06-09T04:58:38.539+0000] {subprocess.py:93} INFO - 
[2025-06-09T04:58:38.540+0000] {subprocess.py:93} INFO - 🚀 Starting e-commerce event simulation for 10 minutes...
[2025-06-09T04:58:38.540+0000] {subprocess.py:93} INFO - 📊 Generating ~3 events per second
[2025-06-09T04:58:38.540+0000] {subprocess.py:93} INFO - ✅ Sent product_view to ecommerce.product.views - Partition: 0, Offset: 752
[2025-06-09T04:58:38.541+0000] {subprocess.py:93} INFO - ✅ Sent product_view to ecommerce.product.views - Partition: 0, Offset: 755
[2025-06-09T04:58:38.541+0000] {subprocess.py:93} INFO - ✅ Sent product_view to ecommerce.product.views - Partition: 0, Offset: 757
[2025-06-09T04:58:38.541+0000] {subprocess.py:93} INFO - ✅ Sent add_to_cart to ecommerce.cart.add - Partition: 0, Offset: 261
[2025-06-09T04:58:38.541+0000] {subprocess.py:93} INFO - ✅ Sent add_to_wishlist to ecommerce.wishlist.add - Partition: 0, Offset: 188
[2025-06-09T04:58:38.542+0000] {subprocess.py:93} INFO - ✅ Sent product_view to ecommerce.product.views - Partition: 0, Offset: 765
[2025-06-09T04:58:38.542+0000] {subprocess.py:93} INFO - ✅ Sent order_completed to ecommerce.orders.completed - Partition: 0, Offset: 71
[2025-06-09T04:58:38.542+0000] {subprocess.py:93} INFO - ✅ Sent product_view to ecommerce.product.views - Partition: 0, Offset: 768
[2025-06-09T04:58:38.542+0000] {subprocess.py:93} INFO - ✅ Sent product_view to ecommerce.product.views - Partition: 0, Offset: 770
[2025-06-09T04:58:38.542+0000] {subprocess.py:93} INFO - ✅ Sent product_view to ecommerce.product.views - Partition: 0, Offset: 773
[2025-06-09T04:58:38.543+0000] {subprocess.py:93} INFO - ✅ Sent add_to_wishlist to ecommerce.wishlist.add - Partition: 0, Offset: 194
[2025-06-09T04:58:38.543+0000] {subprocess.py:93} INFO - ✅ Sent order_completed to ecommerce.orders.completed - Partition: 0, Offset: 75
[2025-06-09T04:58:38.543+0000] {subprocess.py:93} INFO - ✅ Sent product_view to ecommerce.product.views - Partition: 0, Offset: 781
[2025-06-09T04:58:38.544+0000] {subprocess.py:93} INFO - ✅ Sent product_view to ecommerce.product.views - Partition: 0, Offset: 784
[2025-06-09T04:58:38.544+0000] {subprocess.py:93} INFO - ✅ Sent order_completed to ecommerce.orders.completed - Partition: 0, Offset: 76
[2025-06-09T04:58:38.544+0000] {subprocess.py:93} INFO - ✅ Sent product_view to ecommerce.product.views - Partition: 0, Offset: 788
[2025-06-09T04:58:38.544+0000] {subprocess.py:93} INFO - ✅ Sent product_view to ecommerce.product.views - Partition: 0, Offset: 791
[2025-06-09T04:58:38.544+0000] {subprocess.py:93} INFO - ✅ Sent add_to_cart to ecommerce.cart.add - Partition: 0, Offset: 266
[2025-06-09T04:58:38.545+0000] {subprocess.py:93} INFO - ✅ Sent order_completed to ecommerce.orders.completed - Partition: 0, Offset: 77
[2025-06-09T04:58:38.545+0000] {subprocess.py:93} INFO - ✅ Sent add_to_wishlist to ecommerce.wishlist.add - Partition: 0, Offset: 200
[2025-06-09T04:58:38.545+0000] {subprocess.py:93} INFO - ✅ Sent product_view to ecommerce.product.views - Partition: 0, Offset: 796
[2025-06-09T04:58:38.545+0000] {subprocess.py:93} INFO - ✅ Sent product_view to ecommerce.product.views - Partition: 0, Offset: 797
[2025-06-09T04:58:38.546+0000] {subprocess.py:93} INFO - ✅ Sent add_to_cart to ecommerce.cart.add - Partition: 0, Offset: 271
[2025-06-09T04:58:38.546+0000] {subprocess.py:93} INFO - ✅ Sent add_to_cart to ecommerce.cart.add - Partition: 0, Offset: 272
[2025-06-09T04:58:38.547+0000] {subprocess.py:93} INFO - ✅ Sent product_view to ecommerce.product.views - Partition: 0, Offset: 802
[2025-06-09T04:58:38.548+0000] {subprocess.py:93} INFO - ✅ Sent order_completed to ecommerce.orders.completed - Partition: 0, Offset: 83
[2025-06-09T04:58:38.548+0000] {subprocess.py:93} INFO - ✅ Sent add_to_cart to ecommerce.cart.add - Partition: 0, Offset: 274
[2025-06-09T04:58:38.548+0000] {subprocess.py:93} INFO - ✅ Sent product_view to ecommerce.product.views - Partition: 0, Offset: 812
[2025-06-09T04:58:38.549+0000] {subprocess.py:93} INFO - ✅ Sent product_view to ecommerce.product.views - Partition: 0, Offset: 813
[2025-06-09T04:58:38.549+0000] {subprocess.py:93} INFO - ✅ Sent product_view to ecommerce.product.views - Partition: 0, Offset: 818
[2025-06-09T04:58:38.549+0000] {subprocess.py:93} INFO - ✅ Sent product_view to ecommerce.product.views - Partition: 0, Offset: 821
[2025-06-09T04:58:38.549+0000] {subprocess.py:93} INFO - ✅ Sent product_view to ecommerce.product.views - Partition: 0, Offset: 822
[2025-06-09T04:58:38.550+0000] {subprocess.py:93} INFO - ✅ Sent add_to_wishlist to ecommerce.wishlist.add - Partition: 0, Offset: 207
[2025-06-09T04:58:38.550+0000] {subprocess.py:93} INFO - ✅ Sent product_view to ecommerce.product.views - Partition: 0, Offset: 828
[2025-06-09T04:58:38.551+0000] {subprocess.py:93} INFO - ✅ Sent add_to_wishlist to ecommerce.wishlist.add - Partition: 0, Offset: 208
[2025-06-09T04:58:38.551+0000] {subprocess.py:93} INFO - ✅ Sent add_to_wishlist to ecommerce.wishlist.add - Partition: 0, Offset: 210
[2025-06-09T04:58:38.551+0000] {subprocess.py:93} INFO - ✅ Sent product_view to ecommerce.product.views - Partition: 0, Offset: 834
[2025-06-09T04:58:38.551+0000] {subprocess.py:93} INFO - ✅ Sent product_view to ecommerce.product.views - Partition: 0, Offset: 835
[2025-06-09T04:58:38.551+0000] {subprocess.py:93} INFO - ✅ Sent product_view to ecommerce.product.views - Partition: 0, Offset: 837
[2025-06-09T04:58:38.552+0000] {subprocess.py:93} INFO - ✅ Sent add_to_cart to ecommerce.cart.add - Partition: 0, Offset: 284
[2025-06-09T04:58:38.552+0000] {subprocess.py:93} INFO - ✅ Sent product_view to ecommerce.product.views - Partition: 0, Offset: 843
[2025-06-09T04:58:38.552+0000] {subprocess.py:93} INFO - ✅ Sent product_view to ecommerce.product.views - Partition: 0, Offset: 844
[2025-06-09T04:58:38.552+0000] {subprocess.py:93} INFO - ✅ Sent add_to_wishlist to ecommerce.wishlist.add - Partition: 0, Offset: 214
[2025-06-09T04:58:38.552+0000] {subprocess.py:93} INFO - ✅ Sent product_view to ecommerce.product.views - Partition: 0, Offset: 850
[2025-06-09T04:58:38.553+0000] {subprocess.py:93} INFO - ✅ Sent add_to_cart to ecommerce.cart.add - Partition: 0, Offset: 288
[2025-06-09T04:58:38.553+0000] {subprocess.py:93} INFO - ✅ Sent product_view to ecommerce.product.views - Partition: 0, Offset: 853
[2025-06-09T04:58:38.553+0000] {subprocess.py:93} INFO - ✅ Sent add_to_cart to ecommerce.cart.add - Partition: 0, Offset: 291
[2025-06-09T04:58:38.553+0000] {subprocess.py:93} INFO - ✅ Sent product_view to ecommerce.product.views - Partition: 0, Offset: 858
[2025-06-09T04:58:38.553+0000] {subprocess.py:93} INFO - ✅ Sent add_to_cart to ecommerce.cart.add - Partition: 0, Offset: 293
[2025-06-09T04:58:38.553+0000] {subprocess.py:93} INFO - ✅ Sent product_view to ecommerce.product.views - Partition: 0, Offset: 865
[2025-06-09T04:58:38.554+0000] {subprocess.py:93} INFO - ✅ Sent add_to_cart to ecommerce.cart.add - Partition: 0, Offset: 295
[2025-06-09T04:58:38.554+0000] {subprocess.py:93} INFO - ✅ Sent product_view to ecommerce.product.views - Partition: 0, Offset: 871
[2025-06-09T04:58:38.554+0000] {subprocess.py:93} INFO - ✅ Sent product_view to ecommerce.product.views - Partition: 0, Offset: 875
[2025-06-09T04:58:38.554+0000] {subprocess.py:93} INFO - ✅ Sent product_view to ecommerce.product.views - Partition: 0, Offset: 878
[2025-06-09T04:58:38.554+0000] {subprocess.py:93} INFO - ✅ Sent product_view to ecommerce.product.views - Partition: 0, Offset: 881
[2025-06-09T04:58:38.554+0000] {subprocess.py:93} INFO - ✅ Sent product_view to ecommerce.product.views - Partition: 0, Offset: 885
[2025-06-09T04:58:38.554+0000] {subprocess.py:93} INFO - ✅ Sent product_view to ecommerce.product.views - Partition: 0, Offset: 887
[2025-06-09T04:58:38.554+0000] {subprocess.py:93} INFO - ✅ Sent order_completed to ecommerce.orders.completed - Partition: 0, Offset: 87
[2025-06-09T04:58:38.554+0000] {subprocess.py:93} INFO - ✅ Sent product_view to ecommerce.product.views - Partition: 0, Offset: 890
[2025-06-09T04:58:38.555+0000] {subprocess.py:93} INFO - ✅ Sent product_view to ecommerce.product.views - Partition: 0, Offset: 893
[2025-06-09T04:58:38.555+0000] {subprocess.py:93} INFO - ✅ Sent product_view to ecommerce.product.views - Partition: 0, Offset: 897
[2025-06-09T04:58:38.555+0000] {subprocess.py:93} INFO - ✅ Sent product_view to ecommerce.product.views - Partition: 0, Offset: 900
[2025-06-09T04:58:38.555+0000] {subprocess.py:93} INFO - ✅ Sent product_view to ecommerce.product.views - Partition: 0, Offset: 903
[2025-06-09T04:58:38.555+0000] {subprocess.py:93} INFO - ✅ Sent add_to_wishlist to ecommerce.wishlist.add - Partition: 0, Offset: 224
[2025-06-09T04:58:38.555+0000] {subprocess.py:93} INFO - ✅ Sent add_to_wishlist to ecommerce.wishlist.add - Partition: 0, Offset: 225
[2025-06-09T04:58:38.556+0000] {subprocess.py:93} INFO - ✅ Sent add_to_cart to ecommerce.cart.add - Partition: 0, Offset: 301
[2025-06-09T04:58:38.556+0000] {subprocess.py:93} INFO - ✅ Sent product_view to ecommerce.product.views - Partition: 0, Offset: 911
[2025-06-09T04:58:38.556+0000] {subprocess.py:93} INFO - ✅ Sent product_view to ecommerce.product.views - Partition: 0, Offset: 912
[2025-06-09T04:58:38.556+0000] {subprocess.py:93} INFO - ✅ Sent product_view to ecommerce.product.views - Partition: 0, Offset: 915
[2025-06-09T04:58:38.556+0000] {subprocess.py:93} INFO - ✅ Sent product_view to ecommerce.product.views - Partition: 0, Offset: 917
[2025-06-09T04:58:38.556+0000] {subprocess.py:93} INFO - ✅ Sent order_completed to ecommerce.orders.completed - Partition: 0, Offset: 89
[2025-06-09T04:58:38.556+0000] {subprocess.py:93} INFO - ✅ Sent add_to_cart to ecommerce.cart.add - Partition: 0, Offset: 313
[2025-06-09T04:58:38.556+0000] {subprocess.py:93} INFO - ✅ Sent add_to_wishlist to ecommerce.wishlist.add - Partition: 0, Offset: 228
[2025-06-09T04:58:38.557+0000] {subprocess.py:93} INFO - ✅ Sent add_to_cart to ecommerce.cart.add - Partition: 0, Offset: 315
[2025-06-09T04:58:38.557+0000] {subprocess.py:93} INFO - ✅ Sent product_view to ecommerce.product.views - Partition: 0, Offset: 927
[2025-06-09T04:58:38.557+0000] {subprocess.py:93} INFO - ✅ Sent product_view to ecommerce.product.views - Partition: 0, Offset: 931
[2025-06-09T04:58:38.557+0000] {subprocess.py:93} INFO - ✅ Sent product_view to ecommerce.product.views - Partition: 0, Offset: 932
[2025-06-09T04:58:38.557+0000] {subprocess.py:93} INFO - ✅ Sent product_view to ecommerce.product.views - Partition: 0, Offset: 933
[2025-06-09T04:58:38.557+0000] {subprocess.py:93} INFO - ✅ Sent add_to_wishlist to ecommerce.wishlist.add - Partition: 0, Offset: 230
[2025-06-09T04:58:38.558+0000] {subprocess.py:93} INFO - ✅ Sent product_view to ecommerce.product.views - Partition: 0, Offset: 937
[2025-06-09T04:58:38.558+0000] {subprocess.py:93} INFO - ✅ Sent product_view to ecommerce.product.views - Partition: 0, Offset: 941
[2025-06-09T04:58:38.558+0000] {subprocess.py:93} INFO - ✅ Sent add_to_wishlist to ecommerce.wishlist.add - Partition: 0, Offset: 232
[2025-06-09T04:58:38.558+0000] {subprocess.py:93} INFO - ✅ Sent add_to_cart to ecommerce.cart.add - Partition: 0, Offset: 326
[2025-06-09T04:58:38.558+0000] {subprocess.py:93} INFO - ✅ Sent add_to_cart to ecommerce.cart.add - Partition: 0, Offset: 329
[2025-06-09T04:58:38.558+0000] {subprocess.py:93} INFO - ✅ Sent add_to_wishlist to ecommerce.wishlist.add - Partition: 0, Offset: 233
[2025-06-09T04:58:38.559+0000] {subprocess.py:93} INFO - ✅ Sent product_view to ecommerce.product.views - Partition: 0, Offset: 950
[2025-06-09T04:58:38.559+0000] {subprocess.py:93} INFO - ✅ Sent product_view to ecommerce.product.views - Partition: 0, Offset: 954
[2025-06-09T04:58:38.559+0000] {subprocess.py:93} INFO - ✅ Sent add_to_cart to ecommerce.cart.add - Partition: 0, Offset: 331
[2025-06-09T04:58:38.559+0000] {subprocess.py:93} INFO - ✅ Sent product_view to ecommerce.product.views - Partition: 0, Offset: 958
[2025-06-09T04:58:38.559+0000] {subprocess.py:93} INFO - ✅ Sent add_to_cart to ecommerce.cart.add - Partition: 0, Offset: 333
[2025-06-09T04:58:38.559+0000] {subprocess.py:93} INFO - ✅ Sent add_to_wishlist to ecommerce.wishlist.add - Partition: 0, Offset: 236
[2025-06-09T04:58:38.560+0000] {subprocess.py:93} INFO - ✅ Sent product_view to ecommerce.product.views - Partition: 0, Offset: 965
[2025-06-09T04:58:38.560+0000] {subprocess.py:93} INFO - ✅ Sent product_view to ecommerce.product.views - Partition: 0, Offset: 968
[2025-06-09T04:58:38.561+0000] {subprocess.py:93} INFO - ✅ Sent product_view to ecommerce.product.views - Partition: 0, Offset: 971
[2025-06-09T04:58:38.561+0000] {subprocess.py:93} INFO - ✅ Sent product_view to ecommerce.product.views - Partition: 0, Offset: 976
[2025-06-09T04:58:38.562+0000] {subprocess.py:93} INFO - ✅ Sent add_to_cart to ecommerce.cart.add - Partition: 0, Offset: 336
[2025-06-09T04:58:38.562+0000] {subprocess.py:93} INFO - ✅ Sent add_to_wishlist to ecommerce.wishlist.add - Partition: 0, Offset: 240
[2025-06-09T04:58:38.563+0000] {subprocess.py:93} INFO - ✅ Sent product_view to ecommerce.product.views - Partition: 0, Offset: 983
[2025-06-09T04:58:38.564+0000] {subprocess.py:93} INFO - ✅ Sent product_view to ecommerce.product.views - Partition: 0, Offset: 985
[2025-06-09T04:58:38.564+0000] {subprocess.py:93} INFO - ✅ Sent product_view to ecommerce.product.views - Partition: 0, Offset: 987
[2025-06-09T04:58:38.565+0000] {subprocess.py:93} INFO - ✅ Sent add_to_cart to ecommerce.cart.add - Partition: 0, Offset: 339
[2025-06-09T04:58:38.565+0000] {subprocess.py:93} INFO - ✅ Sent add_to_cart to ecommerce.cart.add - Partition: 0, Offset: 342
[2025-06-09T04:58:38.565+0000] {subprocess.py:93} INFO - ✅ Sent product_view to ecommerce.product.views - Partition: 0, Offset: 994
[2025-06-09T04:59:16.679+0000] {subprocess.py:93} INFO - ✅ Sent add_to_cart to ecommerce.cart.add - Partition: 0, Offset: 345
[2025-06-09T04:59:16.685+0000] {subprocess.py:93} INFO - ✅ Sent add_to_wishlist to ecommerce.wishlist.add - Partition: 0, Offset: 243
[2025-06-09T04:59:16.685+0000] {subprocess.py:93} INFO - ✅ Sent add_to_cart to ecommerce.cart.add - Partition: 0, Offset: 347
[2025-06-09T04:59:16.685+0000] {subprocess.py:93} INFO - ✅ Sent product_view to ecommerce.product.views - Partition: 0, Offset: 1000
[2025-06-09T04:59:16.686+0000] {subprocess.py:93} INFO - ✅ Sent order_completed to ecommerce.orders.completed - Partition: 0, Offset: 95
[2025-06-09T04:59:16.686+0000] {subprocess.py:93} INFO - ✅ Sent add_to_cart to ecommerce.cart.add - Partition: 0, Offset: 350
[2025-06-09T04:59:16.686+0000] {subprocess.py:93} INFO - ✅ Sent product_view to ecommerce.product.views - Partition: 0, Offset: 1005
[2025-06-09T04:59:16.686+0000] {subprocess.py:93} INFO - ✅ Sent product_view to ecommerce.product.views - Partition: 0, Offset: 1008
[2025-06-09T04:59:16.686+0000] {subprocess.py:93} INFO - ✅ Sent product_view to ecommerce.product.views - Partition: 0, Offset: 1010
[2025-06-09T04:59:16.687+0000] {subprocess.py:93} INFO - ✅ Sent add_to_cart to ecommerce.cart.add - Partition: 0, Offset: 354
[2025-06-09T04:59:16.687+0000] {subprocess.py:93} INFO - ✅ Sent product_view to ecommerce.product.views - Partition: 0, Offset: 1017
[2025-06-09T04:59:16.687+0000] {subprocess.py:93} INFO - ✅ Sent add_to_wishlist to ecommerce.wishlist.add - Partition: 0, Offset: 250
[2025-06-09T04:59:16.687+0000] {subprocess.py:93} INFO - ✅ Sent product_view to ecommerce.product.views - Partition: 0, Offset: 1024
[2025-06-09T04:59:16.687+0000] {subprocess.py:93} INFO - ✅ Sent product_view to ecommerce.product.views - Partition: 0, Offset: 1028
[2025-06-09T04:59:16.687+0000] {subprocess.py:93} INFO - ✅ Sent product_view to ecommerce.product.views - Partition: 0, Offset: 1029
[2025-06-09T04:59:16.687+0000] {subprocess.py:93} INFO - ✅ Sent add_to_wishlist to ecommerce.wishlist.add - Partition: 0, Offset: 251
[2025-06-09T04:59:16.688+0000] {subprocess.py:93} INFO - ✅ Sent product_view to ecommerce.product.views - Partition: 0, Offset: 1031
[2025-06-09T04:59:16.688+0000] {subprocess.py:93} INFO - ✅ Sent add_to_cart to ecommerce.cart.add - Partition: 0, Offset: 362
[2025-06-09T04:59:16.688+0000] {subprocess.py:93} INFO - ✅ Sent product_view to ecommerce.product.views - Partition: 0, Offset: 1032
[2025-06-09T04:59:16.688+0000] {subprocess.py:93} INFO - ✅ Sent order_completed to ecommerce.orders.completed - Partition: 0, Offset: 98
[2025-06-09T04:59:16.688+0000] {subprocess.py:93} INFO - ✅ Sent add_to_cart to ecommerce.cart.add - Partition: 0, Offset: 365
[2025-06-09T04:59:16.689+0000] {subprocess.py:93} INFO - ✅ Sent add_to_wishlist to ecommerce.wishlist.add - Partition: 0, Offset: 256
[2025-06-09T04:59:16.689+0000] {subprocess.py:93} INFO - ✅ Sent product_view to ecommerce.product.views - Partition: 0, Offset: 1043
[2025-06-09T04:59:16.689+0000] {subprocess.py:93} INFO - ✅ Sent product_view to ecommerce.product.views - Partition: 0, Offset: 1046
[2025-06-09T04:59:16.689+0000] {subprocess.py:93} INFO - ✅ Sent add_to_wishlist to ecommerce.wishlist.add - Partition: 0, Offset: 258
[2025-06-09T04:59:16.689+0000] {subprocess.py:93} INFO - ✅ Sent add_to_cart to ecommerce.cart.add - Partition: 0, Offset: 372
[2025-06-09T04:59:16.689+0000] {subprocess.py:93} INFO - ✅ Sent product_view to ecommerce.product.views - Partition: 0, Offset: 1052
[2025-06-09T04:59:16.690+0000] {subprocess.py:93} INFO - ✅ Sent product_view to ecommerce.product.views - Partition: 0, Offset: 1053
[2025-06-09T04:59:16.690+0000] {subprocess.py:93} INFO - ✅ Sent product_view to ecommerce.product.views - Partition: 0, Offset: 1057
[2025-06-09T04:59:16.690+0000] {subprocess.py:93} INFO - ✅ Sent product_view to ecommerce.product.views - Partition: 0, Offset: 1060
[2025-06-09T04:59:16.690+0000] {subprocess.py:93} INFO - ✅ Sent product_view to ecommerce.product.views - Partition: 0, Offset: 1062
[2025-06-09T04:59:16.690+0000] {subprocess.py:93} INFO - ✅ Sent product_view to ecommerce.product.views - Partition: 0, Offset: 1064
[2025-06-09T04:59:16.691+0000] {subprocess.py:93} INFO - ✅ Sent product_view to ecommerce.product.views - Partition: 0, Offset: 1067
[2025-06-09T04:59:16.691+0000] {subprocess.py:93} INFO - ✅ Sent product_view to ecommerce.product.views - Partition: 0, Offset: 1071
[2025-06-09T04:59:16.691+0000] {subprocess.py:93} INFO - ✅ Sent product_view to ecommerce.product.views - Partition: 0, Offset: 1073
[2025-06-09T04:59:16.691+0000] {subprocess.py:93} INFO - ✅ Sent product_view to ecommerce.product.views - Partition: 0, Offset: 1075
[2025-06-09T04:59:16.692+0000] {subprocess.py:93} INFO - ✅ Sent product_view to ecommerce.product.views - Partition: 0, Offset: 1077
[2025-06-09T04:59:16.692+0000] {subprocess.py:93} INFO - ✅ Sent product_view to ecommerce.product.views - Partition: 0, Offset: 1081
[2025-06-09T04:59:16.692+0000] {subprocess.py:93} INFO - ✅ Sent add_to_wishlist to ecommerce.wishlist.add - Partition: 0, Offset: 267
[2025-06-09T04:59:16.692+0000] {subprocess.py:93} INFO - ✅ Sent add_to_wishlist to ecommerce.wishlist.add - Partition: 0, Offset: 269
[2025-06-09T04:59:16.693+0000] {subprocess.py:93} INFO - ✅ Sent product_view to ecommerce.product.views - Partition: 0, Offset: 1086
[2025-06-09T04:59:16.693+0000] {subprocess.py:93} INFO - ✅ Sent add_to_wishlist to ecommerce.wishlist.add - Partition: 0, Offset: 270
[2025-06-09T04:59:16.693+0000] {subprocess.py:93} INFO - ✅ Sent product_view to ecommerce.product.views - Partition: 0, Offset: 1089
[2025-06-09T04:59:16.693+0000] {subprocess.py:93} INFO - ✅ Sent add_to_cart to ecommerce.cart.add - Partition: 0, Offset: 388
[2025-06-09T04:59:16.693+0000] {subprocess.py:93} INFO - ✅ Sent product_view to ecommerce.product.views - Partition: 0, Offset: 1092
[2025-06-09T04:59:16.693+0000] {subprocess.py:93} INFO - ✅ Sent add_to_wishlist to ecommerce.wishlist.add - Partition: 0, Offset: 273
[2025-06-09T04:59:16.693+0000] {subprocess.py:93} INFO - ✅ Sent product_view to ecommerce.product.views - Partition: 0, Offset: 1099
[2025-06-09T04:59:16.693+0000] {subprocess.py:93} INFO - ✅ Sent order_completed to ecommerce.orders.completed - Partition: 0, Offset: 100
[2025-06-09T04:59:16.694+0000] {subprocess.py:93} INFO - ✅ Sent product_view to ecommerce.product.views - Partition: 0, Offset: 1105
[2025-06-09T04:59:16.694+0000] {subprocess.py:93} INFO - ✅ Sent product_view to ecommerce.product.views - Partition: 0, Offset: 1108
[2025-06-09T04:59:16.694+0000] {subprocess.py:93} INFO - ✅ Sent product_view to ecommerce.product.views - Partition: 0, Offset: 1111
[2025-06-09T04:59:16.694+0000] {subprocess.py:93} INFO - ✅ Sent order_completed to ecommerce.orders.completed - Partition: 0, Offset: 101
[2025-06-09T04:59:16.694+0000] {subprocess.py:93} INFO - ✅ Sent product_view to ecommerce.product.views - Partition: 0, Offset: 1117
[2025-06-09T04:59:16.694+0000] {subprocess.py:93} INFO - ✅ Sent product_view to ecommerce.product.views - Partition: 0, Offset: 1119
[2025-06-09T04:59:16.694+0000] {subprocess.py:93} INFO - ✅ Sent add_to_cart to ecommerce.cart.add - Partition: 0, Offset: 394
[2025-06-09T04:59:16.694+0000] {subprocess.py:93} INFO - ✅ Sent add_to_cart to ecommerce.cart.add - Partition: 0, Offset: 396
[2025-06-09T04:59:16.695+0000] {subprocess.py:93} INFO - ✅ Sent add_to_cart to ecommerce.cart.add - Partition: 0, Offset: 397
[2025-06-09T04:59:16.695+0000] {subprocess.py:93} INFO - ✅ Sent product_view to ecommerce.product.views - Partition: 0, Offset: 1128
[2025-06-09T04:59:16.695+0000] {subprocess.py:93} INFO - ✅ Sent product_view to ecommerce.product.views - Partition: 0, Offset: 1130
[2025-06-09T04:59:16.695+0000] {subprocess.py:93} INFO - ✅ Sent product_view to ecommerce.product.views - Partition: 0, Offset: 1133
[2025-06-09T04:59:16.695+0000] {subprocess.py:93} INFO - ✅ Sent add_to_wishlist to ecommerce.wishlist.add - Partition: 0, Offset: 280
[2025-06-09T04:59:16.695+0000] {subprocess.py:93} INFO - ✅ Sent product_view to ecommerce.product.views - Partition: 0, Offset: 1136
[2025-06-09T04:59:16.696+0000] {subprocess.py:93} INFO - ✅ Sent add_to_cart to ecommerce.cart.add - Partition: 0, Offset: 400
[2025-06-09T04:59:16.696+0000] {subprocess.py:93} INFO - ✅ Sent product_view to ecommerce.product.views - Partition: 0, Offset: 1142
[2025-06-09T04:59:16.696+0000] {subprocess.py:93} INFO - ✅ Sent order_completed to ecommerce.orders.completed - Partition: 0, Offset: 104
[2025-06-09T04:59:16.698+0000] {subprocess.py:93} INFO - ✅ Sent product_view to ecommerce.product.views - Partition: 0, Offset: 1144
[2025-06-09T04:59:16.698+0000] {subprocess.py:93} INFO - ✅ Sent product_view to ecommerce.product.views - Partition: 0, Offset: 1148
[2025-06-09T04:59:16.699+0000] {subprocess.py:93} INFO - ✅ Sent product_view to ecommerce.product.views - Partition: 0, Offset: 1149
[2025-06-09T04:59:16.699+0000] {subprocess.py:93} INFO - ✅ Sent product_view to ecommerce.product.views - Partition: 0, Offset: 1153
[2025-06-09T04:59:16.704+0000] {subprocess.py:93} INFO - ✅ Sent product_view to ecommerce.product.views - Partition: 0, Offset: 1155
[2025-06-09T04:59:16.705+0000] {subprocess.py:93} INFO - ✅ Sent add_to_wishlist to ecommerce.wishlist.add - Partition: 0, Offset: 288
[2025-06-09T04:59:16.706+0000] {subprocess.py:93} INFO - ✅ Sent add_to_cart to ecommerce.cart.add - Partition: 0, Offset: 410
[2025-06-09T04:59:16.707+0000] {subprocess.py:93} INFO - ✅ Sent product_view to ecommerce.product.views - Partition: 0, Offset: 1163
[2025-06-09T04:59:16.707+0000] {subprocess.py:93} INFO - ✅ Sent product_view to ecommerce.product.views - Partition: 0, Offset: 1165
[2025-06-09T04:59:16.708+0000] {subprocess.py:93} INFO - ✅ Sent product_view to ecommerce.product.views - Partition: 0, Offset: 1166
[2025-06-09T04:59:16.709+0000] {subprocess.py:93} INFO - ✅ Sent product_view to ecommerce.product.views - Partition: 0, Offset: 1171
[2025-06-09T04:59:16.709+0000] {subprocess.py:93} INFO - ✅ Sent product_view to ecommerce.product.views - Partition: 0, Offset: 1173
[2025-06-09T04:59:16.709+0000] {subprocess.py:93} INFO - ✅ Sent product_view to ecommerce.product.views - Partition: 0, Offset: 1175
[2025-06-09T04:59:16.710+0000] {subprocess.py:93} INFO - ✅ Sent product_view to ecommerce.product.views - Partition: 0, Offset: 1177
[2025-06-09T04:59:16.710+0000] {subprocess.py:93} INFO - ✅ Sent product_view to ecommerce.product.views - Partition: 0, Offset: 1180
[2025-06-09T04:59:16.710+0000] {subprocess.py:93} INFO - ✅ Sent product_view to ecommerce.product.views - Partition: 0, Offset: 1182
[2025-06-09T04:59:16.712+0000] {subprocess.py:93} INFO - ✅ Sent product_view to ecommerce.product.views - Partition: 0, Offset: 1189
[2025-06-09T04:59:16.712+0000] {subprocess.py:93} INFO - ✅ Sent product_view to ecommerce.product.views - Partition: 0, Offset: 1193
[2025-06-09T04:59:16.712+0000] {subprocess.py:93} INFO - ✅ Sent add_to_wishlist to ecommerce.wishlist.add - Partition: 0, Offset: 292
[2025-06-09T04:59:16.713+0000] {subprocess.py:93} INFO - ✅ Sent product_view to ecommerce.product.views - Partition: 0, Offset: 1199
[2025-06-09T04:59:16.713+0000] {subprocess.py:93} INFO - ✅ Sent product_view to ecommerce.product.views - Partition: 0, Offset: 1202
[2025-06-09T04:59:16.713+0000] {subprocess.py:93} INFO - ✅ Sent product_view to ecommerce.product.views - Partition: 0, Offset: 1205
[2025-06-09T04:59:16.714+0000] {subprocess.py:93} INFO - ✅ Sent add_to_cart to ecommerce.cart.add - Partition: 0, Offset: 422
[2025-06-09T04:59:16.714+0000] {subprocess.py:93} INFO - ✅ Sent product_view to ecommerce.product.views - Partition: 0, Offset: 1210
[2025-06-09T04:59:16.715+0000] {subprocess.py:93} INFO - ✅ Sent product_view to ecommerce.product.views - Partition: 0, Offset: 1213
[2025-06-09T04:59:16.715+0000] {subprocess.py:93} INFO - ✅ Sent product_view to ecommerce.product.views - Partition: 0, Offset: 1216
[2025-06-09T04:59:16.715+0000] {subprocess.py:93} INFO - ✅ Sent product_view to ecommerce.product.views - Partition: 0, Offset: 1219
[2025-06-09T04:59:16.717+0000] {subprocess.py:93} INFO - ✅ Sent product_view to ecommerce.product.views - Partition: 0, Offset: 1221
[2025-06-09T04:59:16.717+0000] {subprocess.py:93} INFO - ✅ Sent add_to_wishlist to ecommerce.wishlist.add - Partition: 0, Offset: 294
[2025-06-09T04:59:16.717+0000] {subprocess.py:93} INFO - ✅ Sent product_view to ecommerce.product.views - Partition: 0, Offset: 1224
[2025-06-09T04:59:16.718+0000] {subprocess.py:93} INFO - ✅ Sent add_to_cart to ecommerce.cart.add - Partition: 0, Offset: 432
[2025-06-09T04:59:16.719+0000] {subprocess.py:93} INFO - ✅ Sent add_to_wishlist to ecommerce.wishlist.add - Partition: 0, Offset: 296
[2025-06-09T04:59:16.719+0000] {subprocess.py:93} INFO - ✅ Sent add_to_cart to ecommerce.cart.add - Partition: 0, Offset: 434
[2025-06-09T04:59:16.719+0000] {subprocess.py:93} INFO - ✅ Sent product_view to ecommerce.product.views - Partition: 0, Offset: 1234
[2025-06-09T04:59:16.719+0000] {subprocess.py:93} INFO - ✅ Sent product_view to ecommerce.product.views - Partition: 0, Offset: 1238
[2025-06-09T04:59:16.720+0000] {subprocess.py:93} INFO - ✅ Sent product_view to ecommerce.product.views - Partition: 0, Offset: 1239
[2025-06-09T04:59:16.720+0000] {subprocess.py:93} INFO - ✅ Sent product_view to ecommerce.product.views - Partition: 0, Offset: 1242
[2025-06-09T04:59:16.720+0000] {subprocess.py:93} INFO - ✅ Sent product_view to ecommerce.product.views - Partition: 0, Offset: 1243
[2025-06-09T04:59:16.721+0000] {subprocess.py:93} INFO - ✅ Sent add_to_cart to ecommerce.cart.add - Partition: 0, Offset: 440
[2025-06-09T04:59:16.722+0000] {subprocess.py:93} INFO - ✅ Sent product_view to ecommerce.product.views - Partition: 0, Offset: 1249
[2025-06-09T04:59:16.722+0000] {subprocess.py:93} INFO - ✅ Sent product_view to ecommerce.product.views - Partition: 0, Offset: 1253
[2025-06-09T04:59:53.064+0000] {subprocess.py:93} INFO - ✅ Sent product_view to ecommerce.product.views - Partition: 0, Offset: 1256
[2025-06-09T04:59:53.127+0000] {subprocess.py:93} INFO - ✅ Sent product_view to ecommerce.product.views - Partition: 0, Offset: 1259
[2025-06-09T04:59:53.128+0000] {subprocess.py:93} INFO - ✅ Sent add_to_cart to ecommerce.cart.add - Partition: 0, Offset: 445
[2025-06-09T04:59:53.128+0000] {subprocess.py:93} INFO - ✅ Sent product_view to ecommerce.product.views - Partition: 0, Offset: 1261
[2025-06-09T04:59:53.129+0000] {subprocess.py:93} INFO - ✅ Sent product_view to ecommerce.product.views - Partition: 0, Offset: 1262
[2025-06-09T04:59:53.130+0000] {subprocess.py:93} INFO - ✅ Sent product_view to ecommerce.product.views - Partition: 0, Offset: 1266
[2025-06-09T04:59:53.131+0000] {subprocess.py:93} INFO - ✅ Sent product_view to ecommerce.product.views - Partition: 0, Offset: 1270
[2025-06-09T04:59:53.133+0000] {subprocess.py:93} INFO - ✅ Sent product_view to ecommerce.product.views - Partition: 0, Offset: 1272
[2025-06-09T04:59:53.134+0000] {subprocess.py:93} INFO - ✅ Sent product_view to ecommerce.product.views - Partition: 0, Offset: 1273
[2025-06-09T04:59:53.135+0000] {subprocess.py:93} INFO - ✅ Sent product_view to ecommerce.product.views - Partition: 0, Offset: 1276
[2025-06-09T04:59:53.135+0000] {subprocess.py:93} INFO - ✅ Sent product_view to ecommerce.product.views - Partition: 0, Offset: 1278
[2025-06-09T04:59:53.136+0000] {subprocess.py:93} INFO - ✅ Sent product_view to ecommerce.product.views - Partition: 0, Offset: 1281
[2025-06-09T04:59:53.136+0000] {subprocess.py:93} INFO - ✅ Sent add_to_wishlist to ecommerce.wishlist.add - Partition: 0, Offset: 304
[2025-06-09T04:59:53.136+0000] {subprocess.py:93} INFO - ✅ Sent order_completed to ecommerce.orders.completed - Partition: 0, Offset: 111
[2025-06-09T04:59:53.137+0000] {subprocess.py:93} INFO - ✅ Sent add_to_cart to ecommerce.cart.add - Partition: 0, Offset: 453
[2025-06-09T04:59:53.137+0000] {subprocess.py:93} INFO - ✅ Sent add_to_wishlist to ecommerce.wishlist.add - Partition: 0, Offset: 307
[2025-06-09T04:59:53.138+0000] {subprocess.py:93} INFO - ✅ Sent product_view to ecommerce.product.views - Partition: 0, Offset: 1292
[2025-06-09T04:59:53.138+0000] {subprocess.py:93} INFO - ✅ Sent product_view to ecommerce.product.views - Partition: 0, Offset: 1294
[2025-06-09T04:59:53.138+0000] {subprocess.py:93} INFO - ✅ Sent product_view to ecommerce.product.views - Partition: 0, Offset: 1298
[2025-06-09T04:59:53.139+0000] {subprocess.py:93} INFO - ✅ Sent product_view to ecommerce.product.views - Partition: 0, Offset: 1300
[2025-06-09T04:59:53.139+0000] {subprocess.py:93} INFO - ✅ Sent product_view to ecommerce.product.views - Partition: 0, Offset: 1303
[2025-06-09T04:59:53.139+0000] {subprocess.py:93} INFO - ✅ Sent order_completed to ecommerce.orders.completed - Partition: 0, Offset: 113
[2025-06-09T04:59:53.140+0000] {subprocess.py:93} INFO - ✅ Sent product_view to ecommerce.product.views - Partition: 0, Offset: 1306
[2025-06-09T04:59:53.140+0000] {subprocess.py:93} INFO - ✅ Sent product_view to ecommerce.product.views - Partition: 0, Offset: 1309
[2025-06-09T04:59:53.140+0000] {subprocess.py:93} INFO - ✅ Sent product_view to ecommerce.product.views - Partition: 0, Offset: 1312
[2025-06-09T04:59:53.140+0000] {subprocess.py:93} INFO - ✅ Sent product_view to ecommerce.product.views - Partition: 0, Offset: 1313
[2025-06-09T04:59:53.140+0000] {subprocess.py:93} INFO - ✅ Sent product_view to ecommerce.product.views - Partition: 0, Offset: 1316
[2025-06-09T04:59:53.141+0000] {subprocess.py:93} INFO - ✅ Sent product_view to ecommerce.product.views - Partition: 0, Offset: 1320
[2025-06-09T04:59:53.141+0000] {subprocess.py:93} INFO - ✅ Sent add_to_cart to ecommerce.cart.add - Partition: 0, Offset: 462
[2025-06-09T04:59:53.141+0000] {subprocess.py:93} INFO - ✅ Sent product_view to ecommerce.product.views - Partition: 0, Offset: 1326
[2025-06-09T04:59:53.142+0000] {subprocess.py:93} INFO - ✅ Sent add_to_cart to ecommerce.cart.add - Partition: 0, Offset: 463
[2025-06-09T04:59:53.143+0000] {subprocess.py:93} INFO - ✅ Sent product_view to ecommerce.product.views - Partition: 0, Offset: 1330
[2025-06-09T04:59:53.144+0000] {subprocess.py:93} INFO - ✅ Sent product_view to ecommerce.product.views - Partition: 0, Offset: 1334
[2025-06-09T04:59:53.144+0000] {subprocess.py:93} INFO - ✅ Sent add_to_wishlist to ecommerce.wishlist.add - Partition: 0, Offset: 317
[2025-06-09T04:59:53.144+0000] {subprocess.py:93} INFO - ✅ Sent add_to_wishlist to ecommerce.wishlist.add - Partition: 0, Offset: 318
[2025-06-09T04:59:53.155+0000] {subprocess.py:93} INFO - ✅ Sent add_to_wishlist to ecommerce.wishlist.add - Partition: 0, Offset: 319
[2025-06-09T04:59:53.161+0000] {subprocess.py:93} INFO - ✅ Sent product_view to ecommerce.product.views - Partition: 0, Offset: 1346
[2025-06-09T04:59:53.162+0000] {subprocess.py:93} INFO - ✅ Sent product_view to ecommerce.product.views - Partition: 0, Offset: 1349
[2025-06-09T04:59:53.163+0000] {subprocess.py:93} INFO - ✅ Sent product_view to ecommerce.product.views - Partition: 0, Offset: 1352
[2025-06-09T04:59:53.164+0000] {subprocess.py:93} INFO - ✅ Sent add_to_wishlist to ecommerce.wishlist.add - Partition: 0, Offset: 322
[2025-06-09T04:59:53.164+0000] {subprocess.py:93} INFO - ✅ Sent product_view to ecommerce.product.views - Partition: 0, Offset: 1357
[2025-06-09T04:59:53.165+0000] {subprocess.py:93} INFO - ✅ Sent add_to_cart to ecommerce.cart.add - Partition: 0, Offset: 469
[2025-06-09T04:59:53.166+0000] {subprocess.py:93} INFO - ✅ Sent order_completed to ecommerce.orders.completed - Partition: 0, Offset: 116
[2025-06-09T04:59:53.166+0000] {subprocess.py:93} INFO - ✅ Sent add_to_wishlist to ecommerce.wishlist.add - Partition: 0, Offset: 325
[2025-06-09T04:59:53.166+0000] {subprocess.py:93} INFO - ✅ Sent add_to_cart to ecommerce.cart.add - Partition: 0, Offset: 472
[2025-06-09T04:59:53.167+0000] {subprocess.py:93} INFO - ✅ Sent product_view to ecommerce.product.views - Partition: 0, Offset: 1366
[2025-06-09T04:59:53.168+0000] {subprocess.py:93} INFO - ✅ Sent product_view to ecommerce.product.views - Partition: 0, Offset: 1368
[2025-06-09T04:59:53.169+0000] {subprocess.py:93} INFO - ✅ Sent product_view to ecommerce.product.views - Partition: 0, Offset: 1372
[2025-06-09T04:59:53.169+0000] {subprocess.py:93} INFO - ✅ Sent add_to_cart to ecommerce.cart.add - Partition: 0, Offset: 476
[2025-06-09T04:59:53.170+0000] {subprocess.py:93} INFO - ✅ Sent add_to_wishlist to ecommerce.wishlist.add - Partition: 0, Offset: 328
[2025-06-09T04:59:53.170+0000] {subprocess.py:93} INFO - ✅ Sent product_view to ecommerce.product.views - Partition: 0, Offset: 1376
[2025-06-09T04:59:53.171+0000] {subprocess.py:93} INFO - ✅ Sent product_view to ecommerce.product.views - Partition: 0, Offset: 1379
[2025-06-09T04:59:53.171+0000] {subprocess.py:93} INFO - ✅ Sent product_view to ecommerce.product.views - Partition: 0, Offset: 1380
[2025-06-09T04:59:53.172+0000] {subprocess.py:93} INFO - ✅ Sent product_view to ecommerce.product.views - Partition: 0, Offset: 1383
[2025-06-09T04:59:53.172+0000] {subprocess.py:93} INFO - ✅ Sent product_view to ecommerce.product.views - Partition: 0, Offset: 1385
[2025-06-09T04:59:53.172+0000] {subprocess.py:93} INFO - ✅ Sent add_to_cart to ecommerce.cart.add - Partition: 0, Offset: 482
[2025-06-09T04:59:53.173+0000] {subprocess.py:93} INFO - ✅ Sent add_to_wishlist to ecommerce.wishlist.add - Partition: 0, Offset: 334
[2025-06-09T04:59:53.174+0000] {subprocess.py:93} INFO - ✅ Sent product_view to ecommerce.product.views - Partition: 0, Offset: 1390
[2025-06-09T04:59:53.174+0000] {subprocess.py:93} INFO - ✅ Sent add_to_wishlist to ecommerce.wishlist.add - Partition: 0, Offset: 336
[2025-06-09T04:59:53.174+0000] {subprocess.py:93} INFO - ✅ Sent add_to_cart to ecommerce.cart.add - Partition: 0, Offset: 486
[2025-06-09T04:59:53.174+0000] {subprocess.py:93} INFO - ✅ Sent product_view to ecommerce.product.views - Partition: 0, Offset: 1395
[2025-06-09T04:59:53.175+0000] {subprocess.py:93} INFO - ✅ Sent product_view to ecommerce.product.views - Partition: 0, Offset: 1400
[2025-06-09T04:59:53.175+0000] {subprocess.py:93} INFO - ✅ Sent order_completed to ecommerce.orders.completed - Partition: 0, Offset: 122
[2025-06-09T04:59:53.175+0000] {subprocess.py:93} INFO - ✅ Sent product_view to ecommerce.product.views - Partition: 0, Offset: 1402
[2025-06-09T04:59:53.175+0000] {subprocess.py:93} INFO - ✅ Sent add_to_cart to ecommerce.cart.add - Partition: 0, Offset: 489
[2025-06-09T04:59:53.176+0000] {subprocess.py:93} INFO - ✅ Sent add_to_wishlist to ecommerce.wishlist.add - Partition: 0, Offset: 342
[2025-06-09T04:59:53.176+0000] {subprocess.py:93} INFO - ✅ Sent add_to_cart to ecommerce.cart.add - Partition: 0, Offset: 490
[2025-06-09T04:59:53.176+0000] {subprocess.py:93} INFO - ✅ Sent add_to_cart to ecommerce.cart.add - Partition: 0, Offset: 492
[2025-06-09T04:59:53.176+0000] {subprocess.py:93} INFO - ✅ Sent add_to_wishlist to ecommerce.wishlist.add - Partition: 0, Offset: 346
[2025-06-09T04:59:53.177+0000] {subprocess.py:93} INFO - ✅ Sent add_to_cart to ecommerce.cart.add - Partition: 0, Offset: 493
[2025-06-09T04:59:53.177+0000] {subprocess.py:93} INFO - ✅ Sent product_view to ecommerce.product.views - Partition: 0, Offset: 1413
[2025-06-09T04:59:53.178+0000] {subprocess.py:93} INFO - ✅ Sent product_view to ecommerce.product.views - Partition: 0, Offset: 1415
[2025-06-09T04:59:53.178+0000] {subprocess.py:93} INFO - ✅ Sent add_to_wishlist to ecommerce.wishlist.add - Partition: 0, Offset: 348
[2025-06-09T04:59:53.179+0000] {subprocess.py:93} INFO - ✅ Sent product_view to ecommerce.product.views - Partition: 0, Offset: 1418
[2025-06-09T04:59:53.179+0000] {subprocess.py:93} INFO - ✅ Sent add_to_cart to ecommerce.cart.add - Partition: 0, Offset: 498
[2025-06-09T04:59:53.179+0000] {subprocess.py:93} INFO - ✅ Sent add_to_cart to ecommerce.cart.add - Partition: 0, Offset: 501
[2025-06-09T04:59:53.180+0000] {subprocess.py:93} INFO - ✅ Sent product_view to ecommerce.product.views - Partition: 0, Offset: 1425
[2025-06-09T04:59:53.180+0000] {subprocess.py:93} INFO - ✅ Sent product_view to ecommerce.product.views - Partition: 0, Offset: 1429
[2025-06-09T04:59:53.180+0000] {subprocess.py:93} INFO - ✅ Sent add_to_wishlist to ecommerce.wishlist.add - Partition: 0, Offset: 350
[2025-06-09T04:59:53.180+0000] {subprocess.py:93} INFO - ✅ Sent add_to_cart to ecommerce.cart.add - Partition: 0, Offset: 504
[2025-06-09T04:59:53.181+0000] {subprocess.py:93} INFO - ✅ Sent product_view to ecommerce.product.views - Partition: 0, Offset: 1438
[2025-06-09T04:59:53.181+0000] {subprocess.py:93} INFO - ✅ Sent product_view to ecommerce.product.views - Partition: 0, Offset: 1441
[2025-06-09T04:59:53.181+0000] {subprocess.py:93} INFO - ✅ Sent order_completed to ecommerce.orders.completed - Partition: 0, Offset: 128
[2025-06-09T04:59:53.181+0000] {subprocess.py:93} INFO - ✅ Sent product_view to ecommerce.product.views - Partition: 0, Offset: 1447
[2025-06-09T04:59:53.182+0000] {subprocess.py:93} INFO - ✅ Sent product_view to ecommerce.product.views - Partition: 0, Offset: 1449
[2025-06-09T04:59:53.182+0000] {subprocess.py:93} INFO - ✅ Sent product_view to ecommerce.product.views - Partition: 0, Offset: 1451
[2025-06-09T04:59:53.182+0000] {subprocess.py:93} INFO - ✅ Sent add_to_wishlist to ecommerce.wishlist.add - Partition: 0, Offset: 352
[2025-06-09T04:59:53.182+0000] {subprocess.py:93} INFO - ✅ Sent add_to_cart to ecommerce.cart.add - Partition: 0, Offset: 510
[2025-06-09T04:59:53.182+0000] {subprocess.py:93} INFO - ✅ Sent add_to_cart to ecommerce.cart.add - Partition: 0, Offset: 512
[2025-06-09T04:59:53.183+0000] {subprocess.py:93} INFO - ✅ Sent order_completed to ecommerce.orders.completed - Partition: 0, Offset: 130
[2025-06-09T04:59:53.183+0000] {subprocess.py:93} INFO - ✅ Sent add_to_wishlist to ecommerce.wishlist.add - Partition: 0, Offset: 355
[2025-06-09T04:59:53.183+0000] {subprocess.py:93} INFO - ✅ Sent product_view to ecommerce.product.views - Partition: 0, Offset: 1464
[2025-06-09T04:59:53.183+0000] {subprocess.py:93} INFO - ✅ Sent product_view to ecommerce.product.views - Partition: 0, Offset: 1466
[2025-06-09T04:59:53.183+0000] {subprocess.py:93} INFO - ✅ Sent product_view to ecommerce.product.views - Partition: 0, Offset: 1469
[2025-06-09T04:59:53.183+0000] {subprocess.py:93} INFO - ✅ Sent product_view to ecommerce.product.views - Partition: 0, Offset: 1471
[2025-06-09T04:59:53.184+0000] {subprocess.py:93} INFO - ✅ Sent product_view to ecommerce.product.views - Partition: 0, Offset: 1472
[2025-06-09T04:59:53.184+0000] {subprocess.py:93} INFO - ✅ Sent product_view to ecommerce.product.views - Partition: 0, Offset: 1475
[2025-06-09T04:59:53.184+0000] {subprocess.py:93} INFO - ✅ Sent add_to_wishlist to ecommerce.wishlist.add - Partition: 0, Offset: 360
[2025-06-09T04:59:53.184+0000] {subprocess.py:93} INFO - ✅ Sent product_view to ecommerce.product.views - Partition: 0, Offset: 1480
[2025-06-09T04:59:53.184+0000] {subprocess.py:93} INFO - ✅ Sent product_view to ecommerce.product.views - Partition: 0, Offset: 1482
[2025-06-09T04:59:53.184+0000] {subprocess.py:93} INFO - ✅ Sent add_to_cart to ecommerce.cart.add - Partition: 0, Offset: 524
[2025-06-09T04:59:53.185+0000] {subprocess.py:93} INFO - ✅ Sent product_view to ecommerce.product.views - Partition: 0, Offset: 1484
[2025-06-09T04:59:53.185+0000] {subprocess.py:93} INFO - ✅ Sent product_view to ecommerce.product.views - Partition: 0, Offset: 1486
[2025-06-09T04:59:53.185+0000] {subprocess.py:93} INFO - ✅ Sent add_to_cart to ecommerce.cart.add - Partition: 0, Offset: 527
[2025-06-09T04:59:53.185+0000] {subprocess.py:93} INFO - ✅ Sent product_view to ecommerce.product.views - Partition: 0, Offset: 1491
[2025-06-09T04:59:53.185+0000] {subprocess.py:93} INFO - ✅ Sent order_completed to ecommerce.orders.completed - Partition: 0, Offset: 133
