[2025-06-09T06:30:19.483+0000] {taskinstance.py:1956} INFO - Dependencies all met for dep_context=non-requeueable deps ti=<TaskInstance: kafka_ecommerce_pipeline.run_kafka_consumer scheduled__2025-06-09T06:25:00+00:00 [queued]>
[2025-06-09T06:30:19.488+0000] {taskinstance.py:1956} INFO - Dependencies all met for dep_context=requeueable deps ti=<TaskInstance: kafka_ecommerce_pipeline.run_kafka_consumer scheduled__2025-06-09T06:25:00+00:00 [queued]>
[2025-06-09T06:30:19.488+0000] {taskinstance.py:2170} INFO - Starting attempt 1 of 3
[2025-06-09T06:30:19.496+0000] {taskinstance.py:2191} INFO - Executing <Task(BashOperator): run_kafka_consumer> on 2025-06-09 06:25:00+00:00
[2025-06-09T06:30:19.499+0000] {standard_task_runner.py:60} INFO - Started process 975 to run task
[2025-06-09T06:30:19.501+0000] {standard_task_runner.py:87} INFO - Running: ['***', 'tasks', 'run', 'kafka_ecommerce_pipeline', 'run_kafka_consumer', 'scheduled__2025-06-09T06:25:00+00:00', '--job-id', '49', '--raw', '--subdir', 'DAGS_FOLDER/kafka_data_pipeline.py', '--cfg-path', '/tmp/tmpaigj5c5y']
[2025-06-09T06:30:19.502+0000] {standard_task_runner.py:88} INFO - Job 49: Subtask run_kafka_consumer
[2025-06-09T06:30:19.544+0000] {task_command.py:423} INFO - Running <TaskInstance: kafka_ecommerce_pipeline.run_kafka_consumer scheduled__2025-06-09T06:25:00+00:00 [running]> on host 214da608bc37
[2025-06-09T06:30:19.603+0000] {taskinstance.py:2480} INFO - Exporting env vars: AIRFLOW_CTX_DAG_OWNER='data-engineering-team' AIRFLOW_CTX_DAG_ID='kafka_ecommerce_pipeline' AIRFLOW_CTX_TASK_ID='run_kafka_consumer' AIRFLOW_CTX_EXECUTION_DATE='2025-06-09T06:25:00+00:00' AIRFLOW_CTX_TRY_NUMBER='1' AIRFLOW_CTX_DAG_RUN_ID='scheduled__2025-06-09T06:25:00+00:00'
[2025-06-09T06:30:19.604+0000] {subprocess.py:63} INFO - Tmp dir root location: /tmp
[2025-06-09T06:30:19.606+0000] {subprocess.py:75} INFO - Running command: ['/usr/bin/bash', '-c', 'cd /opt/***/ecom_etl/ && python kafka_scripts/consumer.py']
[2025-06-09T06:30:19.612+0000] {subprocess.py:86} INFO - Output:
[2025-06-09T06:30:19.889+0000] {subprocess.py:93} INFO - 🚀 Starting E-Commerce Event Consumer
[2025-06-09T06:30:19.891+0000] {subprocess.py:93} INFO - 🔗 Kafka: kafka:29092
[2025-06-09T06:30:19.891+0000] {subprocess.py:93} INFO - 🔴 Redis: redis:6379
[2025-06-09T06:30:19.891+0000] {subprocess.py:93} INFO - 🚀 Initializing Kafka consumer with bootstrap servers: kafka:29092
[2025-06-09T06:30:19.891+0000] {subprocess.py:93} INFO - 🔌 Connecting to Redis at redis:6379
[2025-06-09T06:30:19.892+0000] {subprocess.py:93} INFO - 2025-06-09 06:30:19,891 - kafka.conn - INFO - <BrokerConnection client_id=kafka-python-2.2.11, node_id=bootstrap-0 host=kafka:29092 <connecting> [IPv4 ('172.18.0.5', 29092)]>: connecting to kafka:29092 [('172.18.0.5', 29092) IPv4]
[2025-06-09T06:30:19.904+0000] {subprocess.py:93} INFO - 2025-06-09 06:30:19,904 - kafka.conn - INFO - <BrokerConnection client_id=kafka-python-2.2.11, node_id=bootstrap-0 host=kafka:29092 <checking_api_versions_recv> [IPv4 ('172.18.0.5', 29092)]>: Broker version identified as 2.6
[2025-06-09T06:30:19.905+0000] {subprocess.py:93} INFO - 2025-06-09 06:30:19,904 - kafka.conn - INFO - <BrokerConnection client_id=kafka-python-2.2.11, node_id=bootstrap-0 host=kafka:29092 <connected> [IPv4 ('172.18.0.5', 29092)]>: Connection complete.
[2025-06-09T06:30:19.905+0000] {subprocess.py:93} INFO - 2025-06-09 06:30:19,905 - kafka.consumer.subscription_state - INFO - Updating subscribed topics to: ('ecommerce.product.views', 'ecommerce.cart.add', 'ecommerce.wishlist.add', 'ecommerce.orders.completed')
[2025-06-09T06:30:19.905+0000] {subprocess.py:93} INFO - ✅ Successfully connected to Kafka
[2025-06-09T06:30:19.906+0000] {subprocess.py:93} INFO - ✅ Successfully connected to Redis
[2025-06-09T06:30:19.907+0000] {subprocess.py:93} INFO - 📊 Loaded existing metrics: {'total_views': 59, 'total_cart_adds': 19, 'total_wishlist_adds': 11, 'total_orders': 11, 'total_revenue': 26089.65}
[2025-06-09T06:30:19.907+0000] {subprocess.py:93} INFO - 🚀 Starting Kafka consumer...
[2025-06-09T06:30:19.907+0000] {subprocess.py:93} INFO - 📊 Subscribed to Topics: {'ecommerce.cart.add', 'ecommerce.orders.completed', 'ecommerce.wishlist.add', 'ecommerce.product.views'}
[2025-06-09T06:30:19.907+0000] {subprocess.py:93} INFO - 🔍 Will process up to 100 messages or run for 90 seconds
[2025-06-09T06:30:19.910+0000] {subprocess.py:93} INFO - 2025-06-09 06:30:19,910 - kafka.conn - INFO - <BrokerConnection client_id=kafka-python-2.2.11, node_id=1 host=kafka:29092 <connecting> [IPv4 ('172.18.0.5', 29092)]>: connecting to kafka:29092 [('172.18.0.5', 29092) IPv4]
[2025-06-09T06:30:19.911+0000] {subprocess.py:93} INFO - 2025-06-09 06:30:19,910 - kafka.conn - INFO - <BrokerConnection client_id=kafka-python-2.2.11, node_id=1 host=kafka:29092 <connected> [IPv4 ('172.18.0.5', 29092)]>: Connection complete.
[2025-06-09T06:30:19.911+0000] {subprocess.py:93} INFO - 2025-06-09 06:30:19,910 - kafka.conn - INFO - <BrokerConnection client_id=kafka-python-2.2.11, node_id=bootstrap-0 host=kafka:29092 <connected> [IPv4 ('172.18.0.5', 29092)]>: Closing connection.
[2025-06-09T06:30:20.021+0000] {subprocess.py:93} INFO - 2025-06-09 06:30:20,021 - kafka.cluster - INFO - Coordinator for group/ecommerce-analytics-20250609 is BrokerMetadata(nodeId='coordinator-1', host='kafka', port=29092, rack=None)
[2025-06-09T06:30:20.021+0000] {subprocess.py:93} INFO - 2025-06-09 06:30:20,021 - kafka.coordinator - INFO - Discovered coordinator coordinator-1 for group ecommerce-analytics-20250609
[2025-06-09T06:30:20.022+0000] {subprocess.py:93} INFO - 2025-06-09 06:30:20,021 - kafka.coordinator.heartbeat - INFO - Starting new heartbeat thread
[2025-06-09T06:30:20.022+0000] {subprocess.py:93} INFO - 2025-06-09 06:30:20,021 - kafka.coordinator.consumer - INFO - Revoking previously assigned partitions set() for group ecommerce-analytics-20250609
[2025-06-09T06:30:20.022+0000] {subprocess.py:93} INFO - 2025-06-09 06:30:20,021 - kafka.coordinator - INFO - Failed to join group ecommerce-analytics-20250609: NodeNotReadyError: coordinator-1
[2025-06-09T06:30:20.022+0000] {subprocess.py:93} INFO - 2025-06-09 06:30:20,022 - kafka.conn - INFO - <BrokerConnection client_id=kafka-python-2.2.11, node_id=coordinator-1 host=kafka:29092 <connecting> [IPv4 ('172.18.0.5', 29092)]>: connecting to kafka:29092 [('172.18.0.5', 29092) IPv4]
[2025-06-09T06:30:20.023+0000] {subprocess.py:93} INFO - 2025-06-09 06:30:20,023 - kafka.conn - INFO - <BrokerConnection client_id=kafka-python-2.2.11, node_id=coordinator-1 host=kafka:29092 <connected> [IPv4 ('172.18.0.5', 29092)]>: Connection complete.
[2025-06-09T06:30:20.125+0000] {subprocess.py:93} INFO - 2025-06-09 06:30:20,124 - kafka.coordinator - INFO - (Re-)joining group ecommerce-analytics-20250609
[2025-06-09T06:30:20.137+0000] {subprocess.py:93} INFO - 2025-06-09 06:30:20,137 - kafka.coordinator - INFO - Received member id kafka-python-2.2.11-ffa9eac3-f8aa-473c-a6de-1a106b288cec for group ecommerce-analytics-20250609; will retry join-group
[2025-06-09T06:30:20.137+0000] {subprocess.py:93} INFO - 2025-06-09 06:30:20,137 - kafka.coordinator - INFO - Failed to join group ecommerce-analytics-20250609: [Error 79] MemberIdRequiredError
[2025-06-09T06:30:20.138+0000] {subprocess.py:93} INFO - 2025-06-09 06:30:20,137 - kafka.coordinator - INFO - (Re-)joining group ecommerce-analytics-20250609
[2025-06-09T06:30:23.151+0000] {subprocess.py:93} INFO - 2025-06-09 06:30:23,150 - kafka.coordinator - INFO - Successfully joined group ecommerce-analytics-20250609 <Generation 15 (member_id: kafka-python-2.2.11-ffa9eac3-f8aa-473c-a6de-1a106b288cec, protocol: range)>
[2025-06-09T06:30:23.155+0000] {subprocess.py:93} INFO - 2025-06-09 06:30:23,150 - kafka.coordinator - INFO - Elected group leader -- performing partition assignments using range
[2025-06-09T06:30:23.161+0000] {subprocess.py:93} INFO - 2025-06-09 06:30:23,160 - kafka.consumer.subscription_state - INFO - Updated partition assignment: [TopicPartition(topic='ecommerce.cart.add', partition=0), TopicPartition(topic='ecommerce.orders.completed', partition=0), TopicPartition(topic='ecommerce.product.views', partition=0), TopicPartition(topic='ecommerce.wishlist.add', partition=0)]
[2025-06-09T06:30:23.161+0000] {subprocess.py:93} INFO - 2025-06-09 06:30:23,161 - kafka.coordinator.consumer - INFO - Setting newly assigned partitions {TopicPartition(topic='ecommerce.product.views', partition=0), TopicPartition(topic='ecommerce.cart.add', partition=0), TopicPartition(topic='ecommerce.orders.completed', partition=0), TopicPartition(topic='ecommerce.wishlist.add', partition=0)} for group ecommerce-analytics-20250609
[2025-06-09T06:30:23.177+0000] {subprocess.py:93} INFO - 💰 Order: order_99282 by user_010 - $1829.96 (3 items)
[2025-06-09T06:30:23.183+0000] {subprocess.py:93} INFO - kafka_scripts/consumer.py:280: DeprecationWarning: Redis.hmset() is deprecated. Use Redis.hset() instead.
[2025-06-09T06:30:23.183+0000] {subprocess.py:93} INFO -   self.redis_client.hmset("metrics:totals", {
[2025-06-09T06:30:23.183+0000] {subprocess.py:93} INFO - 💰 Order: order_89656 by user_072 - $1339.95 (4 items)
[2025-06-09T06:30:23.186+0000] {subprocess.py:93} INFO - 💰 Order: order_41744 by user_040 - $2399.97 (2 items)
[2025-06-09T06:30:23.188+0000] {subprocess.py:93} INFO - 💰 Order: order_78370 by user_066 - $2299.96 (2 items)
[2025-06-09T06:30:23.190+0000] {subprocess.py:93} INFO - 💰 Order: order_17004 by user_077 - $299.98 (1 items)
[2025-06-09T06:30:23.192+0000] {subprocess.py:93} INFO - 💰 Order: order_24119 by user_029 - $1999.99 (1 items)
[2025-06-09T06:30:23.194+0000] {subprocess.py:93} INFO - 🛒 Cart Add: 2x Adidas Sneakers by user_075 ($179.98)
[2025-06-09T06:30:23.194+0000] {subprocess.py:93} INFO - 🛒 Cart Add: 3x Samsung 4K TV by user_088 ($2399.9700000000003)
[2025-06-09T06:30:23.195+0000] {subprocess.py:93} INFO - 🛒 Cart Add: 3x Adidas Sneakers by user_017 ($269.96999999999997)
[2025-06-09T06:30:23.196+0000] {subprocess.py:93} INFO - ❤️  Wishlist Add: Coffee Maker by user_002
[2025-06-09T06:30:23.197+0000] {subprocess.py:93} INFO - 📊 Processed 10 messages in 3.3 seconds
[2025-06-09T06:30:23.199+0000] {subprocess.py:93} INFO - 
[2025-06-09T06:30:23.199+0000] {subprocess.py:93} INFO - ============================================================
[2025-06-09T06:30:23.199+0000] {subprocess.py:93} INFO - 📊 REAL-TIME E-COMMERCE DASHBOARD
[2025-06-09T06:30:23.199+0000] {subprocess.py:93} INFO - ============================================================
[2025-06-09T06:30:23.199+0000] {subprocess.py:93} INFO - 👀 Total Views: 59
[2025-06-09T06:30:23.199+0000] {subprocess.py:93} INFO - 🛒 Total Cart Adds: 22
[2025-06-09T06:30:23.200+0000] {subprocess.py:93} INFO - ❤️  Total Wishlist Adds: 12
[2025-06-09T06:30:23.200+0000] {subprocess.py:93} INFO - 📦 Total Orders: 17
[2025-06-09T06:30:23.200+0000] {subprocess.py:93} INFO - 💰 Total Revenue: $36259.46000000001
[2025-06-09T06:30:23.200+0000] {subprocess.py:93} INFO - 🕐 Last Updated: 2025-06-09T06:30:23.199113
[2025-06-09T06:30:23.200+0000] {subprocess.py:93} INFO - 
[2025-06-09T06:30:23.200+0000] {subprocess.py:93} INFO - 🔥 Recent Orders:
[2025-06-09T06:30:23.200+0000] {subprocess.py:93} INFO -   • order_24119: $1999.99 (1 items)
[2025-06-09T06:30:23.201+0000] {subprocess.py:93} INFO -   • order_17004: $299.98 (1 items)
[2025-06-09T06:30:23.201+0000] {subprocess.py:93} INFO -   • order_78370: $2299.96 (2 items)
[2025-06-09T06:30:23.201+0000] {subprocess.py:93} INFO -   • order_41744: $2399.97 (2 items)
[2025-06-09T06:30:23.201+0000] {subprocess.py:93} INFO -   • order_89656: $1339.95 (4 items)
[2025-06-09T06:30:23.201+0000] {subprocess.py:93} INFO - ============================================================
[2025-06-09T06:30:23.201+0000] {subprocess.py:93} INFO - ❤️  Wishlist Add: MacBook Pro by user_067
[2025-06-09T06:30:23.202+0000] {subprocess.py:93} INFO - 👀 Product View: MacBook Pro by user_007
[2025-06-09T06:30:23.202+0000] {subprocess.py:93} INFO - 👀 Product View: iPhone 15 Pro by user_057
[2025-06-09T06:30:23.203+0000] {subprocess.py:93} INFO - 👀 Product View: Wireless Headphones by user_093
[2025-06-09T06:30:23.204+0000] {subprocess.py:93} INFO - 👀 Product View: Wireless Headphones by user_076
[2025-06-09T06:30:23.205+0000] {subprocess.py:93} INFO - 👀 Product View: iPhone 15 Pro by user_014
[2025-06-09T06:30:23.206+0000] {subprocess.py:93} INFO - 👀 Product View: Wireless Headphones by user_040
[2025-06-09T06:30:23.208+0000] {subprocess.py:93} INFO - 👀 Product View: Coffee Maker by user_082
[2025-06-09T06:30:23.209+0000] {subprocess.py:93} INFO - 👀 Product View: Adidas Sneakers by user_084
[2025-06-09T06:30:23.210+0000] {subprocess.py:93} INFO - 👀 Product View: Coffee Maker by user_055
[2025-06-09T06:30:23.211+0000] {subprocess.py:93} INFO - 📊 Processed 20 messages in 3.3 seconds
[2025-06-09T06:30:23.212+0000] {subprocess.py:93} INFO - 
[2025-06-09T06:30:23.213+0000] {subprocess.py:93} INFO - ============================================================
[2025-06-09T06:30:23.213+0000] {subprocess.py:93} INFO - 📊 REAL-TIME E-COMMERCE DASHBOARD
[2025-06-09T06:30:23.213+0000] {subprocess.py:93} INFO - ============================================================
[2025-06-09T06:30:23.213+0000] {subprocess.py:93} INFO - 👀 Total Views: 68
[2025-06-09T06:30:23.213+0000] {subprocess.py:93} INFO - 🛒 Total Cart Adds: 22
[2025-06-09T06:30:23.213+0000] {subprocess.py:93} INFO - ❤️  Total Wishlist Adds: 13
[2025-06-09T06:30:23.214+0000] {subprocess.py:93} INFO - 📦 Total Orders: 17
[2025-06-09T06:30:23.214+0000] {subprocess.py:93} INFO - 💰 Total Revenue: $36259.46000000001
[2025-06-09T06:30:23.214+0000] {subprocess.py:93} INFO - 🕐 Last Updated: 2025-06-09T06:30:23.212945
[2025-06-09T06:30:23.214+0000] {subprocess.py:93} INFO - 
[2025-06-09T06:30:23.214+0000] {subprocess.py:93} INFO - 🔥 Recent Orders:
[2025-06-09T06:30:23.214+0000] {subprocess.py:93} INFO -   • order_24119: $1999.99 (1 items)
[2025-06-09T06:30:23.214+0000] {subprocess.py:93} INFO -   • order_17004: $299.98 (1 items)
[2025-06-09T06:30:23.214+0000] {subprocess.py:93} INFO -   • order_78370: $2299.96 (2 items)
[2025-06-09T06:30:23.215+0000] {subprocess.py:93} INFO -   • order_41744: $2399.97 (2 items)
[2025-06-09T06:30:23.215+0000] {subprocess.py:93} INFO -   • order_89656: $1339.95 (4 items)
[2025-06-09T06:30:23.215+0000] {subprocess.py:93} INFO - ============================================================
[2025-06-09T06:30:43.228+0000] {subprocess.py:93} INFO - ⏸️ No messages for 15.0s, checking for completion...
[2025-06-09T06:30:43.233+0000] {subprocess.py:93} INFO - 
[2025-06-09T06:30:43.233+0000] {subprocess.py:93} INFO - ============================================================
[2025-06-09T06:30:43.233+0000] {subprocess.py:93} INFO - 📊 REAL-TIME E-COMMERCE DASHBOARD
[2025-06-09T06:30:43.233+0000] {subprocess.py:93} INFO - ============================================================
[2025-06-09T06:30:43.234+0000] {subprocess.py:93} INFO - 👀 Total Views: 68
[2025-06-09T06:30:43.234+0000] {subprocess.py:93} INFO - 🛒 Total Cart Adds: 22
[2025-06-09T06:30:43.234+0000] {subprocess.py:93} INFO - ❤️  Total Wishlist Adds: 13
[2025-06-09T06:30:43.234+0000] {subprocess.py:93} INFO - 📦 Total Orders: 17
[2025-06-09T06:30:43.234+0000] {subprocess.py:93} INFO - 💰 Total Revenue: $36259.46000000001
[2025-06-09T06:30:43.234+0000] {subprocess.py:93} INFO - 🕐 Last Updated: 2025-06-09T06:30:43.230922
[2025-06-09T06:30:43.235+0000] {subprocess.py:93} INFO - 
[2025-06-09T06:30:43.235+0000] {subprocess.py:93} INFO - 🔥 Recent Orders:
[2025-06-09T06:30:43.235+0000] {subprocess.py:93} INFO -   • order_24119: $1999.99 (1 items)
[2025-06-09T06:30:43.235+0000] {subprocess.py:93} INFO -   • order_17004: $299.98 (1 items)
[2025-06-09T06:30:43.235+0000] {subprocess.py:93} INFO -   • order_78370: $2299.96 (2 items)
[2025-06-09T06:30:43.235+0000] {subprocess.py:93} INFO -   • order_41744: $2399.97 (2 items)
[2025-06-09T06:30:43.235+0000] {subprocess.py:93} INFO -   • order_89656: $1339.95 (4 items)
[2025-06-09T06:30:43.236+0000] {subprocess.py:93} INFO - ============================================================
[2025-06-09T06:30:48.242+0000] {subprocess.py:93} INFO - ⏸️ No messages for 20.0s, checking for completion...
[2025-06-09T06:30:48.248+0000] {subprocess.py:93} INFO - 
[2025-06-09T06:30:48.248+0000] {subprocess.py:93} INFO - ============================================================
[2025-06-09T06:30:48.249+0000] {subprocess.py:93} INFO - 📊 REAL-TIME E-COMMERCE DASHBOARD
[2025-06-09T06:30:48.249+0000] {subprocess.py:93} INFO - ============================================================
[2025-06-09T06:30:48.250+0000] {subprocess.py:93} INFO - 👀 Total Views: 68
[2025-06-09T06:30:48.250+0000] {subprocess.py:93} INFO - 🛒 Total Cart Adds: 22
[2025-06-09T06:30:48.251+0000] {subprocess.py:93} INFO - ❤️  Total Wishlist Adds: 13
[2025-06-09T06:30:48.251+0000] {subprocess.py:93} INFO - 📦 Total Orders: 17
[2025-06-09T06:30:48.252+0000] {subprocess.py:93} INFO - 💰 Total Revenue: $36259.46000000001
[2025-06-09T06:30:48.252+0000] {subprocess.py:93} INFO - 🕐 Last Updated: 2025-06-09T06:30:48.248006
[2025-06-09T06:30:48.253+0000] {subprocess.py:93} INFO - 
[2025-06-09T06:30:48.253+0000] {subprocess.py:93} INFO - 🔥 Recent Orders:
[2025-06-09T06:30:48.253+0000] {subprocess.py:93} INFO -   • order_24119: $1999.99 (1 items)
[2025-06-09T06:30:48.254+0000] {subprocess.py:93} INFO -   • order_17004: $299.98 (1 items)
[2025-06-09T06:30:48.254+0000] {subprocess.py:93} INFO -   • order_78370: $2299.96 (2 items)
[2025-06-09T06:30:48.255+0000] {subprocess.py:93} INFO -   • order_41744: $2399.97 (2 items)
[2025-06-09T06:30:48.255+0000] {subprocess.py:93} INFO -   • order_89656: $1339.95 (4 items)
[2025-06-09T06:30:48.256+0000] {subprocess.py:93} INFO - ============================================================
[2025-06-09T06:30:53.252+0000] {subprocess.py:93} INFO - ⏸️ No messages for 25.0s, checking for completion...
[2025-06-09T06:30:53.259+0000] {subprocess.py:93} INFO - 
[2025-06-09T06:30:53.259+0000] {subprocess.py:93} INFO - ============================================================
[2025-06-09T06:30:53.261+0000] {subprocess.py:93} INFO - 📊 REAL-TIME E-COMMERCE DASHBOARD
[2025-06-09T06:30:53.262+0000] {subprocess.py:93} INFO - ============================================================
[2025-06-09T06:30:53.262+0000] {subprocess.py:93} INFO - 👀 Total Views: 68
[2025-06-09T06:30:53.263+0000] {subprocess.py:93} INFO - 🛒 Total Cart Adds: 22
[2025-06-09T06:30:53.263+0000] {subprocess.py:93} INFO - ❤️  Total Wishlist Adds: 13
[2025-06-09T06:30:53.263+0000] {subprocess.py:93} INFO - 📦 Total Orders: 17
[2025-06-09T06:30:53.263+0000] {subprocess.py:93} INFO - 💰 Total Revenue: $36259.46000000001
[2025-06-09T06:30:53.263+0000] {subprocess.py:93} INFO - 🕐 Last Updated: 2025-06-09T06:30:53.255283
[2025-06-09T06:30:53.263+0000] {subprocess.py:93} INFO - 
[2025-06-09T06:30:53.263+0000] {subprocess.py:93} INFO - 🔥 Recent Orders:
[2025-06-09T06:30:53.264+0000] {subprocess.py:93} INFO -   • order_24119: $1999.99 (1 items)
[2025-06-09T06:30:53.264+0000] {subprocess.py:93} INFO -   • order_17004: $299.98 (1 items)
[2025-06-09T06:30:53.264+0000] {subprocess.py:93} INFO -   • order_78370: $2299.96 (2 items)
[2025-06-09T06:30:53.264+0000] {subprocess.py:93} INFO -   • order_41744: $2399.97 (2 items)
[2025-06-09T06:30:53.264+0000] {subprocess.py:93} INFO -   • order_89656: $1339.95 (4 items)
[2025-06-09T06:30:53.264+0000] {subprocess.py:93} INFO - ============================================================
[2025-06-09T06:30:58.258+0000] {subprocess.py:93} INFO - ⏸️ No messages for 30.0s, checking for completion...
[2025-06-09T06:30:58.267+0000] {subprocess.py:93} INFO - 
[2025-06-09T06:30:58.267+0000] {subprocess.py:93} INFO - ============================================================
[2025-06-09T06:30:58.267+0000] {subprocess.py:93} INFO - 📊 REAL-TIME E-COMMERCE DASHBOARD
[2025-06-09T06:30:58.268+0000] {subprocess.py:93} INFO - ============================================================
[2025-06-09T06:30:58.268+0000] {subprocess.py:93} INFO - 👀 Total Views: 68
[2025-06-09T06:30:58.270+0000] {subprocess.py:93} INFO - 🛒 Total Cart Adds: 22
[2025-06-09T06:30:58.270+0000] {subprocess.py:93} INFO - ❤️  Total Wishlist Adds: 13
[2025-06-09T06:30:58.271+0000] {subprocess.py:93} INFO - 📦 Total Orders: 17
[2025-06-09T06:30:58.272+0000] {subprocess.py:93} INFO - 💰 Total Revenue: $36259.46000000001
[2025-06-09T06:30:58.273+0000] {subprocess.py:93} INFO - 🕐 Last Updated: 2025-06-09T06:30:58.261906
[2025-06-09T06:30:58.274+0000] {subprocess.py:93} INFO - 
[2025-06-09T06:30:58.274+0000] {subprocess.py:93} INFO - 🔥 Recent Orders:
[2025-06-09T06:30:58.274+0000] {subprocess.py:93} INFO -   • order_24119: $1999.99 (1 items)
[2025-06-09T06:30:58.275+0000] {subprocess.py:93} INFO -   • order_17004: $299.98 (1 items)
[2025-06-09T06:30:58.275+0000] {subprocess.py:93} INFO -   • order_78370: $2299.96 (2 items)
[2025-06-09T06:30:58.276+0000] {subprocess.py:93} INFO -   • order_41744: $2399.97 (2 items)
[2025-06-09T06:30:58.276+0000] {subprocess.py:93} INFO -   • order_89656: $1339.95 (4 items)
[2025-06-09T06:30:58.276+0000] {subprocess.py:93} INFO - ============================================================
[2025-06-09T06:31:03.275+0000] {subprocess.py:93} INFO - ⏸️ No messages for 35.1s, checking for completion...
[2025-06-09T06:31:03.292+0000] {subprocess.py:93} INFO - 
[2025-06-09T06:31:03.292+0000] {subprocess.py:93} INFO - ============================================================
[2025-06-09T06:31:03.293+0000] {subprocess.py:93} INFO - 📊 REAL-TIME E-COMMERCE DASHBOARD
[2025-06-09T06:31:03.293+0000] {subprocess.py:93} INFO - ============================================================
[2025-06-09T06:31:03.293+0000] {subprocess.py:93} INFO - 👀 Total Views: 68
[2025-06-09T06:31:03.294+0000] {subprocess.py:93} INFO - 🛒 Total Cart Adds: 22
[2025-06-09T06:31:03.294+0000] {subprocess.py:93} INFO - ❤️  Total Wishlist Adds: 13
[2025-06-09T06:31:03.295+0000] {subprocess.py:93} INFO - 📦 Total Orders: 17
[2025-06-09T06:31:03.295+0000] {subprocess.py:93} INFO - 💰 Total Revenue: $36259.46000000001
[2025-06-09T06:31:03.295+0000] {subprocess.py:93} INFO - 🕐 Last Updated: 2025-06-09T06:31:03.282040
[2025-06-09T06:31:03.296+0000] {subprocess.py:93} INFO - 
[2025-06-09T06:31:03.296+0000] {subprocess.py:93} INFO - 🔥 Recent Orders:
[2025-06-09T06:31:03.296+0000] {subprocess.py:93} INFO -   • order_24119: $1999.99 (1 items)
[2025-06-09T06:31:03.296+0000] {subprocess.py:93} INFO -   • order_17004: $299.98 (1 items)
[2025-06-09T06:31:03.297+0000] {subprocess.py:93} INFO -   • order_78370: $2299.96 (2 items)
[2025-06-09T06:31:03.297+0000] {subprocess.py:93} INFO -   • order_41744: $2399.97 (2 items)
[2025-06-09T06:31:03.297+0000] {subprocess.py:93} INFO -   • order_89656: $1339.95 (4 items)
[2025-06-09T06:31:03.297+0000] {subprocess.py:93} INFO - ============================================================
[2025-06-09T06:31:08.294+0000] {subprocess.py:93} INFO - ⏸️ No messages for 40.1s, checking for completion...
[2025-06-09T06:31:08.305+0000] {subprocess.py:93} INFO - 
[2025-06-09T06:31:08.305+0000] {subprocess.py:93} INFO - ============================================================
[2025-06-09T06:31:08.305+0000] {subprocess.py:93} INFO - 📊 REAL-TIME E-COMMERCE DASHBOARD
[2025-06-09T06:31:08.305+0000] {subprocess.py:93} INFO - ============================================================
[2025-06-09T06:31:08.306+0000] {subprocess.py:93} INFO - 👀 Total Views: 68
[2025-06-09T06:31:08.306+0000] {subprocess.py:93} INFO - 🛒 Total Cart Adds: 22
[2025-06-09T06:31:08.306+0000] {subprocess.py:93} INFO - ❤️  Total Wishlist Adds: 13
[2025-06-09T06:31:08.306+0000] {subprocess.py:93} INFO - 📦 Total Orders: 17
[2025-06-09T06:31:08.307+0000] {subprocess.py:93} INFO - 💰 Total Revenue: $36259.46000000001
[2025-06-09T06:31:08.307+0000] {subprocess.py:93} INFO - 🕐 Last Updated: 2025-06-09T06:31:08.298546
[2025-06-09T06:31:08.307+0000] {subprocess.py:93} INFO - 
[2025-06-09T06:31:08.307+0000] {subprocess.py:93} INFO - 🔥 Recent Orders:
[2025-06-09T06:31:08.308+0000] {subprocess.py:93} INFO -   • order_24119: $1999.99 (1 items)
[2025-06-09T06:31:08.308+0000] {subprocess.py:93} INFO -   • order_17004: $299.98 (1 items)
[2025-06-09T06:31:08.308+0000] {subprocess.py:93} INFO -   • order_78370: $2299.96 (2 items)
[2025-06-09T06:31:08.309+0000] {subprocess.py:93} INFO -   • order_41744: $2399.97 (2 items)
[2025-06-09T06:31:08.309+0000] {subprocess.py:93} INFO -   • order_89656: $1339.95 (4 items)
[2025-06-09T06:31:08.309+0000] {subprocess.py:93} INFO - ============================================================
[2025-06-09T06:31:13.299+0000] {subprocess.py:93} INFO - ⏸️ No messages for 45.1s, checking for completion...
[2025-06-09T06:31:13.308+0000] {subprocess.py:93} INFO - 
[2025-06-09T06:31:13.309+0000] {subprocess.py:93} INFO - ============================================================
[2025-06-09T06:31:13.309+0000] {subprocess.py:93} INFO - 📊 REAL-TIME E-COMMERCE DASHBOARD
[2025-06-09T06:31:13.309+0000] {subprocess.py:93} INFO - ============================================================
[2025-06-09T06:31:13.309+0000] {subprocess.py:93} INFO - 👀 Total Views: 68
[2025-06-09T06:31:13.309+0000] {subprocess.py:93} INFO - 🛒 Total Cart Adds: 22
[2025-06-09T06:31:13.309+0000] {subprocess.py:93} INFO - ❤️  Total Wishlist Adds: 13
[2025-06-09T06:31:13.310+0000] {subprocess.py:93} INFO - 📦 Total Orders: 17
[2025-06-09T06:31:13.310+0000] {subprocess.py:93} INFO - 💰 Total Revenue: $36259.46000000001
[2025-06-09T06:31:13.310+0000] {subprocess.py:93} INFO - 🕐 Last Updated: 2025-06-09T06:31:13.301421
[2025-06-09T06:31:13.310+0000] {subprocess.py:93} INFO - 
[2025-06-09T06:31:13.310+0000] {subprocess.py:93} INFO - 🔥 Recent Orders:
[2025-06-09T06:31:13.310+0000] {subprocess.py:93} INFO -   • order_24119: $1999.99 (1 items)
[2025-06-09T06:31:13.310+0000] {subprocess.py:93} INFO -   • order_17004: $299.98 (1 items)
[2025-06-09T06:31:13.310+0000] {subprocess.py:93} INFO -   • order_78370: $2299.96 (2 items)
[2025-06-09T06:31:13.311+0000] {subprocess.py:93} INFO -   • order_41744: $2399.97 (2 items)
[2025-06-09T06:31:13.311+0000] {subprocess.py:93} INFO -   • order_89656: $1339.95 (4 items)
[2025-06-09T06:31:13.311+0000] {subprocess.py:93} INFO - ============================================================
[2025-06-09T06:31:18.303+0000] {subprocess.py:93} INFO - ⏸️ No messages for 50.1s, checking for completion...
[2025-06-09T06:31:18.314+0000] {subprocess.py:93} INFO - 
[2025-06-09T06:31:18.315+0000] {subprocess.py:93} INFO - ============================================================
[2025-06-09T06:31:18.315+0000] {subprocess.py:93} INFO - 📊 REAL-TIME E-COMMERCE DASHBOARD
[2025-06-09T06:31:18.315+0000] {subprocess.py:93} INFO - ============================================================
[2025-06-09T06:31:18.316+0000] {subprocess.py:93} INFO - 👀 Total Views: 68
[2025-06-09T06:31:18.316+0000] {subprocess.py:93} INFO - 🛒 Total Cart Adds: 22
[2025-06-09T06:31:18.316+0000] {subprocess.py:93} INFO - ❤️  Total Wishlist Adds: 13
[2025-06-09T06:31:18.316+0000] {subprocess.py:93} INFO - 📦 Total Orders: 17
[2025-06-09T06:31:18.316+0000] {subprocess.py:93} INFO - 💰 Total Revenue: $36259.46000000001
[2025-06-09T06:31:18.317+0000] {subprocess.py:93} INFO - 🕐 Last Updated: 2025-06-09T06:31:18.306334
[2025-06-09T06:31:18.317+0000] {subprocess.py:93} INFO - 
[2025-06-09T06:31:18.317+0000] {subprocess.py:93} INFO - 🔥 Recent Orders:
[2025-06-09T06:31:18.317+0000] {subprocess.py:93} INFO -   • order_24119: $1999.99 (1 items)
[2025-06-09T06:31:18.317+0000] {subprocess.py:93} INFO -   • order_17004: $299.98 (1 items)
[2025-06-09T06:31:18.317+0000] {subprocess.py:93} INFO -   • order_78370: $2299.96 (2 items)
[2025-06-09T06:31:18.318+0000] {subprocess.py:93} INFO -   • order_41744: $2399.97 (2 items)
[2025-06-09T06:31:18.318+0000] {subprocess.py:93} INFO -   • order_89656: $1339.95 (4 items)
[2025-06-09T06:31:18.318+0000] {subprocess.py:93} INFO - ============================================================
[2025-06-09T06:31:23.311+0000] {subprocess.py:93} INFO - ⏸️ No messages for 55.1s, checking for completion...
[2025-06-09T06:31:23.329+0000] {subprocess.py:93} INFO - 
[2025-06-09T06:31:23.330+0000] {subprocess.py:93} INFO - ============================================================
[2025-06-09T06:31:23.330+0000] {subprocess.py:93} INFO - 📊 REAL-TIME E-COMMERCE DASHBOARD
[2025-06-09T06:31:23.331+0000] {subprocess.py:93} INFO - ============================================================
[2025-06-09T06:31:23.331+0000] {subprocess.py:93} INFO - 👀 Total Views: 68
[2025-06-09T06:31:23.332+0000] {subprocess.py:93} INFO - 🛒 Total Cart Adds: 22
[2025-06-09T06:31:23.332+0000] {subprocess.py:93} INFO - ❤️  Total Wishlist Adds: 13
[2025-06-09T06:31:23.333+0000] {subprocess.py:93} INFO - 📦 Total Orders: 17
[2025-06-09T06:31:23.333+0000] {subprocess.py:93} INFO - 💰 Total Revenue: $36259.46000000001
[2025-06-09T06:31:23.333+0000] {subprocess.py:93} INFO - 🕐 Last Updated: 2025-06-09T06:31:23.318434
[2025-06-09T06:31:23.334+0000] {subprocess.py:93} INFO - 
[2025-06-09T06:31:23.334+0000] {subprocess.py:93} INFO - 🔥 Recent Orders:
[2025-06-09T06:31:23.334+0000] {subprocess.py:93} INFO -   • order_24119: $1999.99 (1 items)
[2025-06-09T06:31:23.334+0000] {subprocess.py:93} INFO -   • order_17004: $299.98 (1 items)
[2025-06-09T06:31:23.335+0000] {subprocess.py:93} INFO -   • order_78370: $2299.96 (2 items)
[2025-06-09T06:31:23.335+0000] {subprocess.py:93} INFO -   • order_41744: $2399.97 (2 items)
[2025-06-09T06:31:23.335+0000] {subprocess.py:93} INFO -   • order_89656: $1339.95 (4 items)
[2025-06-09T06:31:23.335+0000] {subprocess.py:93} INFO - ============================================================
[2025-06-09T06:31:28.324+0000] {subprocess.py:93} INFO - ⏸️ No messages for 60.1s, checking for completion...
[2025-06-09T06:31:28.330+0000] {subprocess.py:93} INFO - 
[2025-06-09T06:31:28.330+0000] {subprocess.py:93} INFO - ============================================================
[2025-06-09T06:31:28.331+0000] {subprocess.py:93} INFO - 📊 REAL-TIME E-COMMERCE DASHBOARD
[2025-06-09T06:31:28.331+0000] {subprocess.py:93} INFO - ============================================================
[2025-06-09T06:31:28.331+0000] {subprocess.py:93} INFO - 👀 Total Views: 68
[2025-06-09T06:31:28.331+0000] {subprocess.py:93} INFO - 🛒 Total Cart Adds: 22
[2025-06-09T06:31:28.331+0000] {subprocess.py:93} INFO - ❤️  Total Wishlist Adds: 13
[2025-06-09T06:31:28.332+0000] {subprocess.py:93} INFO - 📦 Total Orders: 17
[2025-06-09T06:31:28.332+0000] {subprocess.py:93} INFO - 💰 Total Revenue: $36259.46000000001
[2025-06-09T06:31:28.332+0000] {subprocess.py:93} INFO - 🕐 Last Updated: 2025-06-09T06:31:28.325746
[2025-06-09T06:31:28.332+0000] {subprocess.py:93} INFO - 
[2025-06-09T06:31:28.332+0000] {subprocess.py:93} INFO - 🔥 Recent Orders:
[2025-06-09T06:31:28.332+0000] {subprocess.py:93} INFO -   • order_24119: $1999.99 (1 items)
[2025-06-09T06:31:28.333+0000] {subprocess.py:93} INFO -   • order_17004: $299.98 (1 items)
[2025-06-09T06:31:28.333+0000] {subprocess.py:93} INFO -   • order_78370: $2299.96 (2 items)
[2025-06-09T06:31:28.333+0000] {subprocess.py:93} INFO -   • order_41744: $2399.97 (2 items)
[2025-06-09T06:31:28.333+0000] {subprocess.py:93} INFO -   • order_89656: $1339.95 (4 items)
[2025-06-09T06:31:28.333+0000] {subprocess.py:93} INFO - ============================================================
[2025-06-09T06:31:33.338+0000] {subprocess.py:93} INFO - ⏸️ No messages for 65.1s, checking for completion...
[2025-06-09T06:31:33.348+0000] {subprocess.py:93} INFO - 
[2025-06-09T06:31:33.348+0000] {subprocess.py:93} INFO - ============================================================
[2025-06-09T06:31:33.349+0000] {subprocess.py:93} INFO - 📊 REAL-TIME E-COMMERCE DASHBOARD
[2025-06-09T06:31:33.349+0000] {subprocess.py:93} INFO - ============================================================
[2025-06-09T06:31:33.350+0000] {subprocess.py:93} INFO - 👀 Total Views: 68
[2025-06-09T06:31:33.350+0000] {subprocess.py:93} INFO - 🛒 Total Cart Adds: 22
[2025-06-09T06:31:33.351+0000] {subprocess.py:93} INFO - ❤️  Total Wishlist Adds: 13
[2025-06-09T06:31:33.351+0000] {subprocess.py:93} INFO - 📦 Total Orders: 17
[2025-06-09T06:31:33.351+0000] {subprocess.py:93} INFO - 💰 Total Revenue: $36259.46000000001
[2025-06-09T06:31:33.351+0000] {subprocess.py:93} INFO - 🕐 Last Updated: 2025-06-09T06:31:33.343136
[2025-06-09T06:31:33.352+0000] {subprocess.py:93} INFO - 
[2025-06-09T06:31:33.352+0000] {subprocess.py:93} INFO - 🔥 Recent Orders:
[2025-06-09T06:31:33.352+0000] {subprocess.py:93} INFO -   • order_24119: $1999.99 (1 items)
[2025-06-09T06:31:33.353+0000] {subprocess.py:93} INFO -   • order_17004: $299.98 (1 items)
[2025-06-09T06:31:33.353+0000] {subprocess.py:93} INFO -   • order_78370: $2299.96 (2 items)
[2025-06-09T06:31:33.353+0000] {subprocess.py:93} INFO -   • order_41744: $2399.97 (2 items)
[2025-06-09T06:31:33.353+0000] {subprocess.py:93} INFO -   • order_89656: $1339.95 (4 items)
[2025-06-09T06:31:33.354+0000] {subprocess.py:93} INFO - ============================================================
[2025-06-09T06:31:38.345+0000] {subprocess.py:93} INFO - ⏸️ No messages for 70.1s, checking for completion...
[2025-06-09T06:31:38.357+0000] {subprocess.py:93} INFO - 
[2025-06-09T06:31:38.357+0000] {subprocess.py:93} INFO - ============================================================
[2025-06-09T06:31:38.358+0000] {subprocess.py:93} INFO - 📊 REAL-TIME E-COMMERCE DASHBOARD
[2025-06-09T06:31:38.359+0000] {subprocess.py:93} INFO - ============================================================
[2025-06-09T06:31:38.359+0000] {subprocess.py:93} INFO - 👀 Total Views: 68
[2025-06-09T06:31:38.360+0000] {subprocess.py:93} INFO - 🛒 Total Cart Adds: 22
[2025-06-09T06:31:38.360+0000] {subprocess.py:93} INFO - ❤️  Total Wishlist Adds: 13
[2025-06-09T06:31:38.360+0000] {subprocess.py:93} INFO - 📦 Total Orders: 17
[2025-06-09T06:31:38.360+0000] {subprocess.py:93} INFO - 💰 Total Revenue: $36259.46000000001
[2025-06-09T06:31:38.360+0000] {subprocess.py:93} INFO - 🕐 Last Updated: 2025-06-09T06:31:38.349465
[2025-06-09T06:31:38.361+0000] {subprocess.py:93} INFO - 
[2025-06-09T06:31:38.361+0000] {subprocess.py:93} INFO - 🔥 Recent Orders:
[2025-06-09T06:31:38.361+0000] {subprocess.py:93} INFO -   • order_24119: $1999.99 (1 items)
[2025-06-09T06:31:38.362+0000] {subprocess.py:93} INFO -   • order_17004: $299.98 (1 items)
[2025-06-09T06:31:38.362+0000] {subprocess.py:93} INFO -   • order_78370: $2299.96 (2 items)
[2025-06-09T06:31:38.362+0000] {subprocess.py:93} INFO -   • order_41744: $2399.97 (2 items)
[2025-06-09T06:31:38.363+0000] {subprocess.py:93} INFO -   • order_89656: $1339.95 (4 items)
[2025-06-09T06:31:38.363+0000] {subprocess.py:93} INFO - ============================================================
[2025-06-09T06:31:43.363+0000] {subprocess.py:93} INFO - ⏸️ No messages for 75.1s, checking for completion...
[2025-06-09T06:31:43.383+0000] {subprocess.py:93} INFO - 
[2025-06-09T06:31:43.383+0000] {subprocess.py:93} INFO - ============================================================
[2025-06-09T06:31:43.384+0000] {subprocess.py:93} INFO - 📊 REAL-TIME E-COMMERCE DASHBOARD
[2025-06-09T06:31:43.384+0000] {subprocess.py:93} INFO - ============================================================
[2025-06-09T06:31:43.384+0000] {subprocess.py:93} INFO - 👀 Total Views: 68
[2025-06-09T06:31:43.385+0000] {subprocess.py:93} INFO - 🛒 Total Cart Adds: 22
[2025-06-09T06:31:43.385+0000] {subprocess.py:93} INFO - ❤️  Total Wishlist Adds: 13
[2025-06-09T06:31:43.386+0000] {subprocess.py:93} INFO - 📦 Total Orders: 17
[2025-06-09T06:31:43.386+0000] {subprocess.py:93} INFO - 💰 Total Revenue: $36259.46000000001
[2025-06-09T06:31:43.386+0000] {subprocess.py:93} INFO - 🕐 Last Updated: 2025-06-09T06:31:43.368297
[2025-06-09T06:31:43.387+0000] {subprocess.py:93} INFO - 
[2025-06-09T06:31:43.387+0000] {subprocess.py:93} INFO - 🔥 Recent Orders:
[2025-06-09T06:31:43.387+0000] {subprocess.py:93} INFO -   • order_24119: $1999.99 (1 items)
[2025-06-09T06:31:43.388+0000] {subprocess.py:93} INFO -   • order_17004: $299.98 (1 items)
[2025-06-09T06:31:43.388+0000] {subprocess.py:93} INFO -   • order_78370: $2299.96 (2 items)
[2025-06-09T06:31:43.388+0000] {subprocess.py:93} INFO -   • order_41744: $2399.97 (2 items)
[2025-06-09T06:31:43.388+0000] {subprocess.py:93} INFO -   • order_89656: $1339.95 (4 items)
[2025-06-09T06:31:43.389+0000] {subprocess.py:93} INFO - ============================================================
[2025-06-09T06:31:48.373+0000] {subprocess.py:93} INFO - ⏸️ No messages for 80.2s, checking for completion...
[2025-06-09T06:31:48.386+0000] {subprocess.py:93} INFO - 
[2025-06-09T06:31:48.388+0000] {subprocess.py:93} INFO - ============================================================
[2025-06-09T06:31:48.388+0000] {subprocess.py:93} INFO - 📊 REAL-TIME E-COMMERCE DASHBOARD
[2025-06-09T06:31:48.389+0000] {subprocess.py:93} INFO - ============================================================
[2025-06-09T06:31:48.389+0000] {subprocess.py:93} INFO - 👀 Total Views: 68
[2025-06-09T06:31:48.390+0000] {subprocess.py:93} INFO - 🛒 Total Cart Adds: 22
[2025-06-09T06:31:48.390+0000] {subprocess.py:93} INFO - ❤️  Total Wishlist Adds: 13
[2025-06-09T06:31:48.391+0000] {subprocess.py:93} INFO - 📦 Total Orders: 17
[2025-06-09T06:31:48.392+0000] {subprocess.py:93} INFO - 💰 Total Revenue: $36259.46000000001
[2025-06-09T06:31:48.392+0000] {subprocess.py:93} INFO - 🕐 Last Updated: 2025-06-09T06:31:48.377613
[2025-06-09T06:31:48.393+0000] {subprocess.py:93} INFO - 
[2025-06-09T06:31:48.393+0000] {subprocess.py:93} INFO - 🔥 Recent Orders:
[2025-06-09T06:31:48.393+0000] {subprocess.py:93} INFO -   • order_24119: $1999.99 (1 items)
[2025-06-09T06:31:48.393+0000] {subprocess.py:93} INFO -   • order_17004: $299.98 (1 items)
[2025-06-09T06:31:48.394+0000] {subprocess.py:93} INFO -   • order_78370: $2299.96 (2 items)
[2025-06-09T06:31:48.395+0000] {subprocess.py:93} INFO -   • order_41744: $2399.97 (2 items)
[2025-06-09T06:31:48.395+0000] {subprocess.py:93} INFO -   • order_89656: $1339.95 (4 items)
[2025-06-09T06:31:48.395+0000] {subprocess.py:93} INFO - ============================================================
[2025-06-09T06:31:53.386+0000] {subprocess.py:93} INFO - ⏸️ No messages for 85.2s, checking for completion...
[2025-06-09T06:31:53.395+0000] {subprocess.py:93} INFO - 
[2025-06-09T06:31:53.395+0000] {subprocess.py:93} INFO - ============================================================
[2025-06-09T06:31:53.396+0000] {subprocess.py:93} INFO - 📊 REAL-TIME E-COMMERCE DASHBOARD
[2025-06-09T06:31:53.396+0000] {subprocess.py:93} INFO - ============================================================
[2025-06-09T06:31:53.396+0000] {subprocess.py:93} INFO - 👀 Total Views: 68
[2025-06-09T06:31:53.397+0000] {subprocess.py:93} INFO - 🛒 Total Cart Adds: 22
[2025-06-09T06:31:53.397+0000] {subprocess.py:93} INFO - ❤️  Total Wishlist Adds: 13
[2025-06-09T06:31:53.398+0000] {subprocess.py:93} INFO - 📦 Total Orders: 17
[2025-06-09T06:31:53.398+0000] {subprocess.py:93} INFO - 💰 Total Revenue: $36259.46000000001
[2025-06-09T06:31:53.398+0000] {subprocess.py:93} INFO - 🕐 Last Updated: 2025-06-09T06:31:53.390249
[2025-06-09T06:31:53.399+0000] {subprocess.py:93} INFO - 
[2025-06-09T06:31:53.399+0000] {subprocess.py:93} INFO - 🔥 Recent Orders:
[2025-06-09T06:31:53.399+0000] {subprocess.py:93} INFO -   • order_24119: $1999.99 (1 items)
[2025-06-09T06:31:53.399+0000] {subprocess.py:93} INFO -   • order_17004: $299.98 (1 items)
[2025-06-09T06:31:53.399+0000] {subprocess.py:93} INFO -   • order_78370: $2299.96 (2 items)
[2025-06-09T06:31:53.399+0000] {subprocess.py:93} INFO -   • order_41744: $2399.97 (2 items)
[2025-06-09T06:31:53.400+0000] {subprocess.py:93} INFO -   • order_89656: $1339.95 (4 items)
[2025-06-09T06:31:53.400+0000] {subprocess.py:93} INFO - ============================================================
[2025-06-09T06:31:53.400+0000] {subprocess.py:93} INFO - ⏰ Timeout reached (90s), stopping consumer
[2025-06-09T06:31:53.400+0000] {subprocess.py:93} INFO - 2025-06-09 06:31:53,396 - kafka.coordinator.heartbeat - INFO - Stopping heartbeat thread
[2025-06-09T06:31:56.410+0000] {subprocess.py:93} INFO - 2025-06-09 06:31:56,407 - kafka.coordinator.heartbeat - WARNING - Heartbeat thread did not fully terminate during close
[2025-06-09T06:31:56.415+0000] {subprocess.py:93} INFO - 2025-06-09 06:31:56,414 - kafka.coordinator - INFO - Leaving consumer group (ecommerce-analytics-20250609).
[2025-06-09T06:31:56.431+0000] {subprocess.py:93} INFO - 2025-06-09 06:31:56,431 - kafka.coordinator - INFO - LeaveGroup request for group ecommerce-analytics-20250609 returned successfully
[2025-06-09T06:31:56.433+0000] {subprocess.py:93} INFO - 2025-06-09 06:31:56,432 - kafka.conn - INFO - <BrokerConnection client_id=kafka-python-2.2.11, node_id=1 host=kafka:29092 <connected> [IPv4 ('172.18.0.5', 29092)]>: Closing connection.
[2025-06-09T06:31:56.433+0000] {subprocess.py:93} INFO - 2025-06-09 06:31:56,433 - kafka.conn - INFO - <BrokerConnection client_id=kafka-python-2.2.11, node_id=coordinator-1 host=kafka:29092 <connected> [IPv4 ('172.18.0.5', 29092)]>: Closing connection.
[2025-06-09T06:31:56.434+0000] {subprocess.py:93} INFO - ✅ Kafka consumer closed
[2025-06-09T06:31:56.434+0000] {subprocess.py:93} INFO - ✅ Redis connection closed
[2025-06-09T06:31:56.435+0000] {subprocess.py:93} INFO - 👋 Consumer completed after processing 20 messages in 96.5 seconds
[2025-06-09T06:31:56.436+0000] {subprocess.py:93} INFO - 
[2025-06-09T06:31:56.436+0000] {subprocess.py:93} INFO - ============================================================
[2025-06-09T06:31:56.436+0000] {subprocess.py:93} INFO - 📊 REAL-TIME E-COMMERCE DASHBOARD
[2025-06-09T06:31:56.437+0000] {subprocess.py:93} INFO - ============================================================
[2025-06-09T06:31:56.437+0000] {subprocess.py:93} INFO - 👀 Total Views: 68
[2025-06-09T06:31:56.437+0000] {subprocess.py:93} INFO - 🛒 Total Cart Adds: 22
[2025-06-09T06:31:56.438+0000] {subprocess.py:93} INFO - ❤️  Total Wishlist Adds: 13
[2025-06-09T06:31:56.438+0000] {subprocess.py:93} INFO - 📦 Total Orders: 17
[2025-06-09T06:31:56.438+0000] {subprocess.py:93} INFO - 💰 Total Revenue: $36259.46000000001
[2025-06-09T06:31:56.438+0000] {subprocess.py:93} INFO - 🕐 Last Updated: 2025-06-09T06:31:56.436307
[2025-06-09T06:31:56.439+0000] {subprocess.py:93} INFO - 
[2025-06-09T06:31:56.439+0000] {subprocess.py:93} INFO - 🔥 Recent Orders:
[2025-06-09T06:31:56.439+0000] {subprocess.py:93} INFO -   • order_24119: $1999.99 (1 items)
[2025-06-09T06:31:56.439+0000] {subprocess.py:93} INFO -   • order_17004: $299.98 (1 items)
[2025-06-09T06:31:56.440+0000] {subprocess.py:93} INFO -   • order_78370: $2299.96 (2 items)
[2025-06-09T06:31:56.440+0000] {subprocess.py:93} INFO -   • order_41744: $2399.97 (2 items)
[2025-06-09T06:31:56.440+0000] {subprocess.py:93} INFO -   • order_89656: $1339.95 (4 items)
[2025-06-09T06:31:56.440+0000] {subprocess.py:93} INFO - ============================================================
[2025-06-09T06:31:56.532+0000] {subprocess.py:97} INFO - Command exited with return code 0
[2025-06-09T06:31:56.582+0000] {taskinstance.py:1138} INFO - Marking task as SUCCESS. dag_id=kafka_ecommerce_pipeline, task_id=run_kafka_consumer, execution_date=20250609T062500, start_date=20250609T063019, end_date=20250609T063156
[2025-06-09T06:31:56.627+0000] {local_task_job_runner.py:234} INFO - Task exited with return code 0
[2025-06-09T06:31:56.661+0000] {taskinstance.py:3280} INFO - 1 downstream tasks scheduled from follow-on schedule check
