[2025-06-09T09:51:29.131+0000] {taskinstance.py:1956} INFO - Dependencies all met for dep_context=non-requeueable deps ti=<TaskInstance: kafka_ecommerce_pipeline.run_kafka_producer scheduled__2025-06-09T09:50:00+00:00 [queued]>
[2025-06-09T09:51:29.135+0000] {taskinstance.py:1956} INFO - Dependencies all met for dep_context=requeueable deps ti=<TaskInstance: kafka_ecommerce_pipeline.run_kafka_producer scheduled__2025-06-09T09:50:00+00:00 [queued]>
[2025-06-09T09:51:29.136+0000] {taskinstance.py:2170} INFO - Starting attempt 1 of 3
[2025-06-09T09:51:29.141+0000] {taskinstance.py:2191} INFO - Executing <Task(BashOperator): run_kafka_producer> on 2025-06-09 09:50:00+00:00
[2025-06-09T09:51:29.145+0000] {standard_task_runner.py:60} INFO - Started process 576 to run task
[2025-06-09T09:51:29.148+0000] {standard_task_runner.py:87} INFO - Running: ['***', 'tasks', 'run', 'kafka_ecommerce_pipeline', 'run_kafka_producer', 'scheduled__2025-06-09T09:50:00+00:00', '--job-id', '41', '--raw', '--subdir', 'DAGS_FOLDER/kafka_data_pipeline.py', '--cfg-path', '/tmp/tmpi1vpjgvy']
[2025-06-09T09:51:29.150+0000] {standard_task_runner.py:88} INFO - Job 41: Subtask run_kafka_producer
[2025-06-09T09:51:29.200+0000] {task_command.py:423} INFO - Running <TaskInstance: kafka_ecommerce_pipeline.run_kafka_producer scheduled__2025-06-09T09:50:00+00:00 [running]> on host e695025acf97
[2025-06-09T09:51:29.246+0000] {taskinstance.py:2480} INFO - Exporting env vars: AIRFLOW_CTX_DAG_OWNER='data-engineering-team' AIRFLOW_CTX_DAG_ID='kafka_ecommerce_pipeline' AIRFLOW_CTX_TASK_ID='run_kafka_producer' AIRFLOW_CTX_EXECUTION_DATE='2025-06-09T09:50:00+00:00' AIRFLOW_CTX_TRY_NUMBER='1' AIRFLOW_CTX_DAG_RUN_ID='scheduled__2025-06-09T09:50:00+00:00'
[2025-06-09T09:51:29.248+0000] {subprocess.py:63} INFO - Tmp dir root location: /tmp
[2025-06-09T09:51:29.250+0000] {subprocess.py:75} INFO - Running command: ['/usr/bin/bash', '-c', 'cd /opt/***/ecom_etl/ && python kafka_scripts/producer.py']
[2025-06-09T09:51:29.258+0000] {subprocess.py:86} INFO - Output:
[2025-06-09T09:51:29.633+0000] {subprocess.py:93} INFO - 🚀 Starting E-Commerce Event Producer
[2025-06-09T09:51:29.635+0000] {subprocess.py:93} INFO - 🔗 Kafka Bootstrap Servers: kafka:29092
[2025-06-09T09:51:29.635+0000] {subprocess.py:93} INFO - 🚀 Initializing Kafka producer with bootstrap servers: kafka:29092
[2025-06-09T09:51:29.682+0000] {subprocess.py:93} INFO - ⚠️ Error creating topics: [Error 36] TopicAlreadyExistsError: Request 'CreateTopicsRequest_v3(create_topic_requests=[(topic='ecommerce.product.views', num_partitions=3, replication_factor=1, replica_assignment=[], configs=[]), (topic='ecommerce.cart.add', num_partitions=3, replication_factor=1, replica_assignment=[], configs=[]), (topic='ecommerce.wishlist.add', num_partitions=3, replication_factor=1, replica_assignment=[], configs=[]), (topic='ecommerce.orders.completed', num_partitions=3, replication_factor=1, replica_assignment=[], configs=[])], timeout=30000, validate_only=False)' failed with response 'CreateTopicsResponse_v3(throttle_time_ms=0, topic_errors=[(topic='ecommerce.product.views', error_code=36, error_message="Topic 'ecommerce.product.views' already exists."), (topic='ecommerce.cart.add', error_code=36, error_message="Topic 'ecommerce.cart.add' already exists."), (topic='ecommerce.wishlist.add', error_code=36, error_message="Topic 'ecommerce.wishlist.add' already exists."), (topic='ecommerce.orders.completed', error_code=36, error_message="Topic 'ecommerce.orders.completed' already exists.")])'.
[2025-06-09T09:51:29.759+0000] {subprocess.py:93} INFO - ✅ Successfully connected to Kafka
[2025-06-09T09:51:29.760+0000] {subprocess.py:93} INFO - 📤 Sending 50 sample events...
[2025-06-09T09:51:29.843+0000] {subprocess.py:93} INFO - ✅ Sent to ecommerce.orders.completed: order_completed (partition: 1, offset: 5)
[2025-06-09T09:51:29.949+0000] {subprocess.py:93} INFO - ✅ Sent to ecommerce.product.views: product_view (partition: 0, offset: 43)
[2025-06-09T09:51:30.083+0000] {subprocess.py:93} INFO - ✅ Sent to ecommerce.product.views: product_view (partition: 2, offset: 41)
[2025-06-09T09:51:30.202+0000] {subprocess.py:93} INFO - ✅ Sent to ecommerce.cart.add: add_to_cart (partition: 2, offset: 22)
[2025-06-09T09:51:30.310+0000] {subprocess.py:93} INFO - ✅ Sent to ecommerce.product.views: product_view (partition: 2, offset: 42)
[2025-06-09T09:51:30.413+0000] {subprocess.py:93} INFO - ✅ Sent to ecommerce.product.views: product_view (partition: 2, offset: 43)
[2025-06-09T09:51:30.519+0000] {subprocess.py:93} INFO - ✅ Sent to ecommerce.cart.add: add_to_cart (partition: 1, offset: 19)
[2025-06-09T09:51:30.630+0000] {subprocess.py:93} INFO - ✅ Sent to ecommerce.wishlist.add: add_to_wishlist (partition: 0, offset: 10)
[2025-06-09T09:51:30.740+0000] {subprocess.py:93} INFO - ✅ Sent to ecommerce.product.views: product_view (partition: 2, offset: 44)
[2025-06-09T09:51:30.847+0000] {subprocess.py:93} INFO - ✅ Sent to ecommerce.cart.add: add_to_cart (partition: 0, offset: 24)
[2025-06-09T09:51:30.948+0000] {subprocess.py:93} INFO - 📊 Sent 10/50 events...
[2025-06-09T09:51:30.961+0000] {subprocess.py:93} INFO - ✅ Sent to ecommerce.orders.completed: order_completed (partition: 0, offset: 6)
[2025-06-09T09:51:31.118+0000] {subprocess.py:93} INFO - ✅ Sent to ecommerce.product.views: product_view (partition: 0, offset: 44)
[2025-06-09T09:51:31.222+0000] {subprocess.py:93} INFO - ✅ Sent to ecommerce.cart.add: add_to_cart (partition: 2, offset: 23)
[2025-06-09T09:51:31.324+0000] {subprocess.py:93} INFO - ✅ Sent to ecommerce.product.views: product_view (partition: 2, offset: 45)
[2025-06-09T09:51:31.431+0000] {subprocess.py:93} INFO - ✅ Sent to ecommerce.wishlist.add: add_to_wishlist (partition: 1, offset: 9)
[2025-06-09T09:51:31.535+0000] {subprocess.py:93} INFO - ✅ Sent to ecommerce.cart.add: add_to_cart (partition: 2, offset: 24)
[2025-06-09T09:51:31.648+0000] {subprocess.py:93} INFO - ✅ Sent to ecommerce.product.views: product_view (partition: 2, offset: 46)
[2025-06-09T09:51:31.756+0000] {subprocess.py:93} INFO - ✅ Sent to ecommerce.product.views: product_view (partition: 1, offset: 41)
[2025-06-09T09:51:31.864+0000] {subprocess.py:93} INFO - ✅ Sent to ecommerce.cart.add: add_to_cart (partition: 0, offset: 25)
[2025-06-09T09:51:31.969+0000] {subprocess.py:93} INFO - ✅ Sent to ecommerce.product.views: product_view (partition: 0, offset: 45)
[2025-06-09T09:51:32.071+0000] {subprocess.py:93} INFO - 📊 Sent 20/50 events...
[2025-06-09T09:51:32.078+0000] {subprocess.py:93} INFO - ✅ Sent to ecommerce.orders.completed: order_completed (partition: 0, offset: 7)
[2025-06-09T09:51:32.187+0000] {subprocess.py:93} INFO - ✅ Sent to ecommerce.wishlist.add: add_to_wishlist (partition: 2, offset: 16)
[2025-06-09T09:51:32.305+0000] {subprocess.py:93} INFO - ✅ Sent to ecommerce.product.views: product_view (partition: 1, offset: 42)
[2025-06-09T09:51:32.407+0000] {subprocess.py:93} INFO - ✅ Sent to ecommerce.product.views: product_view (partition: 0, offset: 46)
[2025-06-09T09:51:32.516+0000] {subprocess.py:93} INFO - ✅ Sent to ecommerce.cart.add: add_to_cart (partition: 1, offset: 20)
[2025-06-09T09:51:32.621+0000] {subprocess.py:93} INFO - ✅ Sent to ecommerce.product.views: product_view (partition: 1, offset: 43)
[2025-06-09T09:51:32.728+0000] {subprocess.py:93} INFO - ✅ Sent to ecommerce.product.views: product_view (partition: 2, offset: 47)
[2025-06-09T09:51:32.830+0000] {subprocess.py:93} INFO - ✅ Sent to ecommerce.cart.add: add_to_cart (partition: 1, offset: 21)
[2025-06-09T09:51:32.934+0000] {subprocess.py:93} INFO - ✅ Sent to ecommerce.wishlist.add: add_to_wishlist (partition: 2, offset: 17)
[2025-06-09T09:51:33.040+0000] {subprocess.py:93} INFO - ✅ Sent to ecommerce.product.views: product_view (partition: 0, offset: 47)
[2025-06-09T09:51:33.142+0000] {subprocess.py:93} INFO - 📊 Sent 30/50 events...
[2025-06-09T09:51:33.144+0000] {subprocess.py:93} INFO - ✅ Sent to ecommerce.orders.completed: order_completed (partition: 1, offset: 6)
[2025-06-09T09:51:33.248+0000] {subprocess.py:93} INFO - ✅ Sent to ecommerce.product.views: product_view (partition: 2, offset: 48)
[2025-06-09T09:51:33.350+0000] {subprocess.py:93} INFO - ✅ Sent to ecommerce.product.views: product_view (partition: 2, offset: 49)
[2025-06-09T09:51:33.454+0000] {subprocess.py:93} INFO - ✅ Sent to ecommerce.cart.add: add_to_cart (partition: 1, offset: 22)
[2025-06-09T09:51:33.562+0000] {subprocess.py:93} INFO - ✅ Sent to ecommerce.product.views: product_view (partition: 1, offset: 44)
[2025-06-09T09:51:33.674+0000] {subprocess.py:93} INFO - ✅ Sent to ecommerce.wishlist.add: add_to_wishlist (partition: 2, offset: 18)
[2025-06-09T09:51:33.780+0000] {subprocess.py:93} INFO - ✅ Sent to ecommerce.cart.add: add_to_cart (partition: 1, offset: 23)
[2025-06-09T09:51:33.888+0000] {subprocess.py:93} INFO - ✅ Sent to ecommerce.product.views: product_view (partition: 2, offset: 50)
[2025-06-09T09:51:34.002+0000] {subprocess.py:93} INFO - ✅ Sent to ecommerce.product.views: product_view (partition: 0, offset: 48)
[2025-06-09T09:51:34.112+0000] {subprocess.py:93} INFO - ✅ Sent to ecommerce.cart.add: add_to_cart (partition: 2, offset: 25)
[2025-06-09T09:51:34.214+0000] {subprocess.py:93} INFO - 📊 Sent 40/50 events...
[2025-06-09T09:51:34.217+0000] {subprocess.py:93} INFO - ✅ Sent to ecommerce.orders.completed: order_completed (partition: 0, offset: 8)
[2025-06-09T09:51:34.320+0000] {subprocess.py:93} INFO - ✅ Sent to ecommerce.product.views: product_view (partition: 2, offset: 51)
[2025-06-09T09:51:34.423+0000] {subprocess.py:93} INFO - ✅ Sent to ecommerce.wishlist.add: add_to_wishlist (partition: 0, offset: 11)
[2025-06-09T09:51:34.527+0000] {subprocess.py:93} INFO - ✅ Sent to ecommerce.product.views: product_view (partition: 0, offset: 49)
[2025-06-09T09:51:34.634+0000] {subprocess.py:93} INFO - ✅ Sent to ecommerce.product.views: product_view (partition: 0, offset: 50)
[2025-06-09T09:51:34.740+0000] {subprocess.py:93} INFO - ✅ Sent to ecommerce.cart.add: add_to_cart (partition: 2, offset: 26)
[2025-06-09T09:51:34.845+0000] {subprocess.py:93} INFO - ✅ Sent to ecommerce.product.views: product_view (partition: 2, offset: 52)
[2025-06-09T09:51:34.955+0000] {subprocess.py:93} INFO - ✅ Sent to ecommerce.product.views: product_view (partition: 2, offset: 53)
[2025-06-09T09:51:35.066+0000] {subprocess.py:93} INFO - ✅ Sent to ecommerce.cart.add: add_to_cart (partition: 1, offset: 24)
[2025-06-09T09:51:35.169+0000] {subprocess.py:93} INFO - ✅ Sent to ecommerce.wishlist.add: add_to_wishlist (partition: 2, offset: 19)
[2025-06-09T09:51:35.273+0000] {subprocess.py:93} INFO - 📊 Sent 50/50 events...
[2025-06-09T09:51:35.274+0000] {subprocess.py:93} INFO - ✅ Batch complete: 50 events sent successfully
[2025-06-09T09:51:35.276+0000] {subprocess.py:93} INFO - ✅ Producer closed successfully
[2025-06-09T09:51:35.345+0000] {subprocess.py:97} INFO - Command exited with return code 0
[2025-06-09T09:51:35.372+0000] {taskinstance.py:1138} INFO - Marking task as SUCCESS. dag_id=kafka_ecommerce_pipeline, task_id=run_kafka_producer, execution_date=20250609T095000, start_date=20250609T095129, end_date=20250609T095135
[2025-06-09T09:51:35.422+0000] {local_task_job_runner.py:234} INFO - Task exited with return code 0
[2025-06-09T09:51:35.451+0000] {taskinstance.py:3280} INFO - 1 downstream tasks scheduled from follow-on schedule check
