[2025-06-09T15:58:16.430+0000] {taskinstance.py:1956} INFO - Dependencies all met for dep_context=non-requeueable deps ti=<TaskInstance: kafka_ecommerce_pipeline.cleanup_and_complete scheduled__2025-06-09T15:56:00+00:00 [queued]>
[2025-06-09T15:58:16.435+0000] {taskinstance.py:1956} INFO - Dependencies all met for dep_context=requeueable deps ti=<TaskInstance: kafka_ecommerce_pipeline.cleanup_and_complete scheduled__2025-06-09T15:56:00+00:00 [queued]>
[2025-06-09T15:58:16.436+0000] {taskinstance.py:2170} INFO - Starting attempt 1 of 3
[2025-06-09T15:58:16.442+0000] {taskinstance.py:2191} INFO - Executing <Task(BashOperator): cleanup_and_complete> on 2025-06-09 15:56:00+00:00
[2025-06-09T15:58:16.445+0000] {standard_task_runner.py:60} INFO - Started process 3074 to run task
[2025-06-09T15:58:16.447+0000] {standard_task_runner.py:87} INFO - Running: ['***', 'tasks', 'run', 'kafka_ecommerce_pipeline', 'cleanup_and_complete', 'scheduled__2025-06-09T15:56:00+00:00', '--job-id', '375', '--raw', '--subdir', 'DAGS_FOLDER/kafka_data_pipeline.py', '--cfg-path', '/tmp/tmp7hg5trsj']
[2025-06-09T15:58:16.448+0000] {standard_task_runner.py:88} INFO - Job 375: Subtask cleanup_and_complete
[2025-06-09T15:58:16.475+0000] {task_command.py:423} INFO - Running <TaskInstance: kafka_ecommerce_pipeline.cleanup_and_complete scheduled__2025-06-09T15:56:00+00:00 [running]> on host ed7c78a1ebb0
[2025-06-09T15:58:16.517+0000] {taskinstance.py:2480} INFO - Exporting env vars: AIRFLOW_CTX_DAG_OWNER='data-engineering-team' AIRFLOW_CTX_DAG_ID='kafka_ecommerce_pipeline' AIRFLOW_CTX_TASK_ID='cleanup_and_complete' AIRFLOW_CTX_EXECUTION_DATE='2025-06-09T15:56:00+00:00' AIRFLOW_CTX_TRY_NUMBER='1' AIRFLOW_CTX_DAG_RUN_ID='scheduled__2025-06-09T15:56:00+00:00'
[2025-06-09T15:58:16.518+0000] {subprocess.py:63} INFO - Tmp dir root location: /tmp
[2025-06-09T15:58:16.519+0000] {subprocess.py:75} INFO - Running command: ['/usr/bin/bash', '-c', '\necho "🧹 Performing cleanup..."\necho "📈 Kafka E-commerce Pipeline completed successfully at $(date)"\necho "🎯 Check Redis for real-time analytics data (Consumer is always running)"\necho "✅ DAG execution finished"']
[2025-06-09T15:58:16.529+0000] {subprocess.py:86} INFO - Output:
[2025-06-09T15:58:16.531+0000] {subprocess.py:93} INFO - 🧹 Performing cleanup...
[2025-06-09T15:58:16.532+0000] {subprocess.py:93} INFO - 📈 Kafka E-commerce Pipeline completed successfully at Mon Jun  9 15:58:16 UTC 2025
[2025-06-09T15:58:16.533+0000] {subprocess.py:93} INFO - 🎯 Check Redis for real-time analytics data (Consumer is always running)
[2025-06-09T15:58:16.533+0000] {subprocess.py:93} INFO - ✅ DAG execution finished
[2025-06-09T15:58:16.533+0000] {subprocess.py:97} INFO - Command exited with return code 0
[2025-06-09T15:58:16.548+0000] {taskinstance.py:1138} INFO - Marking task as SUCCESS. dag_id=kafka_ecommerce_pipeline, task_id=cleanup_and_complete, execution_date=20250609T155600, start_date=20250609T155816, end_date=20250609T155816
[2025-06-09T15:58:16.588+0000] {local_task_job_runner.py:234} INFO - Task exited with return code 0
[2025-06-09T15:58:16.598+0000] {taskinstance.py:3280} INFO - 0 downstream tasks scheduled from follow-on schedule check
