[2025-06-09T05:57:06.470+0000] {taskinstance.py:1956} INFO - Dependencies all met for dep_context=non-requeueable deps ti=<TaskInstance: kafka_ecommerce_pipeline.cleanup_and_complete scheduled__2025-06-09T05:45:00+00:00 [queued]>
[2025-06-09T05:57:06.477+0000] {taskinstance.py:1956} INFO - Dependencies all met for dep_context=requeueable deps ti=<TaskInstance: kafka_ecommerce_pipeline.cleanup_and_complete scheduled__2025-06-09T05:45:00+00:00 [queued]>
[2025-06-09T05:57:06.477+0000] {taskinstance.py:2170} INFO - Starting attempt 1 of 3
[2025-06-09T05:57:06.494+0000] {taskinstance.py:2191} INFO - Executing <Task(BashOperator): cleanup_and_complete> on 2025-06-09 05:45:00+00:00
[2025-06-09T05:57:06.503+0000] {standard_task_runner.py:60} INFO - Started process 244 to run task
[2025-06-09T05:57:06.506+0000] {standard_task_runner.py:87} INFO - Running: ['***', 'tasks', 'run', 'kafka_ecommerce_pipeline', 'cleanup_and_complete', 'scheduled__2025-06-09T05:45:00+00:00', '--job-id', '10', '--raw', '--subdir', 'DAGS_FOLDER/kafka_data_pipeline.py', '--cfg-path', '/tmp/tmphxlt6ys6']
[2025-06-09T05:57:06.507+0000] {standard_task_runner.py:88} INFO - Job 10: Subtask cleanup_and_complete
[2025-06-09T05:57:06.554+0000] {task_command.py:423} INFO - Running <TaskInstance: kafka_ecommerce_pipeline.cleanup_and_complete scheduled__2025-06-09T05:45:00+00:00 [running]> on host a66d86572bec
[2025-06-09T05:57:06.602+0000] {taskinstance.py:2480} INFO - Exporting env vars: AIRFLOW_CTX_DAG_OWNER='data-engineering-team' AIRFLOW_CTX_DAG_ID='kafka_ecommerce_pipeline' AIRFLOW_CTX_TASK_ID='cleanup_and_complete' AIRFLOW_CTX_EXECUTION_DATE='2025-06-09T05:45:00+00:00' AIRFLOW_CTX_TRY_NUMBER='1' AIRFLOW_CTX_DAG_RUN_ID='scheduled__2025-06-09T05:45:00+00:00'
[2025-06-09T05:57:06.603+0000] {subprocess.py:63} INFO - Tmp dir root location: /tmp
[2025-06-09T05:57:06.604+0000] {subprocess.py:75} INFO - Running command: ['/usr/bin/bash', '-c', '\n    echo "🧹 Performing cleanup..."\n    echo "📈 Kafka E-commerce Pipeline completed successfully at $(date)"\n    echo "🎯 Check Redis for real-time analytics data"\n    echo "✅ DAG execution finished"\n    ']
[2025-06-09T05:57:06.616+0000] {subprocess.py:86} INFO - Output:
[2025-06-09T05:57:06.618+0000] {subprocess.py:93} INFO - 🧹 Performing cleanup...
[2025-06-09T05:57:06.623+0000] {subprocess.py:93} INFO - 📈 Kafka E-commerce Pipeline completed successfully at Mon Jun  9 05:57:06 UTC 2025
[2025-06-09T05:57:06.624+0000] {subprocess.py:93} INFO - 🎯 Check Redis for real-time analytics data
[2025-06-09T05:57:06.624+0000] {subprocess.py:93} INFO - ✅ DAG execution finished
[2025-06-09T05:57:06.624+0000] {subprocess.py:97} INFO - Command exited with return code 0
[2025-06-09T05:57:06.637+0000] {taskinstance.py:1138} INFO - Marking task as SUCCESS. dag_id=kafka_ecommerce_pipeline, task_id=cleanup_and_complete, execution_date=20250609T054500, start_date=20250609T055706, end_date=20250609T055706
[2025-06-09T05:57:06.692+0000] {local_task_job_runner.py:234} INFO - Task exited with return code 0
[2025-06-09T05:57:06.705+0000] {taskinstance.py:3280} INFO - 0 downstream tasks scheduled from follow-on schedule check
